Started by user [8mha:////4AvbKtqCpWGC4/9vlaAOyQD+y56HOfLOpPpkD7K9YRsAAAAAlx+LCAAAAAAAAP9b85aBtbiIQTGjNKU4P08vOT+vOD8nVc83PyU1x6OyILUoJzMv2y+/JJUBAhiZGBgqihhk0NSjKDWzXb3RdlLBUSYGJk8GtpzUvPSSDB8G5tKinBIGIZ+sxLJE/ZzEvHT94JKizLx0a6BxUmjGOUNodHsLgAzWEgZu/dLi1CL9xJTczDwAj6GcLcAAAAA=[0madmin
Running as SYSTEM
Building in workspace /var/root/.jenkins/workspace/data-zhongguofeng
using credential root
 > git rev-parse --is-inside-work-tree # timeout=10
Fetching changes from the remote Git repository
 > git config remote.origin.url git@github.com:kirinisland/datapipe.git # timeout=10
Fetching upstream changes from git@github.com:kirinisland/datapipe.git
 > git --version # timeout=10
using GIT_SSH to set credentials 
 > git fetch --tags --force --progress -- git@github.com:kirinisland/datapipe.git +refs/heads/*:refs/remotes/origin/* # timeout=10
 > git rev-parse refs/remotes/origin/master^{commit} # timeout=10
 > git rev-parse refs/remotes/origin/origin/master^{commit} # timeout=10
Checking out Revision ca49a7d2f48e4a31b3d0bda9a079340aef4fd65b (refs/remotes/origin/master)
 > git config core.sparsecheckout # timeout=10
 > git checkout -f ca49a7d2f48e4a31b3d0bda9a079340aef4fd65b # timeout=10
Commit message: "update sleep time back"
 > git rev-list --no-walk ca49a7d2f48e4a31b3d0bda9a079340aef4fd65b # timeout=10
[data-zhongguofeng] $ /bin/sh -xe /var/folders/zz/zyxvpxvq6csfxvn_n0000000000000/T/jenkins9145282870593090589.sh
+ python3 runner_qq.py --method search --query $'\344\270\255\345\233\275\351\243\216' --output-suffix zhongguofeng --dump-raw 1 --dump-seg 0
INFO:[DataPipeline]:Start crawling for query: ä¸­å›½é£
INFO:[DataPipeline]:Processing playlist page: 0, found 49 playlists
INFO:[DataPipeline]:Processing playlist page: 1, found 49 playlists
INFO:[DataPipeline]:Processing playlist page: 2, found 50 playlists
INFO:[DataPipeline]:Processing playlist page: 3, found 48 playlists
INFO:[DataPipeline]:Processing playlist page: 4, found 48 playlists
INFO:[DataPipeline]:Processing playlist page: 5, found 48 playlists
INFO:[DataPipeline]:Processing playlist page: 6, found 46 playlists
INFO:[DataPipeline]:Processing playlist page: 7, found 45 playlists
INFO:[DataPipeline]:Processing playlist page: 8, found 50 playlists
INFO:[DataPipeline]:Processing playlist page: 9, found 48 playlists
INFO:[DataPipeline]:Processing playlist page: 10, found 48 playlists
INFO:[DataPipeline]:Processing playlist page: 11, found 48 playlists
INFO:[DataPipeline]:Processing playlist page: 12, found 44 playlists
INFO:[DataPipeline]:Processing playlist page: 13, found 43 playlists
INFO:[DataPipeline]:Processing playlist page: 14, found 44 playlists
INFO:[DataPipeline]:Processing playlist page: 15, found 49 playlists
INFO:[DataPipeline]:Processing playlist page: 16, found 40 playlists
INFO:[DataPipeline]:Processing playlist page: 17, found 48 playlists
INFO:[DataPipeline]:Processing playlist page: 18, found 47 playlists
INFO:[DataPipeline]:Processing playlist page: 19, found 45 playlists
INFO:[DataPipeline]:Processing playlist page: 20, found 42 playlists
INFO:[DataPipeline]:Processing playlist page: 21, found 46 playlists
INFO:[DataPipeline]:Processing playlist page: 22, found 41 playlists
INFO:[DataPipeline]:Processing playlist page: 23, found 43 playlists
INFO:[DataPipeline]:Processing playlist page: 24, found 21 playlists
INFO:[DataPipeline]:Processing playlist page: 25, found 21 playlists
INFO:[DataPipeline]:Processing playlist page: 26, found 20 playlists
INFO:[DataPipeline]:Processing playlist page: 27, found 5 playlists
INFO:[DataPipeline]:Processing playlist page: 28, found 21 playlists
INFO:[DataPipeline]:Processing playlist page: 29, found 29 playlists
INFO:[DataPipeline]:Processing playlist page: 30, found 20 playlists
INFO:[DataPipeline]:Processing playlist page: 31, found 21 playlists
INFO:[DataPipeline]:Processing playlist page: 32, found 20 playlists
INFO:[DataPipeline]:Processing playlist page: 33, found 21 playlists
INFO:[DataPipeline]:Processing playlist page: 34, found 21 playlists
INFO:[DataPipeline]:Processing playlist page: 35, found 20 playlists
INFO:[DataPipeline]:Processing playlist page: 36, found 20 playlists
INFO:[DataPipeline]:Processing playlist page: 37, found 16 playlists
INFO:[DataPipeline]:Processing playlist page: 38, found 20 playlists
INFO:[DataPipeline]:Processing playlist page: 39, found 21 playlists
INFO:[DataPipeline]:Processing playlist page: 40, found 21 playlists
INFO:[DataPipeline]:Processing playlist page: 41, found 21 playlists
INFO:[DataPipeline]:Processing playlist page: 42, found 18 playlists
INFO:[DataPipeline]:Processing playlist page: 43, found 17 playlists
INFO:[DataPipeline]:Processing playlist page: 44, found 18 playlists
INFO:[DataPipeline]:Processing playlist page: 45, found 30 playlists
INFO:[DataPipeline]:Processing playlist page: 46, found 21 playlists
INFO:[DataPipeline]:Processing playlist page: 47, found 21 playlists
INFO:[DataPipeline]:Processing playlist page: 48, found 18 playlists
INFO:[DataPipeline]:Processing playlist page: 49, found 21 playlists
INFO:[DataPipeline]:Processing playlist page: 50, found 0 playlists
INFO:[DataPipeline]:Total playlists found about topic: ä¸­å›½é£: 1632
INFO:[DataPipeline]:PlayList: [7440131804] 100é¦–å½±è§†æ­Œæ›²ï¼Œé¢†æ‚Ÿä¸­å›½é£éŸµå‘³ (0/1632) has 100 songs.
INFO:[DataPipeline]:PlayList: [4247108355] å½±è§†å‰§é‡Œçš„ä¸­å›½é£å¯¹å”± (1/1632) has 69 songs.
INFO:[DataPipeline]:PlayList: [4247123729] å½±è§†å‰§é‡Œçš„ä¸­å›½é£ç”·å£° (2/1632) has 88 songs.
INFO:[DataPipeline]:PlayList: [7328419661] ã€Œä¸­å›½é£çº¯éŸ³ã€å€šæ å¬é£ï¼Œå¦‚æ¢¦å¦‚é†‰ (3/1632) has 20 songs.
INFO:[DataPipeline]:PlayList: [7199774015] ä¸­å›½é£&#32;&#124;&#32;ä»™ä¾ ç”µè§†å‰§æ­Œæ›²ç›˜ç‚¹ (4/1632) has 28 songs.
INFO:[DataPipeline]:PlayList: [7096063351] å½±è§†å‰§ä¸­çš„ä¸­å›½é£å¥³å£° (5/1632) has 96 songs.
INFO:[DataPipeline]:PlayList: [6966299000] å½±è§†æ­Œæ›²ä¸­çš„ä¸­å›½é£ (6/1632) has 24 songs.
INFO:[DataPipeline]:PlayList: [7081812527] ä¸­å›½é£&#32;&#124;&#32;ç»å…¸å½±è§†å¤§å…¨ (7/1632) has 64 songs.
INFO:[DataPipeline]:PlayList: [7014439524] ä¸­å›½é£&#32;Â·&#32;ä½•æ—¥å›å†æ¥ (8/1632) has 35 songs.
INFO:[DataPipeline]:PlayList: [7166060330] ä¸­å›½é£ä»£è¡¨ä½œï¼šä¸€äººä¸€é¦–ç»å…¸æ›² (9/1632) has 148 songs.
INFO:[DataPipeline]:Sleep for: 54
INFO:[DataPipeline]:PlayList: [6967276561] æŠšç´ç…®èŒ¶ï¼Œå“ä¸€æ›²é›…è‡´ä¸­å›½é£&#32; (10/1632) has 27 songs.
INFO:[DataPipeline]:PlayList: [6990664122] æŠ–éŸ³çƒ­æ’­ä¸­å›½é£éŸ³ä¹åˆé›† (11/1632) has 24 songs.
INFO:[DataPipeline]:PlayList: [7233780688] ã€ä¸­å›½é£ã€‘å®…å®¶è¿½å¤è£…å‰§å¿…å¤‡ (12/1632) has 26 songs.
INFO:[DataPipeline]:PlayList: [6968595893] ç‹¬ä¸Šå…°èˆŸï¼Œå¯»ä¸€æ›²æ‚ æ‚ ä¸­å›½é£ (13/1632) has 26 songs.
INFO:[DataPipeline]:PlayList: [3512676916] ä¸­å›½é£&#32;&#32;&#32;ç™¾è½¬åƒå›æ¢¦ä¸æ–­ (14/1632) has 15 songs.
INFO:[DataPipeline]:PlayList: [7000774262] ä¸­å›½é£ç¿»å”±&#32;&#58;&#32;æ¸©æ¶¦å…¬å­éŸ³ (15/1632) has 20 songs.
INFO:[DataPipeline]:PlayList: [7371247029] ç‡ƒå‘ä¸­å›½é£&#32;Â·&#32;å¤©ä¸‹é£äº‘å‡ºæˆ‘è¾ˆ (16/1632) has 20 songs.
INFO:[DataPipeline]:PlayList: [7438237151] ä¸­å›½é£çº¯éŸ³&#32;Â·&#32;è‰¯è¾°å¥½æ™¯è™šè®¾ (17/1632) has 27 songs.
INFO:[DataPipeline]:PlayList: [7047529839] ä¾ å®¢ä¸­å›½é£&#32;Â·&#32;åŸåˆ°æ©ä»‡å¿ƒäº‹æ¶Œ (18/1632) has 35 songs.
INFO:[DataPipeline]:PlayList: [7060359081] è¶…çº§è™å¿ƒçš„ä¸­å›½é£å–Šéº¦åˆé›† (19/1632) has 34 songs.
INFO:[DataPipeline]:Sleep for: 153
INFO:[DataPipeline]:PlayList: [7304079503] ä¸­å›½é£çº¯éŸ³&#32;Â·&#32;ä»™ä¾ ä¸–ç•Œé‡Œçš„æ±Ÿæ¹– (20/1632) has 26 songs.
INFO:[DataPipeline]:PlayList: [7001045133] ä¸­å›½é£çº¯éŸ³ä¸¨å‘Šåˆ«å‚é’“æ—¶çš„ç„¦è™‘ç—‡ (21/1632) has 34 songs.
INFO:[DataPipeline]:PlayList: [6946825664] ä¸­å›½é£&#32;Â·&#32;è½èŠ±ç‰‡ç‰‡éšæ°´æµ (22/1632) has 22 songs.
INFO:[DataPipeline]:PlayList: [7010964453] ã€ä¸­å›½é£ã€‘å¦™æ‰‹é’ä¸èŠ±å‰ç»£ (23/1632) has 21 songs.
INFO:[DataPipeline]:PlayList: [7266932006] ä¸­å›½é£çº¯éŸ³ï¼š&#32;ä¸€æ›²ç¬™æ­Œæ‹ç‰ç®« (24/1632) has 30 songs.
INFO:[DataPipeline]:PlayList: [7391629553] è®ºä¸­å›½é£ï¼Œæˆ‘åªæœæ–¹æ–‡å±± (25/1632) has 40 songs.
INFO:[DataPipeline]:PlayList: [7071773405] æœ€ç¾ä¸è¿‡ä¸­å›½é£ï¼Œæœ€å¥½ä¸è¿‡çœ¼å‰äºº (26/1632) has 31 songs.
INFO:[DataPipeline]:PlayList: [7471893906] è¯„è®º999&#43;ä¸­å›½é£è¯´å”±ï¼ˆæŒæ›´ï¼‰ (27/1632) has 47 songs.
INFO:[DataPipeline]:PlayList: [7485461691] ä¸­å›½é£&#32;&#124;&#32;èŒèŒå“’å¤©å›¢æ­Œæ›²åˆé›† (28/1632) has 232 songs.
INFO:[DataPipeline]:PlayList: [7024085381] ä¸­å›½é£&#32;&#124;&#32;æ¾çƒŸå…¥å¢¨ï¼Œç¬”ç”»æ±Ÿå— (29/1632) has 20 songs.
INFO:[DataPipeline]:Sleep for: 74
INFO:[DataPipeline]:PlayList: [7057140649] ä¸­å›½é£&#32;Â·&#32;æœˆä¸‹å¯„ç›¸æ€ (30/1632) has 25 songs.
INFO:[DataPipeline]:PlayList: [7328432127] ä¸­å›½é£&#32;&#124;&#32;å›è¡åœ¨æ—é—´çš„çµåŠ¨ä¹‹éŸ³ (31/1632) has 25 songs.
INFO:[DataPipeline]:PlayList: [7127990282] æ„Ÿæ—¶æ€€å¤æƒ…&#32;Â·&#32;å°è¯´æ”¹ç¼–å½±è§†ä¸­å›½é£ (32/1632) has 24 songs.
INFO:[DataPipeline]:PlayList: [7192223383] æˆè…”ä¸­å›½é£ï¼šä¸‰åˆ†å”±å¿µä¸ƒåˆ†ä½œ (33/1632) has 39 songs.
INFO:[DataPipeline]:PlayList: [7326282815] å¿ƒé†‰å‰å¥ï¼Œä¸€ç§’æ²‰æ²¦çš„ä¸­å›½é£ (34/1632) has 27 songs.
INFO:[DataPipeline]:PlayList: [7014279840] ä¸­å›½é£&#32;Â·&#32;æƒŸæœ‰é¥®è€…ç•™å…¶å (35/1632) has 25 songs.
INFO:[DataPipeline]:PlayList: [7049782870] ä¼¼æ°´æŸ”æƒ…&#32;Â·&#32;å¥³å£°ç¿»å”±ä¸­å›½é£ (36/1632) has 24 songs.
INFO:[DataPipeline]:PlayList: [7100884559] ä¸­å›½é£&#32;&#58;&#32;ä¸€æ›²æˆè…”ï¼Œå”±å°½ç¹å (37/1632) has 23 songs.
INFO:[DataPipeline]:PlayList: [7011437094] ä¸­å›½é£&#32;&#32;&#124;&#32;&#32;é¦™æ¸¯TVBç»å…¸æ­¦ä¾ å‰§çº¯ä¹ (38/1632) has 31 songs.
INFO:[DataPipeline]:PlayList: [7108016227] 2019å¹´ä¸­å›½é£æ–°æ­Œç²¾é€‰é›† (39/1632) has 288 songs.
INFO:[DataPipeline]:Sleep for: 169
INFO:[DataPipeline]:PlayList: [7021918213] ä¸­å›½é£æ°‘è°£&#32;&#124;&#32;å¼¹æŒ‡é—´ï¼Œåƒå¹´é€ (40/1632) has 28 songs.
INFO:[DataPipeline]:PlayList: [7249316000] ä¼¼æ°´æµå¹´&#32;Â·&#32;è¯„è®º999&#43;ä¸­å›½é£çƒ­æ­Œ (41/1632) has 27 songs.
INFO:[DataPipeline]:PlayList: [7255707078] å¤è£…ç”µè§†å‰§é‡Œçš„ä¸­å›½é£çº¯éŸ³ (42/1632) has 26 songs.
INFO:[DataPipeline]:PlayList: [7285195605] ä¸­å›½é£çº¯éŸ³&#32;Â·&#32;è¿åŠ¨åŠ©ç‡ƒå¿…å¤‡ (43/1632) has 22 songs.
INFO:[DataPipeline]:PlayList: [7041353925] ä¸­å›½é£ç¿»å”±&#32;Â·&#32;å¾’æ­¤æ¬æ¸…èŠ¬ (44/1632) has 20 songs.
INFO:[DataPipeline]:PlayList: [7115250973] ä¸‰å­—ä¸­å›½é£ä¸¨ç»ˆç‰µç»Šï¼Œæ†”æ€èŠ±å®¹é¢œ (45/1632) has 106 songs.
INFO:[DataPipeline]:PlayList: [7011570567] éŸµå‘³ä¸­å›½é£&#32;&#124;&#32;ä¸€æ›²é•¿æ­Œä¸€ä¸–æƒ… (46/1632) has 20 songs.
INFO:[DataPipeline]:PlayList: [6997076434] ä¸­å›½é£éŸµå¾‹&#32;&#124;&#32;ç²¤è¯­å°è®° (47/1632) has 47 songs.
INFO:[DataPipeline]:PlayList: [7060353277] éšè—åœ¨æµè¡Œæ›²ä¸­çš„ä¸­å›½é£æ—‹å¾‹ (48/1632) has 49 songs.
INFO:[DataPipeline]:PlayList: [7324484273] ä¸­å›½é£å¥³å£°&#32;Â·&#32;ä¸€æ›²è½»æ­Œé†‰äººå¿ƒ (49/1632) has 35 songs.
INFO:[DataPipeline]:Sleep for: 168
INFO:[DataPipeline]:PlayList: [7346984845] ä¸­å›½é£éŸµå¾‹ï¼šé™å“çµåŠ¨ä¹‹éŸ³ (50/1632) has 21 songs.
INFO:[DataPipeline]:PlayList: [6997748672] ä¸­å›½é£å¯¹å”±&#58;&#32;æœ‰ä½ ç›¸ä¼´ï¼Œé—ä¸–æ— æ†¾ (51/1632) has 20 songs.
INFO:[DataPipeline]:PlayList: [7107947155] æ›²éŸµæ‚ é•¿&#32;Â·&#32;å½±è§†å‰§ä¹‹ä¸­å›½é£ (52/1632) has 27 songs.
INFO:[DataPipeline]:PlayList: [7375102340] 2020å¹´ä¸­å›½é£æ–°æ­Œé€Ÿé€’ (53/1632) has 49 songs.
INFO:[DataPipeline]:PlayList: [7084457729] å”¯ç¾ä¸­å›½é£&#32;Â·&#32;èµ ä¹‹ä»¥èŠè¯ (54/1632) has 23 songs.
INFO:[DataPipeline]:PlayList: [7096063906] ã€ç”µå½±ç¯‡ã€‘20é¦–ä¸­å›½é£æ­Œæ›²ç²¾é€‰ (55/1632) has 20 songs.
INFO:[DataPipeline]:PlayList: [7049191147] ä¸­å›½é£ç”·å£°&#32;&#124;&#32;è¨€å¿µå›å­ï¼Œæ¸©å…¶å¦‚ç‰ (56/1632) has 28 songs.
INFO:[DataPipeline]:PlayList: [6937834398] ä¼¤æ„Ÿä¸­å›½é£&#32;Â·&#32;ä¸æ›¾å¿µæ›²ä¸­äºº (57/1632) has 21 songs.
INFO:[DataPipeline]:PlayList: [7445418603] æŠ’æƒ…ä¸­å›½é£&#32;Â·&#32;æ•…äººæƒ…éš¾ç›¸å¿˜ (58/1632) has 26 songs.
INFO:[DataPipeline]:PlayList: [7073314723] ä¸­å›½é£è¯´å”±&#32;Â·&#32;èƒ¸ä¸­æ­£æ°”å¡å¤©åœ° (59/1632) has 34 songs.
INFO:[DataPipeline]:Sleep for: 160
INFO:[DataPipeline]:PlayList: [7440022607] ä¸­å›½é£ä¸€æ›²&#32;Â·&#32;ä¸çŸ¥ä»Šå¤œå‡ äººæ„ (60/1632) has 26 songs.
INFO:[DataPipeline]:PlayList: [1357685226] æŸ”æƒ…ä¸­å›½é£&#32;Â·&#32;æ„¿ä»¥ç™¾å¹´æŒ½æœå¤• (61/1632) has 33 songs.
INFO:[DataPipeline]:PlayList: [7296644750] ä¸­å›½é£æ‘‡æ»š&#32;Â·&#32;æ²§æµ·ä¸€å£°ç¬‘ (62/1632) has 30 songs.
INFO:[DataPipeline]:PlayList: [7276694795] æœ€ç¾ä¸­å›½é£ï¼Œå¬æ›²é†‰äººå¿ƒ (63/1632) has 39 songs.
INFO:[DataPipeline]:PlayList: [6966249707] ç‡ƒç³»ä¸­å›½é£ï¼šåŠ¨ä¹±æ—¶åˆ†ï¼Œæˆ˜æ­Œèµ·ï¼ (64/1632) has 20 songs.
INFO:[DataPipeline]:PlayList: [7049231700] ä¸­å›½é£å¯¹å”±&#32;&#124;&#32;å±±æœ‰æœ¨å…®å¿æœ‰æ„ (65/1632) has 20 songs.
INFO:[DataPipeline]:PlayList: [7346984894] å”¯ç¾ä¸­å›½é£ï¼šé’å±±æµæ°´é—´çš„çµéŸ³ (66/1632) has 18 songs.
INFO:[DataPipeline]:PlayList: [7098027932] ä¸­å›½é£å½±è§†å‰§ã€ç”·å£°ç¯‡ã€‘ (67/1632) has 25 songs.
INFO:[DataPipeline]:PlayList: [7107763754] è¯—è¯ä¸­å›½é£&#32;Â·&#32;æ­¤æ›²åªåº”å¤©ä¸Šæœ‰ (68/1632) has 41 songs.
INFO:[DataPipeline]:PlayList: [7256698205] é’æ˜¥è®°å¿†&#32;Â·&#32;å›½è¯­ä¹å›çš„ä¸­å›½é£ (69/1632) has 40 songs.
INFO:[DataPipeline]:Sleep for: 117
INFO:[DataPipeline]:PlayList: [7010281670] ä¸­å›½é£&#32;Â·&#32;æ„¿æˆ‘å¦‚æ˜Ÿå›å¦‚æœˆ (70/1632) has 23 songs.
INFO:[DataPipeline]:PlayList: [7474168746] ä¸­å›½é£&#32;&#124;&#32;ä¸‰æœˆä¸€è·¯èºé£è‰é•¿ (71/1632) has 22 songs.
INFO:[DataPipeline]:PlayList: [7084456748] ä¼¤æ„Ÿä¸­å›½é£&#32;Â·&#32;æ™“é•œä½†æ„äº‘é¬“æ”¹ (72/1632) has 32 songs.
INFO:[DataPipeline]:PlayList: [7285182262] å‚¬çœ å¿…å¤‡&#32;Â·&#32;å¤è£…é‡Œçš„ä¸­å›½é£çº¯éŸ³ (73/1632) has 25 songs.
INFO:[DataPipeline]:PlayList: [7293757790] æˆè…”ä¸­å›½é£&#32;Â·&#32;ç»•æ¢ä¸‰æ—¥ä¸æ›¾ç»&#32; (74/1632) has 30 songs.
INFO:[DataPipeline]:PlayList: [7094726046] 2019å¹´7æœˆä¸­å›½é£æ–°æ­Œç²¾é€‰ (75/1632) has 46 songs.
INFO:[DataPipeline]:PlayList: [7356735009] ä¸­å›½é£çº¯éŸ³&#32;Â·&#32;ä½•å¤„ç¹åç¬™æ­Œè½ (76/1632) has 18 songs.
INFO:[DataPipeline]:PlayList: [3851787501] ä¸­å›½é£&#32;Â·&#32;å¿«æ„æ©ä»‡æ±Ÿæ¹–äº‹ (77/1632) has 30 songs.
INFO:[DataPipeline]:PlayList: [7107673879] ä¸­å›½é£&#32;&#124;&#32;å¤©åœ°åˆï¼Œä¹ƒæ•¢ä¸å›ç» (78/1632) has 49 songs.
INFO:[DataPipeline]:PlayList: [7141481321] ã€Œå›½è¯­ACGã€å½“ä¸­å›½é£é‡ä¸Šäº†å›½æ¼« (79/1632) has 30 songs.
INFO:[DataPipeline]:Sleep for: 116
INFO:[DataPipeline]:PlayList: [7096700090] ä¸­å›½é£&#32;&#58;&#32;æ—¶å…‰å†èè‹’ï¼Œä¹Ÿå‡æˆç¥ç€ (80/1632) has 19 songs.
INFO:[DataPipeline]:PlayList: [7328403102] ä¸­å›½é£&#32;Â·&#32;ä¸æ€é‡ï¼Œè‡ªéš¾å¿˜ (81/1632) has 18 songs.
INFO:[DataPipeline]:PlayList: [7224220262] å¤è£…ç©¿è¶Š&#32;Â·&#32;å±å’¤é£äº‘çš„ä¸­å›½é£ (82/1632) has 22 songs.
INFO:[DataPipeline]:PlayList: [7139892175] ä¸­å›½é£&#32;&#58;&#32;å²æœˆæ¸…æµ…ï¼Œè®¸æµ…ç¬‘å®‰ç„¶ (83/1632) has 20 songs.
INFO:[DataPipeline]:PlayList: [7122223446] äºŒå­—ä¸­å›½é£ä¸¨æµ®åä¸€ä¸–è½¬ç¬ç©º (84/1632) has 115 songs.
INFO:[DataPipeline]:PlayList: [7318947219] ä¸­å›½é£ä¸¨æ¢¦ç ´æœå¤•ï¼Œå‹¾ä¹±äº†æ€ç»ª (85/1632) has 20 songs.
INFO:[DataPipeline]:PlayList: [7228259361] ä¸­å›½é£ç”µå­&#32;Â·&#32;ç»è‰²çº¯éŸ³å¹»å¢ƒ (86/1632) has 25 songs.
INFO:[DataPipeline]:PlayList: [7331482573] ä¸­å›½é£å¯¹å”±&#32;Â·&#32;é‡‘é£ç‰éœ²ä¸€ç›¸é€¢ (87/1632) has 20 songs.
INFO:[DataPipeline]:PlayList: [6999656534] ä¸‰ä¸ªå­—ï¼Œå°±èƒ½è¯ é‡Šä¸­å›½é£ (88/1632) has 24 songs.
INFO:[DataPipeline]:PlayList: [2061196244] ã€ä¸­å›½é£ã€‘æ„¿å¾—ä¸€äººå¿ƒ&#32;ç™½é¦–ä¸ç›¸ç¦» (89/1632) has 74 songs.
INFO:[DataPipeline]:Sleep for: 60
INFO:[DataPipeline]:PlayList: [7174019275] ä¸­å›½é£&#32;&#124;&#32;å‡æœŸåœ¨å®¶ç…²è¿‡çš„å‰§ (90/1632) has 70 songs.
INFO:[DataPipeline]:PlayList: [7022389412] ä¸­å›½é£ä¸¨å³°å³¦å å¶‚ï¼Œç¢§æ°´å¦‚é•œ (91/1632) has 22 songs.
INFO:[DataPipeline]:PlayList: [7120635814] ä¸­å›½é£å¥³å£°&#32;Â·&#32;å€¾æ…•éŸ¶åçº¢é¢œ (92/1632) has 24 songs.
INFO:[DataPipeline]:PlayList: [7101339762] ä¸­å›½é£ï½œå¯„å›ä¸€æ›²ï¼Œä¸é—®æ›²ç»ˆäººèšæ•£ (93/1632) has 30 songs.
INFO:[DataPipeline]:PlayList: [7001487697] ä¸­å›½é£å¥³å£°&#32;&#58;&#32;å¿ä¼¼é£èŠ±æ¢¦è‚ æ–­ (94/1632) has 21 songs.
INFO:[DataPipeline]:PlayList: [7111604298] ä¸­å›½é£ï¼šå®‰å¾—æœ‰è‹±é›„ï¼Œè¿å½’å¤§å†…ä¸­ (95/1632) has 26 songs.
INFO:[DataPipeline]:PlayList: [7049191469] ä¸­å›½é£å¥³å£°&#32;&#124;&#32;äº‘æƒ³è¡£è£³èŠ±æƒ³å®¹ (96/1632) has 27 songs.
INFO:[DataPipeline]:PlayList: [4230002795] ä¸­å›½é£ï½œé•¿å‘ç»¾å›å¿ƒï¼Œé’ä¸ç»•æŒ‡æŸ” (97/1632) has 30 songs.
INFO:[DataPipeline]:PlayList: [7343373841] å¥‡è°ˆå¼‚é—»&#32;Â·&#32;ä¸­å›½é£é‡Œçš„å¿—æ€ªä¼ è¯´ (98/1632) has 22 songs.
INFO:[DataPipeline]:PlayList: [7041409826] å”¯ç¾ä¸­å›½é£&#32;Â·&#32;å‡æœŸæ—…è¡Œæ‰‹å†Œ (99/1632) has 20 songs.
INFO:[DataPipeline]:Sleep for: 94
INFO:[DataPipeline]:PlayList: [7125951351] åŠ¨æ¼«ä¸­å›½é£ä¸¨æ„¿ä¸ä½ å…±åº¦å¤©æ¶¯ (100/1632) has 22 songs.
INFO:[DataPipeline]:PlayList: [7256559371] &#32;ä¸€é¡¾å€¾åŸÂ·&#32;å¤è£…ç”µå½±é‡Œçš„ä¸­å›½é£ (101/1632) has 33 songs.
INFO:[DataPipeline]:PlayList: [7256698476] åŒäº‹çˆ±åˆ·çš„çŸ­è§†é¢‘ç«çˆ†ä¸­å›½é£BGM (102/1632) has 15 songs.
INFO:[DataPipeline]:PlayList: [3713765188] å®¶äººäº²æˆšéƒ½å–œæ¬¢çš„ä¸­å›½é£ (103/1632) has 32 songs.
INFO:[DataPipeline]:PlayList: [7148241899] ç„å¹»ä¸­å›½é£ä¸¨å¤©æ¶¯ä¸€æ›²å…±æ‚ æ‰¬ (104/1632) has 21 songs.
INFO:[DataPipeline]:PlayList: [7108937511] ç†¬å¤œä¿®ä»™ï¼Œå½“ç„¶è¦å¬ä¸­å›½é£å•¦ (105/1632) has 39 songs.
INFO:[DataPipeline]:PlayList: [7120222130] å”¯ç¾ä¸­å›½é£&#32;&#124;&#32;å¬ä¸€æ›²æ²‰é†‰ä¸çŸ¥å½’è·¯ (106/1632) has 29 songs.
INFO:[DataPipeline]:PlayList: [3822117104] ã€ä¸­å›½é£ã€å¤è£…å‰§ä¸­çš„æ·±æƒ…ç”·å£° (107/1632) has 30 songs.
INFO:[DataPipeline]:PlayList: [7350162868] ã€Œä¸­å›½é£çº¯éŸ³ã€è®¸ä½ ä¸€åœºä¸é†’çš„æ¢¦ (108/1632) has 18 songs.
INFO:[DataPipeline]:PlayList: [7107391442] æµè¡Œä¸­å›½é£&#32;&#124;&#32;ä¸€æ›²çš†æ¸©æƒ… (109/1632) has 27 songs.
INFO:[DataPipeline]:Sleep for: 157
INFO:[DataPipeline]:PlayList: [7317863632] ä¸­å›½é£ï¼šç¼˜èšç¼˜æ•£ï¼ŒèƒŒè´Ÿä¸‡ä¸ˆå°˜å¯° (110/1632) has 20 songs.
INFO:[DataPipeline]:PlayList: [6999242934] è½»æŸ”ä¸­å›½é£&#32;&#124;&#32;å¹èŠ±é¦™ä¸å†é¦¥éƒ (111/1632) has 23 songs.
INFO:[DataPipeline]:PlayList: [7179875344] ç‡ƒç³»ä¸­å›½é£&#32;&#124;&#32;æŒå‰‘ï¼Œæå®ˆèº«åå›½åœŸ (112/1632) has 22 songs.
INFO:[DataPipeline]:PlayList: [7001027734] ä¸­å›½é£&#32;&#124;&#32;æ— å°½çš„æ€å¿µæ¶Œä¸Šå¿ƒå¤´ (113/1632) has 24 songs.
INFO:[DataPipeline]:PlayList: [7012296405] æŸ”æƒ…ä¸­å›½é£&#32;&#124;&#32;ç›¸æ€èµ‹äºˆè° (114/1632) has 20 songs.
INFO:[DataPipeline]:PlayList: [7446138259] ä¸­å›½é£æ°‘è°£&#32;Â·&#32;ä¸€ç¼•è¯—æƒ…ç”»æ„ (115/1632) has 26 songs.
INFO:[DataPipeline]:PlayList: [6997767932] ä¸­å›½é£ç”·å£°&#32;&#58;&#32;é«˜æ­Œæ¬²å»é†‰é•¿å®‰ (116/1632) has 21 songs.
INFO:[DataPipeline]:PlayList: [7342302185] ä¸­å›½é£æ‘‡æ»š&#32;Â·&#32;çºµæ­»ä¾ éª¨é¦™ (117/1632) has 23 songs.
INFO:[DataPipeline]:PlayList: [7222822024] ç¿©ç¿©å…¬å­&#32;Â·&#32;éœå°Šçš„ä¸­å›½é£ä¸–ç•Œ (118/1632) has 25 songs.
INFO:[DataPipeline]:PlayList: [7095970538] ä¸­å›½é£&#32;Â·&#32;èŠ±é‡é”¦å®˜åŸ (119/1632) has 23 songs.
INFO:[DataPipeline]:Sleep for: 132
INFO:[DataPipeline]:PlayList: [7267701091] ä¸­å›½é£ï¼šä¸€æ›²ç¼˜æ­Œæˆç»Šï¼Œä»»è°å¹ (120/1632) has 70 songs.
INFO:[DataPipeline]:PlayList: [7444111333] é†‰ç¾ä¸­å›½é£&#32;Â·&#32;ç»‡æ¢¦ä¸€åœºæµ®å¹½ (121/1632) has 20 songs.
INFO:[DataPipeline]:PlayList: [6997384944] ä¸­å›½é£&#32;&#124;&#32;ä¸€æ¢¦çº¢å°˜è·¯æ¼«æ¼«&#32;å‡ å¤„èšæ•£ (122/1632) has 24 songs.
INFO:[DataPipeline]:PlayList: [7179907762] æŠ’æƒ…ä¸­å›½é£&#32;&#124;&#32;æ‚‰å¿ƒè®°ä¸‹è¿™ä¸€æ’‡ä¸€æº (123/1632) has 20 songs.
INFO:[DataPipeline]:PlayList: [7164328991] ä¼¤æ„Ÿä¸­å›½é£&#32;Â·&#32;ä½•äº‹åŸä½™å¿½æƒ†æ€… (124/1632) has 20 songs.
INFO:[DataPipeline]:PlayList: [7249037961] ä¸­å›½é£çº¯éŸ³&#32;&#124;&#32;çº¤æŸ”ä¹‹æŒ‡ï¼Œç»ä»£é£å (125/1632) has 35 songs.
INFO:[DataPipeline]:PlayList: [7060359211] å¦ç±»æµè¡Œåˆå¥½å¬çš„ä¸­å›½é£å–Šéº¦ (126/1632) has 46 songs.
INFO:[DataPipeline]:PlayList: [7107860362] ä¸­å›½é£&#32;&#124;&#32;çˆ±æ¨å§»ç¼˜ï¼Œä¸å¦‚éšæ¡ƒæº (127/1632) has 32 songs.
INFO:[DataPipeline]:PlayList: [7222862314] æ€€æ—§ä¸­å›½é£&#32;&#124;&#32;ä¾ä¾ç›®å…‰æ­¤ç”Ÿä¸æ¢ (128/1632) has 49 songs.
INFO:[DataPipeline]:PlayList: [7454639382] ä¹å£°ä¸æ—¶ä»£çš„ç¢°æ’ï¼šæµ“éƒä¸­å›½é£ (129/1632) has 26 songs.
INFO:[DataPipeline]:Sleep for: 35
INFO:[DataPipeline]:PlayList: [7040553337] ä¸­å›½é£&#32;Â·&#32;æ˜¨å¤œä¸å›æ¢¦åŒæ¸¸ (130/1632) has 21 songs.
INFO:[DataPipeline]:PlayList: [7318937816] ä¸­å›½é£æ„Ÿæ€€ï¼šæ— å¯»å¤„ï¼ŒæƒŸæœ‰å°‘å¹´å¿ƒ (131/1632) has 23 songs.
INFO:[DataPipeline]:PlayList: [7109010494] åœ¨å­¤ç‹¬ä¸­å¬ç€ä¸­å›½é£ç–—ä¼¤å§ (132/1632) has 21 songs.
INFO:[DataPipeline]:PlayList: [7120733996] å¤éŸµæµèŠ³&#32;&#124;&#32;ç»å…¸ä¸­å›½é£æ­Œæ›²åˆé›† (133/1632) has 25 songs.
INFO:[DataPipeline]:PlayList: [7349788198] ä¸­å›½é£æ°‘è°£ï½œæ¬²å¾…æ›²ç»ˆå¯»é—®å– (134/1632) has 21 songs.
INFO:[DataPipeline]:PlayList: [7113298096] ç”µå­ä¸­å›½é£&#32;ï¼šç¬™æ­Œä¹ï¼Œå¦‚æ¢¦å¹» (135/1632) has 30 songs.
INFO:[DataPipeline]:PlayList: [7319381114] å¬ä¸­å›½é£çº¯éŸ³ï¼Œé™æ€æµå¹´ (136/1632) has 44 songs.
INFO:[DataPipeline]:PlayList: [7071799408] æ›²æƒŠå››åº§&#32;Â·&#32;è¯´å”±ä¹Ÿèƒ½ä¸­å›½é£ (137/1632) has 24 songs.
INFO:[DataPipeline]:PlayList: [7071501478] ä¸­å›½é£ç”µéŸ³&#32;Â·&#32;è¦†ä¸Šæ–°å¦†æ·»è£å…‰ (138/1632) has 38 songs.
INFO:[DataPipeline]:PlayList: [7319461499] ä¸­å›½é£&#32;&#124;&#32;å¯»æ¥æ¢¦ä¸­ä¸ä½ å†åº¦ç›¸è§ (139/1632) has 20 songs.
INFO:[DataPipeline]:Sleep for: 81
INFO:[DataPipeline]:PlayList: [7222913545] æ¡ƒèŠ±åé‡Œ&#32;Â·&#32;ä¸­å›½é£æ‰å¥³è‘£è´ (140/1632) has 29 songs.
INFO:[DataPipeline]:PlayList: [7060355261] ä¸­å›½é£ä¸¨åˆ«æ ·éŸµå‘³ (141/1632) has 39 songs.
INFO:[DataPipeline]:PlayList: [7319381519] è¡Œèµ°ä¸–ç•Œçš„ä¸­å›½é£åŸå£° (142/1632) has 19 songs.
INFO:[DataPipeline]:PlayList: [7084460645] å†™æ„ä¸­å›½é£&#32;Â·&#32;å‡ºè¯—å…¥ç”»æ„è•´çµ (143/1632) has 23 songs.
INFO:[DataPipeline]:PlayList: [7175378626] ä¸­å›½é£å™å²ï¼šæ­Œä¸å°½ä¹±ä¸–çƒ½ç« (144/1632) has 27 songs.
INFO:[DataPipeline]:PlayList: [7012577966] ä¸­å›½é£R&#38;Bï¼šæˆ‘å¿ƒä¸­çš„æ—¥æœˆå…‰èŠ’ (145/1632) has 25 songs.
INFO:[DataPipeline]:PlayList: [1159589645] çˆ·çˆ·å¥¶å¥¶å¬äº†ä¹Ÿä¼šçˆ±ä¸Šçš„ä¸­å›½é£åˆé›† (146/1632) has 130 songs.
INFO:[DataPipeline]:PlayList: [7155018080] ä¸­å›½é£&#32;&#124;&#32;æ˜¥é£ç»†æ¨æŸ³ï¼Œç›¸æ€æ¸¡ä¸å°½ (147/1632) has 30 songs.
INFO:[DataPipeline]:PlayList: [7249325654] ä¸­å›½é£&#32;Â·&#32;åå¼¦ä¸è¥¿å¢æ•…äº‹ (148/1632) has 21 songs.
INFO:[DataPipeline]:PlayList: [7233805380] ä¸­å›½é£å¥³å£°&#32;Â·&#32;ä½•æ„äººåˆ«ä¼¼èŠ±ç¦» (149/1632) has 26 songs.
INFO:[DataPipeline]:Sleep for: 143
INFO:[DataPipeline]:PlayList: [7105512136] ä¸­å›½é£ç”·å£°&#32;Â·&#32;ç¼˜å®šä¸‰ç”Ÿè½®å›æ¢¦ (150/1632) has 26 songs.
INFO:[DataPipeline]:PlayList: [7112117032] ä¸­å›½é£&#32;&#124;&#32;å¬å¼¦æ–­ï¼Œæ–­é‚£ä¸‰åƒç—´ç¼  (151/1632) has 23 songs.
INFO:[DataPipeline]:PlayList: [7124708513] å›½äººéª„å‚²ï¼ä¸­å›½é£è¯´å”±ç²¾é€‰ (152/1632) has 24 songs.
INFO:[DataPipeline]:PlayList: [7163110900] ä¸­å›½é£ï½œç›¸è§æƒ…å·²æ·±ï¼Œæœªè¯­å¯çŸ¥å¿ƒ (153/1632) has 21 songs.
INFO:[DataPipeline]:PlayList: [7114478301] ä¸­å›½é£&#32;&#124;&#32;ç›¸æ€ä¼¼æµ·æ·±ï¼Œæ—§äº‹å¦‚å¤©è¿œ (154/1632) has 22 songs.
INFO:[DataPipeline]:PlayList: [7112220268] ä¸­å›½é£&#32;&#124;&#32;æ˜¥ç§‹ç¬é€ï¼Œä¿¡çº¸å·²æ³›é»„ (155/1632) has 23 songs.
INFO:[DataPipeline]:PlayList: [7237681729] 10æœˆä¸­å›½é£æ–°æ­Œï¼šå¯æ€œå†¬æ™¯ä¼¼æ˜¥å (156/1632) has 33 songs.
INFO:[DataPipeline]:PlayList: [7222651249] é€é¥ä¸€æ¸¸&#32;Â·&#32;ä¸­å›½é£å®—å¸ˆå‘¨æ°ä¼¦ (157/1632) has 21 songs.
INFO:[DataPipeline]:PlayList: [7037941811] ä¸­å›½é£å’Œè½»ç”µéŸ³çš„å®Œç¾èåˆ (158/1632) has 43 songs.
INFO:[DataPipeline]:PlayList: [7305029542] ä¸­å›½é£ï¼šç–é’Ÿå‚¬æ™“ï¼Œå‡ åº¦å¯„ç›¸æ€ (159/1632) has 20 songs.
INFO:[DataPipeline]:Sleep for: 122
INFO:[DataPipeline]:PlayList: [7153684341] æ¾å‡‰äººç‹¬çœ &#32;Â·&#32;ä¼‘æ†©é™å¿ƒä¸­å›½é£ (160/1632) has 18 songs.
INFO:[DataPipeline]:PlayList: [7276517552] ä¸­å›½é£çº¯éŸ³&#32;Â·&#32;å¤è£…é‡Œçš„å“€æ„æ€ç»ª (161/1632) has 28 songs.
INFO:[DataPipeline]:PlayList: [6967803369] è½»å¼¹ä¸­å›½é£ï¼šè®°å‡ å¤šå†å²é£é›¨ (162/1632) has 18 songs.
INFO:[DataPipeline]:PlayList: [7297851780] é£é›ªç‰èŠ±&#32;Â·&#32;ç²¾é€‰ä¸­å›½é£èˆçº¯éŸ³ä¹ (163/1632) has 22 songs.
INFO:[DataPipeline]:PlayList: [7107783814] éŸµå‘³ä¸­å›½é£&#32;Â·&#32;å©‰è½¬æˆè¨€ç»•æŒ‡æŸ” (164/1632) has 30 songs.
INFO:[DataPipeline]:PlayList: [7099835333] ä¸­å›½é£&#32;&#124;&#32;å½“ç°ä»£ä¸ä¸­å›½ä¹å™¨èåˆ (165/1632) has 45 songs.
INFO:[DataPipeline]:PlayList: [7040954395] ä¸­å›½é£&#32;Â·&#32;ç¬‘éš”è·èŠ±å…±äººè¯­ (166/1632) has 19 songs.
INFO:[DataPipeline]:PlayList: [6634045589] å›½é£ç”µå­ï¼šä¸€åœºä¸­å›½é£çš„é‚‚é€… (167/1632) has 30 songs.
INFO:[DataPipeline]:PlayList: [7258058604] ä¸­å›½é£&#32;&#124;&#32;çº¢å°˜å¤šå¯ç¬‘ï¼Œç—´æƒ…æœ€æ— èŠ (168/1632) has 27 songs.
INFO:[DataPipeline]:PlayList: [7189818129] ä¸­å›½é£çº¯éŸ³&#32;Â·&#32;æ‰§æ¯é¦™èŒ—äº†é—»å¼¦æ„ (169/1632) has 27 songs.
INFO:[DataPipeline]:Sleep for: 152
INFO:[DataPipeline]:PlayList: [7004533300] ä¸­å›½é£é‡ä¸Šè¯´å”±&#32;Â·&#32;è·¨æ—¶ç©ºçš„é‚‚é€… (170/1632) has 33 songs.
INFO:[DataPipeline]:PlayList: [7325035722] 12æœˆä¸­å›½é£æ–°æ­Œï¼šå¤§é›ªç…§æ˜ å¦‚å†°å£¶ (171/1632) has 34 songs.
INFO:[DataPipeline]:PlayList: [3687510213] ä¸­å›½é£ï½œå±±æ²³è‰³å›Šï¼Œæ€æŠµä½ çœ‰é—´é•¿æƒ… (172/1632) has 30 songs.
INFO:[DataPipeline]:PlayList: [7112408323] ä¸€æ›²ä¸­å›½é£&#32;&#124;&#32;å”±å°½ä¸–é—´æƒ†æ€…å®¢ (173/1632) has 21 songs.
INFO:[DataPipeline]:PlayList: [7181352558] è™æƒ…ä¸­å›½é£&#32;&#124;&#32;æ±èµ°ï¼Œå¾å¿ƒè·Œå…¥å†°çª– (174/1632) has 21 songs.
INFO:[DataPipeline]:PlayList: [1268651953] ä¸­å›½é£&#32;&#124;&#32;å¥‡æ–‡å…±æ¬£èµï¼Œç–‘ä¹‰ç›¸ä¸æ (175/1632) has 30 songs.
INFO:[DataPipeline]:PlayList: [7107608246] ä¸­å›½é£&#32;&#124;&#32;å°†è¿™æ®µæ¸©æƒ…ï¼Œç‹¬è‡ªå’ (176/1632) has 35 songs.
INFO:[DataPipeline]:PlayList: [7141852823] å°æ†©ä¸­å›½é£&#32;Â·&#32;å¤©è¡—å°é›¨æ¶¦å¦‚é…¥ (177/1632) has 23 songs.
INFO:[DataPipeline]:PlayList: [7125254336] ä¸­å›½é£ä¸¨éŸ¶åä¾æ—§èŠ³åæ•… (178/1632) has 20 songs.
INFO:[DataPipeline]:PlayList: [7107605626] ä¸­å›½é£&#32;&#124;&#32;è¯·å›å…±é¥®æ³¼èŒ¶é¦™ (179/1632) has 27 songs.
INFO:[DataPipeline]:Sleep for: 81
INFO:[DataPipeline]:PlayList: [6997722536] ä¸€æ¢¦æµ®ç”Ÿï¼Œç§‹æœˆç…§çª—æ€ä¹‹ä¸­å›½é£ (180/1632) has 23 songs.
INFO:[DataPipeline]:PlayList: [7090748630] ä¸­å›½é£ç”µéŸ³ä¸¨å£°å£°å…¥è€³ï¼Œä½™éŸµç¯ç»• (181/1632) has 40 songs.
INFO:[DataPipeline]:PlayList: [7186267052] ä¸­å›½é£&#32;&#124;&#32;æ•°å°½åƒå¤é£æµäººç‰© (182/1632) has 28 songs.
INFO:[DataPipeline]:PlayList: [7222862388] éŸµå‘³ä¸­å›½é£&#32;&#124;&#32;å¦‚é£å¹æ‹‚è€³ç•” (183/1632) has 33 songs.
INFO:[DataPipeline]:PlayList: [7258058111] ä¸­å›½é£&#32;&#124;&#32;çˆ±ç€ä½ å…¨éƒ¨ï¼Œç›¸æ€å´ç¦é”¢ (184/1632) has 32 songs.
INFO:[DataPipeline]:PlayList: [7222861921] è†èµ&#32;â”‚&#32;å…±èµ´ä¸­å›½é£ç››å®´ (185/1632) has 33 songs.
INFO:[DataPipeline]:PlayList: [7112116862] å› ä¸€é¦–ä¸­å›½é£ï¼Œè€Œçˆ±ä¸Šä¸€éƒ¨å¤è£…å‰§ (186/1632) has 55 songs.
INFO:[DataPipeline]:PlayList: [7112116540] ä¸­å›½é£&#32;&#124;&#32;ä¸‡ç¼•åƒä¸ï¼Œå¯¹æœˆå¿†å…°èˆŸ (187/1632) has 26 songs.
INFO:[DataPipeline]:PlayList: [7228227408] ä¸­å›½é£ç”µå­&#32;Â·&#32;è·³è·ƒçš„æ°´å¢¨ç”» (188/1632) has 17 songs.
INFO:[DataPipeline]:PlayList: [7307116191] éŸµå‘³ä¸­å›½é£ï¼šé›¨ä¸­é™æ€ï¼Œç­‰ä¸å½’äºº (189/1632) has 18 songs.
INFO:[DataPipeline]:Sleep for: 140
INFO:[DataPipeline]:PlayList: [7276508746] ä¸­å›½é£çº¯éŸ³&#32;Â·&#32;æ„Ÿäººæ‚²å£®å½±è§†åŸå£° (190/1632) has 25 songs.
INFO:[DataPipeline]:PlayList: [7119633905] æµ…åŸä¸­å›½é£&#32;Â·&#32;èŠ±æ·±å¿˜å´æ¥æ—¶è·¯ (191/1632) has 27 songs.
INFO:[DataPipeline]:PlayList: [771437188] å”¯ç¾åŠ¨å¬çš„ä¸­å›½é£å¥³å£° (192/1632) has 30 songs.
INFO:[DataPipeline]:PlayList: [4277790694] é€‚åˆä¹¦å§çš„ä¸­å›½é£çº¯éŸ³ä¹ (193/1632) has 79 songs.
INFO:[DataPipeline]:PlayList: [1132507358] ç¼–è¾‘æ¨èï½œä¸€äººä¸€é¦–éŸµå‘³ä¸­å›½é£ (194/1632) has 50 songs.
INFO:[DataPipeline]:PlayList: [7276511508] ä¸­å›½é£çº¯éŸ³&#32;Â·&#32;é™å¿ƒå­¦ä¹ å¿…å¤‡ (195/1632) has 25 songs.
INFO:[DataPipeline]:PlayList: [7361014237] çº¢æ­Œç»å…¸ä¸­å›½é£&#32;è€é©å‘½æ­Œæ›² (196/1632) has 145 songs.
INFO:[DataPipeline]:PlayList: [1132507358] ç¼–è¾‘æ¨èï½œä¸€äººä¸€é¦–éŸµå‘³ä¸­å›½é£ (197/1632) has 50 songs.
INFO:[DataPipeline]:PlayList: [7276511508] ä¸­å›½é£çº¯éŸ³&#32;Â·&#32;é™å¿ƒå­¦ä¹ å¿…å¤‡ (198/1632) has 25 songs.
INFO:[DataPipeline]:PlayList: [7049788980] åŒåä¸­å›½é£&#32;Â·&#32;åˆ«æ˜¯ä¸€ç•ªé£éŸµ (199/1632) has 22 songs.
INFO:[DataPipeline]:Sleep for: 175
INFO:[DataPipeline]:PlayList: [7107414091] ä¸­å›½é£&#32;&#124;&#32;è¯—æƒ…ç”»æ„é‡Œçš„æ·±æƒ… (200/1632) has 22 songs.
INFO:[DataPipeline]:PlayList: [7114465592] ä¸­å›½é£&#32;&#124;&#32;äººè¨€æ»”æ»”ï¼Œ&#32;æˆ‘è‡ªç¬‘å‚² (201/1632) has 21 songs.
INFO:[DataPipeline]:PlayList: [7179804818] ä¸­å›½é£&#32;&#124;&#32;æ¸…é£å¾å¾è‡ªç”±é­‚ (202/1632) has 22 songs.
INFO:[DataPipeline]:PlayList: [1663224856] ä¸­å›½é£ä¸¨è†å¬ä»Šæ˜”è¯—æƒ…æ›²ï¼Œæ¢¦å›åƒå¤æ¸©æŸ”ä¹¡ï¼ (203/1632) has 84 songs.
INFO:[DataPipeline]:PlayList: [1181670347] bgmæŠ–éŸ³ä¸­å›½é£çº¯éŸ³ä¹å¤ç­è½»éŸ³ä¹é’¢ç´æ›²ç¡çœ  (204/1632) has 427 songs.
INFO:[DataPipeline]:PlayList: [7107674223] ä¸­å›½é£&#32;&#124;&#32;ä»Šä¸–æƒ…ç¼˜ï¼Œä¸è´Ÿç›¸æ€æ„ (205/1632) has 33 songs.
INFO:[DataPipeline]:PlayList: [7107674783] åˆé—´ç…²æœº&#32;&#124;&#32;ä¸€æ›²ä¸­å›½é£ç§é€‰ (206/1632) has 29 songs.
INFO:[DataPipeline]:PlayList: [7268135321] ä¸­å›½é£è¯´å”±ï½œRapé‡Œçš„é£äº‘å½• (207/1632) has 22 songs.
INFO:[DataPipeline]:PlayList: [7276511754] æ¸¸æˆå¿…å¤‡&#32;Â·&#32;å¿ƒé†‰ä¸­å›½é£çº¯éŸµ (208/1632) has 25 songs.
INFO:[DataPipeline]:PlayList: [1121040801] ç”¨å¿ƒè†å¬ï¼ŒéŸµå‘³ä¸­å›½é£ (209/1632) has 30 songs.
INFO:[DataPipeline]:Sleep for: 43
INFO:[DataPipeline]:PlayList: [7290322309] ã€Œä¸­å›½é£çº¯éŸ³ã€æ‚ æ‰¬å¼¦å£°éšå¦™æŒ‡ç»­ (210/1632) has 20 songs.
INFO:[DataPipeline]:PlayList: [7064532215] ç²¤éŸµä¸­å›½é£&#32;Â·&#32;å¤•æ®¿è¤é£æ€æ‚„ç„¶ (211/1632) has 28 songs.
INFO:[DataPipeline]:PlayList: [811110445] ç²¤è¯­å°è®°&#32;&#124;&#32;ä¸­å›½é£çš„éŸµå¾‹ (212/1632) has 50 songs.
INFO:[DataPipeline]:PlayList: [7107607600] ç»ƒå­—æ€ä¹ˆèƒ½å°‘äº†ä¸­å›½é£ï¼ (213/1632) has 44 songs.
INFO:[DataPipeline]:PlayList: [5358567914] äº²æˆšé¢å‰éœ²ä¸€æ‰‹ï¼ä¸­å›½é£Kæ­Œé‡‘æ›² (214/1632) has 48 songs.
INFO:[DataPipeline]:PlayList: [1434686238] ã€å¤é£ã€‘æ‹æ‹ä¸­å›½é£&#32;å¹½å¹½æ•…äººæƒ… (215/1632) has 18 songs.
INFO:[DataPipeline]:PlayList: [1757933544] &#32;90åè®°å¿†ä¸­çš„ä¸­å›½é£ï¼šæµè¡Œæ­Œæ›²ä¸­çš„è¯—æ„ (216/1632) has 79 songs.
INFO:[DataPipeline]:PlayList: [2909820514] å¤é£ä¹‹éŸµ&#32;å”¯ç¾ä¸­å›½é£&#32;æ‚ æ‚ æ¥è¢­ (217/1632) has 23 songs.
INFO:[DataPipeline]:PlayList: [7000999900] ä¸­å›½é£ç¿»å”±&#32;&#58;&#32;ç¿©è·¹ä½³äººæƒ… (218/1632) has 20 songs.
INFO:[DataPipeline]:PlayList: [7307096312] æŸ”æƒ…ä¸­å›½é£ï¼šåªæ„¿ä¸ºä½ æ‹ˆèŠ±ä¸€ç¬‘ (219/1632) has 17 songs.
INFO:[DataPipeline]:Sleep for: 41
INFO:[DataPipeline]:PlayList: [2924951291] ä¸­å›½é£ï¼Œä¸€æ›²ç¦»éªšè®©äººä¼¤ (220/1632) has 22 songs.
INFO:[DataPipeline]:PlayList: [1738768842] ä¸€äººä¸€é¦–ä¸­å›½é£ (221/1632) has 20 songs.
INFO:[DataPipeline]:PlayList: [7337449203] å½±è§†å‰§ç²¾é€‰ï¼šæƒŠè‰³çš„ä¸­å›½é£çº¯éŸ³ (222/1632) has 19 songs.
INFO:[DataPipeline]:PlayList: [3283735297] æ¥ä¸€è½¦ä¸­å›½é£å°è¯´ï¼Œæˆ‘è¿˜å¯ä»¥ç»§ç»­çœ‹ï¼ (223/1632) has 56 songs.
INFO:[DataPipeline]:PlayList: [7269258391] çƒ­è¡€ä¸­å›½é£&#32;Â·&#32;ç‰é—¨å…³ç›–å°†å†›æ­Œ (224/1632) has 24 songs.
INFO:[DataPipeline]:PlayList: [1129502203] è¿™äº›ä¸­å›½é£æ­Œæ›²ä½ è¿˜è®°å¾—å—ï¼Ÿ (225/1632) has 21 songs.
INFO:[DataPipeline]:PlayList: [7280581522] ä¸­å›½é£çº¯ä¹&#32;Â·&#32;æŠšç´é†‰ä½³éŸ³ (226/1632) has 36 songs.
INFO:[DataPipeline]:PlayList: [2371751710] ã€Œä¸­å›½é£ã€&#32;ä¸€è¢­é’è¡£ï¼ŒæŸ“å°±ä¸€æ ‘èŠ³å (227/1632) has 80 songs.
INFO:[DataPipeline]:PlayList: [7304079432] ä¸­å›½é£çº¯éŸ³&#32;Â·&#32;å®«å»·åå®«é‡Œçš„çˆ±æ¨ (228/1632) has 21 songs.
INFO:[DataPipeline]:PlayList: [2860235555] ä¸­å›½é£ï¼šä½™éŸµæ‚ æ‰¬å¯„ä»¥å¿ƒ (229/1632) has 32 songs.
INFO:[DataPipeline]:Sleep for: 31
INFO:[DataPipeline]:PlayList: [7096722158] ä¸­å›½é£çº¯éŸ³&#32;Â·&#32;å§å¬ç©¿æ—æ‰“å¶å£° (230/1632) has 30 songs.
INFO:[DataPipeline]:PlayList: [1783173810] é¥®ä¸€æ›²é†‰ç¾ä¸­å›½é£&#58;&#32;æŸ”æƒ…ä¼¼æ°´ï¼Œä½³æœŸå¦‚æ¢¦ (231/1632) has 44 songs.
INFO:[DataPipeline]:PlayList: [3514109038] ä¸­å›½é£Â·ä¸€æ›²æ‚ æ‰¬æ¼«ç¯±å¢™ (232/1632) has 35 songs.
INFO:[DataPipeline]:PlayList: [2594324022] ä¸­å›½é£ï¼Œä½“ä¼šå¤éŸµå¦–å¨† (233/1632) has 24 songs.
INFO:[DataPipeline]:PlayList: [1767939711] å¤é£pkä¸­å›½é£ï¼Œä½ æœ€çˆ±å“ªä¸€ç§ (234/1632) has 121 songs.
INFO:[DataPipeline]:PlayList: [3263692011] èŠ±å¼€ä¸€åƒå¹´,ç‹¬çœ‹æ²§æµ·åŒ–æ¡‘ç”°ä¹‹ä¸­å›½é£ (235/1632) has 55 songs.
INFO:[DataPipeline]:PlayList: [7276510317] ä¸­å›½é£çº¯éŸ³&#32;Â·&#32;å¤è£…é‡Œçš„èˆåŠ¨èº«å½± (236/1632) has 20 songs.
INFO:[DataPipeline]:PlayList: [2072789141] ä¸­å›½é£ç”µéŸ³ï¼šæ•¢é—®ä¸Šå¤©ï¼Œæ˜¯å¦æœ‰ä»™ï¼Ÿ (237/1632) has 39 songs.
INFO:[DataPipeline]:PlayList: [1162880422] ä¸­å›½é£ï¼šæ—§æ—¥æ—¶å…‰ï¼Œé™å€™ä¸€åœºä¹…åˆ«çš„é‡é€¢ã€‚ (238/1632) has 32 songs.
INFO:[DataPipeline]:PlayList: [2671455047] ã€Œåè¯­ã€è¯—æ„ä¸­å›½é£ (239/1632) has 106 songs.
INFO:[DataPipeline]:Sleep for: 38
INFO:[DataPipeline]:PlayList: [2911745961] å¤é£ä¹‹éŸµ&#32;å”¯ç¾ä¸­å›½é£ï¼ˆåˆå”±ï¼‰ (240/1632) has 18 songs.
INFO:[DataPipeline]:PlayList: [7276516858] ä¸­å›½é£çº¯éŸ³&#32;Â·&#32;å¤è£…é‡Œçš„çˆ±æƒ…æ•…äº‹ (241/1632) has 25 songs.
INFO:[DataPipeline]:PlayList: [1727752973] å¯„å›ä¸€æ›²ï¼Œæ¬§ç¾ä¸­å›½é£ (242/1632) has 19 songs.
INFO:[DataPipeline]:PlayList: [7256656235] å¤è£…ç”µå½±é‡Œçš„ä¸­å›½é£çº¯éŸ³ (243/1632) has 21 songs.
INFO:[DataPipeline]:PlayList: [3234866278] æµ…å°æ‚ æ‰¬çš„ä¸­å›½è¨å…‹æ–¯é£ (244/1632) has 18 songs.
INFO:[DataPipeline]:PlayList: [802926776] æ­ªæœåŸå£°å¤§æ‹¿ç¬”ä¸‹çš„ä¸­å›½é£é…ä¹ (245/1632) has 20 songs.
INFO:[DataPipeline]:PlayList: [1181670493] ã€ä¸­å›½é£æ­Œæ›²ã€å¤é£æ­Œæ›²æŠ–éŸ³æœ€ç« (246/1632) has 615 songs.
INFO:[DataPipeline]:PlayList: [7276509233] å½±è§†ä¸­å›½é£&#32;Â·&#32;å£®é˜”å²è¯—æ„Ÿçº¯éŸ³ä¹ (247/1632) has 26 songs.
INFO:[DataPipeline]:PlayList: [2039451577] éŸ³ä¹é¬¼æ‰è®¸åµ©çš„ä¸­å›½é£ (248/1632) has 20 songs.
INFO:[DataPipeline]:PlayList: [1480495213] è¾¾äººå‘¨æœ«&#32;&#124;&#32;ä¼Šäººå¦‚æ¢¦ï¼Œå¤è£…å‰§ä¸­çš„ä¸­å›½é£ (249/1632) has 47 songs.
INFO:[DataPipeline]:Sleep for: 113
INFO:[DataPipeline]:PlayList: [7114573823] ä¸­å›½é£&#32;&#124;&#32;&#32;å¤é“é’çƒŸï¼Œä»Šå¤•ä½•å¹´ï¼Ÿ (250/1632) has 22 songs.
INFO:[DataPipeline]:PlayList: [3219243115] è®ºä¸­å›½é£ï¼Œæˆ‘åªæœæ–¹æ–‡å±± (251/1632) has 44 songs.
INFO:[DataPipeline]:PlayList: [7222862040] ç»¼è‰º&#32;â”‚&#32;å¸¦ä½ è®¤è¯†ä¸ä¸€æ ·çš„ä¸­å›½é£ (252/1632) has 26 songs.
INFO:[DataPipeline]:PlayList: [7287075766] 11æœˆä¸­å›½é£æ–°æ­Œï¼šçŒçŒå¯’å¨äº‘ä¸å· (253/1632) has 36 songs.
INFO:[DataPipeline]:PlayList: [7268165425] ä¸­å›½é£çº¯ä¹ï½œæµªè¿¹å¤©æ¶¯ï¼Œçœ‹æ±Ÿå±±å¦‚ç”» (254/1632) has 29 songs.
INFO:[DataPipeline]:PlayList: [2067204346] ã€Œä¸­å›½é£ç²¤è¯­ã€æ‰¿è½½ä½ çš„æ­¦ä¾ æ¢¦ (255/1632) has 87 songs.
INFO:[DataPipeline]:PlayList: [1776725921] ä¸­å›½é£ï½œä¸€æ›²ä¸­å›½é£ï¼Œå¬é†‰å¤šå°‘äºº (256/1632) has 34 songs.
INFO:[DataPipeline]:PlayList: [2924951304] ä¸­å›½é£ï¼Œæ–°æ—§æ–‡åŒ–çš„ç¢°æ’ (257/1632) has 20 songs.
INFO:[DataPipeline]:PlayList: [7304079425] ä¸­å›½é£çº¯éŸ³&#32;Â·&#32;æ­¦ä¾ æ±Ÿæ¹–çš„é€é¥ (258/1632) has 21 songs.
INFO:[DataPipeline]:PlayList: [2372395302] ç¼±ç»»ä¸­å›½é£ï¼Œè¯—æ„åå¤é­‚ (259/1632) has 102 songs.
INFO:[DataPipeline]:Sleep for: 33
INFO:[DataPipeline]:PlayList: [7126813120] 2019å¹´8æœˆä¸­å›½é£æ–°æ­Œ (260/1632) has 59 songs.
INFO:[DataPipeline]:PlayList: [7276512254] æ€å¿µä¹‹æ®‡&#32;Â·&#32;å¤è£…é‡Œçš„ä¸­å›½é£çº¯éŸ³ (261/1632) has 24 songs.
INFO:[DataPipeline]:PlayList: [3243785822] è€³æœµæµ‹è¯•ï¼è¿™äº›æ¬§ç¾æ­Œé‡Œå±…ç„¶æœ‰ä¸­å›½é£ï¼Ÿ (262/1632) has 31 songs.
INFO:[DataPipeline]:PlayList: [3267181404] ä¸­å›½é£ç”µå­ï¼Œå©‰çº¦ä¸å¤§æ°”çš„å®Œç¾ç»“åˆ (263/1632) has 181 songs.
INFO:[DataPipeline]:PlayList: [2942072450] æ–¹æ–‡å±±ç¬”ä¸‹çš„å”¯ç¾ä¸­å›½é£ (264/1632) has 30 songs.
INFO:[DataPipeline]:PlayList: [1736812809] å”¯æœ‰ä¸­å›½é£ä¸ç„å¹»æœ€é… (265/1632) has 31 songs.
INFO:[DataPipeline]:PlayList: [841440790] æƒ…è¿·ä¸­å›½é£Â·ç”µè§†å‰§ (266/1632) has 18 songs.
INFO:[DataPipeline]:PlayList: [3497676655] ç•…å¬æœ€ç¾çš„ä¸­å›½é£æ—‹å¾‹ (267/1632) has 46 songs.
INFO:[DataPipeline]:PlayList: [1779062785] å…¬å­ä¸–æ— åŒï¼šå¤è£…ç”·ç¥ä¹Ÿçˆ±å”±ä¸­å›½é£ (268/1632) has 42 songs.
INFO:[DataPipeline]:PlayList: [5638553471] æ‚é›†ä¸­å›½é£æ­Œå•&#40;å‡&#41; (269/1632) has 450 songs.
INFO:[DataPipeline]:Sleep for: 157
INFO:[DataPipeline]:PlayList: [7112408553] é‚£äº›è—åœ¨å°ä¼—éŸ³ä¹é‡Œçš„ä¸­å›½é£ (270/1632) has 21 songs.
INFO:[DataPipeline]:PlayList: [1136459893] æœ€åŠ¨å¬çš„ä¸­å›½é£çº¯éŸ³ä¹ (271/1632) has 18 songs.
INFO:[DataPipeline]:PlayList: [7249542697] ç¦…æ„ä¸­å›½é£&#32;Â·&#32;æ¾ä¸‹ä½›å‰æŒ‘å¤œç¯ (272/1632) has 24 songs.
INFO:[DataPipeline]:PlayList: [7187239172] 9æœˆä¸­å›½é£æ–°æ­Œï¼šä½•äº‹ç§‹é£æ‚²ç”»æ‰‡ (273/1632) has 38 songs.
INFO:[DataPipeline]:PlayList: [1136461566] æ–¹æ–‡å±±ï¼Œéšè—åœ¨é‡‰è‰²é‡Œçš„ä¸­å›½é£ç§˜å¯†ï¼ˆä¸€ï¼‰ (274/1632) has 35 songs.
INFO:[DataPipeline]:PlayList: [2638630804] ä¸­å›½é£ä¸¨å¤©çœŸçƒ‚æ¼«å°‘å¥³éŸ³ (275/1632) has 20 songs.
INFO:[DataPipeline]:PlayList: [1486802840] è¾¾äººå‘¨æœ«&#32;&#124;&#32;å¼¹ä¸€æ›²ï¼Œç‹¬ç‰¹éŸµå‘³çš„ä¸­å›½é£ç”µéŸ³ (276/1632) has 50 songs.
INFO:[DataPipeline]:PlayList: [2371751333] ã€Œå†å²æ—§å·ã€å¬æ—¥æœ¬éŸ³ä¹é‡Œçš„å£®ç¾ä¸­å›½é£ (277/1632) has 31 songs.
INFO:[DataPipeline]:PlayList: [2067212972] å€¾å¬æµè¡Œæ­Œæ‰‹ä»¬çš„ä¸­å›½é£æƒ…æ€€ (278/1632) has 63 songs.
INFO:[DataPipeline]:PlayList: [2919567677] é†‰ç¾ä¸è¿‡ä¸­å›½é£ (279/1632) has 53 songs.
INFO:[DataPipeline]:Sleep for: 156
INFO:[DataPipeline]:PlayList: [1436208579] ã€ä¸­å›½é£ã€‘çŸ¥å¦çŸ¥å¦ï¼Œåº”æ˜¯ç»¿è‚¥çº¢ç˜¦ (280/1632) has 245 songs.
INFO:[DataPipeline]:PlayList: [1724675670] 2016å½±è§†ä¸­å›½é£éŸ³ä¹ï¼ˆä¸Šï¼‰ (281/1632) has 33 songs.
INFO:[DataPipeline]:PlayList: [1129354358] ã€Œä¸­å›½é£â¤å¬é—»ã€æ­¤æƒ…æ— è®¡å¯æ¶ˆé™¤ (282/1632) has 20 songs.
INFO:[DataPipeline]:PlayList: [2371688328] ä¸­å›½ç”µå­Vol&#46;2&#32;&#124;&#32;ä¸­å›½é£ä¹Ÿå¯ä»¥å¾ˆé…·ç‚« (283/1632) has 34 songs.
INFO:[DataPipeline]:PlayList: [1136523779] ä¸­å›½é£Â·å±±å¤–å°æ¥¼å¬é£ (284/1632) has 19 songs.
INFO:[DataPipeline]:PlayList: [2667997676] ä¸­å›½é£&#38;å‘¨æ°ä¼¦ (285/1632) has 113 songs.
INFO:[DataPipeline]:PlayList: [3730268754] ä¸­å›½é£PKå¤é£ï¼šç«¹æ—æ·±å¤„å¾…å›çœ¸ (286/1632) has 80 songs.
INFO:[DataPipeline]:PlayList: [1979019513] ä¸­å›½é£çš„éŸµå‘³ (287/1632) has 18 songs.
INFO:[DataPipeline]:PlayList: [2356734882] å¬æµè¡Œä¸­å›½é£ï¼Œå¹ç¼±ç»»æ·¡é›…æƒ… (288/1632) has 18 songs.
INFO:[DataPipeline]:PlayList: [3422467278] å¿…å¬ç»å…¸ä¸­å›½é£ (289/1632) has 21 songs.
INFO:[DataPipeline]:Sleep for: 73
INFO:[DataPipeline]:PlayList: [2375185827] ä¸­å›½é£ç²¤è¯­ï½œå©‰è½¬æ‚ æ‰¬&#32;åˆ«æœ‰ä¸€ç•ªéŸµå‘³ (290/1632) has 26 songs.
INFO:[DataPipeline]:PlayList: [834187746] æ–°æ­Œå£°ï½œæœ€ç¾ä¸è¿‡ä¸­å›½é£ (291/1632) has 27 songs.
INFO:[DataPipeline]:PlayList: [2926037555] å¦‚æ¢¦å¦‚å¹»ï¼Œå¦‚è¯—å¦‚ç”»ä¸­å›½é£ (292/1632) has 15 songs.
INFO:[DataPipeline]:PlayList: [1129351670] ã€Œä¸­å›½é£â¤å€¾ä¸–ã€äººç”Ÿæœ‰å‘³æ˜¯æ¸…æ¬¢ (293/1632) has 19 songs.
INFO:[DataPipeline]:PlayList: [7259985206] bgmæŠ–éŸ³ä¸­å›½é£çº¯éŸ³ä¹å¤ç­è½»éŸ³ä¹é’¢ç´æ›²ç¡çœ  (294/1632) has 272 songs.
INFO:[DataPipeline]:PlayList: [3214607119] ä¸­å›½é£æ­Œæ›²é‡ŒåŠ¨äººè¯—å¥ (295/1632) has 8 songs.
INFO:[DataPipeline]:PlayList: [1438487520] å¸¦ç»™ä½ æ¸©æš–è‡³å¿ƒçš„ä¸­å›½ç¬›å­é£çº¯éŸ³ä¹ (296/1632) has 18 songs.
INFO:[DataPipeline]:PlayList: [1074287534] ç•…å¬æœ€ç¾çš„ä¸­å›½é£æ—‹å¾‹ (297/1632) has 41 songs.
INFO:[DataPipeline]:PlayList: [1757029169] å¤©ï¼æ”¹ç¼–åçš„ä¸­å›½é£å±…ç„¶å¯ä»¥è¿™ä¹ˆå¥½å¬ï¼ (298/1632) has 34 songs.
INFO:[DataPipeline]:PlayList: [780742657] ä»–ä»¬çš„â€œä¸­å›½é£â€ä¹Ÿæƒ³å’Œæ°ä¼¦å«å«æ¿ï¼ (299/1632) has 31 songs.
INFO:[DataPipeline]:Sleep for: 52
INFO:[DataPipeline]:PlayList: [6970644495] ã€ä¸­å›½é£ç”µéŸ³ã€æŠ–éŸ³å¤é£çº¯éŸ³ä¹ç”µéŸ³ç¥æ›²2019 (300/1632) has 239 songs.
INFO:[DataPipeline]:PlayList: [1363297557] ä¸€éƒ¨å¤å‰§çˆ±ä¸Šä¸­å›½é£ (301/1632) has 35 songs.
INFO:[DataPipeline]:PlayList: [3522180438] ä¸­å›½é£Â·ä»™è¶åŸè¯µéŸµéš½æ°¸ (302/1632) has 20 songs.
INFO:[DataPipeline]:PlayList: [841440409] æƒ…è¿·ä¸­å›½é£Â·äº¬å‰§/æˆè…” (303/1632) has 18 songs.
INFO:[DataPipeline]:PlayList: [3223462282] ä¸­å›½é£ç”µéŸ³&#32;ç»™ä½ ä¸ä¸€æ ·çš„æ„Ÿè§‰ (304/1632) has 20 songs.
INFO:[DataPipeline]:PlayList: [1722115981] å¤é£å¤éŸµï¼Œåƒé‡Œå¯»ä¸­å›½é£ (305/1632) has 26 songs.
INFO:[DataPipeline]:PlayList: [2298335411] æ¸©æš–ä¸­å›½é£å¹èµ°å¯’å†¬ (306/1632) has 18 songs.
INFO:[DataPipeline]:PlayList: [1691992815] åè¯­ï¼Œç‹¬ç‰¹éŸµå‘³çš„ä¸­å›½é£ (307/1632) has 18 songs.
INFO:[DataPipeline]:PlayList: [3520398596] ä¸­å›½é£Â·æŸ“ç«æ«æ—&#32;æœˆä¸‹çºµé©¬é•¿æ­Œ (308/1632) has 28 songs.
INFO:[DataPipeline]:PlayList: [3488129390] æ¸ºæ¸ºä¸­å›½é£ï¼Œç¼±ç»»æ·¡é›…æƒ… (309/1632) has 23 songs.
INFO:[DataPipeline]:Sleep for: 56
INFO:[DataPipeline]:PlayList: [39441892] æµªæ¼«ä¸­å›½é£ä¹‹å›é†‰çº¢é¢œ (310/1632) has 17 songs.
INFO:[DataPipeline]:PlayList: [4186770317] ä¸­å›½é£&#32;â”‚&#32;æ€å¸˜å€šçª—ç©ºæœ›è¿œ (311/1632) has 63 songs.
INFO:[DataPipeline]:PlayList: [1736813770] ã€ä¸­å›½é£ã€‘ä¸€æ›²æƒŠæ¾œä¸ºè°æ­Œ (312/1632) has 21 songs.
INFO:[DataPipeline]:PlayList: [2306489638] è§¦åŠ¨å¿ƒå¼¦çš„è¶…å¥½å¬ä¸­å›½é£ (313/1632) has 34 songs.
INFO:[DataPipeline]:PlayList: [2638631948] ä¸­å›½é£ä¸¨å£°å£°å…¥è€³ï¼Œä¸­å›½éŸµå¾‹&#32;å£¹ (314/1632) has 29 songs.
INFO:[DataPipeline]:PlayList: [1713431254] å½“ä¸­å›½é£é‡ä¸Šè¯´å”±rap&#46; (315/1632) has 20 songs.
INFO:[DataPipeline]:PlayList: [1136523953] ä¸€æ›²ä¸­å›½é£ï¼Œä¸€æŠ¹æ±Ÿå—æƒ… (316/1632) has 21 songs.
INFO:[DataPipeline]:PlayList: [2598343835] ä¸­å›½é£&#58;ä¾ç„¶è¯æ›²è¯—æ„çŠ¹å­˜ (317/1632) has 20 songs.
INFO:[DataPipeline]:PlayList: [1996611187] é†‰ç¾ä¸è¿‡ä¸€æ›²ä¸­å›½é£ (318/1632) has 12 songs.
INFO:[DataPipeline]:PlayList: [3271920194] æ¬§ç¾Â·ä¸­å›½é£â€–ä¸­è¥¿æ–‡åŒ–çš„å®Œç¾äº¤è (319/1632) has 112 songs.
INFO:[DataPipeline]:Sleep for: 55
INFO:[DataPipeline]:PlayList: [3481275295] ä¸€è§å€¾å¿ƒï¼Œå†é‡å¦‚æ•…ä¸­å›½é£ (320/1632) has 27 songs.
INFO:[DataPipeline]:PlayList: [1136524418] ã€Œä¸­å›½é£ã€æœ‰äººçš„åœ°æ–¹å°±æœ‰æ±Ÿæ¹– (321/1632) has 18 songs.
INFO:[DataPipeline]:PlayList: [1071493734] å¹æ‹‚åœ¨è€³ç•”çš„ä¸­å›½é£ (322/1632) has 50 songs.
INFO:[DataPipeline]:PlayList: [802499898] è†å¬æœ€ç¾çš„ä¸­å›½é£ (323/1632) has 26 songs.
INFO:[DataPipeline]:PlayList: [1467768611] çº¯éŸ³ä¹ä¸¨ä¸­å›½é£ä¸è½»ç”µéŸ³çš„å®Œç¾äº¤è (324/1632) has 19 songs.
INFO:[DataPipeline]:PlayList: [1973420580] ä¸­å›½é£Â·æ·¡çƒŸå¹½çœ‰é‡Œçš„æ°´å¢¨ä¸¹é’ (325/1632) has 44 songs.
INFO:[DataPipeline]:PlayList: [759264184] æ··æ­ä¸­å›½é£ã€‚è†å¬ç¾ï¼ˆç¬¬ä¸€å­£ï¼‰ (326/1632) has 47 songs.
INFO:[DataPipeline]:PlayList: [1099712568] ç”¨å¿ƒè†å¬ï¼Œç¥éŸµå”¯ç¾ä¸­å›½é£ (327/1632) has 35 songs.
INFO:[DataPipeline]:PlayList: [841440237] é‚£äº›å¥½å¬çš„ä¸­å›½é£æ¸¸æˆBGM (328/1632) has 46 songs.
INFO:[DataPipeline]:PlayList: [3540670157] é¥±å«å”è¯—å®‹è¯çš„ä¸­å›½é£ (329/1632) has 20 songs.
INFO:[DataPipeline]:Sleep for: 116
INFO:[DataPipeline]:PlayList: [1136462093] å¤éŸµæ‚ ç„¶&#32;&#124;&#32;ä¸€äººä¸€é¦–ä¸­å›½é£ (330/1632) has 24 songs.
INFO:[DataPipeline]:PlayList: [1097368838] å‡ºå½©ä¸­å›½é£ï¼Œå‡ºå½©ä¸­å›½æƒ… (331/1632) has 22 songs.
INFO:[DataPipeline]:PlayList: [1400454862] æ›²ç¼ å¿ƒå¤´ç»•è€³è¿‡ï¼Œå”¯ç¾ä¸­å›½é£ã€‚ (332/1632) has 29 songs.
INFO:[DataPipeline]:PlayList: [1985818147] ç»†ç»†å“å‘³ï¼Œä¸­å›½é£çš„ç‹¬ç‰¹éŸµå‘³ (333/1632) has 21 songs.
INFO:[DataPipeline]:PlayList: [1970661648] ä¸­å›½é£Â·è¯—æƒ…ç”»æ„é‡Œçš„æ°´å¢¨ä¸¹é’ (334/1632) has 22 songs.
INFO:[DataPipeline]:PlayList: [1677429286] ä¸­å›½é£ï¼Œå°±æ˜¯è¦é¦–é¦–ç»å…¸ (335/1632) has 35 songs.
INFO:[DataPipeline]:PlayList: [1984450082] å¾®é£å¤éŸµç•™é†‡éŸ³ï¼Œä¸­å›½é£æ­Œæ›²å°é›† (336/1632) has 20 songs.
INFO:[DataPipeline]:PlayList: [1676558435] ä¸­å›½é£å‡ å¤šé¦–ï¼Œç”»é¢å„ä¸åŒ (337/1632) has 45 songs.
INFO:[DataPipeline]:PlayList: [1966462202] ç”·ç¥ç‹¬ç•…ä¸­å›½é£ (338/1632) has 38 songs.
INFO:[DataPipeline]:PlayList: [1377177239] ä¸­å›½é£é‡Œçš„æ„å¢ƒéŸ³éŸµ (339/1632) has 22 songs.
INFO:[DataPipeline]:Sleep for: 152
INFO:[DataPipeline]:PlayList: [1669441450] ä¸­å›½é£é‡Œé¢çš„å¦‚èŠ±æ¢¦å¢ƒ (340/1632) has 20 songs.
INFO:[DataPipeline]:PlayList: [1678228134] ä¸¤å­—ä¸­å›½é£ï¼ŒéŸµå‘³æ›´æ‚ é•¿ (341/1632) has 26 songs.
INFO:[DataPipeline]:PlayList: [3470447267] æœ€å”¯ç¾çš„æµè¡Œä¸­å›½é£æ°‘ä¹ (342/1632) has 24 songs.
INFO:[DataPipeline]:PlayList: [2881752535] é‚£äº›å”¯ç¾çš„ä¸­å›½é£ (343/1632) has 30 songs.
INFO:[DataPipeline]:PlayList: [2339497465] å”¯ç¾ä¸­å›½é£ï¼Œæ‚ æ‚ åå¤éŸµ (344/1632) has 20 songs.
INFO:[DataPipeline]:PlayList: [1406647667] å€¾å¬ä¸€é¦–é†‰äººä¸­å›½é£ (345/1632) has 18 songs.
INFO:[DataPipeline]:PlayList: [1725941745] ç”¨éŸ³ä¹è§¦åŠ¨ä½ çš„å¿ƒå¼¦çš„ä¸­å›½é£æ­Œæ›² (346/1632) has 21 songs.
INFO:[DataPipeline]:PlayList: [1678475408] ç»å…¸ä¸­å›½é£æ­Œæ›²é€‰å½• (347/1632) has 29 songs.
INFO:[DataPipeline]:PlayList: [2275211348] é‚‚é€…é†‰ç¾ä¸­å›½é£ (348/1632) has 27 songs.
INFO:[DataPipeline]:PlayList: [2925038242] å±äºä»–ä»¬å¿ƒä¸­çš„ç²¤è¯­ä¸­å›½é£æƒ…æ€€ (349/1632) has 26 songs.
INFO:[DataPipeline]:Sleep for: 173
INFO:[DataPipeline]:PlayList: [6953813363] ä¸­å›½é£ (350/1632) has 240 songs.
INFO:[DataPipeline]:PlayList: [1973416488] ä¸­å›½é£Â·ç®¡å¼¦å’Œé¸£é‡Œçš„æ°´å¢¨ä¸¹é’ (351/1632) has 33 songs.
INFO:[DataPipeline]:PlayList: [1674768406] ç»™ä¸­å›½é£æ¥ç‚¹åŠ›é‡ (352/1632) has 22 songs.
INFO:[DataPipeline]:PlayList: [1670947988] ç½‘è·¯ä¸Šå¾ˆæµè¡Œçš„å¤é£ä¸­å›½é£ (353/1632) has 23 songs.
INFO:[DataPipeline]:PlayList: [1348839275] å¥½å¬åˆ°å¿ƒç¢çš„ä¸­å›½é£çº¯éŸ³ä¹ (354/1632) has 17 songs.
INFO:[DataPipeline]:PlayList: [2247170577] ä¸­å›½é£çš„æ­Œï¼Œæ˜¯å¦å¬è¿‡å‘¢ (355/1632) has 16 songs.
INFO:[DataPipeline]:PlayList: [1959486892] ç•…å¬æœ€ç¾çš„ä¸­å›½é£ (356/1632) has 14 songs.
INFO:[DataPipeline]:PlayList: [1736813304] å€¼å¾—å¾ªç¯çš„ä¸­å›½é£æ­Œæ›² (357/1632) has 34 songs.
INFO:[DataPipeline]:PlayList: [846388203] ã€æ•è¾¹ä¸­å›½é£ã€‘è†å¬ç»†é›¨æ±Ÿå—æ›² (358/1632) has 18 songs.
INFO:[DataPipeline]:PlayList: [1079610829] åå¼¦åå¹´ä¸­å›½é£&#32;ä½ é”™è¿‡äº†å¤šå°‘ï¼Ÿ (359/1632) has 27 songs.
INFO:[DataPipeline]:Sleep for: 94
INFO:[DataPipeline]:PlayList: [1736824520] ã€ä¸­å›½é£ã€‘é•¿æ­Œå©‰è½¬ï¼Œå¤éŸµæ‚ ç„¶&#32;å£¹ (360/1632) has 20 songs.
INFO:[DataPipeline]:PlayList: [1172107771] ç²¤è¯­ä¸­å›½é£ï¼šå†ç°é¦™æ¸¯å½±è§†ç»å…¸ (361/1632) has 35 songs.
INFO:[DataPipeline]:PlayList: [1343404160] é†‰ç¾ä¸è¿‡ä¸­å›½é£ (362/1632) has 22 songs.
INFO:[DataPipeline]:PlayList: [1136523632] æƒ…è¿·ä¸­å›½é£Â·ç”µå½± (363/1632) has 18 songs.
INFO:[DataPipeline]:PlayList: [1099800832] å¤å…¸ä¸­å›½é£ï¼ŒéŸµå‘³æ‚ é•¿ (364/1632) has 13 songs.
INFO:[DataPipeline]:PlayList: [3150201193] å¬æµè¡Œä¹é‚‚é€…ä¸­å›½é£ (365/1632) has 30 songs.
INFO:[DataPipeline]:PlayList: [4144794488] å—¨çš®ç»å…¸ä¸­å›½é£ (366/1632) has 262 songs.
INFO:[DataPipeline]:PlayList: [3557827981] è¡æ°”å›è‚ ï¼å½“ç”µéŸ³é‚‚é€…ä¸­å›½é£ (367/1632) has 156 songs.
INFO:[DataPipeline]:PlayList: [7184156537] æŠ–éŸ³æœ€ç«ğŸ”¥ä¸­å›½é£ (368/1632) has 188 songs.
INFO:[DataPipeline]:PlayList: [1089356196] ã€éŸ³ä¹å°è¯´ç¬¬äºŒæœŸã€‘ä¸­å›½é£VSå’Œé£ (369/1632) has 20 songs.
INFO:[DataPipeline]:Sleep for: 54
INFO:[DataPipeline]:PlayList: [2304956521] å°æç´æ¼”å¥çš„ä¸­å›½é£ (370/1632) has 21 songs.
INFO:[DataPipeline]:PlayList: [1032553459] ç‡ƒçƒ§åˆ«æ ·ä¸­å›½é£ (371/1632) has 15 songs.
INFO:[DataPipeline]:PlayList: [3121935869] ä¸ä¸€æ ·çš„ä¸­å›½é£&#32;ä½ çŸ¥é“å‡ é¦–ï¼Ÿ (372/1632) has 20 songs.
INFO:[DataPipeline]:PlayList: [2033699234] ç››ç§‹é™ä¸´ï¼Œå·èµ·ä¸€é˜µé™ä¸­å›½é£ (373/1632) has 18 songs.
INFO:[DataPipeline]:PlayList: [3254850883] æ˜¥æœ«å¤åˆï¼Œæ‚ æ‰¬ä¸­å›½é£ä¸ä½ ç›¸ä¼´&#10; (374/1632) has 36 songs.
INFO:[DataPipeline]:PlayList: [1129350093] ã€Œä¸­å›½é£â¤ä¼¤æƒ…ã€æ¨æŸ³å²¸æ™“é£æ®‹æœˆ (375/1632) has 18 songs.
INFO:[DataPipeline]:PlayList: [2889698130] é‚£äº›å¹æ‹‚åœ¨è€³ç•”çš„å”¯ç¾ä¸­å›½é£ (376/1632) has 20 songs.
INFO:[DataPipeline]:PlayList: [3030109505] ä¸­å›½é£ï¼Œä¸­å›½æƒ… (377/1632) has 17 songs.
INFO:[DataPipeline]:PlayList: [3199012577] æŒšçˆ±çš„ä¸­å›½é£å°æ›² (378/1632) has 81 songs.
INFO:[DataPipeline]:PlayList: [3451909833] å„è‡ªåŸŸçš„ä¸­å›½é£å’Œç¾å¥½çš„ä¸œæ–¹æœé¥°ä»¬ (379/1632) has 15 songs.
INFO:[DataPipeline]:Sleep for: 104
INFO:[DataPipeline]:PlayList: [2083734639] ç²¤è¯­ä¸­å›½é£ï¼šè¿˜ä½ ä¸€ä¸ªæµ…ç¬‘ï¼Œé†‰å…¥æˆ‘å¿ƒæ‰‰ (380/1632) has 24 songs.
INFO:[DataPipeline]:PlayList: [1103206369] æ¢¦é­‚é£æ‰¬ä¸­å›½é£ (381/1632) has 68 songs.
INFO:[DataPipeline]:PlayList: [1952809586] æ¸…æ˜Â·ç®¡å¼¦ä¸ç«¹æ¼”ç»å”¯ç¾ä¸­å›½é£ (382/1632) has 27 songs.
INFO:[DataPipeline]:PlayList: [3502836742] ä¸­å›½é£ï¼Œå…±èµè·å¶æ¡ƒèŠ± (383/1632) has 58 songs.
INFO:[DataPipeline]:PlayList: [3578015324] é€‚åˆå“èŒ¶æ—¶å¬çš„ä¸­å›½é£è½»éŸ³ä¹ (384/1632) has 18 songs.
INFO:[DataPipeline]:PlayList: [3201664634] ä¸­å›½é£ä¸¨æµ…å°è¾„æ­¢ (385/1632) has 35 songs.
INFO:[DataPipeline]:PlayList: [1699505282] ä¸­å›½é£,æ— æ³•æŠ—æ‹’çš„&#42;&#42;&#42;&#42; (386/1632) has 22 songs.
INFO:[DataPipeline]:PlayList: [1470637200] æ—¥æœ¬å¤§å¸ˆé»„é’Ÿå¤§å•ä¹‹ä½œï¼šæµ“éƒä¸­å›½éŸ³éŸµé£ (387/1632) has 28 songs.
INFO:[DataPipeline]:PlayList: [1744968844] JJæ–°å¹´ç¬¬ä¸€é¦–ä¸­å›½é£æ­Œæ›²ï¼ (388/1632) has 45 songs.
INFO:[DataPipeline]:PlayList: [2668576684] æ¯æ—¥æ–°æ­Œï¼šæ´¾ä¼Ÿä¿Šæ–¹æ–‡å±±å¤§ç§€ç”µéŸ³ä¸­å›½é£ (389/1632) has 58 songs.
INFO:[DataPipeline]:Sleep for: 115
INFO:[DataPipeline]:PlayList: [2601846823] é¢ å€’ä¼—ç”Ÿä¸­å›½é£ (390/1632) has 79 songs.
INFO:[DataPipeline]:PlayList: [20151575] è†å¬ï¼šä¸­å›½é£ (391/1632) has 19 songs.
INFO:[DataPipeline]:PlayList: [2338364708] ä¸­å›½é£ï¼Œè®©è‡ªå·±è¯—æƒ…ç”»æ„ä¸€ç•ª (392/1632) has 18 songs.
INFO:[DataPipeline]:PlayList: [2953680506] è·Ÿç€ä¸­å›½é£çš„ç”µéŸ³ä¸€èµ·æ‘‡æ‘† (393/1632) has 50 songs.
INFO:[DataPipeline]:PlayList: [3201675255] ä¸­å›½é£æå…¶çš„å¥½ (394/1632) has 48 songs.
INFO:[DataPipeline]:PlayList: [1999962525] ä¸­å›½é£ï¼Œæ²‰é†‰åœ¨è¿™æ—‹å¾‹ä¸­ (395/1632) has 49 songs.
INFO:[DataPipeline]:PlayList: [1095361746] æ­Œå°½é£é›…ï¼Œç»†å“ä¸€æ›²ä¸­å›½é£ (396/1632) has 20 songs.
INFO:[DataPipeline]:PlayList: [39442892] å”¯ç¾ä¸­å›½é£ä¹‹ä¼ŠäººåŸæƒ… (397/1632) has 18 songs.
INFO:[DataPipeline]:PlayList: [1614386992] è¿™ä¸€æ›²æ›²ä¸­å›½é£&#46;ä¸€å®šä¼šè®©ä½ æµè¿å¿˜è¿”&#46; (398/1632) has 112 songs.
INFO:[DataPipeline]:PlayList: [1136460126] å¤§æ°”ç£…ç¤´ä¸­å›½é£ (399/1632) has 18 songs.
INFO:[DataPipeline]:Sleep for: 34
INFO:[DataPipeline]:PlayList: [700450630] ä¸­å›½é£&#32;å¤é£&#32;&#32;å”¯ç¾æ­Œè¯ä¸æ„å¢ƒ (400/1632) has 38 songs.
INFO:[DataPipeline]:PlayList: [6965411879] bgmæŠ–éŸ³ä¸­å›½é£çº¯éŸ³ä¹å¤ç­è½»éŸ³ä¹é’¢ç´æ›²ç¡çœ  (401/1632) has 303 songs.
INFO:[DataPipeline]:PlayList: [2034408900] ç´ç‘Ÿå’Œé¸£Â·ä¸­å›½é£å¯¹å”±æ­Œæ›² (402/1632) has 18 songs.
INFO:[DataPipeline]:PlayList: [2638629801] é•¿é£å½“æ­ŒÂ·æœ€å¥½å¬çš„ä¸­å›½é£&#32;è´° (403/1632) has 27 songs.
INFO:[DataPipeline]:PlayList: [3214554210] ä¸­å›½é£ä¸­æ‰€è—çš„å‡„ç¾æ•…äº‹ï¼Œä½ å¬å‡ºæ¥äº†å—ï¼Ÿ (404/1632) has 40 songs.
INFO:[DataPipeline]:PlayList: [39443892] é‚£äº›åçˆ±ä¸­å›½é£çš„æµè¡Œæ›² (405/1632) has 18 songs.
INFO:[DataPipeline]:PlayList: [3259274293] ä¸­å›½é£å˜»å“ˆ&#32;&#32;Hip&#32;Hop (406/1632) has 33 songs.
INFO:[DataPipeline]:PlayList: [2638628055] ä¾ éª¨ä¸¹å¿ƒä¸­å›½é£ (407/1632) has 18 songs.
INFO:[DataPipeline]:PlayList: [2034408544] å½“ä¸­å›½é£é‡ä¸Šè¯´å”± (408/1632) has 18 songs.
INFO:[DataPipeline]:PlayList: [1300036413] æµè¡Œè‡³ä»Šçš„ä¸­å›½é£ (409/1632) has 28 songs.
INFO:[DataPipeline]:Sleep for: 144
INFO:[DataPipeline]:PlayList: [1999755454] æ¯é¦–éƒ½å¯å¾ªç¯æ’­æ”¾çš„ä¸­å›½é£ (410/1632) has 23 songs.
INFO:[DataPipeline]:PlayList: [39440892] éœ¸æ°”ä¸­å›½é£ä¹‹æ±Ÿæ¹–è‹±é›„ (411/1632) has 12 songs.
INFO:[DataPipeline]:PlayList: [6937129256] ä¸­å›½é£ (412/1632) has 162 songs.
INFO:[DataPipeline]:PlayList: [1736813483] ç²¤è¯­æ­Œé‡Œçš„ä¸­å›½é£æƒ…èŠ‚ (413/1632) has 25 songs.
INFO:[DataPipeline]:PlayList: [1130085532] è¯—æ„æ°‘è°£ä¸­ä¸€ç¼•ä¸­å›½é£&#32;è´° (414/1632) has 18 songs.
INFO:[DataPipeline]:PlayList: [1136461912] æ–¹æ–‡å±±ï¼Œéšè—åœ¨é‡‰è‰²é‡Œçš„ä¸­å›½é£ç§˜å¯†ï¼ˆäºŒï¼‰ (415/1632) has 19 songs.
INFO:[DataPipeline]:PlayList: [30120216] å”¯ç¾ä¼¤æ„Ÿä¸­å›½é£ (416/1632) has 10 songs.
INFO:[DataPipeline]:PlayList: [1136459273] ã€ä¸­å›½é£ã€‘ç»å…¸èƒŒæ™¯éŸ³ä¹ (417/1632) has 18 songs.
INFO:[DataPipeline]:PlayList: [2626857001] ä¸­å›½é£é‡Œçš„åŠ¨äººæ—‹å¾‹ (418/1632) has 28 songs.
INFO:[DataPipeline]:PlayList: [2797820348] é‚£äº›æ·±æ·±çœ·æ‹çš„ä¸­å›½é£ (419/1632) has 13 songs.
INFO:[DataPipeline]:Sleep for: 57
INFO:[DataPipeline]:PlayList: [1132723373] ä½ å¯èƒ½ä¸æ›¾å¬è¿‡çš„ä¸­å›½é£&#32;è´° (420/1632) has 20 songs.
INFO:[DataPipeline]:PlayList: [2638632243] çœ‹ä¸€éƒ¨å¤è£…å‰§ï¼Œçˆ±å‡ é¦–ä¸­å›½é£ (421/1632) has 34 songs.
INFO:[DataPipeline]:PlayList: [1258103491] è®¸åµ©ï¼šæ‹ä¸Šâ€œè®¸æ°ä¸­å›½é£â€ (422/1632) has 10 songs.
INFO:[DataPipeline]:PlayList: [1136524887] ä½ åœ¨çº¢æ¥¼ï¼Œæˆ‘åœ¨è¥¿æ¸¸ï¼ˆä¸­å›½é£â€»å‰ç¯‡ï¼‰ (423/1632) has 18 songs.
INFO:[DataPipeline]:PlayList: [2638631106] ä¸­å›½é£ä¸¨å£°å£°å…¥è€³ï¼Œä¸­å›½éŸµå¾‹&#32;è´° (424/1632) has 26 songs.
INFO:[DataPipeline]:PlayList: [41188828] ç»å…¸ä¸­å›½é£ï¼Œå”±å°½å¤éŸµï¼Œä¸€æ›²å¿†åƒå¹´ (425/1632) has 10 songs.
INFO:[DataPipeline]:PlayList: [2638629033] â€»ä¸­å›½é£â€»&#32;æ±Ÿå±±å¦‚ç”»ï¼Œå¸ç‹çº·äº‰ (426/1632) has 18 songs.
INFO:[DataPipeline]:PlayList: [1668320710] æœ€å¼ºä¸­å›½é£ï¼Œå‘¨è‘£ç­‰è¿™ä½  (427/1632) has 26 songs.
INFO:[DataPipeline]:PlayList: [658516955] çº¢é¢œï¼Œè‹±é›„ï¼Œä¸­å›½é£ (428/1632) has 10 songs.
INFO:[DataPipeline]:PlayList: [2935522488] é‚£äº›æ¸¸æˆé‡Œçš„ä¸­å›½é£ (429/1632) has 20 songs.
INFO:[DataPipeline]:Sleep for: 35
INFO:[DataPipeline]:PlayList: [2638107565] è¯—æ„æµè½¬ï¼Œé‚£äº›ç»å…¸çš„ä¸­å›½é£èƒŒæ™¯ä¹ (430/1632) has 18 songs.
INFO:[DataPipeline]:PlayList: [18242527] è®¸åµ©çš„ä¸­å›½é£æ­Œæ›² (431/1632) has 16 songs.
INFO:[DataPipeline]:PlayList: [18590495] ã€ç©ºé—´ä¸“è¾‘è‡ªèã€‘å”¯ç¾ä¸­å›½é£ã€‚ (432/1632) has 8 songs.
INFO:[DataPipeline]:PlayList: [32899151] ç§’æ€æ¸…æ–°æ§çš„ä¸­å›½é£ (433/1632) has 13 songs.
INFO:[DataPipeline]:PlayList: [3557664294] ä¸­å›½é£æ‘‡æ»šï¼šæ„Ÿå—æ‘‡æ»šçš„è¯—æƒ…ç”»æ„ï¼Œè±ªæ”¾æŸ”è‚  (434/1632) has 20 songs.
INFO:[DataPipeline]:PlayList: [2339497919] å€¾ä¸–ä¸­å›½éŸµÂ·ä¸­å›½é£Â·çº¯éŸ³ (435/1632) has 18 songs.
INFO:[DataPipeline]:PlayList: [2638627484] ä¾ éª¨æŸ”æƒ…ï¼Œæ­¦ä¾ ç‰‡ä¸­å›½é£é…ä¹ (436/1632) has 38 songs.
INFO:[DataPipeline]:PlayList: [18366961] ä¸­å›½é£ã€æœ€æ—¶å°šâ€ (437/1632) has 9 songs.
INFO:[DataPipeline]:PlayList: [11917475] æœ€çˆ±ä¸­å›½é£â…  (438/1632) has 10 songs.
INFO:[DataPipeline]:PlayList: [2328743639] ã€ä¸­å›½é£ã€‘ä¸€æ›²æ‚ æ‰¬æ¼«ç¯±å¢™ (439/1632) has 22 songs.
INFO:[DataPipeline]:Sleep for: 151
INFO:[DataPipeline]:PlayList: [19067973] ä¸»æ‰“,å‘¨æ°ä¸­å›½é£çš„éŸµå‘³ (440/1632) has 9 songs.
INFO:[DataPipeline]:PlayList: [1929797739] å¤å…¸æ‚„ç„¶èµ°è¿›ä¸­å›½é£å¿ƒé—´ (441/1632) has 25 songs.
INFO:[DataPipeline]:PlayList: [1227955986] æ¬§ç¾ä¸­å›½é£R&#38;B (442/1632) has 11 songs.
INFO:[DataPipeline]:PlayList: [14280008] ä¸­å›½é£æ¸¸æˆçº¯éŸ³&#32;ä»™å‰‘VSèœ€å±± (443/1632) has 9 songs.
INFO:[DataPipeline]:PlayList: [3632971993] å¤§â€œGAIâ€ä¸­å›½é£ï¼Œ&#32;æ±Ÿæ¹–å˜»å“ˆGAI (444/1632) has 39 songs.
INFO:[DataPipeline]:PlayList: [1163764806] ã€Œé…ä¹å‘ã€æ¢å¼˜å¤§æ°”çš„ä¸­å›½é£çº¯éŸ³ (445/1632) has 20 songs.
INFO:[DataPipeline]:PlayList: [40305698] æ¸©å©‰æŸ”æƒ…&#32;å¤§æ°”ä¸­å›½é£ (446/1632) has 11 songs.
INFO:[DataPipeline]:PlayList: [3077524241] èˆŒå°–ä¸Šçš„ä¸­å›½é£ (447/1632) has 8 songs.
INFO:[DataPipeline]:PlayList: [1354502210] ä¸­å›½é£ç²¾é€‰ã€çè—ç‰ˆã€‘ (448/1632) has 14 songs.
INFO:[DataPipeline]:PlayList: [3537288947] è‘«èŠ¦ä¸å£°ä¸­çš„æ‚ æ‚ ä¸­å›½é£ (449/1632) has 18 songs.
INFO:[DataPipeline]:Sleep for: 123
INFO:[DataPipeline]:PlayList: [961806786] ç§’æ€èŠ‚å¥æ§çš„ä¸­å›½é£ (450/1632) has 10 songs.
INFO:[DataPipeline]:PlayList: [3433458612] é‚£äº›å•æ›²å¾ªç¯è¿‡çš„ä¸­å›½é£ (451/1632) has 53 songs.
INFO:[DataPipeline]:PlayList: [13819407] ä¸­å›½é£æ¸¸æˆçº¯éŸ³&#32;ä»™å‰‘VSèœ€å±± (452/1632) has 6 songs.
INFO:[DataPipeline]:PlayList: [33102125] å‘¨è‘£çš„ä¸­å›½é£ (453/1632) has 12 songs.
INFO:[DataPipeline]:PlayList: [13928398] ç§‹é£æ‘‡æ›³&#32;å‡ç¥è†å¬ä¸­å›½é£â€¦ (454/1632) has 9 songs.
INFO:[DataPipeline]:PlayList: [1558311097] å‘ç°å¥½å¬ï¼šä¸»æ‰“æ­Œï¼Œä¸­å›½é£ (455/1632) has 9 songs.
INFO:[DataPipeline]:PlayList: [2846493726] ä¸­å›½é£ï¼šä½ ä¸€å®šè¦è®°ä½è®¸åµ©&#46; (456/1632) has 23 songs.
INFO:[DataPipeline]:PlayList: [31718488] æœ€çˆ±çš„ä¸­å›½é£ (457/1632) has 5 songs.
INFO:[DataPipeline]:PlayList: [32168425] æ¸©å©‰æŸ”æƒ…ä¸­å›½é£ (458/1632) has 8 songs.
INFO:[DataPipeline]:PlayList: [2913781320] å¯¹å”±æƒ…æ­Œï¼Œå€¾å¿ƒä¸­å›½é£ (459/1632) has 38 songs.
INFO:[DataPipeline]:Sleep for: 175
INFO:[DataPipeline]:PlayList: [38916332] æ‚ æ‚ ç®«ç¬›å£°ï¼Œé†‰ç¾ä¸­å›½é£ (460/1632) has 10 songs.
INFO:[DataPipeline]:PlayList: [2379251460] ä¸­å›½å˜»å“ˆVol&#46;9&#32;&#124;&#32;å˜»å“ˆä¸­å›½é£ï¼Œé¥¶èˆŒä¼šæ­¦åŠŸ (461/1632) has 40 songs.
INFO:[DataPipeline]:PlayList: [2638629475] é•¿é£å½“æ­ŒÂ·æœ€å¥½å¬çš„ä¸­å›½é£&#32;å£¹ (462/1632) has 31 songs.
INFO:[DataPipeline]:PlayList: [4029160939] ã€å›½é£ç”µéŸ³ã€&#32;å¸¦å¥½è€³æœºæ„Ÿå—ä¸­å›½é£ (463/1632) has 20 songs.
INFO:[DataPipeline]:PlayList: [38784973] çº¢é¢œï¼Œè‹±é›„ï¼Œä¸­å›½é£ (464/1632) has 10 songs.
INFO:[DataPipeline]:PlayList: [1136459097] ä½ å¯èƒ½ä¸æ›¾å¬è¿‡çš„ä¸­å›½é£&#32;å£¹ (465/1632) has 22 songs.
INFO:[DataPipeline]:PlayList: [3412414849] å¤è¯æ–°æ„ï¼Œå”¯ç¾ä¸­å›½é£ (466/1632) has 24 songs.
INFO:[DataPipeline]:PlayList: [2613530865] ä¸­å›½é£çš„å¤é£ç»å…¸ (467/1632) has 34 songs.
INFO:[DataPipeline]:PlayList: [1136524744] ä½ åœ¨çº¢æ¥¼ï¼Œæˆ‘åœ¨è¥¿æ¸¸ï¼ˆä¸­å›½é£â€»åç¯‡ï¼‰ (468/1632) has 18 songs.
INFO:[DataPipeline]:PlayList: [30740013] æ„å¢ƒä¸­å›½é£ (469/1632) has 10 songs.
INFO:[DataPipeline]:Sleep for: 52
INFO:[DataPipeline]:PlayList: [1558310340] å¿§ä¼¤ä¸­å›½é£ï¼šå°†å”¯ç¾è¿›è¡Œåˆ°åº• (470/1632) has 12 songs.
INFO:[DataPipeline]:PlayList: [1407810707] å¤é£å¤éŸµï¼Œåƒé‡Œå¯»ä¸­å›½é£ (471/1632) has 463 songs.
INFO:[DataPipeline]:PlayList: [3381263406] è¯—æƒ…ç”»æ„&#32;ä¸­å›½é£ (472/1632) has 28 songs.
INFO:[DataPipeline]:PlayList: [1351130712] å¤éŸµä¸­å›½é£ (473/1632) has 35 songs.
INFO:[DataPipeline]:PlayList: [2242875213] æœ€çˆ±ä¸­å›½é£æ­Œæ›² (474/1632) has 17 songs.
INFO:[DataPipeline]:PlayList: [1585448852] å”¯ç¾çš„è¯ï¼Œå”¯ç¾çš„ä¸­å›½é£ (475/1632) has 12 songs.
INFO:[DataPipeline]:PlayList: [3799369922] æ¸…ç®«åŸæƒ…&#32;&#124;&#32;ä¸­å›½é£ä¹å™¨çº¯éŸ³é€‰é›† (476/1632) has 19 songs.
INFO:[DataPipeline]:PlayList: [37444361] è®¸åµ©ï¼šæ‹ä¸Šâ€œè®¸æ°ä¸­å›½é£â€ (477/1632) has 10 songs.
INFO:[DataPipeline]:PlayList: [1322399489] è½½å…¥å²å†Œçš„ä¸­å›½é£æ‘‡æ»š (478/1632) has 12 songs.
INFO:[DataPipeline]:PlayList: [3117570706] é‚£äº›æ·±å…¥è€³ç›®çš„ä¸­å›½é£ (479/1632) has 10 songs.
INFO:[DataPipeline]:Sleep for: 98
INFO:[DataPipeline]:PlayList: [3454376003] é‚£äº›è®©äººæƒ³å“­çš„ä¸­å›½é£ (480/1632) has 17 songs.
INFO:[DataPipeline]:PlayList: [31425430] æœ€ç¾&#32;æœ€çº¯ç²¹&#32;æœ€ä¸­å›½é£ (481/1632) has 7 songs.
INFO:[DataPipeline]:PlayList: [1439230424] ç°ä»£çš„éŸ³ä¹å”±å‡ºå¤å…¸çš„å‘³é“â€”00å¹´ä»£ä¸­å›½é£ (482/1632) has 20 songs.
INFO:[DataPipeline]:PlayList: [1736751127] æ‚ æ‚ æ›²ä¸­æƒ…&#32;&#32;æµ“æµ“ä¸­å›½é£ (483/1632) has 18 songs.
INFO:[DataPipeline]:PlayList: [1136459441] å†…åœ°ç‹¬ç«‹ä¹é˜Ÿçš„ä¸­å›½é£æƒ…ç»“ (484/1632) has 18 songs.
INFO:[DataPipeline]:PlayList: [3528729903] å‘¨æ°ä¼¦ä¸­å›½é£åˆé›† (485/1632) has 18 songs.
INFO:[DataPipeline]:PlayList: [39869764] å‘ç°å¥½å¬ï¼šä¸»æ‰“æ­Œï¼Œä¸­å›½é£ (486/1632) has 9 songs.
INFO:[DataPipeline]:PlayList: [2034409251] ç‹¬ç«‹éŸ³ä¹ä¸­ä¸€ç¼•ä¸­å›½é£ (487/1632) has 21 songs.
INFO:[DataPipeline]:PlayList: [1427893400] ä¼˜é›…å©‰çº¦æ´¾ä¸­å›½é£å¥½æ­Œæ›² (488/1632) has 43 songs.
INFO:[DataPipeline]:PlayList: [29894539] æ‚ æ‚ ä¸­å›½é£ (489/1632) has 11 songs.
INFO:[DataPipeline]:Sleep for: 56
INFO:[DataPipeline]:PlayList: [31895287] å¤ç´éŸµå¾‹ä¸­å›½é£ (490/1632) has 10 songs.
INFO:[DataPipeline]:PlayList: [2033980808] ä¸­å›½é£æ¸¸æˆä¹æ›²&#32;åœ¨ä¹ç« é‡Œé£˜æ‘‡æ²‰æµ®ï¼ˆäºŒï¼‰ (491/1632) has 25 songs.
INFO:[DataPipeline]:PlayList: [1332396307] é‚£äº›å›å‘³çš„ä¸­å›½é£ (492/1632) has 9 songs.
INFO:[DataPipeline]:PlayList: [2649467507] é™¤å¤œä¼ ç»Ÿâ€œå¹´â€ï¼Œæ€èƒ½å°‘äº†ä¸­å›½é£ï¼Ÿ (493/1632) has 50 songs.
INFO:[DataPipeline]:PlayList: [2638630407] åŸæ¥ä»–ä»¬éƒ½çˆ±å‘¨æ°ä¼¦çš„ä¸­å›½é£ (494/1632) has 19 songs.
INFO:[DataPipeline]:PlayList: [708983216] å¤é£ä¸­å›½é£ (495/1632) has 126 songs.
--- Logging error ---
Traceback (most recent call last):
  File "/Library/Python/3.7/site-packages/urllib3/connection.py", line 157, in _new_conn
    (self._dns_host, self.port), self.timeout, **extra_kw
  File "/Library/Python/3.7/site-packages/urllib3/util/connection.py", line 84, in create_connection
    raise err
  File "/Library/Python/3.7/site-packages/urllib3/util/connection.py", line 74, in create_connection
    sock.connect(sa)
TimeoutError: [Errno 60] Operation timed out

During handling of the above exception, another exception occurred:

Traceback (most recent call last):
  File "/Library/Python/3.7/site-packages/urllib3/connectionpool.py", line 672, in urlopen
    chunked=chunked,
  File "/Library/Python/3.7/site-packages/urllib3/connectionpool.py", line 376, in _make_request
    self._validate_conn(conn)
  File "/Library/Python/3.7/site-packages/urllib3/connectionpool.py", line 994, in _validate_conn
    conn.connect()
  File "/Library/Python/3.7/site-packages/urllib3/connection.py", line 300, in connect
    conn = self._new_conn()
  File "/Library/Python/3.7/site-packages/urllib3/connection.py", line 169, in _new_conn
    self, "Failed to establish a new connection: %s" % e
urllib3.exceptions.NewConnectionError: <urllib3.connection.VerifiedHTTPSConnection object at 0x112efedd8>: Failed to establish a new connection: [Errno 60] Operation timed out

During handling of the above exception, another exception occurred:

Traceback (most recent call last):
  File "/Library/Python/3.7/site-packages/requests/adapters.py", line 449, in send
    timeout=timeout
  File "/Library/Python/3.7/site-packages/urllib3/connectionpool.py", line 720, in urlopen
    method, url, error=e, _pool=self, _stacktrace=sys.exc_info()[2]
  File "/Library/Python/3.7/site-packages/urllib3/util/retry.py", line 436, in increment
    raise MaxRetryError(_pool, url, error or ResponseError(cause))
urllib3.exceptions.MaxRetryError: HTTPSConnectionPool(host='c.y.qq.com', port=443): Max retries exceeded with url: /lyric/fcgi-bin/fcg_query_lyric.fcg?g_tk=5381&format=json&inCharset=utf-8&outCharset=utf-8&platform=h5&needNewCode=1&nobase64=1&musicid=104139965&_=1513437581324 (Caused by NewConnectionError('<urllib3.connection.VerifiedHTTPSConnection object at 0x112efedd8>: Failed to establish a new connection: [Errno 60] Operation timed out'))

During handling of the above exception, another exception occurred:

Traceback (most recent call last):
  File "runner_qq.py", line 60, in process_playlist
    lyric = api.get_song_lyric(song.id)
  File "/private/var/root/.jenkins/workspace/data-zhongguofeng/dao/qq_api.py", line 43, in get_song_lyric
    raw_text = self.fetch_raw(url)
  File "/private/var/root/.jenkins/workspace/data-zhongguofeng/dao/base_api.py", line 34, in fetch_raw
    verify=False)
  File "/Library/Python/3.7/site-packages/requests/api.py", line 75, in get
    return request('get', url, params=params, **kwargs)
  File "/Library/Python/3.7/site-packages/requests/api.py", line 60, in request
    return session.request(method=method, url=url, **kwargs)
  File "/Library/Python/3.7/site-packages/requests/sessions.py", line 533, in request
    resp = self.send(prep, **send_kwargs)
  File "/Library/Python/3.7/site-packages/requests/sessions.py", line 646, in send
    r = adapter.send(request, **kwargs)
  File "/Library/Python/3.7/site-packages/requests/adapters.py", line 516, in send
    raise ConnectionError(e, request=request)
requests.exceptions.ConnectionError: HTTPSConnectionPool(host='c.y.qq.com', port=443): Max retries exceeded with url: /lyric/fcgi-bin/fcg_query_lyric.fcg?g_tk=5381&format=json&inCharset=utf-8&outCharset=utf-8&platform=h5&needNewCode=1&nobase64=1&musicid=104139965&_=1513437581324 (Caused by NewConnectionError('<urllib3.connection.VerifiedHTTPSConnection object at 0x112efedd8>: Failed to establish a new connection: [Errno 60] Operation timed out'))

During handling of the above exception, another exception occurred:

Traceback (most recent call last):
  File "/Applications/Xcode.app/Contents/Developer/Library/Frameworks/Python3.framework/Versions/3.7/lib/python3.7/logging/__init__.py", line 1034, in emit
    msg = self.format(record)
  File "/Applications/Xcode.app/Contents/Developer/Library/Frameworks/Python3.framework/Versions/3.7/lib/python3.7/logging/__init__.py", line 880, in format
    return fmt.format(record)
  File "/Applications/Xcode.app/Contents/Developer/Library/Frameworks/Python3.framework/Versions/3.7/lib/python3.7/logging/__init__.py", line 619, in format
    record.message = record.getMessage()
  File "/Applications/Xcode.app/Contents/Developer/Library/Frameworks/Python3.framework/Versions/3.7/lib/python3.7/logging/__init__.py", line 380, in getMessage
    msg = msg % self.args
TypeError: not all arguments converted during string formatting
Call stack:
  File "runner_qq.py", line 158, in <module>
    main()
  File "runner_qq.py", line 145, in main
    args.proxy, logger, args.dump_raw, args.dump_seg)
  File "runner_qq.py", line 70, in process_playlist
    logger.error("Exception in processing songs: ", err)
Message: 'Exception in processing songs: '
Arguments: (ConnectionError(MaxRetryError("HTTPSConnectionPool(host='c.y.qq.com', port=443): Max retries exceeded with url: /lyric/fcgi-bin/fcg_query_lyric.fcg?g_tk=5381&format=json&inCharset=utf-8&outCharset=utf-8&platform=h5&needNewCode=1&nobase64=1&musicid=104139965&_=1513437581324 (Caused by NewConnectionError('<urllib3.connection.VerifiedHTTPSConnection object at 0x112efedd8>: Failed to establish a new connection: [Errno 60] Operation timed out'))")),)
INFO:[DataPipeline]:PlayList: [1736750688] ä¸œæ–¹å¤éŸµï¼Œä¸€å“ä¸­å›½é£ (496/1632) has 19 songs.
INFO:[DataPipeline]:PlayList: [1611842610] æ–°æ´¾ä¸­å›½é£&#32;å”¯æˆ‘æ‰€çˆ± (497/1632) has 10 songs.
INFO:[DataPipeline]:PlayList: [1129352960] ã€Œä¸­å›½é£â¤æ‚¦äº«ã€æ¶ˆå¾—ä¸€å£°èºï¼Œä¸œé£ä¸‰æœˆæƒ…ã€‚ (498/1632) has 18 songs.
INFO:[DataPipeline]:PlayList: [2431071897] å”¯ç¾ä¸­å›½é£&#32;å¥½è¿é©¬ä¸Šæ¥ (499/1632) has 8 songs.
INFO:[DataPipeline]:Sleep for: 87
INFO:[DataPipeline]:PlayList: [31514073] æœ€çˆ±ä¸­å›½é£ (500/1632) has 20 songs.
INFO:[DataPipeline]:PlayList: [2257292672] ä¸æœ½ä¸­å›½é£ã€‚ (501/1632) has 28 songs.
INFO:[DataPipeline]:PlayList: [1369686073] ä¸­å›½é£çº¯éŸ³ä¹ï¼ˆä»™å‰‘ï¼Œæ­¦ä¾ ï¼Œå¤é£ï¼‰ (502/1632) has 238 songs.
INFO:[DataPipeline]:PlayList: [4235935591] æ¢¦æŒ‡è‹ç©¹ï¼šç‡ƒç³»ä¸­å›½é£é‡‘å± (503/1632) has 18 songs.
INFO:[DataPipeline]:PlayList: [2678405599] æˆ˜é©¬å¥”è…¾ï¼Œä¸­å›½é£é‡‘å± (504/1632) has 18 songs.
INFO:[DataPipeline]:PlayList: [3185715173] æ‚ æ‚ å¤é£orç°ä»£ä¸­å›½é£ (505/1632) has 43 songs.
INFO:[DataPipeline]:PlayList: [1736813951] ã€ä¸­å›½é£ã€‘ä½™éŸ³ç»•æ¢ï¼Œæ•…äººå·²å½’ (506/1632) has 23 songs.
INFO:[DataPipeline]:PlayList: [2751399166] å¤§ç©ä¸­å›½é£çš„æ¬§ç¾æ­Œ (507/1632) has 10 songs.
INFO:[DataPipeline]:PlayList: [786010712] ä¸­å›½é£æ­Œæ›²å¤§èµ (508/1632) has 43 songs.
INFO:[DataPipeline]:PlayList: [39509841] æ—¥æœ¬å¤§å¸ˆç¬”ä¸‹çš„ä¸­å›½é£ (509/1632) has 11 songs.
INFO:[DataPipeline]:Sleep for: 86
INFO:[DataPipeline]:PlayList: [3508456377] ä¸­å›½é£çš„éŸµå¾‹ (510/1632) has 25 songs.
INFO:[DataPipeline]:PlayList: [1838352972] ä¸­å›½é£ (511/1632) has 10 songs.
INFO:[DataPipeline]:PlayList: [1616017884] é‚£äº›å¹´ï¼Œæœ€çˆ±çš„ä¸­å›½é£ (512/1632) has 16 songs.
INFO:[DataPipeline]:PlayList: [38599894] æµè¡Œä¸­çš„ä¸­å›½é£ (513/1632) has 10 songs.
INFO:[DataPipeline]:PlayList: [31144219] å¤ç´æ¼”ç»ï¼Œä¸­å›½é£ (514/1632) has 10 songs.
INFO:[DataPipeline]:PlayList: [1908515821] ä¸­å›½é£&#45;åˆå¹´æ—‹å¾‹&#32; (515/1632) has 15 songs.
INFO:[DataPipeline]:PlayList: [2033979707] ä¸­å›½é£æ¸¸æˆä¹æ›²&#32;è¯·ä»”ç»†è†å¬ï¼ˆä¸€ï¼‰ (516/1632) has 18 songs.
INFO:[DataPipeline]:PlayList: [816818530] å¤éŸµå¦–å¨†ä¸­å›½é£ï¼Œæ²‰æµ¸åœ¨è¿™ä¸ªä¸–ç•Œ (517/1632) has 56 songs.
INFO:[DataPipeline]:PlayList: [3234479819] æ»¡æ»¡ä¸­å›½é£çš„æ–°æ°‘ä¹ä½³ä½œ (518/1632) has 20 songs.
INFO:[DataPipeline]:PlayList: [1457597226] å‘¨æ°ä¼¦&#124;ä¸­å›½é£æ­Œæ›²å¤§èµ (519/1632) has 28 songs.
INFO:[DataPipeline]:Sleep for: 159
INFO:[DataPipeline]:PlayList: [1176720377] çº¢æ­Œç»å…¸ä¸­å›½é£&#32;è€é©å‘½æ­Œæ›² (520/1632) has 60 songs.
INFO:[DataPipeline]:PlayList: [1925808600] æ‹ä¸Šâ€œåµ©å¼â€ä¸­å›½é£ (521/1632) has 14 songs.
INFO:[DataPipeline]:PlayList: [1290598947] å¤é£&#32;ä¸­å›½é£ (522/1632) has 9 songs.
INFO:[DataPipeline]:PlayList: [39510829] æ¸©æŸ”ä¸­å›½é£ (523/1632) has 12 songs.
INFO:[DataPipeline]:PlayList: [29832515] ä¸­å›½é£&#32;å­æœ›ä¸ä»– (524/1632) has 12 songs.
INFO:[DataPipeline]:PlayList: [1987238719] è†å¬æ¸¯å¼æ­¦ä¾ ä¸­çš„ç»å…¸ä¸­å›½é£ (525/1632) has 23 songs.
INFO:[DataPipeline]:PlayList: [2824030481] é‚£äº›å¹´ï¼Œæˆ‘çˆ±çš„ä¸­å›½é£ (526/1632) has 15 songs.
INFO:[DataPipeline]:PlayList: [2668916498] æ¬§ç¾è¯´å”±é‡Œçš„ä¸­å›½é£ï¼Œåˆ›æ„åè¶³ (527/1632) has 18 songs.
INFO:[DataPipeline]:PlayList: [3235541762] 2010å¹´é‚£äº›ä¸èƒ½é”™è¿‡çš„ä¸­å›½é£ (528/1632) has 18 songs.
INFO:[DataPipeline]:PlayList: [15253062] æœ€çˆ±ä¸­å›½é£&#32;å¤å…¸éŸ³ä¹æ­£åœ¨è‹é†’ (529/1632) has 8 songs.
INFO:[DataPipeline]:Sleep for: 131
INFO:[DataPipeline]:PlayList: [1277450390] å¤é£â€¢ä¸­å›½é£ (530/1632) has 141 songs.
INFO:[DataPipeline]:PlayList: [1166235027] China&#32;ä¸­å›½é£çš„åŠ¨æ„Ÿç”µå­éŸ³ä¹ (531/1632) has 89 songs.
INFO:[DataPipeline]:PlayList: [37751365] ä¸­å›½é£ç½‘ç»œæ¸¸æˆèƒŒæ™¯éŸ³ä¹ (532/1632) has 8 songs.
INFO:[DataPipeline]:PlayList: [39721764] å¿§ä¼¤ä¸­å›½é£ï¼šå°†å”¯ç¾è¿›è¡Œåˆ°åº• (533/1632) has 12 songs.
INFO:[DataPipeline]:PlayList: [1736823995] ã€ä¸­å›½é£Â·ç”µå­ã€‘æ„Ÿå—è§’å¾µå®«å•†çš„è¡æ°”å›è‚  (534/1632) has 18 songs.
INFO:[DataPipeline]:PlayList: [2944062520] æ¢¦æƒ³çš„å£°éŸ³ï½œæ—ä¿Šæ°ç©è½¬â€œä¸­å›½é£â€ (535/1632) has 25 songs.
INFO:[DataPipeline]:PlayList: [1455088713] æç‰åˆšä¸­å›½é£ (536/1632) has 208 songs.
INFO:[DataPipeline]:PlayList: [1662263838] å€¾å°½å¤©ä¸‹&#32;å”¯ä¸€æ›²ä¸­å›½é£ (537/1632) has 26 songs.
INFO:[DataPipeline]:PlayList: [5374437849] æ¯æ—¥æ–°æ­Œï¼šé­æ™¨&#38;ç‹é“®äº®ç©è½¬ä¸­å›½é£ (538/1632) has 68 songs.
INFO:[DataPipeline]:PlayList: [1083589277] çº¢å°˜éšå¿ƒèµ°ï¼Œæµè¡Œä¸­å›½é£ (539/1632) has 31 songs.
INFO:[DataPipeline]:Sleep for: 46
INFO:[DataPipeline]:PlayList: [38766345] ä¸­å›½é£ä¸­çš„ç»å…¸æ¼”ç» (540/1632) has 11 songs.
--- Logging error ---
Traceback (most recent call last):
  File "runner_qq.py", line 53, in process_playlist
    songs = api.get_songs_from_playlist(playlist_id)
  File "/private/var/root/.jenkins/workspace/data-zhongguofeng/dao/qq_api.py", line 23, in get_songs_from_playlist
    response = self.fetch(url).get("cdlist", [])[0]
IndexError: list index out of range

During handling of the above exception, another exception occurred:

Traceback (most recent call last):
  File "/Applications/Xcode.app/Contents/Developer/Library/Frameworks/Python3.framework/Versions/3.7/lib/python3.7/logging/__init__.py", line 1034, in emit
    msg = self.format(record)
  File "/Applications/Xcode.app/Contents/Developer/Library/Frameworks/Python3.framework/Versions/3.7/lib/python3.7/logging/__init__.py", line 880, in format
    return fmt.format(record)
  File "/Applications/Xcode.app/Contents/Developer/Library/Frameworks/Python3.framework/Versions/3.7/lib/python3.7/logging/__init__.py", line 619, in format
    record.message = record.getMessage()
  File "/Applications/Xcode.app/Contents/Developer/Library/Frameworks/Python3.framework/Versions/3.7/lib/python3.7/logging/__init__.py", line 380, in getMessage
    msg = msg % self.args
TypeError: not all arguments converted during string formatting
Call stack:
  File "runner_qq.py", line 158, in <module>
    main()
  File "runner_qq.py", line 145, in main
    args.proxy, logger, args.dump_raw, args.dump_seg)
  File "runner_qq.py", line 85, in process_playlist
    logger.error("Exception in processing playlist: ", e)
Message: 'Exception in processing playlist: '
Arguments: (IndexError('list index out of range'),)
INFO:[DataPipeline]:PlayList: [1065299481] çŠ¹è®°æµå¹´ï¼Œå”¯ç¾ä¸­å›½é£ (541/1632) has 16 songs.
INFO:[DataPipeline]:PlayList: [20190860] äº‘ç«¯å¤©ç±&#32;&#32;æ¸…éŸµæ‚ æ‰¬ä¸­å›½é£ (542/1632) has 11 songs.
INFO:[DataPipeline]:PlayList: [1736751396] ä¸­å¼è¥¿å”±Â·è¥¿æ´‹æ‰€ç†è§£çš„ä¸­å›½é£ (543/1632) has 25 songs.
INFO:[DataPipeline]:PlayList: [998711392] åè¯­æµè¡Œä¸­å›½é£ (544/1632) has 20 songs.
INFO:[DataPipeline]:PlayList: [2647465426] å°½äº«ä¸­å›½é£ç”µéŸ³å¸¦æ¥çš„ç‹¬ç‰¹é­…åŠ› (545/1632) has 16 songs.
INFO:[DataPipeline]:PlayList: [3512987417] æµè¡Œä¸­å›½é£&#32;çˆ±çš„å°±æ˜¯è¿™ä¸ªè°ƒè°ƒ (546/1632) has 93 songs.
INFO:[DataPipeline]:PlayList: [2617581637] ä¸­å›½é£ï¼Œæ›²è¿·äººï¼Œè¯èµ°å¿ƒ (547/1632) has 197 songs.
INFO:[DataPipeline]:PlayList: [28435213] æ”¶é›†çš„ä¸­å›½é£æ­Œæ›² (548/1632) has 50 songs.
INFO:[DataPipeline]:PlayList: [1001261835] å¹æœçš„è®¸æ°ä¸­å›½é£ (549/1632) has 17 songs.
INFO:[DataPipeline]:Sleep for: 159
INFO:[DataPipeline]:PlayList: [19588086] æ·¡é›…ä¸­å›½é£&#32;è½»æŸ”å¦‚é£çš„ç¾ (550/1632) has 7 songs.
INFO:[DataPipeline]:PlayList: [1083377395] æœ€çˆ±ä¸­å›½é£ (551/1632) has 14 songs.
INFO:[DataPipeline]:PlayList: [21953006] å›ç¯ä¸­å›½é£&#32;æµ…åŸä½å”± (552/1632) has 7 songs.
INFO:[DataPipeline]:PlayList: [674849517] å”¯ç¾çš„å‘¨å¼ä¸­å›½é£ (553/1632) has 12 songs.
INFO:[DataPipeline]:PlayList: [1460669460] ä¸­å›½é£ç”µéŸ³&#40;Chinaç³»åˆ—&#41; (554/1632) has 44 songs.
INFO:[DataPipeline]:PlayList: [1624483744] åˆ«æ ·ä¸­å›½é£ï¼Œç»™ä½ åˆ«æ ·æ„Ÿè§‰ã€‚ (555/1632) has 51 songs.
INFO:[DataPipeline]:PlayList: [661905429] é‚£äº›å¹´ä½ ä¸èƒ½å¿˜è®°çš„ä¸­å›½é£ (556/1632) has 10 songs.
INFO:[DataPipeline]:PlayList: [15410281] åœ°é“ä¸­å›½é£&#32;å…¨æ°‘è´ºä¸–åš (557/1632) has 12 songs.
INFO:[DataPipeline]:PlayList: [799195655] ç»å…¸ä¸­å›½é£ï¼Œåœ¨éŸ³ä¹ä¸­æ‰¾å›æˆ‘ä»¬çš„æ•…äº‹ (558/1632) has 30 songs.
INFO:[DataPipeline]:PlayList: [3487316697] å½“ä¸­å›½é£é‡ä¸Šè¯´å”± (559/1632) has 35 songs.
INFO:[DataPipeline]:Sleep for: 141
INFO:[DataPipeline]:PlayList: [862069931] 3Dä¸­å›½é£ç”µéŸ³â€”å›½é£ç‡ƒ&#46;é†‰å…¶èº«&#46;å‚äºå¿ƒ (560/1632) has 78 songs.
INFO:[DataPipeline]:PlayList: [3508454626] æœ€ç¾ä¸­å›½é£ï¼Œå¤éŸµæ‚ ç„¶ (561/1632) has 62 songs.
INFO:[DataPipeline]:PlayList: [1889495893] å”¯ç¾ä¸­å›½é£ (562/1632) has 30 songs.
INFO:[DataPipeline]:PlayList: [2880533862] å°†å”¯ç¾ä¸­å›½é£è¿›è¡Œåˆ°åº• (563/1632) has 18 songs.
INFO:[DataPipeline]:PlayList: [3562674099] èƒ¡å½¦æ–Œï¼Œå¬å®Œè€³æœµä¼šæ€€å­•çš„ä¸­å›½é£ (564/1632) has 27 songs.
INFO:[DataPipeline]:PlayList: [1460917740] æ´›å¤©ä¾ã€Œä¸­å›½é£ã€éŸ³ä¹åˆé›† (565/1632) has 54 songs.
INFO:[DataPipeline]:PlayList: [1711554093] å¤é­…å¦–å¨†ä¸­å›½é£ï¼Œå”¯ç¾å¥½å¬ (566/1632) has 60 songs.
INFO:[DataPipeline]:PlayList: [3563738853] å¤å…¸çº¯éŸ³ä¹BGMÂ·ä¸­å›½é£å¤å…¸ä¹ (567/1632) has 88 songs.
INFO:[DataPipeline]:PlayList: [36247342] æµè¡Œæ­Œæ›²ä¹Ÿæœ‰ä¸­å›½é£ (568/1632) has 13 songs.
INFO:[DataPipeline]:PlayList: [1682261896] é‚£äº›æ»¡æ»¡ä¸­å›½é£çš„è‹±æ–‡æ­Œ (569/1632) has 30 songs.
INFO:[DataPipeline]:Sleep for: 53
INFO:[DataPipeline]:PlayList: [40103614] æœ€å—æ¬¢è¿çš„åé¦–ä¸­å›½é£ (570/1632) has 10 songs.
INFO:[DataPipeline]:PlayList: [13314101] ä¸­å›½é£ (571/1632) has 12 songs.
INFO:[DataPipeline]:PlayList: [3761846727] ç”µå­&#32;&#32;ä¸­å›½é£ (572/1632) has 42 songs.
INFO:[DataPipeline]:PlayList: [3187776832] ä¸­å›½é£èƒŒæ™¯éŸ³ä¹BGMï¼Œçº¯éŸ³ä¹ (573/1632) has 38 songs.
INFO:[DataPipeline]:PlayList: [4260812540] ä¸­å›½é£ (574/1632) has 73 songs.
INFO:[DataPipeline]:PlayList: [32296025] æ—¥æœ¬å¤§å¸ˆç¬”ä¸‹çš„ä¸­å›½é£ (575/1632) has 11 songs.
INFO:[DataPipeline]:PlayList: [1558311667] å˜‰äººä¸­å›½é£ï¼šè®¸èŒ¹èŠ¸çš„æ—¶å°šç¼ªæ–¯éŸ³ä¹ (576/1632) has 15 songs.
INFO:[DataPipeline]:PlayList: [6428035387] æƒ…è¿·ä¸­å›½é£Â· (577/1632) has 503 songs.
INFO:[DataPipeline]:PlayList: [2660288754] ã€Œä¸­å›½é£ç”µéŸ³ã€å½“çƒ­çƒˆç”µå­é‡åˆ°æŸ”æƒ…å¤é£æ—¶ (578/1632) has 88 songs.
INFO:[DataPipeline]:PlayList: [2495607479] ä¸­å›½é£ï¼Œç™¾å¬ä¸åŒ (579/1632) has 9 songs.
INFO:[DataPipeline]:Sleep for: 117
INFO:[DataPipeline]:PlayList: [3460856637] æ°ä¼¦ä¹‹ä¸­å›½é£ (580/1632) has 18 songs.
INFO:[DataPipeline]:PlayList: [3440534414] æœ€çˆ±ä¸­å›½é£&#32;è¯—éŸµæŠ¹é•¿ç©º (581/1632) has 23 songs.
INFO:[DataPipeline]:PlayList: [26560502] å›½å¤–ä¹Ÿåˆ®ä¸­å›½é£ (582/1632) has 8 songs.
INFO:[DataPipeline]:PlayList: [33281976] æ¬§ç¾å¤å¤è°£&#32;æ—¶å°šä¸­å›½é£ (583/1632) has 5 songs.
INFO:[DataPipeline]:PlayList: [36576343] å”¯ç¾ä¸­å›½é£ (584/1632) has 11 songs.
INFO:[DataPipeline]:PlayList: [1770399801] Higher&#32;Brothersä¸­å›½é£è¯´å”± (585/1632) has 36 songs.
INFO:[DataPipeline]:PlayList: [1413335780] å¥½å¬çš„ä¸­å›½é£ï¼ˆè½»éŸ³ä¹ï¼‰ (586/1632) has 40 songs.
INFO:[DataPipeline]:PlayList: [39657878] çˆ±æµè¡Œ&#32;æ›´çˆ±ä¸­å›½é£ (587/1632) has 7 songs.
INFO:[DataPipeline]:PlayList: [39477878] ä¸­å›½é£&#32;å°†å”¯ç¾é›…éŸµè¿›è¡Œåˆ°åº• (588/1632) has 8 songs.
INFO:[DataPipeline]:PlayList: [1302702973] ç†Ÿæ‚‰çš„æ—‹å¾‹&#126;ä¸­å›½é£ (589/1632) has 10 songs.
INFO:[DataPipeline]:Sleep for: 71
INFO:[DataPipeline]:PlayList: [2060450301] ä¸­å›½é£å¤é£äºŒæ¬¡å…ƒæ—¥è¯­å¤§æ··åˆ (590/1632) has 822 songs.
INFO:[DataPipeline]:PlayList: [1146453436] ä¸­å›½å”±è¯—ç­&#45;æœ€ç¾ä¸­å›½é£ (591/1632) has 445 songs.
INFO:[DataPipeline]:PlayList: [3189813183] ä»å›½å¤–éŸ³ä¹ä¸­å¯»è§…ä¸­å›½é£çš„ç—•è¿¹ (592/1632) has 19 songs.
INFO:[DataPipeline]:PlayList: [2295928340] ä¸­å›½é£ï¼Œç¥ä»™æ¢¦ (593/1632) has 21 songs.
INFO:[DataPipeline]:PlayList: [2153591114] å…¸é›…ä¸­å›½é£ (594/1632) has 10 songs.
INFO:[DataPipeline]:PlayList: [37263389] ä¸­å›½é£ (595/1632) has 71 songs.
INFO:[DataPipeline]:PlayList: [1418168390] é‚£äº›è¢«å¿½ç•¥å´éå¸¸å¥½å¬çš„ä¸­å›½é£ (596/1632) has 15 songs.
INFO:[DataPipeline]:PlayList: [1175874578] å¤é£&#32;/ä¸­å›½é£/æ°‘è°£/æˆè…” (597/1632) has 996 songs.
INFO:[DataPipeline]:PlayList: [1551774598] æŸ”ç¾ä¸­å›½é£ (598/1632) has 8 songs.
INFO:[DataPipeline]:PlayList: [14368725] å¼¦éŸ³æµè½¬ã€€æ—¶å°šä¸­å›½é£ (599/1632) has 10 songs.
INFO:[DataPipeline]:Sleep for: 176
INFO:[DataPipeline]:PlayList: [3235725154] æ¬§ç¾é£ä¸ä¸­å›½é£&#32;ä½ æ›´å–œæ¬¢å“ªç§å‘¢ï¼Ÿ (600/1632) has 457 songs.
INFO:[DataPipeline]:PlayList: [2966193555] ä¸­å›½é£ (601/1632) has 732 songs.
INFO:[DataPipeline]:PlayList: [30842122] ä¸­å›½é£ (602/1632) has 19 songs.
INFO:[DataPipeline]:PlayList: [860969313] ä¸­å›½é£ (603/1632) has 189 songs.
INFO:[DataPipeline]:PlayList: [34003725] å€Ÿç€ä¹æ„Ÿã€€ç»†å“æ¬§ç¾ä¸­å›½é£ (604/1632) has 5 songs.
INFO:[DataPipeline]:PlayList: [13474784] 09&#33;å¼‚åŸŸåˆ®èµ·ä¸­å›½é£&#33; (605/1632) has 5 songs.
INFO:[DataPipeline]:PlayList: [27794685] æµè¡Œä¸­å›½é£&#32;é™ç§‹å¿†é€&#32;æµè¿å¿˜è¿” (606/1632) has 8 songs.
INFO:[DataPipeline]:PlayList: [4221107342] ä¸­å›½é£ï¼Œå›å¿†ï¼Œæƒ…æ€€ï¼Œæ€€æ—§ (607/1632) has 257 songs.
INFO:[DataPipeline]:PlayList: [1756409102] ç¦…æ„ä¸­å›½é£ (608/1632) has 22 songs.
INFO:[DataPipeline]:PlayList: [14863540] èŠ±å¬—ã€åçˆ±çš„ä¸­å›½é£ã€‚ (609/1632) has 5 songs.
INFO:[DataPipeline]:Sleep for: 158
INFO:[DataPipeline]:PlayList: [875493964] å‘¨æ°ä¼¦&#38;æ–¹æ–‡å±±çš„ä¸­å›½é£ (610/1632) has 27 songs.
INFO:[DataPipeline]:PlayList: [1401229920] ä¸­å›½é£éŸ³ä¹ (611/1632) has 31 songs.
INFO:[DataPipeline]:PlayList: [29605610] å¤å…¸éŸµå‘³&#32;æ¬§ç¾R&#38;Bä¸­å›½é£ (612/1632) has 5 songs.
INFO:[DataPipeline]:PlayList: [5489122804] ä¸­å›½é£ (613/1632) has 258 songs.
INFO:[DataPipeline]:PlayList: [38921926] ä½ ä¸çŸ¥é“ä»–ä»¬ä¹Ÿå”±è¿‡çš„ä¸­å›½é£ (614/1632) has 12 songs.
INFO:[DataPipeline]:PlayList: [39202826] é‚£äº›æ·±å…¥äººå¿ƒçš„ä¸­å›½é£ (615/1632) has 14 songs.
INFO:[DataPipeline]:PlayList: [3218402566] è®©ä½ å€¼å¾—å¾ªç¯çš„ä¸­å›½é£æ­Œæ›² (616/1632) has 93 songs.
INFO:[DataPipeline]:PlayList: [2067716277] ä¸­å›½é£&#38;ç”µéŸ³ (617/1632) has 26 songs.
INFO:[DataPipeline]:PlayList: [3591569306] ã€Œä¸æ–­æ›´æ–°ã€CCTVã€Šå›½å®¶å®è—ã€‹é‡Œçš„ä¸­å›½é£ (618/1632) has 128 songs.
INFO:[DataPipeline]:PlayList: [3574268998] æ‹æ‹ä¸­å›½é£ï¼Œæ›²é£æ‚ è¿œï¼Œæ•…äººç¦»æ‚²ï¼Œå·²å»ã€‚ (619/1632) has 22 songs.
INFO:[DataPipeline]:Sleep for: 174
INFO:[DataPipeline]:PlayList: [853433042] ã€å¤é£/ä¸­å›½é£ã€‘æ›¾ç»æ²§æµ·éš¾ä¸ºæ°´ (620/1632) has 200 songs.
INFO:[DataPipeline]:PlayList: [39735725] æœ€çˆ±ä¸­å›½é£ (621/1632) has 6 songs.
INFO:[DataPipeline]:PlayList: [2595455627] è¯—æƒ…ç”»æ„ä¸­å›½é£ (622/1632) has 41 songs.
INFO:[DataPipeline]:PlayList: [2972395823] æœ‰çµæ€§çš„ä¸­å›½é£ç”µéŸ³ (623/1632) has 16 songs.
INFO:[DataPipeline]:PlayList: [1438348349] ä¸­å›½é£â€œå‡¤å‡°ä¼ å¥‡â€ (624/1632) has 19 songs.
INFO:[DataPipeline]:PlayList: [1730298148] ä¸­å›½é£ç”µéŸ³ä¸¨å¤§æ°”çš„å®«è°ƒå¼ç”µå­ (625/1632) has 24 songs.
INFO:[DataPipeline]:PlayList: [2085060587] ä¸­å›½é£&#43;æµè¡Œ (626/1632) has 380 songs.
INFO:[DataPipeline]:PlayList: [38215332] ä¸­å›½é£æ’ä¸ŠR&#38;B (627/1632) has 10 songs.
INFO:[DataPipeline]:PlayList: [20544802] ç©ºå¯‚&#32;ä¸­å›½é£&#32;çº¯éŸ³ä¹ (628/1632) has 8 songs.
INFO:[DataPipeline]:PlayList: [3741027754] å¤§çˆ±ä¸­å›½é£ (629/1632) has 38 songs.
INFO:[DataPipeline]:Sleep for: 137
INFO:[DataPipeline]:PlayList: [4084413689] ä¸­å›½é£ (630/1632) has 179 songs.
INFO:[DataPipeline]:PlayList: [3745579275] ä¸­å›½é£Â·æ­Œå£°é£˜è¿‡40å¹´Â·æ°‘æ­Œç»å…¸ (631/1632) has 47 songs.
INFO:[DataPipeline]:PlayList: [2960349238] ä¸­å›½é£è½»ç”µéŸ³ (632/1632) has 67 songs.
INFO:[DataPipeline]:PlayList: [26670401] å¤éŸµä¸­å›½é£ (633/1632) has 9 songs.
INFO:[DataPipeline]:PlayList: [1118901349] æ‹æ‹ä¸­å›½é£ (634/1632) has 210 songs.
--- Logging error ---
Traceback (most recent call last):
  File "/Library/Python/3.7/site-packages/urllib3/connection.py", line 157, in _new_conn
    (self._dns_host, self.port), self.timeout, **extra_kw
  File "/Library/Python/3.7/site-packages/urllib3/util/connection.py", line 84, in create_connection
    raise err
  File "/Library/Python/3.7/site-packages/urllib3/util/connection.py", line 74, in create_connection
    sock.connect(sa)
TimeoutError: [Errno 60] Operation timed out

During handling of the above exception, another exception occurred:

Traceback (most recent call last):
  File "/Library/Python/3.7/site-packages/urllib3/connectionpool.py", line 672, in urlopen
    chunked=chunked,
  File "/Library/Python/3.7/site-packages/urllib3/connectionpool.py", line 376, in _make_request
    self._validate_conn(conn)
  File "/Library/Python/3.7/site-packages/urllib3/connectionpool.py", line 994, in _validate_conn
    conn.connect()
  File "/Library/Python/3.7/site-packages/urllib3/connection.py", line 300, in connect
    conn = self._new_conn()
  File "/Library/Python/3.7/site-packages/urllib3/connection.py", line 169, in _new_conn
    self, "Failed to establish a new connection: %s" % e
urllib3.exceptions.NewConnectionError: <urllib3.connection.VerifiedHTTPSConnection object at 0x11381f9b0>: Failed to establish a new connection: [Errno 60] Operation timed out

During handling of the above exception, another exception occurred:

Traceback (most recent call last):
  File "/Library/Python/3.7/site-packages/requests/adapters.py", line 449, in send
    timeout=timeout
  File "/Library/Python/3.7/site-packages/urllib3/connectionpool.py", line 720, in urlopen
    method, url, error=e, _pool=self, _stacktrace=sys.exc_info()[2]
  File "/Library/Python/3.7/site-packages/urllib3/util/retry.py", line 436, in increment
    raise MaxRetryError(_pool, url, error or ResponseError(cause))
urllib3.exceptions.MaxRetryError: HTTPSConnectionPool(host='c.y.qq.com', port=443): Max retries exceeded with url: /lyric/fcgi-bin/fcg_query_lyric.fcg?g_tk=5381&format=json&inCharset=utf-8&outCharset=utf-8&platform=h5&needNewCode=1&nobase64=1&musicid=106373418&_=1513437581324 (Caused by NewConnectionError('<urllib3.connection.VerifiedHTTPSConnection object at 0x11381f9b0>: Failed to establish a new connection: [Errno 60] Operation timed out'))

During handling of the above exception, another exception occurred:

Traceback (most recent call last):
  File "runner_qq.py", line 60, in process_playlist
    lyric = api.get_song_lyric(song.id)
  File "/private/var/root/.jenkins/workspace/data-zhongguofeng/dao/qq_api.py", line 43, in get_song_lyric
    raw_text = self.fetch_raw(url)
  File "/private/var/root/.jenkins/workspace/data-zhongguofeng/dao/base_api.py", line 34, in fetch_raw
    verify=False)
  File "/Library/Python/3.7/site-packages/requests/api.py", line 75, in get
    return request('get', url, params=params, **kwargs)
  File "/Library/Python/3.7/site-packages/requests/api.py", line 60, in request
    return session.request(method=method, url=url, **kwargs)
  File "/Library/Python/3.7/site-packages/requests/sessions.py", line 533, in request
    resp = self.send(prep, **send_kwargs)
  File "/Library/Python/3.7/site-packages/requests/sessions.py", line 646, in send
    r = adapter.send(request, **kwargs)
  File "/Library/Python/3.7/site-packages/requests/adapters.py", line 516, in send
    raise ConnectionError(e, request=request)
requests.exceptions.ConnectionError: HTTPSConnectionPool(host='c.y.qq.com', port=443): Max retries exceeded with url: /lyric/fcgi-bin/fcg_query_lyric.fcg?g_tk=5381&format=json&inCharset=utf-8&outCharset=utf-8&platform=h5&needNewCode=1&nobase64=1&musicid=106373418&_=1513437581324 (Caused by NewConnectionError('<urllib3.connection.VerifiedHTTPSConnection object at 0x11381f9b0>: Failed to establish a new connection: [Errno 60] Operation timed out'))

During handling of the above exception, another exception occurred:

Traceback (most recent call last):
  File "/Applications/Xcode.app/Contents/Developer/Library/Frameworks/Python3.framework/Versions/3.7/lib/python3.7/logging/__init__.py", line 1034, in emit
    msg = self.format(record)
  File "/Applications/Xcode.app/Contents/Developer/Library/Frameworks/Python3.framework/Versions/3.7/lib/python3.7/logging/__init__.py", line 880, in format
    return fmt.format(record)
  File "/Applications/Xcode.app/Contents/Developer/Library/Frameworks/Python3.framework/Versions/3.7/lib/python3.7/logging/__init__.py", line 619, in format
    record.message = record.getMessage()
  File "/Applications/Xcode.app/Contents/Developer/Library/Frameworks/Python3.framework/Versions/3.7/lib/python3.7/logging/__init__.py", line 380, in getMessage
    msg = msg % self.args
TypeError: not all arguments converted during string formatting
Call stack:
  File "runner_qq.py", line 158, in <module>
    main()
  File "runner_qq.py", line 145, in main
    args.proxy, logger, args.dump_raw, args.dump_seg)
  File "runner_qq.py", line 70, in process_playlist
    logger.error("Exception in processing songs: ", err)
Message: 'Exception in processing songs: '
Arguments: (ConnectionError(MaxRetryError("HTTPSConnectionPool(host='c.y.qq.com', port=443): Max retries exceeded with url: /lyric/fcgi-bin/fcg_query_lyric.fcg?g_tk=5381&format=json&inCharset=utf-8&outCharset=utf-8&platform=h5&needNewCode=1&nobase64=1&musicid=106373418&_=1513437581324 (Caused by NewConnectionError('<urllib3.connection.VerifiedHTTPSConnection object at 0x11381f9b0>: Failed to establish a new connection: [Errno 60] Operation timed out'))")),)
INFO:[DataPipeline]:PlayList: [871778310] å¾æ¢¦åœ†ä¸­å›½é£ï¼åˆ«å†æŠ–è…¿äº†ï¼ï¼ï¼ (635/1632) has 100 songs.
INFO:[DataPipeline]:PlayList: [3576118653] ã€Œå›½é£ã€ä¸€å®šè¦å¬çš„ä¸€ç™¾é¦–ä¸­å›½é£ (636/1632) has 102 songs.
INFO:[DataPipeline]:PlayList: [2332786242] å‘¨æ°ä¼¦&#32;ä¸­å›½é£â€œå¤§é­”ç‹â€ (637/1632) has 101 songs.
INFO:[DataPipeline]:PlayList: [3572257602] ã€å¤é£&#45;æˆè…”ã€‘&#32;ç»è‰³ä¸­å›½é£ï¼šåŸä¸€æ›²ç¼±ç»»è¯—è°ƒ (638/1632) has 40 songs.
INFO:[DataPipeline]:PlayList: [2933738350] ã€ä¸­åœ‹é¢¨ã€‘è½ä¸€æ›²å¤ç´å˜† (639/1632) has 125 songs.
INFO:[DataPipeline]:Sleep for: 74
INFO:[DataPipeline]:PlayList: [819526916] ã€ä¸­å›½é£ã€‘å¦‚å›½ç”»ä¸€èˆ¬çš„æµè¡Œæ­Œæ›² (640/1632) has 39 songs.
INFO:[DataPipeline]:PlayList: [3188066161] å†¬å¤©å¬å¬å”¯ç¾ä¸­å›½é£ (641/1632) has 26 songs.
INFO:[DataPipeline]:PlayList: [25725905] é¢˜ä¸‰å­—ç¼˜&#32;å¬ä¸­å›½é£ (642/1632) has 8 songs.
INFO:[DataPipeline]:PlayList: [3353958091] ç»å…¸æ€€å¿µä¸­å›½é£ (643/1632) has 6 songs.
INFO:[DataPipeline]:PlayList: [1089720048] ä¸­å›½é£ğŸ‡¨ğŸ‡³ (644/1632) has 526 songs.
INFO:[DataPipeline]:PlayList: [3557555503] æ‹æ‹ä¸­å›½é£ (645/1632) has 36 songs.
INFO:[DataPipeline]:PlayList: [1685834527] ã‚å‘¨æ°ä¼¦â™›ä¸­å›½é£ãƒ¾Jay&#32;chou (646/1632) has 147 songs.
INFO:[DataPipeline]:PlayList: [3215179038] [å¤é£]&#32;&#32;ä¸­å›½é£çº¯éŸ³ä¹&#32;å½±è§† (647/1632) has 304 songs.
INFO:[DataPipeline]:PlayList: [3259605214] ä¸­å›½é£ï¼šä¸­å›½ç”µéŸ³å´›èµ·ã€‚ (648/1632) has 29 songs.
INFO:[DataPipeline]:PlayList: [2447712300] å”¯ç¾æ­Œè¯çš„ä¸­å›½é£ (649/1632) has 33 songs.
INFO:[DataPipeline]:Sleep for: 71
INFO:[DataPipeline]:PlayList: [2240445223] ä¸­å›½é£ä¸æ­¢æœ‰å‘¨è‘£ï¼ (650/1632) has 22 songs.
INFO:[DataPipeline]:PlayList: [3666781781] æ¬§ç¾èŒƒ&#124;ä¸­å›½é£&#32;ç°ä»£ç”µå­ä¸å¤é£ç”µå­çš„ç¢°æ’ (651/1632) has 195 songs.
INFO:[DataPipeline]:PlayList: [3633527513] ä¸­å›½é£ (652/1632) has 36 songs.
INFO:[DataPipeline]:PlayList: [1701254646] é†‰ç¾ä¸­å›½é£ã€æ®‹å™æ·¡é›…æƒ… (653/1632) has 75 songs.
INFO:[DataPipeline]:PlayList: [4218652557] ä¸­å›½é£ (654/1632) has 290 songs.
INFO:[DataPipeline]:PlayList: [1302908375] ä¸­å›½é£&#32;æˆ‘çˆ±ä½ æ°¸æ’ (655/1632) has 23 songs.
INFO:[DataPipeline]:PlayList: [36068783] çµç¶é˜µé˜µ&#32;ç´å£°æ‚ æ‚ &#32;å”¯çˆ±ä¸­å›½é£ (656/1632) has 7 songs.
INFO:[DataPipeline]:PlayList: [2659466546] Â°å¤é£æ§â†’æ­Œæ›²ç™¾é¦–å¤§åˆé›†ï½¥æœ€ç¾ä¸è¿‡ä¸­å›½é£ (657/1632) has 258 songs.
INFO:[DataPipeline]:PlayList: [2946529571] JAYå¼ä¸­å›½é£ (658/1632) has 21 songs.
INFO:[DataPipeline]:PlayList: [1456253162] å¾æ¢¦åœ†â€”â€”Chinaä¸­å›½é£ç”µéŸ³ç³»åˆ— (659/1632) has 15 songs.
INFO:[DataPipeline]:Sleep for: 170
INFO:[DataPipeline]:PlayList: [2816668528] ä¸­å›½é£ã®çˆ± (660/1632) has 212 songs.
INFO:[DataPipeline]:PlayList: [874766058] ä¸­å›½é£China&#58;æµè¡Œå›½å†… (661/1632) has 120 songs.
INFO:[DataPipeline]:PlayList: [16540626] å½¼å²¸&#32;ã€èŠ±å¼€ï¼ˆä¸­å›½é£ï¼‰ (662/1632) has 4 songs.
INFO:[DataPipeline]:PlayList: [2649008155] è¿·ä¸Šç”µéŸ³ï¼ˆä¸­å›½é£ï¼‰ (663/1632) has 40 songs.
INFO:[DataPipeline]:PlayList: [1150943854] æœ€ç¾çš„ä¸­å›½é£ï¼Œå‘¨æ°ä¼¦ä¸è®¸åµ© (664/1632) has 35 songs.
INFO:[DataPipeline]:PlayList: [2897697008] ä¸‰å­—ç»ä¹‹ä¸­å›½é£ (665/1632) has 36 songs.
INFO:[DataPipeline]:PlayList: [3189965891] ç¾ç¾ä¸­å›½é£â€•â€•åˆ˜ç‚çŸ£ (666/1632) has 23 songs.
INFO:[DataPipeline]:PlayList: [876349195] ä¸­å›½é£å¦ç±»å®£æ³„å–Šéº¦ (667/1632) has 89 songs.
INFO:[DataPipeline]:PlayList: [1082329683] å”¯ç¾ä¸­å›½é£ï¼Œå¬é†‰äº†&#126; (668/1632) has 26 songs.
INFO:[DataPipeline]:PlayList: [3261099905] å‘¨æ°ä¼¦çš„ä¸­å›½é£ï¼Œè¯´çš„æ˜¯è°çš„æ•…äº‹ï¼Œè°çš„äººç”Ÿ (669/1632) has 15 songs.
INFO:[DataPipeline]:Sleep for: 56
INFO:[DataPipeline]:PlayList: [2031148601] CHINAç³»åˆ—ï¼ˆä¸­å›½é£ç”µéŸ³ï¼‰ (670/1632) has 26 songs.
INFO:[DataPipeline]:PlayList: [2955508039] ä¸­å›½é£ç”µå­ï½œç¥–å›½ä»¿ä½›è¿‘åœ¨çœ¼å‰ (671/1632) has 26 songs.
INFO:[DataPipeline]:PlayList: [1424717047] ä¸­å›½é£andå¤é£ (672/1632) has 117 songs.
INFO:[DataPipeline]:PlayList: [3495532482] â—¤ä¸­å›½é£â—¢ (673/1632) has 52 songs.
INFO:[DataPipeline]:PlayList: [1733668298] ä¸­å›½é£ï¼Œå¤å…¸ (674/1632) has 90 songs.
INFO:[DataPipeline]:PlayList: [2792678241] jayçš„ä¸­å›½é£æ­Œæ›² (675/1632) has 10 songs.
INFO:[DataPipeline]:PlayList: [1735747438] å¤é£&#38;ä¸­å›½é£ï½œæ¸…æ¬¢è€Œå·² (676/1632) has 207 songs.
INFO:[DataPipeline]:PlayList: [3218877855] å¬éŸ³ä¹é¬¼æ‰è¯ é‡Šä»–çš„è®¸å¼ä¸­å›½é£ (677/1632) has 17 songs.
INFO:[DataPipeline]:PlayList: [1758111994] æµ“æµ“ä¸­å›½é£ (678/1632) has 131 songs.
INFO:[DataPipeline]:PlayList: [1450848618] ä¸­å›½é£åè¯­èˆæ›²ç²¾é€‰ (679/1632) has 570 songs.
INFO:[DataPipeline]:Sleep for: 143
INFO:[DataPipeline]:PlayList: [843589641] ä¸­å›½é£çº¯éŸ³ä¹ (680/1632) has 25 songs.
INFO:[DataPipeline]:PlayList: [845377999] ä¸­å›½é£ (681/1632) has 432 songs.
INFO:[DataPipeline]:PlayList: [856469479] ä¸­å›½é£&#32;&#58;ç¬›ï¼ŒäºŒèƒ¡ï¼Œé™¶ç¬›ç­‰ (682/1632) has 18 songs.
INFO:[DataPipeline]:PlayList: [39988764] å˜‰äººä¸­å›½é£ï¼šè®¸èŒ¹èŠ¸çš„æ—¶å°šç¼ªæ–¯éŸ³ä¹ (683/1632) has 15 songs.
INFO:[DataPipeline]:PlayList: [2325286193] ï¼»ä¸­å›½é£ï¼½æ¡ƒèŠ±é†‰ï¼Œç¦»äººæ„ (684/1632) has 300 songs.
INFO:[DataPipeline]:PlayList: [15360322] æ·¡é›…å°è°ƒ&#32;å¤å…¸ä¸­å›½é£ (685/1632) has 5 songs.
INFO:[DataPipeline]:PlayList: [876779437] è‹±æ–‡æµè¡Œä¸ä¸­å›½é£çš„äº¤è (686/1632) has 36 songs.
INFO:[DataPipeline]:PlayList: [3272019917] ä¸­å›½é£ç”µéŸ³&#32; (687/1632) has 20 songs.
INFO:[DataPipeline]:PlayList: [2947129747] ï¼ˆà¹‘â€¢Ì€ã…‚â€¢Ìï¼‰Ùˆâœ§å‘¨æ°æƒ…æ­Œ&#38;å‘¨æ°ä¸­å›½é£ (688/1632) has 101 songs.
INFO:[DataPipeline]:PlayList: [3539452073] ä¸­å›½é£ (689/1632) has 42 songs.
INFO:[DataPipeline]:Sleep for: 94
INFO:[DataPipeline]:PlayList: [2052987946] æ¬§ç¾ç”µéŸ³ä»¥åŠä¸­å›½é£ç”µéŸ³ï¼ˆæ¨èæ¸¸æˆé£Ÿç”¨å“¦ï¼‰ (690/1632) has 243 songs.
INFO:[DataPipeline]:PlayList: [3272938305] å±äºå‘¨æ°ä¼¦çš„ä¸­å›½é£ (691/1632) has 19 songs.
INFO:[DataPipeline]:PlayList: [865618188] çº¯éŸ³ä¹ã€ç”µéŸ³ã€ä¸­å›½é£ã€‚&#10;&#10;&#10;&#10; (692/1632) has 106 songs.
INFO:[DataPipeline]:PlayList: [1135038853] ä¸­å›½é£ç”µéŸ³ï¼Œæ¬§ç¾ç”µéŸ³ï¼Œé’¢ç´æ›²ç­‰ç­‰ã€‚ï½ (693/1632) has 120 songs.
INFO:[DataPipeline]:PlayList: [2371189754] ä¸­å›½é£ç”µéŸ³ (694/1632) has 25 songs.
INFO:[DataPipeline]:PlayList: [15419519] å±ç¥å®šæ°£&#32;è†è½ä¸­å›½é£&#32; (695/1632) has 9 songs.
INFO:[DataPipeline]:PlayList: [15734238] ä¸­å›½é£ï¼Œç§¦ï¼ˆå›½ï¼‰æ®‡ (696/1632) has 14 songs.
INFO:[DataPipeline]:PlayList: [1117846680] æµè¡Œå¤é£ï¼Œä¸­å›½é£éŸ³ä¹ã€‚ (697/1632) has 41 songs.
INFO:[DataPipeline]:PlayList: [1751249950] ã€å›½é£ã€‘æ¸…é£å¤éŸµä¸­å›½é£ (698/1632) has 70 songs.
INFO:[DataPipeline]:PlayList: [2334228075] æ¬§æ´²æµè¡Œä¸ä¸­å›½é£ (699/1632) has 40 songs.
INFO:[DataPipeline]:Sleep for: 88
INFO:[DataPipeline]:PlayList: [802526473] å¤é£/ä¸­å›½é£ (700/1632) has 86 songs.
INFO:[DataPipeline]:PlayList: [3575589490] ä¸­å›½é£//åªæ„¿å›å¿ƒä¼¼æˆ‘å¿ƒï¼Œå®šä¸è´Ÿç›¸æ€æ„ (701/1632) has 17 songs.
INFO:[DataPipeline]:PlayList: [2067909038] ä¸­å›½é£æ­Œæ›²ï¼Œæ„ŸæŸ“ä½ çš„å¿ƒã€‚ (702/1632) has 49 songs.
INFO:[DataPipeline]:PlayList: [3246474686] ä¸­å›½é£æ°‘è°£ï¼ˆè¿˜æœ‰ä¸€äº›ä¸­å›½æ°‘è°£åŠè‹±è¯­æ°‘è°£ï¼‰ (703/1632) has 39 songs.
INFO:[DataPipeline]:PlayList: [3271399378] ä¸­å›½é£ç”µéŸ³&#32;&#32;å”¯ç¾å¥½å¬åˆ°çª’æ¯ (704/1632) has 14 songs.
INFO:[DataPipeline]:PlayList: [3813601079] ä¸­å›½é£ (705/1632) has 74 songs.
INFO:[DataPipeline]:PlayList: [2676068774] [ä¸­å›½é£]CHinaç”µå­çº¯éŸ³ä¹ç³»åˆ— (706/1632) has 20 songs.
INFO:[DataPipeline]:PlayList: [41039660] ä¸­å›½é£&#32;&#32;&#32;æˆå‰§ä¹Ÿç–¯ç‹‚ (707/1632) has 7 songs.
INFO:[DataPipeline]:PlayList: [2671684295] ä¸­å›½é£æ°‘è°£ (708/1632) has 553 songs.
INFO:[DataPipeline]:PlayList: [1773409132] Jay&#32;Chou&#43;ä¸­å›½é£ (709/1632) has 15 songs.
INFO:[DataPipeline]:Sleep for: 88
INFO:[DataPipeline]:PlayList: [31894287] è¥¿æ´‹ä¸‹çš„ä¸­å›½é£éŸ³ä¹ (710/1632) has 11 songs.
INFO:[DataPipeline]:PlayList: [1457713497] å‘¨æ°ä¼¦ä¸­å›½é£&#32;&#32;å¥½å¬æœ€åŠ (711/1632) has 15 songs.
INFO:[DataPipeline]:PlayList: [2864033702] å½±è§†éŸ³ä¹&#32;ä¸­å›½é£ (712/1632) has 260 songs.
INFO:[DataPipeline]:PlayList: [3575778800] [ä¸­å›½é£]å›½é£è¿·ï¼Œæˆ‘æ‰“èµŒä½ éš¾å­¦ä¼šï¼Ÿ (713/1632) has 20 songs.
INFO:[DataPipeline]:PlayList: [1083999855] æœ€ç¾ä¸­å›½é£ (714/1632) has 56 songs.
INFO:[DataPipeline]:PlayList: [1364739799] æ•²åŠ¨å¿ƒå¼¦çš„ä¸­å›½é£ (715/1632) has 32 songs.
INFO:[DataPipeline]:PlayList: [3576199125] å‘¨è‘£çš„ä¸­å›½é£æ­Œæ›² (716/1632) has 16 songs.
INFO:[DataPipeline]:PlayList: [2176694994] ç»å…¸çš„ä¸­å›½é£æ­Œæ›² (717/1632) has 241 songs.
INFO:[DataPipeline]:PlayList: [3439108421] ç»†ç»†å“å‘³ï¼Œä¸­å›½é£çš„ç‹¬ç‰¹éŸµå‘³ (718/1632) has 15 songs.
INFO:[DataPipeline]:PlayList: [1944549585] å¤é£ä¸­å›½é£ (719/1632) has 174 songs.
INFO:[DataPipeline]:Sleep for: 135
INFO:[DataPipeline]:PlayList: [854489218] æœ€ç¾ä¸­å›½é£ (720/1632) has 97 songs.
INFO:[DataPipeline]:PlayList: [3505636857] å¤é£&#32;&#32;ä¸­å›½é£ (721/1632) has 87 songs.
INFO:[DataPipeline]:PlayList: [1749305929] å‘¨æ°ä¼¦&#32;é­”æ°åº§&#32;ä¸­å›½é£&#32;è½»éŸ³ä¹ (722/1632) has 79 songs.
INFO:[DataPipeline]:PlayList: [1770604117] ä¸­å›½é£ï¼Œæ²‰é†‰ (723/1632) has 508 songs.
INFO:[DataPipeline]:PlayList: [1763738080] ä¸­å›½é£èˆ’å¿ƒçº¯éŸ³ä¹ğŸ’— (724/1632) has 38 songs.
INFO:[DataPipeline]:PlayList: [1167839367] å¤é£æ­Œæ›²ï¼Œä¸­å›½é£ (725/1632) has 60 songs.
INFO:[DataPipeline]:PlayList: [846029160] ç°ä»£ä¸­å›½é£ï¼Œå¤å…¸ï¼Œæ±‰æœèˆè¹ˆ (726/1632) has 62 songs.
INFO:[DataPipeline]:PlayList: [1174619493] ã€ä¸­å›½é£ã€‘ä¼¤æ„Ÿã€‚å’Œè°ã€‚å®‰é™ (727/1632) has 34 songs.
INFO:[DataPipeline]:PlayList: [857188551] ä¸­å›½é£ä¸¨äººç”Ÿéš¾å¯»ç™¾å‘³ï¼Œä»Šæœæœ‰é…’ä¸”å°ã€‚ (728/1632) has 50 songs.
INFO:[DataPipeline]:PlayList: [2673948383] ä¸­å›½é£&#43;å¤é£æ­Œ (729/1632) has 50 songs.
INFO:[DataPipeline]:Sleep for: 139
INFO:[DataPipeline]:PlayList: [1467458786] ä¸­å›½é£ç”µéŸ³ (730/1632) has 59 songs.
INFO:[DataPipeline]:PlayList: [1059368761] é†‰ç¾ä¸è¿‡ä¸­å›½é£ã€‚ (731/1632) has 201 songs.
INFO:[DataPipeline]:PlayList: [2671409751] æ¼«ç”» (732/1632) has 10 songs.
INFO:[DataPipeline]:PlayList: [2205357948] æµ“æµ“ä¸­å›½é£ (733/1632) has 21 songs.
INFO:[DataPipeline]:PlayList: [3590852498] ä¸­å›½é£ (734/1632) has 483 songs.
INFO:[DataPipeline]:PlayList: [2638978650] bç«™å›½äººå”±è§ä¸­å›½é£æ­Œæ›² (735/1632) has 29 songs.
INFO:[DataPipeline]:PlayList: [1446889889] å‘¨è‘£çš„ä¸­å›½é£ (736/1632) has 25 songs.
INFO:[DataPipeline]:PlayList: [1484053311] ä¸­å›½é£ã‹ (737/1632) has 251 songs.
INFO:[DataPipeline]:PlayList: [3251629660] ç”¨å¿ƒè†å¬ï¼ŒéŸµå‘³ä¸­å›½é£ç”µéŸ³ (738/1632) has 22 songs.
INFO:[DataPipeline]:PlayList: [2657805159] ä¸­å›½é£æ­Œæ›²é›† (739/1632) has 45 songs.
INFO:[DataPipeline]:Sleep for: 70
INFO:[DataPipeline]:PlayList: [2947989115] ä¸­å›½é£&#124;&#124;å¤å…¸â€²éŸ³ä¹ä¹‹è·¯ä¸€ç›´æœ‰ä½  (740/1632) has 23 songs.
INFO:[DataPipeline]:PlayList: [2971838936] ä¸­å›½é£å¥³å£° (741/1632) has 37 songs.
INFO:[DataPipeline]:PlayList: [1762269123] é£å°å¸ƒçš„ä¸­å›½é£ (742/1632) has 37 songs.
INFO:[DataPipeline]:PlayList: [2256919350] ä¼¤æƒ…ä¸­å›½é£ (743/1632) has 44 songs.
INFO:[DataPipeline]:PlayList: [795739652] å‡ ç™¾é¦–å¤é£ä¸­å›½é£æ­Œæ›² (744/1632) has 243 songs.
INFO:[DataPipeline]:PlayList: [992036200] ä¸­å›½é£ä¸¨å¤éŸµèŒƒ (745/1632) has 52 songs.
INFO:[DataPipeline]:PlayList: [2946519630] å¾æ¢¦åœ†ä¸­å›½é£Remix&#32;ä¸­å›½å›½äººç”µéŸ³ (746/1632) has 102 songs.
INFO:[DataPipeline]:PlayList: [2341648312] æ·¡é›…ä¸­å›½é£ (747/1632) has 24 songs.
INFO:[DataPipeline]:PlayList: [2362639392] ä¸­å›½é£ç”µéŸ³&#38;ä¸­å›½çš„Alan&#32;Walker (748/1632) has 28 songs.
INFO:[DataPipeline]:PlayList: [1081479293] è®¸åµ©å¼ä¸­å›½é£ (749/1632) has 33 songs.
INFO:[DataPipeline]:Sleep for: 61
INFO:[DataPipeline]:PlayList: [2081031730] æ°‘è°£ã€ä¸­å›½é£ (750/1632) has 72 songs.
INFO:[DataPipeline]:PlayList: [2356819880] 15é¦–æœ€ç¾ä¸­å›½é£ (751/1632) has 17 songs.
INFO:[DataPipeline]:PlayList: [842988388] æ‚ æ‚ ä¸€æ›²ä¸­å›½é£ï¼Œä¸€æ›²ç¦»æ®‡æ¼«ç¯±å¢™ (752/1632) has 47 songs.
INFO:[DataPipeline]:PlayList: [1450837833] ä¸€é˜µæµ“æµ“ä¸­å›½é£è¢­æ¥ä¸¨æ¢¦åœ†Chinaç³» (753/1632) has 25 songs.
INFO:[DataPipeline]:PlayList: [2675838728] äº«å—éŸµå¾‹ç¾ï¼šä¸­å›½é£ (754/1632) has 24 songs.
INFO:[DataPipeline]:PlayList: [2354769423] ä¸­å›½é£çº¯éŸ³ä¹ (755/1632) has 20 songs.
INFO:[DataPipeline]:PlayList: [2357683809] å¤é£ï¼Œä¸­å›½é£ (756/1632) has 40 songs.
INFO:[DataPipeline]:PlayList: [3252459794] å†œè¯è¶…çº§æ£’ä¸­å›½é£BGM (757/1632) has 55 songs.
INFO:[DataPipeline]:PlayList: [2968437454] çº¯éŸ³ä¹ï¼Œä¸­å›½é£ (758/1632) has 15 songs.
INFO:[DataPipeline]:PlayList: [2969009053] å¬è…»äº†åŠ²çˆ†çš„ç”µéŸ³ï¼Ÿæ¥è¯•è¯•ä¸­å›½é£çš„å§ (759/1632) has 15 songs.
INFO:[DataPipeline]:Sleep for: 151
INFO:[DataPipeline]:PlayList: [1164679054] ä¸­å›½é£ï¼Œå¤é£ (760/1632) has 85 songs.
INFO:[DataPipeline]:PlayList: [871066403] ä¸­å›½é£ä½³ä½œ (761/1632) has 106 songs.
INFO:[DataPipeline]:PlayList: [1173846600] å¤©ç±åè¯­&#32;&#32;ä¸­å›½é£&#32;&#32;&#32;ä¸€äººä¸€æ›²ä¸€ç¦»éªš (762/1632) has 45 songs.
INFO:[DataPipeline]:PlayList: [2061423387] å¤é£ä¸­å›½é£æŠ’æƒ…æ”¾é£è‡ªæˆ‘ (763/1632) has 55 songs.
INFO:[DataPipeline]:PlayList: [2799892235] è†å¬ä¸€æ›²ä¸­å›½é£ (764/1632) has 25 songs.
INFO:[DataPipeline]:PlayList: [1447639910] è®¸åµ©&#124;ä¸­å›½é£ç²¾é€‰&#32;ç‚¹å‡»é‡æœ€é«˜ (765/1632) has 23 songs.
INFO:[DataPipeline]:PlayList: [1415298551] ä¸­å›½é£ï¼šèŒ•èŒ•å­“ç«‹ï¼Œé¥æœ›ä¸€æ–¹ã€‚ (766/1632) has 150 songs.
INFO:[DataPipeline]:PlayList: [19027492] æ°´è¢–çš„éŸ³è‰²&#32;ç¦»äººçš„æ¸…æ­Œ&#32;æƒ…æ®‡ä¸­å›½é£ (767/1632) has 8 songs.
INFO:[DataPipeline]:PlayList: [2656751468] ä¸­å›½é£ï¼šä¸­å›½å¥½å£°éŸ³ (768/1632) has 305 songs.
INFO:[DataPipeline]:PlayList: [3266338566] ã€ä¸­å›½é£ã€‘çº¯ç”µéŸ³ (769/1632) has 24 songs.
INFO:[DataPipeline]:Sleep for: 122
INFO:[DataPipeline]:PlayList: [873548619] ä¸­å›½é£ï¼šåœ¨å‡„å©‰ä¸­ç¼“ç¼“å±•å¼€ (770/1632) has 37 songs.
INFO:[DataPipeline]:PlayList: [1776227456] ä¸­å›½é£å˜»å“ˆæºäºç”Ÿæ´» (771/1632) has 30 songs.
INFO:[DataPipeline]:PlayList: [3220796828] ä¸­å›½é£ (772/1632) has 707 songs.
INFO:[DataPipeline]:PlayList: [1167368433] å”¯ç¾ä¸­å›½é£&#32;&#32;[å¯„å›ä¸€æ›²ï¼Œä¸é—®æ›²ç»ˆäººæ•£&#32;] (773/1632) has 17 songs.
INFO:[DataPipeline]:PlayList: [834740737] æœ€ç‚«ä¸­å›½é£ (774/1632) has 164 songs.
INFO:[DataPipeline]:PlayList: [2035455214] ä¸­å›½é£ (775/1632) has 92 songs.
INFO:[DataPipeline]:PlayList: [3269954768] hiphopä¸­å›½é£ (776/1632) has 58 songs.
INFO:[DataPipeline]:PlayList: [871148097] ä¸­å›½é£/ç”µéŸ³&#32;made&#32;in&#32;china (777/1632) has 30 songs.
INFO:[DataPipeline]:PlayList: [1170708518] ä¸­å›½é£ï¼Œä¸­å›½æ™• (778/1632) has 15 songs.
INFO:[DataPipeline]:PlayList: [2908684659] å¤é£ä¹‹éŸµï¼Œå”¯ç¾ä¸­å›½é£ï¼ (779/1632) has 144 songs.
INFO:[DataPipeline]:Sleep for: 93
INFO:[DataPipeline]:PlayList: [2367388122] å¤é£ï¼Œä¸€ç§æ¯”ä¸­å›½é£æ›´æœ‰åº•è•´çš„å­˜åœ¨ (780/1632) has 18 songs.
INFO:[DataPipeline]:PlayList: [2530429807] å¾ªç¯å¾€å¤çš„ä¸­å›½é£ (781/1632) has 159 songs.
INFO:[DataPipeline]:PlayList: [1472917859] ã€è€³æœºç¦åˆ©ã€‘ä¸­å›½é£&#32;â™ª&#32;åŸåˆ›ç”µå­éŸ³ä¹ğŸµ (782/1632) has 61 songs.
INFO:[DataPipeline]:PlayList: [3568218234] &#95;å¤é£&#95;è‹±è¯­&#95;æ²»æ„ˆ&#95;æµè¡Œ&#95;ä¸­å›½é£&#95; (783/1632) has 132 songs.
INFO:[DataPipeline]:PlayList: [2975125898] ã€å‘¨æ°ä¼¦çš„ä¸­å›½é£ã€‘å¤ç­æ’©æ‹¨ï¼Œçµç¶æ·™æ·™ (784/1632) has 20 songs.
INFO:[DataPipeline]:PlayList: [2966178202] ä¸­å›½é£Fly&#33; (785/1632) has 17 songs.
INFO:[DataPipeline]:PlayList: [1142878175] å”¯ç¾ä¸­å›½é£ï¼Œæƒ…æ­Œæ‰å­ï¼Œå˜»å“ˆå¤©ç‹â€”â€”å‘¨æ°ä¼¦ (786/1632) has 128 songs.
INFO:[DataPipeline]:PlayList: [2377666553] ä¸­å›½é£çº¯éŸ³ä¹ (787/1632) has 20 songs.
INFO:[DataPipeline]:PlayList: [3154118621] ä¸­å›½é£æµè¡Œä¹ (788/1632) has 41 songs.
INFO:[DataPipeline]:PlayList: [792018869] ä¸­å›½é£ä¸¶å±±æœ‰æœ¨å…®æœ¨æœ‰æï¼Œå¿ƒæ‚¦å›å…®å›ä¸çŸ¥ (789/1632) has 142 songs.
INFO:[DataPipeline]:Sleep for: 93
INFO:[DataPipeline]:PlayList: [2958778735] ä¸­å›½é£&#32;&#32;ç”µéŸ³ (790/1632) has 78 songs.
INFO:[DataPipeline]:PlayList: [1063764802] æ»¡è…”ä¸­å›½é£ (791/1632) has 27 songs.
INFO:[DataPipeline]:PlayList: [2657817171] ä¸­å›½é£ç”µéŸ³ï¼Œä¸ä¸€æ ·çš„ç”µéŸ³ï¼Œç¡å‰å¿…é¡»å¬ï¼ (792/1632) has 104 songs.
INFO:[DataPipeline]:PlayList: [777968501] å¿ƒé†‰ä¸­å›½é£ (793/1632) has 56 songs.
INFO:[DataPipeline]:PlayList: [2958197780] å¸¦ä½ ä½“éªŒä¸ä¸€æ ·çš„ä¸­å›½é£ (794/1632) has 16 songs.
INFO:[DataPipeline]:PlayList: [2048209879] å…ƒå®µèŠ‚ä¸­å›½é£ (795/1632) has 34 songs.
INFO:[DataPipeline]:PlayList: [1155148932] ä¸­å›½é£ç”µéŸ³ (796/1632) has 81 songs.
INFO:[DataPipeline]:PlayList: [1175405789] ä¸­å›½é£æ­Œæ›² (797/1632) has 45 songs.
INFO:[DataPipeline]:PlayList: [2667278511] ç»å…¸ä¸­å›½é£&#46;å”±åˆ°ä½ å¿ƒä¸­ (798/1632) has 29 songs.
INFO:[DataPipeline]:PlayList: [2962368045] ç”µå­éŸ³ä¹ä¸­å›½é£ (799/1632) has 78 songs.
INFO:[DataPipeline]:Sleep for: 110
INFO:[DataPipeline]:PlayList: [3551799655] ã€ä¸­å›½é£&#32;ã€‘&#32;å›½è¯­æµè¡Œ (800/1632) has 20 songs.
INFO:[DataPipeline]:PlayList: [1170567246] ä¸­å›½é£ï¼šç”µéŸ³ (801/1632) has 31 songs.
INFO:[DataPipeline]:PlayList: [2044497722] æ‹æ‹ä¸­å›½é£ (802/1632) has 81 songs.
INFO:[DataPipeline]:PlayList: [2024598913] æ’å¤ã€å”¯ç¾ä¸­å›½é£ã€‘ (803/1632) has 245 songs.
INFO:[DataPipeline]:PlayList: [2887878640] æ— ä¸ä¼¦æ¯”ä¸­å›½é£ (804/1632) has 20 songs.
INFO:[DataPipeline]:PlayList: [1773685469] åå¼¦&#46;ä¸­å›½é£ï¼‹æµè¡Œ&#43;rap (805/1632) has 31 songs.
INFO:[DataPipeline]:PlayList: [1764756933] ä¸­å›½é£å°æ›² (806/1632) has 62 songs.
INFO:[DataPipeline]:PlayList: [1918864808] ä¸­å›½é£ (807/1632) has 978 songs.
INFO:[DataPipeline]:PlayList: [1387607596] è„©è¡Œ&#45;ä¸­å›½é¢¨&#10; (808/1632) has 20 songs.
INFO:[DataPipeline]:PlayList: [3540195520] æ–°ä¸–çºªä¸­å›½é£ç”µéŸ³ (809/1632) has 23 songs.
INFO:[DataPipeline]:Sleep for: 53
INFO:[DataPipeline]:PlayList: [2349469498] ä¸­å›½é£çº¯éŸ³ä¹ (810/1632) has 25 songs.
INFO:[DataPipeline]:PlayList: [2947528625] ä¸­å›½é£ï¼Œè†å¬ï¼Œé£æ‹‚è¿‡è€³æ¢¢ (811/1632) has 92 songs.
INFO:[DataPipeline]:PlayList: [1452166209] ä¸“ä¸šçš„ä¸­å›½é£ (812/1632) has 190 songs.
INFO:[DataPipeline]:PlayList: [737628632] æ··æ­ä¸­å›½é£ã€‚è†å¬ç¾ï¼ˆç¬¬äºŒå­£ï¼‰ (813/1632) has 47 songs.
INFO:[DataPipeline]:PlayList: [3191729298] é‚£äº›è€³ç†Ÿèƒ½è¯¦çš„ä¸­å›½é£æ­Œæ›² (814/1632) has 23 songs.
INFO:[DataPipeline]:PlayList: [2377572631] ä¸­å›½é£&#32;è¯—ç» (815/1632) has 32 songs.
INFO:[DataPipeline]:PlayList: [3570847403] ã€æ•è¾¹ä¸­å›½é£ã€‘ä¸€æ›²å¤è°ƒï¼›ä¸€ä¸–é£å (816/1632) has 21 songs.
INFO:[DataPipeline]:PlayList: [869388042] ä¸­å›½é£ã€ç”µéŸ³ã€‘ä¼´æˆ‘å…¥ç¡ (817/1632) has 46 songs.
INFO:[DataPipeline]:PlayList: [2030819540] ä¸­å›½é£ï¼šæ˜¯æœˆæµå…‰ï¼Œä¸€ä¸–ç—´ç‹‚ (818/1632) has 66 songs.
INFO:[DataPipeline]:PlayList: [2071667068] å¬å‡ºæ–°çš„ä¸­å›½é£ (819/1632) has 28 songs.
INFO:[DataPipeline]:Sleep for: 49
INFO:[DataPipeline]:PlayList: [1730788765] ä¸åŒæ›²ç±»çš„ä¸­å›½é£ï¼Œæ€»æœ‰ä¸€æ¬¾é€‚åˆä½ ã€‚ (820/1632) has 81 songs.
INFO:[DataPipeline]:PlayList: [2058927711] ã€ä¸­å›½é£ï¼‹çº¯éŸ³ä¹ã€‘&#126;china (821/1632) has 197 songs.
INFO:[DataPipeline]:PlayList: [1704475721] å¤å…¸ä¸­å›½é£è½» (822/1632) has 113 songs.
INFO:[DataPipeline]:PlayList: [1773706500] ã€ä¸­å›½é£ã€‘â€”â€”é’è¡«å­¤é…’ä¸åŠä½ çœ¼åº•çš„æ¸©æŸ”&#46; (823/1632) has 30 songs.
INFO:[DataPipeline]:PlayList: [2350899001] ã€ä¸­å›½é£/å¤é£ã€‘æµ®ç”Ÿè‹¥æ¢¦ï¼Œä¸ºæ¬¢å‡ ä½• (824/1632) has 112 songs.
INFO:[DataPipeline]:PlayList: [2379139154] ä¸­å›½é£ (825/1632) has 350 songs.
INFO:[DataPipeline]:PlayList: [3158102843] ä¸­å›½é£ (826/1632) has 967 songs.
INFO:[DataPipeline]:PlayList: [877596872] è¿™æ‰æ˜¯ç°ä»£ä¸­å›½é£&#126; (827/1632) has 146 songs.
INFO:[DataPipeline]:PlayList: [2367327024] å¤é£&#32;ã€å“å‘³ä¸­å›½é£ (828/1632) has 28 songs.
INFO:[DataPipeline]:PlayList: [2030819545] ä¸­å›½é£ï¼šä¸€å”±å±±æ²³ï¼Œæ±Ÿæ¹–å¤©ä¸‹ (829/1632) has 70 songs.
INFO:[DataPipeline]:Sleep for: 84
INFO:[DataPipeline]:PlayList: [1763396842] ä¸­å›½é£ç”µéŸ³&#32;ä¸ä¸€æ ·çš„ç‡ƒç‚¹ (830/1632) has 78 songs.
INFO:[DataPipeline]:PlayList: [3251929396] è®¸åµ©vaeä¸­å›½é£ (831/1632) has 21 songs.
INFO:[DataPipeline]:PlayList: [1137609698] CHINA&#32;&#32;ä¸­å›½é£ (832/1632) has 14 songs.
INFO:[DataPipeline]:PlayList: [2317337246] æ··æ­ä¸­å›½é£ (833/1632) has 82 songs.
INFO:[DataPipeline]:PlayList: [3269477049] ä¸­å›½é£ç”µéŸ³ (834/1632) has 75 songs.
INFO:[DataPipeline]:PlayList: [2049769401] ç²µèªâ€•â€•æ°‘è¬ å’Œä¸­åœ‹é¢¨é‡Œçš„ç´°è†© (835/1632) has 25 songs.
INFO:[DataPipeline]:PlayList: [1154358840] é™é™åœ°å¬ä¸­å›½é£ (836/1632) has 16 songs.
INFO:[DataPipeline]:PlayList: [1051771039] å›½è¯­ç³»åˆ—&#32;å”¯ç¾ä¸­å›½é£ (837/1632) has 220 songs.
INFO:[DataPipeline]:PlayList: [2752008473] æ·³æœ´ä¸­å›½é£æ­Œæ›² (838/1632) has 6 songs.
INFO:[DataPipeline]:PlayList: [3261338386] å‘¨æ°ä¼¦ä»¥å¤–çš„ä¸­å›½é£ (839/1632) has 15 songs.
INFO:[DataPipeline]:Sleep for: 116
INFO:[DataPipeline]:PlayList: [866218197] ä¸­å›½é£&#95;æ½‡æ´’éœ¸æ°”çš„æ±Ÿæ¹–è‹±é›„ (840/1632) has 15 songs.
INFO:[DataPipeline]:PlayList: [3170209295] Listen&#32;to&#32;æ¬§ç¾ä¸­å›½é£ (841/1632) has 15 songs.
INFO:[DataPipeline]:PlayList: [1452057815] ä¸­å›½é£çº¯éŸ³ä¹ (842/1632) has 16 songs.
INFO:[DataPipeline]:PlayList: [1410097794] è§¦åŠ¨å¿ƒçµå’Œæ³ªè…ºçš„å•æ›²å¾ªç¯ä¸­å›½é£ï½ (843/1632) has 19 songs.
INFO:[DataPipeline]:PlayList: [3561217861] ä¸­å›½é£ (844/1632) has 42 songs.
INFO:[DataPipeline]:PlayList: [1240645837] &#32;ä¸­å›½é£&#32;å¤–å›½åæ›²&#32;å°æ¸…æ–° (845/1632) has 29 songs.
INFO:[DataPipeline]:PlayList: [1172224608] å‰§æƒ…å”¯ç¾å¤é£ï¼ˆorä¸­å›½é£ï¼‰ä¸‰åä¸ƒé¦– (846/1632) has 53 songs.
INFO:[DataPipeline]:PlayList: [2670265299] é‡è§ä¸­å›½é£ (847/1632) has 26 songs.
INFO:[DataPipeline]:PlayList: [1160338281] ä¼˜é›…ä¸­å›½é£ (848/1632) has 22 songs.
INFO:[DataPipeline]:PlayList: [2228919018] æƒ…é†‰ä¸­å›½é£ (849/1632) has 324 songs.
INFO:[DataPipeline]:Sleep for: 44
INFO:[DataPipeline]:PlayList: [2021819600] é†‰ç¾ä¸è¿‡ä¸­å›½é£ï½ (850/1632) has 121 songs.
INFO:[DataPipeline]:PlayList: [1682786102] å‘¨è‘£çš„ä¸­å›½é£ (851/1632) has 15 songs.
INFO:[DataPipeline]:PlayList: [3556179291] åˆæ‹è¯ºè¯—ä¸­å›½é£ (852/1632) has 1 songs.
INFO:[DataPipeline]:PlayList: [2914009369] ä¸­å›½é£ï¼Œç°ä»£å’ŒRï¼†B (853/1632) has 31 songs.
INFO:[DataPipeline]:PlayList: [2643228149] å¤é£&#32;ã€ä¸­å›½é£&#32;&#124; (854/1632) has 22 songs.
INFO:[DataPipeline]:PlayList: [2048169303] ç²¾é€‰å¥½å¬çš„å¤é£å’Œä¸­å›½é£æ­Œæ›²ï¼ (855/1632) has 37 songs.
INFO:[DataPipeline]:PlayList: [1437368474] ä¸­å›½é£ç”µå­éŸ³ä¹ (856/1632) has 21 songs.
INFO:[DataPipeline]:PlayList: [2655279105] ä¸­å›½é£ç”µéŸ³ (857/1632) has 7 songs.
INFO:[DataPipeline]:PlayList: [1749918353] ã€è®¸åµ©ã€‘è€³è¾¹å¹æ¥ä¸€é˜µä¸­å›½é£ (858/1632) has 38 songs.
INFO:[DataPipeline]:PlayList: [2072406261] æ°‘è°£ã€ä¸­å›½é£ (859/1632) has 18 songs.
INFO:[DataPipeline]:Sleep for: 71
INFO:[DataPipeline]:PlayList: [1084696464] å”¯ç¾ä¸­å›½é£ (860/1632) has 93 songs.
INFO:[DataPipeline]:PlayList: [3478879572] å¤é£&#32;ä¸­å›½é£ (861/1632) has 52 songs.
INFO:[DataPipeline]:PlayList: [1474356328] å¸­å·å…¨çƒçš„ä¸­å›½é£ (862/1632) has 50 songs.
INFO:[DataPipeline]:PlayList: [2049366499] æ»¡æ»¡ä¸­å›½é£çš„ç”µéŸ³ (863/1632) has 30 songs.
INFO:[DataPipeline]:PlayList: [3270266362] æœ‰ä¸€ç§ä¸­å›½é£å«è®¸åµ©ï¼ŒNå¸¦ä½ æ€€å¿µåƒå¤ (864/1632) has 36 songs.
INFO:[DataPipeline]:PlayList: [877596293] ç²¤è¯­ä¸­å›½é£&#126; (865/1632) has 60 songs.
INFO:[DataPipeline]:PlayList: [2612757179] ã€ä¸­å›½é£ã€æ±Ÿå—çƒŸé›¨å´ç—´ç¼  (866/1632) has 20 songs.
INFO:[DataPipeline]:PlayList: [2661235915] å›½è¯­&#124;&#124;ä¸­å›½é£&#32;&#32;äº‘æ·±ä¸è¯†å½’äººã€‚ (867/1632) has 26 songs.
INFO:[DataPipeline]:PlayList: [1429147794] æ¸…é—²çš„ä¸­å›½é£ (868/1632) has 35 songs.
INFO:[DataPipeline]:PlayList: [2657726609] å¤©æ¶¯æ˜æœˆåˆ€&#42;ä¸­å›½é£ (869/1632) has 24 songs.
INFO:[DataPipeline]:Sleep for: 78
INFO:[DataPipeline]:PlayList: [2048977485] å‘¨æ°ä¼¦çš„ä¸­å›½é£ (870/1632) has 22 songs.
INFO:[DataPipeline]:PlayList: [2062366719] ä¸­å›½é£â™¡å¤é£ (871/1632) has 49 songs.
INFO:[DataPipeline]:PlayList: [1447129755] China&#32;&#32;é£&#32;&#32;ï¼ˆä¸­å›½é£ï¼‰ (872/1632) has 102 songs.
INFO:[DataPipeline]:PlayList: [1677116024] å¤é£ä¸­å›½é£ (873/1632) has 112 songs.
INFO:[DataPipeline]:PlayList: [2352388652] é†‰äººä¸­å›½é£&#32;æ¯é¦–æ­Œéƒ½å¾ˆæœ‰ç”»é¢æ„Ÿ (874/1632) has 15 songs.
INFO:[DataPipeline]:PlayList: [2971156107] å¤é£&#32;&#32;ä¸­å›½é£ (875/1632) has 18 songs.
INFO:[DataPipeline]:PlayList: [856308597] ç”µéŸ³è¿·çš„ç¦åˆ©ï¼šä¸­å›½é£å’Œæ¬§ç¾é£ç»“åˆ (876/1632) has 29 songs.
INFO:[DataPipeline]:PlayList: [2565209025] æ‹æ‹ä¸­å›½é£&#32;&#32;&#32;æ½ºæ½ºä¸­å›½æ›² (877/1632) has 64 songs.
INFO:[DataPipeline]:PlayList: [2051096210] å›½é£ï¼Œæ„Ÿå—ä¸­å›½é£ã€‚ (878/1632) has 23 songs.
INFO:[DataPipeline]:PlayList: [2070096132] ç²¤è¯­å°è®°&#32;&#124;&#32;ä¸­å›½é£çš„éŸµå¾‹ (879/1632) has 28 songs.
INFO:[DataPipeline]:Sleep for: 136
INFO:[DataPipeline]:PlayList: [3271736134] è¿å›å¿†ä¹Ÿä¹°ä¸èµ·çš„ä¸­å›½é£ (880/1632) has 51 songs.
INFO:[DataPipeline]:PlayList: [2355146269] éŸ³ä¹é¬¼æ‰è®¸åµ©vaeçš„ä¸­å›½é£ (881/1632) has 45 songs.
INFO:[DataPipeline]:PlayList: [772009574] æ‚ æ‚ ä¸­å›½é£ï¼Œæ·¡æ·¡å…¸é›…æƒ… (882/1632) has 21 songs.
INFO:[DataPipeline]:PlayList: [2964553081] ä¹åºœ&#126;ä¸­å›½é£æ›² (883/1632) has 90 songs.
INFO:[DataPipeline]:PlayList: [854198485] æ„Ÿå—ä¸€ä¸‹ä¸­å›½é£ç”µéŸ³çš„é­…åŠ› (884/1632) has 24 songs.
INFO:[DataPipeline]:PlayList: [14206248] æµè¡Œ&#32;&#32;&#32;&#32;&#32;ä¸­å›½é£ (885/1632) has 7 songs.
INFO:[DataPipeline]:PlayList: [19439725] ä¸­å›½é£ã€€å°†å”¯ç¾è¿›è¡Œåˆ°åº• (886/1632) has 7 songs.
INFO:[DataPipeline]:PlayList: [1455745159] ä¸­å›½é£ç³»åˆ—æ­Œæ›² (887/1632) has 43 songs.
INFO:[DataPipeline]:PlayList: [1152488595] ä¸­å›½é£&#32;&#32;&#32;&#32;&#32;â€”â€”&#32;&#32;&#32;&#32;&#32;&#32;ç­ (888/1632) has 50 songs.
INFO:[DataPipeline]:PlayList: [2015679401] é‚£äº›éš¾å¿˜çš„å¤é£å’Œä¸­å›½é£ (889/1632) has 100 songs.
INFO:[DataPipeline]:Sleep for: 166
INFO:[DataPipeline]:PlayList: [3464648044] ä¸­å›½é£ç³»åˆ— (890/1632) has 11 songs.
INFO:[DataPipeline]:PlayList: [3522239033] å©‰è½¬æ‚ æ‰¬ä¸­å›½é£ (891/1632) has 88 songs.
INFO:[DataPipeline]:PlayList: [2347398147] å¤–å›½äººçš„ç»å…¸åŠ ä¸Šä¸­å›½é£çš„Remix (892/1632) has 31 songs.
INFO:[DataPipeline]:PlayList: [3265657082] æƒ…å®šä¹‹é£ï¼Œç¼˜èšä¹‹éŸµâ€•â€•ä¸­å›½é£ (893/1632) has 33 songs.
INFO:[DataPipeline]:PlayList: [1457107806] ã€ä¸­å›½é£ã€æ˜¥æ¢¦ç§‹äº‘ï¼Œèšæ•£çœŸå®¹æ˜“ã€‚ (894/1632) has 29 songs.
INFO:[DataPipeline]:PlayList: [2505237970] å¤é£ï¼Œä¸­å›½é£ (895/1632) has 109 songs.
INFO:[DataPipeline]:PlayList: [3534475056] å¤è‰²å¤é¦™â€¦æ²¡é”™ï¼Œè¿˜æ˜¯ç†Ÿæ‚‰çš„åµ©å¼ä¸­å›½é£â˜• (896/1632) has 26 songs.
INFO:[DataPipeline]:PlayList: [2670136218] çº¯èƒéŸ³ï¼Œå¤§çˆ±ä¸­å›½é£ (897/1632) has 37 songs.
INFO:[DataPipeline]:PlayList: [2054335967] ä¸­å›½é£Â·èŠ±å¼€å¦‚æ¾œï¼Œæ•…äººä¸å½’ (898/1632) has 55 songs.
INFO:[DataPipeline]:PlayList: [1010606513] å¤è‰²å¤é¦™â€”â€”ä¸­å›½é£ (899/1632) has 115 songs.
INFO:[DataPipeline]:Sleep for: 166
INFO:[DataPipeline]:PlayList: [1745637760] æ–¹æ–‡å±±ç¬”ä¸‹çš„å”¯ç¾ä¸­å›½é£ (900/1632) has 30 songs.
INFO:[DataPipeline]:PlayList: [1170864072] å¤é£ï¼Œä¸­å›½é£ (901/1632) has 57 songs.
INFO:[DataPipeline]:PlayList: [1668787671] æœ€ç¾ä¸­å›½é£ (902/1632) has 34 songs.
INFO:[DataPipeline]:PlayList: [865116002] å¤©ç©ºä¾ç„¶è”šè“&#32;&#32;æ´›å¤©ä¾çš„æ­Œ&#32;&#32;ä¸­å›½é£ (903/1632) has 22 songs.
INFO:[DataPipeline]:PlayList: [881334711] å‘¨æ°ä¼¦çš„ä¸­å›½é£ (904/1632) has 22 songs.
INFO:[DataPipeline]:PlayList: [3496157637] é”¦æ­Œâ™ªæ‹æ‹ä¸­å›½é£ (905/1632) has 41 songs.
INFO:[DataPipeline]:PlayList: [2360887521] å”¯ç¾ä¸­å›½é£ï¼Œæ‹’ç»æ¬§ç¾ (906/1632) has 31 songs.
INFO:[DataPipeline]:PlayList: [2360565210] å¤é£æ¢¦ä¹‹éŸµ2ä¹‹â€”â€”ä¸­å›½é£ (907/1632) has 30 songs.
INFO:[DataPipeline]:PlayList: [2942876889] ä¸­å›½é£ï¼šå¸¦ä½ å¯»æ‰¾å¤é›…é£çš„é­…åŠ› (908/1632) has 19 songs.
INFO:[DataPipeline]:PlayList: [2927763197] ã€ä¸­å›½é£ç”µéŸ³&#38;ç”µéŸ³ã€‘è€å¬ä¸åŒ (909/1632) has 64 songs.
INFO:[DataPipeline]:Sleep for: 158
INFO:[DataPipeline]:PlayList: [809398719] â‰®ä¸­å›½é£â‰¯&#32;&#32;â™ª (910/1632) has 54 songs.
INFO:[DataPipeline]:PlayList: [2840864345] ã€èŠ‚å¥ã€‘ä¸­å›½é£ç”µéŸ³ï½æ°§æ°”å›½é£ (911/1632) has 111 songs.
INFO:[DataPipeline]:PlayList: [3255976491] ã€å¤é£ã€‘åè¯­æ‚ éŸµï¼Œæƒ…ç³»ä¸­å›½é£ (912/1632) has 19 songs.
INFO:[DataPipeline]:PlayList: [1174535507] å¤©ä¸ç”Ÿæˆ‘ä¸­å›½é£ï¼Œä¸‡å¤å¦‚é•¿å¤œ (913/1632) has 17 songs.
INFO:[DataPipeline]:PlayList: [2352914864] ä¸­å›½é£ (914/1632) has 298 songs.
INFO:[DataPipeline]:PlayList: [2798356870] æ—¥éŸ©&#32;&#32;&#32;ä¸­å›½é£ (915/1632) has 102 songs.
INFO:[DataPipeline]:PlayList: [1763257090] ä¸­å›½é£&#32;ã€çº¯éŸ³ä¹ã€ (916/1632) has 19 songs.
INFO:[DataPipeline]:PlayList: [3166447761] ä¸–é—´æœ€ç¾çš„ï¼Œå’Œé£çµ®å£¤ï¼Œä¾¿æ˜¯ä¸­å›½é£ (917/1632) has 62 songs.
INFO:[DataPipeline]:PlayList: [2881154457] å½“ä¸­å›½é£åœ¨æ—¥æœ¬åˆ®èµ· (918/1632) has 13 songs.
INFO:[DataPipeline]:PlayList: [1069927459] ã€é€Ÿé€’ã€‘ä¸­å›½é£é›†&#32; (919/1632) has 22 songs.
INFO:[DataPipeline]:Sleep for: 157
INFO:[DataPipeline]:PlayList: [3236345513] å¾æ¢¦åœ†çš„ä¸­å›½é£ (920/1632) has 79 songs.
INFO:[DataPipeline]:PlayList: [2654337925] ã€å›½è¯­ã€‘ä¸­å›½é£ï¼ŒéŸµå‘³åè¶³ (921/1632) has 21 songs.
INFO:[DataPipeline]:PlayList: [3564276312] ä¸­å›½é£ï¼šåä¸€æœˆçš„è‚–é‚¦ (922/1632) has 53 songs.
INFO:[DataPipeline]:PlayList: [2061393563] ä¸­å›½é£ï¼š&#32;æˆæ›² (923/1632) has 31 songs.
INFO:[DataPipeline]:PlayList: [1165166604] ä¸­å›½é£Oï¼ˆâˆ©&#95;âˆ©ï¼‰O (924/1632) has 15 songs.
INFO:[DataPipeline]:PlayList: [2678430494] çº¯éŸ³ä¹ä¸­å›½é£ (925/1632) has 30 songs.
INFO:[DataPipeline]:PlayList: [1160186648] ä¸­å›½é£ç”µéŸ³ï¼Œè¶…ç»ï¼ï¼ (926/1632) has 18 songs.
INFO:[DataPipeline]:PlayList: [2664836118] ä¸­å›½é£çš„çº¯éŸ³ä¹ (927/1632) has 30 songs.
INFO:[DataPipeline]:PlayList: [862907318] ä¸­å›½é£â€”å¾æ¢¦åœ† (928/1632) has 17 songs.
INFO:[DataPipeline]:PlayList: [2646848105] ä¸­å›½é£å¤é£éŸ³ä¹ (929/1632) has 74 songs.
INFO:[DataPipeline]:Sleep for: 100
INFO:[DataPipeline]:PlayList: [848330739] å¤é£ä¹‹éŸµ&#32;&#32;&#32;å”¯ç¾ä¸­å›½é£ (930/1632) has 47 songs.
INFO:[DataPipeline]:PlayList: [1335879380] å‘¨æ°ä¸­å›½é£ (931/1632) has 27 songs.
INFO:[DataPipeline]:PlayList: [3164047733] ã€ä¸­å›½é£ã€‘å¤é£å¤éŸµä¸è´Ÿä½³äºº (932/1632) has 37 songs.
INFO:[DataPipeline]:PlayList: [1119638485] ä¸­å›½é£â€”â€”JAY (933/1632) has 24 songs.
INFO:[DataPipeline]:PlayList: [3171594771] ä¸­å›½é£ï¼Œè¯·å›ä¸ºæˆ‘å€¾è€³å¬ (934/1632) has 170 songs.
INFO:[DataPipeline]:PlayList: [771036922] æ°´å¢¨ä¹‹é—´æ·‹æ²ä¸­å›½é£ (935/1632) has 22 songs.
INFO:[DataPipeline]:PlayList: [3550167954] ä¸­å›½é£ç²¾é€‰ (936/1632) has 36 songs.
INFO:[DataPipeline]:PlayList: [2045153944] å‘¨æ°ä¼¦çš„ä¸­å›½é£ (937/1632) has 17 songs.
INFO:[DataPipeline]:PlayList: [1161726476] å‘¨æ°ä¼¦&#45;å¸¦ä½ é¢†ç•¥ç»å…¸ä¸­å›½é£ã€‚ (938/1632) has 26 songs.
INFO:[DataPipeline]:PlayList: [3170967809] è¯´å”±ä¸­å›½é£ (939/1632) has 15 songs.
INFO:[DataPipeline]:Sleep for: 125
INFO:[DataPipeline]:PlayList: [1591466739] å”¯ç¾å¤é£ï¼Œå¤§æ°”ä¸­å›½é£ (940/1632) has 70 songs.
INFO:[DataPipeline]:PlayList: [2662116394] China&#32;æŠ–è…¿çš„ä¸­å›½é£ (941/1632) has 15 songs.
INFO:[DataPipeline]:PlayList: [3557047116] ä¸­å›½é£å’Œæ°‘è°£æœ‰æ—¶ä¾¿æ˜¯éŸ³ä¹çš„æœ¬æº (942/1632) has 18 songs.
INFO:[DataPipeline]:PlayList: [2044608081] ä¸­å›½é£ï¼Œå¬å‡ºå‰‘ç¼ç‰æµ†ã€‚ (943/1632) has 18 songs.
INFO:[DataPipeline]:PlayList: [2876457503] ã€ä¸­å›½é£ã€å€šæ¥¼å¬é£é›¨ï¼Œä¸€è‹‡çº¢å°˜æ¸¡ (944/1632) has 105 songs.
INFO:[DataPipeline]:PlayList: [1773894995] ä¸­å›½é£&#32;ä¸­å›½ç´ (945/1632) has 26 songs.
INFO:[DataPipeline]:PlayList: [852397925] æ°ä¼¦ä¸­å›½é£&#32;è®ºæˆ‘ä¸ºå•¥è·ªç€å¬æ­Œï¼Ÿå¤ªç»ä¼¦ (946/1632) has 15 songs.
INFO:[DataPipeline]:PlayList: [2374934947] ä¸­å›½é£ï¼Œä¸­å›½å‘³ã€‚å¸¦æœ‰ä¸­å›½é£çš„ç”µéŸ³ã€‚ (947/1632) has 22 songs.
INFO:[DataPipeline]:PlayList: [3261244993] ä¸­åœ‹é¢¨ä¸¶é›»éŸ³ (948/1632) has 29 songs.
INFO:[DataPipeline]:PlayList: [1464946542] æ·¡æ·¡ä¸­å›½é£ï¼Œæ‚ æ‚ å¤é£ç¾ (949/1632) has 99 songs.
INFO:[DataPipeline]:Sleep for: 152
INFO:[DataPipeline]:PlayList: [2336045231] å‘¨æ°ä¼¦ä¸­å›½é£ (950/1632) has 44 songs.
INFO:[DataPipeline]:PlayList: [2344356724] é‚£äº›ä¸­å›½é£çš„ç‚¹ç‚¹æ»´æ»´ (951/1632) has 34 songs.
INFO:[DataPipeline]:PlayList: [3103775594] ä¸­å›½é£å¤å…¸éŸ³ä¹ (952/1632) has 102 songs.
INFO:[DataPipeline]:PlayList: [3425204518] ä¸­å›½é£æ‚ ç„¶ï¼Œæ›²ä¸­è¯å¿§ä¼¤ (953/1632) has 23 songs.
INFO:[DataPipeline]:PlayList: [1144882495] ä¸­å›½é£çº¯éŸ³ä¹ç»å…¸ (954/1632) has 17 songs.
INFO:[DataPipeline]:PlayList: [2050687408] Jay&#32;zhou&#32;Â·&#32;ä¸­å›½é£ (955/1632) has 16 songs.
INFO:[DataPipeline]:PlayList: [2945757351] è®¸åµ©&#45;ä¸­å›½é£ (956/1632) has 16 songs.
INFO:[DataPipeline]:PlayList: [1082915301] æ·¡æ·¡ç•¥æƒ…çš„ä¸ç»¸ç‰ç’ƒä¸­å›½é£ (957/1632) has 29 songs.
INFO:[DataPipeline]:PlayList: [3263745730] åœ†å“¥ç²¾é€‰ï¼ˆä¸­å›½é£ç”µéŸ³ï¼‰ (958/1632) has 32 songs.
INFO:[DataPipeline]:PlayList: [1040055487] æœ€ç¾ä¸è¿‡ä¸­å›½é£ (959/1632) has 149 songs.
INFO:[DataPipeline]:Sleep for: 39
INFO:[DataPipeline]:PlayList: [1958707365] åè¯­ä¸­å›½é£ (960/1632) has 36 songs.
INFO:[DataPipeline]:PlayList: [3246407288] æ¬§ç¾Â·ä¸­å›½é£&#32;I&#32;è¥¿æ–¹èŠ‚å¥é‡Œç»®ä¸½çš„ä¸œæ–¹ä¹éŸµ (961/1632) has 26 songs.
INFO:[DataPipeline]:PlayList: [1148007696] å¥½å¬çš„ä¸­å›½é£&#126; (962/1632) has 98 songs.
INFO:[DataPipeline]:PlayList: [2048267585] ä¸­å›½é£ (963/1632) has 29 songs.
INFO:[DataPipeline]:PlayList: [2349167988] ã€ä¸­å›½é£ã€‘é’æ¥¼æ¢¦å¥½è½»å’¿å‘€ (964/1632) has 27 songs.
INFO:[DataPipeline]:PlayList: [3526484774] ä¸­å›½é£ç”µå­éŸ³ä¹ (965/1632) has 147 songs.
INFO:[DataPipeline]:PlayList: [2644346734] å”¯ç¾ä¸­å›½é£ (966/1632) has 24 songs.
INFO:[DataPipeline]:PlayList: [2652894921] ä¸­å›½é£ï¼Œæ¸…æ–°åŠ¨äºº (967/1632) has 42 songs.
INFO:[DataPipeline]:PlayList: [1371725980] ğŸµç¾ä¹ä¹‹ä¸­å›½é£ (968/1632) has 997 songs.
INFO:[DataPipeline]:PlayList: [1929054711] é’é’å­è¡¿ä¸­å›½é£å¢¨è‰²ï¼Œç‚¹èµ·å¯¹è¿‡å¾€çš„æ€å¿µã€ (969/1632) has 46 songs.
INFO:[DataPipeline]:Sleep for: 170
INFO:[DataPipeline]:PlayList: [792626536] ä¼¤æ„Ÿä¸­å›½é£ (970/1632) has 24 songs.
INFO:[DataPipeline]:PlayList: [1570387282] ä¸­å›½é£å¥³å£° (971/1632) has 16 songs.
INFO:[DataPipeline]:PlayList: [3243278115] ã€å¤é£ã€‘æ‹æ‹ä¸­å›½é£&#32;å¹½å¹½æ•…äººæƒ… (972/1632) has 19 songs.
INFO:[DataPipeline]:PlayList: [2637644587] ä¸­å›½é£ï¼‹çº¯éŸ³ä¹ï¼‹ç”µéŸ³&#61; (973/1632) has 27 songs.
INFO:[DataPipeline]:PlayList: [1465474911] å¾æ¢¦åœ†ä¸­å›½é£ç”µéŸ³ã€‚ (974/1632) has 41 songs.
INFO:[DataPipeline]:PlayList: [3547576588] å¬å¾—åˆ°çš„ä¸­å›½é£ (975/1632) has 62 songs.
INFO:[DataPipeline]:PlayList: [1459696220] ä¸­å›½é£ç”µéŸ³ (976/1632) has 19 songs.
INFO:[DataPipeline]:PlayList: [1681677247] ã€Œä¸­å›½é£ã€ä¹…å¬ä¸åŒçš„å¤é£æ›² (977/1632) has 29 songs.
INFO:[DataPipeline]:PlayList: [1055327374] ä¼˜é›…è¿·ä¹±ä¸­å›½é£ (978/1632) has 47 songs.
INFO:[DataPipeline]:PlayList: [830882390] ä¸­å›½é£&#124;ç›¸æ€éŸµå¢¨å¦‚æ˜¨&#46; (979/1632) has 36 songs.
INFO:[DataPipeline]:Sleep for: 154
INFO:[DataPipeline]:PlayList: [1433037482] å¤©ä¾çš„æ­Œ&#126;ã€æ²»æ„ˆ&#32;ä¸­å›½é£ã€‘ (980/1632) has 234 songs.
INFO:[DataPipeline]:PlayList: [2370102577] ä¸­å›½é£ç”µéŸ³ï¼Œæ²»å¥½ä½ çš„æŠ–è…¿ç—‡ (981/1632) has 129 songs.
INFO:[DataPipeline]:PlayList: [2120224496] å‘¨æ°ä¼¦è–›ä¹‹è°¦&#32;â€†æ±ªè‹ç‘è®¸åµ©&#32;ä¸­å›½é£ (982/1632) has 299 songs.
INFO:[DataPipeline]:PlayList: [2121166281] ä¸­å›½é£ï¼šåŸ‹æ²¡åƒå¹´çš„æ¢¦ (983/1632) has 36 songs.
INFO:[DataPipeline]:PlayList: [2350617158] Beautifulä¸­å›½é£ (984/1632) has 29 songs.
INFO:[DataPipeline]:PlayList: [1146467060] ä¸€æ›²ä¸­å›½é£ï¼Œä¸€æ®µç›¸æ€æ„ (985/1632) has 31 songs.
INFO:[DataPipeline]:PlayList: [1753573920] é«˜å±±æµæ°´ï¼æƒ³å¬å¬ä¸­å›½é£çš„ç”µéŸ³å—ï¼Ÿ (986/1632) has 19 songs.
INFO:[DataPipeline]:PlayList: [858186359] ä¸­å›½é£å¤å…¸ä¹ (987/1632) has 19 songs.
INFO:[DataPipeline]:PlayList: [1761965753] ä¸­å›½é£ç”µéŸ³ (988/1632) has 20 songs.
INFO:[DataPipeline]:PlayList: [3184886153] ä¸­å›½é£æ­Œæ›² (989/1632) has 40 songs.
INFO:[DataPipeline]:Sleep for: 114
INFO:[DataPipeline]:PlayList: [2266201579] æ¸…æ–°ä¸­å›½é£ (990/1632) has 330 songs.
INFO:[DataPipeline]:PlayList: [2667741834] ã€å¤é£/ä¸­å›½é£ã€‘æ•…æ¢¦ä¸€æ—¶ï¼Œå¯»ä¸€ä¸–å§»ç¼˜ (991/1632) has 139 songs.
INFO:[DataPipeline]:PlayList: [38767345] é…·ç‚«ä¸­å›½é£ (992/1632) has 10 songs.
INFO:[DataPipeline]:PlayList: [2649716600] ç”µå­Â·ä¸­å›½é£&#124;æ„Ÿå—è§’å¾µç¾½å®«çš„è¡æ°”å›è‚  (993/1632) has 11 songs.
INFO:[DataPipeline]:PlayList: [3553035999] ä¸­å›½é£&#32;å¤å…¸ä¹ (994/1632) has 193 songs.
INFO:[DataPipeline]:PlayList: [3544226840] åªæœ‰è®¸åµ©çš„ä¸­å›½é£ (995/1632) has 19 songs.
INFO:[DataPipeline]:PlayList: [2948586418] ã€ä¸­å›½é£çº¯ç”µéŸ³ã€æˆ´ä¸Šè€³æœºï¼Œæ„Ÿå—ä¸­å›½çš„é­…åŠ› (996/1632) has 21 songs.
INFO:[DataPipeline]:PlayList: [862535850] ä¸­å›½é£ä¸¶å¤é£ (997/1632) has 44 songs.
INFO:[DataPipeline]:PlayList: [3257373087] ã€ä¸­å›½é£ã€‘&#32;ä¸ºé‡ä¸€äººè€Œå…¥çº¢å°˜ (998/1632) has 129 songs.
INFO:[DataPipeline]:PlayList: [1752706367] å”¯ç¾çš„ä¸­å›½é£ (999/1632) has 19 songs.
INFO:[DataPipeline]:Sleep for: 144
INFO:[DataPipeline]:PlayList: [3552606728] é†‰äººä¸­å›½é£ (1000/1632) has 19 songs.
INFO:[DataPipeline]:PlayList: [1127583888] è¿™äº›æ„å¢ƒã€ä¸­å›½é£ã€‘ä¸åŒäºè¾è—»å †ç Œ (1001/1632) has 38 songs.
INFO:[DataPipeline]:PlayList: [1148973278] å¾æ¢¦å›­ä¸­å›½é£ç³»åˆ— (1002/1632) has 24 songs.
INFO:[DataPipeline]:PlayList: [1709526587] æœ€ç¾ä¸­å›½é£ (1003/1632) has 30 songs.
INFO:[DataPipeline]:PlayList: [3254084933] æ°å¼ä¸­å›½é£ (1004/1632) has 15 songs.
INFO:[DataPipeline]:PlayList: [1147396583] å‘¨æ°ä¸­å›½é£ (1005/1632) has 16 songs.
INFO:[DataPipeline]:PlayList: [1769403936] å¿ƒåº•çš„ä¸­å›½é£&#32;ç»å…¸çš„é£ (1006/1632) has 38 songs.
INFO:[DataPipeline]:PlayList: [2601416153] å‘¨è‘£æ–‡å±±ç¬”ä¸‹çš„ä¸­å›½é£ (1007/1632) has 18 songs.
INFO:[DataPipeline]:PlayList: [823204840] å¤æ‹&#58;æ‹æ‹ä¸­å›½é£ (1008/1632) has 31 songs.
INFO:[DataPipeline]:PlayList: [1154215236] ç”µéŸ³ä¸­å›½é£ (1009/1632) has 57 songs.
INFO:[DataPipeline]:Sleep for: 81
INFO:[DataPipeline]:PlayList: [2949476491] æ‚ æ‰¬ä¸­å›½é£ (1010/1632) has 19 songs.
INFO:[DataPipeline]:PlayList: [714945215] é†‰ç¾ä¸­å›½é£ (1011/1632) has 96 songs.
INFO:[DataPipeline]:PlayList: [2369144773] ä¸­å›½é£ï¼Œä½“å‘³ä¸ä¸€æ ·çš„æ„Ÿè§‰ (1012/1632) has 27 songs.
INFO:[DataPipeline]:PlayList: [3510986097] ã€”ä¸­å›½é£ã€•&#46; (1013/1632) has 95 songs.
INFO:[DataPipeline]:PlayList: [819436491] æ°ä¼¦ä¸­å›½é£ (1014/1632) has 19 songs.
INFO:[DataPipeline]:PlayList: [3323306887] å¤é£ä¸­å›½é£&#32;&#32;å–œæ¬¢çš„ä¸è¦é”™è¿‡ (1015/1632) has 23 songs.
INFO:[DataPipeline]:PlayList: [3260846598] ä¸­å›½é£åˆé›† (1016/1632) has 213 songs.
INFO:[DataPipeline]:PlayList: [1454685887] åµ©å¼ä¸­å›½é£ (1017/1632) has 16 songs.
INFO:[DataPipeline]:PlayList: [1145166138] æ±Ÿå—çƒŸé›¨æ›²ï¼Œå”¯å¿µä¸­å›½é£ï¼Œ (1018/1632) has 39 songs.
INFO:[DataPipeline]:PlayList: [2019689215] ä¸­å›½é£è¯´å”± (1019/1632) has 50 songs.
INFO:[DataPipeline]:Sleep for: 142
INFO:[DataPipeline]:PlayList: [14430725] éŸ³ä¹‹å’Œå¼¦ã€€ç»§ç»­ä¸­å›½é£ (1020/1632) has 10 songs.
INFO:[DataPipeline]:PlayList: [2899265061] å‘¨äº”ã€‚æµè¡Œã€‚ä¸­å›½é£ã€‚ (1021/1632) has 69 songs.
INFO:[DataPipeline]:PlayList: [2620596438] ä¸­å›½é£&#32;&#32;è¿½çˆ± (1022/1632) has 547 songs.
INFO:[DataPipeline]:PlayList: [2044054761] å†…åœ°ä¸­å›½é£åå¼¦ (1023/1632) has 74 songs.
INFO:[DataPipeline]:PlayList: [3258125442] ã€å¤é£ã€‘æ‹æ‹ä¸­å›½é£&#126; (1024/1632) has 37 songs.
INFO:[DataPipeline]:PlayList: [3555895896] å®›è‹¥æµæ°´ä¸­å›½é£ (1025/1632) has 14 songs.
INFO:[DataPipeline]:PlayList: [3253584765] æ­Œæ›²é‚£ä¹ˆå¤šï¼Œæˆ‘ç‹¬çˆ±ä¸­å›½é£ (1026/1632) has 48 songs.
INFO:[DataPipeline]:PlayList: [1431945756] æ­Œæ›²é‡Œçš„ä¸­å›½é£ï¼Œç¾åˆ°å“­ (1027/1632) has 64 songs.
INFO:[DataPipeline]:PlayList: [2350905581] æ¬§ç¾æ··å‰ªå’Œä¸­å›½é£ç”µéŸ³ (1028/1632) has 26 songs.
INFO:[DataPipeline]:PlayList: [2885397512] ä¸­å›½é£æ­Œå• (1029/1632) has 24 songs.
INFO:[DataPipeline]:Sleep for: 53
INFO:[DataPipeline]:PlayList: [1342494331] æµè¡Œä¸­å›½é£ (1030/1632) has 100 songs.
INFO:[DataPipeline]:PlayList: [1609815918] ä¸­å›½é£ (1031/1632) has 22 songs.
INFO:[DataPipeline]:PlayList: [1760374850] æœ€ç¾ä¸­å›½é£ (1032/1632) has 24 songs.
INFO:[DataPipeline]:PlayList: [2045873875] ç‡ƒ&#32;ï¼ç‡ƒï¼ç‡ƒï¼ä¸­å›½é£ (1033/1632) has 69 songs.
INFO:[DataPipeline]:PlayList: [1466754308] ä¸­å›½é£ï¼Œåº­é™¢æ·±æ·±æ·±å‡ è®¸ (1034/1632) has 117 songs.
INFO:[DataPipeline]:PlayList: [847795622] é›…ä¿—å…±èµ&#32;VAEçš„ä¸­å›½é£ (1035/1632) has 24 songs.
INFO:[DataPipeline]:PlayList: [2946255601] å‘¨æ°ä¸­å›½é£ (1036/1632) has 17 songs.
INFO:[DataPipeline]:PlayList: [1977035385] å”¯ç¾åŠ¨å¬çš„ä¸­å›½é£å¥³å£°/é­”å¥³ä¸“å± (1037/1632) has 32 songs.
INFO:[DataPipeline]:PlayList: [2790216869] æœ‰ç§ä¸­å›½é£å«å‘¨è‘£ (1038/1632) has 9 songs.
INFO:[DataPipeline]:PlayList: [3238654955] ä¸­å›½é£ä¹‹æ—… (1039/1632) has 40 songs.
INFO:[DataPipeline]:Sleep for: 75
INFO:[DataPipeline]:PlayList: [1400346943] å”¯ç¾ä¸­å›½é£ (1040/1632) has 15 songs.
INFO:[DataPipeline]:PlayList: [2004284342] ä¸­å›½é£ (1041/1632) has 159 songs.
INFO:[DataPipeline]:PlayList: [1740603036] åç¾ä¸­å›½é£ (1042/1632) has 70 songs.
INFO:[DataPipeline]:PlayList: [2054604777] æœ€ç¾ä¸­å›½é£ (1043/1632) has 48 songs.
INFO:[DataPipeline]:PlayList: [1747464730] çƒŸé›¨è¡Œæ±Ÿå—ï¼ˆä¸­å›½é£ï¼‰ (1044/1632) has 71 songs.
INFO:[DataPipeline]:PlayList: [1154924787] å›½é£æ­Œæ›²ï¼šæ‹æ‹ä¸­å›½é£ (1045/1632) has 37 songs.
INFO:[DataPipeline]:PlayList: [1660222281] æ‹æ‹ä¸­å›½é£ (1046/1632) has 99 songs.
INFO:[DataPipeline]:PlayList: [1729283910] æ··è¿¹&#32;ä¸­å›½é£ (1047/1632) has 270 songs.
INFO:[DataPipeline]:PlayList: [2420684979] å”¯ç¾ä¸­å›½é£ (1048/1632) has 16 songs.
INFO:[DataPipeline]:PlayList: [3246772786] æ­¦ä¾ æƒ…æ€€å¤é£ä¸­å›½é£ (1049/1632) has 68 songs.
INFO:[DataPipeline]:Sleep for: 162
INFO:[DataPipeline]:PlayList: [1145865907] æ— ä¸ä¼¦æ¯”ï¼ï¼ï¼ä¸­å›½é£ (1050/1632) has 19 songs.
INFO:[DataPipeline]:PlayList: [2913885395] ä¸­å›½é£ï¼šä¸ä¸€æ ·çš„å‘¨æ°ä¼¦ (1051/1632) has 16 songs.
INFO:[DataPipeline]:PlayList: [2037014897] æµ“æµ“ä¸­å›½é£&#32;éŸµå‘³æ‚ é•¿ (1052/1632) has 50 songs.
INFO:[DataPipeline]:PlayList: [32300025] ç»å…¸ä¸­å›½é£ï¼Œå”±å°½å¤éŸµ (1053/1632) has 10 songs.
INFO:[DataPipeline]:PlayList: [1971825798] é˜³å…‰ä¸­å›½é£ (1054/1632) has 51 songs.
INFO:[DataPipeline]:PlayList: [789953630] æš–æš–ä¸­å›½é£ (1055/1632) has 53 songs.
INFO:[DataPipeline]:PlayList: [2621847193] æå£¶é¥®èŠ±é—´â€–ä¸­å›½é£ (1056/1632) has 37 songs.
INFO:[DataPipeline]:PlayList: [1113335227] ã€æ”¶è—ã€‘ä¸­å›½é£é›†&#32; (1057/1632) has 15 songs.
INFO:[DataPipeline]:PlayList: [1884673158] Îä¸­å›½é£&#32;VCR (1058/1632) has 89 songs.
INFO:[DataPipeline]:PlayList: [3550465259] ä¸­å›½é£ï¼Œå¤é£ (1059/1632) has 115 songs.
INFO:[DataPipeline]:Sleep for: 178
INFO:[DataPipeline]:PlayList: [3253525849] ä¸­å›½é£ (1060/1632) has 436 songs.
INFO:[DataPipeline]:PlayList: [3228025862] ä¸­å›½é£ï¼Œå¹³é™ï¼Œæ€å¿µ (1061/1632) has 123 songs.
INFO:[DataPipeline]:PlayList: [2634144999] ä¸­å›½é£ï¼ˆå°±å–œæ¬¢è¿™ä¸ªè°ƒè°ƒï¼‰ (1062/1632) has 100 songs.
INFO:[DataPipeline]:PlayList: [845923746] ä¸­å›½è‡ªå·±çš„ä¸­å›½é£ä¸¶ (1063/1632) has 142 songs.
INFO:[DataPipeline]:PlayList: [1450074319] é‚£äº›å¬å“­äº†çš„ä¸­å›½é£ (1064/1632) has 47 songs.
INFO:[DataPipeline]:PlayList: [2940755600] è”¡å¤§å¤§å–œæ¬¢çš„ä¸­å›½é£&#126; (1065/1632) has 29 songs.
INFO:[DataPipeline]:PlayList: [2329225302] ä¸­å›½é£ (1066/1632) has 252 songs.
INFO:[DataPipeline]:PlayList: [2051803873] ä¸­å›½é£â€–ä½ å¸¦ç€ä¸€æ ‘æœˆå…‰å€¾åŸã€‚ (1067/1632) has 23 songs.
INFO:[DataPipeline]:PlayList: [3243354614] ä¸­å›½é£ç”µéŸ³ (1068/1632) has 67 songs.
INFO:[DataPipeline]:PlayList: [844414880] ä¸€æ›²ä¸­å›½é£ï¼Œä¸€æ›²æ±Ÿå—æƒ…ã€‚ (1069/1632) has 21 songs.
INFO:[DataPipeline]:Sleep for: 108
INFO:[DataPipeline]:PlayList: [1453214584] æœ€çˆ±ä¸­å›½é£ (1070/1632) has 29 songs.
INFO:[DataPipeline]:PlayList: [1728055403] ä¸­å›½é£å¤é£ (1071/1632) has 102 songs.
--- Logging error ---
Traceback (most recent call last):
  File "runner_qq.py", line 53, in process_playlist
    songs = api.get_songs_from_playlist(playlist_id)
  File "/private/var/root/.jenkins/workspace/data-zhongguofeng/dao/qq_api.py", line 23, in get_songs_from_playlist
    response = self.fetch(url).get("cdlist", [])[0]
IndexError: list index out of range

During handling of the above exception, another exception occurred:

Traceback (most recent call last):
  File "/Applications/Xcode.app/Contents/Developer/Library/Frameworks/Python3.framework/Versions/3.7/lib/python3.7/logging/__init__.py", line 1034, in emit
    msg = self.format(record)
  File "/Applications/Xcode.app/Contents/Developer/Library/Frameworks/Python3.framework/Versions/3.7/lib/python3.7/logging/__init__.py", line 880, in format
    return fmt.format(record)
  File "/Applications/Xcode.app/Contents/Developer/Library/Frameworks/Python3.framework/Versions/3.7/lib/python3.7/logging/__init__.py", line 619, in format
    record.message = record.getMessage()
  File "/Applications/Xcode.app/Contents/Developer/Library/Frameworks/Python3.framework/Versions/3.7/lib/python3.7/logging/__init__.py", line 380, in getMessage
    msg = msg % self.args
TypeError: not all arguments converted during string formatting
Call stack:
  File "runner_qq.py", line 158, in <module>
    main()
  File "runner_qq.py", line 145, in main
    args.proxy, logger, args.dump_raw, args.dump_seg)
  File "runner_qq.py", line 85, in process_playlist
    logger.error("Exception in processing playlist: ", e)
Message: 'Exception in processing playlist: '
Arguments: (IndexError('list index out of range'),)
INFO:[DataPipeline]:PlayList: [1982003073] å¤é£/ä¸­å›½é£ (1072/1632) has 354 songs.
INFO:[DataPipeline]:PlayList: [1060899207] ä¸­å›½é£ (1073/1632) has 213 songs.
INFO:[DataPipeline]:PlayList: [826193841] ä¸­å›½é£ä¹‹éŸ³ (1074/1632) has 49 songs.
INFO:[DataPipeline]:PlayList: [3536344851] å½¼å²¸èŠ±å¼€ï¼Œå¦‚æ¢¦å…¥ç”»ï¼Œä¸­å›½é£ (1075/1632) has 19 songs.
INFO:[DataPipeline]:PlayList: [23202954] å¹½æ·±å··å­é‡Œ&#32;å¼¥æ•£çš„ä¸­å›½é£ (1076/1632) has 6 songs.
INFO:[DataPipeline]:PlayList: [1828969999] å®Œç¾ä¸­å›½é£ï¼Œä¸ç”¨å¤šè¯´ï¼Œä½ ä»¬æ‡‚å°±å¥½ (1077/1632) has 119 songs.
INFO:[DataPipeline]:PlayList: [768418800] ç»å…¸&#32;&#32;å‘¨è‘£ä¸­å›½é£ (1078/1632) has 135 songs.
INFO:[DataPipeline]:PlayList: [1033231416] ä¸­å›½é£ (1079/1632) has 132 songs.
INFO:[DataPipeline]:Sleep for: 146
INFO:[DataPipeline]:PlayList: [2329464923] å¿†å¤é£ï¼ˆå¤é£ã€ä¸­å›½é£ï¼‰ (1080/1632) has 76 songs.
INFO:[DataPipeline]:PlayList: [12317680] è¿æ˜¥ä¹‹ã€æš–æš–ä¸­å›½é£ (1081/1632) has 15 songs.
INFO:[DataPipeline]:PlayList: [1673363378] æˆ‘çš„ä¸­å›½é£ (1082/1632) has 38 songs.
INFO:[DataPipeline]:PlayList: [13261026] å¤šå…ƒç´ ã€ä¹åœ¨å…¶ä¸­ä¹‹&#124;ä¸­å›½é£&#124; (1083/1632) has 9 songs.
INFO:[DataPipeline]:PlayList: [1892200629] ä¸­å›½é£éŸ³ä¹ (1084/1632) has 24 songs.
INFO:[DataPipeline]:PlayList: [1102336772] æ‹ä¸€æ›²ä¸­å›½é£ï¼Œå”±ä¸€æ›²å°æ‘‡ç¯® (1085/1632) has 68 songs.
INFO:[DataPipeline]:PlayList: [13130407] å¥½å¬ä¸­å›½é£&#32;æ„ŸåŠ¨å…¨ä¸–ç•Œ (1086/1632) has 7 songs.
INFO:[DataPipeline]:PlayList: [2895965608] å¤é£ï¼Œä¸­å›½é£ (1087/1632) has 27 songs.
INFO:[DataPipeline]:PlayList: [3375839347] ä¸­å›½é£ (1088/1632) has 385 songs.
INFO:[DataPipeline]:PlayList: [1079304704] ä¸­å›½é£ (1089/1632) has 173 songs.
INFO:[DataPipeline]:Sleep for: 156
INFO:[DataPipeline]:PlayList: [2551386992] å”¯ç¾ä¸­å›½é£&#32;å¼¥æ¼«è€³ç•” (1090/1632) has 31 songs.
INFO:[DataPipeline]:PlayList: [13742727] ä¸­å›½é£&#32;ä¸­å›½æƒ… (1091/1632) has 9 songs.
INFO:[DataPipeline]:PlayList: [720086553] ã€Œé‚£äº›å¤–å›½äººåˆ›ä½œçš„ä¸­å›½é£éŸ³ä¹ã€ (1092/1632) has 7 songs.
INFO:[DataPipeline]:PlayList: [1920363322] ä¸­å›½é£ (1093/1632) has 158 songs.
INFO:[DataPipeline]:PlayList: [3483844428] å”¯ç¾ä¸­å›½é£ (1094/1632) has 125 songs.
INFO:[DataPipeline]:PlayList: [2276664530] é‚£äº›æˆ‘æœ€å–œæ¬¢çš„ä¸­å›½é£ (1095/1632) has 33 songs.
INFO:[DataPipeline]:PlayList: [1625870282] æ°ä¼¦çš„ä¸­å›½é£ (1096/1632) has 22 songs.
INFO:[DataPipeline]:PlayList: [14253784] 09â€¦å¼‚åŸŸåˆ®èµ·ä¸­å›½é£&#60;ç»­ç¯‡&#62; (1097/1632) has 5 songs.
INFO:[DataPipeline]:PlayList: [1922482928] ä¸­å›½é£ï¼Œå¤é£è„‘æ´éœ€ (1098/1632) has 273 songs.
INFO:[DataPipeline]:PlayList: [11754283] ä¸­å›½é£ (1099/1632) has 14 songs.
INFO:[DataPipeline]:Sleep for: 180
INFO:[DataPipeline]:PlayList: [1560203667] æ²»æ„ˆç³»,ä¼¤æ„Ÿç³»,æ¬§ç¾é£,ä¸­å›½é£&#33;&#33; (1100/1632) has 9 songs.
INFO:[DataPipeline]:PlayList: [3450288243] ä¸­å›½é£ (1101/1632) has 404 songs.
INFO:[DataPipeline]:PlayList: [1594165835] ä¸­å›½é£ (1102/1632) has 212 songs.
INFO:[DataPipeline]:PlayList: [13891089] å¤å…¸ä¸­å›½é£&#32;ä¹‹&#32;é•¿æ¨æ­Œ&#32; (1103/1632) has 5 songs.
INFO:[DataPipeline]:PlayList: [13748000] ä¸­å›½é£ã€&#32;&#32;å¥½å¬çš„æ—‹å¾‹ (1104/1632) has 9 songs.
INFO:[DataPipeline]:PlayList: [9071247] ä¸­å›½é£ (1105/1632) has 14 songs.
INFO:[DataPipeline]:PlayList: [4815584] ä¸­å›½é£Â·&#32;æµè¡Œä¹ (1106/1632) has 30 songs.
INFO:[DataPipeline]:PlayList: [7039442373] ä½ æœ€çˆ±çš„è¿Ÿå¿—å¼º (1107/1632) has 45 songs.
INFO:[DataPipeline]:PlayList: [3573607177] æ„Ÿè°¢è¿Ÿå¿—å¼ºé™ªæˆ‘ä»¬èµ°è¿‡çš„æ—¶å…‰ (1108/1632) has 44 songs.
INFO:[DataPipeline]:PlayList: [877266469] è¿Ÿå¿—å¼ºæ…¢æ­Œç²¾é€‰ (1109/1632) has 18 songs.
INFO:[DataPipeline]:Sleep for: 95
INFO:[DataPipeline]:PlayList: [3765180081] è¿Ÿå¿—å¼ºé“çª—æ³ª (1110/1632) has 51 songs.
INFO:[DataPipeline]:PlayList: [1678295278] é“çª—æ³ª&#32;è¿Ÿå¿—å¼º (1111/1632) has 12 songs.
INFO:[DataPipeline]:PlayList: [2333614939] è¿Ÿå¿—å¼ºçš„é“çª—æ³ª (1112/1632) has 45 songs.
INFO:[DataPipeline]:PlayList: [1687005060] é“çª—æ³ª&#32;è¿Ÿå¿—å¼ºæ„å•Šæ„ (1113/1632) has 15 songs.
INFO:[DataPipeline]:PlayList: [7096723514] é“çª—æ³ª&#32;è¿Ÿå¿—å¼º (1114/1632) has 12 songs.
INFO:[DataPipeline]:PlayList: [2035079850] è¿Ÿå¿—å¼ºæ¼”å”±çš„æ­Œæ›²ã€‚é“çª—æ³ªã€‚ (1115/1632) has 45 songs.
INFO:[DataPipeline]:PlayList: [2261232840] è¿Ÿå¿—å¼ºã€‚é“çª—æ³ª (1116/1632) has 14 songs.
INFO:[DataPipeline]:PlayList: [3831009559] é“çª—æ³ªç‹±ä¸­æœ›æœˆ&#32;è¿Ÿå¿—å¼º (1117/1632) has 10 songs.
INFO:[DataPipeline]:PlayList: [1037861863] è¿Ÿå¿—å¼ºé“çª—æ³ª15é¦– (1118/1632) has 15 songs.
INFO:[DataPipeline]:PlayList: [843756199] è¿Ÿå¿—å¼º&#32;&#32;&#32;&#32;&#32;&#32;é“çª—æ³ª (1119/1632) has 119 songs.
INFO:[DataPipeline]:Sleep for: 152
INFO:[DataPipeline]:PlayList: [6955584353] é²å¿—å¼·éµçª—æ³ª (1120/1632) has 116 songs.
INFO:[DataPipeline]:PlayList: [1417793980] ã€Šé“çª—æ³ªã€‹ä¸€è¿Ÿå¿—å¼º (1121/1632) has 33 songs.
INFO:[DataPipeline]:PlayList: [5469020757] é“çª—æ³ªç‹±ä¸­æœ›æœˆ&#32;è¿Ÿå¿—å¼º (1122/1632) has 28 songs.
INFO:[DataPipeline]:PlayList: [2016280636] è¿Ÿå¿—å¼ºé“çª—æ³ª (1123/1632) has 31 songs.
INFO:[DataPipeline]:PlayList: [1079643552] é“çª—æ³ª&#32;è¿Ÿå¿—å¼º (1124/1632) has 289 songs.
INFO:[DataPipeline]:PlayList: [4247599489] é“çª—æ³ªç‹±ä¸­æœ›æœˆ&#32;è¿Ÿå¿—å¼º (1125/1632) has 3 songs.
INFO:[DataPipeline]:PlayList: [4168342909] è¿Ÿå¿—å¼ºçš„ã€é“çª—æ³ªã€‘ (1126/1632) has 25 songs.
INFO:[DataPipeline]:PlayList: [2877456051] é“çª—æ³ª&#32;è¿Ÿå¿—å¼ºæˆ‘çš„QQéŸ³ä¹ (1127/1632) has 15 songs.
INFO:[DataPipeline]:PlayList: [3805603854] å‘¨æ°ä¼¦ï¼šè¿™ä¸–ç•Œéœ€è¦æˆ‘çš„æ­Œ (1128/1632) has 201 songs.
INFO:[DataPipeline]:PlayList: [7039749142] ç™¾å¬ä¸åŒçš„å‘¨æ°ä¼¦ (1129/1632) has 99 songs.
INFO:[DataPipeline]:Sleep for: 132
INFO:[DataPipeline]:PlayList: [3408226447] å‘¨æ°ä¼¦å¿…å¬ç»å…¸æ›²ç›® (1130/1632) has 59 songs.
INFO:[DataPipeline]:PlayList: [3553797029] å‘¨æ°ä¼¦ç»å…¸ (1131/1632) has 37 songs.
INFO:[DataPipeline]:PlayList: [3230056671] å‘¨æ°ä¼¦æœ€å…¨æ­Œæ›²æ­£åºé›† (1132/1632) has 183 songs.
INFO:[DataPipeline]:PlayList: [3806287274] ä½ å¬å¾—åˆ°&#32;â€”â€”&#32;å‘¨æ°ä¼¦ (1133/1632) has 381 songs.
INFO:[DataPipeline]:PlayList: [1725914947] å‘¨æ°ä¼¦ç²¾é€‰æ­Œæ›²&#32;æ— é™å¾ªç¯ç³»åˆ—ï¼ (1134/1632) has 117 songs.
INFO:[DataPipeline]:PlayList: [1114118201] å‘¨æ°ä¼¦å¿«æ­Œç²¾é€‰ï¼Œè·Ÿç€æ°ä¼¦ä¸€èµ·å“¼å“¼å“ˆå…® (1135/1632) has 49 songs.
INFO:[DataPipeline]:PlayList: [7001048679] æœ€Â·å‘¨æ°ä¼¦ (1136/1632) has 70 songs.
INFO:[DataPipeline]:PlayList: [2065383198] å‘¨æ°ä¼¦æœ€å…¨Liveå¤§åˆé›† (1137/1632) has 135 songs.
INFO:[DataPipeline]:PlayList: [850572587] æˆ‘ä»¬çš„æ ¡å›­é’æ˜¥è®°å¿†ï½œå‘¨æ°ä¼¦ (1138/1632) has 30 songs.
INFO:[DataPipeline]:PlayList: [3537306019] å‘¨æ°ä¼¦æƒ…æ­Œ (1139/1632) has 31 songs.
INFO:[DataPipeline]:Sleep for: 142
INFO:[DataPipeline]:PlayList: [3569246560] é‚£äº›å¹´ï¼Œæˆ‘ä»¬ä¸€èµ·å¬è¿‡çš„å‘¨æ°ä¼¦ (1140/1632) has 207 songs.
INFO:[DataPipeline]:PlayList: [2370564869] å‘¨æ°ä¼¦2000&#45;2015å¹´åº¦ä½œå“å¤§èµ (1141/1632) has 150 songs.
INFO:[DataPipeline]:PlayList: [3465418216] ç»å…¸å‘¨æ°ä¼¦ (1142/1632) has 93 songs.
INFO:[DataPipeline]:PlayList: [2308475533] æˆ‘è½æ³ªæƒ…ç»ªé›¶ç¢ï¼Œå‘¨æ°ä¼¦ (1143/1632) has 34 songs.
INFO:[DataPipeline]:PlayList: [2342563467] å²ä¸Šæœ€å…¨ï¼å‘¨æ°ä¼¦å†™ç»™åˆ«äººçš„æ­Œ (1144/1632) has 136 songs.
INFO:[DataPipeline]:PlayList: [3541299872] å‘¨æ°ä¼¦æ…¢æ­Œè‡ªé€‰é›† (1145/1632) has 81 songs.
INFO:[DataPipeline]:PlayList: [2941999782] å‘¨æ°ä¼¦å¿«æ­Œå†³å®šé«˜åº¦ (1146/1632) has 58 songs.
INFO:[DataPipeline]:PlayList: [798991237] æœ‰ä¸€ç§é’æ˜¥å«å‘¨æ°ä¼¦ã€‚ (1147/1632) has 19 songs.
INFO:[DataPipeline]:PlayList: [7097197259] å‚¬ä¸“ç´¯äº†ï¼æ¥å¬å¬å‘¨æ°ä¼¦çš„è€æ­Œ (1148/1632) has 51 songs.
INFO:[DataPipeline]:PlayList: [3756838699] æŠ–éŸ³çƒ­é—¨çš„ä¸­æ–‡è¯´å”±æ­Œæ›² (1149/1632) has 76 songs.
INFO:[DataPipeline]:Sleep for: 82
INFO:[DataPipeline]:PlayList: [3995868416] åŠ±å¿—çš„å›½è¯­ç”·å£°è½»æ—‹å¾‹è¯´å”± (1150/1632) has 40 songs.
INFO:[DataPipeline]:PlayList: [1783840904] è¿™äº›æ­Œéƒ½æ²¡å¬è¿‡ï¼Ÿä»Šå¹´å¤å¤©ç™½è¿‡äº†ï¼ (1151/1632) has 45 songs.
INFO:[DataPipeline]:PlayList: [3802251557] è¾¾äººå‘¨æœ«&#32;&#124;&#32;æ­Œè¯åŠ±å¿—çš„åè¯­Rap (1152/1632) has 30 songs.
INFO:[DataPipeline]:PlayList: [1743812768] ã€è¶…ç‡ƒæ¸¸æˆBGMã€ä¸€ç‡ƒåˆ°åº•&#32;å…¨ç¨‹é«˜èƒ½â‘¡ (1153/1632) has 20 songs.
INFO:[DataPipeline]:PlayList: [3257188437] ä¸ç”¨å»çŒœ (1154/1632) has 31 songs.
INFO:[DataPipeline]:PlayList: [7337537641] è¯´å”±Liveï¼šç”¨æˆ‘çš„å£°çº¿å»æ‰“ç ´äº‰è¾© (1155/1632) has 20 songs.
INFO:[DataPipeline]:PlayList: [2837382454] homieé»‘ï¼æ€•ï¼ (1156/1632) has 28 songs.
INFO:[DataPipeline]:PlayList: [889435263] éŸµè„šä¸ºç‹ï¼å•åŒæŠ¼è¶…20&#43;çš„å›½äº§è¯´å”± (1157/1632) has 37 songs.
INFO:[DataPipeline]:PlayList: [7347301210] åè¯­è¯´å”±&#32;&#124;&#32;Rapperçš„å¿ƒæ€ä¸ç”¨çŒœ (1158/1632) has 15 songs.
INFO:[DataPipeline]:PlayList: [3673525813] å¬è¯´ï¼Œå¥¹æ¥è¿‡ (1159/1632) has 6 songs.
INFO:[DataPipeline]:Sleep for: 127
INFO:[DataPipeline]:PlayList: [7347301470] åè¯­Rapï¼šè¡Œäº‘æµæ°´èˆ¬çš„ç‹¬ç‰¹Folw (1160/1632) has 20 songs.
INFO:[DataPipeline]:PlayList: [2680730599] æ¯æ—¥æ–°æ­Œï¼šé‡å›æ­Œæ‰‹èº«ä»½ï¼Œå¤§çœ¼ä»”ä¸“å±çš„æµªæ¼« (1161/1632) has 50 songs.
INFO:[DataPipeline]:PlayList: [1179218697] è¶…é€‚åˆå¾ªç¯æ’­æ”¾ï¼Œæœ€çˆ±å˜»å“ˆç°åœº (1162/1632) has 18 songs.
INFO:[DataPipeline]:PlayList: [1781154963] ä¸€æ¯æ•¬å›½åº†ï¼Œä¸€æ¯æ•¬å µè½¦&#32;&#124;&#32;éŸ³ä¹ä¼´ä½ å›å®¶ (1163/1632) has 30 songs.
INFO:[DataPipeline]:PlayList: [1718265081] åŠ¨æ„Ÿå•è½¦éŸ³ä¹&#32;æ ¹æœ¬åœä¸ä¸‹æ¥ (1164/1632) has 22 songs.
INFO:[DataPipeline]:PlayList: [7290324731] å¥½å¸…çš„è¯´å”±å•Šï¼Œç¬é—´ä¿˜è·ä½ çš„å¿ƒ (1165/1632) has 37 songs.
INFO:[DataPipeline]:PlayList: [7299189094] è¯´å”±&#32;&#124;&#32;å°½å…¨åŠ›å¥‹æ–—æ‹¼å‘½çš„èµ°ç€ (1166/1632) has 32 songs.
INFO:[DataPipeline]:PlayList: [7084996834] è½¦è½½ç”µéŸ³&#32;&#124;&#32;è®©èŠ‚å¥æ¥ç®¡ä½ çš„æ–¹å‘ç›˜ (1167/1632) has 45 songs.
INFO:[DataPipeline]:PlayList: [7299191039] Rapæ•…äº‹æ±‡ï¼šæ€»æœ‰ä¸€å¤©ä¼šç»šçƒ‚å§ (1168/1632) has 28 songs.
INFO:[DataPipeline]:PlayList: [7005352894] éœ“è™¹å¹»æ¢¦&#32;Â·&#32;æ—¥å¼ç›¯é‹å™ªå£°ç¾å­¦ (1169/1632) has 30 songs.
INFO:[DataPipeline]:Sleep for: 80
INFO:[DataPipeline]:PlayList: [4193657968] No&#32;thank&#32;you (1170/1632) has 101 songs.
INFO:[DataPipeline]:PlayList: [7388111338] No&#32;thank&#32;youï¼ï¼BGM (1171/1632) has 0 songs.
INFO:[DataPipeline]:PlayList: [6788228239] No&#32;Thank&#32;You (1172/1632) has 95 songs.
INFO:[DataPipeline]:PlayList: [2103427117] NO,&#32;Thank&#32;You&#33;&#40;ã€Šè½»éŸ³ã€‹ç¬¬äºŒå­£&#41; (1173/1632) has 81 songs.
INFO:[DataPipeline]:PlayList: [3566830427] ç»å…¸å›½è¯­300é¦–ï¼šç­‰å¾…ä¹Ÿæ˜¯ç§ä¹è§‚æ€åº¦ (1174/1632) has 299 songs.
INFO:[DataPipeline]:PlayList: [7459587400] ç»å…¸è€æ­Œ&#32;&#124;&#32;å…è´¹ä¸‹è½½é‡æ¸©å¥½æ—‹å¾‹ (1175/1632) has 155 songs.
INFO:[DataPipeline]:PlayList: [4393480978] 90å¹´ä»£ç™¾é¦–ç»å…¸å›½è¯­é‡‘æ›² (1176/1632) has 135 songs.
INFO:[DataPipeline]:PlayList: [3517857745] ç»å…¸è€æ­Œï¼Œæ˜¨æ—¥é‡ç°ä¸¨æ„Ÿè§‰èµ°è¿‡å¥½å¤šå¹´ (1177/1632) has 377 songs.
INFO:[DataPipeline]:PlayList: [7268138097] åè¯­&#124;&#32;è½¦è½½ç»å…¸ (1178/1632) has 30 songs.
INFO:[DataPipeline]:PlayList: [3521225898] ç»å…¸è€æ­Œï¼Œè€äººå¯»å‘³ (1179/1632) has 90 songs.
INFO:[DataPipeline]:Sleep for: 33
INFO:[DataPipeline]:PlayList: [7439124555] ç²¤è¯­&#124;ç»å…¸å›å¿†å½• (1180/1632) has 47 songs.
INFO:[DataPipeline]:PlayList: [2066215911] ä¸‰ç™¾é¦–ç»å…¸ï¼Œè¯„è®º999&#43;çš„å¯‚å¯æƒ…æ­Œé›† (1181/1632) has 300 songs.
INFO:[DataPipeline]:PlayList: [7268190398] ç»å…¸&#32;&#124;&#32;è®°å¿†ä¸­çš„å¶åƒå‰§ (1182/1632) has 85 songs.
INFO:[DataPipeline]:PlayList: [7269500869] åè¯­&#124;&#32;ç»å…¸æ—¶å…‰ (1183/1632) has 25 songs.
INFO:[DataPipeline]:PlayList: [1442438515] å› ä¸ºç»å…¸ï¼Œæ‰è®©äººç™¾å¬ä¸åŒ (1184/1632) has 50 songs.
INFO:[DataPipeline]:PlayList: [2858880948] ç»å…¸åè¯­ï¼šçˆ¶äº²æ›¾å“¼è¿‡çš„é‚£äº›æ­Œ (1185/1632) has 60 songs.
INFO:[DataPipeline]:PlayList: [7489880396] é‚£äº›ç«çˆ†æŠ–éŸ³çš„ç»å…¸æ­Œæ›²ç¿»å”± (1186/1632) has 18 songs.
INFO:[DataPipeline]:PlayList: [7275688949] éŸ©è¯­ï½œç»å…¸éŸ©å‰§OST (1187/1632) has 92 songs.
INFO:[DataPipeline]:PlayList: [2860687184] æ¬§ç¾ç»å…¸ï¼šé‚£äº›å¹´çš„å•æ›²å¾ªç¯ (1188/1632) has 32 songs.
INFO:[DataPipeline]:PlayList: [7167576038] ç»å…¸è€æ­Œè¾‘&#32;&#124;&#32;å“å‘³90å¹´ä»£å‘³é“ (1189/1632) has 173 songs.
INFO:[DataPipeline]:Sleep for: 108
INFO:[DataPipeline]:PlayList: [7252366497] ç»å…¸è€æ­Œ&#32;â”‚&#32;é‡æ¸©80åæ€€æ—§è€æ­Œ (1190/1632) has 68 songs.
INFO:[DataPipeline]:PlayList: [7286147682] ä¸€é¦–åè¯­ç»å…¸ï¼Œå°˜å°å¤šå°‘å¾€æ—¥æƒ… (1191/1632) has 53 songs.
INFO:[DataPipeline]:PlayList: [7460118092] ç²¤è¯­&#124;æ¼”ç»ç»å…¸ (1192/1632) has 54 songs.
INFO:[DataPipeline]:PlayList: [7467921375] é‡æ¸©ç»å…¸è‹±æ–‡æ—‹å¾‹ï¼Œå…è´¹ä¸‹è½½ (1193/1632) has 108 songs.
INFO:[DataPipeline]:PlayList: [7258094678] éŸ©è¯­ç»å…¸åæ›² (1194/1632) has 39 songs.
INFO:[DataPipeline]:PlayList: [2067660096] TFBOYSï¼šå…­å‘¨å¹´å¿«ä¹ (1195/1632) has 75 songs.
INFO:[DataPipeline]:PlayList: [7222867073] TFboysç²‰ä¸ç«™ï¼ç–¯ç‹‚ä¸ºä»–ä»¬æ‰“Call (1196/1632) has 85 songs.
INFO:[DataPipeline]:PlayList: [2962311463] è¶…äººæ°”å¶åƒç»„åˆTFBOYSç²¾é€‰åˆè¾‘ (1197/1632) has 110 songs.
INFO:[DataPipeline]:PlayList: [3704991991] åŒæ¡†æœ€ç¾&#32;&#124;&#32;TFBOYSç°åœºéŸ³ä¹åˆé›† (1198/1632) has 79 songs.
INFO:[DataPipeline]:PlayList: [2661631634] TFboys&#32;é£èŠ±ä¸‡ç›&#32;è°å®¶ç¿©ç¿©å°‘å¹´éƒ (1199/1632) has 102 songs.
INFO:[DataPipeline]:Sleep for: 72
INFO:[DataPipeline]:PlayList: [7174034897] åè¯­æµè¡Œ&#32;&#124;&#32;åƒä¸‡åˆ«è¢«ç»æœ›æ‰“è´¥ (1200/1632) has 66 songs.
INFO:[DataPipeline]:PlayList: [712657994] æˆ‘ä¸å–œæ¬¢è¿™ä¸–ç•Œï¼Œæˆ‘åªå–œæ¬¢ä½  (1201/1632) has 151 songs.
INFO:[DataPipeline]:PlayList: [7039775491] ç©¿è¶Šäººæµ·å¸¦ä½ å»å¬ä¸€åœºTFBOYS (1202/1632) has 41 songs.
INFO:[DataPipeline]:PlayList: [7039461103] é‡è§ã€ŒTFBOYSã€ (1203/1632) has 40 songs.
INFO:[DataPipeline]:PlayList: [2365549970] TFBOYSä¸‰å°åªä¸¨åœ¨è¿™ï¼Œæˆ‘æƒ³å”±ç»™ä½ å¬ (1204/1632) has 41 songs.
INFO:[DataPipeline]:PlayList: [893079087] TFBOYS&#32;å”±è¿‡çš„ç”µè§†å‰§&#38;å¹¿å‘Šä¸»é¢˜æ›² (1205/1632) has 20 songs.
INFO:[DataPipeline]:PlayList: [2961838851] ã€ŒTFBOYSæ ¡å›­ã€å°å°å°‘å¹´ï¼Œå¾ˆå°‘çƒ¦æ¼ï¼ (1206/1632) has 27 songs.
INFO:[DataPipeline]:PlayList: [7039428672] ä½ æœ€çˆ±çš„è®¸æ­Œæ·³ä¸€ (1207/1632) has 23 songs.
INFO:[DataPipeline]:PlayList: [1044018594] åå¹´å¤ªçŸ­ï¼Œä¸å¦‚ä¸€è¾ˆå­å§ (1208/1632) has 94 songs.
INFO:[DataPipeline]:PlayList: [2002165534] æœ€å—æ¬¢è¿åè¯­ç»„åˆï¼šTFBOYS (1209/1632) has 19 songs.
INFO:[DataPipeline]:Sleep for: 78
INFO:[DataPipeline]:PlayList: [830795696] TFBOYSæˆå†›ä¸‰å‘¨å¹´ï¼Œæœªæ¥è¯·ç»§ç»­å‘å…‰ï¼ (1210/1632) has 22 songs.
INFO:[DataPipeline]:PlayList: [746078543] TFBOYS&#42;åå¹´ä¹‹çº¦&#42;ä¸‰äººåŒæ¡† (1211/1632) has 41 songs.
INFO:[DataPipeline]:PlayList: [2649878453] TFBOYS&#32;æœ‹å‹è¯·å¬å¥½ (1212/1632) has 98 songs.
INFO:[DataPipeline]:PlayList: [1051060353] åå¹´ç­‰å¾…ï¼Œåå¹´å¹¸ç¦ (1213/1632) has 72 songs.
INFO:[DataPipeline]:PlayList: [3169036887] TFBOYS (1214/1632) has 113 songs.
INFO:[DataPipeline]:PlayList: [2336988620] ç‹ä¿Šå‡¯ï¼Œç‹æºï¼Œåƒçº (1215/1632) has 50 songs.
INFO:[DataPipeline]:PlayList: [1043037240] tfboysğŸ€ (1216/1632) has 34 songs.
INFO:[DataPipeline]:PlayList: [2917668971] TFBOYSä¸“åœº (1217/1632) has 33 songs.
INFO:[DataPipeline]:PlayList: [2584331813] TFBOYSå¤§æ¢¦æƒ³å®¶å“¦ (1218/1632) has 34 songs.
INFO:[DataPipeline]:PlayList: [2646140536] TFBOYS&#32;&#32;&#32;é’æ˜¥ä¿®ç‚¼æ‰‹å†Œ (1219/1632) has 28 songs.
INFO:[DataPipeline]:Sleep for: 154
INFO:[DataPipeline]:PlayList: [1458912943] è·Ÿç€æˆ‘å·¦æ‰‹å³æ‰‹ä¸€ä¸ªæ…¢åŠ¨ä½œã€‚tfboys (1220/1632) has 24 songs.
INFO:[DataPipeline]:PlayList: [2373758900] æˆ‘ä»¬çš„å°‘å¹´æ—¶ä»£ã€‚ (1221/1632) has 70 songs.
INFO:[DataPipeline]:PlayList: [2007518830] TFboysç»„åˆ (1222/1632) has 118 songs.
INFO:[DataPipeline]:PlayList: [2364252645] TFBOYS (1223/1632) has 35 songs.
INFO:[DataPipeline]:PlayList: [2342846893] æ–°ç™½å¨˜å­ä¼ å¥‡ä¸»é¢˜æ›²ï¼†æ–°ç™½è›‡ä¼ ä¸»é¢˜æ›² (1224/1632) has 71 songs.
INFO:[DataPipeline]:PlayList: [3276935060] æ–°ç™½å¨˜å­ä¼ å¥‡ (1225/1632) has 155 songs.
INFO:[DataPipeline]:PlayList: [3077615698] æ–°ç™½å¨˜å­ä¼ å¥‡ï¼šåƒå¹´ç­‰ä¸€å› (1226/1632) has 12 songs.
INFO:[DataPipeline]:PlayList: [5463726607] æ–°ç™½å¨˜å­ä¼ å¥‡&#32;ç»å…¸åŸå£°å”±æ®µå…¨çºªå½• (1227/1632) has 117 songs.
INFO:[DataPipeline]:PlayList: [1067030868] æ–°ç™½å¨˜å­ä¼ å¥‡å…¨éƒ¨æ­Œæ›² (1228/1632) has 103 songs.
INFO:[DataPipeline]:PlayList: [3823765302] æ–°ç™½å¨˜å­ä¼ å¥‡ (1229/1632) has 71 songs.
INFO:[DataPipeline]:Sleep for: 130
INFO:[DataPipeline]:PlayList: [1034885321] æ¸¡æƒ…ï¼ˆç”µè§†å‰§ã€Šæ–°ç™½å¨˜å­ä¼ å¥‡ã€‹æ’æ›²ï¼‰ (1230/1632) has 12 songs.
INFO:[DataPipeline]:PlayList: [2974710989] æ–°ç™½å¨˜å­ä¼ å¥‡ (1231/1632) has 103 songs.
INFO:[DataPipeline]:PlayList: [6587234401] æ–°ç™½å¨˜å­ä¼ å¥‡å”±æ®µé›†é”¦ (1232/1632) has 119 songs.
INFO:[DataPipeline]:PlayList: [6937498866] æ–°ç™½å¨˜å­ä¼ å¥‡ (1233/1632) has 3 songs.
INFO:[DataPipeline]:PlayList: [6957335521] æ–°ç™½å¨˜å­ä¼ å¥‡å…¨éƒ¨æ­Œæ›² (1234/1632) has 101 songs.
INFO:[DataPipeline]:PlayList: [3753112330] æ–°ç™½å¨˜å­ä¼ å¥‡&#32;ç”µè§†å‰§åŸå£°å¸¦ (1235/1632) has 132 songs.
INFO:[DataPipeline]:PlayList: [3800920738] æ–°ç™½å¨˜å­ä¼ å¥‡ (1236/1632) has 142 songs.
INFO:[DataPipeline]:PlayList: [1883743524] æ–°ç™½å¨˜å­ä¼ å¥‡å”±æ®µåŸå£° (1237/1632) has 98 songs.
INFO:[DataPipeline]:PlayList: [872495312] æ–°ç™½å¨˜å­ä¼ å¥‡æ’æ›² (1238/1632) has 105 songs.
INFO:[DataPipeline]:PlayList: [4199093819] æ–°ç™½å¨˜å­ä¼ å¥‡&#32;ç”µè§†å‰§åŸå£°å¸¦ (1239/1632) has 115 songs.
INFO:[DataPipeline]:Sleep for: 86
INFO:[DataPipeline]:PlayList: [3169829299] æ–°ç™½å¨˜å­ä¼ å¥‡é…ä¹åŸå£° (1240/1632) has 174 songs.
INFO:[DataPipeline]:PlayList: [3433895923] ï¼ˆç”µè§†å‰§ã€Šæ–°ç™½å¨˜å­ä¼ å¥‡ã€‹æ’æ›²ï¼‰ (1241/1632) has 121 songs.
INFO:[DataPipeline]:PlayList: [5724792307] æ–°ç™½å¨˜å­ä¼ å¥‡ (1242/1632) has 29 songs.
INFO:[DataPipeline]:PlayList: [6910942386] æ–°ç™½å¨˜å­ä¼ å¥‡&#32;&#32;&#32;&#32;é å©§ç¥ã€äºæœ¦èƒ§è¿½çˆ±åƒå¹´ (1243/1632) has 87 songs.
INFO:[DataPipeline]:PlayList: [827527793] è´¾æ–¯æ±€&#32;æ¯”ä¼¯ (1244/1632) has 86 songs.
INFO:[DataPipeline]:PlayList: [796716351] æ¯”ä¼¯åˆç ´çºªå½•äº†ï¼è‰è”è‹±å›½å•æ›²æ¦œå† äºšå†›ï¼ (1245/1632) has 17 songs.
INFO:[DataPipeline]:PlayList: [2640155110] æ¬§ç¾ç²¾é€‰ï¼ˆæ¯”ä¼¯ï¼‰ (1246/1632) has 212 songs.
INFO:[DataPipeline]:PlayList: [2323759648] è´¾æ–¯æ±€æ¯”ä¼¯ (1247/1632) has 102 songs.
INFO:[DataPipeline]:PlayList: [2896789818] è´¾æ–¯æ±€Â·æ¯”ä¼¯ (1248/1632) has 133 songs.
INFO:[DataPipeline]:PlayList: [2374887891] è´¾æ–¯æ±€Â·æ¯”ä¼¯ (1249/1632) has 182 songs.
INFO:[DataPipeline]:Sleep for: 143
INFO:[DataPipeline]:PlayList: [1283528278] æ¯”ä¼¯å’ŒDJ&#32;SNAKE (1250/1632) has 48 songs.
INFO:[DataPipeline]:PlayList: [1767669000] è´¾æ–¯ä¸æ¯”ä¼¯&#32;Justin&#32;Bieber (1251/1632) has 119 songs.
INFO:[DataPipeline]:PlayList: [1201365815] è´¾æ–¯æ±€Â·æ¯”ä¼¯ä¸€è·¯èµ°æ¥çš„è¾‰ç…Œ (1252/1632) has 86 songs.
INFO:[DataPipeline]:PlayList: [2550389468] æ¬§ç¾æµè¡Œæ‘‡æ»šå°Cæ¯”ä¼¯ (1253/1632) has 161 songs.
INFO:[DataPipeline]:PlayList: [2953287938] æ¯”ä¼¯åˆæ¥â€œæ–°ä¸“è¾‘â€ (1254/1632) has 27 songs.
INFO:[DataPipeline]:PlayList: [1765448803] å¦‚æœå–œæ¬¢è´¾æ–¯æ±€Â·æ¯”ä¼¯å°±ä¸èƒ½é”™è¿‡è¿™äº›æ­Œ (1255/1632) has 41 songs.
INFO:[DataPipeline]:PlayList: [2622337722] æ¬§ç¾ç”·éŸ³ï¼Œè¦çš„å°±æ˜¯è¿™ä¸ªå‘³ï¼Œæˆ³çˆ·èŒå¾·ï¼Œæ¯”ä¼¯ (1256/1632) has 53 songs.
INFO:[DataPipeline]:PlayList: [1768239400] è´¾æ–¯æ±€Â·æ¯”ä¼¯&#58;è¯´å”±ä¸“å†Œ (1257/1632) has 36 songs.
INFO:[DataPipeline]:PlayList: [1096729792] Justin&#32;Bieberä¸“å±ï½œè´¾æ–¯æ±€&#46;æ¯”ä¼¯çš„é­…åŠ› (1258/1632) has 57 songs.
INFO:[DataPipeline]:PlayList: [2312729720] æ›²æ›²å¿…ç«â—å”±è·³ä¿±ä½³â™€æ¯”ä¼¯ (1259/1632) has 29 songs.
INFO:[DataPipeline]:Sleep for: 39
INFO:[DataPipeline]:PlayList: [2372956961] ä»˜è´¹æ­Œæ›²ã€æ¯”ä¼¯ã€è¹²å¦¹ã€æˆ³çˆ·ã€ç°æ£®ã€æ–­çœ‰ã€‘ (1260/1632) has 109 songs.
INFO:[DataPipeline]:PlayList: [3559388399] è´¾æ–¯æ±€&#45;æ¯”ä¼¯â™¡ (1261/1632) has 30 songs.
INFO:[DataPipeline]:PlayList: [1102429993] æ¬§ç¾ï¼šæ¯”ä¼¯å±±æ°´è´¾å¤©ä¸‹ (1262/1632) has 78 songs.
INFO:[DataPipeline]:PlayList: [3673187492] è´¾æ–¯ä¸æ¯”ä¼¯ (1263/1632) has 317 songs.
INFO:[DataPipeline]:PlayList: [2918989720] è´¾æ–¯æ±€â€¢æ¯”ä¼¯ (1264/1632) has 40 songs.
INFO:[DataPipeline]:PlayList: [2362286624] è€ƒå‰æˆ˜æ­Œï¼šç«ç„°ä¸ç­ä¹‹ç¬”å°–ç‡ƒé­‚ (1265/1632) has 99 songs.
INFO:[DataPipeline]:PlayList: [1140718438] æ¬§ç¾ç‡ƒç³»ï¼šç½‘å§æ‰“æ¸¸æˆå¿…å¤‡çš„BGMæ­Œæ›² (1266/1632) has 33 songs.
INFO:[DataPipeline]:PlayList: [2041215297] ç™¾é¦–åŠ¨æ¼«ç‡ƒæ›²ï¼Œç‡ƒçƒ§çš„æ´¾å¯¹ç››å®´ (1267/1632) has 115 songs.
INFO:[DataPipeline]:PlayList: [2085245378] æ¯å±€èƒœåˆ©ï¼æ‰“æ¸¸æˆä¸“ç”¨çš„è¶…ç‡ƒç”µå­&#10; (1268/1632) has 223 songs.
INFO:[DataPipeline]:PlayList: [1173904359] è¶…ç‡ƒBGMä¸¨æŠ•é™å—è¿˜æ˜¯ç¿»ç›˜ï¼Ÿ (1269/1632) has 35 songs.
INFO:[DataPipeline]:Sleep for: 86
INFO:[DataPipeline]:PlayList: [2347897790] ç‡ƒé­‚å¤é£ï¼æ‰§æˆ‘å¤©å‰‘ï¼Œè¯›ç­ä¸‡é­” (1270/1632) has 50 songs.
INFO:[DataPipeline]:PlayList: [3512319122] ã€Œæ—¥ç³»ã€ç™¾é¦–ç‡ƒæ›²ï¼Œç•…äº«å¤æ—¥æ¿€æƒ…æ—¶åˆ» (1271/1632) has 134 songs.
INFO:[DataPipeline]:PlayList: [3260566523] è¿åŠ¨è¶…ç‡ƒBGM&#58;å‡æ‰20KGæ‹¿ä¸‹ç”·ç¥ (1272/1632) has 99 songs.
INFO:[DataPipeline]:PlayList: [2311429690] ç»§ç»­èµ°å‘è¿œæ–¹ï¼Œå¾®ç¬‘ä¾æ—§å¦‚å¸¸ (1273/1632) has 20 songs.
INFO:[DataPipeline]:PlayList: [1763763335] è¿™äº›ACGåªé…è¶…ç‡ƒæ¼«ç”»çš„BGMï¼ (1274/1632) has 31 songs.
INFO:[DataPipeline]:PlayList: [3233978656] æ¬§ç¾ï½œè¶…ç‡ƒèŠ‚å¥&#32;é­…æƒ‘æ¥è¢­ (1275/1632) has 31 songs.
INFO:[DataPipeline]:PlayList: [1788693082] èƒœåˆ©ä¹‹æ­Œ&#32;&#124;&#32;è¶…ç‡ƒèŠ‚å¥åŠ©ä½ æ‹¿ä¸‹å…¨åœºMVP (1276/1632) has 92 songs.
INFO:[DataPipeline]:PlayList: [7426999740] åè¯­æµè¡Œ&#32;&#124;&#32;å›å¿†çš„ç¼éš™éƒ½æ˜¯å°˜åŸƒ (1277/1632) has 17 songs.
INFO:[DataPipeline]:PlayList: [7290324614] è¿åŠ¨DJ&#32;&#124;&#32;ç‡ƒè„‚ä¹Ÿè¦æœ‰ä»ªå¼æ„Ÿ (1278/1632) has 39 songs.
INFO:[DataPipeline]:PlayList: [7136742465] å›½æ¼«ç‡ƒæ›²&#32;&#124;&#32;å¤©æ¬²ç­æˆ‘æˆ‘ç­å¤© (1279/1632) has 33 songs.
INFO:[DataPipeline]:Sleep for: 153
INFO:[DataPipeline]:PlayList: [2049719391] æ„¿ä½ èƒ½åœ¨å¥‹æ–—çš„é’æ˜¥é‡Œï¼Œå¹¸ç¦å¿«ä¹ (1280/1632) has 20 songs.
INFO:[DataPipeline]:PlayList: [2030606608] åè¯­ï½œä»æ­Œä¸­æ±²å–æ­£èƒ½é‡ (1281/1632) has 30 songs.
INFO:[DataPipeline]:PlayList: [7484057288] åè¯­æµè¡Œï¼šå®ƒæ›¾é—¯è¿›ç”Ÿå‘½åˆç¦»å¼€ (1282/1632) has 22 songs.
INFO:[DataPipeline]:PlayList: [2675698493] åŠ±å¿—å¿ƒè¯­ï¼šé€å…‰è€Œå±…æ‰å¯æ‹¥æŠ±å¤©é™… (1283/1632) has 60 songs.
INFO:[DataPipeline]:PlayList: [2020638867] ã€åŠ±å¿—ã€‘å»è†å¬å»æ„Ÿæ‚Ÿäººç”Ÿå§ (1284/1632) has 23 songs.
INFO:[DataPipeline]:PlayList: [7358712954] æ•´å•é«˜ç‡ƒï¼åŠ¨æ¼«å‰ªè¾‘å¸¸ç”¨BGM (1285/1632) has 43 songs.
INFO:[DataPipeline]:PlayList: [7311899404] æ¬§ç¾ä¸¨ä¸€é”®å¼€å¯èˆ’é€‚BGM (1286/1632) has 42 songs.
INFO:[DataPipeline]:PlayList: [3763523437] é›†åˆï¼æŠ–éŸ³æœ€å¼ºæ´—è„‘BGM (1287/1632) has 58 songs.
INFO:[DataPipeline]:PlayList: [7467921351] å…è´¹ä¸‹è½½çš„è¶…ç‡ƒæ¸¸æˆBGMï¼šçœŸé¦™ï¼ (1288/1632) has 124 songs.
INFO:[DataPipeline]:PlayList: [7299185411] å®…å®¶çƒ­è¡€æ¸¸æˆBGM&#32;Â·&#32;é¢å¯¹ç–¾é£å§ (1289/1632) has 20 songs.
INFO:[DataPipeline]:Sleep for: 64
INFO:[DataPipeline]:PlayList: [7192940767] èˆ’é€‚è½»éŸ³ä¹&#32;&#124;&#32;å­¦ä¹ upä¸»å¿…å¤‡ç›´æ’­BGM (1290/1632) has 31 songs.
INFO:[DataPipeline]:PlayList: [2963776832] æç¬‘ä¸“ç”¨BGM&#58;é¬¼ç•œåˆ°ä½ ç¥ç»å‘ä½œ (1291/1632) has 79 songs.
INFO:[DataPipeline]:PlayList: [7107992691] å¡ç‚¹BGM&#32;&#124;&#32;æ¥è‡ªå‰ªè¾‘å¸ˆçš„ç–¯ç‹‚è¾“å‡º (1292/1632) has 104 songs.
INFO:[DataPipeline]:PlayList: [7478041295] ç‹è€…å¼ å¤§ä»™æ¸¸æˆç›´æ’­BGM (1293/1632) has 195 songs.
INFO:[DataPipeline]:PlayList: [1469897632] &#32;ã€Œç›˜ç‚¹ã€ABç«™é«˜ç‡ƒBGM (1294/1632) has 88 songs.
INFO:[DataPipeline]:PlayList: [7060356712] æŠ–éŸ³ä¸“å±çƒ­é—¨BGM (1295/1632) has 49 songs.
INFO:[DataPipeline]:PlayList: [7467921363] å¥èº«å¿…å¤‡ï¼šå…è´¹ä¸‹è½½çš„èŠ‚å¥BGM (1296/1632) has 128 songs.
INFO:[DataPipeline]:PlayList: [7322068969] è¶…ç‡ƒBGMï¼šèœé¸Ÿä¹Ÿèƒ½MVP (1297/1632) has 46 songs.
INFO:[DataPipeline]:PlayList: [7468244130] æŒç»­æ›´æ–°ï¼šå¾®è§†æœ€ç«BGMåˆé›†ï¼ (1298/1632) has 448 songs.
INFO:[DataPipeline]:PlayList: [2663613562] åšè§†å±å‰ªè¾‘ä½ æ‰€éœ€çš„BGM (1299/1632) has 21 songs.
INFO:[DataPipeline]:Sleep for: 118
INFO:[DataPipeline]:PlayList: [7385326805] 2020å¹´YouTubeçƒ­é—¨BGM (1300/1632) has 134 songs.
INFO:[DataPipeline]:PlayList: [7298888599] ç‹è€…å‡ºåœºè‡ªå¸¦BGMï¼šå¸¦èµ¢èƒœåˆ©èŠ‚å¥ (1301/1632) has 30 songs.
INFO:[DataPipeline]:PlayList: [1754270930] ç™¾é¦–ç»å…¸å¹¿å‘ŠBGMï¼šå‰å¥å°±èƒ½è„‘è¡¥ç”»é¢ (1302/1632) has 119 songs.
INFO:[DataPipeline]:PlayList: [1176851903] [æ¸¸æˆå¿…å¤‡BGM]å¸¦ä¸Šè¿™ä¸ªbuffå¤ºå–èƒœåˆ©ï¼ (1303/1632) has 381 songs.
INFO:[DataPipeline]:PlayList: [7400015857] è¡¥ç»™ç«™ï¼šæŠ–éŸ³é™å®šBGMèƒ½é‡æ°´ (1304/1632) has 116 songs.
INFO:[DataPipeline]:PlayList: [7286147752] æœ‰ç‚¹ä¸Šå¤´ï¼šéšè¡Œå…¬è·¯æ—…æ¸¸BGM (1305/1632) has 40 songs.
INFO:[DataPipeline]:PlayList: [7368592341] ä¸Šå±±ï¼‹å‡ºå±±ï¼‹ä¸‹å±±ï¼‹ä¸å±±ï¼‹å½’å±±ï¼‹ç‚¸å±± (1306/1632) has 6 songs.
INFO:[DataPipeline]:PlayList: [7347300048] æŠ–éŸ³çƒ­é—¨æ—‹å¾‹ï¼šæŒ‘ä¸€é¦–æœ€çˆ±å¬çš„å§ (1307/1632) has 28 songs.
INFO:[DataPipeline]:PlayList: [7090615372] ä¸‹å±±&#45;è¦ä¸è¦ä¹°èœ (1308/1632) has 80 songs.
INFO:[DataPipeline]:PlayList: [7363968466] 2020å¹´æŠ–éŸ³æœ€ç«æ­Œæ›²ï¼ˆæŒç»­æ›´æ–°ï¼‰ (1309/1632) has 107 songs.
INFO:[DataPipeline]:Sleep for: 60
INFO:[DataPipeline]:PlayList: [7334369613] 2019æŠ–éŸ³12æœˆçƒ­é—¨æ­Œæ›²å…¨æ”¶å½• (1310/1632) has 51 songs.
INFO:[DataPipeline]:PlayList: [5123434875] ç¥æ›²æ´—è„‘æœº (1311/1632) has 36 songs.
INFO:[DataPipeline]:PlayList: [7347303106] å¤é£ï¼šé…©é…Šäººé—´äº‹ï¼Œä»æ­¤ä¸å€¥å¬ (1312/1632) has 15 songs.
INFO:[DataPipeline]:PlayList: [7440997510] æ¸…æ¾ˆç«¥å£°&#32;&#124;&#32;è¢«å®è´å„¿èŒä½äº†å¿ƒ (1313/1632) has 17 songs.
INFO:[DataPipeline]:PlayList: [7445415345] æŠ–éŸ³æ´—è„‘ç¥æ›²ï¼ä½ æ˜¯å¦è¢«å®ƒæ”¯é…è¿‡ (1314/1632) has 40 songs.
INFO:[DataPipeline]:PlayList: [7344705372] 2019çŸ­è§†é¢‘çƒ­æ­Œæ‰“å¡ï¼ (1315/1632) has 30 songs.
INFO:[DataPipeline]:PlayList: [7305151464] æŠ–éŸ³çƒ­æœå¤é£æ­Œæ›²é›† (1316/1632) has 36 songs.
INFO:[DataPipeline]:PlayList: [7319434758] å¤é£åº—å¿…å¤‡&#32;&#124;&#32;æ—¥æ—¥ç›´ä¹¦ç›¸æ€ (1317/1632) has 19 songs.
INFO:[DataPipeline]:PlayList: [6918293254] å¤ªé˜³æ˜¯ä¸ä¼šçªç„¶ä¸‹å±±çš„ (1318/1632) has 337 songs.
INFO:[DataPipeline]:PlayList: [7381011899] 2020å¹´DJçƒ­æ­Œç²¾é€‰ï¼ˆæ¯å‘¨æ›´æ–°ï¼‰ (1319/1632) has 233 songs.
INFO:[DataPipeline]:Sleep for: 30
INFO:[DataPipeline]:PlayList: [7358514277] æ·±å…¥çµé­‚çš„2019å¹´åº¦BGM (1320/1632) has 22 songs.
INFO:[DataPipeline]:PlayList: [7380604032] å¦‚æœæˆ‘æ˜¯DJï¼Œä½ è¿˜ä¼šçˆ±æˆ‘å—ğŸ’“ (1321/1632) has 49 songs.
INFO:[DataPipeline]:PlayList: [7416646551] æŠ–éŸ³çƒ­æ­Œæ¦œï¼šé‚£äº›æŠ“è€³çš„æ—‹å¾‹ (1322/1632) has 22 songs.
INFO:[DataPipeline]:PlayList: [4193592599] å¤æ—¥åˆç¡æ—¶å¬çš„èˆ’ç¼“ç”·å£° (1323/1632) has 52 songs.
INFO:[DataPipeline]:PlayList: [7435642233] å›½é£&#32;Â·&#32;æƒ…ä¸çŸ¥æ‰€èµ·è€Œä¸€å¾€è€Œæ·± (1324/1632) has 26 songs.
INFO:[DataPipeline]:PlayList: [841447885] å¥¹è¯´ç­‰ä¸€ä¸ªäººä¼šå¾ˆä¹…ï¼Œå¤ªé˜³ä¸‹å±±å¥¹å°±èµ°ã€‚ (1325/1632) has 317 songs.
INFO:[DataPipeline]:PlayList: [7380162300] å†·é™ä¸çƒ­æƒ…ä¹‹é—´ï¼Œåªå·®ä¸€é¦–DJ (1326/1632) has 21 songs.
INFO:[DataPipeline]:PlayList: [2846353794] KTVæ—¥å¸¸ï¼šæˆ‘å’Œä½ æ˜¯ä¸€é¦–å”±ä¸å®Œçš„æ­Œ (1327/1632) has 50 songs.
INFO:[DataPipeline]:PlayList: [2840633837] åˆå¤œKTVï¼šæœ‰æ²¡æœ‰ä¸€é¦–æ­Œä½ ä¼šè·Ÿç€å“¼ (1328/1632) has 60 songs.
INFO:[DataPipeline]:PlayList: [7467921334] éº¦éœ¸ï¼šæ”¶ä¸‹è¿™ä»½å…è´¹ä¸‹è½½çš„KTVé‡‘æ›² (1329/1632) has 106 songs.
INFO:[DataPipeline]:Sleep for: 40
INFO:[DataPipeline]:PlayList: [7167575642] åè¯­KTVï¼šè½»è½»æŠšæ…°ä½ å—ä¼¤çš„å¿ƒ (1330/1632) has 370 songs.
INFO:[DataPipeline]:PlayList: [7385084325] è¿‡å¹´åŒå­¦KTVèšä¼šï¼Œå”±ä»€ä¹ˆèƒ½é«˜é€¼æ ¼ (1331/1632) has 75 songs.
INFO:[DataPipeline]:PlayList: [857253164] 200é¦–åè¯­é‡‘æ›²ï¼Œä½ ä¸€å®šåœ¨KTVç‚¹è¿‡è¿™äº›æ­Œ (1332/1632) has 200 songs.
INFO:[DataPipeline]:PlayList: [7296420153] å­©å­KTVçˆ±å”±å„¿æ­Œ (1333/1632) has 47 songs.
INFO:[DataPipeline]:PlayList: [7347303148] DJå¿˜æƒ…KTVï¼šè¯·ä½ æŠŠæ‚²ä¼¤ç»Ÿç»Ÿç”©å¼€ (1334/1632) has 15 songs.
INFO:[DataPipeline]:PlayList: [7167576451] KTVå¿…ç‚¹ç³»åˆ—&#32;&#124;&#32;æ¥ä¸€é¦–ä½ æœ€çˆ±çš„æ­Œ (1335/1632) has 274 songs.
INFO:[DataPipeline]:PlayList: [4264151267] æµ´å®¤KTV (1336/1632) has 37 songs.
INFO:[DataPipeline]:PlayList: [3781120966] åè¯­KTVçƒ­æ­Œï¼ˆæŒç»­æ›´æ–°ï¼‰ (1337/1632) has 323 songs.
INFO:[DataPipeline]:PlayList: [7135103637] KTVæ”¾è¿™äº›æ­Œï¼Œå¤§å®¶éƒ½æŠ¢ç€å”±ï¼ (1338/1632) has 35 songs.
INFO:[DataPipeline]:PlayList: [2351201245] KTVéº¦éœ¸å¿…ä¿®åè¯­é‡‘æ›²100é¦– (1339/1632) has 100 songs.
INFO:[DataPipeline]:Sleep for: 34
INFO:[DataPipeline]:PlayList: [7460618083] ç²¤è¯­KTVï¼šéº¦éœ¸å¿…ç‚¹æ›² (1340/1632) has 43 songs.
INFO:[DataPipeline]:PlayList: [7167575862] å›å¿†é‡‘æ›²ï¼Œ70åKTVå¿…ç‚¹ (1341/1632) has 173 songs.
INFO:[DataPipeline]:PlayList: [7187376299] èšé½å¥½å…„å¼Ÿï¼Œæ¥å—¨ç¿»çš„å®¶åº­å–Šéº¦KTV (1342/1632) has 41 songs.
INFO:[DataPipeline]:PlayList: [7167574808] KTVå®åŠ›éº¦ç¥ä¿®ç‚¼æ›² (1343/1632) has 233 songs.
INFO:[DataPipeline]:PlayList: [7228612881] KTVä¸¨ç»™çˆ¸å¦ˆé€’éº¦ï¼Œå”±å°½å¿ƒä¸­æ„Ÿæ…¨ (1344/1632) has 48 songs.
INFO:[DataPipeline]:PlayList: [7319430920] ç¡®è®¤è¿‡çœ¼ç¥ï¼Œæ˜¯çˆ¸å¦ˆçš„KTVæ­Œå• (1345/1632) has 23 songs.
INFO:[DataPipeline]:PlayList: [7114605072] åœ¨KTVä¸ä¼šå”±ä¹Ÿèƒ½è·Ÿç€è·³çš„éŸ©è¯­æ­Œ (1346/1632) has 41 songs.
INFO:[DataPipeline]:PlayList: [2846353794] KTVæ—¥å¸¸ï¼šæˆ‘å’Œä½ æ˜¯ä¸€é¦–å”±ä¸å®Œçš„æ­Œ (1347/1632) has 50 songs.
INFO:[DataPipeline]:PlayList: [2840633837] åˆå¤œKTVï¼šæœ‰æ²¡æœ‰ä¸€é¦–æ­Œä½ ä¼šè·Ÿç€å“¼ (1348/1632) has 60 songs.
INFO:[DataPipeline]:PlayList: [7467921334] éº¦éœ¸ï¼šæ”¶ä¸‹è¿™ä»½å…è´¹ä¸‹è½½çš„KTVé‡‘æ›² (1349/1632) has 106 songs.
INFO:[DataPipeline]:Sleep for: 172
INFO:[DataPipeline]:PlayList: [7167575642] åè¯­KTVï¼šè½»è½»æŠšæ…°ä½ å—ä¼¤çš„å¿ƒ (1350/1632) has 370 songs.
INFO:[DataPipeline]:PlayList: [7385084325] è¿‡å¹´åŒå­¦KTVèšä¼šï¼Œå”±ä»€ä¹ˆèƒ½é«˜é€¼æ ¼ (1351/1632) has 75 songs.
INFO:[DataPipeline]:PlayList: [857253164] 200é¦–åè¯­é‡‘æ›²ï¼Œä½ ä¸€å®šåœ¨KTVç‚¹è¿‡è¿™äº›æ­Œ (1352/1632) has 200 songs.
INFO:[DataPipeline]:PlayList: [7296420153] å­©å­KTVçˆ±å”±å„¿æ­Œ (1353/1632) has 47 songs.
INFO:[DataPipeline]:PlayList: [7347303148] DJå¿˜æƒ…KTVï¼šè¯·ä½ æŠŠæ‚²ä¼¤ç»Ÿç»Ÿç”©å¼€ (1354/1632) has 15 songs.
INFO:[DataPipeline]:PlayList: [7167576451] KTVå¿…ç‚¹ç³»åˆ—&#32;&#124;&#32;æ¥ä¸€é¦–ä½ æœ€çˆ±çš„æ­Œ (1355/1632) has 274 songs.
INFO:[DataPipeline]:PlayList: [4264151267] æµ´å®¤KTV (1356/1632) has 37 songs.
INFO:[DataPipeline]:PlayList: [3781120966] åè¯­KTVçƒ­æ­Œï¼ˆæŒç»­æ›´æ–°ï¼‰ (1357/1632) has 323 songs.
INFO:[DataPipeline]:PlayList: [7135103637] KTVæ”¾è¿™äº›æ­Œï¼Œå¤§å®¶éƒ½æŠ¢ç€å”±ï¼ (1358/1632) has 35 songs.
INFO:[DataPipeline]:PlayList: [2351201245] KTVéº¦éœ¸å¿…ä¿®åè¯­é‡‘æ›²100é¦– (1359/1632) has 100 songs.
INFO:[DataPipeline]:Sleep for: 53
INFO:[DataPipeline]:PlayList: [7460618083] ç²¤è¯­KTVï¼šéº¦éœ¸å¿…ç‚¹æ›² (1360/1632) has 43 songs.
INFO:[DataPipeline]:PlayList: [7167575862] å›å¿†é‡‘æ›²ï¼Œ70åKTVå¿…ç‚¹ (1361/1632) has 173 songs.
INFO:[DataPipeline]:PlayList: [7187376299] èšé½å¥½å…„å¼Ÿï¼Œæ¥å—¨ç¿»çš„å®¶åº­å–Šéº¦KTV (1362/1632) has 41 songs.
INFO:[DataPipeline]:PlayList: [7167574808] KTVå®åŠ›éº¦ç¥ä¿®ç‚¼æ›² (1363/1632) has 233 songs.
INFO:[DataPipeline]:PlayList: [7228612881] KTVä¸¨ç»™çˆ¸å¦ˆé€’éº¦ï¼Œå”±å°½å¿ƒä¸­æ„Ÿæ…¨ (1364/1632) has 48 songs.
INFO:[DataPipeline]:PlayList: [7319430920] ç¡®è®¤è¿‡çœ¼ç¥ï¼Œæ˜¯çˆ¸å¦ˆçš„KTVæ­Œå• (1365/1632) has 23 songs.
INFO:[DataPipeline]:PlayList: [7114605072] åœ¨KTVä¸ä¼šå”±ä¹Ÿèƒ½è·Ÿç€è·³çš„éŸ©è¯­æ­Œ (1366/1632) has 41 songs.
INFO:[DataPipeline]:PlayList: [1391055862] æ–°ç™½å¨˜å­ä¼ å¥‡ (1367/1632) has 116 songs.
INFO:[DataPipeline]:PlayList: [3252305635] æ–°ç™½å¨˜å­ä¼ å¥‡ (1368/1632) has 48 songs.
INFO:[DataPipeline]:PlayList: [2340188061] åº„è•™èŒ¹&#32;æ–°ç™½å¨˜å­ä¼ å¥‡åŸå£°å¸¦ (1369/1632) has 26 songs.
INFO:[DataPipeline]:Sleep for: 132
INFO:[DataPipeline]:PlayList: [1172026610] æœ‰ä¸€ç§æƒ…æ€€å«åšæ–°ç™½å¨˜å­ä¼ å¥‡ (1370/1632) has 23 songs.
INFO:[DataPipeline]:PlayList: [1772375517] æ–°ç™½å¨˜å­ä¼ å¥‡ (1371/1632) has 20 songs.
INFO:[DataPipeline]:PlayList: [2066904992] æ–°ç™½å¨˜å­ä¼ å¥‡ (1372/1632) has 111 songs.
INFO:[DataPipeline]:PlayList: [4194362297] æ–°ç™½å¨˜å­ä¼ å¥‡ (1373/1632) has 34 songs.
INFO:[DataPipeline]:PlayList: [7109730779] æ–°ç™½å¨˜å­ä¼ å¥‡ï¼ˆDJç‰ˆï¼‰ (1374/1632) has 9 songs.
INFO:[DataPipeline]:PlayList: [2280164411] æ–°ç™½å¨˜å­ä¼ å¥‡å”±æ®µåŸå£° (1375/1632) has 103 songs.
INFO:[DataPipeline]:PlayList: [3385920436] æ–°ç™½å¨˜å­ä¼ å¥‡å”±æ®µ (1376/1632) has 118 songs.
INFO:[DataPipeline]:PlayList: [5329167359] ã€Šæ–°ç™½å¨˜å­ä¼ å¥‡ã€‹ (1377/1632) has 130 songs.
INFO:[DataPipeline]:PlayList: [3833313670] æ–°ç™½å¨˜å­ä¼ å¥‡ï¼ä¸å¿˜çš„è®°å¿† (1378/1632) has 33 songs.
INFO:[DataPipeline]:PlayList: [2675924597] ç»å…¸å€¼å¾—æ”¶è—æ–°ç™½å¨˜å­ä¼ å¥‡ (1379/1632) has 116 songs.
INFO:[DataPipeline]:Sleep for: 129
INFO:[DataPipeline]:PlayList: [1148384485] æ–°ç™½å¨˜å­ä¼ å¥‡ (1380/1632) has 53 songs.
INFO:[DataPipeline]:PlayList: [2683988912] æ–°ç™½å¨˜å­ä¼ å¥‡ (1381/1632) has 61 songs.
INFO:[DataPipeline]:PlayList: [3410996386] å¤©ä¹Ÿä¸æ‡‚æƒ…ï¼ˆæ–°ç™½å¨˜å­ä¼ å¥‡æ’æ›²ï¼‰ (1382/1632) has 22 songs.
INFO:[DataPipeline]:PlayList: [2904701337] å°é©¬å®è‰ä¹æ›²å…¨æ”¶é›† (1383/1632) has 142 songs.
INFO:[DataPipeline]:PlayList: [3276103326] å°é©¬å®è‰å¤§ç”µå½± (1384/1632) has 65 songs.
INFO:[DataPipeline]:PlayList: [3692385836] å°é©¬å®è‰&#32;åŠ¨ç”»ç”µå½±éŸ³ä¹å¤§å…¨&#10; (1385/1632) has 351 songs.
INFO:[DataPipeline]:PlayList: [1483104653] å°é©¬å®è‰é‚£äº›ä¸å®¹é”™è¿‡çš„ç”µå½±åŸå£° (1386/1632) has 63 songs.
INFO:[DataPipeline]:PlayList: [876582186] å°é©¬å®è‰ä¸»é¢˜æ›² (1387/1632) has 36 songs.
INFO:[DataPipeline]:PlayList: [3269004914] ã€Œç«¥å¿ƒå‘ã€å°é©¬å®è‰éŸ³ä¹ç²¾é€‰ (1388/1632) has 126 songs.
INFO:[DataPipeline]:PlayList: [3261757357] My&#32;little&#32;ponyå°é©¬å®è‰ (1389/1632) has 110 songs.
INFO:[DataPipeline]:Sleep for: 147
INFO:[DataPipeline]:PlayList: [1149429641] å°é©¬å®è‰ç”µå½±æ’æ›² (1390/1632) has 111 songs.
INFO:[DataPipeline]:PlayList: [3544520273] MY&#32;&#32;lieet&#32;&#32;PONY&#32;å°é©¬å®è‰ä¹‹å½©è™¹æ‘‡æ»š (1391/1632) has 21 songs.
INFO:[DataPipeline]:PlayList: [1078113953] å°é©¬å®è‰&#58;å‹è°Šå°±æ˜¯é­”åŠ› (1392/1632) has 50 songs.
INFO:[DataPipeline]:PlayList: [4394331848] å°é©¬å®è‰å¤§ç”µå½±ä¸»é¢˜æ›² (1393/1632) has 15 songs.
INFO:[DataPipeline]:PlayList: [1573647388] å°é©¬å®è‰&#32;åˆ (1394/1632) has 324 songs.
INFO:[DataPipeline]:PlayList: [2066374334] åŠ¨ç”»ç‰‡ã€Šå°é©¬å®è‰ã€‹æ’æ›² (1395/1632) has 32 songs.
INFO:[DataPipeline]:PlayList: [2945208721] My&#32;Little&#32;Pony&#32;å°é©¬å®è‰ (1396/1632) has 23 songs.
INFO:[DataPipeline]:PlayList: [1768720258] My&#32;little&#32;pony&#32;å°é©¬å®è‰ (1397/1632) has 251 songs.
INFO:[DataPipeline]:PlayList: [2048046649] å°é©¬å®è‰çš„æ­Œæ›² (1398/1632) has 143 songs.
INFO:[DataPipeline]:PlayList: [1154106332] å°é©¬å®è‰ç”µå½±éŸ³ä¹ (1399/1632) has 28 songs.
INFO:[DataPipeline]:Sleep for: 112
INFO:[DataPipeline]:PlayList: [2378809093] ã€Šå°é©¬å®è‰ã€‹æœ€æ–°ç²¾é€‰åŸå£°ï¼šé©¬è¿·çš„å¿ƒè¡€ä¹‹ä½œ (1400/1632) has 70 songs.
INFO:[DataPipeline]:PlayList: [1415526046] &#32;å°é©¬å®è‰åŸå£°åˆé›† (1401/1632) has 61 songs.
INFO:[DataPipeline]:PlayList: [3572887533] å°é©¬å®è‰â€¢æ’æ›² (1402/1632) has 69 songs.
INFO:[DataPipeline]:PlayList: [3805603854] å‘¨æ°ä¼¦ï¼šè¿™ä¸–ç•Œéœ€è¦æˆ‘çš„æ­Œ (1403/1632) has 201 songs.
INFO:[DataPipeline]:PlayList: [7039749142] ç™¾å¬ä¸åŒçš„å‘¨æ°ä¼¦ (1404/1632) has 99 songs.
INFO:[DataPipeline]:PlayList: [3408226447] å‘¨æ°ä¼¦å¿…å¬ç»å…¸æ›²ç›® (1405/1632) has 59 songs.
INFO:[DataPipeline]:PlayList: [3553797029] å‘¨æ°ä¼¦ç»å…¸ (1406/1632) has 37 songs.
INFO:[DataPipeline]:PlayList: [3230056671] å‘¨æ°ä¼¦æœ€å…¨æ­Œæ›²æ­£åºé›† (1407/1632) has 183 songs.
INFO:[DataPipeline]:PlayList: [3806287274] ä½ å¬å¾—åˆ°&#32;â€”â€”&#32;å‘¨æ°ä¼¦ (1408/1632) has 381 songs.
INFO:[DataPipeline]:PlayList: [1725914947] å‘¨æ°ä¼¦ç²¾é€‰æ­Œæ›²&#32;æ— é™å¾ªç¯ç³»åˆ—ï¼ (1409/1632) has 117 songs.
INFO:[DataPipeline]:Sleep for: 75
INFO:[DataPipeline]:PlayList: [1114118201] å‘¨æ°ä¼¦å¿«æ­Œç²¾é€‰ï¼Œè·Ÿç€æ°ä¼¦ä¸€èµ·å“¼å“¼å“ˆå…® (1410/1632) has 49 songs.
INFO:[DataPipeline]:PlayList: [7001048679] æœ€Â·å‘¨æ°ä¼¦ (1411/1632) has 70 songs.
INFO:[DataPipeline]:PlayList: [2065383198] å‘¨æ°ä¼¦æœ€å…¨Liveå¤§åˆé›† (1412/1632) has 135 songs.
INFO:[DataPipeline]:PlayList: [850572587] æˆ‘ä»¬çš„æ ¡å›­é’æ˜¥è®°å¿†ï½œå‘¨æ°ä¼¦ (1413/1632) has 30 songs.
INFO:[DataPipeline]:PlayList: [3537306019] å‘¨æ°ä¼¦æƒ…æ­Œ (1414/1632) has 31 songs.
INFO:[DataPipeline]:PlayList: [3569246560] é‚£äº›å¹´ï¼Œæˆ‘ä»¬ä¸€èµ·å¬è¿‡çš„å‘¨æ°ä¼¦ (1415/1632) has 207 songs.
INFO:[DataPipeline]:PlayList: [2370564869] å‘¨æ°ä¼¦2000&#45;2015å¹´åº¦ä½œå“å¤§èµ (1416/1632) has 150 songs.
INFO:[DataPipeline]:PlayList: [3465418216] ç»å…¸å‘¨æ°ä¼¦ (1417/1632) has 93 songs.
INFO:[DataPipeline]:PlayList: [2308475533] æˆ‘è½æ³ªæƒ…ç»ªé›¶ç¢ï¼Œå‘¨æ°ä¼¦ (1418/1632) has 34 songs.
INFO:[DataPipeline]:PlayList: [2342563467] å²ä¸Šæœ€å…¨ï¼å‘¨æ°ä¼¦å†™ç»™åˆ«äººçš„æ­Œ (1419/1632) has 136 songs.
INFO:[DataPipeline]:Sleep for: 128
INFO:[DataPipeline]:PlayList: [3541299872] å‘¨æ°ä¼¦æ…¢æ­Œè‡ªé€‰é›† (1420/1632) has 81 songs.
INFO:[DataPipeline]:PlayList: [2941999782] å‘¨æ°ä¼¦å¿«æ­Œå†³å®šé«˜åº¦ (1421/1632) has 58 songs.
INFO:[DataPipeline]:PlayList: [798991237] æœ‰ä¸€ç§é’æ˜¥å«å‘¨æ°ä¼¦ã€‚ (1422/1632) has 19 songs.
INFO:[DataPipeline]:PlayList: [7097197259] å‚¬ä¸“ç´¯äº†ï¼æ¥å¬å¬å‘¨æ°ä¼¦çš„è€æ­Œ (1423/1632) has 51 songs.
INFO:[DataPipeline]:PlayList: [2334959095] å‘¨æ°ä¼¦åˆè¾‘ (1424/1632) has 160 songs.
INFO:[DataPipeline]:PlayList: [3206900900] æœ‰ç§é‡è§å«å‘¨æ°ä¼¦ä¸æ–¹æ–‡å±± (1425/1632) has 78 songs.
INFO:[DataPipeline]:PlayList: [1169459221] å¬ä»–ä»¬ç¿»å”±çš„å‘¨æ°ä¼¦ (1426/1632) has 73 songs.
INFO:[DataPipeline]:PlayList: [3235982757] ä¸€ä¸ª00å¹´ä»£çš„è®°å¿†â€”å‘¨æ°ä¼¦ (1427/1632) has 22 songs.
INFO:[DataPipeline]:PlayList: [2037520790] å‘¨æ°ä¼¦çš„é¥¶èˆŒè¯´å”±ä¾æ—§èŒƒç‰¹è¥¿ (1428/1632) has 30 songs.
INFO:[DataPipeline]:PlayList: [4216746455] ã€–Youtubeã€—å‘¨æ°ä¼¦çƒ­é—¨å•æ›²TOP20 (1429/1632) has 21 songs.
INFO:[DataPipeline]:Sleep for: 129
INFO:[DataPipeline]:PlayList: [9988476] å‘¨æ°ä¼¦ä¼¤æ„Ÿæ­Œæ›² (1430/1632) has 11 songs.
INFO:[DataPipeline]:PlayList: [7167575030] é‚£äº›å¹´ï¼Œæˆ‘ä»¬å“¼å”±è¿‡çš„å‘¨æ°ä¼¦æ­Œæ›² (1431/1632) has 53 songs.
INFO:[DataPipeline]:PlayList: [2617608932] å‘¨æ°ä¼¦åˆé›† (1432/1632) has 47 songs.
INFO:[DataPipeline]:PlayList: [2033229155] é’¢ç´è¯ é‡Š&#32;/&#32;å‘¨æ°ä¼¦æµè¡Œæ­Œæ›² (1433/1632) has 18 songs.
INFO:[DataPipeline]:PlayList: [2058764424] å‘¨æ°ä¼¦ç°åœºç²¾é€‰ï¼šåœ°è¡¨æœ€å¼ºçš„&#32;Live (1434/1632) has 41 songs.
INFO:[DataPipeline]:PlayList: [7337534990] ç²¾é€‰å‘¨æ°ä¼¦&#32;Liveï¼Œå¤©ç‹å°±æ˜¯èµï¼ (1435/1632) has 31 songs.
INFO:[DataPipeline]:PlayList: [772321766] 7æœˆ16å‘¨æ°ä¼¦æ—¥&#32;ç²¾é€‰50é¦–å¾ªç¯å¬å¤Ÿï¼ (1436/1632) has 50 songs.
INFO:[DataPipeline]:PlayList: [803766234] æŒ‘ä¸å‡ºç‘•ç–µï¼Œåªå› ä½ æ˜¯å‘¨æ°ä¼¦ (1437/1632) has 36 songs.
INFO:[DataPipeline]:PlayList: [7174034383] åè¯­&#32;â”‚&#32;ä¸å‘¨æ°ä¼¦åˆå”±çš„éŸ³ä¹ç²¾é€‰é›† (1438/1632) has 41 songs.
INFO:[DataPipeline]:PlayList: [31387295] å‘¨æ°ä¼¦å†™ç»™åˆ«äººçš„ç»å…¸æ­Œ (1439/1632) has 21 songs.
INFO:[DataPipeline]:Sleep for: 61
INFO:[DataPipeline]:PlayList: [2304276566] å‘¨æ°ä¼¦å”±ç»™æ‰€æœ‰äººå¬çš„æƒ…ä¹¦ (1440/1632) has 56 songs.
INFO:[DataPipeline]:PlayList: [7174020753] é’æ˜¥&#32;&#124;&#32;å‘¨æ°ä¼¦çš„æ­Œä½ ç»™è°åˆ†äº«è¿‡ï¼Ÿ (1441/1632) has 132 songs.
INFO:[DataPipeline]:PlayList: [2638630407] åŸæ¥ä»–ä»¬éƒ½çˆ±å‘¨æ°ä¼¦çš„ä¸­å›½é£ (1442/1632) has 19 songs.
INFO:[DataPipeline]:PlayList: [7487535061] é’¢ç´ç‰ˆ&#32;ï¼šå‘¨æ°ä¼¦çš„åºŠè¾¹æ•…äº‹ (1443/1632) has 27 songs.
INFO:[DataPipeline]:PlayList: [2643794785] è¿™äº›æ­Œéƒ½æœ‰ç€å‘¨æ°ä¼¦çš„â€œé­”æœ¯â€ (1444/1632) has 33 songs.
INFO:[DataPipeline]:PlayList: [7387305859] è‡´æ•¬ç»å…¸ï¼šç¿»æ‹æ­¦ä¾ å½±è§†å‰§åŸå£° (1445/1632) has 55 songs.
INFO:[DataPipeline]:PlayList: [2966940789] ã€Œå›å‘³ç»å…¸ã€è€³ç†Ÿèƒ½è¯¦çš„å½±è§†å‰§æ­Œæ›² (1446/1632) has 125 songs.
INFO:[DataPipeline]:PlayList: [7051426997] å½±è§†å‰§ä¸­çš„ç»å…¸äº¤å“ä¹ (1447/1632) has 73 songs.
INFO:[DataPipeline]:PlayList: [7359060176] å›½å†…çƒ­æ’­å½±è§†å‰§ç»å…¸ä¸»é¢˜æ›² (1448/1632) has 104 songs.
INFO:[DataPipeline]:PlayList: [823879091] ç»å…¸å½±è§†å‰§èƒŒå&#32;éƒ½æœ‰ç»å…¸å¥½æ­Œã€åè¯­ç¯‡ã€‘ (1449/1632) has 44 songs.
INFO:[DataPipeline]:Sleep for: 82
INFO:[DataPipeline]:PlayList: [6952867150] 70ã€80ã€90åç»å…¸ç”µè§†å‰§å½±è§†å‰§ä¸»é¢˜æ›² (1450/1632) has 127 songs.
INFO:[DataPipeline]:PlayList: [1729905835] ã€Œç²¤è¯­ã€ç»å…¸æ­¦ä¾ å½±è§†å‰§æ­Œæ›² (1451/1632) has 18 songs.
INFO:[DataPipeline]:PlayList: [2591854065] è¿™äº›å¹´ç»å…¸çš„å½±è§†å‰§æ’æ›² (1452/1632) has 21 songs.
INFO:[DataPipeline]:PlayList: [7265859033] 70ã€80ã€90åç»å…¸ç”µè§†å‰§å½±è§†å‰§ä¸»é¢˜æ›²æ’æ›² (1453/1632) has 110 songs.
INFO:[DataPipeline]:PlayList: [3464287979] é‡‘åº¸å½±è§†å‰§ç»å…¸é…æ›² (1454/1632) has 15 songs.
INFO:[DataPipeline]:PlayList: [7324909105] ç»å…¸ã€é‡‘åº¸ã€‘æ­¦ä¾ å½±è§†å‰§æ€€æ—§é‡‘æ›²å¤§å…¨ (1455/1632) has 105 songs.
INFO:[DataPipeline]:PlayList: [2339581220] çˆ±å›½å½±è§†å‰§ä¸»é¢˜æ›²ç»å…¸18é¦– (1456/1632) has 18 songs.
INFO:[DataPipeline]:PlayList: [7342668586] 70ã€80ã€90åç»å…¸ç”µè§†å‰§å½±è§†å‰§ä¸»é¢˜æ›²æ’æ›² (1457/1632) has 122 songs.
INFO:[DataPipeline]:PlayList: [4055014982] è¯¸ç¥çš„è‘¬ç¤¼ï¼ˆå½±è§†å‰§ç»å…¸ï¼‰ (1458/1632) has 67 songs.
INFO:[DataPipeline]:PlayList: [7335271216] æ¸¯å°å½±è§†å‰§ç»å…¸è€æ­Œ (1459/1632) has 19 songs.
INFO:[DataPipeline]:Sleep for: 63
INFO:[DataPipeline]:PlayList: [7470185473] ç»å…¸å½±è§†å‰§ (1460/1632) has 37 songs.
INFO:[DataPipeline]:PlayList: [7436434116] æ—¥æœ¬å½±è§†å‰§ç»å…¸æ’æ›² (1461/1632) has 11 songs.
INFO:[DataPipeline]:PlayList: [7296395783] ç»å…¸ç”µè§†å‰§å½±è§†å‰§ä¸»é¢˜æ›²æ’æ›² (1462/1632) has 210 songs.
INFO:[DataPipeline]:PlayList: [3724619566] ç»å…¸æ°¸ä¸è¿‡æ—¶&#32;&#124;&#32;è®°å¿†ä¸­çš„å½±è§†å‰§ä¹‹å£° (1463/1632) has 25 songs.
INFO:[DataPipeline]:PlayList: [6281782753] é‚£äº›å¹´å½±è§†å‰§çš„ç»å…¸ (1464/1632) has 39 songs.
INFO:[DataPipeline]:PlayList: [7305190772] ã€ç»å…¸é…ä¹ã€‘é‚£äº›ç»å…¸å½±è§†å‰§ä¸­çš„èƒŒæ™¯éŸ³ä¹ (1465/1632) has 29 songs.
INFO:[DataPipeline]:PlayList: [7039441804] ä¸€ç”ŸæŒšçˆ±èµµæµ·æ´‹ (1466/1632) has 97 songs.
INFO:[DataPipeline]:PlayList: [7482469880] èµµæµ·æ´‹&#32;&#124;&#32;æ¶¤è¡å¿ƒçµçš„å”¯ç¾é’¢ç´æ›² (1467/1632) has 100 songs.
INFO:[DataPipeline]:PlayList: [1172027070] ä¸€æ¬¡å¬å®Œèµµæµ·æ´‹å…¨éƒ¨ä½œå“ (1468/1632) has 78 songs.
INFO:[DataPipeline]:PlayList: [4191384224] èµµæµ·æ´‹ä¼´ç¡é’¢ç´æ›²çº¯éŸ³ä¹ (1469/1632) has 80 songs.
INFO:[DataPipeline]:Sleep for: 176
INFO:[DataPipeline]:PlayList: [7328842050] èµµæµ·æ´‹&#32;&#124;&#32;ä¸é’¢ç´çš„ç¾å¥½æ—¶å…‰ (1470/1632) has 33 songs.
INFO:[DataPipeline]:PlayList: [2962361113] å¤œè‰²é’¢ç´æ›²&#45;èµµæµ·æ´‹ (1471/1632) has 75 songs.
INFO:[DataPipeline]:PlayList: [2626888367] èµµæµ·æ´‹ (1472/1632) has 10 songs.
INFO:[DataPipeline]:PlayList: [1171784310] ä¸å¾—ä¸å¬çš„èµµæµ·æ´‹çƒ­é—¨ç²¾é€‰ (1473/1632) has 18 songs.
INFO:[DataPipeline]:PlayList: [6548282153] èµµæµ·æ´‹é’¢ç´æ›²çº¯éŸ³ä¹ (1474/1632) has 54 songs.
INFO:[DataPipeline]:PlayList: [4111680051] èµµæµ·æ´‹é’¢ç´æ›²çº¯éŸ³ä¹ (1475/1632) has 83 songs.
INFO:[DataPipeline]:PlayList: [4124687372] èµµæµ·æ´‹&#32;é’¢ç´æ›² (1476/1632) has 73 songs.
INFO:[DataPipeline]:PlayList: [4172220628] å¤œè‰²é’¢ç´æ›²èµµæµ·æ´‹ã€å”¯ç¾é’¢ç´ã€‘ (1477/1632) has 83 songs.
INFO:[DataPipeline]:PlayList: [7000643031] èµµæµ·æ´‹ (1478/1632) has 132 songs.
INFO:[DataPipeline]:PlayList: [3742987613] èµµæµ·æ´‹ (1479/1632) has 133 songs.
INFO:[DataPipeline]:Sleep for: 32
INFO:[DataPipeline]:PlayList: [7099708919] å¤œè‰²é’¢ç´æ›²èµµæµ·æ´‹ã€å”¯ç¾é’¢ç´ã€‘ (1480/1632) has 71 songs.
INFO:[DataPipeline]:PlayList: [4130984517] èµµæµ·æ´‹é’¢ç´æ›² (1481/1632) has 25 songs.
INFO:[DataPipeline]:PlayList: [2628391501] åœ¨èµµæµ·æ´‹çš„æ›²å­é‡Œ (1482/1632) has 36 songs.
INFO:[DataPipeline]:PlayList: [3530704174] èµµæµ·æ´‹ (1483/1632) has 107 songs.
INFO:[DataPipeline]:PlayList: [7412291614] æ˜æœˆå€¾éœ„ (1484/1632) has 14 songs.
INFO:[DataPipeline]:PlayList: [7404859158] æ˜æœˆå€¾éœ„ (1485/1632) has 17 songs.
INFO:[DataPipeline]:PlayList: [7416019654] æ˜æœˆå€¾éœ„ (1486/1632) has 20 songs.
INFO:[DataPipeline]:PlayList: [3285109303] æ˜æœˆå€¾éœ„ (1487/1632) has 15 songs.
INFO:[DataPipeline]:PlayList: [7436439276] æ˜æœˆå€¾éœ„â¤ï¸ (1488/1632) has 11 songs.
INFO:[DataPipeline]:PlayList: [4273908309] æ˜æœˆå€¾éœ„ (1489/1632) has 151 songs.
INFO:[DataPipeline]:Sleep for: 45
INFO:[DataPipeline]:PlayList: [7401277379] æ˜æœˆå€¾éœ„&#32;&#40;Live&#41; (1490/1632) has 8 songs.
INFO:[DataPipeline]:PlayList: [4121971519] æ˜æœˆå€¾éœ„ (1491/1632) has 20 songs.
INFO:[DataPipeline]:PlayList: [7416954853] æ˜æœˆå€¾éœ„ (1492/1632) has 1 songs.
INFO:[DataPipeline]:PlayList: [7502905866] æ˜æœˆå€¾éœ„ (1493/1632) has 0 songs.
INFO:[DataPipeline]:PlayList: [7463106071] æ˜æœˆå€¾éœ„&#32;&#40;Live&#41; (1494/1632) has 1 songs.
INFO:[DataPipeline]:PlayList: [7107052407] æ˜æœˆå€¾éœ„&#32; (1495/1632) has 3 songs.
INFO:[DataPipeline]:PlayList: [7484889713] æ˜æœˆå€¾éœ„ (1496/1632) has 5 songs.
INFO:[DataPipeline]:PlayList: [7435687811] æ˜æœˆå€¾éœ„ (1497/1632) has 11 songs.
INFO:[DataPipeline]:PlayList: [7492817263] âœ¨ğŸŒ™æ˜æœˆå€¾éœ„ğŸŒ™âœ¨ (1498/1632) has 19 songs.
INFO:[DataPipeline]:PlayList: [7060355272] å¤é£&#32;&#124;&#32;æ˜æœˆå«ç¾ï¼Œä½å¤´ä¸æ•¢è¨€ (1499/1632) has 45 songs.
INFO:[DataPipeline]:Sleep for: 147
INFO:[DataPipeline]:PlayList: [7087684344] ã€å¤é£ç”·å£°ã€æˆ‘è‡ªæ˜¯å¹´å°‘ï¼ŒéŸ¶åå€¾è´Ÿ (1500/1632) has 68 songs.
INFO:[DataPipeline]:PlayList: [2928038188] We&#32;donâ€™t&#32;talk&#32;anymore (1501/1632) has 286 songs.
INFO:[DataPipeline]:PlayList: [1764992037] We&#32;donâ€²t&#32;talk&#32;anymore (1502/1632) has 44 songs.
INFO:[DataPipeline]:PlayList: [2070421918] We&#32;Donâ€²t&#32;Talk&#32;anymore (1503/1632) has 34 songs.
INFO:[DataPipeline]:PlayList: [2989158076] We&#32;Donâ€²t&#32;Talk&#32;Anymore (1504/1632) has 108 songs.
INFO:[DataPipeline]:PlayList: [3554800921] we&#32;donâ€²t&#32;talk&#32;any&#32;more (1505/1632) has 177 songs.
INFO:[DataPipeline]:PlayList: [1141104556] We&#32;donâ€™t&#32;care (1506/1632) has 20 songs.
INFO:[DataPipeline]:PlayList: [3257406945] We&#32;Donâ€²t&#32;Talk&#32;Anymore (1507/1632) has 125 songs.
INFO:[DataPipeline]:PlayList: [818428302] We&#32;Don&#39;t&#32;Talk&#32;Anymore (1508/1632) has 225 songs.
INFO:[DataPipeline]:PlayList: [3643519423] We&#32;donâ€²t&#32;talk&#32;anymore (1509/1632) has 4 songs.
INFO:[DataPipeline]:Sleep for: 35
INFO:[DataPipeline]:PlayList: [3557594921] Why&#32;Donâ€²t&#32;We (1510/1632) has 299 songs.
INFO:[DataPipeline]:PlayList: [3552852402] What&#32;We&#32;Donâ€²t&#32;Know (1511/1632) has 89 songs.
INFO:[DataPipeline]:PlayList: [1477205060] Why&#32;Donâ€²t&#32;We&#32;Justâ€¦ (1512/1632) has 849 songs.
INFO:[DataPipeline]:PlayList: [3541071746] We&#32;Donâ€²t&#32;Talk&#32;Anymore (1513/1632) has 13 songs.
INFO:[DataPipeline]:PlayList: [3253797499] we&#32;&#32;donâ€²t&#32;&#32;&#32;talk&#32;&#32;an (1514/1632) has 343 songs.
INFO:[DataPipeline]:PlayList: [1176262836] we&#32;donâ€²t&#32;talk&#32;anymore (1515/1632) has 706 songs.
INFO:[DataPipeline]:PlayList: [6740156904] Why&#32;Donâ€²t&#32;We (1516/1632) has 29 songs.
INFO:[DataPipeline]:PlayList: [1730162619] We&#32;Don&#39;t&#32;Talk&#32;Anymore&#32;&#40;æ²‰é»˜çš„æˆ‘ä»¬&#41; (1517/1632) has 617 songs.
INFO:[DataPipeline]:PlayList: [2371828536] We&#32;Donâ€²t&#32;Talk&#32;Anymore (1518/1632) has 696 songs.
INFO:[DataPipeline]:PlayList: [1407229567] å¤§æ¢¦æƒ³å®¶tfboys (1519/1632) has 1 songs.
INFO:[DataPipeline]:Sleep for: 151
INFO:[DataPipeline]:PlayList: [3480364958] å¤§æ¢¦æƒ³å®¶&#32;TFBOYS&#32;ä¼´å¥ä¸‹è½½ (1520/1632) has 2 songs.
INFO:[DataPipeline]:PlayList: [1680341591] å¤§æ¢¦æƒ³å®¶&#32;TFBOYS (1521/1632) has 40 songs.
INFO:[DataPipeline]:PlayList: [777130627] TFBOYS&#32;FANS&#32;TIMEå¤§æ¢¦æƒ³å®¶ (1522/1632) has 13 songs.
INFO:[DataPipeline]:PlayList: [2282887919] å¤§æ¢¦æƒ³å®¶&#32;TFBOYS (1523/1632) has 2 songs.
INFO:[DataPipeline]:PlayList: [1106052985] å¤§æ¢¦æƒ³å®¶TFBOYS (1524/1632) has 5 songs.
INFO:[DataPipeline]:PlayList: [2296155405] å¤§æ¢¦æƒ³å®¶&#32;TFBOYS (1525/1632) has 6 songs.
INFO:[DataPipeline]:PlayList: [2886191402] å¤§æ¢¦æƒ³å®¶&#32;TFBOYS (1526/1632) has 90 songs.
INFO:[DataPipeline]:PlayList: [1675731488] TFBOYSæ­Œæ›²å¤§æ¢¦æƒ³å®¶ (1527/1632) has 50 songs.
INFO:[DataPipeline]:PlayList: [6566671545] å¤§æ¢¦æƒ³å®¶å®Œæ•´ç‰ˆçš„ä¹Ÿæ˜¯TfboysåŸå”±çš„ (1528/1632) has 1 songs.
INFO:[DataPipeline]:PlayList: [2074197383] tfboys&#45;å‘æ¢¦æƒ³è¿›å†›çš„å¤§æ¢¦æƒ³å®¶ (1529/1632) has 18 songs.
INFO:[DataPipeline]:Sleep for: 122
INFO:[DataPipeline]:PlayList: [2311746792] å¤§æ¢¦æƒ³å®¶&#45;TFboys (1530/1632) has 1 songs.
INFO:[DataPipeline]:PlayList: [2893792814] TFBoyså¤§æ¢¦æƒ³å®¶ (1531/1632) has 1 songs.
INFO:[DataPipeline]:PlayList: [1120895941] å¤§æ¢¦æƒ³å®¶tfboys (1532/1632) has 51 songs.
INFO:[DataPipeline]:PlayList: [1990816001] å¤§æ¢¦æƒ³å®¶&#32;TFBOYS (1533/1632) has 8 songs.
INFO:[DataPipeline]:PlayList: [1077288930] å¤§æ¢¦æƒ³å®¶&#32;TFBOYS (1534/1632) has 2 songs.
INFO:[DataPipeline]:PlayList: [1686701020] å¤§æ¢¦æƒ³å®¶&#32;TFBOYS (1535/1632) has 15 songs.
INFO:[DataPipeline]:PlayList: [1680871895] å¤§æ¢¦æƒ³å®¶&#32;TFBOYS (1536/1632) has 14 songs.
INFO:[DataPipeline]:PlayList: [2291757285] å¤§æ¢¦æƒ³å®¶&#32;TFBOYS (1537/1632) has 40 songs.
INFO:[DataPipeline]:PlayList: [2580547252] å¤§æ¢¦æƒ³å®¶&#32;TFBOYS (1538/1632) has 5 songs.
INFO:[DataPipeline]:PlayList: [2880526998] å¤§æ¢¦æƒ³å®¶TFBOYS (1539/1632) has 73 songs.
INFO:[DataPipeline]:Sleep for: 170
INFO:[DataPipeline]:PlayList: [3487077555] å¤§æ¢¦æƒ³å®¶&#32;TFBOYS (1540/1632) has 7 songs.
INFO:[DataPipeline]:PlayList: [1095211813] å¤§æ¢¦æƒ³å®¶&#32;TFBOYS (1541/1632) has 6 songs.
INFO:[DataPipeline]:PlayList: [1474066774] å¤§æ¢¦æƒ³å®¶TFBOYS (1542/1632) has 3 songs.
INFO:[DataPipeline]:PlayList: [2947102248] TFBOYS&#46;å¤§æ¢¦æƒ³å®¶ (1543/1632) has 1 songs.
INFO:[DataPipeline]:PlayList: [3808092387] tfboyså¤§æ¢¦æƒ³å®¶ (1544/1632) has 5 songs.
INFO:[DataPipeline]:PlayList: [1975757123] å¤§æ¢¦æƒ³å®¶&#32;&#40;TFBOYS&#32;FANSÂ´&#32;TIME&#41;&#32;TFBO (1545/1632) has 1 songs.
INFO:[DataPipeline]:PlayList: [1430855082] TFBOYSçš„æ­Œå•å¤§æ¢¦æƒ³å®¶å® çˆ±ï¼Œé­”æ³•åŸå ¡ (1546/1632) has 5 songs.
INFO:[DataPipeline]:PlayList: [2595837790] TFBOYSå¤§æ¢¦æƒ³å®¶ (1547/1632) has 6 songs.
INFO:[DataPipeline]:PlayList: [1378391631] å¤§æ¢¦æƒ³å®¶&#32;&#40;TFBOYS&#32;FANSÂ´&#32;TIME&#41;&#32;TFBO (1548/1632) has 1 songs.
INFO:[DataPipeline]:PlayList: [7332053545] ç«™å†…ç²¾é€‰&#32;&#124;ã€çº¯éŸ³ä¹ã€ (1549/1632) has 40 songs.
INFO:[DataPipeline]:Sleep for: 162
INFO:[DataPipeline]:PlayList: [7196432950] æ‰£äººå¿ƒå¼¦ï¼æŠ–éŸ³æœ€çƒ­é—¨çº¯éŸ³ä¹ (1550/1632) has 108 songs.
INFO:[DataPipeline]:PlayList: [7461242004] ç«™å†…è¯„è®º999&#43;çš„çº¯éŸ³ä¹ (1551/1632) has 181 songs.
INFO:[DataPipeline]:PlayList: [7425527296] 2020å¹´æŠ–éŸ³çƒ­é—¨çº¯éŸ³ä¹ç²¾é€‰ (1552/1632) has 85 songs.
INFO:[DataPipeline]:PlayList: [7228613433] çº¯éŸ³ä¹&#32;&#124;&#32;åŒ†å¿™ç”Ÿæ´»ä¸­ä¹…è¿çš„å®é™ (1553/1632) has 37 songs.
INFO:[DataPipeline]:PlayList: [7463490628] ç«™å†…999&#43;æœ€ç«çº¯éŸ³ä¹æ¨è (1554/1632) has 141 songs.
INFO:[DataPipeline]:PlayList: [7459765363] ã€&#32;çº¯éŸ³ä¹&#32;ã€é’¢ç´å¼¹å¥å‡ºæµè¡Œæ­Œ (1555/1632) has 30 songs.
INFO:[DataPipeline]:PlayList: [7459236529] ã€çº¯éŸ³ä¹ã€æˆ‘ä¸æœˆäº®æœ‰ä¸ªçº¦å®š (1556/1632) has 20 songs.
INFO:[DataPipeline]:PlayList: [7489569642] çº¯éŸ³ä¹400é¦–ä¸¨ç»ä¼¦æ—‹å¾‹&#32;ç¾å¦™åŠ¨å¬ (1557/1632) has 402 songs.
INFO:[DataPipeline]:PlayList: [7471890670] ã€çº¯éŸ³ä¹ã€é™ªä½ äº«å—ä¸‹åˆèŒ¶çš„æ—¶å…‰ (1558/1632) has 25 songs.
INFO:[DataPipeline]:PlayList: [7488993038] ä¸“æ³¨åŠ›ç™¾åˆ†ç™¾å­¦ä¹ æ­Œå•&#32;&#124;&#32;çº¯éŸ³ä¹ç‰ˆ (1559/1632) has 41 songs.
INFO:[DataPipeline]:Sleep for: 65
INFO:[DataPipeline]:PlayList: [7280831999] çº¯éŸ³ä¹&#124;&#32;æ¢¦ä¸­çš„å©šç¤¼ (1560/1632) has 30 songs.
INFO:[DataPipeline]:PlayList: [7477237342] ã€çº¯éŸ³ä¹ã€&#32;è…¹æœ‰è¯—ä¹¦æ°”è‡ªå (1561/1632) has 66 songs.
INFO:[DataPipeline]:PlayList: [7474146001] çº¯éŸ³ä¹&#32;ï¼šåœ¨å–§åš£ä¸­è§…ä¸€ä»½å®‰å® (1562/1632) has 44 songs.
INFO:[DataPipeline]:PlayList: [7466844656] ç¡å‰çº¯éŸ³ä¹&#32;&#124;æš–æš–çš„å…«éŸ³ç›’ (1563/1632) has 71 songs.
INFO:[DataPipeline]:PlayList: [7275693274] çº¯éŸ³ä¹&#32;&#124;&#32;å·¥ä½œå¿…å¤‡ (1564/1632) has 30 songs.
INFO:[DataPipeline]:PlayList: [1143222476] 300é¦–ç»å…¸çº¯éŸ³ä¹ï¼Œå¬å®Œæ‰‹æœºå†…å­˜ä¸è¶³ï¼ (1565/1632) has 300 songs.
INFO:[DataPipeline]:PlayList: [7436489418] çº¯éŸ³ä¹&#32;Â·&#32;æ˜Ÿç©ºå½¼ç«¯çš„å¿§ä¼¤ (1566/1632) has 45 songs.
INFO:[DataPipeline]:PlayList: [7461716248] å¿«æ‰‹çƒ­é—¨çº¯éŸ³ä¹ï¼ˆæŒç»­æ›´æ–°ï¼‰ (1567/1632) has 57 songs.
INFO:[DataPipeline]:PlayList: [7151991213] æŠ–éŸ³æœ€ç«çº¯éŸ³ä¹ (1568/1632) has 184 songs.
INFO:[DataPipeline]:PlayList: [7490190079] çº¯éŸ³ä¹&#32;&#124;&#32;äº«å—å®é™çš„å­¦ä¹ æ—¶å…‰ (1569/1632) has 25 songs.
INFO:[DataPipeline]:Sleep for: 148
INFO:[DataPipeline]:PlayList: [2289421272] X&#32;&#40;Wembley&#32;Edition&#41; (1570/1632) has 21 songs.
INFO:[DataPipeline]:PlayList: [1431010881] X&#32;&#40;Wembley&#32;Edition&#41; (1571/1632) has 23 songs.
INFO:[DataPipeline]:PlayList: [2985065045] X&#32;&#40;Wembley&#32;Edition&#41; (1572/1632) has 44 songs.
INFO:[DataPipeline]:PlayList: [2351028295] X&#32;ï¼ˆWembley&#32;Editionï¼‰ (1573/1632) has 23 songs.
INFO:[DataPipeline]:PlayList: [2084764928] X&#32;&#40;Wembley&#32;Edition&#41; (1574/1632) has 23 songs.
INFO:[DataPipeline]:PlayList: [2675131029] X&#32;&#40;Wembley&#32;Edition&#41;&#32; (1575/1632) has 22 songs.
INFO:[DataPipeline]:PlayList: [1166465650] X&#32;&#40;Wembley&#32;Edition&#41; (1576/1632) has 23 songs.
INFO:[DataPipeline]:PlayList: [3565691297] X&#32;&#40;Wembley&#32;Edition&#41; (1577/1632) has 24 songs.
INFO:[DataPipeline]:PlayList: [2359942437] X&#32;ï¼ˆWembley&#32;Editionï¼‰ (1578/1632) has 23 songs.
INFO:[DataPipeline]:PlayList: [3634028476] X&#32;&#40;Wembley&#32;Edition&#41; (1579/1632) has 23 songs.
INFO:[DataPipeline]:Sleep for: 71
INFO:[DataPipeline]:PlayList: [2294151021] X&#32;&#40;Wembley&#32;Edition&#41; (1580/1632) has 23 songs.
INFO:[DataPipeline]:PlayList: [4223717223] X&#32;&#40;Wembley&#32;Edition&#41;&#32;&#40;X&#32;&#32;&#41; (1581/1632) has 16 songs.
INFO:[DataPipeline]:PlayList: [6943014835] X&#32;&#40;Wembley&#32;Edition&#41;&#32;&#40;X&#32;&#32;&#41; (1582/1632) has 23 songs.
INFO:[DataPipeline]:PlayList: [2687758730] X&#32;&#40;Wembley&#32;Edition&#41; (1583/1632) has 24 songs.
INFO:[DataPipeline]:PlayList: [3200761731] X&#32;&#40;Wembley&#32;Edition&#41; (1584/1632) has 23 songs.
INFO:[DataPipeline]:PlayList: [850492119] X&#32;ï¼ˆWembley&#32;Editionï¼‰ (1585/1632) has 23 songs.
INFO:[DataPipeline]:PlayList: [2649898850] X&#32;ï¼ˆWembley&#32;Editionï¼‰ (1586/1632) has 32 songs.
INFO:[DataPipeline]:PlayList: [1746492917] X&#32;ï¼ˆWembley&#32;Editionï¼‰ (1587/1632) has 23 songs.
INFO:[DataPipeline]:PlayList: [2351090592] X&#32;ï¼ˆWembley&#32;Editionï¼‰ (1588/1632) has 37 songs.
INFO:[DataPipeline]:PlayList: [4146159728] X&#32;&#40;Wembley&#32;Edition&#41;&#32;&#40;X&#32;&#32;&#41; (1589/1632) has 23 songs.
INFO:[DataPipeline]:Sleep for: 101
INFO:[DataPipeline]:PlayList: [854298523] X&#32;ï¼ˆWembley&#32;Editionï¼‰ (1590/1632) has 23 songs.
INFO:[DataPipeline]:PlayList: [3510896417] å¬æ­Œå­¦ä¹ ä¹‹è‹±è¯­å¬åŠ›ç¯‡ (1591/1632) has 54 songs.
INFO:[DataPipeline]:PlayList: [37180341] è‹±è¯­å¬åŠ›ç»ƒä¹ æ­Œæ›² (1592/1632) has 146 songs.
INFO:[DataPipeline]:PlayList: [3569965598] æé«˜è‹±è¯­å¬åŠ›å¿…å¬çš„è‹±æ–‡æ­Œç³»åˆ— (1593/1632) has 161 songs.
INFO:[DataPipeline]:PlayList: [3574796890] é€‚åˆç»ƒä¹ è‹±è¯­å¬åŠ›çš„æ­Œæ›² (1594/1632) has 45 songs.
INFO:[DataPipeline]:PlayList: [2344248140] é‚£äº›å¹´è‹±è¯­å¬åŠ›æ—¶æ”¾è¿‡çš„æ­Œæ›² (1595/1632) has 44 songs.
INFO:[DataPipeline]:PlayList: [3785385201] è‹±è¯­å››çº§å¬åŠ›æ­Œæ›² (1596/1632) has 204 songs.
INFO:[DataPipeline]:PlayList: [7213997444] è‹±è¯­å¬åŠ›ï¼šBBCçºªå½•ç‰‡ï¼ˆå…¨ï¼‰ (1597/1632) has 154 songs.
INFO:[DataPipeline]:PlayList: [2488286577] æé«˜è‹±è¯­å¬åŠ› (1598/1632) has 53 songs.
INFO:[DataPipeline]:PlayList: [7262131999] è‹±è¯­å¬åŠ›ç»ƒä¹ ææ–™ (1599/1632) has 74 songs.
INFO:[DataPipeline]:Sleep for: 133
INFO:[DataPipeline]:PlayList: [870499694] è‹±è¯­å¬åŠ›&#32;æ¯æ—¥ä¸€ç»ƒ (1600/1632) has 56 songs.
INFO:[DataPipeline]:PlayList: [2358307479] è‹±è¯­å¬åŠ› (1601/1632) has 39 songs.
INFO:[DataPipeline]:PlayList: [7249647426] è‹±è¯­å¬åŠ›ç»ƒä¹ ææ–™ (1602/1632) has 155 songs.
INFO:[DataPipeline]:PlayList: [2869197190] å¹¼ç¨šå›­è‹±è¯­å¬åŠ› (1603/1632) has 479 songs.
INFO:[DataPipeline]:PlayList: [3263744858] è‹±è¯­å¬åŠ›38å¥— (1604/1632) has 123 songs.
INFO:[DataPipeline]:PlayList: [7328146665] è‹±è¯­å¬åŠ›ç»ƒä¹ ææ–™5 (1605/1632) has 54 songs.
INFO:[DataPipeline]:PlayList: [1478402409] ç»ƒä¹ è‹±è¯­å¬åŠ›ï¼ˆçœŸçš„æœ‰ç”¨ï¼‰æ»‘ç¨½ (1606/1632) has 192 songs.
INFO:[DataPipeline]:PlayList: [2952858786] æœ‰èŠ‚å¥çš„â€–è‹±è¯­å¬åŠ› (1607/1632) has 263 songs.
INFO:[DataPipeline]:PlayList: [3194657054] åå¹´è‹±è¯­å¬åŠ›ç»ƒä¹  (1608/1632) has 680 songs.
INFO:[DataPipeline]:PlayList: [4173960606] å® å¦¹ç‹‚é­”&#32;&#33;&#32;ç³»åˆ—å½±è§†åŸå£°æ”¶å½• (1609/1632) has 30 songs.
INFO:[DataPipeline]:Sleep for: 140
INFO:[DataPipeline]:PlayList: [7458149038] ç»å…¸å½±è§†æ’æ›²ä¸¨90åçš„é’æ˜¥è®°å¿† (1610/1632) has 37 songs.
INFO:[DataPipeline]:PlayList: [6987356383] é’æ˜¥å›å¿†æ€&#32;&#124;&#32;å½±è§†å‰§é‡Œçš„èŠ±æ ·å¹´å&#32; (1611/1632) has 17 songs.
INFO:[DataPipeline]:PlayList: [3269709575] å®¸æ±ç¼˜&#32;&#124;&#32;åŒç±»å‹å½±è§†åŸå£° (1612/1632) has 63 songs.
INFO:[DataPipeline]:PlayList: [7429790536] æ·±åº¦å¸å›ï¼šé«˜ä¼Ÿå…‰å‚æ¼”å½±è§†åŸå£° (1613/1632) has 36 songs.
INFO:[DataPipeline]:PlayList: [7479666378] æ±ªè‹æ³·å½±è§†OSTåˆé›† (1614/1632) has 39 songs.
INFO:[DataPipeline]:PlayList: [7482092623] å½±è§†é‡‘æ›²æ¦œæ­Œæ›²æ”¶å½•&#40;æŒæ›´&#41; (1615/1632) has 112 songs.
INFO:[DataPipeline]:PlayList: [7416651636] ä½ è®°å¿†æ·±åˆ»çš„ä¸€å¼ å½±è§†åŸå£°å¸¦æ˜¯ï¼Ÿ (1616/1632) has 19 songs.
INFO:[DataPipeline]:PlayList: [7457460956] åè¯­å½±è§†ç»å…¸ï¼šå›å¿†çº¯çœŸå¹´ä»£å‘³é“ (1617/1632) has 25 songs.
INFO:[DataPipeline]:PlayList: [7394658178] ç«™å†…è¯„è®º999&#43;çš„å››å­—å½±è§†æ­Œæ›² (1618/1632) has 83 songs.
INFO:[DataPipeline]:PlayList: [7027231106] ã€Œåç ”ã€å½±è§†å‰§åŸå£°åˆé›† (1619/1632) has 39 songs.
INFO:[DataPipeline]:Sleep for: 131
INFO:[DataPipeline]:PlayList: [7199875804] å²æœˆç•™å£°ï¼šå“¥å“¥å’Œä»–çš„å½±è§†é‡‘æ›² (1620/1632) has 28 songs.
INFO:[DataPipeline]:PlayList: [7164931455] ç«™å†…è¯„è®º999&#43;çš„äºŒå­—å½±è§†æ­Œæ›² (1621/1632) has 111 songs.
INFO:[DataPipeline]:PlayList: [7232288935] èŠ±å¥½æœˆåœ†&#32;Â·&#32;å¤è£…è¨€æƒ…å½±è§†åŸå£° (1622/1632) has 32 songs.
INFO:[DataPipeline]:PlayList: [7147008972] æ”¶è§†ç ´ç™¾äº¿çš„å½±è§†å‰§ç›˜ç‚¹ (1623/1632) has 84 songs.
INFO:[DataPipeline]:PlayList: [7060352536] å½±è§†åŸå£°&#32;&#124;&#32;åŠ¨æ¼«æ¸¸æˆä¸“ç±» (1624/1632) has 49 songs.
INFO:[DataPipeline]:PlayList: [4040498505] æ—åˆéš†æ‰§å¯¼å½±è§†ä½œå“æ­Œæ›²ç²¾é€‰ (1625/1632) has 60 songs.
INFO:[DataPipeline]:PlayList: [7427004510] å¤é£å½±è§†ç²¾é€‰ä¸¨æ„¿é•¿æ¢¦æ¢ä½ å®‰ç¨³ (1626/1632) has 22 songs.
INFO:[DataPipeline]:PlayList: [7060353004] åˆè§æ±Ÿæ¹–è¡Œï¼šå½±è§†/ç»¼è‰ºæ­Œæ›²ç²¾é€‰ (1627/1632) has 50 songs.
INFO:[DataPipeline]:PlayList: [7448664940] å½±è§†åŸå£°ï¼šå¤è£…å‰§é‡Œçš„çˆ±æ¨æƒ…ä»‡ (1628/1632) has 53 songs.
INFO:[DataPipeline]:PlayList: [7347301867] åŠ¨å¬ä¸”è¿‡è€³ä¸å¿˜çš„å½±è§†éŸ³ä¹ (1629/1632) has 28 songs.
INFO:[DataPipeline]:Sleep for: 36
Triggering a new build of [8mha:////4MSYvHexdGzKeCFjxmTntmAkYPoEAx0a5rHf8zi72f0+AAAAnB+LCAAAAAAAAP9b85aBtbiIQTGjNKU4P08vOT+vOD8nVc83PyU1x6OyILUoJzMv2y+/JJUBAhiZGBgqihhk0NSjKDWzXb3RdlLBUSYGJk8GtpzUvPSSDB8G5tKinBIGIZ+sxLJE/ZzEvHT94JKizLx0a6BxUmjGOUNodHsLgAyuEgYB/az8JP2UxJJE3dz8stQifQBBPgocxQAAAA==[0mdata-mover
Finished: SUCCESS
