Started by user [8mha:////4AvbKtqCpWGC4/9vlaAOyQD+y56HOfLOpPpkD7K9YRsAAAAAlx+LCAAAAAAAAP9b85aBtbiIQTGjNKU4P08vOT+vOD8nVc83PyU1x6OyILUoJzMv2y+/JJUBAhiZGBgqihhk0NSjKDWzXb3RdlLBUSYGJk8GtpzUvPSSDB8G5tKinBIGIZ+sxLJE/ZzEvHT94JKizLx0a6BxUmjGOUNodHsLgAzWEgZu/dLi1CL9xJTczDwAj6GcLcAAAAA=[0madmin
Running as SYSTEM
Building in workspace /var/root/.jenkins/workspace/data-zhongguofeng
using credential root
 > git rev-parse --is-inside-work-tree # timeout=10
Fetching changes from the remote Git repository
 > git config remote.origin.url git@github.com:kirinisland/datapipe.git # timeout=10
Fetching upstream changes from git@github.com:kirinisland/datapipe.git
 > git --version # timeout=10
using GIT_SSH to set credentials 
 > git fetch --tags --force --progress -- git@github.com:kirinisland/datapipe.git +refs/heads/*:refs/remotes/origin/* # timeout=10
 > git rev-parse refs/remotes/origin/master^{commit} # timeout=10
 > git rev-parse refs/remotes/origin/origin/master^{commit} # timeout=10
Checking out Revision ca49a7d2f48e4a31b3d0bda9a079340aef4fd65b (refs/remotes/origin/master)
 > git config core.sparsecheckout # timeout=10
 > git checkout -f ca49a7d2f48e4a31b3d0bda9a079340aef4fd65b # timeout=10
Commit message: "update sleep time back"
 > git rev-list --no-walk ca49a7d2f48e4a31b3d0bda9a079340aef4fd65b # timeout=10
[data-zhongguofeng] $ /bin/sh -xe /var/folders/zz/zyxvpxvq6csfxvn_n0000000000000/T/jenkins9145282870593090589.sh
+ python3 runner_qq.py --method search --query $'\344\270\255\345\233\275\351\243\216' --output-suffix zhongguofeng --dump-raw 1 --dump-seg 0
INFO:[DataPipeline]:Start crawling for query: ä¸­å›½é£
INFO:[DataPipeline]:Processing playlist page: 0, found 49 playlists
INFO:[DataPipeline]:Processing playlist page: 1, found 49 playlists
INFO:[DataPipeline]:Processing playlist page: 2, found 50 playlists
INFO:[DataPipeline]:Processing playlist page: 3, found 48 playlists
INFO:[DataPipeline]:Processing playlist page: 4, found 48 playlists
INFO:[DataPipeline]:Processing playlist page: 5, found 48 playlists
INFO:[DataPipeline]:Processing playlist page: 6, found 46 playlists
INFO:[DataPipeline]:Processing playlist page: 7, found 45 playlists
INFO:[DataPipeline]:Processing playlist page: 8, found 50 playlists
INFO:[DataPipeline]:Processing playlist page: 9, found 48 playlists
INFO:[DataPipeline]:Processing playlist page: 10, found 48 playlists
INFO:[DataPipeline]:Processing playlist page: 11, found 48 playlists
INFO:[DataPipeline]:Processing playlist page: 12, found 44 playlists
INFO:[DataPipeline]:Processing playlist page: 13, found 43 playlists
INFO:[DataPipeline]:Processing playlist page: 14, found 44 playlists
INFO:[DataPipeline]:Processing playlist page: 15, found 49 playlists
INFO:[DataPipeline]:Processing playlist page: 16, found 40 playlists
INFO:[DataPipeline]:Processing playlist page: 17, found 48 playlists
INFO:[DataPipeline]:Processing playlist page: 18, found 47 playlists
INFO:[DataPipeline]:Processing playlist page: 19, found 45 playlists
INFO:[DataPipeline]:Processing playlist page: 20, found 42 playlists
INFO:[DataPipeline]:Processing playlist page: 21, found 46 playlists
INFO:[DataPipeline]:Processing playlist page: 22, found 41 playlists
INFO:[DataPipeline]:Processing playlist page: 23, found 43 playlists
INFO:[DataPipeline]:Processing playlist page: 24, found 21 playlists
INFO:[DataPipeline]:Processing playlist page: 25, found 21 playlists
INFO:[DataPipeline]:Processing playlist page: 26, found 20 playlists
INFO:[DataPipeline]:Processing playlist page: 27, found 5 playlists
INFO:[DataPipeline]:Processing playlist page: 28, found 21 playlists
INFO:[DataPipeline]:Processing playlist page: 29, found 29 playlists
INFO:[DataPipeline]:Processing playlist page: 30, found 20 playlists
INFO:[DataPipeline]:Processing playlist page: 31, found 21 playlists
INFO:[DataPipeline]:Processing playlist page: 32, found 20 playlists
INFO:[DataPipeline]:Processing playlist page: 33, found 21 playlists
INFO:[DataPipeline]:Processing playlist page: 34, found 21 playlists
INFO:[DataPipeline]:Processing playlist page: 35, found 20 playlists
INFO:[DataPipeline]:Processing playlist page: 36, found 20 playlists
INFO:[DataPipeline]:Processing playlist page: 37, found 16 playlists
INFO:[DataPipeline]:Processing playlist page: 38, found 20 playlists
INFO:[DataPipeline]:Processing playlist page: 39, found 21 playlists
INFO:[DataPipeline]:Processing playlist page: 40, found 21 playlists
INFO:[DataPipeline]:Processing playlist page: 41, found 21 playlists
INFO:[DataPipeline]:Processing playlist page: 42, found 18 playlists
INFO:[DataPipeline]:Processing playlist page: 43, found 17 playlists
INFO:[DataPipeline]:Processing playlist page: 44, found 18 playlists
INFO:[DataPipeline]:Processing playlist page: 45, found 30 playlists
INFO:[DataPipeline]:Processing playlist page: 46, found 21 playlists
INFO:[DataPipeline]:Processing playlist page: 47, found 21 playlists
INFO:[DataPipeline]:Processing playlist page: 48, found 18 playlists
INFO:[DataPipeline]:Processing playlist page: 49, found 21 playlists
INFO:[DataPipeline]:Processing playlist page: 50, found 0 playlists
INFO:[DataPipeline]:Total playlists found about topic: ä¸­å›½é£: 1632
INFO:[DataPipeline]:PlayList: [7440131804] 100é¦–å½±è§†æ­Œæ›²ï¼Œé¢†æ‚Ÿä¸­å›½é£éŸµå‘³ (0/1632) has 100 songs.
INFO:[DataPipeline]:PlayList: [4247108355] å½±è§†å‰§é‡Œçš„ä¸­å›½é£å¯¹å”± (1/1632) has 69 songs.
INFO:[DataPipeline]:PlayList: [4247123729] å½±è§†å‰§é‡Œçš„ä¸­å›½é£ç”·å£° (2/1632) has 88 songs.
INFO:[DataPipeline]:PlayList: [7328419661] ã€Œä¸­å›½é£çº¯éŸ³ã€å€šæ å¬é£ï¼Œå¦‚æ¢¦å¦‚é†‰ (3/1632) has 20 songs.
INFO:[DataPipeline]:PlayList: [7199774015] ä¸­å›½é£&#32;&#124;&#32;ä»™ä¾ ç”µè§†å‰§æ­Œæ›²ç›˜ç‚¹ (4/1632) has 28 songs.
INFO:[DataPipeline]:PlayList: [7096063351] å½±è§†å‰§ä¸­çš„ä¸­å›½é£å¥³å£° (5/1632) has 96 songs.
INFO:[DataPipeline]:PlayList: [6966299000] å½±è§†æ­Œæ›²ä¸­çš„ä¸­å›½é£ (6/1632) has 24 songs.
INFO:[DataPipeline]:PlayList: [7081812527] ä¸­å›½é£&#32;&#124;&#32;ç»å…¸å½±è§†å¤§å…¨ (7/1632) has 64 songs.
INFO:[DataPipeline]:PlayList: [7014439524] ä¸­å›½é£&#32;Â·&#32;ä½•æ—¥å›å†æ¥ (8/1632) has 35 songs.
INFO:[DataPipeline]:PlayList: [7166060330] ä¸­å›½é£ä»£è¡¨ä½œï¼šä¸€äººä¸€é¦–ç»å…¸æ›² (9/1632) has 148 songs.
INFO:[DataPipeline]:Sleep for: 54
INFO:[DataPipeline]:PlayList: [6967276561] æŠšç´ç…®èŒ¶ï¼Œå“ä¸€æ›²é›…è‡´ä¸­å›½é£&#32; (10/1632) has 27 songs.
INFO:[DataPipeline]:PlayList: [6990664122] æŠ–éŸ³çƒ­æ’­ä¸­å›½é£éŸ³ä¹åˆé›† (11/1632) has 24 songs.
INFO:[DataPipeline]:PlayList: [7233780688] ã€ä¸­å›½é£ã€‘å®…å®¶è¿½å¤è£…å‰§å¿…å¤‡ (12/1632) has 26 songs.
INFO:[DataPipeline]:PlayList: [6968595893] ç‹¬ä¸Šå…°èˆŸï¼Œå¯»ä¸€æ›²æ‚ æ‚ ä¸­å›½é£ (13/1632) has 26 songs.
INFO:[DataPipeline]:PlayList: [3512676916] ä¸­å›½é£&#32;&#32;&#32;ç™¾è½¬åƒå›æ¢¦ä¸æ–­ (14/1632) has 15 songs.
INFO:[DataPipeline]:PlayList: [7000774262] ä¸­å›½é£ç¿»å”±&#32;&#58;&#32;æ¸©æ¶¦å…¬å­éŸ³ (15/1632) has 20 songs.
INFO:[DataPipeline]:PlayList: [7371247029] ç‡ƒå‘ä¸­å›½é£&#32;Â·&#32;å¤©ä¸‹é£äº‘å‡ºæˆ‘è¾ˆ (16/1632) has 20 songs.
INFO:[DataPipeline]:PlayList: [7438237151] ä¸­å›½é£çº¯éŸ³&#32;Â·&#32;è‰¯è¾°å¥½æ™¯è™šè®¾ (17/1632) has 27 songs.
INFO:[DataPipeline]:PlayList: [7047529839] ä¾ å®¢ä¸­å›½é£&#32;Â·&#32;åŸåˆ°æ©ä»‡å¿ƒäº‹æ¶Œ (18/1632) has 35 songs.
INFO:[DataPipeline]:PlayList: [7060359081] è¶…çº§è™å¿ƒçš„ä¸­å›½é£å–Šéº¦åˆé›† (19/1632) has 34 songs.
INFO:[DataPipeline]:Sleep for: 153
INFO:[DataPipeline]:PlayList: [7304079503] ä¸­å›½é£çº¯éŸ³&#32;Â·&#32;ä»™ä¾ ä¸–ç•Œé‡Œçš„æ±Ÿæ¹– (20/1632) has 26 songs.
INFO:[DataPipeline]:PlayList: [7001045133] ä¸­å›½é£çº¯éŸ³ä¸¨å‘Šåˆ«å‚é’“æ—¶çš„ç„¦è™‘ç—‡ (21/1632) has 34 songs.
INFO:[DataPipeline]:PlayList: [6946825664] ä¸­å›½é£&#32;Â·&#32;è½èŠ±ç‰‡ç‰‡éšæ°´æµ (22/1632) has 22 songs.
INFO:[DataPipeline]:PlayList: [7010964453] ã€ä¸­å›½é£ã€‘å¦™æ‰‹é’ä¸èŠ±å‰ç»£ (23/1632) has 21 songs.
INFO:[DataPipeline]:PlayList: [7266932006] ä¸­å›½é£çº¯éŸ³ï¼š&#32;ä¸€æ›²ç¬™æ­Œæ‹ç‰ç®« (24/1632) has 30 songs.
INFO:[DataPipeline]:PlayList: [7391629553] è®ºä¸­å›½é£ï¼Œæˆ‘åªæœæ–¹æ–‡å±± (25/1632) has 40 songs.
INFO:[DataPipeline]:PlayList: [7071773405] æœ€ç¾ä¸è¿‡ä¸­å›½é£ï¼Œæœ€å¥½ä¸è¿‡çœ¼å‰äºº (26/1632) has 31 songs.
INFO:[DataPipeline]:PlayList: [7471893906] è¯„è®º999&#43;ä¸­å›½é£è¯´å”±ï¼ˆæŒæ›´ï¼‰ (27/1632) has 47 songs.
INFO:[DataPipeline]:PlayList: [7485461691] ä¸­å›½é£&#32;&#124;&#32;èŒèŒå“’å¤©å›¢æ­Œæ›²åˆé›† (28/1632) has 232 songs.
INFO:[DataPipeline]:PlayList: [7024085381] ä¸­å›½é£&#32;&#124;&#32;æ¾çƒŸå…¥å¢¨ï¼Œç¬”ç”»æ±Ÿå— (29/1632) has 20 songs.
INFO:[DataPipeline]:Sleep for: 74
INFO:[DataPipeline]:PlayList: [7057140649] ä¸­å›½é£&#32;Â·&#32;æœˆä¸‹å¯„ç›¸æ€ (30/1632) has 25 songs.
INFO:[DataPipeline]:PlayList: [7328432127] ä¸­å›½é£&#32;&#124;&#32;å›è¡åœ¨æ—é—´çš„çµåŠ¨ä¹‹éŸ³ (31/1632) has 25 songs.
INFO:[DataPipeline]:PlayList: [7127990282] æ„Ÿæ—¶æ€€å¤æƒ…&#32;Â·&#32;å°è¯´æ”¹ç¼–å½±è§†ä¸­å›½é£ (32/1632) has 24 songs.
INFO:[DataPipeline]:PlayList: [7192223383] æˆè…”ä¸­å›½é£ï¼šä¸‰åˆ†å”±å¿µä¸ƒåˆ†ä½œ (33/1632) has 39 songs.
INFO:[DataPipeline]:PlayList: [7326282815] å¿ƒé†‰å‰å¥ï¼Œä¸€ç§’æ²‰æ²¦çš„ä¸­å›½é£ (34/1632) has 27 songs.
INFO:[DataPipeline]:PlayList: [7014279840] ä¸­å›½é£&#32;Â·&#32;æƒŸæœ‰é¥®è€…ç•™å…¶å (35/1632) has 25 songs.
INFO:[DataPipeline]:PlayList: [7049782870] ä¼¼æ°´æŸ”æƒ…&#32;Â·&#32;å¥³å£°ç¿»å”±ä¸­å›½é£ (36/1632) has 24 songs.
INFO:[DataPipeline]:PlayList: [7100884559] ä¸­å›½é£&#32;&#58;&#32;ä¸€æ›²æˆè…”ï¼Œå”±å°½ç¹å (37/1632) has 23 songs.
INFO:[DataPipeline]:PlayList: [7011437094] ä¸­å›½é£&#32;&#32;&#124;&#32;&#32;é¦™æ¸¯TVBç»å…¸æ­¦ä¾ å‰§çº¯ä¹ (38/1632) has 31 songs.
INFO:[DataPipeline]:PlayList: [7108016227] 2019å¹´ä¸­å›½é£æ–°æ­Œç²¾é€‰é›† (39/1632) has 288 songs.
INFO:[DataPipeline]:Sleep for: 169
INFO:[DataPipeline]:PlayList: [7021918213] ä¸­å›½é£æ°‘è°£&#32;&#124;&#32;å¼¹æŒ‡é—´ï¼Œåƒå¹´é€ (40/1632) has 28 songs.
INFO:[DataPipeline]:PlayList: [7249316000] ä¼¼æ°´æµå¹´&#32;Â·&#32;è¯„è®º999&#43;ä¸­å›½é£çƒ­æ­Œ (41/1632) has 27 songs.
INFO:[DataPipeline]:PlayList: [7255707078] å¤è£…ç”µè§†å‰§é‡Œçš„ä¸­å›½é£çº¯éŸ³ (42/1632) has 26 songs.
INFO:[DataPipeline]:PlayList: [7285195605] ä¸­å›½é£çº¯éŸ³&#32;Â·&#32;è¿åŠ¨åŠ©ç‡ƒå¿…å¤‡ (43/1632) has 22 songs.
INFO:[DataPipeline]:PlayList: [7041353925] ä¸­å›½é£ç¿»å”±&#32;Â·&#32;å¾’æ­¤æ¬æ¸…èŠ¬ (44/1632) has 20 songs.
INFO:[DataPipeline]:PlayList: [7115250973] ä¸‰å­—ä¸­å›½é£ä¸¨ç»ˆç‰µç»Šï¼Œæ†”æ€èŠ±å®¹é¢œ (45/1632) has 106 songs.
INFO:[DataPipeline]:PlayList: [7011570567] éŸµå‘³ä¸­å›½é£&#32;&#124;&#32;ä¸€æ›²é•¿æ­Œä¸€ä¸–æƒ… (46/1632) has 20 songs.
INFO:[DataPipeline]:PlayList: [6997076434] ä¸­å›½é£éŸµå¾‹&#32;&#124;&#32;ç²¤è¯­å°è®° (47/1632) has 47 songs.
INFO:[DataPipeline]:PlayList: [7060353277] éšè—åœ¨æµè¡Œæ›²ä¸­çš„ä¸­å›½é£æ—‹å¾‹ (48/1632) has 49 songs.
INFO:[DataPipeline]:PlayList: [7324484273] ä¸­å›½é£å¥³å£°&#32;Â·&#32;ä¸€æ›²è½»æ­Œé†‰äººå¿ƒ (49/1632) has 35 songs.
INFO:[DataPipeline]:Sleep for: 168
INFO:[DataPipeline]:PlayList: [7346984845] ä¸­å›½é£éŸµå¾‹ï¼šé™å“çµåŠ¨ä¹‹éŸ³ (50/1632) has 21 songs.
INFO:[DataPipeline]:PlayList: [6997748672] ä¸­å›½é£å¯¹å”±&#58;&#32;æœ‰ä½ ç›¸ä¼´ï¼Œé—ä¸–æ— æ†¾ (51/1632) has 20 songs.
INFO:[DataPipeline]:PlayList: [7107947155] æ›²éŸµæ‚ é•¿&#32;Â·&#32;å½±è§†å‰§ä¹‹ä¸­å›½é£ (52/1632) has 27 songs.
INFO:[DataPipeline]:PlayList: [7375102340] 2020å¹´ä¸­å›½é£æ–°æ­Œé€Ÿé€’ (53/1632) has 49 songs.
INFO:[DataPipeline]:PlayList: [7084457729] å”¯ç¾ä¸­å›½é£&#32;Â·&#32;èµ ä¹‹ä»¥èŠè¯ (54/1632) has 23 songs.
INFO:[DataPipeline]:PlayList: [7096063906] ã€ç”µå½±ç¯‡ã€‘20é¦–ä¸­å›½é£æ­Œæ›²ç²¾é€‰ (55/1632) has 20 songs.
INFO:[DataPipeline]:PlayList: [7049191147] ä¸­å›½é£ç”·å£°&#32;&#124;&#32;è¨€å¿µå›å­ï¼Œæ¸©å…¶å¦‚ç‰ (56/1632) has 28 songs.
INFO:[DataPipeline]:PlayList: [6937834398] ä¼¤æ„Ÿä¸­å›½é£&#32;Â·&#32;ä¸æ›¾å¿µæ›²ä¸­äºº (57/1632) has 21 songs.
INFO:[DataPipeline]:PlayList: [7445418603] æŠ’æƒ…ä¸­å›½é£&#32;Â·&#32;æ•…äººæƒ…éš¾ç›¸å¿˜ (58/1632) has 26 songs.
INFO:[DataPipeline]:PlayList: [7073314723] ä¸­å›½é£è¯´å”±&#32;Â·&#32;èƒ¸ä¸­æ­£æ°”å¡å¤©åœ° (59/1632) has 34 songs.
INFO:[DataPipeline]:Sleep for: 160
INFO:[DataPipeline]:PlayList: [7440022607] ä¸­å›½é£ä¸€æ›²&#32;Â·&#32;ä¸çŸ¥ä»Šå¤œå‡ äººæ„ (60/1632) has 26 songs.
INFO:[DataPipeline]:PlayList: [1357685226] æŸ”æƒ…ä¸­å›½é£&#32;Â·&#32;æ„¿ä»¥ç™¾å¹´æŒ½æœå¤• (61/1632) has 33 songs.
INFO:[DataPipeline]:PlayList: [7296644750] ä¸­å›½é£æ‘‡æ»š&#32;Â·&#32;æ²§æµ·ä¸€å£°ç¬‘ (62/1632) has 30 songs.
INFO:[DataPipeline]:PlayList: [7276694795] æœ€ç¾ä¸­å›½é£ï¼Œå¬æ›²é†‰äººå¿ƒ (63/1632) has 39 songs.
INFO:[DataPipeline]:PlayList: [6966249707] ç‡ƒç³»ä¸­å›½é£ï¼šåŠ¨ä¹±æ—¶åˆ†ï¼Œæˆ˜æ­Œèµ·ï¼ (64/1632) has 20 songs.
INFO:[DataPipeline]:PlayList: [7049231700] ä¸­å›½é£å¯¹å”±&#32;&#124;&#32;å±±æœ‰æœ¨å…®å¿æœ‰æ„ (65/1632) has 20 songs.
INFO:[DataPipeline]:PlayList: [7346984894] å”¯ç¾ä¸­å›½é£ï¼šé’å±±æµæ°´é—´çš„çµéŸ³ (66/1632) has 18 songs.
INFO:[DataPipeline]:PlayList: [7098027932] ä¸­å›½é£å½±è§†å‰§ã€ç”·å£°ç¯‡ã€‘ (67/1632) has 25 songs.
INFO:[DataPipeline]:PlayList: [7107763754] è¯—è¯ä¸­å›½é£&#32;Â·&#32;æ­¤æ›²åªåº”å¤©ä¸Šæœ‰ (68/1632) has 41 songs.
INFO:[DataPipeline]:PlayList: [7256698205] é’æ˜¥è®°å¿†&#32;Â·&#32;å›½è¯­ä¹å›çš„ä¸­å›½é£ (69/1632) has 40 songs.
INFO:[DataPipeline]:Sleep for: 117
INFO:[DataPipeline]:PlayList: [7010281670] ä¸­å›½é£&#32;Â·&#32;æ„¿æˆ‘å¦‚æ˜Ÿå›å¦‚æœˆ (70/1632) has 23 songs.
INFO:[DataPipeline]:PlayList: [7474168746] ä¸­å›½é£&#32;&#124;&#32;ä¸‰æœˆä¸€è·¯èºé£è‰é•¿ (71/1632) has 22 songs.
INFO:[DataPipeline]:PlayList: [7084456748] ä¼¤æ„Ÿä¸­å›½é£&#32;Â·&#32;æ™“é•œä½†æ„äº‘é¬“æ”¹ (72/1632) has 32 songs.
INFO:[DataPipeline]:PlayList: [7285182262] å‚¬çœ å¿…å¤‡&#32;Â·&#32;å¤è£…é‡Œçš„ä¸­å›½é£çº¯éŸ³ (73/1632) has 25 songs.
INFO:[DataPipeline]:PlayList: [7293757790] æˆè…”ä¸­å›½é£&#32;Â·&#32;ç»•æ¢ä¸‰æ—¥ä¸æ›¾ç»&#32; (74/1632) has 30 songs.
INFO:[DataPipeline]:PlayList: [7094726046] 2019å¹´7æœˆä¸­å›½é£æ–°æ­Œç²¾é€‰ (75/1632) has 46 songs.
INFO:[DataPipeline]:PlayList: [7356735009] ä¸­å›½é£çº¯éŸ³&#32;Â·&#32;ä½•å¤„ç¹åç¬™æ­Œè½ (76/1632) has 18 songs.
INFO:[DataPipeline]:PlayList: [3851787501] ä¸­å›½é£&#32;Â·&#32;å¿«æ„æ©ä»‡æ±Ÿæ¹–äº‹ (77/1632) has 30 songs.
INFO:[DataPipeline]:PlayList: [7107673879] ä¸­å›½é£&#32;&#124;&#32;å¤©åœ°åˆï¼Œä¹ƒæ•¢ä¸å›ç» (78/1632) has 49 songs.
INFO:[DataPipeline]:PlayList: [7141481321] ã€Œå›½è¯­ACGã€å½“ä¸­å›½é£é‡ä¸Šäº†å›½æ¼« (79/1632) has 30 songs.
INFO:[DataPipeline]:Sleep for: 116
INFO:[DataPipeline]:PlayList: [7096700090] ä¸­å›½é£&#32;&#58;&#32;æ—¶å…‰å†èè‹’ï¼Œä¹Ÿå‡æˆç¥ç€ (80/1632) has 19 songs.
INFO:[DataPipeline]:PlayList: [7328403102] ä¸­å›½é£&#32;Â·&#32;ä¸æ€é‡ï¼Œè‡ªéš¾å¿˜ (81/1632) has 18 songs.
INFO:[DataPipeline]:PlayList: [7224220262] å¤è£…ç©¿è¶Š&#32;Â·&#32;å±å’¤é£äº‘çš„ä¸­å›½é£ (82/1632) has 22 songs.
INFO:[DataPipeline]:PlayList: [7139892175] ä¸­å›½é£&#32;&#58;&#32;å²æœˆæ¸…æµ…ï¼Œè®¸æµ…ç¬‘å®‰ç„¶ (83/1632) has 20 songs.
INFO:[DataPipeline]:PlayList: [7122223446] äºŒå­—ä¸­å›½é£ä¸¨æµ®åä¸€ä¸–è½¬ç¬ç©º (84/1632) has 115 songs.
INFO:[DataPipeline]:PlayList: [7318947219] ä¸­å›½é£ä¸¨æ¢¦ç ´æœå¤•ï¼Œå‹¾ä¹±äº†æ€ç»ª (85/1632) has 20 songs.
INFO:[DataPipeline]:PlayList: [7228259361] ä¸­å›½é£ç”µå­&#32;Â·&#32;ç»è‰²çº¯éŸ³å¹»å¢ƒ (86/1632) has 25 songs.
INFO:[DataPipeline]:PlayList: [7331482573] ä¸­å›½é£å¯¹å”±&#32;Â·&#32;é‡‘é£ç‰éœ²ä¸€ç›¸é€¢ (87/1632) has 20 songs.
INFO:[DataPipeline]:PlayList: [6999656534] ä¸‰ä¸ªå­—ï¼Œå°±èƒ½è¯ é‡Šä¸­å›½é£ (88/1632) has 24 songs.
INFO:[DataPipeline]:PlayList: [2061196244] ã€ä¸­å›½é£ã€‘æ„¿å¾—ä¸€äººå¿ƒ&#32;ç™½é¦–ä¸ç›¸ç¦» (89/1632) has 74 songs.
INFO:[DataPipeline]:Sleep for: 60
INFO:[DataPipeline]:PlayList: [7174019275] ä¸­å›½é£&#32;&#124;&#32;å‡æœŸåœ¨å®¶ç…²è¿‡çš„å‰§ (90/1632) has 70 songs.
INFO:[DataPipeline]:PlayList: [7022389412] ä¸­å›½é£ä¸¨å³°å³¦å å¶‚ï¼Œç¢§æ°´å¦‚é•œ (91/1632) has 22 songs.
INFO:[DataPipeline]:PlayList: [7120635814] ä¸­å›½é£å¥³å£°&#32;Â·&#32;å€¾æ…•éŸ¶åçº¢é¢œ (92/1632) has 24 songs.
INFO:[DataPipeline]:PlayList: [7101339762] ä¸­å›½é£ï½œå¯„å›ä¸€æ›²ï¼Œä¸é—®æ›²ç»ˆäººèšæ•£ (93/1632) has 30 songs.
INFO:[DataPipeline]:PlayList: [7001487697] ä¸­å›½é£å¥³å£°&#32;&#58;&#32;å¿ä¼¼é£èŠ±æ¢¦è‚ æ–­ (94/1632) has 21 songs.
INFO:[DataPipeline]:PlayList: [7111604298] ä¸­å›½é£ï¼šå®‰å¾—æœ‰è‹±é›„ï¼Œè¿å½’å¤§å†…ä¸­ (95/1632) has 26 songs.
INFO:[DataPipeline]:PlayList: [7049191469] ä¸­å›½é£å¥³å£°&#32;&#124;&#32;äº‘æƒ³è¡£è£³èŠ±æƒ³å®¹ (96/1632) has 27 songs.
INFO:[DataPipeline]:PlayList: [4230002795] ä¸­å›½é£ï½œé•¿å‘ç»¾å›å¿ƒï¼Œé’ä¸ç»•æŒ‡æŸ” (97/1632) has 30 songs.
INFO:[DataPipeline]:PlayList: [7343373841] å¥‡è°ˆå¼‚é—»&#32;Â·&#32;ä¸­å›½é£é‡Œçš„å¿—æ€ªä¼ è¯´ (98/1632) has 22 songs.
INFO:[DataPipeline]:PlayList: [7041409826] å”¯ç¾ä¸­å›½é£&#32;Â·&#32;å‡æœŸæ—…è¡Œæ‰‹å†Œ (99/1632) has 20 songs.
INFO:[DataPipeline]:Sleep for: 94
INFO:[DataPipeline]:PlayList: [7125951351] åŠ¨æ¼«ä¸­å›½é£ä¸¨æ„¿ä¸ä½ å…±åº¦å¤©æ¶¯ (100/1632) has 22 songs.
INFO:[DataPipeline]:PlayList: [7256559371] &#32;ä¸€é¡¾å€¾åŸÂ·&#32;å¤è£…ç”µå½±é‡Œçš„ä¸­å›½é£ (101/1632) has 33 songs.
INFO:[DataPipeline]:PlayList: [7256698476] åŒäº‹çˆ±åˆ·çš„çŸ­è§†é¢‘ç«çˆ†ä¸­å›½é£BGM (102/1632) has 15 songs.
INFO:[DataPipeline]:PlayList: [3713765188] å®¶äººäº²æˆšéƒ½å–œæ¬¢çš„ä¸­å›½é£ (103/1632) has 32 songs.
INFO:[DataPipeline]:PlayList: [7148241899] ç„å¹»ä¸­å›½é£ä¸¨å¤©æ¶¯ä¸€æ›²å…±æ‚ æ‰¬ (104/1632) has 21 songs.
INFO:[DataPipeline]:PlayList: [7108937511] ç†¬å¤œä¿®ä»™ï¼Œå½“ç„¶è¦å¬ä¸­å›½é£å•¦ (105/1632) has 39 songs.
INFO:[DataPipeline]:PlayList: [7120222130] å”¯ç¾ä¸­å›½é£&#32;&#124;&#32;å¬ä¸€æ›²æ²‰é†‰ä¸çŸ¥å½’è·¯ (106/1632) has 29 songs.
INFO:[DataPipeline]:PlayList: [3822117104] ã€ä¸­å›½é£ã€å¤è£…å‰§ä¸­çš„æ·±æƒ…ç”·å£° (107/1632) has 30 songs.
INFO:[DataPipeline]:PlayList: [7350162868] ã€Œä¸­å›½é£çº¯éŸ³ã€è®¸ä½ ä¸€åœºä¸é†’çš„æ¢¦ (108/1632) has 18 songs.
INFO:[DataPipeline]:PlayList: [7107391442] æµè¡Œä¸­å›½é£&#32;&#124;&#32;ä¸€æ›²çš†æ¸©æƒ… (109/1632) has 27 songs.
INFO:[DataPipeline]:Sleep for: 157
INFO:[DataPipeline]:PlayList: [7317863632] ä¸­å›½é£ï¼šç¼˜èšç¼˜æ•£ï¼ŒèƒŒè´Ÿä¸‡ä¸ˆå°˜å¯° (110/1632) has 20 songs.
INFO:[DataPipeline]:PlayList: [6999242934] è½»æŸ”ä¸­å›½é£&#32;&#124;&#32;å¹èŠ±é¦™ä¸å†é¦¥éƒ (111/1632) has 23 songs.
INFO:[DataPipeline]:PlayList: [7179875344] ç‡ƒç³»ä¸­å›½é£&#32;&#124;&#32;æŒå‰‘ï¼Œæå®ˆèº«åå›½åœŸ (112/1632) has 22 songs.
INFO:[DataPipeline]:PlayList: [7001027734] ä¸­å›½é£&#32;&#124;&#32;æ— å°½çš„æ€å¿µæ¶Œä¸Šå¿ƒå¤´ (113/1632) has 24 songs.
INFO:[DataPipeline]:PlayList: [7012296405] æŸ”æƒ…ä¸­å›½é£&#32;&#124;&#32;ç›¸æ€èµ‹äºˆè° (114/1632) has 20 songs.
INFO:[DataPipeline]:PlayList: [7446138259] ä¸­å›½é£æ°‘è°£&#32;Â·&#32;ä¸€ç¼•è¯—æƒ…ç”»æ„ (115/1632) has 26 songs.
INFO:[DataPipeline]:PlayList: [6997767932] ä¸­å›½é£ç”·å£°&#32;&#58;&#32;é«˜æ­Œæ¬²å»é†‰é•¿å®‰ (116/1632) has 21 songs.
INFO:[DataPipeline]:PlayList: [7342302185] ä¸­å›½é£æ‘‡æ»š&#32;Â·&#32;çºµæ­»ä¾ éª¨é¦™ (117/1632) has 23 songs.
INFO:[DataPipeline]:PlayList: [7222822024] ç¿©ç¿©å…¬å­&#32;Â·&#32;éœå°Šçš„ä¸­å›½é£ä¸–ç•Œ (118/1632) has 25 songs.
INFO:[DataPipeline]:PlayList: [7095970538] ä¸­å›½é£&#32;Â·&#32;èŠ±é‡é”¦å®˜åŸ (119/1632) has 23 songs.
INFO:[DataPipeline]:Sleep for: 132
INFO:[DataPipeline]:PlayList: [7267701091] ä¸­å›½é£ï¼šä¸€æ›²ç¼˜æ­Œæˆç»Šï¼Œä»»è°å¹ (120/1632) has 70 songs.
INFO:[DataPipeline]:PlayList: [7444111333] é†‰ç¾ä¸­å›½é£&#32;Â·&#32;ç»‡æ¢¦ä¸€åœºæµ®å¹½ (121/1632) has 20 songs.
INFO:[DataPipeline]:PlayList: [6997384944] ä¸­å›½é£&#32;&#124;&#32;ä¸€æ¢¦çº¢å°˜è·¯æ¼«æ¼«&#32;å‡ å¤„èšæ•£ (122/1632) has 24 songs.
INFO:[DataPipeline]:PlayList: [7179907762] æŠ’æƒ…ä¸­å›½é£&#32;&#124;&#32;æ‚‰å¿ƒè®°ä¸‹è¿™ä¸€æ’‡ä¸€æº (123/1632) has 20 songs.
INFO:[DataPipeline]:PlayList: [7164328991] ä¼¤æ„Ÿä¸­å›½é£&#32;Â·&#32;ä½•äº‹åŸä½™å¿½æƒ†æ€… (124/1632) has 20 songs.
INFO:[DataPipeline]:PlayList: [7249037961] ä¸­å›½é£çº¯éŸ³&#32;&#124;&#32;çº¤æŸ”ä¹‹æŒ‡ï¼Œç»ä»£é£å (125/1632) has 35 songs.
INFO:[DataPipeline]:PlayList: [7060359211] å¦ç±»æµè¡Œåˆå¥½å¬çš„ä¸­å›½é£å–Šéº¦ (126/1632) has 46 songs.
INFO:[DataPipeline]:PlayList: [7107860362] ä¸­å›½é£&#32;&#124;&#32;çˆ±æ¨å§»ç¼˜ï¼Œä¸å¦‚éšæ¡ƒæº (127/1632) has 32 songs.
INFO:[DataPipeline]:PlayList: [7222862314] æ€€æ—§ä¸­å›½é£&#32;&#124;&#32;ä¾ä¾ç›®å…‰æ­¤ç”Ÿä¸æ¢ (128/1632) has 49 songs.
INFO:[DataPipeline]:PlayList: [7454639382] ä¹å£°ä¸æ—¶ä»£çš„ç¢°æ’ï¼šæµ“éƒä¸­å›½é£ (129/1632) has 26 songs.
INFO:[DataPipeline]:Sleep for: 35
INFO:[DataPipeline]:PlayList: [7040553337] ä¸­å›½é£&#32;Â·&#32;æ˜¨å¤œä¸å›æ¢¦åŒæ¸¸ (130/1632) has 21 songs.
INFO:[DataPipeline]:PlayList: [7318937816] ä¸­å›½é£æ„Ÿæ€€ï¼šæ— å¯»å¤„ï¼ŒæƒŸæœ‰å°‘å¹´å¿ƒ (131/1632) has 23 songs.
INFO:[DataPipeline]:PlayList: [7109010494] åœ¨å­¤ç‹¬ä¸­å¬ç€ä¸­å›½é£ç–—ä¼¤å§ (132/1632) has 21 songs.
INFO:[DataPipeline]:PlayList: [7120733996] å¤éŸµæµèŠ³&#32;&#124;&#32;ç»å…¸ä¸­å›½é£æ­Œæ›²åˆé›† (133/1632) has 25 songs.
INFO:[DataPipeline]:PlayList: [7349788198] ä¸­å›½é£æ°‘è°£ï½œæ¬²å¾…æ›²ç»ˆå¯»é—®å– (134/1632) has 21 songs.
INFO:[DataPipeline]:PlayList: [7113298096] ç”µå­ä¸­å›½é£&#32;ï¼šç¬™æ­Œä¹ï¼Œå¦‚æ¢¦å¹» (135/1632) has 30 songs.
INFO:[DataPipeline]:PlayList: [7319381114] å¬ä¸­å›½é£çº¯éŸ³ï¼Œé™æ€æµå¹´ (136/1632) has 44 songs.
INFO:[DataPipeline]:PlayList: [7071799408] æ›²æƒŠå››åº§&#32;Â·&#32;è¯´å”±ä¹Ÿèƒ½ä¸­å›½é£ (137/1632) has 24 songs.
INFO:[DataPipeline]:PlayList: [7071501478] ä¸­å›½é£ç”µéŸ³&#32;Â·&#32;è¦†ä¸Šæ–°å¦†æ·»è£å…‰ (138/1632) has 38 songs.
INFO:[DataPipeline]:PlayList: [7319461499] ä¸­å›½é£&#32;&#124;&#32;å¯»æ¥æ¢¦ä¸­ä¸ä½ å†åº¦ç›¸è§ (139/1632) has 20 songs.
INFO:[DataPipeline]:Sleep for: 81
INFO:[DataPipeline]:PlayList: [7222913545] æ¡ƒèŠ±åé‡Œ&#32;Â·&#32;ä¸­å›½é£æ‰å¥³è‘£è´ (140/1632) has 29 songs.
INFO:[DataPipeline]:PlayList: [7060355261] ä¸­å›½é£ä¸¨åˆ«æ ·éŸµå‘³ (141/1632) has 39 songs.
INFO:[DataPipeline]:PlayList: [7319381519] è¡Œèµ°ä¸–ç•Œçš„ä¸­å›½é£åŸå£° (142/1632) has 19 songs.
INFO:[DataPipeline]:PlayList: [7084460645] å†™æ„ä¸­å›½é£&#32;Â·&#32;å‡ºè¯—å…¥ç”»æ„è•´çµ (143/1632) has 23 songs.
INFO:[DataPipeline]:PlayList: [7175378626] ä¸­å›½é£å™å²ï¼šæ­Œä¸å°½ä¹±ä¸–çƒ½ç« (144/1632) has 27 songs.
INFO:[DataPipeline]:PlayList: [7012577966] ä¸­å›½é£R&#38;Bï¼šæˆ‘å¿ƒä¸­çš„æ—¥æœˆå…‰èŠ’ (145/1632) has 25 songs.
INFO:[DataPipeline]:PlayList: [1159589645] çˆ·çˆ·å¥¶å¥¶å¬äº†ä¹Ÿä¼šçˆ±ä¸Šçš„ä¸­å›½é£åˆé›† (146/1632) has 130 songs.
INFO:[DataPipeline]:PlayList: [7155018080] ä¸­å›½é£&#32;&#124;&#32;æ˜¥é£ç»†æ¨æŸ³ï¼Œç›¸æ€æ¸¡ä¸å°½ (147/1632) has 30 songs.
INFO:[DataPipeline]:PlayList: [7249325654] ä¸­å›½é£&#32;Â·&#32;åå¼¦ä¸è¥¿å¢æ•…äº‹ (148/1632) has 21 songs.
INFO:[DataPipeline]:PlayList: [7233805380] ä¸­å›½é£å¥³å£°&#32;Â·&#32;ä½•æ„äººåˆ«ä¼¼èŠ±ç¦» (149/1632) has 26 songs.
INFO:[DataPipeline]:Sleep for: 143
INFO:[DataPipeline]:PlayList: [7105512136] ä¸­å›½é£ç”·å£°&#32;Â·&#32;ç¼˜å®šä¸‰ç”Ÿè½®å›æ¢¦ (150/1632) has 26 songs.
INFO:[DataPipeline]:PlayList: [7112117032] ä¸­å›½é£&#32;&#124;&#32;å¬å¼¦æ–­ï¼Œæ–­é‚£ä¸‰åƒç—´ç¼  (151/1632) has 23 songs.
INFO:[DataPipeline]:PlayList: [7124708513] å›½äººéª„å‚²ï¼ä¸­å›½é£è¯´å”±ç²¾é€‰ (152/1632) has 24 songs.
INFO:[DataPipeline]:PlayList: [7163110900] ä¸­å›½é£ï½œç›¸è§æƒ…å·²æ·±ï¼Œæœªè¯­å¯çŸ¥å¿ƒ (153/1632) has 21 songs.
INFO:[DataPipeline]:PlayList: [7114478301] ä¸­å›½é£&#32;&#124;&#32;ç›¸æ€ä¼¼æµ·æ·±ï¼Œæ—§äº‹å¦‚å¤©è¿œ (154/1632) has 22 songs.
INFO:[DataPipeline]:PlayList: [7112220268] ä¸­å›½é£&#32;&#124;&#32;æ˜¥ç§‹ç¬é€ï¼Œä¿¡çº¸å·²æ³›é»„ (155/1632) has 23 songs.
INFO:[DataPipeline]:PlayList: [7237681729] 10æœˆä¸­å›½é£æ–°æ­Œï¼šå¯æ€œå†¬æ™¯ä¼¼æ˜¥å (156/1632) has 33 songs.
INFO:[DataPipeline]:PlayList: [7222651249] é€é¥ä¸€æ¸¸&#32;Â·&#32;ä¸­å›½é£å®—å¸ˆå‘¨æ°ä¼¦ (157/1632) has 21 songs.
INFO:[DataPipeline]:PlayList: [7037941811] ä¸­å›½é£å’Œè½»ç”µéŸ³çš„å®Œç¾èåˆ (158/1632) has 43 songs.
INFO:[DataPipeline]:PlayList: [7305029542] ä¸­å›½é£ï¼šç–é’Ÿå‚¬æ™“ï¼Œå‡ åº¦å¯„ç›¸æ€ (159/1632) has 20 songs.
INFO:[DataPipeline]:Sleep for: 122
INFO:[DataPipeline]:PlayList: [7153684341] æ¾å‡‰äººç‹¬çœ &#32;Â·&#32;ä¼‘æ†©é™å¿ƒä¸­å›½é£ (160/1632) has 18 songs.
INFO:[DataPipeline]:PlayList: [7276517552] ä¸­å›½é£çº¯éŸ³&#32;Â·&#32;å¤è£…é‡Œçš„å“€æ„æ€ç»ª (161/1632) has 28 songs.
INFO:[DataPipeline]:PlayList: [6967803369] è½»å¼¹ä¸­å›½é£ï¼šè®°å‡ å¤šå†å²é£é›¨ (162/1632) has 18 songs.
INFO:[DataPipeline]:PlayList: [7297851780] é£é›ªç‰èŠ±&#32;Â·&#32;ç²¾é€‰ä¸­å›½é£èˆçº¯éŸ³ä¹ (163/1632) has 22 songs.
INFO:[DataPipeline]:PlayList: [7107783814] éŸµå‘³ä¸­å›½é£&#32;Â·&#32;å©‰è½¬æˆè¨€ç»•æŒ‡æŸ” (164/1632) has 30 songs.
INFO:[DataPipeline]:PlayList: [7099835333] ä¸­å›½é£&#32;&#124;&#32;å½“ç°ä»£ä¸ä¸­å›½ä¹å™¨èåˆ (165/1632) has 45 songs.
INFO:[DataPipeline]:PlayList: [7040954395] ä¸­å›½é£&#32;Â·&#32;ç¬‘éš”è·èŠ±å…±äººè¯­ (166/1632) has 19 songs.
INFO:[DataPipeline]:PlayList: [6634045589] å›½é£ç”µå­ï¼šä¸€åœºä¸­å›½é£çš„é‚‚é€… (167/1632) has 30 songs.
INFO:[DataPipeline]:PlayList: [7258058604] ä¸­å›½é£&#32;&#124;&#32;çº¢å°˜å¤šå¯ç¬‘ï¼Œç—´æƒ…æœ€æ— èŠ (168/1632) has 27 songs.
INFO:[DataPipeline]:PlayList: [7189818129] ä¸­å›½é£çº¯éŸ³&#32;Â·&#32;æ‰§æ¯é¦™èŒ—äº†é—»å¼¦æ„ (169/1632) has 27 songs.
INFO:[DataPipeline]:Sleep for: 152
INFO:[DataPipeline]:PlayList: [7004533300] ä¸­å›½é£é‡ä¸Šè¯´å”±&#32;Â·&#32;è·¨æ—¶ç©ºçš„é‚‚é€… (170/1632) has 33 songs.
INFO:[DataPipeline]:PlayList: [7325035722] 12æœˆä¸­å›½é£æ–°æ­Œï¼šå¤§é›ªç…§æ˜ å¦‚å†°å£¶ (171/1632) has 34 songs.
INFO:[DataPipeline]:PlayList: [3687510213] ä¸­å›½é£ï½œå±±æ²³è‰³å›Šï¼Œæ€æŠµä½ çœ‰é—´é•¿æƒ… (172/1632) has 30 songs.
INFO:[DataPipeline]:PlayList: [7112408323] ä¸€æ›²ä¸­å›½é£&#32;&#124;&#32;å”±å°½ä¸–é—´æƒ†æ€…å®¢ (173/1632) has 21 songs.
INFO:[DataPipeline]:PlayList: [7181352558] è™æƒ…ä¸­å›½é£&#32;&#124;&#32;æ±èµ°ï¼Œå¾å¿ƒè·Œå…¥å†°çª– (174/1632) has 21 songs.
INFO:[DataPipeline]:PlayList: [1268651953] ä¸­å›½é£&#32;&#124;&#32;å¥‡æ–‡å…±æ¬£èµï¼Œç–‘ä¹‰ç›¸ä¸æ (175/1632) has 30 songs.
INFO:[DataPipeline]:PlayList: [7107608246] ä¸­å›½é£&#32;&#124;&#32;å°†è¿™æ®µæ¸©æƒ…ï¼Œç‹¬è‡ªå’ (176/1632) has 35 songs.
INFO:[DataPipeline]:PlayList: [7141852823] å°æ†©ä¸­å›½é£&#32;Â·&#32;å¤©è¡—å°é›¨æ¶¦å¦‚é…¥ (177/1632) has 23 songs.
INFO:[DataPipeline]:PlayList: [7125254336] ä¸­å›½é£ä¸¨éŸ¶åä¾æ—§èŠ³åæ•… (178/1632) has 20 songs.
INFO:[DataPipeline]:PlayList: [7107605626] ä¸­å›½é£&#32;&#124;&#32;è¯·å›å…±é¥®æ³¼èŒ¶é¦™ (179/1632) has 27 songs.
INFO:[DataPipeline]:Sleep for: 81
INFO:[DataPipeline]:PlayList: [6997722536] ä¸€æ¢¦æµ®ç”Ÿï¼Œç§‹æœˆç…§çª—æ€ä¹‹ä¸­å›½é£ (180/1632) has 23 songs.
INFO:[DataPipeline]:PlayList: [7090748630] ä¸­å›½é£ç”µéŸ³ä¸¨å£°å£°å…¥è€³ï¼Œä½™éŸµç¯ç»• (181/1632) has 40 songs.
INFO:[DataPipeline]:PlayList: [7186267052] ä¸­å›½é£&#32;&#124;&#32;æ•°å°½åƒå¤é£æµäººç‰© (182/1632) has 28 songs.
INFO:[DataPipeline]:PlayList: [7222862388] éŸµå‘³ä¸­å›½é£&#32;&#124;&#32;å¦‚é£å¹æ‹‚è€³ç•” (183/1632) has 33 songs.
INFO:[DataPipeline]:PlayList: [7258058111] ä¸­å›½é£&#32;&#124;&#32;çˆ±ç€ä½ å…¨éƒ¨ï¼Œç›¸æ€å´ç¦é”¢ (184/1632) has 32 songs.
INFO:[DataPipeline]:PlayList: [7222861921] è†èµ&#32;â”‚&#32;å…±èµ´ä¸­å›½é£ç››å®´ (185/1632) has 33 songs.
INFO:[DataPipeline]:PlayList: [7112116862] å› ä¸€é¦–ä¸­å›½é£ï¼Œè€Œçˆ±ä¸Šä¸€éƒ¨å¤è£…å‰§ (186/1632) has 55 songs.
INFO:[DataPipeline]:PlayList: [7112116540] ä¸­å›½é£&#32;&#124;&#32;ä¸‡ç¼•åƒä¸ï¼Œå¯¹æœˆå¿†å…°èˆŸ (187/1632) has 26 songs.
INFO:[DataPipeline]:PlayList: [7228227408] ä¸­å›½é£ç”µå­&#32;Â·&#32;è·³è·ƒçš„æ°´å¢¨ç”» (188/1632) has 17 songs.
INFO:[DataPipeline]:PlayList: [7307116191] éŸµå‘³ä¸­å›½é£ï¼šé›¨ä¸­é™æ€ï¼Œç­‰ä¸å½’äºº (189/1632) has 18 songs.
INFO:[DataPipeline]:Sleep for: 140
INFO:[DataPipeline]:PlayList: [7276508746] ä¸­å›½é£çº¯éŸ³&#32;Â·&#32;æ„Ÿäººæ‚²å£®å½±è§†åŸå£° (190/1632) has 25 songs.
INFO:[DataPipeline]:PlayList: [7119633905] æµ…åŸä¸­å›½é£&#32;Â·&#32;èŠ±æ·±å¿˜å´æ¥æ—¶è·¯ (191/1632) has 27 songs.
INFO:[DataPipeline]:PlayList: [771437188] å”¯ç¾åŠ¨å¬çš„ä¸­å›½é£å¥³å£° (192/1632) has 30 songs.
INFO:[DataPipeline]:PlayList: [4277790694] é€‚åˆä¹¦å§çš„ä¸­å›½é£çº¯éŸ³ä¹ (193/1632) has 79 songs.
INFO:[DataPipeline]:PlayList: [1132507358] ç¼–è¾‘æ¨èï½œä¸€äººä¸€é¦–éŸµå‘³ä¸­å›½é£ (194/1632) has 50 songs.
INFO:[DataPipeline]:PlayList: [7276511508] ä¸­å›½é£çº¯éŸ³&#32;Â·&#32;é™å¿ƒå­¦ä¹ å¿…å¤‡ (195/1632) has 25 songs.
INFO:[DataPipeline]:PlayList: [7361014237] çº¢æ­Œç»å…¸ä¸­å›½é£&#32;è€é©å‘½æ­Œæ›² (196/1632) has 145 songs.
INFO:[DataPipeline]:PlayList: [1132507358] ç¼–è¾‘æ¨èï½œä¸€äººä¸€é¦–éŸµå‘³ä¸­å›½é£ (197/1632) has 50 songs.
INFO:[DataPipeline]:PlayList: [7276511508] ä¸­å›½é£çº¯éŸ³&#32;Â·&#32;é™å¿ƒå­¦ä¹ å¿…å¤‡ (198/1632) has 25 songs.
INFO:[DataPipeline]:PlayList: [7049788980] åŒåä¸­å›½é£&#32;Â·&#32;åˆ«æ˜¯ä¸€ç•ªé£éŸµ (199/1632) has 22 songs.
INFO:[DataPipeline]:Sleep for: 175
INFO:[DataPipeline]:PlayList: [7107414091] ä¸­å›½é£&#32;&#124;&#32;è¯—æƒ…ç”»æ„é‡Œçš„æ·±æƒ… (200/1632) has 22 songs.
INFO:[DataPipeline]:PlayList: [7114465592] ä¸­å›½é£&#32;&#124;&#32;äººè¨€æ»”æ»”ï¼Œ&#32;æˆ‘è‡ªç¬‘å‚² (201/1632) has 21 songs.
INFO:[DataPipeline]:PlayList: [7179804818] ä¸­å›½é£&#32;&#124;&#32;æ¸…é£å¾å¾è‡ªç”±é­‚ (202/1632) has 22 songs.
INFO:[DataPipeline]:PlayList: [1663224856] ä¸­å›½é£ä¸¨è†å¬ä»Šæ˜”è¯—æƒ…æ›²ï¼Œæ¢¦å›åƒå¤æ¸©æŸ”ä¹¡ï¼ (203/1632) has 84 songs.
INFO:[DataPipeline]:PlayList: [1181670347] bgmæŠ–éŸ³ä¸­å›½é£çº¯éŸ³ä¹å¤ç­è½»éŸ³ä¹é’¢ç´æ›²ç¡çœ  (204/1632) has 427 songs.
INFO:[DataPipeline]:PlayList: [7107674223] ä¸­å›½é£&#32;&#124;&#32;ä»Šä¸–æƒ…ç¼˜ï¼Œä¸è´Ÿç›¸æ€æ„ (205/1632) has 33 songs.
INFO:[DataPipeline]:PlayList: [7107674783] åˆé—´ç…²æœº&#32;&#124;&#32;ä¸€æ›²ä¸­å›½é£ç§é€‰ (206/1632) has 29 songs.
INFO:[DataPipeline]:PlayList: [7268135321] ä¸­å›½é£è¯´å”±ï½œRapé‡Œçš„é£äº‘å½• (207/1632) has 22 songs.
INFO:[DataPipeline]:PlayList: [7276511754] æ¸¸æˆå¿…å¤‡&#32;Â·&#32;å¿ƒé†‰ä¸­å›½é£çº¯éŸµ (208/1632) has 25 songs.
INFO:[DataPipeline]:PlayList: [1121040801] ç”¨å¿ƒè†å¬ï¼ŒéŸµå‘³ä¸­å›½é£ (209/1632) has 30 songs.
INFO:[DataPipeline]:Sleep for: 43
INFO:[DataPipeline]:PlayList: [7290322309] ã€Œä¸­å›½é£çº¯éŸ³ã€æ‚ æ‰¬å¼¦å£°éšå¦™æŒ‡ç»­ (210/1632) has 20 songs.
INFO:[DataPipeline]:PlayList: [7064532215] ç²¤éŸµä¸­å›½é£&#32;Â·&#32;å¤•æ®¿è¤é£æ€æ‚„ç„¶ (211/1632) has 28 songs.
INFO:[DataPipeline]:PlayList: [811110445] ç²¤è¯­å°è®°&#32;&#124;&#32;ä¸­å›½é£çš„éŸµå¾‹ (212/1632) has 50 songs.
INFO:[DataPipeline]:PlayList: [7107607600] ç»ƒå­—æ€ä¹ˆèƒ½å°‘äº†ä¸­å›½é£ï¼ (213/1632) has 44 songs.
INFO:[DataPipeline]:PlayList: [5358567914] äº²æˆšé¢å‰éœ²ä¸€æ‰‹ï¼ä¸­å›½é£Kæ­Œé‡‘æ›² (214/1632) has 48 songs.
INFO:[DataPipeline]:PlayList: [1434686238] ã€å¤é£ã€‘æ‹æ‹ä¸­å›½é£&#32;å¹½å¹½æ•…äººæƒ… (215/1632) has 18 songs.
INFO:[DataPipeline]:PlayList: [1757933544] &#32;90åè®°å¿†ä¸­çš„ä¸­å›½é£ï¼šæµè¡Œæ­Œæ›²ä¸­çš„è¯—æ„ (216/1632) has 79 songs.
INFO:[DataPipeline]:PlayList: [2909820514] å¤é£ä¹‹éŸµ&#32;å”¯ç¾ä¸­å›½é£&#32;æ‚ æ‚ æ¥è¢­ (217/1632) has 23 songs.
INFO:[DataPipeline]:PlayList: [7000999900] ä¸­å›½é£ç¿»å”±&#32;&#58;&#32;ç¿©è·¹ä½³äººæƒ… (218/1632) has 20 songs.
INFO:[DataPipeline]:PlayList: [7307096312] æŸ”æƒ…ä¸­å›½é£ï¼šåªæ„¿ä¸ºä½ æ‹ˆèŠ±ä¸€ç¬‘ (219/1632) has 17 songs.
INFO:[DataPipeline]:Sleep for: 41
INFO:[DataPipeline]:PlayList: [2924951291] ä¸­å›½é£ï¼Œä¸€æ›²ç¦»éªšè®©äººä¼¤ (220/1632) has 22 songs.
INFO:[DataPipeline]:PlayList: [1738768842] ä¸€äººä¸€é¦–ä¸­å›½é£ (221/1632) has 20 songs.
INFO:[DataPipeline]:PlayList: [7337449203] å½±è§†å‰§ç²¾é€‰ï¼šæƒŠè‰³çš„ä¸­å›½é£çº¯éŸ³ (222/1632) has 19 songs.
INFO:[DataPipeline]:PlayList: [3283735297] æ¥ä¸€è½¦ä¸­å›½é£å°è¯´ï¼Œæˆ‘è¿˜å¯ä»¥ç»§ç»­çœ‹ï¼ (223/1632) has 56 songs.
INFO:[DataPipeline]:PlayList: [7269258391] çƒ­è¡€ä¸­å›½é£&#32;Â·&#32;ç‰é—¨å…³ç›–å°†å†›æ­Œ (224/1632) has 24 songs.
INFO:[DataPipeline]:PlayList: [1129502203] è¿™äº›ä¸­å›½é£æ­Œæ›²ä½ è¿˜è®°å¾—å—ï¼Ÿ (225/1632) has 21 songs.
INFO:[DataPipeline]:PlayList: [7280581522] ä¸­å›½é£çº¯ä¹&#32;Â·&#32;æŠšç´é†‰ä½³éŸ³ (226/1632) has 36 songs.
INFO:[DataPipeline]:PlayList: [2371751710] ã€Œä¸­å›½é£ã€&#32;ä¸€è¢­é’è¡£ï¼ŒæŸ“å°±ä¸€æ ‘èŠ³å (227/1632) has 80 songs.
INFO:[DataPipeline]:PlayList: [7304079432] ä¸­å›½é£çº¯éŸ³&#32;Â·&#32;å®«å»·åå®«é‡Œçš„çˆ±æ¨ (228/1632) has 21 songs.
INFO:[DataPipeline]:PlayList: [2860235555] ä¸­å›½é£ï¼šä½™éŸµæ‚ æ‰¬å¯„ä»¥å¿ƒ (229/1632) has 32 songs.
INFO:[DataPipeline]:Sleep for: 31
INFO:[DataPipeline]:PlayList: [7096722158] ä¸­å›½é£çº¯éŸ³&#32;Â·&#32;å§å¬ç©¿æ—æ‰“å¶å£° (230/1632) has 30 songs.
INFO:[DataPipeline]:PlayList: [1783173810] é¥®ä¸€æ›²é†‰ç¾ä¸­å›½é£&#58;&#32;æŸ”æƒ…ä¼¼æ°´ï¼Œä½³æœŸå¦‚æ¢¦ (231/1632) has 44 songs.
INFO:[DataPipeline]:PlayList: [3514109038] ä¸­å›½é£Â·ä¸€æ›²æ‚ æ‰¬æ¼«ç¯±å¢™ (232/1632) has 35 songs.
INFO:[DataPipeline]:PlayList: [2594324022] ä¸­å›½é£ï¼Œä½“ä¼šå¤éŸµå¦–å¨† (233/1632) has 24 songs.
INFO:[DataPipeline]:PlayList: [1767939711] å¤é£pkä¸­å›½é£ï¼Œä½ æœ€çˆ±å“ªä¸€ç§ (234/1632) has 121 songs.
INFO:[DataPipeline]:PlayList: [3263692011] èŠ±å¼€ä¸€åƒå¹´,ç‹¬çœ‹æ²§æµ·åŒ–æ¡‘ç”°ä¹‹ä¸­å›½é£ (235/1632) has 55 songs.
INFO:[DataPipeline]:PlayList: [7276510317] ä¸­å›½é£çº¯éŸ³&#32;Â·&#32;å¤è£…é‡Œçš„èˆåŠ¨èº«å½± (236/1632) has 20 songs.
INFO:[DataPipeline]:PlayList: [2072789141] ä¸­å›½é£ç”µéŸ³ï¼šæ•¢é—®ä¸Šå¤©ï¼Œæ˜¯å¦æœ‰ä»™ï¼Ÿ (237/1632) has 39 songs.
INFO:[DataPipeline]:PlayList: [1162880422] ä¸­å›½é£ï¼šæ—§æ—¥æ—¶å…‰ï¼Œé™å€™ä¸€åœºä¹…åˆ«çš„é‡é€¢ã€‚ (238/1632) has 32 songs.
INFO:[DataPipeline]:PlayList: [2671455047] ã€Œåè¯­ã€è¯—æ„ä¸­å›½é£ (239/1632) has 106 songs.
INFO:[DataPipeline]:Sleep for: 38
INFO:[DataPipeline]:PlayList: [2911745961] å¤é£ä¹‹éŸµ&#32;å”¯ç¾ä¸­å›½é£ï¼ˆåˆå”±ï¼‰ (240/1632) has 18 songs.
INFO:[DataPipeline]:PlayList: [7276516858] ä¸­å›½é£çº¯éŸ³&#32;Â·&#32;å¤è£…é‡Œçš„çˆ±æƒ…æ•…äº‹ (241/1632) has 25 songs.
INFO:[DataPipeline]:PlayList: [1727752973] å¯„å›ä¸€æ›²ï¼Œæ¬§ç¾ä¸­å›½é£ (242/1632) has 19 songs.
INFO:[DataPipeline]:PlayList: [7256656235] å¤è£…ç”µå½±é‡Œçš„ä¸­å›½é£çº¯éŸ³ (243/1632) has 21 songs.
INFO:[DataPipeline]:PlayList: [3234866278] æµ…å°æ‚ æ‰¬çš„ä¸­å›½è¨å…‹æ–¯é£ (244/1632) has 18 songs.
INFO:[DataPipeline]:PlayList: [802926776] æ­ªæœåŸå£°å¤§æ‹¿ç¬”ä¸‹çš„ä¸­å›½é£é…ä¹ (245/1632) has 20 songs.
INFO:[DataPipeline]:PlayList: [1181670493] ã€ä¸­å›½é£æ­Œæ›²ã€å¤é£æ­Œæ›²æŠ–éŸ³æœ€ç« (246/1632) has 615 songs.
INFO:[DataPipeline]:PlayList: [7276509233] å½±è§†ä¸­å›½é£&#32;Â·&#32;å£®é˜”å²è¯—æ„Ÿçº¯éŸ³ä¹ (247/1632) has 26 songs.
INFO:[DataPipeline]:PlayList: [2039451577] éŸ³ä¹é¬¼æ‰è®¸åµ©çš„ä¸­å›½é£ (248/1632) has 20 songs.
INFO:[DataPipeline]:PlayList: [1480495213] è¾¾äººå‘¨æœ«&#32;&#124;&#32;ä¼Šäººå¦‚æ¢¦ï¼Œå¤è£…å‰§ä¸­çš„ä¸­å›½é£ (249/1632) has 47 songs.
INFO:[DataPipeline]:Sleep for: 113
INFO:[DataPipeline]:PlayList: [7114573823] ä¸­å›½é£&#32;&#124;&#32;&#32;å¤é“é’çƒŸï¼Œä»Šå¤•ä½•å¹´ï¼Ÿ (250/1632) has 22 songs.
INFO:[DataPipeline]:PlayList: [3219243115] è®ºä¸­å›½é£ï¼Œæˆ‘åªæœæ–¹æ–‡å±± (251/1632) has 44 songs.
INFO:[DataPipeline]:PlayList: [7222862040] ç»¼è‰º&#32;â”‚&#32;å¸¦ä½ è®¤è¯†ä¸ä¸€æ ·çš„ä¸­å›½é£ (252/1632) has 26 songs.
INFO:[DataPipeline]:PlayList: [7287075766] 11æœˆä¸­å›½é£æ–°æ­Œï¼šçŒçŒå¯’å¨äº‘ä¸å· (253/1632) has 36 songs.
INFO:[DataPipeline]:PlayList: [7268165425] ä¸­å›½é£çº¯ä¹ï½œæµªè¿¹å¤©æ¶¯ï¼Œçœ‹æ±Ÿå±±å¦‚ç”» (254/1632) has 29 songs.
INFO:[DataPipeline]:PlayList: [2067204346] ã€Œä¸­å›½é£ç²¤è¯­ã€æ‰¿è½½ä½ çš„æ­¦ä¾ æ¢¦ (255/1632) has 87 songs.
INFO:[DataPipeline]:PlayList: [1776725921] ä¸­å›½é£ï½œä¸€æ›²ä¸­å›½é£ï¼Œå¬é†‰å¤šå°‘äºº (256/1632) has 34 songs.
INFO:[DataPipeline]:PlayList: [2924951304] ä¸­å›½é£ï¼Œæ–°æ—§æ–‡åŒ–çš„ç¢°æ’ (257/1632) has 20 songs.
INFO:[DataPipeline]:PlayList: [7304079425] ä¸­å›½é£çº¯éŸ³&#32;Â·&#32;æ­¦ä¾ æ±Ÿæ¹–çš„é€é¥ (258/1632) has 21 songs.
INFO:[DataPipeline]:PlayList: [2372395302] ç¼±ç»»ä¸­å›½é£ï¼Œè¯—æ„åå¤é­‚ (259/1632) has 102 songs.
INFO:[DataPipeline]:Sleep for: 33
INFO:[DataPipeline]:PlayList: [7126813120] 2019å¹´8æœˆä¸­å›½é£æ–°æ­Œ (260/1632) has 59 songs.
INFO:[DataPipeline]:PlayList: [7276512254] æ€å¿µä¹‹æ®‡&#32;Â·&#32;å¤è£…é‡Œçš„ä¸­å›½é£çº¯éŸ³ (261/1632) has 24 songs.
INFO:[DataPipeline]:PlayList: [3243785822] è€³æœµæµ‹è¯•ï¼è¿™äº›æ¬§ç¾æ­Œé‡Œå±…ç„¶æœ‰ä¸­å›½é£ï¼Ÿ (262/1632) has 31 songs.
INFO:[DataPipeline]:PlayList: [3267181404] ä¸­å›½é£ç”µå­ï¼Œå©‰çº¦ä¸å¤§æ°”çš„å®Œç¾ç»“åˆ (263/1632) has 181 songs.
INFO:[DataPipeline]:PlayList: [2942072450] æ–¹æ–‡å±±ç¬”ä¸‹çš„å”¯ç¾ä¸­å›½é£ (264/1632) has 30 songs.
INFO:[DataPipeline]:PlayList: [1736812809] å”¯æœ‰ä¸­å›½é£ä¸ç„å¹»æœ€é… (265/1632) has 31 songs.
INFO:[DataPipeline]:PlayList: [841440790] æƒ…è¿·ä¸­å›½é£Â·ç”µè§†å‰§ (266/1632) has 18 songs.
INFO:[DataPipeline]:PlayList: [3497676655] ç•…å¬æœ€ç¾çš„ä¸­å›½é£æ—‹å¾‹ (267/1632) has 46 songs.
INFO:[DataPipeline]:PlayList: [1779062785] å…¬å­ä¸–æ— åŒï¼šå¤è£…ç”·ç¥ä¹Ÿçˆ±å”±ä¸­å›½é£ (268/1632) has 42 songs.
INFO:[DataPipeline]:PlayList: [5638553471] æ‚é›†ä¸­å›½é£æ­Œå•&#40;å‡&#41; (269/1632) has 450 songs.
INFO:[DataPipeline]:Sleep for: 157
INFO:[DataPipeline]:PlayList: [7112408553] é‚£äº›è—åœ¨å°ä¼—éŸ³ä¹é‡Œçš„ä¸­å›½é£ (270/1632) has 21 songs.
INFO:[DataPipeline]:PlayList: [1136459893] æœ€åŠ¨å¬çš„ä¸­å›½é£çº¯éŸ³ä¹ (271/1632) has 18 songs.
INFO:[DataPipeline]:PlayList: [7249542697] ç¦…æ„ä¸­å›½é£&#32;Â·&#32;æ¾ä¸‹ä½›å‰æŒ‘å¤œç¯ (272/1632) has 24 songs.
INFO:[DataPipeline]:PlayList: [7187239172] 9æœˆä¸­å›½é£æ–°æ­Œï¼šä½•äº‹ç§‹é£æ‚²ç”»æ‰‡ (273/1632) has 38 songs.
INFO:[DataPipeline]:PlayList: [1136461566] æ–¹æ–‡å±±ï¼Œéšè—åœ¨é‡‰è‰²é‡Œçš„ä¸­å›½é£ç§˜å¯†ï¼ˆä¸€ï¼‰ (274/1632) has 35 songs.
INFO:[DataPipeline]:PlayList: [2638630804] ä¸­å›½é£ä¸¨å¤©çœŸçƒ‚æ¼«å°‘å¥³éŸ³ (275/1632) has 20 songs.
INFO:[DataPipeline]:PlayList: [1486802840] è¾¾äººå‘¨æœ«&#32;&#124;&#32;å¼¹ä¸€æ›²ï¼Œç‹¬ç‰¹éŸµå‘³çš„ä¸­å›½é£ç”µéŸ³ (276/1632) has 50 songs.
INFO:[DataPipeline]:PlayList: [2371751333] ã€Œå†å²æ—§å·ã€å¬æ—¥æœ¬éŸ³ä¹é‡Œçš„å£®ç¾ä¸­å›½é£ (277/1632) has 31 songs.
INFO:[DataPipeline]:PlayList: [2067212972] å€¾å¬æµè¡Œæ­Œæ‰‹ä»¬çš„ä¸­å›½é£æƒ…æ€€ (278/1632) has 63 songs.
INFO:[DataPipeline]:PlayList: [2919567677] é†‰ç¾ä¸è¿‡ä¸­å›½é£ (279/1632) has 53 songs.
INFO:[DataPipeline]:Sleep for: 156
INFO:[DataPipeline]:PlayList: [1436208579] ã€ä¸­å›½é£ã€‘çŸ¥å¦çŸ¥å¦ï¼Œåº”æ˜¯ç»¿è‚¥çº¢ç˜¦ (280/1632) has 245 songs.
INFO:[DataPipeline]:PlayList: [1724675670] 2016å½±è§†ä¸­å›½é£éŸ³ä¹ï¼ˆä¸Šï¼‰ (281/1632) has 33 songs.
INFO:[DataPipeline]:PlayList: [1129354358] ã€Œä¸­å›½é£â¤å¬é—»ã€æ­¤æƒ…æ— è®¡å¯æ¶ˆé™¤ (282/1632) has 20 songs.
INFO:[DataPipeline]:PlayList: [2371688328] ä¸­å›½ç”µå­Vol&#46;2&#32;&#124;&#32;ä¸­å›½é£ä¹Ÿå¯ä»¥å¾ˆé…·ç‚« (283/1632) has 34 songs.
INFO:[DataPipeline]:PlayList: [1136523779] ä¸­å›½é£Â·å±±å¤–å°æ¥¼å¬é£ (284/1632) has 19 songs.
INFO:[DataPipeline]:PlayList: [2667997676] ä¸­å›½é£&#38;å‘¨æ°ä¼¦ (285/1632) has 113 songs.
INFO:[DataPipeline]:PlayList: [3730268754] ä¸­å›½é£PKå¤é£ï¼šç«¹æ—æ·±å¤„å¾…å›çœ¸ (286/1632) has 80 songs.
INFO:[DataPipeline]:PlayList: [1979019513] ä¸­å›½é£çš„éŸµå‘³ (287/1632) has 18 songs.
INFO:[DataPipeline]:PlayList: [2356734882] å¬æµè¡Œä¸­å›½é£ï¼Œå¹ç¼±ç»»æ·¡é›…æƒ… (288/1632) has 18 songs.
INFO:[DataPipeline]:PlayList: [3422467278] å¿…å¬ç»å…¸ä¸­å›½é£ (289/1632) has 21 songs.
INFO:[DataPipeline]:Sleep for: 73
INFO:[DataPipeline]:PlayList: [2375185827] ä¸­å›½é£ç²¤è¯­ï½œå©‰è½¬æ‚ æ‰¬&#32;åˆ«æœ‰ä¸€ç•ªéŸµå‘³ (290/1632) has 26 songs.
INFO:[DataPipeline]:PlayList: [834187746] æ–°æ­Œå£°ï½œæœ€ç¾ä¸è¿‡ä¸­å›½é£ (291/1632) has 27 songs.
INFO:[DataPipeline]:PlayList: [2926037555] å¦‚æ¢¦å¦‚å¹»ï¼Œå¦‚è¯—å¦‚ç”»ä¸­å›½é£ (292/1632) has 15 songs.
INFO:[DataPipeline]:PlayList: [1129351670] ã€Œä¸­å›½é£â¤å€¾ä¸–ã€äººç”Ÿæœ‰å‘³æ˜¯æ¸…æ¬¢ (293/1632) has 19 songs.
INFO:[DataPipeline]:PlayList: [7259985206] bgmæŠ–éŸ³ä¸­å›½é£çº¯éŸ³ä¹å¤ç­è½»éŸ³ä¹é’¢ç´æ›²ç¡çœ  (294/1632) has 272 songs.
INFO:[DataPipeline]:PlayList: [3214607119] ä¸­å›½é£æ­Œæ›²é‡ŒåŠ¨äººè¯—å¥ (295/1632) has 8 songs.
INFO:[DataPipeline]:PlayList: [1438487520] å¸¦ç»™ä½ æ¸©æš–è‡³å¿ƒçš„ä¸­å›½ç¬›å­é£çº¯éŸ³ä¹ (296/1632) has 18 songs.
INFO:[DataPipeline]:PlayList: [1074287534] ç•…å¬æœ€ç¾çš„ä¸­å›½é£æ—‹å¾‹ (297/1632) has 41 songs.
INFO:[DataPipeline]:PlayList: [1757029169] å¤©ï¼æ”¹ç¼–åçš„ä¸­å›½é£å±…ç„¶å¯ä»¥è¿™ä¹ˆå¥½å¬ï¼ (298/1632) has 34 songs.
INFO:[DataPipeline]:PlayList: [780742657] ä»–ä»¬çš„â€œä¸­å›½é£â€ä¹Ÿæƒ³å’Œæ°ä¼¦å«å«æ¿ï¼ (299/1632) has 31 songs.
INFO:[DataPipeline]:Sleep for: 52
INFO:[DataPipeline]:PlayList: [6970644495] ã€ä¸­å›½é£ç”µéŸ³ã€æŠ–éŸ³å¤é£çº¯éŸ³ä¹ç”µéŸ³ç¥æ›²2019 (300/1632) has 239 songs.
INFO:[DataPipeline]:PlayList: [1363297557] ä¸€éƒ¨å¤å‰§çˆ±ä¸Šä¸­å›½é£ (301/1632) has 35 songs.
INFO:[DataPipeline]:PlayList: [3522180438] ä¸­å›½é£Â·ä»™è¶åŸè¯µéŸµéš½æ°¸ (302/1632) has 20 songs.
INFO:[DataPipeline]:PlayList: [841440409] æƒ…è¿·ä¸­å›½é£Â·äº¬å‰§/æˆè…” (303/1632) has 18 songs.
INFO:[DataPipeline]:PlayList: [3223462282] ä¸­å›½é£ç”µéŸ³&#32;ç»™ä½ ä¸ä¸€æ ·çš„æ„Ÿè§‰ (304/1632) has 20 songs.
INFO:[DataPipeline]:PlayList: [1722115981] å¤é£å¤éŸµï¼Œåƒé‡Œå¯»ä¸­å›½é£ (305/1632) has 26 songs.
INFO:[DataPipeline]:PlayList: [2298335411] æ¸©æš–ä¸­å›½é£å¹èµ°å¯’å†¬ (306/1632) has 18 songs.
INFO:[DataPipeline]:PlayList: [1691992815] åè¯­ï¼Œç‹¬ç‰¹éŸµå‘³çš„ä¸­å›½é£ (307/1632) has 18 songs.
INFO:[DataPipeline]:PlayList: [3520398596] ä¸­å›½é£Â·æŸ“ç«æ«æ—&#32;æœˆä¸‹çºµé©¬é•¿æ­Œ (308/1632) has 28 songs.
INFO:[DataPipeline]:PlayList: [3488129390] æ¸ºæ¸ºä¸­å›½é£ï¼Œç¼±ç»»æ·¡é›…æƒ… (309/1632) has 23 songs.
INFO:[DataPipeline]:Sleep for: 56
INFO:[DataPipeline]:PlayList: [39441892] æµªæ¼«ä¸­å›½é£ä¹‹å›é†‰çº¢é¢œ (310/1632) has 17 songs.
INFO:[DataPipeline]:PlayList: [4186770317] ä¸­å›½é£&#32;â”‚&#32;æ€å¸˜å€šçª—ç©ºæœ›è¿œ (311/1632) has 63 songs.
INFO:[DataPipeline]:PlayList: [1736813770] ã€ä¸­å›½é£ã€‘ä¸€æ›²æƒŠæ¾œä¸ºè°æ­Œ (312/1632) has 21 songs.
INFO:[DataPipeline]:PlayList: [2306489638] è§¦åŠ¨å¿ƒå¼¦çš„è¶…å¥½å¬ä¸­å›½é£ (313/1632) has 34 songs.
INFO:[DataPipeline]:PlayList: [2638631948] ä¸­å›½é£ä¸¨å£°å£°å…¥è€³ï¼Œä¸­å›½éŸµå¾‹&#32;å£¹ (314/1632) has 29 songs.
INFO:[DataPipeline]:PlayList: [1713431254] å½“ä¸­å›½é£é‡ä¸Šè¯´å”±rap&#46; (315/1632) has 20 songs.
INFO:[DataPipeline]:PlayList: [1136523953] ä¸€æ›²ä¸­å›½é£ï¼Œä¸€æŠ¹æ±Ÿå—æƒ… (316/1632) has 21 songs.
INFO:[DataPipeline]:PlayList: [2598343835] ä¸­å›½é£&#58;ä¾ç„¶è¯æ›²è¯—æ„çŠ¹å­˜ (317/1632) has 20 songs.
INFO:[DataPipeline]:PlayList: [1996611187] é†‰ç¾ä¸è¿‡ä¸€æ›²ä¸­å›½é£ (318/1632) has 12 songs.
INFO:[DataPipeline]:PlayList: [3271920194] æ¬§ç¾Â·ä¸­å›½é£â€–ä¸­è¥¿æ–‡åŒ–çš„å®Œç¾äº¤è (319/1632) has 112 songs.
INFO:[DataPipeline]:Sleep for: 55
INFO:[DataPipeline]:PlayList: [3481275295] ä¸€è§å€¾å¿ƒï¼Œå†é‡å¦‚æ•…ä¸­å›½é£ (320/1632) has 27 songs.
INFO:[DataPipeline]:PlayList: [1136524418] ã€Œä¸­å›½é£ã€æœ‰äººçš„åœ°æ–¹å°±æœ‰æ±Ÿæ¹– (321/1632) has 18 songs.
INFO:[DataPipeline]:PlayList: [1071493734] å¹æ‹‚åœ¨è€³ç•”çš„ä¸­å›½é£ (322/1632) has 50 songs.
INFO:[DataPipeline]:PlayList: [802499898] è†å¬æœ€ç¾çš„ä¸­å›½é£ (323/1632) has 26 songs.
INFO:[DataPipeline]:PlayList: [1467768611] çº¯éŸ³ä¹ä¸¨ä¸­å›½é£ä¸è½»ç”µéŸ³çš„å®Œç¾äº¤è (324/1632) has 19 songs.
INFO:[DataPipeline]:PlayList: [1973420580] ä¸­å›½é£Â·æ·¡çƒŸå¹½çœ‰é‡Œçš„æ°´å¢¨ä¸¹é’ (325/1632) has 44 songs.
INFO:[DataPipeline]:PlayList: [759264184] æ··æ­ä¸­å›½é£ã€‚è†å¬ç¾ï¼ˆç¬¬ä¸€å­£ï¼‰ (326/1632) has 47 songs.
INFO:[DataPipeline]:PlayList: [1099712568] ç”¨å¿ƒè†å¬ï¼Œç¥éŸµå”¯ç¾ä¸­å›½é£ (327/1632) has 35 songs.
INFO:[DataPipeline]:PlayList: [841440237] é‚£äº›å¥½å¬çš„ä¸­å›½é£æ¸¸æˆBGM (328/1632) has 46 songs.
INFO:[DataPipeline]:PlayList: [3540670157] é¥±å«å”è¯—å®‹è¯çš„ä¸­å›½é£ (329/1632) has 20 songs.
INFO:[DataPipeline]:Sleep for: 116
INFO:[DataPipeline]:PlayList: [1136462093] å¤éŸµæ‚ ç„¶&#32;&#124;&#32;ä¸€äººä¸€é¦–ä¸­å›½é£ (330/1632) has 24 songs.
INFO:[DataPipeline]:PlayList: [1097368838] å‡ºå½©ä¸­å›½é£ï¼Œå‡ºå½©ä¸­å›½æƒ… (331/1632) has 22 songs.
INFO:[DataPipeline]:PlayList: [1400454862] æ›²ç¼ å¿ƒå¤´ç»•è€³è¿‡ï¼Œå”¯ç¾ä¸­å›½é£ã€‚ (332/1632) has 29 songs.
INFO:[DataPipeline]:PlayList: [1985818147] ç»†ç»†å“å‘³ï¼Œä¸­å›½é£çš„ç‹¬ç‰¹éŸµå‘³ (333/1632) has 21 songs.
INFO:[DataPipeline]:PlayList: [1970661648] ä¸­å›½é£Â·è¯—æƒ…ç”»æ„é‡Œçš„æ°´å¢¨ä¸¹é’ (334/1632) has 22 songs.
INFO:[DataPipeline]:PlayList: [1677429286] ä¸­å›½é£ï¼Œå°±æ˜¯è¦é¦–é¦–ç»å…¸ (335/1632) has 35 songs.
INFO:[DataPipeline]:PlayList: [1984450082] å¾®é£å¤éŸµç•™é†‡éŸ³ï¼Œä¸­å›½é£æ­Œæ›²å°é›† (336/1632) has 20 songs.
INFO:[DataPipeline]:PlayList: [1676558435] ä¸­å›½é£å‡ å¤šé¦–ï¼Œç”»é¢å„ä¸åŒ (337/1632) has 45 songs.
INFO:[DataPipeline]:PlayList: [1966462202] ç”·ç¥ç‹¬ç•…ä¸­å›½é£ (338/1632) has 38 songs.
INFO:[DataPipeline]:PlayList: [1377177239] ä¸­å›½é£é‡Œçš„æ„å¢ƒéŸ³éŸµ (339/1632) has 22 songs.
INFO:[DataPipeline]:Sleep for: 152
INFO:[DataPipeline]:PlayList: [1669441450] ä¸­å›½é£é‡Œé¢çš„å¦‚èŠ±æ¢¦å¢ƒ (340/1632) has 20 songs.
INFO:[DataPipeline]:PlayList: [1678228134] ä¸¤å­—ä¸­å›½é£ï¼ŒéŸµå‘³æ›´æ‚ é•¿ (341/1632) has 26 songs.
INFO:[DataPipeline]:PlayList: [3470447267] æœ€å”¯ç¾çš„æµè¡Œä¸­å›½é£æ°‘ä¹ (342/1632) has 24 songs.
INFO:[DataPipeline]:PlayList: [2881752535] é‚£äº›å”¯ç¾çš„ä¸­å›½é£ (343/1632) has 30 songs.
INFO:[DataPipeline]:PlayList: [2339497465] å”¯ç¾ä¸­å›½é£ï¼Œæ‚ æ‚ åå¤éŸµ (344/1632) has 20 songs.
INFO:[DataPipeline]:PlayList: [1406647667] å€¾å¬ä¸€é¦–é†‰äººä¸­å›½é£ (345/1632) has 18 songs.
INFO:[DataPipeline]:PlayList: [1725941745] ç”¨éŸ³ä¹è§¦åŠ¨ä½ çš„å¿ƒå¼¦çš„ä¸­å›½é£æ­Œæ›² (346/1632) has 21 songs.
INFO:[DataPipeline]:PlayList: [1678475408] ç»å…¸ä¸­å›½é£æ­Œæ›²é€‰å½• (347/1632) has 29 songs.
INFO:[DataPipeline]:PlayList: [2275211348] é‚‚é€…é†‰ç¾ä¸­å›½é£ (348/1632) has 27 songs.
INFO:[DataPipeline]:PlayList: [2925038242] å±äºä»–ä»¬å¿ƒä¸­çš„ç²¤è¯­ä¸­å›½é£æƒ…æ€€ (349/1632) has 26 songs.
INFO:[DataPipeline]:Sleep for: 173
INFO:[DataPipeline]:PlayList: [6953813363] ä¸­å›½é£ (350/1632) has 240 songs.
INFO:[DataPipeline]:PlayList: [1973416488] ä¸­å›½é£Â·ç®¡å¼¦å’Œé¸£é‡Œçš„æ°´å¢¨ä¸¹é’ (351/1632) has 33 songs.
INFO:[DataPipeline]:PlayList: [1674768406] ç»™ä¸­å›½é£æ¥ç‚¹åŠ›é‡ (352/1632) has 22 songs.
INFO:[DataPipeline]:PlayList: [1670947988] ç½‘è·¯ä¸Šå¾ˆæµè¡Œçš„å¤é£ä¸­å›½é£ (353/1632) has 23 songs.
INFO:[DataPipeline]:PlayList: [1348839275] å¥½å¬åˆ°å¿ƒç¢çš„ä¸­å›½é£çº¯éŸ³ä¹ (354/1632) has 17 songs.
INFO:[DataPipeline]:PlayList: [2247170577] ä¸­å›½é£çš„æ­Œï¼Œæ˜¯å¦å¬è¿‡å‘¢ (355/1632) has 16 songs.
INFO:[DataPipeline]:PlayList: [1959486892] ç•…å¬æœ€ç¾çš„ä¸­å›½é£ (356/1632) has 14 songs.
INFO:[DataPipeline]:PlayList: [1736813304] å€¼å¾—å¾ªç¯çš„ä¸­å›½é£æ­Œæ›² (357/1632) has 34 songs.
INFO:[DataPipeline]:PlayList: [846388203] ã€æ•è¾¹ä¸­å›½é£ã€‘è†å¬ç»†é›¨æ±Ÿå—æ›² (358/1632) has 18 songs.
INFO:[DataPipeline]:PlayList: [1079610829] åå¼¦åå¹´ä¸­å›½é£&#32;ä½ é”™è¿‡äº†å¤šå°‘ï¼Ÿ (359/1632) has 27 songs.
INFO:[DataPipeline]:Sleep for: 94
INFO:[DataPipeline]:PlayList: [1736824520] ã€ä¸­å›½é£ã€‘é•¿æ­Œå©‰è½¬ï¼Œå¤éŸµæ‚ ç„¶&#32;å£¹ (360/1632) has 20 songs.
INFO:[DataPipeline]:PlayList: [1172107771] ç²¤è¯­ä¸­å›½é£ï¼šå†ç°é¦™æ¸¯å½±è§†ç»å…¸ (361/1632) has 35 songs.
INFO:[DataPipeline]:PlayList: [1343404160] é†‰ç¾ä¸è¿‡ä¸­å›½é£ (362/1632) has 22 songs.
INFO:[DataPipeline]:PlayList: [1136523632] æƒ…è¿·ä¸­å›½é£Â·ç”µå½± (363/1632) has 18 songs.
INFO:[DataPipeline]:PlayList: [1099800832] å¤å…¸ä¸­å›½é£ï¼ŒéŸµå‘³æ‚ é•¿ (364/1632) has 13 songs.
INFO:[DataPipeline]:PlayList: [3150201193] å¬æµè¡Œä¹é‚‚é€…ä¸­å›½é£ (365/1632) has 30 songs.
INFO:[DataPipeline]:PlayList: [4144794488] å—¨çš®ç»å…¸ä¸­å›½é£ (366/1632) has 262 songs.
INFO:[DataPipeline]:PlayList: [3557827981] è¡æ°”å›è‚ ï¼å½“ç”µéŸ³é‚‚é€…ä¸­å›½é£ (367/1632) has 156 songs.
INFO:[DataPipeline]:PlayList: [7184156537] æŠ–éŸ³æœ€ç«ğŸ”¥ä¸­å›½é£ (368/1632) has 188 songs.
INFO:[DataPipeline]:PlayList: [1089356196] ã€éŸ³ä¹å°è¯´ç¬¬äºŒæœŸã€‘ä¸­å›½é£VSå’Œé£ (369/1632) has 20 songs.
INFO:[DataPipeline]:Sleep for: 54
INFO:[DataPipeline]:PlayList: [2304956521] å°æç´æ¼”å¥çš„ä¸­å›½é£ (370/1632) has 21 songs.
INFO:[DataPipeline]:PlayList: [1032553459] ç‡ƒçƒ§åˆ«æ ·ä¸­å›½é£ (371/1632) has 15 songs.
INFO:[DataPipeline]:PlayList: [3121935869] ä¸ä¸€æ ·çš„ä¸­å›½é£&#32;ä½ çŸ¥é“å‡ é¦–ï¼Ÿ (372/1632) has 20 songs.
INFO:[DataPipeline]:PlayList: [2033699234] ç››ç§‹é™ä¸´ï¼Œå·èµ·ä¸€é˜µé™ä¸­å›½é£ (373/1632) has 18 songs.
INFO:[DataPipeline]:PlayList: [3254850883] æ˜¥æœ«å¤åˆï¼Œæ‚ æ‰¬ä¸­å›½é£ä¸ä½ ç›¸ä¼´&#10; (374/1632) has 36 songs.
INFO:[DataPipeline]:PlayList: [1129350093] ã€Œä¸­å›½é£â¤ä¼¤æƒ…ã€æ¨æŸ³å²¸æ™“é£æ®‹æœˆ (375/1632) has 18 songs.
INFO:[DataPipeline]:PlayList: [2889698130] é‚£äº›å¹æ‹‚åœ¨è€³ç•”çš„å”¯ç¾ä¸­å›½é£ (376/1632) has 20 songs.
INFO:[DataPipeline]:PlayList: [3030109505] ä¸­å›½é£ï¼Œä¸­å›½æƒ… (377/1632) has 17 songs.
INFO:[DataPipeline]:PlayList: [3199012577] æŒšçˆ±çš„ä¸­å›½é£å°æ›² (378/1632) has 81 songs.
INFO:[DataPipeline]:PlayList: [3451909833] å„è‡ªåŸŸçš„ä¸­å›½é£å’Œç¾å¥½çš„ä¸œæ–¹æœé¥°ä»¬ (379/1632) has 15 songs.
INFO:[DataPipeline]:Sleep for: 104
INFO:[DataPipeline]:PlayList: [2083734639] ç²¤è¯­ä¸­å›½é£ï¼šè¿˜ä½ ä¸€ä¸ªæµ…ç¬‘ï¼Œé†‰å…¥æˆ‘å¿ƒæ‰‰ (380/1632) has 24 songs.
INFO:[DataPipeline]:PlayList: [1103206369] æ¢¦é­‚é£æ‰¬ä¸­å›½é£ (381/1632) has 68 songs.
INFO:[DataPipeline]:PlayList: [1952809586] æ¸…æ˜Â·ç®¡å¼¦ä¸ç«¹æ¼”ç»å”¯ç¾ä¸­å›½é£ (382/1632) has 27 songs.
INFO:[DataPipeline]:PlayList: [3502836742] ä¸­å›½é£ï¼Œå…±èµè·å¶æ¡ƒèŠ± (383/1632) has 58 songs.
INFO:[DataPipeline]:PlayList: [3578015324] é€‚åˆå“èŒ¶æ—¶å¬çš„ä¸­å›½é£è½»éŸ³ä¹ (384/1632) has 18 songs.
INFO:[DataPipeline]:PlayList: [3201664634] ä¸­å›½é£ä¸¨æµ…å°è¾„æ­¢ (385/1632) has 35 songs.
INFO:[DataPipeline]:PlayList: [1699505282] ä¸­å›½é£,æ— æ³•æŠ—æ‹’çš„&#42;&#42;&#42;&#42; (386/1632) has 22 songs.
INFO:[DataPipeline]:PlayList: [1470637200] æ—¥æœ¬å¤§å¸ˆé»„é’Ÿå¤§å•ä¹‹ä½œï¼šæµ“éƒä¸­å›½éŸ³éŸµé£ (387/1632) has 28 songs.
INFO:[DataPipeline]:PlayList: [1744968844] JJæ–°å¹´ç¬¬ä¸€é¦–ä¸­å›½é£æ­Œæ›²ï¼ (388/1632) has 45 songs.
INFO:[DataPipeline]:PlayList: [2668576684] æ¯æ—¥æ–°æ­Œï¼šæ´¾ä¼Ÿä¿Šæ–¹æ–‡å±±å¤§ç§€ç”µéŸ³ä¸­å›½é£ (389/1632) has 58 songs.
INFO:[DataPipeline]:Sleep for: 115
INFO:[DataPipeline]:PlayList: [2601846823] é¢ å€’ä¼—ç”Ÿä¸­å›½é£ (390/1632) has 79 songs.
INFO:[DataPipeline]:PlayList: [20151575] è†å¬ï¼šä¸­å›½é£ (391/1632) has 19 songs.
INFO:[DataPipeline]:PlayList: [2338364708] ä¸­å›½é£ï¼Œè®©è‡ªå·±è¯—æƒ…ç”»æ„ä¸€ç•ª (392/1632) has 18 songs.
INFO:[DataPipeline]:PlayList: [2953680506] è·Ÿç€ä¸­å›½é£çš„ç”µéŸ³ä¸€èµ·æ‘‡æ‘† (393/1632) has 50 songs.
INFO:[DataPipeline]:PlayList: [3201675255] ä¸­å›½é£æå…¶çš„å¥½ (394/1632) has 48 songs.
INFO:[DataPipeline]:PlayList: [1999962525] ä¸­å›½é£ï¼Œæ²‰é†‰åœ¨è¿™æ—‹å¾‹ä¸­ (395/1632) has 49 songs.
INFO:[DataPipeline]:PlayList: [1095361746] æ­Œå°½é£é›…ï¼Œç»†å“ä¸€æ›²ä¸­å›½é£ (396/1632) has 20 songs.
INFO:[DataPipeline]:PlayList: [39442892] å”¯ç¾ä¸­å›½é£ä¹‹ä¼ŠäººåŸæƒ… (397/1632) has 18 songs.
INFO:[DataPipeline]:PlayList: [1614386992] è¿™ä¸€æ›²æ›²ä¸­å›½é£&#46;ä¸€å®šä¼šè®©ä½ æµè¿å¿˜è¿”&#46; (398/1632) has 112 songs.
INFO:[DataPipeline]:PlayList: [1136460126] å¤§æ°”ç£…ç¤´ä¸­å›½é£ (399/1632) has 18 songs.
INFO:[DataPipeline]:Sleep for: 34
INFO:[DataPipeline]:PlayList: [700450630] ä¸­å›½é£&#32;å¤é£&#32;&#32;å”¯ç¾æ­Œè¯ä¸æ„å¢ƒ (400/1632) has 38 songs.
INFO:[DataPipeline]:PlayList: [6965411879] bgmæŠ–éŸ³ä¸­å›½é£çº¯éŸ³ä¹å¤ç­è½»éŸ³ä¹é’¢ç´æ›²ç¡çœ  (401/1632) has 303 songs.
INFO:[DataPipeline]:PlayList: [2034408900] ç´ç‘Ÿå’Œé¸£Â·ä¸­å›½é£å¯¹å”±æ­Œæ›² (402/1632) has 18 songs.
INFO:[DataPipeline]:PlayList: [2638629801] é•¿é£å½“æ­ŒÂ·æœ€å¥½å¬çš„ä¸­å›½é£&#32;è´° (403/1632) has 27 songs.
INFO:[DataPipeline]:PlayList: [3214554210] ä¸­å›½é£ä¸­æ‰€è—çš„å‡„ç¾æ•…äº‹ï¼Œä½ å¬å‡ºæ¥äº†å—ï¼Ÿ (404/1632) has 40 songs.
INFO:[DataPipeline]:PlayList: [39443892] é‚£äº›åçˆ±ä¸­å›½é£çš„æµè¡Œæ›² (405/1632) has 18 songs.
INFO:[DataPipeline]:PlayList: [3259274293] ä¸­å›½é£å˜»å“ˆ&#32;&#32;Hip&#32;Hop (406/1632) has 33 songs.
INFO:[DataPipeline]:PlayList: [2638628055] ä¾ éª¨ä¸¹å¿ƒä¸­å›½é£ (407/1632) has 18 songs.
INFO:[DataPipeline]:PlayList: [2034408544] å½“ä¸­å›½é£é‡ä¸Šè¯´å”± (408/1632) has 18 songs.
INFO:[DataPipeline]:PlayList: [1300036413] æµè¡Œè‡³ä»Šçš„ä¸­å›½é£ (409/1632) has 28 songs.
INFO:[DataPipeline]:Sleep for: 144
INFO:[DataPipeline]:PlayList: [1999755454] æ¯é¦–éƒ½å¯å¾ªç¯æ’­æ”¾çš„ä¸­å›½é£ (410/1632) has 23 songs.
INFO:[DataPipeline]:PlayList: [39440892] éœ¸æ°”ä¸­å›½é£ä¹‹æ±Ÿæ¹–è‹±é›„ (411/1632) has 12 songs.
INFO:[DataPipeline]:PlayList: [6937129256] ä¸­å›½é£ (412/1632) has 162 songs.
INFO:[DataPipeline]:PlayList: [1736813483] ç²¤è¯­æ­Œé‡Œçš„ä¸­å›½é£æƒ…èŠ‚ (413/1632) has 25 songs.
INFO:[DataPipeline]:PlayList: [1130085532] è¯—æ„æ°‘è°£ä¸­ä¸€ç¼•ä¸­å›½é£&#32;è´° (414/1632) has 18 songs.
INFO:[DataPipeline]:PlayList: [1136461912] æ–¹æ–‡å±±ï¼Œéšè—åœ¨é‡‰è‰²é‡Œçš„ä¸­å›½é£ç§˜å¯†ï¼ˆäºŒï¼‰ (415/1632) has 19 songs.
INFO:[DataPipeline]:PlayList: [30120216] å”¯ç¾ä¼¤æ„Ÿä¸­å›½é£ (416/1632) has 10 songs.
INFO:[DataPipeline]:PlayList: [1136459273] ã€ä¸­å›½é£ã€‘ç»å…¸èƒŒæ™¯éŸ³ä¹ (417/1632) has 18 songs.
INFO:[DataPipeline]:PlayList: [2626857001] ä¸­å›½é£é‡Œçš„åŠ¨äººæ—‹å¾‹ (418/1632) has 28 songs.
INFO:[DataPipeline]:PlayList: [2797820348] é‚£äº›æ·±æ·±çœ·æ‹çš„ä¸­å›½é£ (419/1632) has 13 songs.
INFO:[DataPipeline]:Sleep for: 57
INFO:[DataPipeline]:PlayList: [1132723373] ä½ å¯èƒ½ä¸æ›¾å¬è¿‡çš„ä¸­å›½é£&#32;è´° (420/1632) has 20 songs.
INFO:[DataPipeline]:PlayList: [2638632243] çœ‹ä¸€éƒ¨å¤è£…å‰§ï¼Œçˆ±å‡ é¦–ä¸­å›½é£ (421/1632) has 34 songs.
INFO:[DataPipeline]:PlayList: [1258103491] è®¸åµ©ï¼šæ‹ä¸Šâ€œè®¸æ°ä¸­å›½é£â€ (422/1632) has 10 songs.
INFO:[DataPipeline]:PlayList: [1136524887] ä½ åœ¨çº¢æ¥¼ï¼Œæˆ‘åœ¨è¥¿æ¸¸ï¼ˆä¸­å›½é£â€»å‰ç¯‡ï¼‰ (423/1632) has 18 songs.
INFO:[DataPipeline]:PlayList: [2638631106] ä¸­å›½é£ä¸¨å£°å£°å…¥è€³ï¼Œä¸­å›½éŸµå¾‹&#32;è´° (424/1632) has 26 songs.
INFO:[DataPipeline]:PlayList: [41188828] ç»å…¸ä¸­å›½é£ï¼Œå”±å°½å¤éŸµï¼Œä¸€æ›²å¿†åƒå¹´ (425/1632) has 10 songs.
INFO:[DataPipeline]:PlayList: [2638629033] â€»ä¸­å›½é£â€»&#32;æ±Ÿå±±å¦‚ç”»ï¼Œå¸ç‹çº·äº‰ (426/1632) has 18 songs.
INFO:[DataPipeline]:PlayList: [1668320710] æœ€å¼ºä¸­å›½é£ï¼Œå‘¨è‘£ç­‰è¿™ä½  (427/1632) has 26 songs.
INFO:[DataPipeline]:PlayList: [658516955] çº¢é¢œï¼Œè‹±é›„ï¼Œä¸­å›½é£ (428/1632) has 10 songs.
INFO:[DataPipeline]:PlayList: [2935522488] é‚£äº›æ¸¸æˆé‡Œçš„ä¸­å›½é£ (429/1632) has 20 songs.
INFO:[DataPipeline]:Sleep for: 35
INFO:[DataPipeline]:PlayList: [2638107565] è¯—æ„æµè½¬ï¼Œé‚£äº›ç»å…¸çš„ä¸­å›½é£èƒŒæ™¯ä¹ (430/1632) has 18 songs.
INFO:[DataPipeline]:PlayList: [18242527] è®¸åµ©çš„ä¸­å›½é£æ­Œæ›² (431/1632) has 16 songs.
INFO:[DataPipeline]:PlayList: [18590495] ã€ç©ºé—´ä¸“è¾‘è‡ªèã€‘å”¯ç¾ä¸­å›½é£ã€‚ (432/1632) has 8 songs.
INFO:[DataPipeline]:PlayList: [32899151] ç§’æ€æ¸…æ–°æ§çš„ä¸­å›½é£ (433/1632) has 13 songs.
INFO:[DataPipeline]:PlayList: [3557664294] ä¸­å›½é£æ‘‡æ»šï¼šæ„Ÿå—æ‘‡æ»šçš„è¯—æƒ…ç”»æ„ï¼Œè±ªæ”¾æŸ”è‚  (434/1632) has 20 songs.
INFO:[DataPipeline]:PlayList: [2339497919] å€¾ä¸–ä¸­å›½éŸµÂ·ä¸­å›½é£Â·çº¯éŸ³ (435/1632) has 18 songs.
INFO:[DataPipeline]:PlayList: [2638627484] ä¾ éª¨æŸ”æƒ…ï¼Œæ­¦ä¾ ç‰‡ä¸­å›½é£é…ä¹ (436/1632) has 38 songs.
INFO:[DataPipeline]:PlayList: [18366961] ä¸­å›½é£ã€æœ€æ—¶å°šâ€ (437/1632) has 9 songs.
INFO:[DataPipeline]:PlayList: [11917475] æœ€çˆ±ä¸­å›½é£â…  (438/1632) has 10 songs.
INFO:[DataPipeline]:PlayList: [2328743639] ã€ä¸­å›½é£ã€‘ä¸€æ›²æ‚ æ‰¬æ¼«ç¯±å¢™ (439/1632) has 22 songs.
INFO:[DataPipeline]:Sleep for: 151
INFO:[DataPipeline]:PlayList: [19067973] ä¸»æ‰“,å‘¨æ°ä¸­å›½é£çš„éŸµå‘³ (440/1632) has 9 songs.
INFO:[DataPipeline]:PlayList: [1929797739] å¤å…¸æ‚„ç„¶èµ°è¿›ä¸­å›½é£å¿ƒé—´ (441/1632) has 25 songs.
INFO:[DataPipeline]:PlayList: [1227955986] æ¬§ç¾ä¸­å›½é£R&#38;B (442/1632) has 11 songs.
INFO:[DataPipeline]:PlayList: [14280008] ä¸­å›½é£æ¸¸æˆçº¯éŸ³&#32;ä»™å‰‘VSèœ€å±± (443/1632) has 9 songs.
INFO:[DataPipeline]:PlayList: [3632971993] å¤§â€œGAIâ€ä¸­å›½é£ï¼Œ&#32;æ±Ÿæ¹–å˜»å“ˆGAI (444/1632) has 39 songs.
INFO:[DataPipeline]:PlayList: [1163764806] ã€Œé…ä¹å‘ã€æ¢å¼˜å¤§æ°”çš„ä¸­å›½é£çº¯éŸ³ (445/1632) has 20 songs.
INFO:[DataPipeline]:PlayList: [40305698] æ¸©å©‰æŸ”æƒ…&#32;å¤§æ°”ä¸­å›½é£ (446/1632) has 11 songs.
INFO:[DataPipeline]:PlayList: [3077524241] èˆŒå°–ä¸Šçš„ä¸­å›½é£ (447/1632) has 8 songs.
INFO:[DataPipeline]:PlayList: [1354502210] ä¸­å›½é£ç²¾é€‰ã€çè—ç‰ˆã€‘ (448/1632) has 14 songs.
INFO:[DataPipeline]:PlayList: [3537288947] è‘«èŠ¦ä¸å£°ä¸­çš„æ‚ æ‚ ä¸­å›½é£ (449/1632) has 18 songs.
INFO:[DataPipeline]:Sleep for: 123
INFO:[DataPipeline]:PlayList: [961806786] ç§’æ€èŠ‚å¥æ§çš„ä¸­å›½é£ (450/1632) has 10 songs.
INFO:[DataPipeline]:PlayList: [3433458612] é‚£äº›å•æ›²å¾ªç¯è¿‡çš„ä¸­å›½é£ (451/1632) has 53 songs.
INFO:[DataPipeline]:PlayList: [13819407] ä¸­å›½é£æ¸¸æˆçº¯éŸ³&#32;ä»™å‰‘VSèœ€å±± (452/1632) has 6 songs.
INFO:[DataPipeline]:PlayList: [33102125] å‘¨è‘£çš„ä¸­å›½é£ (453/1632) has 12 songs.
INFO:[DataPipeline]:PlayList: [13928398] ç§‹é£æ‘‡æ›³&#32;å‡ç¥è†å¬ä¸­å›½é£â€¦ (454/1632) has 9 songs.
INFO:[DataPipeline]:PlayList: [1558311097] å‘ç°å¥½å¬ï¼šä¸»æ‰“æ­Œï¼Œä¸­å›½é£ (455/1632) has 9 songs.
INFO:[DataPipeline]:PlayList: [2846493726] ä¸­å›½é£ï¼šä½ ä¸€å®šè¦è®°ä½è®¸åµ©&#46; (456/1632) has 23 songs.
INFO:[DataPipeline]:PlayList: [31718488] æœ€çˆ±çš„ä¸­å›½é£ (457/1632) has 5 songs.
INFO:[DataPipeline]:PlayList: [32168425] æ¸©å©‰æŸ”æƒ…ä¸­å›½é£ (458/1632) has 8 songs.
INFO:[DataPipeline]:PlayList: [2913781320] å¯¹å”±æƒ…æ­Œï¼Œå€¾å¿ƒä¸­å›½é£ (459/1632) has 38 songs.
INFO:[DataPipeline]:Sleep for: 175
INFO:[DataPipeline]:PlayList: [38916332] æ‚ æ‚ ç®«ç¬›å£°ï¼Œé†‰ç¾ä¸­å›½é£ (460/1632) has 10 songs.
INFO:[DataPipeline]:PlayList: [2379251460] ä¸­å›½å˜»å“ˆVol&#46;9&#32;&#124;&#32;å˜»å“ˆä¸­å›½é£ï¼Œé¥¶èˆŒä¼šæ­¦åŠŸ (461/1632) has 40 songs.
INFO:[DataPipeline]:PlayList: [2638629475] é•¿é£å½“æ­ŒÂ·æœ€å¥½å¬çš„ä¸­å›½é£&#32;å£¹ (462/1632) has 31 songs.
INFO:[DataPipeline]:PlayList: [4029160939] ã€å›½é£ç”µéŸ³ã€&#32;å¸¦å¥½è€³æœºæ„Ÿå—ä¸­å›½é£ (463/1632) has 20 songs.
INFO:[DataPipeline]:PlayList: [38784973] çº¢é¢œï¼Œè‹±é›„ï¼Œä¸­å›½é£ (464/1632) has 10 songs.
INFO:[DataPipeline]:PlayList: [1136459097] ä½ å¯èƒ½ä¸æ›¾å¬è¿‡çš„ä¸­å›½é£&#32;å£¹ (465/1632) has 22 songs.
INFO:[DataPipeline]:PlayList: [3412414849] å¤è¯æ–°æ„ï¼Œå”¯ç¾ä¸­å›½é£ (466/1632) has 24 songs.
INFO:[DataPipeline]:PlayList: [2613530865] ä¸­å›½é£çš„å¤é£ç»å…¸ (467/1632) has 34 songs.
INFO:[DataPipeline]:PlayList: [1136524744] ä½ åœ¨çº¢æ¥¼ï¼Œæˆ‘åœ¨è¥¿æ¸¸ï¼ˆä¸­å›½é£â€»åç¯‡ï¼‰ (468/1632) has 18 songs.
INFO:[DataPipeline]:PlayList: [30740013] æ„å¢ƒä¸­å›½é£ (469/1632) has 10 songs.
INFO:[DataPipeline]:Sleep for: 52
INFO:[DataPipeline]:PlayList: [1558310340] å¿§ä¼¤ä¸­å›½é£ï¼šå°†å”¯ç¾è¿›è¡Œåˆ°åº• (470/1632) has 12 songs.
INFO:[DataPipeline]:PlayList: [1407810707] å¤é£å¤éŸµï¼Œåƒé‡Œå¯»ä¸­å›½é£ (471/1632) has 463 songs.
INFO:[DataPipeline]:PlayList: [3381263406] è¯—æƒ…ç”»æ„&#32;ä¸­å›½é£ (472/1632) has 28 songs.
INFO:[DataPipeline]:PlayList: [1351130712] å¤éŸµä¸­å›½é£ (473/1632) has 35 songs.
INFO:[DataPipeline]:PlayList: [2242875213] æœ€çˆ±ä¸­å›½é£æ­Œæ›² (474/1632) has 17 songs.
INFO:[DataPipeline]:PlayList: [1585448852] å”¯ç¾çš„è¯ï¼Œå”¯ç¾çš„ä¸­å›½é£ (475/1632) has 12 songs.
INFO:[DataPipeline]:PlayList: [3799369922] æ¸…ç®«åŸæƒ…&#32;&#124;&#32;ä¸­å›½é£ä¹å™¨çº¯éŸ³é€‰é›† (476/1632) has 19 songs.
INFO:[DataPipeline]:PlayList: [37444361] è®¸åµ©ï¼šæ‹ä¸Šâ€œè®¸æ°ä¸­å›½é£â€ (477/1632) has 10 songs.
INFO:[DataPipeline]:PlayList: [1322399489] è½½å…¥å²å†Œçš„ä¸­å›½é£æ‘‡æ»š (478/1632) has 12 songs.
INFO:[DataPipeline]:PlayList: [3117570706] é‚£äº›æ·±å…¥è€³ç›®çš„ä¸­å›½é£ (479/1632) has 10 songs.
INFO:[DataPipeline]:Sleep for: 98
INFO:[DataPipeline]:PlayList: [3454376003] é‚£äº›è®©äººæƒ³å“­çš„ä¸­å›½é£ (480/1632) has 17 songs.
INFO:[DataPipeline]:PlayList: [31425430] æœ€ç¾&#32;æœ€çº¯ç²¹&#32;æœ€ä¸­å›½é£ (481/1632) has 7 songs.
INFO:[DataPipeline]:PlayList: [1439230424] ç°ä»£çš„éŸ³ä¹å”±å‡ºå¤å…¸çš„å‘³é“â€”00å¹´ä»£ä¸­å›½é£ (482/1632) has 20 songs.
INFO:[DataPipeline]:PlayList: [1736751127] æ‚ æ‚ æ›²ä¸­æƒ…&#32;&#32;æµ“æµ“ä¸­å›½é£ (483/1632) has 18 songs.
INFO:[DataPipeline]:PlayList: [1136459441] å†…åœ°ç‹¬ç«‹ä¹é˜Ÿçš„ä¸­å›½é£æƒ…ç»“ (484/1632) has 18 songs.
INFO:[DataPipeline]:PlayList: [3528729903] å‘¨æ°ä¼¦ä¸­å›½é£åˆé›† (485/1632) has 18 songs.
INFO:[DataPipeline]:PlayList: [39869764] å‘ç°å¥½å¬ï¼šä¸»æ‰“æ­Œï¼Œä¸­å›½é£ (486/1632) has 9 songs.
INFO:[DataPipeline]:PlayList: [2034409251] ç‹¬ç«‹éŸ³ä¹ä¸­ä¸€ç¼•ä¸­å›½é£ (487/1632) has 21 songs.
INFO:[DataPipeline]:PlayList: [1427893400] ä¼˜é›…å©‰çº¦æ´¾ä¸­å›½é£å¥½æ­Œæ›² (488/1632) has 43 songs.
INFO:[DataPipeline]:PlayList: [29894539] æ‚ æ‚ ä¸­å›½é£ (489/1632) has 11 songs.
INFO:[DataPipeline]:Sleep for: 56
INFO:[DataPipeline]:PlayList: [31895287] å¤ç´éŸµå¾‹ä¸­å›½é£ (490/1632) has 10 songs.
INFO:[DataPipeline]:PlayList: [2033980808] ä¸­å›½é£æ¸¸æˆä¹æ›²&#32;åœ¨ä¹ç« é‡Œé£˜æ‘‡æ²‰æµ®ï¼ˆäºŒï¼‰ (491/1632) has 25 songs.
INFO:[DataPipeline]:PlayList: [1332396307] é‚£äº›å›å‘³çš„ä¸­å›½é£ (492/1632) has 9 songs.
INFO:[DataPipeline]:PlayList: [2649467507] é™¤å¤œä¼ ç»Ÿâ€œå¹´â€ï¼Œæ€èƒ½å°‘äº†ä¸­å›½é£ï¼Ÿ (493/1632) has 50 songs.
INFO:[DataPipeline]:PlayList: [2638630407] åŸæ¥ä»–ä»¬éƒ½çˆ±å‘¨æ°ä¼¦çš„ä¸­å›½é£ (494/1632) has 19 songs.
INFO:[DataPipeline]:PlayList: [708983216] å¤é£ä¸­å›½é£ (495/1632) has 126 songs.
--- Logging error ---
Traceback (most recent call last):
  File "/Library/Python/3.7/site-packages/urllib3/connection.py", line 157, in _new_conn
    (self._dns_host, self.port), self.timeout, **extra_kw
  File "/Library/Python/3.7/site-packages/urllib3/util/connection.py", line 84, in create_connection
    raise err
  File "/Library/Python/3.7/site-packages/urllib3/util/connection.py", line 74, in create_connection
    sock.connect(sa)
TimeoutError: [Errno 60] Operation timed out

During handling of the above exception, another exception occurred:

Traceback (most recent call last):
  File "/Library/Python/3.7/site-packages/urllib3/connectionpool.py", line 672, in urlopen
    chunked=chunked,
  File "/Library/Python/3.7/site-packages/urllib3/connectionpool.py", line 376, in _make_request
    self._validate_conn(conn)
  File "/Library/Python/3.7/site-packages/urllib3/connectionpool.py", line 994, in _validate_conn
    conn.connect()
  File "/Library/Python/3.7/site-packages/urllib3/connection.py", line 300, in connect
    conn = self._new_conn()
  File "/Library/Python/3.7/site-packages/urllib3/connection.py", line 169, in _new_conn
    self, "Failed to establish a new connection: %s" % e
urllib3.exceptions.NewConnectionError: <urllib3.connection.VerifiedHTTPSConnection object at 0x112efedd8>: Failed to establish a new connection: [Errno 60] Operation timed out

During handling of the above exception, another exception occurred:

Traceback (most recent call last):
  File "/Library/Python/3.7/site-packages/requests/adapters.py", line 449, in send
    timeout=timeout
  File "/Library/Python/3.7/site-packages/urllib3/connectionpool.py", line 720, in urlopen
    method, url, error=e, _pool=self, _stacktrace=sys.exc_info()[2]
  File "/Library/Python/3.7/site-packages/urllib3/util/retry.py", line 436, in increment
    raise MaxRetryError(_pool, url, error or ResponseError(cause))
urllib3.exceptions.MaxRetryError: HTTPSConnectionPool(host='c.y.qq.com', port=443): Max retries exceeded with url: /lyric/fcgi-bin/fcg_query_lyric.fcg?g_tk=5381&format=json&inCharset=utf-8&outCharset=utf-8&platform=h5&needNewCode=1&nobase64=1&musicid=104139965&_=1513437581324 (Caused by NewConnectionError('<urllib3.connection.VerifiedHTTPSConnection object at 0x112efedd8>: Failed to establish a new connection: [Errno 60] Operation timed out'))

During handling of the above exception, another exception occurred:

Traceback (most recent call last):
  File "runner_qq.py", line 60, in process_playlist
    lyric = api.get_song_lyric(song.id)
  File "/private/var/root/.jenkins/workspace/data-zhongguofeng/dao/qq_api.py", line 43, in get_song_lyric
    raw_text = self.fetch_raw(url)
  File "/private/var/root/.jenkins/workspace/data-zhongguofeng/dao/base_api.py", line 34, in fetch_raw
    verify=False)
  File "/Library/Python/3.7/site-packages/requests/api.py", line 75, in get
    return request('get', url, params=params, **kwargs)
  File "/Library/Python/3.7/site-packages/requests/api.py", line 60, in request
    return session.request(method=method, url=url, **kwargs)
  File "/Library/Python/3.7/site-packages/requests/sessions.py", line 533, in request
    resp = self.send(prep, **send_kwargs)
  File "/Library/Python/3.7/site-packages/requests/sessions.py", line 646, in send
    r = adapter.send(request, **kwargs)
  File "/Library/Python/3.7/site-packages/requests/adapters.py", line 516, in send
    raise ConnectionError(e, request=request)
requests.exceptions.ConnectionError: HTTPSConnectionPool(host='c.y.qq.com', port=443): Max retries exceeded with url: /lyric/fcgi-bin/fcg_query_lyric.fcg?g_tk=5381&format=json&inCharset=utf-8&outCharset=utf-8&platform=h5&needNewCode=1&nobase64=1&musicid=104139965&_=1513437581324 (Caused by NewConnectionError('<urllib3.connection.VerifiedHTTPSConnection object at 0x112efedd8>: Failed to establish a new connection: [Errno 60] Operation timed out'))

During handling of the above exception, another exception occurred:

Traceback (most recent call last):
  File "/Applications/Xcode.app/Contents/Developer/Library/Frameworks/Python3.framework/Versions/3.7/lib/python3.7/logging/__init__.py", line 1034, in emit
    msg = self.format(record)
  File "/Applications/Xcode.app/Contents/Developer/Library/Frameworks/Python3.framework/Versions/3.7/lib/python3.7/logging/__init__.py", line 880, in format
    return fmt.format(record)
  File "/Applications/Xcode.app/Contents/Developer/Library/Frameworks/Python3.framework/Versions/3.7/lib/python3.7/logging/__init__.py", line 619, in format
    record.message = record.getMessage()
  File "/Applications/Xcode.app/Contents/Developer/Library/Frameworks/Python3.framework/Versions/3.7/lib/python3.7/logging/__init__.py", line 380, in getMessage
    msg = msg % self.args
TypeError: not all arguments converted during string formatting
Call stack:
  File "runner_qq.py", line 158, in <module>
    main()
  File "runner_qq.py", line 145, in main
    args.proxy, logger, args.dump_raw, args.dump_seg)
  File "runner_qq.py", line 70, in process_playlist
    logger.error("Exception in processing songs: ", err)
Message: 'Exception in processing songs: '
Arguments: (ConnectionError(MaxRetryError("HTTPSConnectionPool(host='c.y.qq.com', port=443): Max retries exceeded with url: /lyric/fcgi-bin/fcg_query_lyric.fcg?g_tk=5381&format=json&inCharset=utf-8&outCharset=utf-8&platform=h5&needNewCode=1&nobase64=1&musicid=104139965&_=1513437581324 (Caused by NewConnectionError('<urllib3.connection.VerifiedHTTPSConnection object at 0x112efedd8>: Failed to establish a new connection: [Errno 60] Operation timed out'))")),)
INFO:[DataPipeline]:PlayList: [1736750688] ä¸œæ–¹å¤éŸµï¼Œä¸€å“ä¸­å›½é£ (496/1632) has 19 songs.
INFO:[DataPipeline]:PlayList: [1611842610] æ–°æ´¾ä¸­å›½é£&#32;å”¯æˆ‘æ‰€çˆ± (497/1632) has 10 songs.
INFO:[DataPipeline]:PlayList: [1129352960] ã€Œä¸­å›½é£â¤æ‚¦äº«ã€æ¶ˆå¾—ä¸€å£°èºï¼Œä¸œé£ä¸‰æœˆæƒ…ã€‚ (498/1632) has 18 songs.
INFO:[DataPipeline]:PlayList: [2431071897] å”¯ç¾ä¸­å›½é£&#32;å¥½è¿é©¬ä¸Šæ¥ (499/1632) has 8 songs.
INFO:[DataPipeline]:Sleep for: 87
INFO:[DataPipeline]:PlayList: [31514073] æœ€çˆ±ä¸­å›½é£ (500/1632) has 20 songs.
INFO:[DataPipeline]:PlayList: [2257292672] ä¸æœ½ä¸­å›½é£ã€‚ (501/1632) has 28 songs.
INFO:[DataPipeline]:PlayList: [1369686073] ä¸­å›½é£çº¯éŸ³ä¹ï¼ˆä»™å‰‘ï¼Œæ­¦ä¾ ï¼Œå¤é£ï¼‰ (502/1632) has 238 songs.
INFO:[DataPipeline]:PlayList: [4235935591] æ¢¦æŒ‡è‹ç©¹ï¼šç‡ƒç³»ä¸­å›½é£é‡‘å± (503/1632) has 18 songs.
INFO:[DataPipeline]:PlayList: [2678405599] æˆ˜é©¬å¥”è…¾ï¼Œä¸­å›½é£é‡‘å± (504/1632) has 18 songs.
INFO:[DataPipeline]:PlayList: [3185715173] æ‚ æ‚ å¤é£orç°ä»£ä¸­å›½é£ (505/1632) has 43 songs.
INFO:[DataPipeline]:PlayList: [1736813951] ã€ä¸­å›½é£ã€‘ä½™éŸ³ç»•æ¢ï¼Œæ•…äººå·²å½’ (506/1632) has 23 songs.
INFO:[DataPipeline]:PlayList: [2751399166] å¤§ç©ä¸­å›½é£çš„æ¬§ç¾æ­Œ (507/1632) has 10 songs.
INFO:[DataPipeline]:PlayList: [786010712] ä¸­å›½é£æ­Œæ›²å¤§èµ (508/1632) has 43 songs.
INFO:[DataPipeline]:PlayList: [39509841] æ—¥æœ¬å¤§å¸ˆç¬”ä¸‹çš„ä¸­å›½é£ (509/1632) has 11 songs.
INFO:[DataPipeline]:Sleep for: 86
INFO:[DataPipeline]:PlayList: [3508456377] ä¸­å›½é£çš„éŸµå¾‹ (510/1632) has 25 songs.
INFO:[DataPipeline]:PlayList: [1838352972] ä¸­å›½é£ (511/1632) has 10 songs.
INFO:[DataPipeline]:PlayList: [1616017884] é‚£äº›å¹´ï¼Œæœ€çˆ±çš„ä¸­å›½é£ (512/1632) has 16 songs.
INFO:[DataPipeline]:PlayList: [38599894] æµè¡Œä¸­çš„ä¸­å›½é£ (513/1632) has 10 songs.
INFO:[DataPipeline]:PlayList: [31144219] å¤ç´æ¼”ç»ï¼Œä¸­å›½é£ (514/1632) has 10 songs.
INFO:[DataPipeline]:PlayList: [1908515821] ä¸­å›½é£&#45;åˆå¹´æ—‹å¾‹&#32; (515/1632) has 15 songs.
INFO:[DataPipeline]:PlayList: [2033979707] ä¸­å›½é£æ¸¸æˆä¹æ›²&#32;è¯·ä»”ç»†è†å¬ï¼ˆä¸€ï¼‰ (516/1632) has 18 songs.
INFO:[DataPipeline]:PlayList: [816818530] å¤éŸµå¦–å¨†ä¸­å›½é£ï¼Œæ²‰æµ¸åœ¨è¿™ä¸ªä¸–ç•Œ (517/1632) has 56 songs.
INFO:[DataPipeline]:PlayList: [3234479819] æ»¡æ»¡ä¸­å›½é£çš„æ–°æ°‘ä¹ä½³ä½œ (518/1632) has 20 songs.
INFO:[DataPipeline]:PlayList: [1457597226] å‘¨æ°ä¼¦&#124;ä¸­å›½é£æ­Œæ›²å¤§èµ (519/1632) has 28 songs.
INFO:[DataPipeline]:Sleep for: 159
INFO:[DataPipeline]:PlayList: [1176720377] çº¢æ­Œç»å…¸ä¸­å›½é£&#32;è€é©å‘½æ­Œæ›² (520/1632) has 60 songs.
INFO:[DataPipeline]:PlayList: [1925808600] æ‹ä¸Šâ€œåµ©å¼â€ä¸­å›½é£ (521/1632) has 14 songs.
INFO:[DataPipeline]:PlayList: [1290598947] å¤é£&#32;ä¸­å›½é£ (522/1632) has 9 songs.
INFO:[DataPipeline]:PlayList: [39510829] æ¸©æŸ”ä¸­å›½é£ (523/1632) has 12 songs.
INFO:[DataPipeline]:PlayList: [29832515] ä¸­å›½é£&#32;å­æœ›ä¸ä»– (524/1632) has 12 songs.
INFO:[DataPipeline]:PlayList: [1987238719] è†å¬æ¸¯å¼æ­¦ä¾ ä¸­çš„ç»å…¸ä¸­å›½é£ (525/1632) has 23 songs.
INFO:[DataPipeline]:PlayList: [2824030481] é‚£äº›å¹´ï¼Œæˆ‘çˆ±çš„ä¸­å›½é£ (526/1632) has 15 songs.
INFO:[DataPipeline]:PlayList: [2668916498] æ¬§ç¾è¯´å”±é‡Œçš„ä¸­å›½é£ï¼Œåˆ›æ„åè¶³ (527/1632) has 18 songs.
INFO:[DataPipeline]:PlayList: [3235541762] 2010å¹´é‚£äº›ä¸èƒ½é”™è¿‡çš„ä¸­å›½é£ (528/1632) has 18 songs.
INFO:[DataPipeline]:PlayList: [15253062] æœ€çˆ±ä¸­å›½é£&#32;å¤å…¸éŸ³ä¹æ­£åœ¨è‹é†’ (529/1632) has 8 songs.
INFO:[DataPipeline]:Sleep for: 131
INFO:[DataPipeline]:PlayList: [1277450390] å¤é£â€¢ä¸­å›½é£ (530/1632) has 141 songs.
INFO:[DataPipeline]:PlayList: [1166235027] China&#32;ä¸­å›½é£çš„åŠ¨æ„Ÿç”µå­éŸ³ä¹ (531/1632) has 89 songs.
INFO:[DataPipeline]:PlayList: [37751365] ä¸­å›½é£ç½‘ç»œæ¸¸æˆèƒŒæ™¯éŸ³ä¹ (532/1632) has 8 songs.
INFO:[DataPipeline]:PlayList: [39721764] å¿§ä¼¤ä¸­å›½é£ï¼šå°†å”¯ç¾è¿›è¡Œåˆ°åº• (533/1632) has 12 songs.
INFO:[DataPipeline]:PlayList: [1736823995] ã€ä¸­å›½é£Â·ç”µå­ã€‘æ„Ÿå—è§’å¾µå®«å•†çš„è¡æ°”å›è‚  (534/1632) has 18 songs.
INFO:[DataPipeline]:PlayList: [2944062520] æ¢¦æƒ³çš„å£°éŸ³ï½œæ—ä¿Šæ°ç©è½¬â€œä¸­å›½é£â€ (535/1632) has 25 songs.
INFO:[DataPipeline]:PlayList: [1455088713] æç‰åˆšä¸­å›½é£ (536/1632) has 208 songs.
INFO:[DataPipeline]:PlayList: [1662263838] å€¾å°½å¤©ä¸‹&#32;å”¯ä¸€æ›²ä¸­å›½é£ (537/1632) has 26 songs.
INFO:[DataPipeline]:PlayList: [5374437849] æ¯æ—¥æ–°æ­Œï¼šé­æ™¨&#38;ç‹é“®äº®ç©è½¬ä¸­å›½é£ (538/1632) has 68 songs.
INFO:[DataPipeline]:PlayList: [1083589277] çº¢å°˜éšå¿ƒèµ°ï¼Œæµè¡Œä¸­å›½é£ (539/1632) has 31 songs.
INFO:[DataPipeline]:Sleep for: 46
INFO:[DataPipeline]:PlayList: [38766345] ä¸­å›½é£ä¸­çš„ç»å…¸æ¼”ç» (540/1632) has 11 songs.
--- Logging error ---
Traceback (most recent call last):
  File "runner_qq.py", line 53, in process_playlist
    songs = api.get_songs_from_playlist(playlist_id)
  File "/private/var/root/.jenkins/workspace/data-zhongguofeng/dao/qq_api.py", line 23, in get_songs_from_playlist
    response = self.fetch(url).get("cdlist", [])[0]
IndexError: list index out of range

During handling of the above exception, another exception occurred:

Traceback (most recent call last):
  File "/Applications/Xcode.app/Contents/Developer/Library/Frameworks/Python3.framework/Versions/3.7/lib/python3.7/logging/__init__.py", line 1034, in emit
    msg = self.format(record)
  File "/Applications/Xcode.app/Contents/Developer/Library/Frameworks/Python3.framework/Versions/3.7/lib/python3.7/logging/__init__.py", line 880, in format
    return fmt.format(record)
  File "/Applications/Xcode.app/Contents/Developer/Library/Frameworks/Python3.framework/Versions/3.7/lib/python3.7/logging/__init__.py", line 619, in format
    record.message = record.getMessage()
  File "/Applications/Xcode.app/Contents/Developer/Library/Frameworks/Python3.framework/Versions/3.7/lib/python3.7/logging/__init__.py", line 380, in getMessage
    msg = msg % self.args
TypeError: not all arguments converted during string formatting
Call stack:
  File "runner_qq.py", line 158, in <module>
    main()
  File "runner_qq.py", line 145, in main
    args.proxy, logger, args.dump_raw, args.dump_seg)
  File "runner_qq.py", line 85, in process_playlist
    logger.error("Exception in processing playlist: ", e)
Message: 'Exception in processing playlist: '
Arguments: (IndexError('list index out of range'),)
INFO:[DataPipeline]:PlayList: [1065299481] çŠ¹è®°æµå¹´ï¼Œå”¯ç¾ä¸­å›½é£ (541/1632) has 16 songs.
INFO:[DataPipeline]:PlayList: [20190860] äº‘ç«¯å¤©ç±&#32;&#32;æ¸…éŸµæ‚ æ‰¬ä¸­å›½é£ (542/1632) has 11 songs.
INFO:[DataPipeline]:PlayList: [1736751396] ä¸­å¼è¥¿å”±Â·è¥¿æ´‹æ‰€ç†è§£çš„ä¸­å›½é£ (543/1632) has 25 songs.
INFO:[DataPipeline]:PlayList: [998711392] åè¯­æµè¡Œä¸­å›½é£ (544/1632) has 20 songs.
INFO:[DataPipeline]:PlayList: [2647465426] å°½äº«ä¸­å›½é£ç”µéŸ³å¸¦æ¥çš„ç‹¬ç‰¹é­…åŠ› (545/1632) has 16 songs.
INFO:[DataPipeline]:PlayList: [3512987417] æµè¡Œä¸­å›½é£&#32;çˆ±çš„å°±æ˜¯è¿™ä¸ªè°ƒè°ƒ (546/1632) has 93 songs.
INFO:[DataPipeline]:PlayList: [2617581637] ä¸­å›½é£ï¼Œæ›²è¿·äººï¼Œè¯èµ°å¿ƒ (547/1632) has 197 songs.
INFO:[DataPipeline]:PlayList: [28435213] æ”¶é›†çš„ä¸­å›½é£æ­Œæ›² (548/1632) has 50 songs.
INFO:[DataPipeline]:PlayList: [1001261835] å¹æœçš„è®¸æ°ä¸­å›½é£ (549/1632) has 17 songs.
INFO:[DataPipeline]:Sleep for: 159
INFO:[DataPipeline]:PlayList: [19588086] æ·¡é›…ä¸­å›½é£&#32;è½»æŸ”å¦‚é£çš„ç¾ (550/1632) has 7 songs.
INFO:[DataPipeline]:PlayList: [1083377395] æœ€çˆ±ä¸­å›½é£ (551/1632) has 14 songs.
INFO:[DataPipeline]:PlayList: [21953006] å›ç¯ä¸­å›½é£&#32;æµ…åŸä½å”± (552/1632) has 7 songs.
INFO:[DataPipeline]:PlayList: [674849517] å”¯ç¾çš„å‘¨å¼ä¸­å›½é£ (553/1632) has 12 songs.
INFO:[DataPipeline]:PlayList: [1460669460] ä¸­å›½é£ç”µéŸ³&#40;Chinaç³»åˆ—&#41; (554/1632) has 44 songs.
INFO:[DataPipeline]:PlayList: [1624483744] åˆ«æ ·ä¸­å›½é£ï¼Œç»™ä½ åˆ«æ ·æ„Ÿè§‰ã€‚ (555/1632) has 51 songs.
INFO:[DataPipeline]:PlayList: [661905429] é‚£äº›å¹´ä½ ä¸èƒ½å¿˜è®°çš„ä¸­å›½é£ (556/1632) has 10 songs.
INFO:[DataPipeline]:PlayList: [15410281] åœ°é“ä¸­å›½é£&#32;å…¨æ°‘è´ºä¸–åš (557/1632) has 12 songs.
INFO:[DataPipeline]:PlayList: [799195655] ç»å…¸ä¸­å›½é£ï¼Œåœ¨éŸ³ä¹ä¸­æ‰¾å›æˆ‘ä»¬çš„æ•…äº‹ (558/1632) has 30 songs.
INFO:[DataPipeline]:PlayList: [3487316697] å½“ä¸­å›½é£é‡ä¸Šè¯´å”± (559/1632) has 35 songs.
INFO:[DataPipeline]:Sleep for: 141
INFO:[DataPipeline]:PlayList: [862069931] 3Dä¸­å›½é£ç”µéŸ³â€”å›½é£ç‡ƒ&#46;é†‰å…¶èº«&#46;å‚äºå¿ƒ (560/1632) has 78 songs.
INFO:[DataPipeline]:PlayList: [3508454626] æœ€ç¾ä¸­å›½é£ï¼Œå¤éŸµæ‚ ç„¶ (561/1632) has 62 songs.
INFO:[DataPipeline]:PlayList: [1889495893] å”¯ç¾ä¸­å›½é£ (562/1632) has 30 songs.
INFO:[DataPipeline]:PlayList: [2880533862] å°†å”¯ç¾ä¸­å›½é£è¿›è¡Œåˆ°åº• (563/1632) has 18 songs.
INFO:[DataPipeline]:PlayList: [3562674099] èƒ¡å½¦æ–Œï¼Œå¬å®Œè€³æœµä¼šæ€€å­•çš„ä¸­å›½é£ (564/1632) has 27 songs.
INFO:[DataPipeline]:PlayList: [1460917740] æ´›å¤©ä¾ã€Œä¸­å›½é£ã€éŸ³ä¹åˆé›† (565/1632) has 54 songs.
INFO:[DataPipeline]:PlayList: [1711554093] å¤é­…å¦–å¨†ä¸­å›½é£ï¼Œå”¯ç¾å¥½å¬ (566/1632) has 60 songs.
INFO:[DataPipeline]:PlayList: [3563738853] å¤å…¸çº¯éŸ³ä¹BGMÂ·ä¸­å›½é£å¤å…¸ä¹ (567/1632) has 88 songs.
INFO:[DataPipeline]:PlayList: [36247342] æµè¡Œæ­Œæ›²ä¹Ÿæœ‰ä¸­å›½é£ (568/1632) has 13 songs.
INFO:[DataPipeline]:PlayList: [1682261896] é‚£äº›æ»¡æ»¡ä¸­å›½é£çš„è‹±æ–‡æ­Œ (569/1632) has 30 songs.
INFO:[DataPipeline]:Sleep for: 53
INFO:[DataPipeline]:PlayList: [40103614] æœ€å—æ¬¢è¿çš„åé¦–ä¸­å›½é£ (570/1632) has 10 songs.
INFO:[DataPipeline]:PlayList: [13314101] ä¸­å›½é£ (571/1632) has 12 songs.
INFO:[DataPipeline]:PlayList: [3761846727] ç”µå­&#32;&#32;ä¸­å›½é£ (572/1632) has 42 songs.
INFO:[DataPipeline]:PlayList: [3187776832] ä¸­å›½é£èƒŒæ™¯éŸ³ä¹BGMï¼Œçº¯éŸ³ä¹ (573/1632) has 38 songs.
INFO:[DataPipeline]:PlayList: [4260812540] ä¸­å›½é£ (574/1632) has 73 songs.
INFO:[DataPipeline]:PlayList: [32296025] æ—¥æœ¬å¤§å¸ˆç¬”ä¸‹çš„ä¸­å›½é£ (575/1632) has 11 songs.
INFO:[DataPipeline]:PlayList: [1558311667] å˜‰äººä¸­å›½é£ï¼šè®¸èŒ¹èŠ¸çš„æ—¶å°šç¼ªæ–¯éŸ³ä¹ (576/1632) has 15 songs.
INFO:[DataPipeline]:PlayList: [6428035387] æƒ…è¿·ä¸­å›½é£Â· (577/1632) has 503 songs.
INFO:[DataPipeline]:PlayList: [2660288754] ã€Œä¸­å›½é£ç”µéŸ³ã€å½“çƒ­çƒˆç”µå­é‡åˆ°æŸ”æƒ…å¤é£æ—¶ (578/1632) has 88 songs.
INFO:[DataPipeline]:PlayList: [2495607479] ä¸­å›½é£ï¼Œç™¾å¬ä¸åŒ (579/1632) has 9 songs.
INFO:[DataPipeline]:Sleep for: 117
INFO:[DataPipeline]:PlayList: [3460856637] æ°ä¼¦ä¹‹ä¸­å›½é£ (580/1632) has 18 songs.
INFO:[DataPipeline]:PlayList: [3440534414] æœ€çˆ±ä¸­å›½é£&#32;è¯—éŸµæŠ¹é•¿ç©º (581/1632) has 23 songs.
INFO:[DataPipeline]:PlayList: [26560502] å›½å¤–ä¹Ÿåˆ®ä¸­å›½é£ (582/1632) has 8 songs.
INFO:[DataPipeline]:PlayList: [33281976] æ¬§ç¾å¤å¤è°£&#32;æ—¶å°šä¸­å›½é£ (583/1632) has 5 songs.
INFO:[DataPipeline]:PlayList: [36576343] å”¯ç¾ä¸­å›½é£ (584/1632) has 11 songs.
INFO:[DataPipeline]:PlayList: [1770399801] Higher&#32;Brothersä¸­å›½é£è¯´å”± (585/1632) has 36 songs.
INFO:[DataPipeline]:PlayList: [1413335780] å¥½å¬çš„ä¸­å›½é£ï¼ˆè½»éŸ³ä¹ï¼‰ (586/1632) has 40 songs.
INFO:[DataPipeline]:PlayList: [39657878] çˆ±æµè¡Œ&#32;æ›´çˆ±ä¸­å›½é£ (587/1632) has 7 songs.
INFO:[DataPipeline]:PlayList: [39477878] ä¸­å›½é£&#32;å°†å”¯ç¾é›…éŸµè¿›è¡Œåˆ°åº• (588/1632) has 8 songs.
INFO:[DataPipeline]:PlayList: [1302702973] ç†Ÿæ‚‰çš„æ—‹å¾‹&#126;ä¸­å›½é£ (589/1632) has 10 songs.
INFO:[DataPipeline]:Sleep for: 71
INFO:[DataPipeline]:PlayList: [2060450301] ä¸­å›½é£å¤é£äºŒæ¬¡å…ƒæ—¥è¯­å¤§æ··åˆ (590/1632) has 822 songs.
INFO:[DataPipeline]:PlayList: [1146453436] ä¸­å›½å”±è¯—ç­&#45;æœ€ç¾ä¸­å›½é£ (591/1632) has 445 songs.
INFO:[DataPipeline]:PlayList: [3189813183] ä»å›½å¤–éŸ³ä¹ä¸­å¯»è§…ä¸­å›½é£çš„ç—•è¿¹ (592/1632) has 19 songs.
INFO:[DataPipeline]:PlayList: [2295928340] ä¸­å›½é£ï¼Œç¥ä»™æ¢¦ (593/1632) has 21 songs.
INFO:[DataPipeline]:PlayList: [2153591114] å…¸é›…ä¸­å›½é£ (594/1632) has 10 songs.
INFO:[DataPipeline]:PlayList: [37263389] ä¸­å›½é£ (595/1632) has 71 songs.
INFO:[DataPipeline]:PlayList: [1418168390] é‚£äº›è¢«å¿½ç•¥å´éå¸¸å¥½å¬çš„ä¸­å›½é£ (596/1632) has 15 songs.
INFO:[DataPipeline]:PlayList: [1175874578] å¤é£&#32;/ä¸­å›½é£/æ°‘è°£/æˆè…” (597/1632) has 996 songs.
INFO:[DataPipeline]:PlayList: [1551774598] æŸ”ç¾ä¸­å›½é£ (598/1632) has 8 songs.
INFO:[DataPipeline]:PlayList: [14368725] å¼¦éŸ³æµè½¬ã€€æ—¶å°šä¸­å›½é£ (599/1632) has 10 songs.
INFO:[DataPipeline]:Sleep for: 176
INFO:[DataPipeline]:PlayList: [3235725154] æ¬§ç¾é£ä¸ä¸­å›½é£&#32;ä½ æ›´å–œæ¬¢å“ªç§å‘¢ï¼Ÿ (600/1632) has 457 songs.
INFO:[DataPipeline]:PlayList: [2966193555] ä¸­å›½é£ (601/1632) has 732 songs.
INFO:[DataPipeline]:PlayList: [30842122] ä¸­å›½é£ (602/1632) has 19 songs.
INFO:[DataPipeline]:PlayList: [860969313] ä¸­å›½é£ (603/1632) has 189 songs.
INFO:[DataPipeline]:PlayList: [34003725] å€Ÿç€ä¹æ„Ÿã€€ç»†å“æ¬§ç¾ä¸­å›½é£ (604/1632) has 5 songs.
INFO:[DataPipeline]:PlayList: [13474784] 09&#33;å¼‚åŸŸåˆ®èµ·ä¸­å›½é£&#33; (605/1632) has 5 songs.
INFO:[DataPipeline]:PlayList: [27794685] æµè¡Œä¸­å›½é£&#32;é™ç§‹å¿†é€&#32;æµè¿å¿˜è¿” (606/1632) has 8 songs.
INFO:[DataPipeline]:PlayList: [4221107342] ä¸­å›½é£ï¼Œå›å¿†ï¼Œæƒ…æ€€ï¼Œæ€€æ—§ (607/1632) has 257 songs.
INFO:[DataPipeline]:PlayList: [1756409102] ç¦…æ„ä¸­å›½é£ (608/1632) has 22 songs.
INFO:[DataPipeline]:PlayList: [14863540] èŠ±å¬—ã€åçˆ±çš„ä¸­å›½é£ã€‚ (609/1632) has 5 songs.
INFO:[DataPipeline]:Sleep for: 158
INFO:[DataPipeline]:PlayList: [875493964] å‘¨æ°ä¼¦&#38;æ–¹æ–‡å±±çš„ä¸­å›½é£ (610/1632) has 27 songs.
INFO:[DataPipeline]:PlayList: [1401229920] ä¸­å›½é£éŸ³ä¹ (611/1632) has 31 songs.
INFO:[DataPipeline]:PlayList: [29605610] å¤å…¸éŸµå‘³&#32;æ¬§ç¾R&#38;Bä¸­å›½é£ (612/1632) has 5 songs.
INFO:[DataPipeline]:PlayList: [5489122804] ä¸­å›½é£ (613/1632) has 258 songs.
INFO:[DataPipeline]:PlayList: [38921926] ä½ ä¸çŸ¥é“ä»–ä»¬ä¹Ÿå”±è¿‡çš„ä¸­å›½é£ (614/1632) has 12 songs.
INFO:[DataPipeline]:PlayList: [39202826] é‚£äº›æ·±å…¥äººå¿ƒçš„ä¸­å›½é£ (615/1632) has 14 songs.
INFO:[DataPipeline]:PlayList: [3218402566] è®©ä½ å€¼å¾—å¾ªç¯çš„ä¸­å›½é£æ­Œæ›² (616/1632) has 93 songs.
INFO:[DataPipeline]:PlayList: [2067716277] ä¸­å›½é£&#38;ç”µéŸ³ (617/1632) has 26 songs.
INFO:[DataPipeline]:PlayList: [3591569306] ã€Œä¸æ–­æ›´æ–°ã€CCTVã€Šå›½å®¶å®è—ã€‹é‡Œçš„ä¸­å›½é£ (618/1632) has 128 songs.
INFO:[DataPipeline]:PlayList: [3574268998] æ‹æ‹ä¸­å›½é£ï¼Œæ›²é£æ‚ è¿œï¼Œæ•…äººç¦»æ‚²ï¼Œå·²å»ã€‚ (619/1632) has 22 songs.
INFO:[DataPipeline]:Sleep for: 174
INFO:[DataPipeline]:PlayList: [853433042] ã€å¤é£/ä¸­å›½é£ã€‘æ›¾ç»æ²§æµ·éš¾ä¸ºæ°´ (620/1632) has 200 songs.
INFO:[DataPipeline]:PlayList: [39735725] æœ€çˆ±ä¸­å›½é£ (621/1632) has 6 songs.
INFO:[DataPipeline]:PlayList: [2595455627] è¯—æƒ…ç”»æ„ä¸­å›½é£ (622/1632) has 41 songs.
INFO:[DataPipeline]:PlayList: [2972395823] æœ‰çµæ€§çš„ä¸­å›½é£ç”µéŸ³ (623/1632) has 16 songs.
INFO:[DataPipeline]:PlayList: [1438348349] ä¸­å›½é£â€œå‡¤å‡°ä¼ å¥‡â€ (624/1632) has 19 songs.
INFO:[DataPipeline]:PlayList: [1730298148] ä¸­å›½é£ç”µéŸ³ä¸¨å¤§æ°”çš„å®«è°ƒå¼ç”µå­ (625/1632) has 24 songs.
INFO:[DataPipeline]:PlayList: [2085060587] ä¸­å›½é£&#43;æµè¡Œ (626/1632) has 380 songs.
INFO:[DataPipeline]:PlayList: [38215332] ä¸­å›½é£æ’ä¸ŠR&#38;B (627/1632) has 10 songs.
INFO:[DataPipeline]:PlayList: [20544802] ç©ºå¯‚&#32;ä¸­å›½é£&#32;çº¯éŸ³ä¹ (628/1632) has 8 songs.
INFO:[DataPipeline]:PlayList: [3741027754] å¤§çˆ±ä¸­å›½é£ (629/1632) has 38 songs.
INFO:[DataPipeline]:Sleep for: 137
INFO:[DataPipeline]:PlayList: [4084413689] ä¸­å›½é£ (630/1632) has 179 songs.
INFO:[DataPipeline]:PlayList: [3745579275] ä¸­å›½é£Â·æ­Œå£°é£˜è¿‡40å¹´Â·æ°‘æ­Œç»å…¸ (631/1632) has 47 songs.
INFO:[DataPipeline]:PlayList: [2960349238] ä¸­å›½é£è½»ç”µéŸ³ (632/1632) has 67 songs.
INFO:[DataPipeline]:PlayList: [26670401] å¤éŸµä¸­å›½é£ (633/1632) has 9 songs.
INFO:[DataPipeline]:PlayList: [1118901349] æ‹æ‹ä¸­å›½é£ (634/1632) has 210 songs.
--- Logging error ---
Traceback (most recent call last):
  File "/Library/Python/3.7/site-packages/urllib3/connection.py", line 157, in _new_conn
    (self._dns_host, self.port), self.timeout, **extra_kw
  File "/Library/Python/3.7/site-packages/urllib3/util/connection.py", line 84, in create_connection
    raise err
  File "/Library/Python/3.7/site-packages/urllib3/util/connection.py", line 74, in create_connection
    sock.connect(sa)
TimeoutError: [Errno 60] Operation timed out

During handling of the above exception, another exception occurred:

Traceback (most recent call last):
  File "/Library/Python/3.7/site-packages/urllib3/connectionpool.py", line 672, in urlopen
    chunked=chunked,
  File "/Library/Python/3.7/site-packages/urllib3/connectionpool.py", line 376, in _make_request
    self._validate_conn(conn)
  File "/Library/Python/3.7/site-packages/urllib3/connectionpool.py", line 994, in _validate_conn
    conn.connect()
  File "/Library/Python/3.7/site-packages/urllib3/connection.py", line 300, in connect
    conn = self._new_conn()
  File "/Library/Python/3.7/site-packages/urllib3/connection.py", line 169, in _new_conn
    self, "Failed to establish a new connection: %s" % e
urllib3.exceptions.NewConnectionError: <urllib3.connection.VerifiedHTTPSConnection object at 0x11381f9b0>: Failed to establish a new connection: [Errno 60] Operation timed out

During handling of the above exception, another exception occurred:

Traceback (most recent call last):
  File "/Library/Python/3.7/site-packages/requests/adapters.py", line 449, in send
    timeout=timeout
  File "/Library/Python/3.7/site-packages/urllib3/connectionpool.py", line 720, in urlopen
    method, url, error=e, _pool=self, _stacktrace=sys.exc_info()[2]
  File "/Library/Python/3.7/site-packages/urllib3/util/retry.py", line 436, in increment
    raise MaxRetryError(_pool, url, error or ResponseError(cause))
urllib3.exceptions.MaxRetryError: HTTPSConnectionPool(host='c.y.qq.com', port=443): Max retries exceeded with url: /lyric/fcgi-bin/fcg_query_lyric.fcg?g_tk=5381&format=json&inCharset=utf-8&outCharset=utf-8&platform=h5&needNewCode=1&nobase64=1&musicid=106373418&_=1513437581324 (Caused by NewConnectionError('<urllib3.connection.VerifiedHTTPSConnection object at 0x11381f9b0>: Failed to establish a new connection: [Errno 60] Operation timed out'))

During handling of the above exception, another exception occurred:

Traceback (most recent call last):
  File "runner_qq.py", line 60, in process_playlist
    lyric = api.get_song_lyric(song.id)
  File "/private/var/root/.jenkins/workspace/data-zhongguofeng/dao/qq_api.py", line 43, in get_song_lyric
    raw_text = self.fetch_raw(url)
  File "/private/var/root/.jenkins/workspace/data-zhongguofeng/dao/base_api.py", line 34, in fetch_raw
    verify=False)
  File "/Library/Python/3.7/site-packages/requests/api.py", line 75, in get
    return request('get', url, params=params, **kwargs)
  File "/Library/Python/3.7/site-packages/requests/api.py", line 60, in request
    return session.request(method=method, url=url, **kwargs)
  File "/Library/Python/3.7/site-packages/requests/sessions.py", line 533, in request
    resp = self.send(prep, **send_kwargs)
  File "/Library/Python/3.7/site-packages/requests/sessions.py", line 646, in send
    r = adapter.send(request, **kwargs)
  File "/Library/Python/3.7/site-packages/requests/adapters.py", line 516, in send
    raise ConnectionError(e, request=request)
requests.exceptions.ConnectionError: HTTPSConnectionPool(host='c.y.qq.com', port=443): Max retries exceeded with url: /lyric/fcgi-bin/fcg_query_lyric.fcg?g_tk=5381&format=json&inCharset=utf-8&outCharset=utf-8&platform=h5&needNewCode=1&nobase64=1&musicid=106373418&_=1513437581324 (Caused by NewConnectionError('<urllib3.connection.VerifiedHTTPSConnection object at 0x11381f9b0>: Failed to establish a new connection: [Errno 60] Operation timed out'))

During handling of the above exception, another exception occurred:

Traceback (most recent call last):
  File "/Applications/Xcode.app/Contents/Developer/Library/Frameworks/Python3.framework/Versions/3.7/lib/python3.7/logging/__init__.py", line 1034, in emit
    msg = self.format(record)
  File "/Applications/Xcode.app/Contents/Developer/Library/Frameworks/Python3.framework/Versions/3.7/lib/python3.7/logging/__init__.py", line 880, in format
    return fmt.format(record)
  File "/Applications/Xcode.app/Contents/Developer/Library/Frameworks/Python3.framework/Versions/3.7/lib/python3.7/logging/__init__.py", line 619, in format
    record.message = record.getMessage()
  File "/Applications/Xcode.app/Contents/Developer/Library/Frameworks/Python3.framework/Versions/3.7/lib/python3.7/logging/__init__.py", line 380, in getMessage
    msg = msg % self.args
TypeError: not all arguments converted during string formatting
Call stack:
  File "runner_qq.py", line 158, in <module>
    main()
  File "runner_qq.py", line 145, in main
    args.proxy, logger, args.dump_raw, args.dump_seg)
  File "runner_qq.py", line 70, in process_playlist
    logger.error("Exception in processing songs: ", err)
Message: 'Exception in processing songs: '
Arguments: (ConnectionError(MaxRetryError("HTTPSConnectionPool(host='c.y.qq.com', port=443): Max retries exceeded with url: /lyric/fcgi-bin/fcg_query_lyric.fcg?g_tk=5381&format=json&inCharset=utf-8&outCharset=utf-8&platform=h5&needNewCode=1&nobase64=1&musicid=106373418&_=1513437581324 (Caused by NewConnectionError('<urllib3.connection.VerifiedHTTPSConnection object at 0x11381f9b0>: Failed to establish a new connection: [Errno 60] Operation timed out'))")),)
INFO:[DataPipeline]:PlayList: [871778310] å¾æ¢¦åœ†ä¸­å›½é£ï¼åˆ«å†æŠ–è…¿äº†ï¼ï¼ï¼ (635/1632) has 100 songs.
INFO:[DataPipeline]:PlayList: [3576118653] ã€Œå›½é£ã€ä¸€å®šè¦å¬çš„ä¸€ç™¾é¦–ä¸­å›½é£ (636/1632) has 102 songs.
INFO:[DataPipeline]:PlayList: [2332786242] å‘¨æ°ä¼¦&#32;ä¸­å›½é£â€œå¤§é­”ç‹â€ (637/1632) has 101 songs.
INFO:[DataPipeline]:PlayList: [3572257602] ã€å¤é£&#45;æˆè…”ã€‘&#32;ç»è‰³ä¸­å›½é£ï¼šåŸä¸€æ›²ç¼±ç»»è¯—è°ƒ (638/1632) has 40 songs.
INFO:[DataPipeline]:PlayList: [2933738350] ã€ä¸­åœ‹é¢¨ã€‘è½ä¸€æ›²å¤ç´å˜† (639/1632) has 125 songs.
INFO:[DataPipeline]:Sleep for: 74
INFO:[DataPipeline]:PlayList: [819526916] ã€ä¸­å›½é£ã€‘å¦‚å›½ç”»ä¸€èˆ¬çš„æµè¡Œæ­Œæ›² (640/1632) has 39 songs.
INFO:[DataPipeline]:PlayList: [3188066161] å†¬å¤©å¬å¬å”¯ç¾ä¸­å›½é£ (641/1632) has 26 songs.
INFO:[DataPipeline]:PlayList: [25725905] é¢˜ä¸‰å­—ç¼˜&#32;å¬ä¸­å›½é£ (642/1632) has 8 songs.
INFO:[DataPipeline]:PlayList: [3353958091] ç»å…¸æ€€å¿µä¸­å›½é£ (643/1632) has 6 songs.
INFO:[DataPipeline]:PlayList: [1089720048] ä¸­å›½é£ğŸ‡¨ğŸ‡³ (644/1632) has 526 songs.
INFO:[DataPipeline]:PlayList: [3557555503] æ‹æ‹ä¸­å›½é£ (645/1632) has 36 songs.
INFO:[DataPipeline]:PlayList: [1685834527] ã‚å‘¨æ°ä¼¦â™›ä¸­å›½é£ãƒ¾Jay&#32;chou (646/1632) has 147 songs.
INFO:[DataPipeline]:PlayList: [3215179038] [å¤é£]&#32;&#32;ä¸­å›½é£çº¯éŸ³ä¹&#32;å½±è§† (647/1632) has 304 songs.
INFO:[DataPipeline]:PlayList: [3259605214] ä¸­å›½é£ï¼šä¸­å›½ç”µéŸ³å´›èµ·ã€‚ (648/1632) has 29 songs.
INFO:[DataPipeline]:PlayList: [2447712300] å”¯ç¾æ­Œè¯çš„ä¸­å›½é£ (649/1632) has 33 songs.
INFO:[DataPipeline]:Sleep for: 71
INFO:[DataPipeline]:PlayList: [2240445223] ä¸­å›½é£ä¸æ­¢æœ‰å‘¨è‘£ï¼ (650/1632) has 22 songs.
INFO:[DataPipeline]:PlayList: [3666781781] æ¬§ç¾èŒƒ&#124;ä¸­å›½é£&#32;ç°ä»£ç”µå­ä¸å¤é£ç”µå­çš„ç¢°æ’ (651/1632) has 195 songs.
INFO:[DataPipeline]:PlayList: [3633527513] ä¸­å›½é£ (652/1632) has 36 songs.
INFO:[DataPipeline]:PlayList: [1701254646] é†‰ç¾ä¸­å›½é£ã€æ®‹å™æ·¡é›…æƒ… (653/1632) has 75 songs.
INFO:[DataPipeline]:PlayList: [4218652557] ä¸­å›½é£ (654/1632) has 290 songs.
INFO:[DataPipeline]:PlayList: [1302908375] ä¸­å›½é£&#32;æˆ‘çˆ±ä½ æ°¸æ’ (655/1632) has 23 songs.
INFO:[DataPipeline]:PlayList: [36068783] çµç¶é˜µé˜µ&#32;ç´å£°æ‚ æ‚ &#32;å”¯çˆ±ä¸­å›½é£ (656/1632) has 7 songs.
INFO:[DataPipeline]:PlayList: [2659466546] Â°å¤é£æ§â†’æ­Œæ›²ç™¾é¦–å¤§åˆé›†ï½¥æœ€ç¾ä¸è¿‡ä¸­å›½é£ (657/1632) has 258 songs.
INFO:[DataPipeline]:PlayList: [2946529571] JAYå¼ä¸­å›½é£ (658/1632) has 21 songs.
INFO:[DataPipeline]:PlayList: [1456253162] å¾æ¢¦åœ†â€”â€”Chinaä¸­å›½é£ç”µéŸ³ç³»åˆ— (659/1632) has 15 songs.
INFO:[DataPipeline]:Sleep for: 170
INFO:[DataPipeline]:PlayList: [2816668528] ä¸­å›½é£ã®çˆ± (660/1632) has 212 songs.
INFO:[DataPipeline]:PlayList: [874766058] ä¸­å›½é£China&#58;æµè¡Œå›½å†… (661/1632) has 120 songs.
INFO:[DataPipeline]:PlayList: [16540626] å½¼å²¸&#32;ã€èŠ±å¼€ï¼ˆä¸­å›½é£ï¼‰ (662/1632) has 4 songs.
INFO:[DataPipeline]:PlayList: [2649008155] è¿·ä¸Šç”µéŸ³ï¼ˆä¸­å›½é£ï¼‰ (663/1632) has 40 songs.
INFO:[DataPipeline]:PlayList: [1150943854] æœ€ç¾çš„ä¸­å›½é£ï¼Œå‘¨æ°ä¼¦ä¸è®¸åµ© (664/1632) has 35 songs.
INFO:[DataPipeline]:PlayList: [2897697008] ä¸‰å­—ç»ä¹‹ä¸­å›½é£ (665/1632) has 36 songs.
INFO:[DataPipeline]:PlayList: [3189965891] ç¾ç¾ä¸­å›½é£â€•â€•åˆ˜ç‚çŸ£ (666/1632) has 23 songs.
INFO:[DataPipeline]:PlayList: [876349195] ä¸­å›½é£å¦ç±»å®£æ³„å–Šéº¦ (667/1632) has 89 songs.
INFO:[DataPipeline]:PlayList: [1082329683] å”¯ç¾ä¸­å›½é£ï¼Œå¬é†‰äº†&#126; (668/1632) has 26 songs.
INFO:[DataPipeline]:PlayList: [3261099905] å‘¨æ°ä¼¦çš„ä¸­å›½é£ï¼Œè¯´çš„æ˜¯è°çš„æ•…äº‹ï¼Œè°çš„äººç”Ÿ (669/1632) has 15 songs.
INFO:[DataPipeline]:Sleep for: 56
INFO:[DataPipeline]:PlayList: [2031148601] CHINAç³»åˆ—ï¼ˆä¸­å›½é£ç”µéŸ³ï¼‰ (670/1632) has 26 songs.
INFO:[DataPipeline]:PlayList: [2955508039] ä¸­å›½é£ç”µå­ï½œç¥–å›½ä»¿ä½›è¿‘åœ¨çœ¼å‰ (671/1632) has 26 songs.
INFO:[DataPipeline]:PlayList: [1424717047] ä¸­å›½é£andå¤é£ (672/1632) has 117 songs.
INFO:[DataPipeline]:PlayList: [3495532482] â—¤ä¸­å›½é£â—¢ (673/1632) has 52 songs.
INFO:[DataPipeline]:PlayList: [1733668298] ä¸­å›½é£ï¼Œå¤å…¸ (674/1632) has 90 songs.
INFO:[DataPipeline]:PlayList: [2792678241] jayçš„ä¸­å›½é£æ­Œæ›² (675/1632) has 10 songs.
INFO:[DataPipeline]:PlayList: [1735747438] å¤é£&#38;ä¸­å›½é£ï½œæ¸…æ¬¢è€Œå·² (676/1632) has 207 songs.
INFO:[DataPipeline]:PlayList: [3218877855] å¬éŸ³ä¹é¬¼æ‰è¯ é‡Šä»–çš„è®¸å¼ä¸­å›½é£ (677/1632) has 17 songs.
INFO:[DataPipeline]:PlayList: [1758111994] æµ“æµ“ä¸­å›½é£ (678/1632) has 131 songs.
INFO:[DataPipeline]:PlayList: [1450848618] ä¸­å›½é£åè¯­èˆæ›²ç²¾é€‰ (679/1632) has 570 songs.
INFO:[DataPipeline]:Sleep for: 143
INFO:[DataPipeline]:PlayList: [843589641] ä¸­å›½é£çº¯éŸ³ä¹ (680/1632) has 25 songs.
INFO:[DataPipeline]:PlayList: [845377999] ä¸­å›½é£ (681/1632) has 432 songs.
INFO:[DataPipeline]:PlayList: [856469479] ä¸­å›½é£&#32;&#58;ç¬›ï¼ŒäºŒèƒ¡ï¼Œé™¶ç¬›ç­‰ (682/1632) has 18 songs.
INFO:[DataPipeline]:PlayList: [39988764] å˜‰äººä¸­å›½é£ï¼šè®¸èŒ¹èŠ¸çš„æ—¶å°šç¼ªæ–¯éŸ³ä¹ (683/1632) has 15 songs.
INFO:[DataPipeline]:PlayList: [2325286193] ï¼»ä¸­å›½é£ï¼½æ¡ƒèŠ±é†‰ï¼Œç¦»äººæ„ (684/1632) has 300 songs.
INFO:[DataPipeline]:PlayList: [15360322] æ·¡é›…å°è°ƒ&#32;å¤å…¸ä¸­å›½é£ (685/1632) has 5 songs.
INFO:[DataPipeline]:PlayList: [876779437] è‹±æ–‡æµè¡Œä¸ä¸­å›½é£çš„äº¤è (686/1632) has 36 songs.
INFO:[DataPipeline]:PlayList: [3272019917] ä¸­å›½é£ç”µéŸ³&#32; (687/1632) has 20 songs.
INFO:[DataPipeline]:PlayList: [2947129747] ï¼ˆà¹‘â€¢Ì€ã…‚â€¢Ìï¼‰Ùˆâœ§å‘¨æ°æƒ…æ­Œ&#38;å‘¨æ°ä¸­å›½é£ (688/1632) has 101 songs.
INFO:[DataPipeline]:PlayList: [3539452073] ä¸­å›½é£ (689/1632) has 42 songs.
INFO:[DataPipeline]:Sleep for: 94
INFO:[DataPipeline]:PlayList: [2052987946] æ¬§ç¾ç”µéŸ³ä»¥åŠä¸­å›½é£ç”µéŸ³ï¼ˆæ¨èæ¸¸æˆé£Ÿç”¨å“¦ï¼‰ (690/1632) has 243 songs.
INFO:[DataPipeline]:PlayList: [3272938305] å±äºå‘¨æ°ä¼¦çš„ä¸­å›½é£ (691/1632) has 19 songs.
INFO:[DataPipeline]:PlayList: [865618188] çº¯éŸ³ä¹ã€ç”µéŸ³ã€ä¸­å›½é£ã€‚&#10;&#10;&#10;&#10; (692/1632) has 106 songs.
INFO:[DataPipeline]:PlayList: [1135038853] ä¸­å›½é£ç”µéŸ³ï¼Œæ¬§ç¾ç”µéŸ³ï¼Œé’¢ç´æ›²ç­‰ç­‰ã€‚ï½ (693/1632) has 120 songs.
INFO:[DataPipeline]:PlayList: [2371189754] ä¸­å›½é£ç”µéŸ³ (694/1632) has 25 songs.
INFO:[DataPipeline]:PlayList: [15419519] å±ç¥å®šæ°£&#32;è†è½ä¸­å›½é£&#32; (695/1632) has 9 songs.
INFO:[DataPipeline]:PlayList: [15734238] ä¸­å›½é£ï¼Œç§¦ï¼ˆå›½ï¼‰æ®‡ (696/1632) has 14 songs.
INFO:[DataPipeline]:PlayList: [1117846680] æµè¡Œå¤é£ï¼Œä¸­å›½é£éŸ³ä¹ã€‚ (697/1632) has 41 songs.
INFO:[DataPipeline]:PlayList: [1751249950] ã€å›½é£ã€‘æ¸…é£å¤éŸµä¸­å›½é£ (698/1632) has 70 songs.
INFO:[DataPipeline]:PlayList: [2334228075] æ¬§æ´²æµè¡Œä¸ä¸­å›½é£ (699/1632) has 40 songs.
INFO:[DataPipeline]:Sleep for: 88
INFO:[DataPipeline]:PlayList: [802526473] å¤é£/ä¸­å›½é£ (700/1632) has 86 songs.
INFO:[DataPipeline]:PlayList: [3575589490] ä¸­å›½é£//åªæ„¿å›å¿ƒä¼¼æˆ‘å¿ƒï¼Œå®šä¸è´Ÿç›¸æ€æ„ (701/1632) has 17 songs.
INFO:[DataPipeline]:PlayList: [2067909038] ä¸­å›½é£æ­Œæ›²ï¼Œæ„ŸæŸ“ä½ çš„å¿ƒã€‚ (702/1632) has 49 songs.
INFO:[DataPipeline]:PlayList: [3246474686] ä¸­å›½é£æ°‘è°£ï¼ˆè¿˜æœ‰ä¸€äº›ä¸­å›½æ°‘è°£åŠè‹±è¯­æ°‘è°£ï¼‰ (703/1632) has 39 songs.
INFO:[DataPipeline]:PlayList: [3271399378] ä¸­å›½é£ç”µéŸ³&#32;&#32;å”¯ç¾å¥½å¬åˆ°çª’æ¯ (704/1632) has 14 songs.
INFO:[DataPipeline]:PlayList: [3813601079] ä¸­å›½é£ (705/1632) has 74 songs.
INFO:[DataPipeline]:PlayList: [2676068774] [ä¸­å›½é£]CHinaç”µå­çº¯éŸ³ä¹ç³»åˆ— (706/1632) has 20 songs.
INFO:[DataPipeline]:PlayList: [41039660] ä¸­å›½é£&#32;&#32;&#32;æˆå‰§ä¹Ÿç–¯ç‹‚ (707/1632) has 7 songs.
INFO:[DataPipeline]:PlayList: [2671684295] ä¸­å›½é£æ°‘è°£ (708/1632) has 553 songs.
INFO:[DataPipeline]:PlayList: [1773409132] Jay&#32;Chou&#43;ä¸­å›½é£ (709/1632) has 15 songs.
INFO:[DataPipeline]:Sleep for: 88
INFO:[DataPipeline]:PlayList: [31894287] è¥¿æ´‹ä¸‹çš„ä¸­å›½é£éŸ³ä¹ (710/1632) has 11 songs.
INFO:[DataPipeline]:PlayList: [1457713497] å‘¨æ°ä¼¦ä¸­å›½é£&#32;&#32;å¥½å¬æœ€åŠ (711/1632) has 15 songs.
INFO:[DataPipeline]:PlayList: [2864033702] å½±è§†éŸ³ä¹&#32;ä¸­å›½é£ (712/1632) has 260 songs.
INFO:[DataPipeline]:PlayList: [3575778800] [ä¸­å›½é£]å›½é£è¿·ï¼Œæˆ‘æ‰“èµŒä½ éš¾å­¦ä¼šï¼Ÿ (713/1632) has 20 songs.
INFO:[DataPipeline]:PlayList: [1083999855] æœ€ç¾ä¸­å›½é£ (714/1632) has 56 songs.
INFO:[DataPipeline]:PlayList: [1364739799] æ•²åŠ¨å¿ƒå¼¦çš„ä¸­å›½é£ (715/1632) has 32 songs.
INFO:[DataPipeline]:PlayList: [3576199125] å‘¨è‘£çš„ä¸­å›½é£æ­Œæ›² (716/1632) has 16 songs.
INFO:[DataPipeline]:PlayList: [2176694994] ç»å…¸çš„ä¸­å›½é£æ­Œæ›² (717/1632) has 241 songs.
INFO:[DataPipeline]:PlayList: [3439108421] ç»†ç»†å“å‘³ï¼Œä¸­å›½é£çš„ç‹¬ç‰¹éŸµå‘³ (718/1632) has 15 songs.
INFO:[DataPipeline]:PlayList: [1944549585] å¤é£ä¸­å›½é£ (719/1632) has 174 songs.
INFO:[DataPipeline]:Sleep for: 135
INFO:[DataPipeline]:PlayList: [854489218] æœ€ç¾ä¸­å›½é£ (720/1632) has 97 songs.
INFO:[DataPipeline]:PlayList: [3505636857] å¤é£&#32;&#32;ä¸­å›½é£ (721/1632) has 87 songs.
INFO:[DataPipeline]:PlayList: [1749305929] å‘¨æ°ä¼¦&#32;é­”æ°åº§&#32;ä¸­å›½é£&#32;è½»éŸ³ä¹ (722/1632) has 79 songs.
INFO:[DataPipeline]:PlayList: [1770604117] ä¸­å›½é£ï¼Œæ²‰é†‰ (723/1632) has 508 songs.
INFO:[DataPipeline]:PlayList: [1763738080] ä¸­å›½é£èˆ’å¿ƒçº¯éŸ³ä¹ğŸ’— (724/1632) has 38 songs.
INFO:[DataPipeline]:PlayList: [1167839367] å¤é£æ­Œæ›²ï¼Œä¸­å›½é£ (725/1632) has 60 songs.
INFO:[DataPipeline]:PlayList: [846029160] ç°ä»£ä¸­å›½é£ï¼Œå¤å…¸ï¼Œæ±‰æœèˆè¹ˆ (726/1632) has 62 songs.
INFO:[DataPipeline]:PlayList: [1174619493] ã€ä¸­å›½é£ã€‘ä¼¤æ„Ÿã€‚å’Œè°ã€‚å®‰é™ (727/1632) has 34 songs.
INFO:[DataPipeline]:PlayList: [857188551] ä¸­å›½é£ä¸¨äººç”Ÿéš¾å¯»ç™¾å‘³ï¼Œä»Šæœæœ‰é…’ä¸”å°ã€‚ (728/1632) has 50 songs.
INFO:[DataPipeline]:PlayList: [2673948383] ä¸­å›½é£&#43;å¤é£æ­Œ (729/1632) has 50 songs.
INFO:[DataPipeline]:Sleep for: 139
INFO:[DataPipeline]:PlayList: [1467458786] ä¸­å›½é£ç”µéŸ³ (730/1632) has 59 songs.
INFO:[DataPipeline]:PlayList: [1059368761] é†‰ç¾ä¸è¿‡ä¸­å›½é£ã€‚ (731/1632) has 201 songs.
INFO:[DataPipeline]:PlayList: [2671409751] æ¼«ç”» (732/1632) has 10 songs.
INFO:[DataPipeline]:PlayList: [2205357948] æµ“æµ“ä¸­å›½é£ (733/1632) has 21 songs.
INFO:[DataPipeline]:PlayList: [3590852498] ä¸­å›½é£ (734/1632) has 483 songs.
INFO:[DataPipeline]:PlayList: [2638978650] bç«™å›½äººå”±è§ä¸­å›½é£æ­Œæ›² (735/1632) has 29 songs.
INFO:[DataPipeline]:PlayList: [1446889889] å‘¨è‘£çš„ä¸­å›½é£ (736/1632) has 25 songs.
INFO:[DataPipeline]:PlayList: [1484053311] ä¸­å›½é£ã‹ (737/1632) has 251 songs.
INFO:[DataPipeline]:PlayList: [3251629660] ç”¨å¿ƒè†å¬ï¼ŒéŸµå‘³ä¸­å›½é£ç”µéŸ³ (738/1632) has 22 songs.
INFO:[DataPipeline]:PlayList: [2657805159] ä¸­å›½é£æ­Œæ›²é›† (739/1632) has 45 songs.
INFO:[DataPipeline]:Sleep for: 70
INFO:[DataPipeline]:PlayList: [2947989115] ä¸­å›½é£&#124;&#124;å¤å…¸â€²éŸ³ä¹ä¹‹è·¯ä¸€ç›´æœ‰ä½  (740/1632) has 23 songs.
INFO:[DataPipeline]:PlayList: [2971838936] ä¸­å›½é£å¥³å£° (741/1632) has 37 songs.
INFO:[DataPipeline]:PlayList: [1762269123] é£å°å¸ƒçš„ä¸­å›½é£ (742/1632) has 37 songs.
INFO:[DataPipeline]:PlayList: [2256919350] ä¼¤æƒ…ä¸­å›½é£ (743/1632) has 44 songs.
INFO:[DataPipeline]:PlayList: [795739652] å‡ ç™¾é¦–å¤é£ä¸­å›½é£æ­Œæ›² (744/1632) has 243 songs.
INFO:[DataPipeline]:PlayList: [992036200] ä¸­å›½é£ä¸¨å¤éŸµèŒƒ (745/1632) has 52 songs.
INFO:[DataPipeline]:PlayList: [2946519630] å¾æ¢¦åœ†ä¸­å›½é£Remix&#32;ä¸­å›½å›½äººç”µéŸ³ (746/1632) has 102 songs.
INFO:[DataPipeline]:PlayList: [2341648312] æ·¡é›…ä¸­å›½é£ (747/1632) has 24 songs.
INFO:[DataPipeline]:PlayList: [2362639392] ä¸­å›½é£ç”µéŸ³&#38;ä¸­å›½çš„Alan&#32;Walker (748/1632) has 28 songs.
INFO:[DataPipeline]:PlayList: [1081479293] è®¸åµ©å¼ä¸­å›½é£ (749/1632) has 33 songs.
INFO:[DataPipeline]:Sleep for: 61
INFO:[DataPipeline]:PlayList: [2081031730] æ°‘è°£ã€ä¸­å›½é£ (750/1632) has 72 songs.
INFO:[DataPipeline]:PlayList: [2356819880] 15é¦–æœ€ç¾ä¸­å›½é£ (751/1632) has 17 songs.
INFO:[DataPipeline]:PlayList: [842988388] æ‚ æ‚ ä¸€æ›²ä¸­å›½é£ï¼Œä¸€æ›²ç¦»æ®‡æ¼«ç¯±å¢™ (752/1632) has 47 songs.
INFO:[DataPipeline]:PlayList: [1450837833] ä¸€é˜µæµ“æµ“ä¸­å›½é£è¢­æ¥ä¸¨æ¢¦åœ†Chinaç³» (753/1632) has 25 songs.
INFO:[DataPipeline]:PlayList: [2675838728] äº«å—éŸµå¾‹ç¾ï¼šä¸­å›½é£ (754/1632) has 24 songs.
INFO:[DataPipeline]:PlayList: [2354769423] ä¸­å›½é£çº¯éŸ³ä¹ (755/1632) has 20 songs.
INFO:[DataPipeline]:PlayList: [2357683809] å¤é£ï¼Œä¸­å›½é£ (756/1632) has 40 songs.
INFO:[DataPipeline]:PlayList: [3252459794] å†œè¯è¶…çº§æ£’ä¸­å›½é£BGM (757/1632) has 55 songs.
INFO:[DataPipeline]:PlayList: [2968437454] çº¯éŸ³ä¹ï¼Œä¸­å›½é£ (758/1632) has 15 songs.
INFO:[DataPipeline]:PlayList: [2969009053] å¬è…»äº†åŠ²çˆ†çš„ç”µéŸ³ï¼Ÿæ¥è¯•è¯•ä¸­å›½é£çš„å§ (759/1632) has 15 songs.
INFO:[DataPipeline]:Sleep for: 151
INFO:[DataPipeline]:PlayList: [1164679054] ä¸­å›½é£ï¼Œå¤é£ (760/1632) has 85 songs.
INFO:[DataPipeline]:PlayList: [871066403] ä¸­å›½é£ä½³ä½œ (761/1632) has 106 songs.
INFO:[DataPipeline]:PlayList: [1173846600] å¤©ç±åè¯­&#32;&#32;ä¸­å›½é£&#32;&#32;&#32;ä¸€äººä¸€æ›²ä¸€ç¦»éªš (762/1632) has 45 songs.
INFO:[DataPipeline]:PlayList: [2061423387] å¤é£ä¸­å›½é£æŠ’æƒ…æ”¾é£è‡ªæˆ‘ (763/1632) has 55 songs.
INFO:[DataPipeline]:PlayList: [2799892235] è†å¬ä¸€æ›²ä¸­å›½é£ (764/1632) has 25 songs.
INFO:[DataPipeline]:PlayList: [1447639910] è®¸åµ©&#124;ä¸­å›½é£ç²¾é€‰&#32;ç‚¹å‡»é‡æœ€é«˜ (765/1632) has 23 songs.
INFO:[DataPipeline]:PlayList: [1415298551] ä¸­å›½é£ï¼šèŒ•èŒ•å­“ç«‹ï¼Œé¥æœ›ä¸€æ–¹ã€‚ (766/1632) has 150 songs.
INFO:[DataPipeline]:PlayList: [19027492] æ°´è¢–çš„éŸ³è‰²&#32;ç¦»äººçš„æ¸…æ­Œ&#32;æƒ…æ®‡ä¸­å›½é£ (767/1632) has 8 songs.
INFO:[DataPipeline]:PlayList: [2656751468] ä¸­å›½é£ï¼šä¸­å›½å¥½å£°éŸ³ (768/1632) has 305 songs.
INFO:[DataPipeline]:PlayList: [3266338566] ã€ä¸­å›½é£ã€‘çº¯ç”µéŸ³ (769/1632) has 24 songs.
INFO:[DataPipeline]:Sleep for: 122
INFO:[DataPipeline]:PlayList: [873548619] ä¸­å›½é£ï¼šåœ¨å‡„å©‰ä¸­ç¼“ç¼“å±•å¼€ (770/1632) has 37 songs.
INFO:[DataPipeline]:PlayList: [1776227456] ä¸­å›½é£å˜»å“ˆæºäºç”Ÿæ´» (771/1632) has 30 songs.
INFO:[DataPipeline]:PlayList: [3220796828] ä¸­å›½é£ (772/1632) has 707 songs.
INFO:[DataPipeline]:PlayList: [1167368433] å”¯ç¾ä¸­å›½é£&#32;&#32;[å¯„å›ä¸€æ›²ï¼Œä¸é—®æ›²ç»ˆäººæ•£&#32;] (773/1632) has 17 songs.
INFO:[DataPipeline]:PlayList: [834740737] æœ€ç‚«ä¸­å›½é£ (774/1632) has 164 songs.
INFO:[DataPipeline]:PlayList: [2035455214] ä¸­å›½é£ (775/1632) has 92 songs.
INFO:[DataPipeline]:PlayList: [3269954768] hiphopä¸­å›½é£ (776/1632) has 58 songs.
INFO:[DataPipeline]:PlayList: [871148097] ä¸­å›½é£/ç”µéŸ³&#32;made&#32;in&#32;china (777/1632) has 30 songs.
INFO:[DataPipeline]:PlayList: [1170708518] ä¸­å›½é£ï¼Œä¸­å›½æ™• (778/1632) has 15 songs.
INFO:[DataPipeline]:PlayList: [2908684659] å¤é£ä¹‹éŸµï¼Œå”¯ç¾ä¸­å›½é£ï¼ (779/1632) has 144 songs.
INFO:[DataPipeline]:Sleep for: 93
INFO:[DataPipeline]:PlayList: [2367388122] å¤é£ï¼Œä¸€ç§æ¯”ä¸­å›½é£æ›´æœ‰åº•è•´çš„å­˜åœ¨ (780/1632) has 18 songs.
INFO:[DataPipeline]:PlayList: [2530429807] å¾ªç¯å¾€å¤çš„ä¸­å›½é£ (781/1632) has 159 songs.
INFO:[DataPipeline]:PlayList: [1472917859] ã€è€³æœºç¦åˆ©ã€‘ä¸­å›½é£&#32;â™ª&#32;åŸåˆ›ç”µå­éŸ³ä¹ğŸµ (782/1632) has 61 songs.
INFO:[DataPipeline]:PlayList: [3568218234] &#95;å¤é£&#95;è‹±è¯­&#95;æ²»æ„ˆ&#95;æµè¡Œ&#95;ä¸­å›½é£&#95; (783/1632) has 132 songs.
INFO:[DataPipeline]:PlayList: [2975125898] ã€å‘¨æ°ä¼¦çš„ä¸­å›½é£ã€‘å¤ç­æ’©æ‹¨ï¼Œçµç¶æ·™æ·™ (784/1632) has 20 songs.
INFO:[DataPipeline]:PlayList: [2966178202] ä¸­å›½é£Fly&#33; (785/1632) has 17 songs.
INFO:[DataPipeline]:PlayList: [1142878175] å”¯ç¾ä¸­å›½é£ï¼Œæƒ…æ­Œæ‰å­ï¼Œå˜»å“ˆå¤©ç‹â€”â€”å‘¨æ°ä¼¦ (786/1632) has 128 songs.
INFO:[DataPipeline]:PlayList: [2377666553] ä¸­å›½é£çº¯éŸ³ä¹ (787/1632) has 20 songs.
INFO:[DataPipeline]:PlayList: [3154118621] ä¸­å›½é£æµè¡Œä¹ (788/1632) has 41 songs.
INFO:[DataPipeline]:PlayList: [792018869] ä¸­å›½é£ä¸¶å±±æœ‰æœ¨å…®æœ¨æœ‰æï¼Œå¿ƒæ‚¦å›å…®å›ä¸çŸ¥ (789/1632) has 142 songs.
INFO:[DataPipeline]:Sleep for: 93
INFO:[DataPipeline]:PlayList: [2958778735] ä¸­å›½é£&#32;&#32;ç”µéŸ³ (790/1632) has 78 songs.
INFO:[DataPipeline]:PlayList: [1063764802] æ»¡è…”ä¸­å›½é£ (791/1632) has 27 songs.
INFO:[DataPipeline]:PlayList: [2657817171] ä¸­å›½é£ç”µéŸ³ï¼Œä¸ä¸€æ ·çš„ç”µéŸ³ï¼Œç¡å‰å¿…é¡»å¬ï¼ (792/1632) has 104 songs.
INFO:[DataPipeline]:PlayList: [777968501] å¿ƒé†‰ä¸­å›½é£ (793/1632) has 56 songs.
INFO:[DataPipeline]:PlayList: [2958197780] å¸¦ä½ ä½“éªŒä¸ä¸€æ ·çš„ä¸­å›½é£ (794/1632) has 16 songs.
INFO:[DataPipeline]:PlayList: [2048209879] å…ƒå®µèŠ‚ä¸­å›½é£ (795/1632) has 34 songs.
INFO:[DataPipeline]:PlayList: [1155148932] ä¸­å›½é£ç”µéŸ³ (796/1632) has 81 songs.
INFO:[DataPipeline]:PlayList: [1175405789] ä¸­å›½é£æ­Œæ›² (797/1632) has 45 songs.
INFO:[DataPipeline]:PlayList: [2667278511] ç»å…¸ä¸­å›½é£&#46;å”±åˆ°ä½ å¿ƒä¸­ (798/1632) has 29 songs.
INFO:[DataPipeline]:PlayList: [2962368045] ç”µå­éŸ³ä¹ä¸­å›½é£ (799/1632) has 78 songs.
INFO:[DataPipeline]:Sleep for: 110
INFO:[DataPipeline]:PlayList: [3551799655] ã€ä¸­å›½é£&#32;ã€‘&#32;å›½è¯­æµè¡Œ (800/1632) has 20 songs.
INFO:[DataPipeline]:PlayList: [1170567246] ä¸­å›½é£ï¼šç”µéŸ³ (801/1632) has 31 songs.
INFO:[DataPipeline]:PlayList: [2044497722] æ‹æ‹ä¸­å›½é£ (802/1632) has 81 songs.
INFO:[DataPipeline]:PlayList: [2024598913] æ’å¤ã€å”¯ç¾ä¸­å›½é£ã€‘ (803/1632) has 245 songs.
INFO:[DataPipeline]:PlayList: [2887878640] æ— ä¸ä¼¦æ¯”ä¸­å›½é£ (804/1632) has 20 songs.
INFO:[DataPipeline]:PlayList: [1773685469] åå¼¦&#46;ä¸­å›½é£ï¼‹æµè¡Œ&#43;rap (805/1632) has 31 songs.
INFO:[DataPipeline]:PlayList: [1764756933] ä¸­å›½é£å°æ›² (806/1632) has 62 songs.
INFO:[DataPipeline]:PlayList: [1918864808] ä¸­å›½é£ (807/1632) has 978 songs.
INFO:[DataPipeline]:PlayList: [1387607596] è„©è¡Œ&#45;ä¸­å›½é¢¨&#10; (808/1632) has 20 songs.
INFO:[DataPipeline]:PlayList: [3540195520] æ–°ä¸–çºªä¸­å›½é£ç”µéŸ³ (809/1632) has 23 songs.
INFO:[DataPipeline]:Sleep for: 53
INFO:[DataPipeline]:PlayList: [2349469498] ä¸­å›½é£çº¯éŸ³ä¹ (810/1632) has 25 songs.
INFO:[DataPipeline]:PlayList: [2947528625] ä¸­å›½é£ï¼Œè†å¬ï¼Œé£æ‹‚è¿‡è€³æ¢¢ (811/1632) has 92 songs.
INFO:[DataPipeline]:PlayList: [1452166209] ä¸“ä¸šçš„ä¸­å›½é£ (812/1632) has 190 songs.
INFO:[DataPipeline]:PlayList: [737628632] æ··æ­ä¸­å›½é£ã€‚è†å¬ç¾ï¼ˆç¬¬äºŒå­£ï¼‰ (813/1632) has 47 songs.
INFO:[DataPipeline]:PlayList: [3191729298] é‚£äº›è€³ç†Ÿèƒ½è¯¦çš„ä¸­å›½é£æ­Œæ›² (814/1632) has 23 songs.
INFO:[DataPipeline]:PlayList: [2377572631] ä¸­å›½é£&#32;è¯—ç» (815/1632) has 32 songs.
INFO:[DataPipeline]:PlayList: [3570847403] ã€æ•è¾¹ä¸­å›½é£ã€‘ä¸€æ›²å¤è°ƒï¼›ä¸€ä¸–é£å (816/1632) has 21 songs.
INFO:[DataPipeline]:PlayList: [869388042] ä¸­å›½é£ã€ç”µéŸ³ã€‘ä¼´æˆ‘å…¥ç¡ (817/1632) has 46 songs.
INFO:[DataPipeline]:PlayList: [2030819540] ä¸­å›½é£ï¼šæ˜¯æœˆæµå…‰ï¼Œä¸€ä¸–ç—´ç‹‚ (818/1632) has 66 songs.
INFO:[DataPipeline]:PlayList: [2071667068] å¬å‡ºæ–°çš„ä¸­å›½é£ (819/1632) has 28 songs.
INFO:[DataPipeline]:Sleep for: 49
INFO:[DataPipeline]:PlayList: [1730788765] ä¸åŒæ›²ç±»çš„ä¸­å›½é£ï¼Œæ€»æœ‰ä¸€æ¬¾é€‚åˆä½ ã€‚ (820/1632) has 81 songs.
INFO:[DataPipeline]:PlayList: [2058927711] ã€ä¸­å›½é£ï¼‹çº¯éŸ³ä¹ã€‘&#126;china (821/1632) has 197 songs.
INFO:[DataPipeline]:PlayList: [1704475721] å¤å…¸ä¸­å›½é£è½» (822/1632) has 113 songs.
INFO:[DataPipeline]:PlayList: [1773706500] ã€ä¸­å›½é£ã€‘â€”â€”é’è¡«å­¤é…’ä¸åŠä½ çœ¼åº•çš„æ¸©æŸ”&#46; (823/1632) has 30 songs.
INFO:[DataPipeline]:PlayList: [2350899001] ã€ä¸­å›½é£/å¤é£ã€‘æµ®ç”Ÿè‹¥æ¢¦ï¼Œä¸ºæ¬¢å‡ ä½• (824/1632) has 112 songs.
INFO:[DataPipeline]:PlayList: [2379139154] ä¸­å›½é£ (825/1632) has 350 songs.
INFO:[DataPipeline]:PlayList: [3158102843] ä¸­å›½é£ (826/1632) has 967 songs.
INFO:[DataPipeline]:PlayList: [877596872] è¿™æ‰æ˜¯ç°ä»£ä¸­å›½é£&#126; (827/1632) has 146 songs.
INFO:[DataPipeline]:PlayList: [2367327024] å¤é£&#32;ã€å“å‘³ä¸­å›½é£ (828/1632) has 28 songs.
INFO:[DataPipeline]:PlayList: [2030819545] ä¸­å›½é£ï¼šä¸€å”±å±±æ²³ï¼Œæ±Ÿæ¹–å¤©ä¸‹ (829/1632) has 70 songs.
INFO:[DataPipeline]:Sleep for: 84
INFO:[DataPipeline]:PlayList: [1763396842] ä¸­å›½é£ç”µéŸ³&#32;ä¸ä¸€æ ·çš„ç‡ƒç‚¹ (830/1632) has 78 songs.
INFO:[DataPipeline]:PlayList: [3251929396] è®¸åµ©vaeä¸­å›½é£ (831/1632) has 21 songs.
INFO:[DataPipeline]:PlayList: [1137609698] CHINA&#32;&#32;ä¸­å›½é£ (832/1632) has 14 songs.
INFO:[DataPipeline]:PlayList: [2317337246] æ··æ­ä¸­å›½é£ (833/1632) has 82 songs.
INFO:[DataPipeline]:PlayList: [3269477049] ä¸­å›½é£ç”µéŸ³ (834/1632) has 75 songs.
INFO:[DataPipeline]:PlayList: [2049769401] ç²µèªâ€•â€•æ°‘è¬ å’Œä¸­åœ‹é¢¨é‡Œçš„ç´°è†© (835/1632) has 25 songs.
INFO:[DataPipeline]:PlayList: [1154358840] é™é™åœ°å¬ä¸­å›½é£ (836/1632) has 16 songs.
INFO:[DataPipeline]:PlayList: [1051771039] å›½è¯­ç³»åˆ—&#32;å”¯ç¾ä¸­å›½é£ (837/1632) has 220 songs.
INFO:[DataPipeline]:PlayList: [2752008473] æ·³æœ´ä¸­å›½é£æ­Œæ›² (838/1632) has 6 songs.
INFO:[DataPipeline]:PlayList: [3261338386] å‘¨æ°ä¼¦ä»¥å¤–çš„ä¸­å›½é£ (839/1632) has 15 songs.
INFO:[DataPipeline]:Sleep for: 116
INFO:[DataPipeline]:PlayList: [866218197] ä¸­å›½é£&#95;æ½‡æ´’éœ¸æ°”çš„æ±Ÿæ¹–è‹±é›„ (840/1632) has 15 songs.
INFO:[DataPipeline]:PlayList: [3170209295] Listen&#32;to&#32;æ¬§ç¾ä¸­å›½é£ (841/1632) has 15 songs.
INFO:[DataPipeline]:PlayList: [1452057815] ä¸­å›½é£çº¯éŸ³ä¹ (842/1632) has 16 songs.
INFO:[DataPipeline]:PlayList: [1410097794] è§¦åŠ¨å¿ƒçµå’Œæ³ªè…ºçš„å•æ›²å¾ªç¯ä¸­å›½é£ï½ (843/1632) has 19 songs.
INFO:[DataPipeline]:PlayList: [3561217861] ä¸­å›½é£ (844/1632) has 42 songs.
INFO:[DataPipeline]:PlayList: [1240645837] &#32;ä¸­å›½é£&#32;å¤–å›½åæ›²&#32;å°æ¸…æ–° (845/1632) has 29 songs.
INFO:[DataPipeline]:PlayList: [1172224608] å‰§æƒ…å”¯ç¾å¤é£ï¼ˆorä¸­å›½é£ï¼‰ä¸‰åä¸ƒé¦– (846/1632) has 53 songs.
INFO:[DataPipeline]:PlayList: [2670265299] é‡è§ä¸­å›½é£ (847/1632) has 26 songs.
INFO:[DataPipeline]:PlayList: [1160338281] ä¼˜é›…ä¸­å›½é£ (848/1632) has 22 songs.
INFO:[DataPipeline]:PlayList: [2228919018] æƒ…é†‰ä¸­å›½é£ (849/1632) has 324 songs.
