Started by upstream project "[8mha:////4A+bQWpgGeLrf62Kvp9R0kchXAV8l6qMSbpRKFffssHgAAAAnR+LCAAAAAAAAP9b85aBtbiIQTGjNKU4P08vOT+vOD8nVc83PyU1x6OyILUoJzMv2y+/JJUBAhiZGBgqihhk0NSjKDWzXb3RdlLBUSYGJk8GtpzUvPSSDB8G5tKinBIGIZ+sxLJE/ZzEvHT94JKizLx0a6BxUmjGOUNodHsLgAzuEgZB/az8JP2UxJJE3aLSvLzUIn0A55yqqsYAAAA=[0mdata-runner" build number [8mha:////4HQCA4knhyIdqMfGjt9l01EEIKToJYW1TWcwKRzOPzs4AAAAnB+LCAAAAAAAAP9b85aBtbiIQTGjNKU4P08vOT+vOD8nVc83PyU1x6OyILUoJzMv2y+/JJUBAhiZGBgqihhk0NSjKDWzXb3RdlLBUSYGJk8GtpzUvPSSDB8G5tKinBIGIZ+sxLJE/ZzEvHT94JKizLx0a6BxUmjGOUNodHsLQAygGfpZ+Un6KYklibpFpXl5qUX6JgBWrzf5xwAAAA==[0m4
originally caused by:
 Started by user [8mha:////4AvbKtqCpWGC4/9vlaAOyQD+y56HOfLOpPpkD7K9YRsAAAAAlx+LCAAAAAAAAP9b85aBtbiIQTGjNKU4P08vOT+vOD8nVc83PyU1x6OyILUoJzMv2y+/JJUBAhiZGBgqihhk0NSjKDWzXb3RdlLBUSYGJk8GtpzUvPSSDB8G5tKinBIGIZ+sxLJE/ZzEvHT94JKizLx0a6BxUmjGOUNodHsLgAzWEgZu/dLi1CL9xJTczDwAj6GcLcAAAAA=[0madmin
Running as SYSTEM
Building in workspace /var/root/.jenkins/workspace/data-minyao
using credential root
 > git rev-parse --is-inside-work-tree # timeout=10
Fetching changes from the remote Git repository
 > git config remote.origin.url git@github.com:kirinisland/datapipe.git # timeout=10
Fetching upstream changes from git@github.com:kirinisland/datapipe.git
 > git --version # timeout=10
using GIT_SSH to set credentials 
 > git fetch --tags --force --progress -- git@github.com:kirinisland/datapipe.git +refs/heads/*:refs/remotes/origin/* # timeout=10
 > git rev-parse refs/remotes/origin/master^{commit} # timeout=10
 > git rev-parse refs/remotes/origin/origin/master^{commit} # timeout=10
Checking out Revision 6c4ba6bc2c1aca3d28fa806ca0767e83ea586636 (refs/remotes/origin/master)
 > git config core.sparsecheckout # timeout=10
 > git checkout -f 6c4ba6bc2c1aca3d28fa806ca0767e83ea586636 # timeout=10
Commit message: "updated api"
 > git rev-list --no-walk 6c4ba6bc2c1aca3d28fa806ca0767e83ea586636 # timeout=10
[data-minyao] $ /bin/sh -xe /var/folders/zz/zyxvpxvq6csfxvn_n0000000000000/T/jenkins330193113675976754.sh
+ python3 runner_qq.py --method search --query $'\346\260\221\350\260\243' --output-suffix minyao --dump-raw 1 --dump-seg 0
INFO:[DataPipeline]:Start crawling for query: æ°‘è°£
INFO:[DataPipeline]:Processing playlist page: 0, found 50 playlists
INFO:[DataPipeline]:Processing playlist page: 1, found 50 playlists
INFO:[DataPipeline]:Processing playlist page: 2, found 49 playlists
INFO:[DataPipeline]:Processing playlist page: 3, found 48 playlists
INFO:[DataPipeline]:Processing playlist page: 4, found 50 playlists
INFO:[DataPipeline]:Processing playlist page: 5, found 50 playlists
INFO:[DataPipeline]:Processing playlist page: 6, found 50 playlists
INFO:[DataPipeline]:Processing playlist page: 7, found 49 playlists
INFO:[DataPipeline]:Processing playlist page: 8, found 48 playlists
INFO:[DataPipeline]:Processing playlist page: 9, found 49 playlists
INFO:[DataPipeline]:Processing playlist page: 10, found 48 playlists
INFO:[DataPipeline]:Processing playlist page: 11, found 48 playlists
INFO:[DataPipeline]:Processing playlist page: 12, found 49 playlists
INFO:[DataPipeline]:Processing playlist page: 13, found 50 playlists
INFO:[DataPipeline]:Processing playlist page: 14, found 50 playlists
INFO:[DataPipeline]:Processing playlist page: 15, found 50 playlists
INFO:[DataPipeline]:Processing playlist page: 16, found 49 playlists
INFO:[DataPipeline]:Processing playlist page: 17, found 49 playlists
INFO:[DataPipeline]:Processing playlist page: 18, found 50 playlists
INFO:[DataPipeline]:Processing playlist page: 19, found 50 playlists
INFO:[DataPipeline]:Processing playlist page: 20, found 50 playlists
INFO:[DataPipeline]:Processing playlist page: 21, found 50 playlists
INFO:[DataPipeline]:Processing playlist page: 22, found 50 playlists
INFO:[DataPipeline]:Processing playlist page: 23, found 50 playlists
INFO:[DataPipeline]:Processing playlist page: 24, found 16 playlists
INFO:[DataPipeline]:Processing playlist page: 25, found 6 playlists
INFO:[DataPipeline]:Processing playlist page: 26, found 21 playlists
INFO:[DataPipeline]:Processing playlist page: 27, found 44 playlists
INFO:[DataPipeline]:Processing playlist page: 28, found 39 playlists
INFO:[DataPipeline]:Processing playlist page: 29, found 49 playlists
INFO:[DataPipeline]:Processing playlist page: 30, found 21 playlists
INFO:[DataPipeline]:Processing playlist page: 31, found 21 playlists
INFO:[DataPipeline]:Processing playlist page: 32, found 41 playlists
INFO:[DataPipeline]:Processing playlist page: 33, found 47 playlists
INFO:[DataPipeline]:Processing playlist page: 34, found 42 playlists
INFO:[DataPipeline]:Processing playlist page: 35, found 21 playlists
INFO:[DataPipeline]:Processing playlist page: 36, found 0 playlists
INFO:[DataPipeline]:Total playlists found about topic: æ°‘è°£: 1554
INFO:[DataPipeline]:PlayList: [7269560843] åè¯­&#124;&#32;æ°‘è°£åœ¨è·¯ä¸Š (0/1554) has 30 songs.
INFO:[DataPipeline]:PlayList: [7280726307] åè¯­&#32;&#124;&#32;æš–å¿ƒæ°‘è°£ (1/1554) has 26 songs.
INFO:[DataPipeline]:PlayList: [5109299040] æ°‘è°£è¯—é…’é“º (2/1554) has 33 songs.
INFO:[DataPipeline]:PlayList: [7344474241] æ°‘è°£ç”·å£°&#32;Â·&#32;å±è”½çº·çº·æ‰°æ‰° (3/1554) has 22 songs.
INFO:[DataPipeline]:PlayList: [7275444654] åè¯­æ°‘è°£&#124;&#32;ç†æƒ³å¿— (4/1554) has 23 songs.
INFO:[DataPipeline]:PlayList: [6947366186] æ™šç­å½’å®¶é€”ä¸­çš„æš–å¿ƒæ°‘è°£ (5/1554) has 46 songs.
INFO:[DataPipeline]:PlayList: [7023269050] æ°‘è°£&#32;Â·&#32;ä¸€äººç‹¬äº«å®‰é™æ—¶åˆ» (6/1554) has 20 songs.
INFO:[DataPipeline]:PlayList: [7270854675] åè¯­æ°‘è°£&#32;&#124;&#32;æˆ–è®¸ä½ ä¹Ÿå¬è¿‡ (7/1554) has 32 songs.
INFO:[DataPipeline]:PlayList: [7365352274] æ°‘è°£ç”·å£°ï¼šå”±ç»™ä½ å¿ƒä¸­çš„é‚£ä¸ªå¥³å­© (8/1554) has 20 songs.
INFO:[DataPipeline]:PlayList: [6967377538] æ¸…æ–°æ°‘è°£&#32;Â·&#32;è®©å¤æ—¥ä¸å†ç‡¥çƒ­ (9/1554) has 20 songs.
INFO:[DataPipeline]:Sleep for: 68
INFO:[DataPipeline]:PlayList: [3772360534] ä¼¤æ„Ÿæ°‘è°£ï¼šå§‘å¨˜æˆ‘æƒ³ä½ ï¼Œä½ å¯çŸ¥é“ (10/1554) has 21 songs.
INFO:[DataPipeline]:PlayList: [7026150751] æ°‘è°£&#32;&#124;&#32;æ²¡æœ‰ä½ &#32;æ•…äº‹å“ªæœ‰ç»“å°¾ (11/1554) has 45 songs.
INFO:[DataPipeline]:PlayList: [6814158548] æš–å¿ƒæ°‘è°£ï¼šèåŒ–ç”Ÿæ´»ä¸­çš„å¿§ä¼¤ (12/1554) has 32 songs.
INFO:[DataPipeline]:PlayList: [861218535] 400ä½åè¯­æ°‘è°£æ­Œæ‰‹ï¼Œä¸€äººä¸€é¦–å…¥è€³æ›² (13/1554) has 400 songs.
INFO:[DataPipeline]:PlayList: [7064172394] æ°‘è°£&#32;Â·&#32;å››æµ·ä¸ºå®¶ï¼Œå„å®‰å¤©ä¸‹ (14/1554) has 30 songs.
INFO:[DataPipeline]:PlayList: [7278376187] åè¯­æ°‘è°£&#32;&#124;&#32;æ‚ é—²æ—¶å…‰ (15/1554) has 28 songs.
INFO:[DataPipeline]:PlayList: [7270869375] åè¯­æ°‘è°£&#32;&#124;&#32;ä½åŸæµ…å”± (16/1554) has 28 songs.
INFO:[DataPipeline]:PlayList: [6985347879] åè¯­æ°‘è°£ï¼šæ•…äº‹å’Œä½ ï¼Œå¦‚é…’æµ“çƒˆ (17/1554) has 26 songs.
INFO:[DataPipeline]:PlayList: [7043128804] &#32;æ°‘è°£åšç‰©é¦†ï¼šè¯—äººçš„è½»å¿«ç©ºé—´ (18/1554) has 30 songs.
INFO:[DataPipeline]:PlayList: [7052176045] åè¯­æ°‘è°£&#32;Â·&#32;å®‰æŠšç–²æƒ«çš„å¿ƒ (19/1554) has 20 songs.
INFO:[DataPipeline]:Sleep for: 135
INFO:[DataPipeline]:PlayList: [7217122000] æ¸©æŸ”æ°‘è°£ï¼šç›´æŠµå†…å¿ƒæŸ”è½¯å¤„ (20/1554) has 31 songs.
INFO:[DataPipeline]:PlayList: [7285148674] æ°‘è°£&#32;Â·&#32;å’Œä½ ä¹¦å†™å¹³æ·¡çˆ±æƒ… (21/1554) has 20 songs.
INFO:[DataPipeline]:PlayList: [6638891608] æ¸…æ–°æ°‘è°£&#32;ï¼šå¤æ—¥æ ‘è«é‡Œçš„æƒ¬æ„ (22/1554) has 43 songs.
INFO:[DataPipeline]:PlayList: [7271047439] åè¯­æ°‘è°£&#32;&#124;&#32;æ—¥å…‰æ­£å¥½ (23/1554) has 27 songs.
INFO:[DataPipeline]:PlayList: [7190702514] æ°‘è°£æ•…äº‹ï¼šæƒ³æŠŠæˆ‘å”±ç»™ä½ å¬ (24/1554) has 20 songs.
INFO:[DataPipeline]:PlayList: [3722109963] å†·é—¨æ°‘è°£ï¼šä¸â€œä¼—â€ä¸åŒ&#32; (25/1554) has 23 songs.
INFO:[DataPipeline]:PlayList: [7270872159] åè¯­æ°‘è°£&#32;&#124;&#32;é’è‘±è®°å¿† (26/1554) has 27 songs.
INFO:[DataPipeline]:PlayList: [6928423659] æ‹æ‹æ°‘è°£&#32;&#124;&#32;è½»æ‹¨ç´å¼¦ï¼Œè¯´æˆ‘çˆ±ä½  (27/1554) has 23 songs.
INFO:[DataPipeline]:PlayList: [7278384968] æ°‘è°£&#32;&#124;&#32;æ™’ä¸ªå¤ªé˜³æš–æ´‹æ´‹ (28/1554) has 22 songs.
INFO:[DataPipeline]:PlayList: [7271051209] åè¯­æ°‘è°£&#32;&#124;&#32;å›å®¶è·¯ä¸Š (29/1554) has 27 songs.
INFO:[DataPipeline]:Sleep for: 163
INFO:[DataPipeline]:PlayList: [6948765328] åè¯­æ°‘è°£ï¼šè—åœ¨æ•…äº‹é‡Œçš„å§‘å¨˜ (30/1554) has 78 songs.
INFO:[DataPipeline]:PlayList: [7270870842] åè¯­æ°‘è°£&#32;&#124;&#32;å¯çˆ±çš„ä½  (31/1554) has 27 songs.
INFO:[DataPipeline]:PlayList: [7265381810] æ¬§ç¾æ°‘è°£ï¼Œè¿œç¦»å–§åš£çš„é™è°§å°é•‡ (32/1554) has 21 songs.
INFO:[DataPipeline]:PlayList: [4152430919] æ¬§ç¾éšè®°&#32;â€¢&#32;æ°‘è°£é‡Œçš„æ¸…æ–°å°è°ƒ (33/1554) has 38 songs.
INFO:[DataPipeline]:PlayList: [7271049341] åè¯­æ°‘è°£&#32;&#124;&#32;ä¸”å¬é£åŸ (34/1554) has 25 songs.
INFO:[DataPipeline]:PlayList: [7252361810] æ°‘è°£ä¸¨ç‹¬è‡ªå¬éäººé—´æ•…äº‹ (35/1554) has 38 songs.
INFO:[DataPipeline]:PlayList: [6929880835] æ°‘è°£çºªå¿µå†Œ&#32;&#58;&#32;æ˜¥æš–èŠ±å¼€ï¼Œæ€å¿µæˆæµ· (36/1554) has 32 songs.
INFO:[DataPipeline]:PlayList: [7189426304] äº”å‘³æ‚é™ˆï¼šæ€»æœ‰ä¸€é¦–æ°‘è°£æ˜¯è§£è¯ (37/1554) has 34 songs.
INFO:[DataPipeline]:PlayList: [7075723697] æ°‘è°£ä¸æ˜¯é™ˆè¯æ»¥è°ƒï¼Œåªæ˜¯æ•…äº‹å‘äº†é…µ (38/1554) has 52 songs.
INFO:[DataPipeline]:PlayList: [7074538435] æ·±æƒ…æ°‘è°£ä¸¨æš–é˜³æ¸©æŸ”ä¼¼å›å¿ƒ (39/1554) has 37 songs.
INFO:[DataPipeline]:Sleep for: 77
INFO:[DataPipeline]:PlayList: [6957903200] è½»å¿«æ°‘è°£&#32;Â·&#32;è‰è“å‘³å°æƒ…æ­Œ (40/1554) has 22 songs.
INFO:[DataPipeline]:PlayList: [6823223070] è¾¾äººå‘¨æœ«&#32;&#124;&#32;é€‚åˆè¸é’å¬çš„åè¯­æ°‘è°£ (41/1554) has 30 songs.
INFO:[DataPipeline]:PlayList: [7228612607] ä¸€é¦–æ°‘è°£ï¼Œé€ƒç¦»åŒå¤§çš„åŸå¸‚ (42/1554) has 39 songs.
INFO:[DataPipeline]:PlayList: [6882933524] é™å¿ƒæ°‘è°£ï¼šç”¨æ¸©æš–å‘Šåˆ«å¿§ä¼¤ (43/1554) has 26 songs.
INFO:[DataPipeline]:PlayList: [7072786380] èˆ’å¿ƒæ°‘è°£ï¼šå‡ç‡¥çš„æ¸…å‡‰å‘³é“ (44/1554) has 42 songs.
INFO:[DataPipeline]:PlayList: [7270385730] åè¯­æ°‘è°£&#124;&#32;åœ¨å¼‚ä¹¡ (45/1554) has 22 songs.
INFO:[DataPipeline]:PlayList: [7097547552] æ²»æ„ˆæ°‘è°£ï¼Œé—ªçƒåœ¨å¿ƒåº•çš„è¤ç« (46/1554) has 25 songs.
INFO:[DataPipeline]:PlayList: [6917207230] ä½›ç³»æ°‘è°£&#32;ï¼šé—­çœ¼çœ‹ä¸–ç•Œ (47/1554) has 33 songs.
INFO:[DataPipeline]:PlayList: [7024582292] é™å¿ƒæ°‘è°£ï¼šå¤æ—¥æ¸…å‡‰ä¸“äº« (48/1554) has 28 songs.
INFO:[DataPipeline]:PlayList: [7004322047] å¾®é†ºçƒŸå—“æ°‘è°£&#32;&#124;&#32;å¬åˆ°é†‰æ—¶æ–¹è§£å¿§ (49/1554) has 25 songs.
INFO:[DataPipeline]:Sleep for: 180
INFO:[DataPipeline]:PlayList: [7068094876] æ°‘è°£ï¼šåé‡Œæ˜¥é£ï¼Œä¸åŠä½ æ‰£å¼¦ä¸€è¯­ (50/1554) has 46 songs.
INFO:[DataPipeline]:PlayList: [7021918213] ä¸­å›½é£æ°‘è°£&#32;&#124;&#32;å¼¹æŒ‡é—´ï¼Œåƒå¹´é€ (51/1554) has 28 songs.
INFO:[DataPipeline]:PlayList: [6987887236] å¿ƒé…¸æ°‘è°£ï½œå­¤ç‹¬è¯—äººé¢ ç°¸æ•…äº‹ (52/1554) has 39 songs.
INFO:[DataPipeline]:PlayList: [6947819714] ç¡å‰æ°‘è°£&#32;Â·&#32;äº«å—å¤œæ™šçš„å®è°§ (53/1554) has 25 songs.
INFO:[DataPipeline]:PlayList: [7222869273] å°ä¼—æ°‘è°£&#32;&#124;&#32;ç”Ÿæ´»æœ€åˆçš„æ¨¡æ · (54/1554) has 31 songs.
INFO:[DataPipeline]:PlayList: [7038182843] æ°‘è°£ä¸¨å”±ç”Ÿæ´»æœ¬æ¥çš„æ ·å­ (55/1554) has 28 songs.
INFO:[DataPipeline]:PlayList: [7086641073] ç¡å‰å°æ›²&#32;Â·&#32;è‹¦å‘³æ°‘è°£ä¼´ä½ å…¥æ¢¦ (56/1554) has 20 songs.
INFO:[DataPipeline]:PlayList: [6964018684] èŒ¶å‡‰å¯ç»­&#32;Â·&#32;å¯„äºæ°‘è°£ä¸­çš„å­¤ç‹¬ (57/1554) has 31 songs.
INFO:[DataPipeline]:PlayList: [7047576172] æ°‘è°£ï¼šæœªå¿…æƒŠè‰³ï¼Œä¸€å®šèµ°å¿ƒ (58/1554) has 47 songs.
INFO:[DataPipeline]:PlayList: [7276455197] åè¯­æ°‘è°£&#124;&#32;æ•è¾¹éšæƒ³ (59/1554) has 21 songs.
INFO:[DataPipeline]:Sleep for: 76
INFO:[DataPipeline]:PlayList: [6928005649] åŸæ¸¸è¯—äºº&#32;&#124;&#32;é£ä¸­é¢‚å”±å¼‚å›½æ°‘è°£&#32; (60/1554) has 26 songs.
INFO:[DataPipeline]:PlayList: [6911101421] åè¯­æ°‘è°£&#32;&#58;&#32;æŠŠåå­—è®°è¿°åœ¨æ­Œé‡Œ (61/1554) has 36 songs.
INFO:[DataPipeline]:PlayList: [7038772310] å°èµ„æƒ…è°ƒ&#32;Â·&#32;å’–å•¡é¦†é™å¿ƒæ°‘è°£ (62/1554) has 24 songs.
INFO:[DataPipeline]:PlayList: [7094416356] æš–å¿ƒæ°‘è°£&#32;&#58;&#32;è¿™ä¸€ç”Ÿå…³äºä½ çš„é£æ™¯ (63/1554) has 19 songs.
INFO:[DataPipeline]:PlayList: [813783126] å¬äº†è¿™äº›æ­Œçˆ±ä¸Šäº†æ°‘è°£ (64/1554) has 100 songs.
INFO:[DataPipeline]:PlayList: [4227252301] é€‚åˆåœ¨ç§»åŠ¨Kæˆ¿é‡Œå”±çš„åè¯­æ°‘è°£ (65/1554) has 35 songs.
INFO:[DataPipeline]:PlayList: [7019488378] æ°‘è°£æƒ…ä¿¡&#32;&#58;&#32;äºˆä½ æ‰‹å¿ƒçš„æ¸©æš– (66/1554) has 28 songs.
INFO:[DataPipeline]:PlayList: [6998129452] æœªå®ç°çš„æ¢¦æƒ³ï¼Œéƒ½è°±æˆäº†æ°‘è°£ (67/1554) has 35 songs.
INFO:[DataPipeline]:PlayList: [6915247651] è‹¦æ¶©æ°‘è°£&#32;â€¢&#32;æ›¾ç»äººçº¦é»„æ˜ (68/1554) has 22 songs.
INFO:[DataPipeline]:PlayList: [3762511678] ã€ŒæŠ–éŸ³ã€æŠ–å‹éƒ½åœ¨å¬çš„çƒ­é—¨åè¯­æ°‘è°£ (69/1554) has 173 songs.
INFO:[DataPipeline]:Sleep for: 143
INFO:[DataPipeline]:PlayList: [2370564757] ã€Œæ°‘è°£ã€æ˜¯æ¯’è¯ï¼Œä¹Ÿæ˜¯è‰¯è¯ (70/1554) has 99 songs.
INFO:[DataPipeline]:PlayList: [2058943165] æ°‘è°£é›†ï¼š20å²æ—¶å˜æˆäº†ä¸€ä¸ªç”¨æ•…äº‹ä¸‹é…’çš„äºº (71/1554) has 109 songs.
INFO:[DataPipeline]:PlayList: [2932135401] å‰ä»–ä¼´æ°‘è°£ï¼š50é¦–å…³äºé’å¹´çš„æš–å¿ƒè¯— (72/1554) has 50 songs.
INFO:[DataPipeline]:PlayList: [2372160429] æ²¡æœ‰æµé‡ä¹Ÿè¦ä¸‹è½½çš„100é¦–æ¬§ç¾æ°‘è°£ (73/1554) has 103 songs.
INFO:[DataPipeline]:PlayList: [1135117913] ç¼–è¾‘æ¨èï½œæ°‘è°£å¥³å£°ï¼ŒæƒŠè‰³é€å½»å£°çº¿ (74/1554) has 50 songs.
INFO:[DataPipeline]:PlayList: [3536845247] æ¬§ç¾ï½œæ¸…é€èˆ’é€‚çš„æ°‘è°£å°è°ƒ (75/1554) has 40 songs.
INFO:[DataPipeline]:PlayList: [2273669640] å°ç±³ç²¥å¼æ°‘è°£ï¼šåˆä¼‘æ—¶æ®µçš„æ¸…å‡‰è°ƒ (76/1554) has 51 songs.
INFO:[DataPipeline]:PlayList: [2688561996] æ±Ÿæ¹–æ°‘è°£å¥³å­ï¼šéª¨å­é‡Œçš„å‚²æ°”ä¸æ¸©æŸ” (77/1554) has 47 songs.
INFO:[DataPipeline]:PlayList: [6474330785] æ°‘è°£æ•…äº‹ï¼šæœ‰äº›äººï¼Œé”™è¿‡å°±é”™è¿‡å§ (78/1554) has 30 songs.
INFO:[DataPipeline]:PlayList: [7277345291] åè¯­&#124;&#32;æ—©å®‰æ°‘è°£ (79/1554) has 20 songs.
INFO:[DataPipeline]:Sleep for: 108
INFO:[DataPipeline]:PlayList: [3779582197] æ°‘è°£å¯¹å”±ï¼šæ–‡è‰ºé’å¹´çš„æŸ”å£°å€¾è¯‰ (80/1554) has 41 songs.
INFO:[DataPipeline]:PlayList: [811118822] æ°‘è°£æ­Œæ‰‹æ˜¯æ€ä¹ˆçœ‹å¾…çˆ±æƒ…çš„ (81/1554) has 50 songs.
INFO:[DataPipeline]:PlayList: [3269004721] æ°‘è°£å¦‚é…’&#32;å…¥å–‰é†‰å¿ƒ (82/1554) has 251 songs.
--- Logging error ---
Traceback (most recent call last):
  File "/Library/Python/3.7/site-packages/urllib3/connection.py", line 157, in _new_conn
    (self._dns_host, self.port), self.timeout, **extra_kw
  File "/Library/Python/3.7/site-packages/urllib3/util/connection.py", line 84, in create_connection
    raise err
  File "/Library/Python/3.7/site-packages/urllib3/util/connection.py", line 74, in create_connection
    sock.connect(sa)
TimeoutError: [Errno 60] Operation timed out

During handling of the above exception, another exception occurred:

Traceback (most recent call last):
  File "/Library/Python/3.7/site-packages/urllib3/connectionpool.py", line 672, in urlopen
    chunked=chunked,
  File "/Library/Python/3.7/site-packages/urllib3/connectionpool.py", line 376, in _make_request
    self._validate_conn(conn)
  File "/Library/Python/3.7/site-packages/urllib3/connectionpool.py", line 994, in _validate_conn
    conn.connect()
  File "/Library/Python/3.7/site-packages/urllib3/connection.py", line 300, in connect
    conn = self._new_conn()
  File "/Library/Python/3.7/site-packages/urllib3/connection.py", line 169, in _new_conn
    self, "Failed to establish a new connection: %s" % e
urllib3.exceptions.NewConnectionError: <urllib3.connection.VerifiedHTTPSConnection object at 0x10df379e8>: Failed to establish a new connection: [Errno 60] Operation timed out

During handling of the above exception, another exception occurred:

Traceback (most recent call last):
  File "/Library/Python/3.7/site-packages/requests/adapters.py", line 449, in send
    timeout=timeout
  File "/Library/Python/3.7/site-packages/urllib3/connectionpool.py", line 720, in urlopen
    method, url, error=e, _pool=self, _stacktrace=sys.exc_info()[2]
  File "/Library/Python/3.7/site-packages/urllib3/util/retry.py", line 436, in increment
    raise MaxRetryError(_pool, url, error or ResponseError(cause))
urllib3.exceptions.MaxRetryError: HTTPSConnectionPool(host='c.y.qq.com', port=443): Max retries exceeded with url: /lyric/fcgi-bin/fcg_query_lyric.fcg?g_tk=5381&format=json&inCharset=utf-8&outCharset=utf-8&platform=h5&needNewCode=1&nobase64=1&musicid=104124790&_=1513437581324 (Caused by NewConnectionError('<urllib3.connection.VerifiedHTTPSConnection object at 0x10df379e8>: Failed to establish a new connection: [Errno 60] Operation timed out'))

During handling of the above exception, another exception occurred:

Traceback (most recent call last):
  File "runner_qq.py", line 60, in process_playlist
    lyric = api.get_song_lyric(song.id)
  File "/private/var/root/.jenkins/workspace/data-minyao/dao/qq_api.py", line 43, in get_song_lyric
    raw_text = self.fetch_raw(url)
  File "/private/var/root/.jenkins/workspace/data-minyao/dao/base_api.py", line 33, in fetch_raw
    verify=False)
  File "/Library/Python/3.7/site-packages/requests/api.py", line 75, in get
    return request('get', url, params=params, **kwargs)
  File "/Library/Python/3.7/site-packages/requests/api.py", line 60, in request
    return session.request(method=method, url=url, **kwargs)
  File "/Library/Python/3.7/site-packages/requests/sessions.py", line 533, in request
    resp = self.send(prep, **send_kwargs)
  File "/Library/Python/3.7/site-packages/requests/sessions.py", line 646, in send
    r = adapter.send(request, **kwargs)
  File "/Library/Python/3.7/site-packages/requests/adapters.py", line 516, in send
    raise ConnectionError(e, request=request)
requests.exceptions.ConnectionError: HTTPSConnectionPool(host='c.y.qq.com', port=443): Max retries exceeded with url: /lyric/fcgi-bin/fcg_query_lyric.fcg?g_tk=5381&format=json&inCharset=utf-8&outCharset=utf-8&platform=h5&needNewCode=1&nobase64=1&musicid=104124790&_=1513437581324 (Caused by NewConnectionError('<urllib3.connection.VerifiedHTTPSConnection object at 0x10df379e8>: Failed to establish a new connection: [Errno 60] Operation timed out'))

During handling of the above exception, another exception occurred:

Traceback (most recent call last):
  File "/Library/Developer/CommandLineTools/Library/Frameworks/Python3.framework/Versions/3.7/lib/python3.7/logging/__init__.py", line 1034, in emit
    msg = self.format(record)
  File "/Library/Developer/CommandLineTools/Library/Frameworks/Python3.framework/Versions/3.7/lib/python3.7/logging/__init__.py", line 880, in format
    return fmt.format(record)
  File "/Library/Developer/CommandLineTools/Library/Frameworks/Python3.framework/Versions/3.7/lib/python3.7/logging/__init__.py", line 619, in format
    record.message = record.getMessage()
  File "/Library/Developer/CommandLineTools/Library/Frameworks/Python3.framework/Versions/3.7/lib/python3.7/logging/__init__.py", line 380, in getMessage
    msg = msg % self.args
TypeError: not all arguments converted during string formatting
Call stack:
  File "runner_qq.py", line 158, in <module>
    main()
  File "runner_qq.py", line 145, in main
    args.proxy, logger, args.dump_raw, args.dump_seg)
  File "runner_qq.py", line 70, in process_playlist
    logger.error("Exception in processing songs: ", err)
Message: 'Exception in processing songs: '
Arguments: (ConnectionError(MaxRetryError("HTTPSConnectionPool(host='c.y.qq.com', port=443): Max retries exceeded with url: /lyric/fcgi-bin/fcg_query_lyric.fcg?g_tk=5381&format=json&inCharset=utf-8&outCharset=utf-8&platform=h5&needNewCode=1&nobase64=1&musicid=104124790&_=1513437581324 (Caused by NewConnectionError('<urllib3.connection.VerifiedHTTPSConnection object at 0x10df379e8>: Failed to establish a new connection: [Errno 60] Operation timed out'))")),)
INFO:[DataPipeline]:PlayList: [7277658071] åè¯­&#124;&#32;æ™šå®‰æ°‘è°£ (83/1554) has 20 songs.
INFO:[DataPipeline]:PlayList: [4193769821] é€‚åˆåšæ‰‹æœºé“ƒå£°çš„æ¸…æ–°æ°‘è°£ (84/1554) has 50 songs.
INFO:[DataPipeline]:PlayList: [3613980452] ç«™å†…è¯„è®º999&#43;æ°‘è°£æ­Œæ›² (85/1554) has 100 songs.
INFO:[DataPipeline]:PlayList: [2944763610] äººç”Ÿæ‰€æœ‰çš„é…’ï¼Œéƒ½ä¸å¦‚å¬æ°‘è°£ä¸€é¦– (86/1554) has 47 songs.
INFO:[DataPipeline]:PlayList: [1167623725] ã€Œæ°‘è°£ã€å­¤ç‹¬çš„æ—…äººï¼Œè¯—æ„çš„è¿œæ–¹ (87/1554) has 175 songs.
INFO:[DataPipeline]:PlayList: [796973594] æ°‘è°£æœ‰æ¯’ï¼Œä½ å› ä¸ºå“ªé¦–æ­Œçˆ±ä¸Šäº†æ°‘è°£ï¼Ÿ (88/1554) has 66 songs.
INFO:[DataPipeline]:PlayList: [5538465260] æš–å¿ƒå‘æ°‘è°£ï¼šç»™äºˆæŒå¿ƒçš„ä¸€æŠ¹æ¸©åº¦ (89/1554) has 47 songs.
INFO:[DataPipeline]:Sleep for: 88
INFO:[DataPipeline]:PlayList: [869068495] è½¦è½½æ°‘è°£ï¼šè·¯ä¸Šé‡è§æœ€ç¾å¥½çš„è‡ªå·± (90/1554) has 52 songs.
INFO:[DataPipeline]:PlayList: [1469897660] &#32;ã€Œæ°‘è°£ã€é€ç»™è‡ªå·±çš„æ¸©æš– (91/1554) has 141 songs.
INFO:[DataPipeline]:PlayList: [4101375042] æ¯•ä¸šé‚£å¹´ï¼Œæ ¡å›­å¹¿æ’­æ”¾ç€çš„æ°‘è°£ (92/1554) has 42 songs.
INFO:[DataPipeline]:PlayList: [1768214343] å‰ä»–é…æ°‘è°£ï¼šå­¤ç‹¬æ—…äººçš„æš–å¿ƒè‰¯è¯ (93/1554) has 56 songs.
INFO:[DataPipeline]:PlayList: [2391922476] è¯—å’Œè¿œæ–¹ï¼æˆ‘æŠŠæ€ç»ªå†™åœ¨æ°‘è°£é‡Œ (94/1554) has 73 songs.
INFO:[DataPipeline]:PlayList: [861744016] ã€Œæ°‘è°£ã€é‚£ä¸ªå‡ºç°åœ¨ä½ ç”Ÿå‘½ä¸­çš„å§‘å¨˜ (95/1554) has 37 songs.
INFO:[DataPipeline]:PlayList: [3778307996] å®‰é™æ–°æ°‘è°£ï¼šä¸Šç­æ—çš„å‡å‹è‰¯è¯ (96/1554) has 44 songs.
INFO:[DataPipeline]:PlayList: [1158429126] åè¯­æ°‘è°£é›†ï¼šå¬å¬é‚£äº›ç‹¬ç«‹æ­Œæ‰‹çš„çˆ±æƒ… (97/1554) has 55 songs.
INFO:[DataPipeline]:PlayList: [6747928266] é™å¿ƒæ°‘è°£ï¼šé¢“åºŸæ€ç»ªå®‰å¿ƒå‰‚ (98/1554) has 41 songs.
INFO:[DataPipeline]:PlayList: [3990747401] åè¯­å½“ä»£æ°‘è°£50é¦– (99/1554) has 57 songs.
INFO:[DataPipeline]:Sleep for: 110
INFO:[DataPipeline]:PlayList: [3793479875] ä¼¤æ„Ÿæ°‘è°£ï¼šå¾€äº‹æ·¡ç„¶ï¼Œå­¤ç‹¬æˆæ®‡ (100/1554) has 33 songs.
INFO:[DataPipeline]:PlayList: [816052194] æ°‘è°£ä¸¨å¿ƒç—›çš„55ä¸ªç¬é—´ (101/1554) has 55 songs.
INFO:[DataPipeline]:PlayList: [3276314861] å–œæ¬¢æ°‘è°£çš„ç”·å­©éƒ½æ˜¯ä¸€åªå†™æ»¡å­¤ç‹¬çš„é±¼ (102/1554) has 50 songs.
INFO:[DataPipeline]:PlayList: [4160796668] åè¯­æ°‘è°£æ— æŸéŸ³ä¹50é¦– (103/1554) has 50 songs.
INFO:[DataPipeline]:PlayList: [834348838] è¿™ä¹ˆå·§&#32;ä½ ä¹Ÿå–œæ¬¢é™å¬æ°‘è°£ (104/1554) has 18 songs.
INFO:[DataPipeline]:PlayList: [891358386] æ™¨è·‘è·¯ä¸Šå¿…å¤‡çš„æ‰«å¼¦æ°‘è°£ (105/1554) has 33 songs.
INFO:[DataPipeline]:PlayList: [1173220822] æ¬§æ´²ä¸­å¤æ°‘è°£ï¼šå…¬ä¸»ä¹¦ä¸Šçš„å¤è€ç—•è¿¹ (106/1554) has 136 songs.
INFO:[DataPipeline]:PlayList: [851970796] ç¡å‰æ°‘è°£ï¼šæµ‡çŒå¿ƒè€³&#32;&#32;å…¥æ¢¦ä¸‰åˆ† (107/1554) has 41 songs.
INFO:[DataPipeline]:PlayList: [3793466388] æ—…é€”æ°‘è°£ï¼šç­‰ä¸åŠå‘Šåˆ«å°±å‡ºå‘ (108/1554) has 44 songs.
INFO:[DataPipeline]:PlayList: [2911488488] æ ¡å›­æ°‘è°£ï¼Œè¯—äº†é’æ˜¥å’Œè¿œæ–¹ (109/1554) has 32 songs.
INFO:[DataPipeline]:Sleep for: 118
INFO:[DataPipeline]:PlayList: [1098628469] æ°‘è°£ï¼Œæ´’è¿‡é˜³å…‰å’Œå°é›¨çš„æ—¥è®° (110/1554) has 50 songs.
INFO:[DataPipeline]:PlayList: [1190426870] æ°‘è°£ï¼šä¸ç»æ„é—´ï¼Œæˆäº†æ•…äº‹é‡Œçš„äºº (111/1554) has 27 songs.
INFO:[DataPipeline]:PlayList: [1755648505] æ°‘è°£â”‚ä¾†è‡ªé æ–¹çš„è²éŸ³ï¼Œç©ºéˆï¼Œå¤¢å¹»ï¼ (112/1554) has 32 songs.
INFO:[DataPipeline]:PlayList: [2937475426] æ°‘è°£æ¥è‡ªå­¤ç‹¬ï¼Œè€Œæˆ‘æ¥è‡ªåº¸ä¿— (113/1554) has 141 songs.
INFO:[DataPipeline]:PlayList: [2028016069] æ°‘è°£ä¸¨åˆåé˜³å…‰ï¼Œå‰ä»–ä½œä¼´ (114/1554) has 30 songs.
INFO:[DataPipeline]:PlayList: [848261286] å‰ä»–ä¼´éšæ°‘è°£ï¼Œå­¤ç‹¬ä¼´éšæµæµª (115/1554) has 100 songs.
INFO:[DataPipeline]:PlayList: [4334369519] åè¯­æ°‘è°£&#32;&#58;&#32;å­¤ç‹¬çš„äººå–æš–åœ¨å¤œé‡Œ (116/1554) has 50 songs.
--- Logging error ---
Traceback (most recent call last):
  File "/Library/Python/3.7/site-packages/urllib3/connectionpool.py", line 376, in _make_request
    self._validate_conn(conn)
  File "/Library/Python/3.7/site-packages/urllib3/connectionpool.py", line 994, in _validate_conn
    conn.connect()
  File "/Library/Python/3.7/site-packages/urllib3/connection.py", line 360, in connect
    ssl_context=context,
  File "/Library/Python/3.7/site-packages/urllib3/util/ssl_.py", line 370, in ssl_wrap_socket
    return context.wrap_socket(sock, server_hostname=server_hostname)
  File "/Library/Developer/CommandLineTools/Library/Frameworks/Python3.framework/Versions/3.7/lib/python3.7/ssl.py", line 412, in wrap_socket
    session=session
  File "/Library/Developer/CommandLineTools/Library/Frameworks/Python3.framework/Versions/3.7/lib/python3.7/ssl.py", line 853, in _create
    self.do_handshake()
  File "/Library/Developer/CommandLineTools/Library/Frameworks/Python3.framework/Versions/3.7/lib/python3.7/ssl.py", line 1117, in do_handshake
    self._sslobj.do_handshake()
socket.timeout: _ssl.c:1039: The handshake operation timed out

During handling of the above exception, another exception occurred:

Traceback (most recent call last):
  File "/Library/Python/3.7/site-packages/requests/adapters.py", line 449, in send
    timeout=timeout
  File "/Library/Python/3.7/site-packages/urllib3/connectionpool.py", line 720, in urlopen
    method, url, error=e, _pool=self, _stacktrace=sys.exc_info()[2]
  File "/Library/Python/3.7/site-packages/urllib3/util/retry.py", line 400, in increment
    raise six.reraise(type(error), error, _stacktrace)
  File "/Library/Python/3.7/site-packages/urllib3/packages/six.py", line 735, in reraise
    raise value
  File "/Library/Python/3.7/site-packages/urllib3/connectionpool.py", line 672, in urlopen
    chunked=chunked,
  File "/Library/Python/3.7/site-packages/urllib3/connectionpool.py", line 379, in _make_request
    self._raise_timeout(err=e, url=url, timeout_value=conn.timeout)
  File "/Library/Python/3.7/site-packages/urllib3/connectionpool.py", line 331, in _raise_timeout
    self, url, "Read timed out. (read timeout=%s)" % timeout_value
urllib3.exceptions.ReadTimeoutError: HTTPSConnectionPool(host='c.y.qq.com', port=443): Read timed out. (read timeout=30)

During handling of the above exception, another exception occurred:

Traceback (most recent call last):
  File "runner_qq.py", line 60, in process_playlist
    lyric = api.get_song_lyric(song.id)
  File "/private/var/root/.jenkins/workspace/data-minyao/dao/qq_api.py", line 43, in get_song_lyric
    raw_text = self.fetch_raw(url)
  File "/private/var/root/.jenkins/workspace/data-minyao/dao/base_api.py", line 33, in fetch_raw
    verify=False)
  File "/Library/Python/3.7/site-packages/requests/api.py", line 75, in get
    return request('get', url, params=params, **kwargs)
  File "/Library/Python/3.7/site-packages/requests/api.py", line 60, in request
    return session.request(method=method, url=url, **kwargs)
  File "/Library/Python/3.7/site-packages/requests/sessions.py", line 533, in request
    resp = self.send(prep, **send_kwargs)
  File "/Library/Python/3.7/site-packages/requests/sessions.py", line 646, in send
    r = adapter.send(request, **kwargs)
  File "/Library/Python/3.7/site-packages/requests/adapters.py", line 529, in send
    raise ReadTimeout(e, request=request)
requests.exceptions.ReadTimeout: HTTPSConnectionPool(host='c.y.qq.com', port=443): Read timed out. (read timeout=30)

During handling of the above exception, another exception occurred:

Traceback (most recent call last):
  File "/Library/Developer/CommandLineTools/Library/Frameworks/Python3.framework/Versions/3.7/lib/python3.7/logging/__init__.py", line 1034, in emit
    msg = self.format(record)
  File "/Library/Developer/CommandLineTools/Library/Frameworks/Python3.framework/Versions/3.7/lib/python3.7/logging/__init__.py", line 880, in format
    return fmt.format(record)
  File "/Library/Developer/CommandLineTools/Library/Frameworks/Python3.framework/Versions/3.7/lib/python3.7/logging/__init__.py", line 619, in format
    record.message = record.getMessage()
  File "/Library/Developer/CommandLineTools/Library/Frameworks/Python3.framework/Versions/3.7/lib/python3.7/logging/__init__.py", line 380, in getMessage
    msg = msg % self.args
TypeError: not all arguments converted during string formatting
Call stack:
  File "runner_qq.py", line 158, in <module>
    main()
  File "runner_qq.py", line 145, in main
    args.proxy, logger, args.dump_raw, args.dump_seg)
  File "runner_qq.py", line 70, in process_playlist
    logger.error("Exception in processing songs: ", err)
Message: 'Exception in processing songs: '
Arguments: (ReadTimeout(ReadTimeoutError("HTTPSConnectionPool(host='c.y.qq.com', port=443): Read timed out. (read timeout=30)")),)
INFO:[DataPipeline]:PlayList: [3791815845] æ°‘è°£æƒ…ä¹¦ï¼šå…³äºçˆ±ä½ çš„äºŒä¸‰äº‹ (117/1554) has 35 songs.
INFO:[DataPipeline]:PlayList: [1981546038] æ¬§ç¾æ°‘è°£ï¼Œæ¸…æ–°æ›²è°ƒå‚¬åŠ¨ä½ çš„å¿ƒ (118/1554) has 30 songs.
INFO:[DataPipeline]:PlayList: [1123470949] å¬ä¸€éå°±çˆ±ä¸Šçš„æ°‘è°£ (119/1554) has 60 songs.
INFO:[DataPipeline]:Sleep for: 76
INFO:[DataPipeline]:PlayList: [3271720014] ã€Œä¸€å­—æ°‘è°£ã€è¶Šç®€å•&#32;è¶Šä¸ç®€å• (120/1554) has 74 songs.
INFO:[DataPipeline]:PlayList: [1135214693] æ°‘è°£ç”·å—“ï¼Œæ€§æ„Ÿæ¸©æš–å¿ƒçµ (121/1554) has 68 songs.
INFO:[DataPipeline]:PlayList: [2029809173] åå­—å¾ˆé•¿çš„æ°‘è°£é‡Œæœ‰æ•…äº‹ (122/1554) has 32 songs.
INFO:[DataPipeline]:PlayList: [845392622] å¤±çœ ä¸­æ°‘è°£&#32;&#32;éŸ³ä¹å®‰çœ è¯ (123/1554) has 33 songs.
INFO:[DataPipeline]:PlayList: [4149398392] å‚æ™šæ•£æ­¥æ—¶å¬çš„æ—¥æœ¬æ²»æ„ˆæ°‘è°£ (124/1554) has 47 songs.
INFO:[DataPipeline]:PlayList: [1169133204] åè¯­ä¸¤å­—æ°‘è°£ï¼šè¯—ï¼Œæƒ…è¯ï¼ŒèŒ¶é…’ä¼´ (125/1554) has 100 songs.
INFO:[DataPipeline]:PlayList: [1722371731] å‰ä»–å¾€äº‹ï¼š50é¦–æ¸…æ–°æ°‘è°£åˆè¾‘ (126/1554) has 50 songs.
INFO:[DataPipeline]:PlayList: [3799033488] å‘¢å–ƒè€³è¯­ï¼šæ¸©æŸ”å¥³å£°ç¿»å”±çš„æ°‘è°£ (127/1554) has 34 songs.
INFO:[DataPipeline]:PlayList: [2931924556] åè¯­ï½œæˆ‘æŠŠé‚£äº›æ€ç»ªå†™è¿›æ°‘è°£ (128/1554) has 30 songs.
INFO:[DataPipeline]:PlayList: [2921301804] æ°‘è°£ä¸è¯—ï¼Œè½»æ…¢ç”Ÿæ´»çš„å°æ ¼è°ƒ (129/1554) has 26 songs.
INFO:[DataPipeline]:Sleep for: 93
INFO:[DataPipeline]:PlayList: [2911084420] è¡Œèµ°åœ¨æ°‘è°£é‡Œçš„åŠ›é‡ï¼ˆäºŒï¼‰ (130/1554) has 21 songs.
INFO:[DataPipeline]:PlayList: [3188352855] é»‘èƒ¶å›å¿†å½•Â·çˆ±å°”å…°æ°‘è°£ (131/1554) has 20 songs.
INFO:[DataPipeline]:PlayList: [1124356232] è¢«å¿½ç•¥çš„åŠ¨å¬å°ä¼—æ°‘è°£ (132/1554) has 40 songs.
INFO:[DataPipeline]:PlayList: [1737724761] æ°‘è°£åŸ&#32;æˆ‘è¿˜æƒ³å¬ä½ è®²æ•…äº‹ (133/1554) has 30 songs.
INFO:[DataPipeline]:PlayList: [2919554459] ç»™è‡ªå·±ä¸€é¦–å®‰é™çš„æ°‘è°£ (134/1554) has 25 songs.
INFO:[DataPipeline]:PlayList: [4179305193] è¯—æ„å›½é£&#32;Â·&#32;æœˆä¸‹æ¸©ä¸€å£¶æ°‘è°£çš„é…’ (135/1554) has 21 songs.
INFO:[DataPipeline]:PlayList: [2352590811] æ˜¯ä¸æ˜¯è¿™äº›æ­Œè®©ä½ çˆ±ä¸Šäº†æ°‘è°£ï¼Ÿ (136/1554) has 53 songs.
INFO:[DataPipeline]:PlayList: [2056633246] å¥³ç‰ˆæ°‘è°£ï¼šä½ çœ‹å—é£å¹&#32;æˆ‘ç­‰çˆ±äººå½’ (137/1554) has 31 songs.
INFO:[DataPipeline]:PlayList: [3808356946] å†…åœ°80ä½å†·é—¨æ°‘è°£åˆ›ä½œç”·æ­Œæ‰‹ (138/1554) has 154 songs.
INFO:[DataPipeline]:PlayList: [3257342959] æ°‘è°£ï¼šå§‹äºæƒ…é•¿ï¼Œç»ˆäºä¸æƒ³ (139/1554) has 50 songs.
INFO:[DataPipeline]:Sleep for: 124
INFO:[DataPipeline]:PlayList: [1374105607] æ˜“å…¥äººå¿ƒçš„åè¯­æ°‘è°£ (140/1554) has 20 songs.
INFO:[DataPipeline]:PlayList: [3203815624] æ°‘è°£Â·åŒ—åŸæ—§å··Â·æ—¶è¿‡å¢ƒè¿ (141/1554) has 20 songs.
INFO:[DataPipeline]:PlayList: [2035305245] åƒä¸Šç˜¾ä¸€æ ·çš„å¾ªç¯å¬ç€è¿™äº›æ°‘è°£ (142/1554) has 30 songs.
INFO:[DataPipeline]:PlayList: [4198981872] å¿§ä¼¤å°è°ƒï¼šæ°‘è°£é‡Œçš„è‹¦å‘³ç”·å£° (143/1554) has 49 songs.
INFO:[DataPipeline]:PlayList: [3225309442] æ°‘è°£Â·è½»æŠšä½ çš„ä¼¤å’Œä½ çš„æ²§æ¡‘ (144/1554) has 19 songs.
INFO:[DataPipeline]:PlayList: [3188472462] æ ¡å›­æ°‘è°£Â·ç™½è¡£é£˜é£˜çš„å¹´ä»£ (145/1554) has 20 songs.
INFO:[DataPipeline]:PlayList: [3037839488] æ°‘è°£Â·æ•…äº‹å¾ˆç¾ä¸€æŠŠå‰ä»–è¯¥æ€ä¹ˆè®² (146/1554) has 114 songs.
INFO:[DataPipeline]:PlayList: [3764754658] 30ä½å†…åœ°90åæ°‘è°£å¥³æ­Œæ‰‹ (147/1554) has 30 songs.
INFO:[DataPipeline]:PlayList: [2685758195] ä¼¤æ„Ÿæ°‘è°£ï¼šæ—©çŸ¥ç¼˜åˆ†å¦‚æ­¤ï¼Œä¸å¦‚ä»Šç”Ÿä¸é‡ (148/1554) has 41 songs.
INFO:[DataPipeline]:PlayList: [2000852099] ä¸€æ›²æ°‘è°£&#32;å”±å°½è¯—æ„å’Œè¿œæ–¹ (149/1554) has 28 songs.
INFO:[DataPipeline]:Sleep for: 142
INFO:[DataPipeline]:PlayList: [2936707848] æ°‘è°£å°ä¼—ï¼Œç‹¬ç«‹éŸ³ä¹äººçš„è¿œæ–¹ä¸è¯— (150/1554) has 26 songs.
INFO:[DataPipeline]:PlayList: [3619000070] æ¬§ç¾æ°‘è°£ï¼šé™é™è†å¬é‡Œé¢è—åŒ¿çš„æ•…äº‹ (151/1554) has 91 songs.
INFO:[DataPipeline]:PlayList: [1730482455] æ°‘è°£å°é›†ï¼šæ”¾ä»»æ—¶å…‰ç¼“ç¼“æµæ·Œ (152/1554) has 28 songs.
INFO:[DataPipeline]:PlayList: [3643793141] åŠ±å¿—æ°‘è°£ï¼šä¸€å°ç»™ä½ æ¸©æš–çš„ä¿¡ (153/1554) has 34 songs.
INFO:[DataPipeline]:PlayList: [3222229309] æ°‘è°£Â·äººç”Ÿæ˜¯å¤©å—åœ°åŒ—çš„æµæµª (154/1554) has 19 songs.
INFO:[DataPipeline]:PlayList: [2339757752] ä¸­å›½æ°‘è°£åœ°å›¾ï¼šæ€»æœ‰å±äºä½ çš„åŸå¸‚ (155/1554) has 46 songs.
INFO:[DataPipeline]:PlayList: [2934116611] æ°‘è°£ï½œè¿™åº§åŸï¼Œæ˜¯å¦æœ‰ä½ çš„æ•…äº‹ (156/1554) has 32 songs.
INFO:[DataPipeline]:PlayList: [3483796364] è®©æˆ‘ä»¬é™¶é†‰åœ¨æ°‘è°£ (157/1554) has 27 songs.
INFO:[DataPipeline]:PlayList: [3561387574] å½±è§†æ°‘è°£ï¼šçè—åœ¨å…‰å½±ä¸­çš„æ¸©æš–æƒ…èŠ‚ (158/1554) has 70 songs.
INFO:[DataPipeline]:PlayList: [3534934828] ç®€å•æ—‹å¾‹ï¼Œé†‰äººæ°‘è°£ã€‚ (159/1554) has 23 songs.
INFO:[DataPipeline]:Sleep for: 138
INFO:[DataPipeline]:PlayList: [2067203934] ã€Œæ°‘è°£ã€å°ä¼—çš„èº«ï¼Œå¤§ä¼—çš„å¿ƒ (160/1554) has 275 songs.
INFO:[DataPipeline]:PlayList: [3845869682] è€³æœºçš„æ¸…æ–°æµ·é£ï¼šéŸ©ç³»æ°‘è°£ (161/1554) has 70 songs.
INFO:[DataPipeline]:PlayList: [2926333478] é‚£å¹´æˆ‘ä»¬ä¸€èµ·å¬è¿‡æ ¡å›­æ°‘è°£ (162/1554) has 23 songs.
INFO:[DataPipeline]:PlayList: [849572361] æ—…è¡Œæ°‘è°£ï¼šæˆ‘ä»¬ä¸€è·¯ä¸Šçš„æ¬¢å£°ç¬‘è¯­ (163/1554) has 25 songs.
INFO:[DataPipeline]:PlayList: [2928861833] ã€æ°‘è°£ã€‘æ–‡è‰ºå¥³é’å¹´çš„è‡ªæˆ‘ä¿®å…» (164/1554) has 30 songs.
INFO:[DataPipeline]:PlayList: [874675402] ã€Œåè¯­æ°‘è°£ã€ç°å®ä¸­çš„é‚£ä¸€æŠ¹çº¯å‡€ (165/1554) has 137 songs.
INFO:[DataPipeline]:PlayList: [2910724974] è¡Œèµ°åœ¨æ°‘è°£é‡Œçš„åŠ›é‡ (166/1554) has 18 songs.
INFO:[DataPipeline]:PlayList: [872840171] è¿™äº›åŸå¸‚ï¼Œéƒ½å°åˆ»ç€æ°‘è°£é‡Œçš„æ•…äº‹ (167/1554) has 95 songs.
INFO:[DataPipeline]:PlayList: [1392853165] å¬ä¸€é¦–èˆ’å¿ƒçš„æ—¥éŸ©æ°‘è°£ (168/1554) has 20 songs.
INFO:[DataPipeline]:PlayList: [1471714533] æ°‘è°£ï¼Œå¿§ä¼¤æˆç‹—ä¹Ÿè¦ç»§ç»­ (169/1554) has 255 songs.
INFO:[DataPipeline]:Sleep for: 87
INFO:[DataPipeline]:PlayList: [2357024346] ã€ç™¾é¦–å›½è¯­æ°‘è°£ã€‘ç‚½çƒ­æ˜¯ä½ ï¼Œè‹å‡‰æ˜¯ä½  (170/1554) has 107 songs.
INFO:[DataPipeline]:PlayList: [858635147] ktvé‡Œçš„æ°‘è°£ä¹Ÿèƒ½èµ°è¿›äººçš„å†…å¿ƒä¸–ç•Œ (171/1554) has 18 songs.
INFO:[DataPipeline]:PlayList: [2066560838] ã€Œæ°‘è°£ã€ä½ æˆ‘çš„æƒ…ç»ªå…±è°‹è€… (172/1554) has 93 songs.
INFO:[DataPipeline]:PlayList: [1365797027] åˆ’è¿‡ç”Ÿå‘½çš„é‚£30é¦–ç‹¬ç«‹æ°‘è°£ (173/1554) has 30 songs.
INFO:[DataPipeline]:PlayList: [2934724607] ç¼–è¾‘æ¨èï½œè†å¬æ°‘è°£é‡Œçš„å››å­£ (174/1554) has 42 songs.
INFO:[DataPipeline]:PlayList: [2371751792] ã€Œæ°‘è°£ã€åŸå”±ç€ç”Ÿå‘½ä¸å±ˆçš„éª„å‚² (175/1554) has 88 songs.
INFO:[DataPipeline]:PlayList: [3788775260] è¾¾äººå‘¨æœ«&#32;&#124;&#32;é€‚åˆè¸æ˜¥çš„å°ä¼—æ°‘è°£ (176/1554) has 30 songs.
INFO:[DataPipeline]:PlayList: [4256567874] æ°‘è°£ï¼šå€¾å°½æ¯ä¸­å½±ï¼Œæ€æ•…æ…°é£å°˜ (177/1554) has 50 songs.
INFO:[DataPipeline]:PlayList: [1167623977] æ°‘è°£å…¥é—¨ï¼Œå°±ä»è¿™é‡Œå¼€å§‹å§ (178/1554) has 105 songs.
INFO:[DataPipeline]:PlayList: [3994368327] æ°‘è°£å‡‰å¤ï¼šè€å®¶åˆåçš„ä¸€ç¼•æ¸…é£ (179/1554) has 30 songs.
INFO:[DataPipeline]:Sleep for: 87
INFO:[DataPipeline]:PlayList: [2337447157] åè¯­ï½œå¸¦ä¸Šæ°‘è°£å»æµæµª (180/1554) has 32 songs.
INFO:[DataPipeline]:PlayList: [1098626582] æ°‘è°£ï¼Œæˆ‘ä¸å­¤å•é•¿çœ  (181/1554) has 19 songs.
INFO:[DataPipeline]:PlayList: [2936928545] æ¢¦æƒ³çš„å£°éŸ³ï½œè§å¼æ°‘è°£ï¼šè¿™æ ·çš„ç‚¸é¸¡æ‰å¤Ÿå‘³ï¼ (182/1554) has 20 songs.
INFO:[DataPipeline]:PlayList: [3228845319] å½“ä»£æ°‘è°£ï¼Œæ­Œè€…çš„è‡ªç”±è¯‰è¯´ (183/1554) has 31 songs.
INFO:[DataPipeline]:PlayList: [774402740] å½“é’¢ç´é‚‚é€…æ°‘è°£ (184/1554) has 20 songs.
INFO:[DataPipeline]:PlayList: [1750551165] ä½ è¯´ä½ æœ€è¿‘è¦å¬ç€æ°‘è°£æ‰èƒ½ç¡å¾—ç€ (185/1554) has 19 songs.
INFO:[DataPipeline]:PlayList: [3663979435] è¿è¥ç„¦è™‘æ—¶è¯¥å¬å¬è¿™äº›æ°‘è°£ (186/1554) has 95 songs.
INFO:[DataPipeline]:PlayList: [3778323025] æ°‘è°£è¿½æ¢¦ï¼šåœ¨è¿™ä¸ªå¹´çºªåŠªåŠ›çš„æ´»ç€ (187/1554) has 34 songs.
INFO:[DataPipeline]:PlayList: [3236250410] æ°‘è°£Â·åœ¨ç¹èŠ±è½ç©ºæ—¶ç›¸é€¢ (188/1554) has 20 songs.
INFO:[DataPipeline]:PlayList: [2933354433] æ°‘è°£ï½œç”¨å—æ–¹çš„é’è‡ç¼–ä¸€é¡¶åŒ—æ–¹çš„è‰å¸½ (189/1554) has 32 songs.
INFO:[DataPipeline]:Sleep for: 79
INFO:[DataPipeline]:PlayList: [3471004654] åè¯­ï½œæ°‘è°£ç•Œçš„é­…åŠ›ç”·å£° (190/1554) has 30 songs.
INFO:[DataPipeline]:PlayList: [2925409518] å¬ï¼Œæ°‘è°£æ­Œæ‰‹çš„æ·±æƒ…å‘Šç™½ (191/1554) has 18 songs.
INFO:[DataPipeline]:PlayList: [3504033781] å¯¹å”±æ°‘è°£ï¼Œæ²»æ„ˆå­¤å•çš„æš–å¿ƒæ—‹å¾‹ (192/1554) has 22 songs.
INFO:[DataPipeline]:PlayList: [1152479038] æ°‘è°£ï¼Œæˆé•¿ä¸­çš„æƒ…ç»ªå…±è°‹è€… (193/1554) has 38 songs.
INFO:[DataPipeline]:PlayList: [874025525] ã€Œæ°‘è°£ã€ç™¾å²æ— å¿§ï¼Œå¾’æœ‰æ³ªæµ (194/1554) has 39 songs.
INFO:[DataPipeline]:PlayList: [1151392707] æ°‘è°£ï¼šæºäºç”Ÿæ´»ï¼Œæ˜¯æœ€çœŸå®çš„æƒ…æ„Ÿå’Œæ—‹å¾‹ (195/1554) has 56 songs.
INFO:[DataPipeline]:PlayList: [2370564862] æ¯ä¸ªäººå¿ƒä¸­éƒ½æœ‰ä¸€é¦–æ°‘è°£ (196/1554) has 137 songs.
INFO:[DataPipeline]:PlayList: [7038026060] æ°‘è°£æ— æƒ…&#32;&#124;&#32;å¬æ­Œçš„äººæœ€ä¼¤å¿ƒ (197/1554) has 36 songs.
INFO:[DataPipeline]:PlayList: [6474330785] æ°‘è°£æ•…äº‹ï¼šæœ‰äº›äººï¼Œé”™è¿‡å°±é”™è¿‡å§ (198/1554) has 30 songs.
INFO:[DataPipeline]:PlayList: [7096297946] æ°‘è°£&#32;&#124;&#32;å¶å­é£èˆï¼Œéšé£å¿˜å´è‹¦æ¥š (199/1554) has 44 songs.
INFO:[DataPipeline]:Sleep for: 171
INFO:[DataPipeline]:PlayList: [7347851352] æ¬§ç¾&#32;&#124;&#32;é™è°§èˆ’é€‚çš„å°ä¼—æ°‘è°£ (200/1554) has 23 songs.
INFO:[DataPipeline]:PlayList: [7025968707] æ°‘è°£å°è°ƒ&#32;&#32;ï¼šåˆåä¼‘æ†©é˜…è¯»ä¸“ç”¨ (201/1554) has 27 songs.
INFO:[DataPipeline]:PlayList: [7275652471] æ°‘è°£&#32;Â·&#32;ä»¤äººæ²‰é†‰çš„æ•…äº‹æƒ…è°ƒ (202/1554) has 32 songs.
INFO:[DataPipeline]:PlayList: [7132842076] æ°‘è°£&#32;&#124;&#32;æµ…åŸä½å”±ç®€å•ç”Ÿæ´» (203/1554) has 23 songs.
INFO:[DataPipeline]:PlayList: [7122265081] æ°‘è°£â”‚ç«™åœ¨åŸå¸‚é¡¶å±‚ï¼Œæ¢¦æƒ³è¶Šå‘æ¸…é†’ (204/1554) has 20 songs.
INFO:[DataPipeline]:PlayList: [7277345291] åè¯­&#124;&#32;æ—©å®‰æ°‘è°£ (205/1554) has 20 songs.
INFO:[DataPipeline]:PlayList: [7124781985] æ°‘è°£&#32;&#124;&#32;æ„¿ä½ ä»¬éƒ½èƒ½æ´»æˆæƒ³è¦çš„æ ·å­ (206/1554) has 28 songs.
INFO:[DataPipeline]:PlayList: [7126538420] æ°‘è°£&#32;&#124;&#32;æ„¿é£èµ·æ—¶æœ‰äººä¸ºä½ æŒ¡ç€ (207/1554) has 36 songs.
INFO:[DataPipeline]:PlayList: [7043629879] å½“éŸ³ä¹çˆ±ä¸Šç”µå½±&#32;&#124;&#32;åè¯­æ°‘è°£ (208/1554) has 24 songs.
INFO:[DataPipeline]:PlayList: [3779582197] æ°‘è°£å¯¹å”±ï¼šæ–‡è‰ºé’å¹´çš„æŸ”å£°å€¾è¯‰ (209/1554) has 41 songs.
INFO:[DataPipeline]:Sleep for: 179
INFO:[DataPipeline]:PlayList: [7097073191] åè¯­æ°‘è°£â”‚å…³äºå—æ–¹ç ´ç¢çš„æ¢¦ (210/1554) has 69 songs.
INFO:[DataPipeline]:PlayList: [7336101887] å‰ä»–ä¼´æ°‘è°£ï¼šå­¤ç‹¬é’å¹´ç»­å‘½è‰¯æ–¹ (211/1554) has 26 songs.
INFO:[DataPipeline]:PlayList: [811118822] æ°‘è°£æ­Œæ‰‹æ˜¯æ€ä¹ˆçœ‹å¾…çˆ±æƒ…çš„ (212/1554) has 50 songs.
INFO:[DataPipeline]:PlayList: [7025379193] ç¡å‰æ°‘è°£ï¼šæ·±å¤œè€³è¾¹æ¸©æŸ”å‚¬çœ æ›² (213/1554) has 28 songs.
INFO:[DataPipeline]:PlayList: [7060356241] æš–å¿ƒå‘æ°‘è°£ï¼šç»™äºˆæŒå¿ƒçš„ä¸€æŠ¹æ¸©åº¦ (214/1554) has 50 songs.
INFO:[DataPipeline]:PlayList: [7347130821] æ‰“å‘æ—¶é—´ï¼šé™äº«ä¸‹åˆèŒ¶é˜…è¯»æ°‘è°£ (215/1554) has 32 songs.
INFO:[DataPipeline]:PlayList: [7100171177] æ„å¢ƒæ°‘è°£ä¸¨äººç”Ÿå¯‚å¯¥ï¼Œç¼¥ç¼ˆå¦‚çƒŸ (216/1554) has 74 songs.
INFO:[DataPipeline]:PlayList: [7124971387] æ°‘è°£&#32;&#124;&#32;æˆå¹´äººä¸–ç•Œï¼Œå“ªæœ‰å®¹æ˜“äºŒå­— (217/1554) has 27 songs.
INFO:[DataPipeline]:PlayList: [7060354411] æ€»æœ‰ä¸€é¦–æ°‘è°£ï¼Œå”±å°½äººç”Ÿç™¾æ€ (218/1554) has 60 songs.
INFO:[DataPipeline]:PlayList: [7120556672] å¥³å£°æ°‘è°£ï¼šæˆ‘ä»¬èµ°éæœ€æµªæ¼«çš„åœ°æ–¹ (219/1554) has 43 songs.
INFO:[DataPipeline]:Sleep for: 179
INFO:[DataPipeline]:PlayList: [3269004721] æ°‘è°£å¦‚é…’&#32;å…¥å–‰é†‰å¿ƒ (220/1554) has 251 songs.
INFO:[DataPipeline]:PlayList: [6985800591] å‡æ—¥å±…å®¶æ°‘è°£&#32;Â·&#32;åŠ ç‚¹å†…å¿ƒæˆ (221/1554) has 21 songs.
INFO:[DataPipeline]:PlayList: [7356257850] æ°‘è°£&#32;â”‚&#32;æ˜¥å¤ç§‹å†¬ï¼Œæˆ‘æ”¾å¼€äº†ä½  (222/1554) has 22 songs.
INFO:[DataPipeline]:PlayList: [7347299494] æ°‘è°£&#32;Â·&#32;æ„¿é£æ›¿æˆ‘æ‹¥æŠ±ç€ä½  (223/1554) has 31 songs.
INFO:[DataPipeline]:PlayList: [7332717600] éƒ½æ˜¯å¹²è´§ï¼èµ„æ·±æ°‘è°£è¿·ç§è—æ­Œå• (224/1554) has 50 songs.
INFO:[DataPipeline]:PlayList: [7277658071] åè¯­&#124;&#32;æ™šå®‰æ°‘è°£ (225/1554) has 20 songs.
INFO:[DataPipeline]:PlayList: [7040530816] è®©æ°‘è°£è½½ä¸Šçµé­‚å»æµæµª (226/1554) has 18 songs.
INFO:[DataPipeline]:PlayList: [7063223789] æ°‘è°£é‡Œçš„å§‘å¨˜ï¼Œæ€»æ˜¯æ¸©æŸ”åˆå“€ä¼¤ (227/1554) has 36 songs.
INFO:[DataPipeline]:PlayList: [4193769821] é€‚åˆåšæ‰‹æœºé“ƒå£°çš„æ¸…æ–°æ°‘è°£ (228/1554) has 50 songs.
INFO:[DataPipeline]:PlayList: [7356634500] å°ä¼—ç²¾é€‰&#32;ï½œé‚£äº›æ­Œååˆ«è‡´çš„æ°‘è°£ (229/1554) has 24 songs.
INFO:[DataPipeline]:Sleep for: 70
INFO:[DataPipeline]:PlayList: [3613980452] ç«™å†…è¯„è®º999&#43;æ°‘è°£æ­Œæ›² (230/1554) has 100 songs.
INFO:[DataPipeline]:PlayList: [7037749721] æ°‘è°£ä¸æ­¢å¿§ä¼¤ï¼Œè¿˜æœ‰å¯çˆ±ä¿çš®çš„ä½  (231/1554) has 21 songs.
INFO:[DataPipeline]:PlayList: [7129224915] ä¸€èµ·æ¼«æ­¥åœ¨æ°‘è°£è¯—å¥é‡Œï¼Œç™½å¤´å•è€ (232/1554) has 23 songs.
INFO:[DataPipeline]:PlayList: [2944763610] äººç”Ÿæ‰€æœ‰çš„é…’ï¼Œéƒ½ä¸å¦‚å¬æ°‘è°£ä¸€é¦– (233/1554) has 47 songs.
INFO:[DataPipeline]:PlayList: [7098593893] æ°‘è°£ï¼šæ‰€æœ‰çš„å­¤å¯‚ï¼Œéƒ½æ˜¯ç­‰ä½ å‡ºç° (234/1554) has 25 songs.
INFO:[DataPipeline]:PlayList: [7356603524] å™äº‹æ°‘è°£ï¼šç”Ÿæ´»åªé“æ˜¯å¯»å¸¸ (235/1554) has 21 songs.
INFO:[DataPipeline]:PlayList: [7122921739] æ°‘è°£å…¥é—¨æŒ‡å—&#32;&#124;&#32;å¬æ°‘è°£ä»è¿™äº›æ­Œå¼€å§‹ (236/1554) has 51 songs.
INFO:[DataPipeline]:PlayList: [7036407060] æ°‘è°£&#32;&#124;&#32;å”±ä¸€é¦–æ•…äº‹ç»™ä½ å¬ (237/1554) has 36 songs.
INFO:[DataPipeline]:PlayList: [7356686927] ä¸€ä¸ªäººçš„åŸå¸‚å¥½å­¤ç‹¬&#32;Â·&#32;æ°‘è°£ (238/1554) has 16 songs.
INFO:[DataPipeline]:PlayList: [1167623725] ã€Œæ°‘è°£ã€å­¤ç‹¬çš„æ—…äººï¼Œè¯—æ„çš„è¿œæ–¹ (239/1554) has 175 songs.
INFO:[DataPipeline]:Sleep for: 96
INFO:[DataPipeline]:PlayList: [796973594] æ°‘è°£æœ‰æ¯’ï¼Œä½ å› ä¸ºå“ªé¦–æ­Œçˆ±ä¸Šäº†æ°‘è°£ï¼Ÿ (240/1554) has 66 songs.
INFO:[DataPipeline]:PlayList: [7100145097] é‡é¤æ—¶åˆ»&#32;âˆ™&#32;è½»å¿«æ°‘è°£ææ°”æ°› (241/1554) has 30 songs.
INFO:[DataPipeline]:PlayList: [7040494146] å¥³å£°æ°‘è°£â”‚ç¢°å·§ä¸åŠä¹…ä¼´&#32;ä½™ç”Ÿä½•æ¬¢ (242/1554) has 50 songs.
INFO:[DataPipeline]:PlayList: [7060353149] æµªæ¼«æ°‘è°£&#32;&#124;&#32;æˆ‘ä»¬ç‰µæ‰‹å»èŠ±æµ·æ‹ç¾ç…§ (243/1554) has 49 songs.
INFO:[DataPipeline]:PlayList: [5538465260] æš–å¿ƒå‘æ°‘è°£ï¼šç»™äºˆæŒå¿ƒçš„ä¸€æŠ¹æ¸©åº¦ (244/1554) has 47 songs.
INFO:[DataPipeline]:PlayList: [6788276666] æ°´ç“¶åº§ç”·å­©çš„æ°‘è°£è‡ªè¿° (245/1554) has 34 songs.
INFO:[DataPipeline]:PlayList: [7120512822] æ°‘è°£å½•&#32;&#124;&#32;è¿™æ˜¯å­¤ç‹¬è€…çš„æ¬¢æ­Œ (246/1554) has 54 songs.
INFO:[DataPipeline]:PlayList: [7309307586] &#32;æ°‘è°£æƒ…ç»“ï¼šä¸€é¢—å¿ƒæ€»å‘å¾€ç€è¿œæ–¹ (247/1554) has 26 songs.
INFO:[DataPipeline]:PlayList: [7036608619] æˆ‘çŸ¥é“é£é‡Œæœ‰è¯—ï¼Œé‚£æ­£æ˜¯æ°‘è°£&#32; (248/1554) has 33 songs.
INFO:[DataPipeline]:PlayList: [869068495] è½¦è½½æ°‘è°£ï¼šè·¯ä¸Šé‡è§æœ€ç¾å¥½çš„è‡ªå·± (249/1554) has 52 songs.
INFO:[DataPipeline]:Sleep for: 142
--- Logging error ---
Traceback (most recent call last):
  File "/Library/Python/3.7/site-packages/urllib3/connectionpool.py", line 421, in _make_request
    six.raise_from(e, None)
  File "<string>", line 3, in raise_from
  File "/Library/Python/3.7/site-packages/urllib3/connectionpool.py", line 416, in _make_request
    httplib_response = conn.getresponse()
  File "/Library/Developer/CommandLineTools/Library/Frameworks/Python3.framework/Versions/3.7/lib/python3.7/http/client.py", line 1321, in getresponse
    response.begin()
  File "/Library/Developer/CommandLineTools/Library/Frameworks/Python3.framework/Versions/3.7/lib/python3.7/http/client.py", line 296, in begin
    version, status, reason = self._read_status()
  File "/Library/Developer/CommandLineTools/Library/Frameworks/Python3.framework/Versions/3.7/lib/python3.7/http/client.py", line 257, in _read_status
    line = str(self.fp.readline(_MAXLINE + 1), "iso-8859-1")
  File "/Library/Developer/CommandLineTools/Library/Frameworks/Python3.framework/Versions/3.7/lib/python3.7/socket.py", line 589, in readinto
    return self._sock.recv_into(b)
  File "/Library/Developer/CommandLineTools/Library/Frameworks/Python3.framework/Versions/3.7/lib/python3.7/ssl.py", line 1052, in recv_into
    return self.read(nbytes, buffer)
  File "/Library/Developer/CommandLineTools/Library/Frameworks/Python3.framework/Versions/3.7/lib/python3.7/ssl.py", line 911, in read
    return self._sslobj.read(len, buffer)
socket.timeout: The read operation timed out

During handling of the above exception, another exception occurred:

Traceback (most recent call last):
  File "/Library/Python/3.7/site-packages/requests/adapters.py", line 449, in send
    timeout=timeout
  File "/Library/Python/3.7/site-packages/urllib3/connectionpool.py", line 720, in urlopen
    method, url, error=e, _pool=self, _stacktrace=sys.exc_info()[2]
  File "/Library/Python/3.7/site-packages/urllib3/util/retry.py", line 400, in increment
    raise six.reraise(type(error), error, _stacktrace)
  File "/Library/Python/3.7/site-packages/urllib3/packages/six.py", line 735, in reraise
    raise value
  File "/Library/Python/3.7/site-packages/urllib3/connectionpool.py", line 672, in urlopen
    chunked=chunked,
  File "/Library/Python/3.7/site-packages/urllib3/connectionpool.py", line 423, in _make_request
    self._raise_timeout(err=e, url=url, timeout_value=read_timeout)
  File "/Library/Python/3.7/site-packages/urllib3/connectionpool.py", line 331, in _raise_timeout
    self, url, "Read timed out. (read timeout=%s)" % timeout_value
urllib3.exceptions.ReadTimeoutError: HTTPSConnectionPool(host='c.y.qq.com', port=443): Read timed out. (read timeout=30)

During handling of the above exception, another exception occurred:

Traceback (most recent call last):
  File "runner_qq.py", line 53, in process_playlist
    songs = api.get_songs_from_playlist(playlist_id)
  File "/private/var/root/.jenkins/workspace/data-minyao/dao/qq_api.py", line 23, in get_songs_from_playlist
    response = self.fetch(url).get("cdlist", [])[0]
  File "/private/var/root/.jenkins/workspace/data-minyao/dao/base_api.py", line 28, in fetch
    verify=False)
  File "/Library/Python/3.7/site-packages/requests/api.py", line 75, in get
    return request('get', url, params=params, **kwargs)
  File "/Library/Python/3.7/site-packages/requests/api.py", line 60, in request
    return session.request(method=method, url=url, **kwargs)
  File "/Library/Python/3.7/site-packages/requests/sessions.py", line 533, in request
    resp = self.send(prep, **send_kwargs)
  File "/Library/Python/3.7/site-packages/requests/sessions.py", line 646, in send
    r = adapter.send(request, **kwargs)
  File "/Library/Python/3.7/site-packages/requests/adapters.py", line 529, in send
    raise ReadTimeout(e, request=request)
requests.exceptions.ReadTimeout: HTTPSConnectionPool(host='c.y.qq.com', port=443): Read timed out. (read timeout=30)

During handling of the above exception, another exception occurred:

Traceback (most recent call last):
  File "/Library/Developer/CommandLineTools/Library/Frameworks/Python3.framework/Versions/3.7/lib/python3.7/logging/__init__.py", line 1034, in emit
    msg = self.format(record)
  File "/Library/Developer/CommandLineTools/Library/Frameworks/Python3.framework/Versions/3.7/lib/python3.7/logging/__init__.py", line 880, in format
    return fmt.format(record)
  File "/Library/Developer/CommandLineTools/Library/Frameworks/Python3.framework/Versions/3.7/lib/python3.7/logging/__init__.py", line 619, in format
    record.message = record.getMessage()
  File "/Library/Developer/CommandLineTools/Library/Frameworks/Python3.framework/Versions/3.7/lib/python3.7/logging/__init__.py", line 380, in getMessage
    msg = msg % self.args
TypeError: not all arguments converted during string formatting
Call stack:
  File "runner_qq.py", line 158, in <module>
    main()
  File "runner_qq.py", line 145, in main
    args.proxy, logger, args.dump_raw, args.dump_seg)
  File "runner_qq.py", line 85, in process_playlist
    logger.error("Exception in processing playlist: ", e)
Message: 'Exception in processing playlist: '
Arguments: (ReadTimeout(ReadTimeoutError("HTTPSConnectionPool(host='c.y.qq.com', port=443): Read timed out. (read timeout=30)")),)
INFO:[DataPipeline]:PlayList: [7309068301] ç‹¬ç«‹æ°‘è°£ï¼šç–²å€¦çµé­‚æ –æ¯åœ° (250/1554) has 26 songs.
INFO:[DataPipeline]:PlayList: [7040529565] æ°‘è°£ï¼šå†…å¿ƒçš„å­¤ç‹¬ï¼Œåªæ„¿å’Œä½ äº’è¯‰ (251/1554) has 20 songs.
INFO:[DataPipeline]:PlayList: [1469897660] &#32;ã€Œæ°‘è°£ã€é€ç»™è‡ªå·±çš„æ¸©æš– (252/1554) has 141 songs.
INFO:[DataPipeline]:PlayList: [4101375042] æ¯•ä¸šé‚£å¹´ï¼Œæ ¡å›­å¹¿æ’­æ”¾ç€çš„æ°‘è°£ (253/1554) has 42 songs.
INFO:[DataPipeline]:PlayList: [1768214343] å‰ä»–é…æ°‘è°£ï¼šå­¤ç‹¬æ—…äººçš„æš–å¿ƒè‰¯è¯ (254/1554) has 56 songs.
INFO:[DataPipeline]:PlayList: [2391922476] è¯—å’Œè¿œæ–¹ï¼æˆ‘æŠŠæ€ç»ªå†™åœ¨æ°‘è°£é‡Œ (255/1554) has 73 songs.
INFO:[DataPipeline]:PlayList: [7120141396] å¹³å‡¡çš„ç”Ÿæ´»é‡Œï¼Œåˆ«å¿˜äº†è¿˜æœ‰æ°‘è°£å•Š (256/1554) has 26 songs.
INFO:[DataPipeline]:PlayList: [861744016] ã€Œæ°‘è°£ã€é‚£ä¸ªå‡ºç°åœ¨ä½ ç”Ÿå‘½ä¸­çš„å§‘å¨˜ (257/1554) has 37 songs.
INFO:[DataPipeline]:PlayList: [7337260797] åŠ¨äººç°åœºï¼šæ³¨å…¥ä¸€æ³¢å¹´è½»æ–°åŠ›æ°‘è°£ (258/1554) has 20 songs.
INFO:[DataPipeline]:PlayList: [6910666821] æ·±å¤œé£Ÿå ‚&#32;&#58;&#32;å¸¦æœ‰æ°‘è°£å‘³çš„å¤œå®µ (259/1554) has 46 songs.
INFO:[DataPipeline]:Sleep for: 65
INFO:[DataPipeline]:PlayList: [3778307996] å®‰é™æ–°æ°‘è°£ï¼šä¸Šç­æ—çš„å‡å‹è‰¯è¯ (260/1554) has 44 songs.
INFO:[DataPipeline]:PlayList: [7129889370] æ°‘è°£ï¼šæ²¡æœ‰é£çš„å¤œï¼Œé€‚åˆæƒ³ä¸€äº›å¾€äº‹ (261/1554) has 30 songs.
INFO:[DataPipeline]:PlayList: [7036612213] åè¯­æ°‘è°£â”‚å› ä¸ºæ‡‚å¾—æ‰æœ‰å…±é¸£ (262/1554) has 41 songs.
INFO:[DataPipeline]:PlayList: [7356293810] æ°‘è°£çŸ¥å·±ï¼šé™ªä½ åœ¨ç°å®çš„è¾¹ç¼˜æµæµª (263/1554) has 20 songs.
INFO:[DataPipeline]:PlayList: [7122208048] æ°‘è°£æ•…äº‹&#32;&#124;&#32;æŠŠé‚£äº›å°˜åš£è®²ç»™ä½ å¬ (264/1554) has 31 songs.
INFO:[DataPipeline]:PlayList: [7126563895] è¿œç¦»å–§åš£ï¼Œåšä¸€ä¸ªæ°‘è°£çš„ç™½æ—¥æ¢¦ (265/1554) has 40 songs.
INFO:[DataPipeline]:PlayList: [7129573947] æ°‘è°£å½•&#32;&#124;&#32;ä¸æœŸè€Œé‡çš„æ•…äºº (266/1554) has 21 songs.
INFO:[DataPipeline]:PlayList: [7097031312] æ°‘è°£&#32;&#124;&#32;æƒ³è¦é¢åŒ…ï¼Œä¹Ÿæƒ³è¦çˆ±æƒ… (267/1554) has 28 songs.
INFO:[DataPipeline]:PlayList: [6963862631] çˆ±ä¸Šäº†æ°‘è°£ï¼Œæ²¾æŸ“äº†å­¤ç‹¬ (268/1554) has 20 songs.
INFO:[DataPipeline]:PlayList: [7344627862] æ”¾ç©ºæ€ç»ªï¼Œé™è°§åˆåå¬ä¸€æ›²æ°‘è°£ (269/1554) has 31 songs.
INFO:[DataPipeline]:Sleep for: 176
INFO:[DataPipeline]:PlayList: [7120598082] å·¥ä½œå¤ªçƒ¦èºï¼Œæ°‘è°£æ¥é™å¿ƒ (270/1554) has 24 songs.
INFO:[DataPipeline]:PlayList: [7356293835] å†™å°æ°‘è°£æƒ…ä¹¦&#32;Â·&#32;å­—é‡Œè¡Œé—´éƒ½æ˜¯ä½  (271/1554) has 31 songs.
INFO:[DataPipeline]:PlayList: [7040497256] è½»å¥³å£°æ°‘è°£Â·ç»†è¯­æ­Œå£° (272/1554) has 27 songs.
INFO:[DataPipeline]:PlayList: [7037986918] æ ¡å›­æ°‘è°£&#32;&#124;&#32;å¹¸è¿çš„æ˜¯æ›¾é™ªå¥¹å¼€æ”¾ (273/1554) has 25 songs.
INFO:[DataPipeline]:PlayList: [7356262570] ã€Œæ°‘è°£ã€ä¸”å¬é£åŸï¼Œé™å¾…èŠ±å¼€ (274/1554) has 21 songs.
INFO:[DataPipeline]:PlayList: [1158429126] åè¯­æ°‘è°£é›†ï¼šå¬å¬é‚£äº›ç‹¬ç«‹æ­Œæ‰‹çš„çˆ±æƒ… (275/1554) has 55 songs.
INFO:[DataPipeline]:PlayList: [4309112282] æŸ”æƒ…æ°‘è°£&#32;&#58;&#32;å­¤ç‹¬æ‚£è€…å®‰çœ è¯ (276/1554) has 23 songs.
INFO:[DataPipeline]:PlayList: [7268158444] æ²‰è¿·äºæ°‘è°£ï¼Œå¤±ç¥å²æœˆä¸€å»æ— è¿” (277/1554) has 35 songs.
INFO:[DataPipeline]:PlayList: [6747928266] é™å¿ƒæ°‘è°£ï¼šé¢“åºŸæ€ç»ªå®‰å¿ƒå‰‚ (278/1554) has 41 songs.
INFO:[DataPipeline]:PlayList: [7356293743] ç‚¹ä¸€ç›æ°‘è°£ç¯ç«ï¼Œé©±èµ¶è·¯ä¸Šçš„å¯‚å¯ (279/1554) has 21 songs.
INFO:[DataPipeline]:Sleep for: 98
INFO:[DataPipeline]:PlayList: [7060354230] è¿™äº›æ°‘è°£ï¼Œæ„¿ä¸€å¤©æœ‰äººè¿™æ ·å”±ç»™æˆ‘ (280/1554) has 47 songs.
INFO:[DataPipeline]:PlayList: [3990747401] åè¯­å½“ä»£æ°‘è°£50é¦– (281/1554) has 57 songs.
INFO:[DataPipeline]:PlayList: [7342205010] å–œæ¬¢å¬æ°‘è°£ï¼Œè¿™æ˜¯ç—…å—ï¼Ÿ (282/1554) has 32 songs.
INFO:[DataPipeline]:PlayList: [6983160867] è¡Œèµ°åœ¨è·¯ä¸Šçš„æ—¥ç³»æ°‘è°£ (283/1554) has 30 songs.
INFO:[DataPipeline]:PlayList: [7122239029] å‰ä»–æ–°æ‰‹ä¸“å±&#32;&#124;&#32;æ°‘è°£ç”·å£°å¼¹å”±ç²¾é€‰ (284/1554) has 50 songs.
INFO:[DataPipeline]:PlayList: [7123265844] é€šå‹¤è·¯ä¸Šï¼Œæ¥å¬é¦–æ°‘è°£å§ï¼ (285/1554) has 25 songs.
INFO:[DataPipeline]:PlayList: [7356603880] æ°‘è°£æµ®ä¸–ç»˜ï¼šæå†™ä¸–é—´ç™¾æ€&#32; (286/1554) has 26 songs.
INFO:[DataPipeline]:PlayList: [7038337916] å’Œå­©å­ä¸€èµ·å¬çš„æ°‘è°£ (287/1554) has 20 songs.
INFO:[DataPipeline]:PlayList: [3793479875] ä¼¤æ„Ÿæ°‘è°£ï¼šå¾€äº‹æ·¡ç„¶ï¼Œå­¤ç‹¬æˆæ®‡ (288/1554) has 33 songs.
INFO:[DataPipeline]:PlayList: [7356651972] æ°‘è°£&#32;&#124;&#32;ç”Ÿæ´»éœ€è¦å¤šä¸€ç‚¹çƒ­çˆ± (289/1554) has 25 songs.
INFO:[DataPipeline]:Sleep for: 93
INFO:[DataPipeline]:PlayList: [816052194] æ°‘è°£ä¸¨å¿ƒç—›çš„55ä¸ªç¬é—´ (290/1554) has 55 songs.
INFO:[DataPipeline]:PlayList: [7129729395] æ°‘è°£&#32;ï¼šä¸€ç›çƒ›ç«ç­æ„ï¼Œæ¸…é¦™æ»¡é¢å—… (291/1554) has 29 songs.
INFO:[DataPipeline]:PlayList: [7039407119] ä¸ºä½ å†™ä¸€çº¸æƒ…è¯—ï¼Œå¼¹å”±å‡ºä¸€é¦–æ°‘è°£ (292/1554) has 25 songs.
INFO:[DataPipeline]:PlayList: [7124524636] æ²»æ„ˆæ°‘è°£ï¼šç”Ÿæ´»è¿˜æ˜¯å€¼å¾—å¥½å¥½å¯¹å¾… (293/1554) has 25 songs.
INFO:[DataPipeline]:PlayList: [7097316762] å›½è¯­æ°‘è°£ï¼šæ‘†è„±ç°å®çš„ä¸€å‰‚è‰¯è¯ (294/1554) has 21 songs.
INFO:[DataPipeline]:PlayList: [7356652011] æ°‘è°£&#32;Â·&#32;æœ€åç›¸ä¼´çš„åªæœ‰å½±å­ (295/1554) has 20 songs.
INFO:[DataPipeline]:PlayList: [7044680611] æ°‘è°£&#32;&#124;&#32;éœ€è¦è¢«å¬æ‡‚çš„æ•…äº‹ (296/1554) has 25 songs.
INFO:[DataPipeline]:PlayList: [7103414856] ã€Œæ¬§ç¾æ°‘è°£ã€&#32;æ¸…æ–°å»ç‡¥çš„çº¯ç²¹å¥³å£° (297/1554) has 22 songs.
INFO:[DataPipeline]:PlayList: [7129902566] æ¯ä¸ªæ–‡é’çš„æ‰‹æœºé‡Œï¼Œè‚¯å®šæœ‰è¿™äº›æ°‘è°£ (298/1554) has 30 songs.
INFO:[DataPipeline]:PlayList: [3276314861] å–œæ¬¢æ°‘è°£çš„ç”·å­©éƒ½æ˜¯ä¸€åªå†™æ»¡å­¤ç‹¬çš„é±¼ (299/1554) has 50 songs.
INFO:[DataPipeline]:Sleep for: 158
INFO:[DataPipeline]:PlayList: [7225365006] ä¸€å­—æ°‘è°£ï¼Œæµ…åŸæµ…å”± (300/1554) has 89 songs.
INFO:[DataPipeline]:PlayList: [4160796668] åè¯­æ°‘è°£æ— æŸéŸ³ä¹50é¦– (301/1554) has 50 songs.
INFO:[DataPipeline]:PlayList: [7097361367] æ°‘è°£&#32;&#124;&#32;å»äº†è¿œæ–¹ï¼Œæ‰€æœ‰çš„æ¢¦éƒ½ä¼šé†’ (302/1554) has 26 songs.
INFO:[DataPipeline]:PlayList: [7096126402] æ°‘è°£æƒ…è¯&#32;&#124;&#32;æƒ³ç”¨æœ€å¹³å¸¸çš„è¯è¯´çˆ±ä½  (303/1554) has 20 songs.
INFO:[DataPipeline]:PlayList: [7120511986] å…³äºå¤œï¼Œå…³äºæ°‘è°£çš„å‘“è¯­ (304/1554) has 40 songs.
INFO:[DataPipeline]:PlayList: [834348838] è¿™ä¹ˆå·§&#32;ä½ ä¹Ÿå–œæ¬¢é™å¬æ°‘è°£ (305/1554) has 18 songs.
INFO:[DataPipeline]:PlayList: [7098383296] åè¯­æ°‘è°£ï¼šä¸€è·¯çš„é£æ™¯ï¼Œéƒ½å†™ç»™ä½  (306/1554) has 48 songs.
INFO:[DataPipeline]:PlayList: [891358386] æ™¨è·‘è·¯ä¸Šå¿…å¤‡çš„æ‰«å¼¦æ°‘è°£ (307/1554) has 33 songs.
INFO:[DataPipeline]:PlayList: [7110754558] æ°‘è°£ä½éŸ³ç‚®&#32;ï¼šéœ‡åŠ¨è€³è†œçš„ä¼˜è´¨ç”·å—“ (308/1554) has 22 songs.
INFO:[DataPipeline]:PlayList: [7024607182] ç²¤è¯­é‡Œçš„æ°‘è°£å‘³å„¿&#126; (309/1554) has 65 songs.
INFO:[DataPipeline]:Sleep for: 149
INFO:[DataPipeline]:PlayList: [1173220822] æ¬§æ´²ä¸­å¤æ°‘è°£ï¼šå…¬ä¸»ä¹¦ä¸Šçš„å¤è€ç—•è¿¹ (310/1554) has 136 songs.
INFO:[DataPipeline]:PlayList: [7356510478] æ·±æƒ…æ°‘è°£ï¼šçœºæœ›è¿œæ–¹æ—¶ï¼Œæ€»ä¼šæƒ³å¥¹ (311/1554) has 24 songs.
INFO:[DataPipeline]:PlayList: [7060354735] æ°‘è°£è‡³ä¸Š&#32;&#124;&#32;ä¹˜ç€æ—¶å…‰çš„é£ (312/1554) has 48 songs.
INFO:[DataPipeline]:PlayList: [7044075892] èåŒ–åœ¨æ°‘è°£ä¸­çš„è¯—è¯ (313/1554) has 22 songs.
INFO:[DataPipeline]:PlayList: [851970796] ç¡å‰æ°‘è°£ï¼šæµ‡çŒå¿ƒè€³&#32;&#32;å…¥æ¢¦ä¸‰åˆ† (314/1554) has 41 songs.
INFO:[DataPipeline]:PlayList: [7100275422] ã€Œæ°‘è°£ã€æˆ‘æ„¿æ„è·¨è¿‡å½©è™¹æ‹¥æŠ±ä½  (315/1554) has 30 songs.
INFO:[DataPipeline]:PlayList: [7129731477] å¹³å‡¡ä¹‹è·¯ï¼Œæˆ‘åªæƒ³å¬ä½ çš„é‚£äº›æ°‘è°£ (316/1554) has 21 songs.
INFO:[DataPipeline]:PlayList: [3793466388] æ—…é€”æ°‘è°£ï¼šç­‰ä¸åŠå‘Šåˆ«å°±å‡ºå‘ (317/1554) has 44 songs.
INFO:[DataPipeline]:PlayList: [7040562863] å›½è¯­æ°‘è°£ä¸¨å¸¦ç‚¹ä¸å®‰åˆ†ä¸Šè·¯ (318/1554) has 28 songs.
INFO:[DataPipeline]:PlayList: [6955108175] åè¯­æ°‘è°£&#32;&#58;&#32;æŠŠæˆè¯­è®°è¿°åœ¨æ­Œé‡Œ (319/1554) has 31 songs.
INFO:[DataPipeline]:Sleep for: 110
INFO:[DataPipeline]:PlayList: [7060350268] æ°‘è°£&#32;&#124;&#32;æƒ³åšä¸€æšç¯æ¸¸ä¸–ç•Œçš„é‚®ç¥¨ (320/1554) has 46 songs.
INFO:[DataPipeline]:PlayList: [7252363807] æ°‘è°£å½•&#32;&#124;&#32;è¯‰è¯´é’æ˜¥ä¸è¿œæ–¹ (321/1554) has 27 songs.
INFO:[DataPipeline]:PlayList: [7357124716] æ°‘è°£&#32;Â·&#32;è‡ªç”±ä¸”åˆæ´’è„± (322/1554) has 22 songs.
INFO:[DataPipeline]:PlayList: [7286143188] æ°‘è°£é›†&#32;Â·&#32;æ—§æ—¶å…‰é‡Œçš„å™äº‹å°è°ƒ (323/1554) has 27 songs.
INFO:[DataPipeline]:PlayList: [7036995473] æ°‘è°£çš„è·¯ä¸Šæ€»æœ‰å‰ä»–ç›¸ä¼´ (324/1554) has 31 songs.
INFO:[DataPipeline]:PlayList: [7120140927] ä¸½æ±Ÿæ°‘è°£ï¼Œå¤§è¡—å°å··é‡Œçš„æ•…äº‹ (325/1554) has 35 songs.
INFO:[DataPipeline]:PlayList: [7070764058] æ ¡å›­æ°‘è°£ï¼šå•è½¦åˆæ‹ä¼¼é’èŠ’ (326/1554) has 30 songs.
INFO:[DataPipeline]:PlayList: [2911488488] æ ¡å›­æ°‘è°£ï¼Œè¯—äº†é’æ˜¥å’Œè¿œæ–¹ (327/1554) has 32 songs.
INFO:[DataPipeline]:PlayList: [7042847231] ã€Œå›½è¯­æ°‘è°£ã€è®©æˆ‘å¸¦ä½ å»æ—…è¡Œ (328/1554) has 20 songs.
INFO:[DataPipeline]:PlayList: [7130272894] æ°‘è°£&#32;&#124;&#32;é€‚åˆæ™šç¡å§‘å¨˜çš„æ·±å¤œæ­Œå• (329/1554) has 26 songs.
INFO:[DataPipeline]:Sleep for: 148
INFO:[DataPipeline]:PlayList: [7100047442] æ°‘è°£é‡Œçš„æ—¶å…‰ï¼Œä¼¼æ˜¯æ•…äººæ¥ (330/1554) has 30 songs.
INFO:[DataPipeline]:PlayList: [7129573433] æ°‘è°£&#32;&#124;&#32;ä½ å’Œè¿œæ–¹æˆ‘éƒ½æƒ³è¦ (331/1554) has 21 songs.
INFO:[DataPipeline]:PlayList: [7124781706] æ°‘è°£å’Œå¿ƒï¼Œæ˜¯å»è¿œæ–¹æœ€å¥½çš„è·¯ (332/1554) has 24 songs.
INFO:[DataPipeline]:PlayList: [7097363107] æ°‘è°£&#32;&#124;&#32;ä¸€æŠŠå‰ä»–ï¼Œå››æµ·ä¸ºå®¶ (333/1554) has 20 songs.
INFO:[DataPipeline]:PlayList: [7019272214] æš–å¿ƒæ°‘è°£&#32;&#58;&#32;æˆ‘æƒ³å¸¦ä½ çœ‹å±±çœ‹æ°´ (334/1554) has 20 songs.
INFO:[DataPipeline]:PlayList: [7125116317] ä¸–é—´å­¤ç‹¬çš„æµªå­ï¼Œéƒ½æœæ°‘è°£èµ°å» (335/1554) has 36 songs.
INFO:[DataPipeline]:PlayList: [7129066776] æ°‘è°£&#32;â”‚&#32;æ˜Ÿæ²³æ»šçƒ«ï¼Œä½ æ˜¯äººé—´ç†æƒ³ (336/1554) has 40 songs.
INFO:[DataPipeline]:PlayList: [7121068203] æ°‘è°£&#32;&#124;&#32;è¿™æ˜¯æˆ‘æƒ³è¦é€ä½ çš„æƒ…ä¹¦ (337/1554) has 20 songs.
INFO:[DataPipeline]:PlayList: [7127590212] ä¸§æ°‘è°£ä¹Ÿåˆ«æœ‰åŠ›é‡ (338/1554) has 36 songs.
INFO:[DataPipeline]:PlayList: [6925716311] æ°‘è°£&#32;&#124;&#32;ç‹¬ä¸€æ— äºŒçš„æ­Œå (339/1554) has 29 songs.
INFO:[DataPipeline]:Sleep for: 98
INFO:[DataPipeline]:PlayList: [7124629424] æ°‘è°£&#32;&#124;&#32;è®©æˆ‘æ¼‚æµåœ¨å®‰é™çš„å¤œç©ºé‡Œ (340/1554) has 28 songs.
INFO:[DataPipeline]:PlayList: [7096057543] æ–¹è¨€æ°‘è°£ä¸¨æµ“æµ“çš„ä¹¡éŸ³ï¼Œç†Ÿæ‚‰çš„é…æ–¹ (341/1554) has 45 songs.
INFO:[DataPipeline]:PlayList: [7130272526] æ°‘è°£&#32;&#124;&#32;ä¸–é—´å¤šçš„æ˜¯æ±‚è€Œä¸å¾— (342/1554) has 26 songs.
INFO:[DataPipeline]:PlayList: [1098628469] æ°‘è°£ï¼Œæ´’è¿‡é˜³å…‰å’Œå°é›¨çš„æ—¥è®° (343/1554) has 50 songs.
INFO:[DataPipeline]:PlayList: [7036636068] åˆå°è±¡&#32;&#124;&#32;90åè„‘æµ·é‡Œçš„é‚£äº›æ°‘è°£ (344/1554) has 20 songs.
INFO:[DataPipeline]:PlayList: [7129977178] å¥³å‹è¯´å¬æ°‘è°£ï¼Œå…ˆè¦çˆ±ä¸Šæ‰‹é¼“ (345/1554) has 24 songs.
INFO:[DataPipeline]:PlayList: [7126527928] æ²»æ„ˆæ°‘è°£&#32;&#124;&#32;èº²è¿›è‡ªå·±ä¸“å±çš„ç–—ä¼¤æ‰€ (346/1554) has 28 songs.
INFO:[DataPipeline]:PlayList: [7120940469] æ°‘è°£&#32;&#124;&#32;çƒ­å‹‡ä¸€è…”ï¼Œè¿½å¯»å¤ªé˜³ (347/1554) has 30 songs.
INFO:[DataPipeline]:PlayList: [1190426870] æ°‘è°£ï¼šä¸ç»æ„é—´ï¼Œæˆäº†æ•…äº‹é‡Œçš„äºº (348/1554) has 27 songs.
INFO:[DataPipeline]:PlayList: [7039665531] æ°‘è°£å®ƒæ˜¯é£ï¼Œè½åœ°å°±ç”Ÿæ ¹ (349/1554) has 20 songs.
INFO:[DataPipeline]:Sleep for: 108
INFO:[DataPipeline]:PlayList: [1755648505] æ°‘è°£â”‚ä¾†è‡ªé æ–¹çš„è²éŸ³ï¼Œç©ºéˆï¼Œå¤¢å¹»ï¼ (350/1554) has 32 songs.
INFO:[DataPipeline]:PlayList: [3822851759] æ²»æ„ˆæ°‘è°£ï¼šå­¤ç‹¬çš„äººæ€»æ˜¯æ™šå›å®¶ (351/1554) has 21 songs.
INFO:[DataPipeline]:PlayList: [2937475426] æ°‘è°£æ¥è‡ªå­¤ç‹¬ï¼Œè€Œæˆ‘æ¥è‡ªåº¸ä¿— (352/1554) has 141 songs.
INFO:[DataPipeline]:PlayList: [7127579962] æ°‘è°£å™äº‹é›†&#32;&#124;&#32;&#32;è¯—ä¸æˆ‘ï¼Œæµ®ç”Ÿè‹¥æ¢¦ (353/1554) has 27 songs.
INFO:[DataPipeline]:PlayList: [7124782649] å°ä¼—æ°‘è°£ï¼Œæ¸©æš–å‘é˜³ (354/1554) has 40 songs.
INFO:[DataPipeline]:PlayList: [7099841253] ä½ æ‰€ç»å†çš„ï¼Œæ—©å·²è¢«å†™è¿›æ°‘è°£é‡Œ (355/1554) has 33 songs.
INFO:[DataPipeline]:PlayList: [7098594340] ä¸€é¦–æ°‘è°£ï¼Œä¸€ä¸ªæ•…äº‹ï¼Œä¸€ä¸ªäºº (356/1554) has 20 songs.
INFO:[DataPipeline]:PlayList: [6908437897] æ·±å¤œç‹¬äº«çš„ä¼¤æ„Ÿç³»æ¬§ç¾æ°‘è°£ (357/1554) has 20 songs.
INFO:[DataPipeline]:PlayList: [2028016069] æ°‘è°£ä¸¨åˆåé˜³å…‰ï¼Œå‰ä»–ä½œä¼´ (358/1554) has 30 songs.
INFO:[DataPipeline]:PlayList: [848261286] å‰ä»–ä¼´éšæ°‘è°£ï¼Œå­¤ç‹¬ä¼´éšæµæµª (359/1554) has 100 songs.
INFO:[DataPipeline]:Sleep for: 164
INFO:[DataPipeline]:PlayList: [7126602806] æ¯é¦–æ°‘è°£çš„åˆå¿ƒï¼Œéƒ½æ”¾åœ¨Demoé‡Œäº† (360/1554) has 26 songs.
INFO:[DataPipeline]:PlayList: [7042644530] å”æ˜ æ«å¡«è¯çš„æ°‘è°£å•Š&#126; (361/1554) has 28 songs.
INFO:[DataPipeline]:PlayList: [4334369519] åè¯­æ°‘è°£&#32;&#58;&#32;å­¤ç‹¬çš„äººå–æš–åœ¨å¤œé‡Œ (362/1554) has 50 songs.
INFO:[DataPipeline]:PlayList: [3791815845] æ°‘è°£æƒ…ä¹¦ï¼šå…³äºçˆ±ä½ çš„äºŒä¸‰äº‹ (363/1554) has 35 songs.
INFO:[DataPipeline]:PlayList: [7095949576] æ°‘è°£ç–—å…»å®¤&#32;&#124;&#32;ç”¨æ¸©æŸ”æŠšæ…°ä½ çš„å¿ƒçµ (364/1554) has 25 songs.
INFO:[DataPipeline]:PlayList: [1981546038] æ¬§ç¾æ°‘è°£ï¼Œæ¸…æ–°æ›²è°ƒå‚¬åŠ¨ä½ çš„å¿ƒ (365/1554) has 30 songs.
INFO:[DataPipeline]:PlayList: [7123384018] æ°‘è°£é…’é¦†å¼€ä¸šï¼Œä»Šæ—¥å…¨åœºå…è´¹ (366/1554) has 30 songs.
INFO:[DataPipeline]:PlayList: [1123470949] å¬ä¸€éå°±çˆ±ä¸Šçš„æ°‘è°£ (367/1554) has 60 songs.
INFO:[DataPipeline]:PlayList: [3271720014] ã€Œä¸€å­—æ°‘è°£ã€è¶Šç®€å•&#32;è¶Šä¸ç®€å• (368/1554) has 74 songs.
INFO:[DataPipeline]:PlayList: [7120850083] æ°‘è°£&#32;&#124;&#32;è¿œç¦»å‹è¿«ï¼Œå¯»å†…å¿ƒä¸€äº©è‰¯ç”° (369/1554) has 21 songs.
INFO:[DataPipeline]:Sleep for: 91
INFO:[DataPipeline]:PlayList: [7120855435] å¯„æƒ…äºæ­Œï¼Œæ°‘è°£é‡Œæ‰¾ç›¸æ€ (370/1554) has 23 songs.
INFO:[DataPipeline]:PlayList: [1135214693] æ°‘è°£ç”·å—“ï¼Œæ€§æ„Ÿæ¸©æš–å¿ƒçµ (371/1554) has 68 songs.
INFO:[DataPipeline]:PlayList: [7102141116] è´¨æœ´æ°‘è°£&#32;&#124;&#32;æ·¡æ·¡åŸå”±å´æ·±å…¥äººå¿ƒ (372/1554) has 24 songs.
INFO:[DataPipeline]:PlayList: [7129573011] å…³äºæ°‘è°£ï¼Œä¹¦å†™çš„éƒ½æ˜¯ç”Ÿæ´»çš„æ•…äº‹ (373/1554) has 22 songs.
INFO:[DataPipeline]:PlayList: [2029809173] åå­—å¾ˆé•¿çš„æ°‘è°£é‡Œæœ‰æ•…äº‹ (374/1554) has 32 songs.
INFO:[DataPipeline]:PlayList: [7252363690] ä¸€åœºæ°‘è°£ä¸€åœºæ¢¦&#32;&#124;&#32;äº¦æ˜¯æ­¤é—´å°‘å¹´ (375/1554) has 24 songs.
INFO:[DataPipeline]:PlayList: [845392622] å¤±çœ ä¸­æ°‘è°£&#32;&#32;éŸ³ä¹å®‰çœ è¯ (376/1554) has 33 songs.
INFO:[DataPipeline]:PlayList: [7097402362] å†·é—¨æ°‘è°£ä¸¨æˆ‘çš„å¿ƒé‡Œæœ‰ä¸€è‰˜å­¤å¸† (377/1554) has 28 songs.
INFO:[DataPipeline]:PlayList: [7124547316] æ°‘è°£å¥³å£°&#32;&#124;&#32;åˆ«å†ä¸ºå¾€æ˜”æ€é‡ (378/1554) has 41 songs.
INFO:[DataPipeline]:PlayList: [7096126036] ã€Œæ¸…å§æ°‘è°£ã€é‚£é‡Œæœ‰äººåœ¨å”±æ­Œ (379/1554) has 30 songs.
INFO:[DataPipeline]:Sleep for: 143
INFO:[DataPipeline]:PlayList: [4149398392] å‚æ™šæ•£æ­¥æ—¶å¬çš„æ—¥æœ¬æ²»æ„ˆæ°‘è°£ (380/1554) has 47 songs.
INFO:[DataPipeline]:PlayList: [7100170986] ä¸½æ±Ÿæ°‘è°£ä¸¨ç¿ è‰²å±±å³¦ï¼ŒèŠ±æºªæ›²å·· (381/1554) has 31 songs.
INFO:[DataPipeline]:PlayList: [7127283043] æ°‘è°£&#32;&#124;&#32;æ—¥å­è‹¦ï¼Œç†¬ä¸€ç†¬å°±å¥½äº† (382/1554) has 25 songs.
INFO:[DataPipeline]:PlayList: [7120168373] æ°‘è°£&#32;&#124;&#32;ç‰‡ç‰‡ç›¸æ€å€’å½±åœ¨å¿ƒä¸­ (383/1554) has 28 songs.
INFO:[DataPipeline]:PlayList: [1169133204] åè¯­ä¸¤å­—æ°‘è°£ï¼šè¯—ï¼Œæƒ…è¯ï¼ŒèŒ¶é…’ä¼´ (384/1554) has 100 songs.
INFO:[DataPipeline]:PlayList: [7097245797] æ°‘è°£&#32;&#124;&#32;ç”˜æ„¿é£å°˜ï¼Œæ¼‚æ³Šäºä¸– (385/1554) has 23 songs.
INFO:[DataPipeline]:PlayList: [1722371731] å‰ä»–å¾€äº‹ï¼š50é¦–æ¸…æ–°æ°‘è°£åˆè¾‘ (386/1554) has 50 songs.
INFO:[DataPipeline]:PlayList: [3799033488] å‘¢å–ƒè€³è¯­ï¼šæ¸©æŸ”å¥³å£°ç¿»å”±çš„æ°‘è°£ (387/1554) has 34 songs.
INFO:[DataPipeline]:PlayList: [7129730966] æ°‘è°£ï¼šæˆ‘å–œæ¬¢çš„äººï¼Œéƒ½è·Ÿä½ å¥½åƒ (388/1554) has 22 songs.
INFO:[DataPipeline]:PlayList: [2931924556] åè¯­ï½œæˆ‘æŠŠé‚£äº›æ€ç»ªå†™è¿›æ°‘è°£ (389/1554) has 30 songs.
INFO:[DataPipeline]:Sleep for: 134
INFO:[DataPipeline]:PlayList: [7127582027] æ°‘è°£&#32;&#124;&#32;æ„¿æœ‰äººä¸ä½ å…±é»„æ˜ (390/1554) has 23 songs.
INFO:[DataPipeline]:PlayList: [2921301804] æ°‘è°£ä¸è¯—ï¼Œè½»æ…¢ç”Ÿæ´»çš„å°æ ¼è°ƒ (391/1554) has 26 songs.
INFO:[DataPipeline]:PlayList: [7100046784] ä¸é—®å½’é€”ï¼Œè¿™æ˜¯æµæµªè€…çš„æ°‘è°£ (392/1554) has 26 songs.
INFO:[DataPipeline]:PlayList: [7100047183] æ°‘è°£æƒ…æ­Œ&#32;&#124;&#32;å…³äºä½™ç”Ÿï¼Œæˆ‘å¸Œæœ›éƒ½æ˜¯ä½  (393/1554) has 21 songs.
INFO:[DataPipeline]:PlayList: [2911084420] è¡Œèµ°åœ¨æ°‘è°£é‡Œçš„åŠ›é‡ï¼ˆäºŒï¼‰ (394/1554) has 21 songs.
INFO:[DataPipeline]:PlayList: [7097052352] åè¯­æ°‘è°£&#32;&#124;&#32;å¦‚æœæ—¶å…‰æœ‰å½’é€” (395/1554) has 33 songs.
INFO:[DataPipeline]:PlayList: [3188352855] é»‘èƒ¶å›å¿†å½•Â·çˆ±å°”å…°æ°‘è°£ (396/1554) has 20 songs.
INFO:[DataPipeline]:PlayList: [7123905898] å½“ç”Ÿæ´»å¿«å´©å¡Œæ—¶ï¼Œå‘æ°‘è°£æ±‚æ•‘ (397/1554) has 21 songs.
INFO:[DataPipeline]:PlayList: [7102078657] ã€Œæ°‘è°£ã€è®¸ä¹…æœªè§ï¼Œè¿‘æ¥å¯å¥½ (398/1554) has 27 songs.
INFO:[DataPipeline]:PlayList: [7129729732] ã€Œå›½è¯­æ°‘è°£ã€&#32;äººç”Ÿè‡³å°‘è¯¥æœ‰ä¸€æ¬¡è¿œè¡Œ (399/1554) has 22 songs.
INFO:[DataPipeline]:Sleep for: 177
INFO:[DataPipeline]:PlayList: [7097247471] å›½é£æ°‘è°£&#32;&#124;&#32;è¯—è¯æ‰¿æ„ï¼Œä»¥æ›²æŠ’æƒ… (400/1554) has 29 songs.
INFO:[DataPipeline]:PlayList: [1124356232] è¢«å¿½ç•¥çš„åŠ¨å¬å°ä¼—æ°‘è°£ (401/1554) has 40 songs.
INFO:[DataPipeline]:PlayList: [7102676692] æ°‘è°£&#32;&#124;&#32;æ›¾å¹»æƒ³ç€å¦‚æ­Œçš„ç”Ÿæ´» (402/1554) has 26 songs.
INFO:[DataPipeline]:PlayList: [1737724761] æ°‘è°£åŸ&#32;æˆ‘è¿˜æƒ³å¬ä½ è®²æ•…äº‹ (403/1554) has 30 songs.
INFO:[DataPipeline]:PlayList: [7060354706] å”±é¦–æ°‘è°£ï¼Œè‡´å¯çˆ±çš„ä½  (404/1554) has 47 songs.
INFO:[DataPipeline]:PlayList: [2919554459] ç»™è‡ªå·±ä¸€é¦–å®‰é™çš„æ°‘è°£ (405/1554) has 25 songs.
INFO:[DataPipeline]:PlayList: [4179305193] è¯—æ„å›½é£&#32;Â·&#32;æœˆä¸‹æ¸©ä¸€å£¶æ°‘è°£çš„é…’ (406/1554) has 21 songs.
INFO:[DataPipeline]:PlayList: [2352590811] æ˜¯ä¸æ˜¯è¿™äº›æ­Œè®©ä½ çˆ±ä¸Šäº†æ°‘è°£ï¼Ÿ (407/1554) has 53 songs.
INFO:[DataPipeline]:PlayList: [7142114499] æ°‘è°£&#32;&#124;&#32;ç”Ÿæ´»å¿§ä¼¤å½• (408/1554) has 12 songs.
INFO:[DataPipeline]:PlayList: [7039362301] 2019èƒ¡æ¡ƒé‡Œæ°‘è°£é›† (409/1554) has 59 songs.
INFO:[DataPipeline]:Sleep for: 75
INFO:[DataPipeline]:PlayList: [2056633246] å¥³ç‰ˆæ°‘è°£ï¼šä½ çœ‹å—é£å¹&#32;æˆ‘ç­‰çˆ±äººå½’ (410/1554) has 31 songs.
INFO:[DataPipeline]:PlayList: [7129729056] ã€Œæ°‘è°£ã€ä½ çš„é™ªä¼´ï¼Œæ—©å·²æ˜¯ç¾ç»Š (411/1554) has 24 songs.
INFO:[DataPipeline]:PlayList: [7102077781] æ°‘è°£&#32;&#124;&#32;æŠŠä½ å†™è¿›æ­Œé‡Œæ€å¿µ (412/1554) has 25 songs.
INFO:[DataPipeline]:PlayList: [3808356946] å†…åœ°80ä½å†·é—¨æ°‘è°£åˆ›ä½œç”·æ­Œæ‰‹ (413/1554) has 154 songs.
INFO:[DataPipeline]:PlayList: [7036609672] ã€Œæ°‘è°£ã€å¦‚è¯—å¦‚æ­Œå¦‚ç†æƒ³&#32;&#32;&#32; (414/1554) has 21 songs.
INFO:[DataPipeline]:PlayList: [3257342959] æ°‘è°£ï¼šå§‹äºæƒ…é•¿ï¼Œç»ˆäºä¸æƒ³ (415/1554) has 50 songs.
INFO:[DataPipeline]:PlayList: [1374105607] æ˜“å…¥äººå¿ƒçš„åè¯­æ°‘è°£ (416/1554) has 20 songs.
INFO:[DataPipeline]:PlayList: [3203815624] æ°‘è°£Â·åŒ—åŸæ—§å··Â·æ—¶è¿‡å¢ƒè¿ (417/1554) has 20 songs.
INFO:[DataPipeline]:PlayList: [2035305245] åƒä¸Šç˜¾ä¸€æ ·çš„å¾ªç¯å¬ç€è¿™äº›æ°‘è°£ (418/1554) has 30 songs.
INFO:[DataPipeline]:PlayList: [7309306336] æ°‘è°£é›†ï¼šâ€œè¯—å’Œè¿œæ–¹â€å¹¶ä¸å¤ªé¥è¿œ (419/1554) has 15 songs.
INFO:[DataPipeline]:Sleep for: 137
INFO:[DataPipeline]:PlayList: [4198981872] å¿§ä¼¤å°è°ƒï¼šæ°‘è°£é‡Œçš„è‹¦å‘³ç”·å£° (420/1554) has 49 songs.
INFO:[DataPipeline]:PlayList: [3225309442] æ°‘è°£Â·è½»æŠšä½ çš„ä¼¤å’Œä½ çš„æ²§æ¡‘ (421/1554) has 19 songs.
INFO:[DataPipeline]:PlayList: [3188472462] æ ¡å›­æ°‘è°£Â·ç™½è¡£é£˜é£˜çš„å¹´ä»£ (422/1554) has 20 songs.
INFO:[DataPipeline]:PlayList: [3037839488] æ°‘è°£Â·æ•…äº‹å¾ˆç¾ä¸€æŠŠå‰ä»–è¯¥æ€ä¹ˆè®² (423/1554) has 114 songs.
INFO:[DataPipeline]:PlayList: [7126586665] æ°‘è°£&#32;â”‚&#32;å§‘å¨˜ä¸å‰ä»–çš„ä¸€åœºé‚‚é€… (424/1554) has 30 songs.
INFO:[DataPipeline]:PlayList: [3764754658] 30ä½å†…åœ°90åæ°‘è°£å¥³æ­Œæ‰‹ (425/1554) has 30 songs.
INFO:[DataPipeline]:PlayList: [2685758195] ä¼¤æ„Ÿæ°‘è°£ï¼šæ—©çŸ¥ç¼˜åˆ†å¦‚æ­¤ï¼Œä¸å¦‚ä»Šç”Ÿä¸é‡ (426/1554) has 41 songs.
INFO:[DataPipeline]:PlayList: [7097369007] æ°‘è°£&#32;&#124;&#32;å…³äºæœªæ¥ï¼Œæˆ‘ä»¬ä¸€èµ·æ¥æƒ³ (427/1554) has 28 songs.
INFO:[DataPipeline]:PlayList: [2000852099] ä¸€æ›²æ°‘è°£&#32;å”±å°½è¯—æ„å’Œè¿œæ–¹ (428/1554) has 28 songs.
INFO:[DataPipeline]:PlayList: [2936707848] æ°‘è°£å°ä¼—ï¼Œç‹¬ç«‹éŸ³ä¹äººçš„è¿œæ–¹ä¸è¯— (429/1554) has 26 songs.
INFO:[DataPipeline]:Sleep for: 65
INFO:[DataPipeline]:PlayList: [7124540089] æ¯ä¸ªæ°‘è°£æ­Œè€…ï¼Œéƒ½ä¼šå”±ä¸€é¦–å­¤ç‹¬ (430/1554) has 22 songs.
INFO:[DataPipeline]:PlayList: [7037898718] ã€Œå›½é£æ°‘è°£ã€æ¸…éœœç´ æœˆï¼Œäººé—´è‡³å‘³ (431/1554) has 24 songs.
INFO:[DataPipeline]:PlayList: [3619000070] æ¬§ç¾æ°‘è°£ï¼šé™é™è†å¬é‡Œé¢è—åŒ¿çš„æ•…äº‹ (432/1554) has 91 songs.
INFO:[DataPipeline]:PlayList: [1730482455] æ°‘è°£å°é›†ï¼šæ”¾ä»»æ—¶å…‰ç¼“ç¼“æµæ·Œ (433/1554) has 28 songs.
INFO:[DataPipeline]:PlayList: [7130273158] æ°‘è°£&#32;&#124;&#32;é•¿å¤§ï¼Œåªæ˜¯å„¿æ—¶çš„æ¢¦æƒ³ (434/1554) has 26 songs.
INFO:[DataPipeline]:PlayList: [3643793141] åŠ±å¿—æ°‘è°£ï¼šä¸€å°ç»™ä½ æ¸©æš–çš„ä¿¡ (435/1554) has 34 songs.
INFO:[DataPipeline]:PlayList: [7129730056] åå…«å²çš„ç”·å­©ä»¬ä¼šå¬è¿™äº›æ°‘è°£ (436/1554) has 35 songs.
INFO:[DataPipeline]:PlayList: [3222229309] æ°‘è°£Â·äººç”Ÿæ˜¯å¤©å—åœ°åŒ—çš„æµæµª (437/1554) has 19 songs.
INFO:[DataPipeline]:PlayList: [2339757752] ä¸­å›½æ°‘è°£åœ°å›¾ï¼šæ€»æœ‰å±äºä½ çš„åŸå¸‚ (438/1554) has 46 songs.
INFO:[DataPipeline]:PlayList: [2934116611] æ°‘è°£ï½œè¿™åº§åŸï¼Œæ˜¯å¦æœ‰ä½ çš„æ•…äº‹ (439/1554) has 32 songs.
INFO:[DataPipeline]:Sleep for: 102
INFO:[DataPipeline]:PlayList: [7320097237] æ°‘è°£&#32;&#124;&#32;æµæµªåœ¨å¤©æ¶¯æµ·è§’ (440/1554) has 32 songs.
INFO:[DataPipeline]:PlayList: [3483796364] è®©æˆ‘ä»¬é™¶é†‰åœ¨æ°‘è°£ (441/1554) has 27 songs.
INFO:[DataPipeline]:PlayList: [3561387574] å½±è§†æ°‘è°£ï¼šçè—åœ¨å…‰å½±ä¸­çš„æ¸©æš–æƒ…èŠ‚ (442/1554) has 70 songs.
INFO:[DataPipeline]:PlayList: [7060353012] æ°‘è°£&#32;&#124;&#32;æˆ‘å¿ƒåŒªé‰´ï¼Œä¸å¯èŒ¹ä¹Ÿ (443/1554) has 48 songs.
INFO:[DataPipeline]:PlayList: [6963368648] å…³äºæµ·çš„æ°‘è°£ (444/1554) has 26 songs.
INFO:[DataPipeline]:PlayList: [7097566683] æ°‘è°£&#32;&#124;&#32;ç¡å‰ä¸å¦‚æ¥å¬ä»–ä»¬çš„æ•…äº‹å§ (445/1554) has 30 songs.
INFO:[DataPipeline]:PlayList: [3534934828] ç®€å•æ—‹å¾‹ï¼Œé†‰äººæ°‘è°£ã€‚ (446/1554) has 23 songs.
INFO:[DataPipeline]:PlayList: [2067203934] ã€Œæ°‘è°£ã€å°ä¼—çš„èº«ï¼Œå¤§ä¼—çš„å¿ƒ (447/1554) has 275 songs.
INFO:[DataPipeline]:PlayList: [3845869682] è€³æœºçš„æ¸…æ–°æµ·é£ï¼šéŸ©ç³»æ°‘è°£ (448/1554) has 70 songs.
INFO:[DataPipeline]:PlayList: [2926333478] é‚£å¹´æˆ‘ä»¬ä¸€èµ·å¬è¿‡æ ¡å›­æ°‘è°£ (449/1554) has 23 songs.
INFO:[DataPipeline]:Sleep for: 63
INFO:[DataPipeline]:PlayList: [849572361] æ—…è¡Œæ°‘è°£ï¼šæˆ‘ä»¬ä¸€è·¯ä¸Šçš„æ¬¢å£°ç¬‘è¯­ (450/1554) has 25 songs.
INFO:[DataPipeline]:PlayList: [7122318744] æ°‘è°£å®µå¤œï¼Œä¸€ç¢—ç²¾ç¥é£Ÿç²® (451/1554) has 24 songs.
INFO:[DataPipeline]:PlayList: [2928861833] ã€æ°‘è°£ã€‘æ–‡è‰ºå¥³é’å¹´çš„è‡ªæˆ‘ä¿®å…» (452/1554) has 30 songs.
INFO:[DataPipeline]:PlayList: [7126637019] å¤æ„æ°‘è°£ï½œæ˜¥é£æ¥ï¼Œæ¥æŠšé‚£å°‘å¹´å¼¦ (453/1554) has 36 songs.
INFO:[DataPipeline]:PlayList: [6911742023] æ•°å­—æ°‘è°£&#32;&#32;&#58;&#32;å›å¿†æš‚åœäº†æ—¶é—´ (454/1554) has 22 songs.
INFO:[DataPipeline]:PlayList: [7126556806] æ–¹è¨€æ°‘è°£ï¼šæ­Œå”±æœ€æ·³æœ´çš„ç”Ÿæ´» (455/1554) has 20 songs.
INFO:[DataPipeline]:PlayList: [7102818687] æ°‘è°£&#32;&#124;&#32;å„¿æ—¶åœ¨å°å··å­çš„å›å¿† (456/1554) has 34 songs.
INFO:[DataPipeline]:PlayList: [874675402] ã€Œåè¯­æ°‘è°£ã€ç°å®ä¸­çš„é‚£ä¸€æŠ¹çº¯å‡€ (457/1554) has 137 songs.
INFO:[DataPipeline]:PlayList: [7122921354] æ°‘è°£çš„ç»†ç¢æ—¶å…‰ï¼Œä¸€åˆ‡éƒ½å¾ˆç®€å• (458/1554) has 27 songs.
INFO:[DataPipeline]:PlayList: [2910724974] è¡Œèµ°åœ¨æ°‘è°£é‡Œçš„åŠ›é‡ (459/1554) has 18 songs.
INFO:[DataPipeline]:Sleep for: 155
INFO:[DataPipeline]:PlayList: [872840171] è¿™äº›åŸå¸‚ï¼Œéƒ½å°åˆ»ç€æ°‘è°£é‡Œçš„æ•…äº‹ (460/1554) has 95 songs.
INFO:[DataPipeline]:PlayList: [1392853165] å¬ä¸€é¦–èˆ’å¿ƒçš„æ—¥éŸ©æ°‘è°£ (461/1554) has 20 songs.
INFO:[DataPipeline]:PlayList: [1471714533] æ°‘è°£ï¼Œå¿§ä¼¤æˆç‹—ä¹Ÿè¦ç»§ç»­ (462/1554) has 255 songs.
INFO:[DataPipeline]:PlayList: [2357024346] ã€ç™¾é¦–å›½è¯­æ°‘è°£ã€‘ç‚½çƒ­æ˜¯ä½ ï¼Œè‹å‡‰æ˜¯ä½  (463/1554) has 107 songs.
INFO:[DataPipeline]:PlayList: [858635147] ktvé‡Œçš„æ°‘è°£ä¹Ÿèƒ½èµ°è¿›äººçš„å†…å¿ƒä¸–ç•Œ (464/1554) has 18 songs.
INFO:[DataPipeline]:PlayList: [7041154082] æ´»æ³¼æ°‘è°£Â·å¤æ—¥ç‹¬è‡ªæ‚ é—² (465/1554) has 25 songs.
INFO:[DataPipeline]:PlayList: [7129571921] å¾®å…‰è–„é›¾å»&#32;&#124;&#32;æ°‘è°£éšæƒ³é›† (466/1554) has 27 songs.
INFO:[DataPipeline]:PlayList: [7120152023] é™¶å†¶è¯—æ„é£æƒ…ï¼Œå€¾å¬ä¸‰å­—æ°‘è°£ (467/1554) has 32 songs.
INFO:[DataPipeline]:PlayList: [2066560838] ã€Œæ°‘è°£ã€ä½ æˆ‘çš„æƒ…ç»ªå…±è°‹è€… (468/1554) has 93 songs.
INFO:[DataPipeline]:PlayList: [1365797027] åˆ’è¿‡ç”Ÿå‘½çš„é‚£30é¦–ç‹¬ç«‹æ°‘è°£ (469/1554) has 30 songs.
INFO:[DataPipeline]:Sleep for: 136
INFO:[DataPipeline]:PlayList: [2934724607] ç¼–è¾‘æ¨èï½œè†å¬æ°‘è°£é‡Œçš„å››å­£ (470/1554) has 42 songs.
INFO:[DataPipeline]:PlayList: [2371751792] ã€Œæ°‘è°£ã€åŸå”±ç€ç”Ÿå‘½ä¸å±ˆçš„éª„å‚² (471/1554) has 88 songs.
INFO:[DataPipeline]:PlayList: [3788775260] è¾¾äººå‘¨æœ«&#32;&#124;&#32;é€‚åˆè¸æ˜¥çš„å°ä¼—æ°‘è°£ (472/1554) has 30 songs.
INFO:[DataPipeline]:PlayList: [4256567874] æ°‘è°£ï¼šå€¾å°½æ¯ä¸­å½±ï¼Œæ€æ•…æ…°é£å°˜ (473/1554) has 50 songs.
INFO:[DataPipeline]:PlayList: [1167623977] æ°‘è°£å…¥é—¨ï¼Œå°±ä»è¿™é‡Œå¼€å§‹å§ (474/1554) has 105 songs.
INFO:[DataPipeline]:PlayList: [3994368327] æ°‘è°£å‡‰å¤ï¼šè€å®¶åˆåçš„ä¸€ç¼•æ¸…é£ (475/1554) has 30 songs.
INFO:[DataPipeline]:PlayList: [7050121958] éŸ©è¯­æ°‘è°£&#32;Â·&#32;è‡´æˆ‘ä»¬ç›¸çˆ±çš„æ—¶å…‰ (476/1554) has 20 songs.
INFO:[DataPipeline]:PlayList: [2337447157] åè¯­ï½œå¸¦ä¸Šæ°‘è°£å»æµæµª (477/1554) has 32 songs.
INFO:[DataPipeline]:PlayList: [1098626582] æ°‘è°£ï¼Œæˆ‘ä¸å­¤å•é•¿çœ  (478/1554) has 19 songs.
INFO:[DataPipeline]:PlayList: [7101886456] æ°‘è°£é€šå¸¸å–ä¸èµ·ä¸‹åˆèŒ¶å’Œå’–å•¡ (479/1554) has 23 songs.
INFO:[DataPipeline]:Sleep for: 99
INFO:[DataPipeline]:PlayList: [2936928545] æ¢¦æƒ³çš„å£°éŸ³ï½œè§å¼æ°‘è°£ï¼šè¿™æ ·çš„ç‚¸é¸¡æ‰å¤Ÿå‘³ï¼ (480/1554) has 20 songs.
INFO:[DataPipeline]:PlayList: [3228845319] å½“ä»£æ°‘è°£ï¼Œæ­Œè€…çš„è‡ªç”±è¯‰è¯´ (481/1554) has 31 songs.
INFO:[DataPipeline]:PlayList: [774402740] å½“é’¢ç´é‚‚é€…æ°‘è°£ (482/1554) has 20 songs.
--- Logging error ---
Traceback (most recent call last):
  File "/Library/Python/3.7/site-packages/urllib3/connectionpool.py", line 376, in _make_request
    self._validate_conn(conn)
  File "/Library/Python/3.7/site-packages/urllib3/connectionpool.py", line 994, in _validate_conn
    conn.connect()
  File "/Library/Python/3.7/site-packages/urllib3/connection.py", line 360, in connect
    ssl_context=context,
  File "/Library/Python/3.7/site-packages/urllib3/util/ssl_.py", line 370, in ssl_wrap_socket
    return context.wrap_socket(sock, server_hostname=server_hostname)
  File "/Library/Developer/CommandLineTools/Library/Frameworks/Python3.framework/Versions/3.7/lib/python3.7/ssl.py", line 412, in wrap_socket
    session=session
  File "/Library/Developer/CommandLineTools/Library/Frameworks/Python3.framework/Versions/3.7/lib/python3.7/ssl.py", line 853, in _create
    self.do_handshake()
  File "/Library/Developer/CommandLineTools/Library/Frameworks/Python3.framework/Versions/3.7/lib/python3.7/ssl.py", line 1117, in do_handshake
    self._sslobj.do_handshake()
socket.timeout: _ssl.c:1039: The handshake operation timed out

During handling of the above exception, another exception occurred:

Traceback (most recent call last):
  File "/Library/Python/3.7/site-packages/requests/adapters.py", line 449, in send
    timeout=timeout
  File "/Library/Python/3.7/site-packages/urllib3/connectionpool.py", line 720, in urlopen
    method, url, error=e, _pool=self, _stacktrace=sys.exc_info()[2]
  File "/Library/Python/3.7/site-packages/urllib3/util/retry.py", line 400, in increment
    raise six.reraise(type(error), error, _stacktrace)
  File "/Library/Python/3.7/site-packages/urllib3/packages/six.py", line 735, in reraise
    raise value
  File "/Library/Python/3.7/site-packages/urllib3/connectionpool.py", line 672, in urlopen
    chunked=chunked,
  File "/Library/Python/3.7/site-packages/urllib3/connectionpool.py", line 379, in _make_request
    self._raise_timeout(err=e, url=url, timeout_value=conn.timeout)
  File "/Library/Python/3.7/site-packages/urllib3/connectionpool.py", line 331, in _raise_timeout
    self, url, "Read timed out. (read timeout=%s)" % timeout_value
urllib3.exceptions.ReadTimeoutError: HTTPSConnectionPool(host='c.y.qq.com', port=443): Read timed out. (read timeout=30)

During handling of the above exception, another exception occurred:

Traceback (most recent call last):
  File "runner_qq.py", line 60, in process_playlist
    lyric = api.get_song_lyric(song.id)
  File "/private/var/root/.jenkins/workspace/data-minyao/dao/qq_api.py", line 43, in get_song_lyric
    raw_text = self.fetch_raw(url)
  File "/private/var/root/.jenkins/workspace/data-minyao/dao/base_api.py", line 33, in fetch_raw
    verify=False)
  File "/Library/Python/3.7/site-packages/requests/api.py", line 75, in get
    return request('get', url, params=params, **kwargs)
  File "/Library/Python/3.7/site-packages/requests/api.py", line 60, in request
    return session.request(method=method, url=url, **kwargs)
  File "/Library/Python/3.7/site-packages/requests/sessions.py", line 533, in request
    resp = self.send(prep, **send_kwargs)
  File "/Library/Python/3.7/site-packages/requests/sessions.py", line 646, in send
    r = adapter.send(request, **kwargs)
  File "/Library/Python/3.7/site-packages/requests/adapters.py", line 529, in send
    raise ReadTimeout(e, request=request)
requests.exceptions.ReadTimeout: HTTPSConnectionPool(host='c.y.qq.com', port=443): Read timed out. (read timeout=30)

During handling of the above exception, another exception occurred:

Traceback (most recent call last):
  File "/Library/Developer/CommandLineTools/Library/Frameworks/Python3.framework/Versions/3.7/lib/python3.7/logging/__init__.py", line 1034, in emit
    msg = self.format(record)
  File "/Library/Developer/CommandLineTools/Library/Frameworks/Python3.framework/Versions/3.7/lib/python3.7/logging/__init__.py", line 880, in format
    return fmt.format(record)
  File "/Library/Developer/CommandLineTools/Library/Frameworks/Python3.framework/Versions/3.7/lib/python3.7/logging/__init__.py", line 619, in format
    record.message = record.getMessage()
  File "/Library/Developer/CommandLineTools/Library/Frameworks/Python3.framework/Versions/3.7/lib/python3.7/logging/__init__.py", line 380, in getMessage
    msg = msg % self.args
TypeError: not all arguments converted during string formatting
Call stack:
  File "runner_qq.py", line 158, in <module>
    main()
  File "runner_qq.py", line 145, in main
    args.proxy, logger, args.dump_raw, args.dump_seg)
  File "runner_qq.py", line 70, in process_playlist
    logger.error("Exception in processing songs: ", err)
Message: 'Exception in processing songs: '
Arguments: (ReadTimeout(ReadTimeoutError("HTTPSConnectionPool(host='c.y.qq.com', port=443): Read timed out. (read timeout=30)")),)
INFO:[DataPipeline]:PlayList: [7038025095] æ°‘è°£&#32;&#124;&#32;ç»™å¦ˆå¦ˆçš„ä¸€å°ä¿¡ (483/1554) has 20 songs.
INFO:[DataPipeline]:PlayList: [1750551165] ä½ è¯´ä½ æœ€è¿‘è¦å¬ç€æ°‘è°£æ‰èƒ½ç¡å¾—ç€ (484/1554) has 19 songs.
INFO:[DataPipeline]:PlayList: [7100274396] ã€Œæ°‘è°£ã€ä»¥æ¢¦ä¸ºé©¬ï¼Œä¸è´ŸéŸ¶å (485/1554) has 26 songs.
INFO:[DataPipeline]:PlayList: [3663979435] è¿è¥ç„¦è™‘æ—¶è¯¥å¬å¬è¿™äº›æ°‘è°£ (486/1554) has 95 songs.
INFO:[DataPipeline]:PlayList: [7127584243] æ°‘è°£é‡Œçš„å››å­£&#32;&#124;&#32;åªæƒ³ä¸ä½ åº¦è¿‡ (487/1554) has 25 songs.
INFO:[DataPipeline]:PlayList: [7098311329] åè¯­æ°‘è°£â”‚é’æ˜¥æ˜¯ä¸€æœ¬å¤ªä»“ä¿ƒçš„ä¹¦ (488/1554) has 20 songs.
INFO:[DataPipeline]:PlayList: [3778323025] æ°‘è°£è¿½æ¢¦ï¼šåœ¨è¿™ä¸ªå¹´çºªåŠªåŠ›çš„æ´»ç€ (489/1554) has 34 songs.
INFO:[DataPipeline]:Sleep for: 71
INFO:[DataPipeline]:PlayList: [7102329624] æ°‘è°£æƒ…è¯—&#32;&#124;&#32;ä½•ä»¥å¯„ç›¸æ€çš„æ•…äº‹ (490/1554) has 22 songs.
INFO:[DataPipeline]:PlayList: [3236250410] æ°‘è°£Â·åœ¨ç¹èŠ±è½ç©ºæ—¶ç›¸é€¢ (491/1554) has 20 songs.
INFO:[DataPipeline]:PlayList: [2933354433] æ°‘è°£ï½œç”¨å—æ–¹çš„é’è‡ç¼–ä¸€é¡¶åŒ—æ–¹çš„è‰å¸½ (492/1554) has 32 songs.
INFO:[DataPipeline]:PlayList: [7127583205] å°ä¼—æ°‘è°£&#32;&#124;&#32;&#32;è—åœ¨æ—¶å…‰åçš„å£°éŸ³ (493/1554) has 28 songs.
INFO:[DataPipeline]:PlayList: [3471004654] åè¯­ï½œæ°‘è°£ç•Œçš„é­…åŠ›ç”·å£° (494/1554) has 30 songs.
INFO:[DataPipeline]:PlayList: [2925409518] å¬ï¼Œæ°‘è°£æ­Œæ‰‹çš„æ·±æƒ…å‘Šç™½ (495/1554) has 18 songs.
INFO:[DataPipeline]:PlayList: [3504033781] å¯¹å”±æ°‘è°£ï¼Œæ²»æ„ˆå­¤å•çš„æš–å¿ƒæ—‹å¾‹ (496/1554) has 22 songs.
INFO:[DataPipeline]:PlayList: [1152479038] æ°‘è°£ï¼Œæˆé•¿ä¸­çš„æƒ…ç»ªå…±è°‹è€… (497/1554) has 38 songs.
INFO:[DataPipeline]:PlayList: [7127304186] æ°‘è°£&#32;&#124;&#32;ç»™æ·±å¤œé†‰é…’çš„äººä¸€ç¢—é†’é…’æ±¤ (498/1554) has 30 songs.
INFO:[DataPipeline]:PlayList: [7120158942] æ°‘è°£å®¢æ ˆ&#32;â”‚&#32;ä¸€èµ·ç­æœ›é™è°§çš„æ˜Ÿç©º (499/1554) has 23 songs.
INFO:[DataPipeline]:Sleep for: 150
INFO:[DataPipeline]:PlayList: [874025525] ã€Œæ°‘è°£ã€ç™¾å²æ— å¿§ï¼Œå¾’æœ‰æ³ªæµ (500/1554) has 39 songs.
INFO:[DataPipeline]:PlayList: [1151392707] æ°‘è°£ï¼šæºäºç”Ÿæ´»ï¼Œæ˜¯æœ€çœŸå®çš„æƒ…æ„Ÿå’Œæ—‹å¾‹ (501/1554) has 56 songs.
INFO:[DataPipeline]:PlayList: [7101805325] æ²¡æœ‰æ•…äº‹ï¼Œåªæœ‰ä¸€é¦–åŠ¨äººæ°‘è°£ (502/1554) has 22 songs.
INFO:[DataPipeline]:PlayList: [7120487302] åè¯­&#32;&#124;&#32;ç”¨æ°‘è°£è®°å½•æ²¿é€”çš„å¿ƒæƒ… (503/1554) has 25 songs.
INFO:[DataPipeline]:PlayList: [7126521269] ç¡å‰æ°‘è°£&#32;&#124;&#32;ç»™äºˆè‡ªå·±ä¸€ä»½èˆ’å¿ƒ (504/1554) has 40 songs.
INFO:[DataPipeline]:PlayList: [2370564862] æ¯ä¸ªäººå¿ƒä¸­éƒ½æœ‰ä¸€é¦–æ°‘è°£ (505/1554) has 137 songs.
INFO:[DataPipeline]:PlayList: [1169460930] æ°‘è°£è¯—äººçš„å‰ä»–é‡Œï¼Œä½ç€ç¹æ˜Ÿ (506/1554) has 160 songs.
INFO:[DataPipeline]:PlayList: [2620171147] é»„é‡‘å¹´ä»£ï¼šç¾å›½22é¦–ç»å…¸ä¹¡æ‘æ°‘è°£ (507/1554) has 22 songs.
INFO:[DataPipeline]:PlayList: [7036548218] æ°‘è°£å¼€å§‹çš„åœ°æ–¹&#32;&#124;&#32;æ–¹è¨€æ°‘è°£ (508/1554) has 20 songs.
INFO:[DataPipeline]:PlayList: [2035844608] æ€ªé‡Œæ€ªæ°”çš„æ°‘è°£æ­Œæ›²é›†ä½ ä¸€å®šè¦è¯•è¯•çœ‹ (509/1554) has 33 songs.
INFO:[DataPipeline]:Sleep for: 104
INFO:[DataPipeline]:PlayList: [6986359340] åŒ—æ¬§æ°‘è°£&#32;&#124;&#32;ç«¥è¯é‡Œèµ°å‡ºæ¥çš„éŸ³ä¹ (510/1554) has 20 songs.
INFO:[DataPipeline]:PlayList: [773682792] æ¸…å‡‰å¤æ—¥é‡Œçš„æ°‘è°£ä¸è¯— (511/1554) has 24 songs.
INFO:[DataPipeline]:PlayList: [7095806191] æ—¥å¼æ°‘è°£ä¸¨æ¨±èŠ±æ ‘ä¸‹ï¼Œå¾®é£å¹æ‹‚ (512/1554) has 29 songs.
INFO:[DataPipeline]:PlayList: [2669491653] ä¼¤æ„Ÿæ°‘è°£&#32;&#124;&#32;ç”¨æ­Œå£°ï¼Œè¯‰è¯´éšç§˜å¿ƒäº‹ (513/1554) has 47 songs.
INFO:[DataPipeline]:PlayList: [7126508061] æ°‘è°£æŒ‡å—&#32;&#124;&#32;è¿™æ˜¯ä½ æƒ³è¦çš„ç”Ÿæ´»å— (514/1554) has 30 songs.
INFO:[DataPipeline]:PlayList: [7060353964] åè¯­æ°‘è°£ï¼šäº‘æœµæ€å¿µå¤§åœ°ï¼Œå¹»åŒ–æˆé›¨ (515/1554) has 47 songs.
INFO:[DataPipeline]:PlayList: [2054498674] ç¡å‰æ°‘è°£ï¼šä»–ä»¬ä¸æ˜¯å”±æ­Œä»–ä»¬åœ¨è®²æ•…äº‹ (516/1554) has 30 songs.
INFO:[DataPipeline]:PlayList: [1767939845] ã€Œæ°‘è°£ã€&#32;ä¸€æŠŠå‰ä»–ï¼Œä¸€æ®µæ•…äº‹ (517/1554) has 93 songs.
INFO:[DataPipeline]:PlayList: [7060354796] æ°‘è°£â”‚è€å¤´å†™ç»™è«å‰æ‰˜å§‘å¨˜çš„æƒ…ä¹¦ (518/1554) has 48 songs.
INFO:[DataPipeline]:PlayList: [2323029214] éšç€æ°‘è°£æ‚ æ‰¬çš„æ—‹å¾‹ï¼Œé£˜åˆ°ä½ èº«è¾¹ (519/1554) has 25 songs.
INFO:[DataPipeline]:Sleep for: 89
INFO:[DataPipeline]:PlayList: [810450973] æ°‘è°£è¯—äººã€è€ç‹¼ã€‘ (520/1554) has 14 songs.
INFO:[DataPipeline]:PlayList: [3275708881] å­¤ç‹¬æ‚£è€…æ•£æ­¥æ—¶å¬çš„ç™¾é¦–æ—¥ç³»æ°‘è°£ (521/1554) has 100 songs.
INFO:[DataPipeline]:PlayList: [2368313630] è½¦è½½æ°‘è°£ï¼šé€ä¸€é¦–æ­Œç»™è·¯ä¸Šçš„è‡ªå·± (522/1554) has 119 songs.
INFO:[DataPipeline]:PlayList: [7098881323] åè¯­&#32;&#124;&#32;æ°‘è°£æ˜¯ä¸€ä¸ªè½é­„çš„æµªå­ (523/1554) has 32 songs.
INFO:[DataPipeline]:PlayList: [3267181509] ã€Œæ°‘è°£ã€å¸¦ç€å‰ä»–å‰è¡Œçš„è¯—æ„äººç”Ÿ (524/1554) has 138 songs.
INFO:[DataPipeline]:PlayList: [7124427459] è¿™äº›æ°‘è°£å¾ˆå°ä¼—ï¼Œå´å’Œæˆ‘æœ‰å…±é¸£ (525/1554) has 23 songs.
INFO:[DataPipeline]:PlayList: [1117675677] è˜‘è‡å°å§å’Œå—ç“œè½¦ï¼šå¥‡å¹»/ç”µå­æ°‘è°£ (526/1554) has 51 songs.
INFO:[DataPipeline]:PlayList: [6936037077] åœ°åä¹‹æ­Œ&#32;&#32;&#58;&#32;å¸¦æœ‰æ°‘è°£å‘³çš„åŸå¸‚ (527/1554) has 28 songs.
INFO:[DataPipeline]:PlayList: [3526381021] ã€åè¯­ã€æµè¡Œå¯¹æˆ˜æ°‘è°£ï¼Œä½ æ›´å–œæ¬¢å“ªä¸€æ¬¾ï¼Ÿ (528/1554) has 30 songs.
INFO:[DataPipeline]:PlayList: [3527433260] éŸ©è¯­ï½œé™è°§æ°‘è°£ï¼Œèˆ’é€‚çš„å¬è§‰ä½“éªŒ (529/1554) has 18 songs.
INFO:[DataPipeline]:Sleep for: 89
INFO:[DataPipeline]:PlayList: [1430693726] ç¼–è¾‘æ¨èï½œæ°‘è°£å‘ï¼Œå¤æ€ªæ­Œååšè§ˆä¼š (530/1554) has 30 songs.
INFO:[DataPipeline]:PlayList: [2923914810] å’Œé£æ°‘è°£&#32;ç»å…¸æ—‹å¾‹å‹¾èµ·ç¾å¥½å›å¿†&#32;&#32; (531/1554) has 20 songs.
INFO:[DataPipeline]:PlayList: [2625417887] ã€Œä¸ƒæœˆæ°‘è°£ã€ç§åœ¨è€³æœµé‡Œçš„éŸ³ä¹ (532/1554) has 21 songs.
INFO:[DataPipeline]:PlayList: [3215936742] æ°‘è°£Â·ä½ çš„å­¤åƒ»ä¸ç”Ÿä¿±æ¥ (533/1554) has 20 songs.
INFO:[DataPipeline]:PlayList: [845244320] æ°‘è°£æ—¶å…‰&#32;&#32;&#32;&#32;ä¸€æ›²å›å¿†å½• (534/1554) has 29 songs.
INFO:[DataPipeline]:PlayList: [7096126446] ã€Œå›å¿†æ°‘è°£ã€èŠ±è½äººæ•£åˆ«ç¦»å» (535/1554) has 38 songs.
INFO:[DataPipeline]:PlayList: [3182828591] 90åçš„ç‹¬ç«‹æ°‘è°£ (536/1554) has 18 songs.
INFO:[DataPipeline]:PlayList: [3274019915] èµ ä½ ä¸€æ”¯ä¸­è¯æ°‘è°£ï¼Œå–ç€å“å°äººç”Ÿè‹¦å‘³ (537/1554) has 40 songs.
INFO:[DataPipeline]:PlayList: [1769135717] ã€Œæ°‘è°£ã€ä»æ­¤&#32;æˆ‘å°†æ•…äº‹ä¸çœ¼æ³ªéƒ½è—åœ¨æ­Œé‡Œ (538/1554) has 103 songs.
INFO:[DataPipeline]:PlayList: [859262793] æ°‘è°£ä¼¼å¦‚æ®‹æœˆ&#32;å­¤å¤œå¦‚æ­¤æ¼«é•¿ (539/1554) has 31 songs.
INFO:[DataPipeline]:Sleep for: 162
INFO:[DataPipeline]:PlayList: [3269974517] æ°‘è°£ç®€å²&#32;&#124;&#32;40å¹´çš„æ—¶å…‰æ²‰æ·€å‡ºçš„æ—‹å¾‹ (540/1554) has 62 songs.
INFO:[DataPipeline]:PlayList: [3569246705] ã€Œæ°‘è°£ã€ç”¨å¿ƒæ„Ÿå—æœ¨å‰ä»–çš„æ¸©æŸ” (541/1554) has 195 songs.
INFO:[DataPipeline]:PlayList: [3196266740] ä¸€é¦–æ°‘è°£ï¼Œä¾¿å”±å°½äº†è¯—æ„çš„è¿œæ–¹ (542/1554) has 21 songs.
INFO:[DataPipeline]:PlayList: [856443280] å¤œæ™šå¤±çœ æ—¶&#32;&#32;æ°‘è°£å‚¬çœ æ›² (543/1554) has 33 songs.
INFO:[DataPipeline]:PlayList: [3520818880] æ¬§ç¾æ°‘è°£Â·ä¸€æ›²è¿½æ½†æ³›æ¶Ÿæ¼ª (544/1554) has 26 songs.
INFO:[DataPipeline]:PlayList: [2027894996] æŠŠç§‹å¤©è£…è¿›æ°‘è°£ (545/1554) has 30 songs.
INFO:[DataPipeline]:PlayList: [7097372335] æ€€æ—§æ°‘è°£&#32;Â·&#32;æ•…ä¹¡ç²—é¥­æœ€å¥½é£Ÿ (546/1554) has 20 songs.
INFO:[DataPipeline]:PlayList: [2636628755] æ°‘è°£&#45;ä»–è¯´ä½ ä»»ä½•ä¸ºäººç§°é“çš„ç¾ä¸½ (547/1554) has 70 songs.
INFO:[DataPipeline]:PlayList: [3629928416] å‰ä»–ä¼´æ°‘è°£ï¼æ–‡è‰ºé’å¹´çš„è¯—ä¸è¿œæ–¹ (548/1554) has 61 songs.
INFO:[DataPipeline]:PlayList: [3273679966] æ°‘è°£è¯»ç‰©ä¹‹å…­å­—ï¼šå°çª—å¹½è®°&#32;&#32;æµ®ç”Ÿå…­è®° (549/1554) has 40 songs.
INFO:[DataPipeline]:Sleep for: 149
INFO:[DataPipeline]:PlayList: [7192940786] è½»æ¾æ°‘è°£&#32;&#124;&#32;æ²»ç–—å­¦ä¹ åŒå€¦ç—‡ (550/1554) has 30 songs.
INFO:[DataPipeline]:PlayList: [7268159014] æŸ”æƒ…æ°‘è°£&#32;Â·&#32;å¹³é™çš„ç”Ÿæ´»æ‰æ˜¯çœŸ (551/1554) has 23 songs.
INFO:[DataPipeline]:PlayList: [2065383398] ã€Œæ°‘è°£çŸ¥äº‹ã€å–œä¹æ‚²æ„&#32;è®¸ä½ ä¸€ä¸ªä¸å¤§çš„æ¢¦ (552/1554) has 106 songs.
INFO:[DataPipeline]:PlayList: [7124539718] æ°‘è°£ï¼šæƒ³åƒä»¥å‰ä¸€æ ·ï¼Œç»™ä½ å¯„å°ä¿¡ (553/1554) has 22 songs.
INFO:[DataPipeline]:PlayList: [3635725780] å¼€å¯ä¼‘å‡æ¨¡å¼ï¼šè·¯ä¸Šå¬çš„æ¸©æƒ…æ°‘è°£ (554/1554) has 40 songs.
INFO:[DataPipeline]:PlayList: [1374148757] å¬ä¸€é¦–å®‰é™èˆ’å¿ƒçš„æ¬§ç¾æ°‘è°£ (555/1554) has 23 songs.
INFO:[DataPipeline]:PlayList: [7097370451] æŸ”ç¾æ°‘è°£&#32;&#124;&#32;æœ‰ä½ é™ªä¼´å°±æ˜¯æœ€ç”œçš„æ—…è¡Œ (556/1554) has 22 songs.
INFO:[DataPipeline]:PlayList: [7120564159] æ¸©é¦¨æ°‘è°£&#32;&#124;&#32;çæƒœç”Ÿå‘½æ•£å‘çš„èŠ¬èŠ³ (557/1554) has 22 songs.
INFO:[DataPipeline]:PlayList: [7129109610] æ°‘è°£&#32;â”‚&#32;è¿›ä¸äº†çš„åŸï¼Œå›ä¸å»çš„ä¹¡ (558/1554) has 38 songs.
INFO:[DataPipeline]:PlayList: [3614005151] ç¡å‰æ°‘è°£&#32;&#124;&#32;ä½ æˆ‘å„æœ‰æ¸¡å£ï¼Œå„æœ‰å½’èˆŸ (559/1554) has 48 songs.
INFO:[DataPipeline]:Sleep for: 140
INFO:[DataPipeline]:PlayList: [1986943115] å”±ç‰‡åº—å†…ä¼ æ¥å¼‚å›½æ°‘è°£ (560/1554) has 29 songs.
INFO:[DataPipeline]:PlayList: [7122871095] å‰ä»–æ–°æ‰‹ä¸“å±&#32;&#124;&#32;æ°‘è°£å¥³å£°å¼¹å”±ç²¾é€‰ (561/1554) has 24 songs.
INFO:[DataPipeline]:PlayList: [874025581] ã€Œæ°‘è°£ã€åªå¥½æŠŠå²æœˆåŒ–æˆæ­Œï¼Œç•™åœ¨å±±æ²³ (562/1554) has 25 songs.
INFO:[DataPipeline]:PlayList: [1178781272] æ•æ„Ÿæ‚£è€…&#32;&#124;&#32;å·¨èŸ¹åº§åˆ—è¡¨é‡Œçš„150é¦–æ•…äº‹æ°‘è°£ (563/1554) has 150 songs.
INFO:[DataPipeline]:PlayList: [2921278641] ä½ å¬è¿‡è¿™äº›å°ä¼—æ°‘è°£å—ï¼Ÿ (564/1554) has 19 songs.
INFO:[DataPipeline]:PlayList: [4262086260] æµ…å”±ä½åŸçš„è‹±ä¼¦æ°‘è°£ (565/1554) has 28 songs.
INFO:[DataPipeline]:PlayList: [849780311] ã€æ°‘è°£æƒ…æ€€ã€‘å°±è€å»å§&#32;å­¤ç‹¬åˆ«é†’æ¥ (566/1554) has 33 songs.
INFO:[DataPipeline]:PlayList: [3520289164] éŸ©è¯­Â·è‡»ç¾æ°‘è°£å®é£ (567/1554) has 26 songs.
INFO:[DataPipeline]:PlayList: [4937098173] ç¡å‰å®‰å¿ƒå‰‚ï¼šä½æ²‰æ°‘è°£ç”·å£° (568/1554) has 30 songs.
INFO:[DataPipeline]:PlayList: [777745685] ä¹¡éŸ³ä¹Ÿæ·±æƒ…&#32;æ°‘è°£é£æœ€è¿·æƒ… (569/1554) has 23 songs.
INFO:[DataPipeline]:Sleep for: 112
INFO:[DataPipeline]:PlayList: [3585992493] å°èŒ¶é¦†è€æ¿ç…®èŒ¶æ—¶çš„å®‰é€¸æ°‘è°£ (570/1554) has 43 songs.
INFO:[DataPipeline]:PlayList: [883554660] æˆ‘çš„æ°‘è°£å¯è’™ï¼šéº»æ²¹å¶æˆå‘˜ä½œå“ç²¾é€‰ (571/1554) has 34 songs.
INFO:[DataPipeline]:PlayList: [1767939775] æ¬§ç¾æ°‘è°£ç››å®´ï¼ŒåŠ¨äººæ—‹å¾‹è¦ç»•ä½ å¿ƒ (572/1554) has 98 songs.
INFO:[DataPipeline]:PlayList: [2678299933] æ°‘è°£å•Šï¼Œè¿å•ç›¸æ€éƒ½å¸¦ç€è¯—æ„ (573/1554) has 18 songs.
INFO:[DataPipeline]:PlayList: [3284256033] æƒ³å¨¶å–œæ¬¢æ°‘è°£çš„å¥³å­©ï¼å› ä¸ºå¥¹ä»¬æ‡‚çˆ±æƒ… (574/1554) has 35 songs.
INFO:[DataPipeline]:PlayList: [2977511086] ä½ å•æ›²å¾ªç¯çš„æ°‘è°£ï¼ŒåŸæ¥æ”¹ç¼–è‡ªå¤–æ–‡æ­Œ (575/1554) has 26 songs.
INFO:[DataPipeline]:PlayList: [6543653770] å›å®¶è·¯ä¸Šï¼šæ€ä¹¡æ°‘è°£ (576/1554) has 24 songs.
INFO:[DataPipeline]:PlayList: [2073874424] å¥¹è¯´å¥¹æ²¡é†‰ï¼Œå´å”±ç€æ°‘è°£æ‰çœ¼æ³ª (577/1554) has 27 songs.
INFO:[DataPipeline]:PlayList: [2356768810] ä»¥æ°‘è°£è°ˆæƒ…è¯´çˆ±ï¼Œåˆé…¥åˆé†‰ (578/1554) has 20 songs.
INFO:[DataPipeline]:PlayList: [3269006716] ã€Œæ°‘è°£ã€ä¸€æŠŠç ´å‰ä»–ï¼Œå¼¹å‡ºçš„æ˜¯æƒ…æ€€ (579/1554) has 390 songs.
INFO:[DataPipeline]:Sleep for: 150
INFO:[DataPipeline]:PlayList: [2571488128] é¦™é¦™çš„æ°‘è°£ç”œç”œçš„æœ (580/1554) has 28 songs.
INFO:[DataPipeline]:PlayList: [1682265279] ä»æ­¤æ— å¯æ•‘è¯çš„å–œæ¬¢ä¸Šäº†æ°‘è°£ (581/1554) has 29 songs.
INFO:[DataPipeline]:PlayList: [3712595171] é™è°§ç©ºé—´&#32;&#124;&#32;è¿œç¦»æµ®åçš„æ¬§ç¾æ°‘è°£ (582/1554) has 49 songs.
INFO:[DataPipeline]:PlayList: [3759094647] æ·±å¤œå‚¬çœ ï¼šæŸ”ç¾ç³»æ°‘è°£ (583/1554) has 52 songs.
INFO:[DataPipeline]:PlayList: [3815233735] ä¸¤å­—æ°‘è°£ï¼šæ¯é¦–éƒ½æœ‰ä¸€ä¸ªæ•…äº‹ (584/1554) has 23 songs.
INFO:[DataPipeline]:PlayList: [1767939839] ä¸­å›½æ‘‡æ»šæ°‘è°£ä¸åˆ†å®¶ï¼Œéƒ½èƒ½å”±è¿›éª¨å­é‡Œ (585/1554) has 155 songs.
INFO:[DataPipeline]:PlayList: [6554067139] è‡ªå¸¦å‚¬æ³ªæ•ˆæœçš„å¿§ä¼¤æ°‘è°£ (586/1554) has 27 songs.
INFO:[DataPipeline]:PlayList: [1374159986] è€³ç†Ÿèƒ½è¯¦çš„æ—¥æœ¬æ°‘è°£ (587/1554) has 20 songs.
INFO:[DataPipeline]:PlayList: [3559756243] è½»å¿«æ°‘è°£&#32;&#124;&#32;æ™ƒåŠ¨åœ¨çœ¼çš®ä¸Šçš„é˜³å…‰ (588/1554) has 28 songs.
INFO:[DataPipeline]:PlayList: [3258989176] èµ°å¿ƒæ°‘è°£&#32;&#124;&#32;é’æ˜¥æ˜¯ä¸€æœ¬å¤ªä»“ä¿ƒçš„ä¹¦ (589/1554) has 35 songs.
INFO:[DataPipeline]:Sleep for: 149
INFO:[DataPipeline]:PlayList: [3796786530] 3æœˆæ°‘è°£æ–°æ­Œæ¨è (590/1554) has 35 songs.
INFO:[DataPipeline]:PlayList: [1167623851] ã€Œæ°‘è°£æƒ…æ€€ã€é‚£äº›æ•…äº‹é‡Œéƒ½æœ‰æˆ‘ (591/1554) has 195 songs.
INFO:[DataPipeline]:PlayList: [2049611781] æ—…è¡Œæ•…äº‹ï¼šä¸€åº§åŸï¼Œä¸€é¦–æ°‘è°£ (592/1554) has 41 songs.
INFO:[DataPipeline]:PlayList: [2669638639] æ¬§ç¾æ°‘è°£&#32;æ¥è‡ªå¼‚å›½çš„è¯— (593/1554) has 130 songs.
INFO:[DataPipeline]:PlayList: [3637458990] æ´»åœ¨æ°‘è°£é‡Œçš„çˆ±æƒ…ï¼Œå¥½çœ‹å¾—è®©äººè½æ³ª (594/1554) has 38 songs.
INFO:[DataPipeline]:PlayList: [4151645164] åˆ«å…·ä¸€æ ¼&#33;&#32;å¬æµè¡Œæ­Œæ‰‹æ¼”ç»æ°‘è°£ (595/1554) has 47 songs.
INFO:[DataPipeline]:PlayList: [3657388604] ç”¨å››å­—æ°‘è°£çºªå¿µå’Œä½ åº¦è¿‡çš„å®‰é™æ—¶å…‰ (596/1554) has 33 songs.
INFO:[DataPipeline]:PlayList: [2048134321] å”±ä¸€é¦–æ°‘è°£ï¼šæ„¿æ‰€æœ‰çš„æ™šå®‰éƒ½æœ‰å›åº” (597/1554) has 29 songs.
INFO:[DataPipeline]:PlayList: [2670810018] ã€Œæ°‘è°£ã€å”±å‡ºå¿ƒäº‹&#32;å”±è¿›å¿ƒé‡Œ (598/1554) has 70 songs.
INFO:[DataPipeline]:PlayList: [4238159568] å°æ¹¾æ°‘è°£ä¸¨æ–‡è‰ºé’å¹´çš„è¯—ä¸æƒ…æ€€ (599/1554) has 32 songs.
INFO:[DataPipeline]:Sleep for: 105
INFO:[DataPipeline]:PlayList: [861607364] æ°‘è°£çš„ç…½æƒ…æ›²è°ƒ&#32;&#32;é’æ˜¥çš„çŸ­æš‚æ•…äº‹ (600/1554) has 33 songs.
INFO:[DataPipeline]:PlayList: [2984052265] æ²§æ¡‘ä¸­ç•¥å¸¦æ¬é™ï¼é€‚åˆå·¥ä½œç‹‚çš„ç‹¬ç«‹æ°‘è°£ (601/1554) has 60 songs.
INFO:[DataPipeline]:PlayList: [3268334474] æ°‘è°£æ²»æ„ˆ&#32;&#124;&#32;å¦‚ä½•ç”¨æ°‘è°£è¡¨è¾¾æˆ‘çˆ±ä½  (602/1554) has 32 songs.
INFO:[DataPipeline]:PlayList: [2968133060] ã€Œæ¬§ç¾æ°‘è°£ã€æ•£æ–‡è¯—èˆ¬çš„æƒ…ç»ªæµæ·Œ (603/1554) has 43 songs.
INFO:[DataPipeline]:PlayList: [1167624177] ã€Œæ°‘è°£æƒ…æ­Œ&#32;ã€ä½åŸæµ…å”±ï¼Œå¯¹ä½ æ·±æ²‰çš„çˆ± (604/1554) has 69 songs.
INFO:[DataPipeline]:PlayList: [7025246473] å°æ¹¾æ°‘è°£é›†ï¼šå°é›¨ä¸­çš„å›å¿† (605/1554) has 29 songs.
INFO:[DataPipeline]:PlayList: [7127784040] æ°‘è°£ä¸¨æˆ‘æƒ³å’Œä½ ä¸€èµ·æ¸¸èµ°å››æ–¹ (606/1554) has 29 songs.
INFO:[DataPipeline]:PlayList: [1462337113] ç¡å‰æ°‘è°£ï¼šæˆ‘ä»¬ç”Ÿæ¥ä¾¿æ˜¯å­¤ç‹¬ (607/1554) has 42 songs.
INFO:[DataPipeline]:PlayList: [2065383361] ã€Œä¸­å›½æ°‘è°£ç²¾é€‰ã€å¬æ—¶å…‰æ”’ä¸‹çš„æ•…äº‹ (608/1554) has 403 songs.
INFO:[DataPipeline]:PlayList: [2669638428] åè¯­æ°‘è°£æ­Œæ‰‹çš„ä¸å‡¡ä¹‹è·¯ (609/1554) has 119 songs.
INFO:[DataPipeline]:Sleep for: 150
INFO:[DataPipeline]:PlayList: [2370564904] å¬ä¸€æ›²æ°‘è°£ï¼Œæ¼«æ­¥äººç”Ÿè·¯ (610/1554) has 150 songs.
INFO:[DataPipeline]:PlayList: [2059719051] å°ä¼—æ°‘è°£&#32;å¸¦ä½ æ‰¾å›æœ€åˆå¾—æ„Ÿè§‰ (611/1554) has 49 songs.
INFO:[DataPipeline]:PlayList: [1750224073] ã€æ°‘è°£ã€å­¤ç‹¬çš„äººåˆ«å¬æ°‘è°£ (612/1554) has 54 songs.
INFO:[DataPipeline]:PlayList: [3681978365] æ™šå®‰æ°‘è°£ï¼šè®©éƒ½å¸‚ç™½é¢†ä»¬é™å¿ƒå…¥çœ  (613/1554) has 67 songs.
INFO:[DataPipeline]:PlayList: [1142247781] æ°‘è°£èŠ±ï¼Œå¼€åœ¨ç¡å‰å¯‚é™çš„å¤œã€‚ (614/1554) has 18 songs.
INFO:[DataPipeline]:PlayList: [2319477434] æ”¾æ…¢æ­¥è°ƒï¼Œå¬ä¸€æ›²æ¸©æš–æ°‘è°£ (615/1554) has 25 songs.
INFO:[DataPipeline]:PlayList: [7122323885] å”±ä¸€é¦–å…³äºåŠ¨ç‰©çš„æ°‘è°£ (616/1554) has 24 songs.
INFO:[DataPipeline]:PlayList: [4763005119] Folk&#32;Â·&#32;æ™¨å…‰ä¸­çš„æ¸…æ–°æ°‘è°£ (617/1554) has 20 songs.
INFO:[DataPipeline]:PlayList: [2977509226] æ¸…æ–°ä¸€æ•´å¤©ï¼æ—©èµ·åˆ·ç‰™æ—¶å¬çš„ç‹¬ç«‹æ°‘è°£ (618/1554) has 42 songs.
INFO:[DataPipeline]:PlayList: [2671456774] æ°‘è°£é‡Œçš„æ•…äº‹ï¼Œæ€»æ˜¯ä»¤äººæ²¦é™·å›å¿† (619/1554) has 181 songs.
INFO:[DataPipeline]:Sleep for: 84
INFO:[DataPipeline]:PlayList: [2371751741] æ°‘è°£å¦‚è¯—ï¼Œå”±å°½å¿ƒä¸­äº‹ (620/1554) has 57 songs.
INFO:[DataPipeline]:PlayList: [1744458026] 2016å¹´åº¦æœ€å€¼å¾—æ”¶è—çš„å†…åœ°æ°‘è°£ä½œå“ (621/1554) has 37 songs.
INFO:[DataPipeline]:PlayList: [2643339933] å‰ä»–è½»æ‰«çš„æµ…åŸä½å”±ï¼Œæ¸©æš–å¿ƒçµçš„æ°‘è°£ (622/1554) has 25 songs.
INFO:[DataPipeline]:PlayList: [2670810019] ã€Œæ°‘è°£ç”·å£°ã€è½»æ‰«å‰ä»–ï¼Œæ¸©æš–ä½ çš„å¿ƒå¼¦ (623/1554) has 56 songs.
INFO:[DataPipeline]:PlayList: [840983182] è‡´è®¸å§‘å¨˜&#32;&#32;æœªå¤®ä¹‹å¤œçš„æ°‘è°£ (624/1554) has 30 songs.
INFO:[DataPipeline]:PlayList: [2971804693] ç²¤è¯­æ°‘è°£ï¼šå¼¦åŠ¨æœ¨å¿ƒï¼Œå›åˆ°ä¸‹é›¨çš„é‚£å¤© (625/1554) has 53 songs.
INFO:[DataPipeline]:PlayList: [3714513020] æ°‘è°£æŠ’æƒ…ä¸¨ç»™ä½ 37&#46;2â„ƒçš„ç”œèœœ (626/1554) has 29 songs.
INFO:[DataPipeline]:PlayList: [3571067514] ã€Œæ°‘è°£ã€ä»æ­¤ä¸å†æ˜¯ä¸€é¢—å­¤æ˜Ÿ (627/1554) has 132 songs.
INFO:[DataPipeline]:PlayList: [1154593365] ç¨šå«©çš„ç«¥å£°è®©æ°‘è°£æ›´åŠ¨å¬&#32; (628/1554) has 22 songs.
INFO:[DataPipeline]:PlayList: [849557826] ç²¾é€‰æ¬§ç¾æ°‘è°£é£æ ¼æ­Œæ›² (629/1554) has 20 songs.
INFO:[DataPipeline]:Sleep for: 156
INFO:[DataPipeline]:PlayList: [3660234237] æ™ƒæ™ƒæ‚ æ‚ è¿™å‡ å¹´ï¼Œè°æŠŠæ°‘è°£å¬æˆäº†é…’ (630/1554) has 50 songs.
INFO:[DataPipeline]:PlayList: [3702975051] å­¦ç”Ÿå…šèµ¶ä½œä¸šæ—¶å¬çš„å®‰é™æ°‘è°£ (631/1554) has 40 songs.
INFO:[DataPipeline]:PlayList: [874025584] èŠ‚å¥ä¸æ°‘è°£é‚‚é€…ï¼Œè¡èµ·åˆ«æ ·åŠ¨å¬ (632/1554) has 27 songs.
INFO:[DataPipeline]:PlayList: [852086144] æ°‘è°£æ˜¯å”±å‡ºæ¥çš„è¯—&#32;å”±ç»™æ‡‚çš„äºº (633/1554) has 18 songs.
INFO:[DataPipeline]:PlayList: [2371751808] ã€Œæ°‘è°£ã€èƒŒèµ·å‰ä»–&#32;æ‰“èµ·æ‰‹é¼“&#32;å”±èµ·æ­Œ (634/1554) has 57 songs.
INFO:[DataPipeline]:PlayList: [874025568] ã€Œç”·å£°å‘ã€ç‹¬ç«‹æ°‘è°£çš„æ˜åªšå¿§ä¼¤ (635/1554) has 42 songs.
INFO:[DataPipeline]:PlayList: [7060355115] æ°‘è°£&#32;&#124;&#32;å†™ç»™æœªæ¥å¥³æœ‹å‹çš„æ­Œ (636/1554) has 36 songs.
INFO:[DataPipeline]:PlayList: [3570435564] ã€Œæ°‘è°£ã€å·²æ¯å·çš„æƒ…æ€€ï¼Œè¸ç¢æˆå¹´ä»£ (637/1554) has 36 songs.
INFO:[DataPipeline]:PlayList: [4095145456] åè¯­æ°‘è°£ä¹é˜Ÿï¼šç»“ä¼´è€Œè¡Œçš„å­¤ç‹¬è€… (638/1554) has 40 songs.
INFO:[DataPipeline]:PlayList: [1767939562] ã€Œå‡¯å°”ç‰¹æ°‘è°£ã€&#32;è¯‰è¯´ç¥ç§˜å‰å°˜å¾€äº‹ (639/1554) has 144 songs.
INFO:[DataPipeline]:Sleep for: 126
INFO:[DataPipeline]:PlayList: [1168817665] æ°‘è°£é‡Œä½ç€ï¼Œä»–å¿ƒä¸Šçš„å§‘å¨˜ (640/1554) has 27 songs.
INFO:[DataPipeline]:PlayList: [7098490800] æ°‘è°£ï¼šç­‰ä¸€è‰˜å»ä½ å¿ƒé‡Œçš„èˆ¹ (641/1554) has 21 songs.
INFO:[DataPipeline]:PlayList: [1460954701] æˆ‘æœ‰æ°‘è°£ï¼Œä½ æœ‰æ•…äº‹å’Œé…’ä¹ˆ (642/1554) has 21 songs.
INFO:[DataPipeline]:PlayList: [868632887] æ°‘è°£ç²¾é€‰æ›²ï¼šæ®‹é…·çš„å¤œæ™š&#32;&#32;å­¤ç‹¬çš„å¹´å (643/1554) has 32 songs.
INFO:[DataPipeline]:PlayList: [3559931077] æ°‘è°£å°è°ƒ&#32;&#124;&#32;æ¯é¦–æ­Œéƒ½æ˜¯ä¸€æ®µæ— æ³•è¯‰è¯´çš„æ•…äº‹ (644/1554) has 25 songs.
INFO:[DataPipeline]:PlayList: [1168817670] ã€Œå°ä¼—æ°‘è°£ã€ä»¥æ¢¦ä¸ºé©¬ï¼Œå¿ƒæ€€è¿œæ–¹ (645/1554) has 34 songs.
INFO:[DataPipeline]:PlayList: [7051143075] Folk&#32;Rock&#32;&#124;&#32;æ·³æœ´çš„æ°‘è°£é‡ä¸Šæ‘‡æ»š (646/1554) has 20 songs.
INFO:[DataPipeline]:PlayList: [1151626330] æ¬§ç¾æ°‘è°£&#124;&#32;ç»™å¹³æ·¡çš„ç”Ÿæ´»åŠ ç‚¹è‰²å½© (647/1554) has 99 songs.
INFO:[DataPipeline]:PlayList: [1434673087] åŸå¸‚ä¸­ï¼Œæœ‰æ°‘è°£æ­Œå£°é£˜è¿‡ï¼Œä¸€åˆ‡ä¸å‡‹é›¶ (648/1554) has 108 songs.
INFO:[DataPipeline]:PlayList: [2968778086] ä¸€æ›²æ°‘è°£è¯‰è¡·è‚ ï¼Œå”¯å¬è€…å¿§ä¼¤ (649/1554) has 652 songs.
INFO:[DataPipeline]:Sleep for: 179
INFO:[DataPipeline]:PlayList: [2670810039] ã€Œæ°‘è°£å¼æµªæ¼«ã€é‚£äº›å”±å…¥å¿ƒæ‰‰çš„è¯—æ„å‘Šç™½ (650/1554) has 27 songs.
INFO:[DataPipeline]:PlayList: [2058811647] ç”·ç‰ˆæ°‘è°£ï¼šæˆ‘æœ‰æ•…äº‹ä½ æœ‰é…’å— (651/1554) has 44 songs.
INFO:[DataPipeline]:PlayList: [891964140] æš–å†¬ç¯‡ï¼šå¯’å¤œä¸å­¤ç‹¬&#32;æ°‘è°£ä¸æ¸©æƒ… (652/1554) has 31 songs.
INFO:[DataPipeline]:PlayList: [2326615383] æ‚ ç„¶æ‚¦è€³ï¼š20é¦–æ¬§ç¾æ°‘è°£æ¸…æ–°ä¹‹ä½œ (653/1554) has 20 songs.
INFO:[DataPipeline]:PlayList: [2066560884] ã€Œæ°‘è°£å®‰åˆ©ã€æ–‡è‰ºé’å¹´çš„å¬æ­Œå² (654/1554) has 79 songs.
INFO:[DataPipeline]:PlayList: [1769135763] ã€Œæ°‘è°£ã€æ­¤å»ç¹èŠ±ä¼¼é”¦ï¼Œå½’æ¥ä»æ˜¯å°‘å¹´ (655/1554) has 20 songs.
INFO:[DataPipeline]:PlayList: [3569246726] ã€Œåœ¨è·¯ä¸Šã€æ°‘è°£é™ªä¼´ï¼Œè¿œæ–¹ä¸è¿œ (656/1554) has 154 songs.
INFO:[DataPipeline]:PlayList: [6600301440] æ°‘è°£æ—¥è®°&#32;ï¼šæŠŠé’æ˜¥è®°è¿°åœ¨æµªæ½®é‡Œ&#32; (657/1554) has 28 songs.
INFO:[DataPipeline]:PlayList: [4048821696] æ°‘è°£ï¼šçŒ®ç»™åœ¨ç°å®ä¸­è¹‰è·çš„æˆ‘ä»¬&#32; (658/1554) has 25 songs.
INFO:[DataPipeline]:PlayList: [863840907] å½“å¤é£é‡ä¸Šæ°‘è°£ï¼Œç”»ä¸è¯—çš„å®Œç¾é‚‚é€…&#46; (659/1554) has 22 songs.
INFO:[DataPipeline]:Sleep for: 76
INFO:[DataPipeline]:PlayList: [1151269431] å­¤ç‹¬å¬ç‰©ï¼šæ°‘è°£ï¼Œä¸€åœºåšä¸å®Œçš„æ¢¦ (660/1554) has 27 songs.
INFO:[DataPipeline]:PlayList: [1477912905] [æ°‘è°£]é‚£æµ…åŸè½»å”±çš„å‡ å¥æ­Œè¯ç»™è¿‡æˆ‘å¤ªå¤šæ„ŸåŠ¨ (661/1554) has 26 songs.
INFO:[DataPipeline]:PlayList: [2968133140] ã€Œå¥³å£°å‘ã€æ˜äº®çš„å£°çº¿ï¼Œæ°‘è°£çš„å“¼å”± (662/1554) has 26 songs.
INFO:[DataPipeline]:PlayList: [1168817734] æœ‰æ°‘è°£çš„åœ°æ–¹å°±æ˜¯æ•…ä¹¡ (663/1554) has 41 songs.
INFO:[DataPipeline]:PlayList: [2380264557] è¿™äº›æ°‘è°£é‡Œçš„åŸå¸‚ï¼Œå¯æœ‰ä½ æ›¾æ·±çˆ±çš„å§‘å¨˜ (664/1554) has 20 songs.
INFO:[DataPipeline]:PlayList: [2371751820] ã€Œæ°‘è°£ã€è—åœ¨å‰ä»–é‡Œçš„å°ç§˜å¯† (665/1554) has 40 songs.
INFO:[DataPipeline]:PlayList: [3618655804] æ—¥ç³»æ°‘è°£ï¼šç©¿æ¢­äºæ–°å®¿å°é…’é¦†çš„æš–è°ƒ (666/1554) has 30 songs.
INFO:[DataPipeline]:PlayList: [2670809990] ä¸€æ›²å°ä¼—æ°‘è°£ï¼Œä¸€æ®µé’è‘±å¹´å (667/1554) has 45 songs.
INFO:[DataPipeline]:PlayList: [2372402913] æ°‘è°£æ˜¯ä¸€ç§ç§äººçš„è‡ªç”± (668/1554) has 65 songs.
INFO:[DataPipeline]:PlayList: [3823394564] æ±Ÿå—çƒŸé›¨ï¼šé†‰æ”¾äºæ°‘è°£æŸ”æƒ…å¤„ (669/1554) has 26 songs.
INFO:[DataPipeline]:Sleep for: 66
INFO:[DataPipeline]:PlayList: [3777963010] å†…åœ°æ–°ç”Ÿä»£90åæ°‘è°£ç”·æ­Œæ‰‹ (670/1554) has 113 songs.
INFO:[DataPipeline]:PlayList: [1445065841] ã€Œæ°‘è°£ã€ä¸ç€ä¸€çˆ±å­—ï¼Œå¤„å¤„è§æƒ…æ·± (671/1554) has 30 songs.
INFO:[DataPipeline]:PlayList: [2348800052] 2016å¹´çƒ­é—¨æ°‘è°£æ­Œæ‰‹æ–°æ­Œä»£è¡¨ä½œ (672/1554) has 60 songs.
INFO:[DataPipeline]:PlayList: [2288079053] å½“ä»£ä¹¡æ‘æ°‘è°£ç²¾é€‰é›† (673/1554) has 27 songs.
INFO:[DataPipeline]:PlayList: [2235583119] å¤è€æ°‘æ—çš„æŸ”æƒ…&#32;&#32;æ°‘è°£é‡‘ (674/1554) has 17 songs.
INFO:[DataPipeline]:PlayList: [1735519382] è‹±æ–‡æ°‘è°£çš„æµ…å”±ä½åŸ (675/1554) has 18 songs.
INFO:[DataPipeline]:PlayList: [3664056835] åŸå¸‚æ°‘è°£ï¼šé˜´é›¨å¤©çš„å—æ–¹æ—…åº— (676/1554) has 40 songs.
INFO:[DataPipeline]:PlayList: [2656468516] ç¡å‰æ°‘è°£/é‡åˆ°ä½ ä¹‹å&#32;å¿ƒéƒ½åœ¨æ²‰é†‰ (677/1554) has 18 songs.
INFO:[DataPipeline]:PlayList: [4123463012] æƒ³åˆ†äº«åˆ°æœ‹å‹åœˆçš„å°ä¼—åè¯­æ°‘è°£ (678/1554) has 42 songs.
INFO:[DataPipeline]:PlayList: [4135306633] åˆå¤å‡‰æ„ï¼šå¤ä¹ æ—¶å¬çš„èˆ’é€‚æ°‘è°£ (679/1554) has 42 songs.
INFO:[DataPipeline]:Sleep for: 179
INFO:[DataPipeline]:PlayList: [1471078892] æµ…åŸä½å”±ï¼Œæ¬§ç¾æ¸…æ–°æ°‘è°£ (680/1554) has 18 songs.
INFO:[DataPipeline]:PlayList: [2043041547] ç²¾é€‰å†…åœ°åå¤§æ°‘è°£æ­Œæ‰‹ä»£è¡¨ä½œ (681/1554) has 20 songs.
INFO:[DataPipeline]:PlayList: [883281941] æ€å¿µæ°‘è°£ï¼šä¸ºæ¢¦é‡Œå¯»è§…&#32;å› æ˜¼æ€å¤œæƒ³ (682/1554) has 30 songs.
INFO:[DataPipeline]:PlayList: [2669808075] æ¬§ç¾ï¼šæœ€å¥½çš„æ°‘è°£å°±æ˜¯ï¼Œæ•…äº‹é‡Œèƒ½æœ‰ä½ å’Œæˆ‘ (683/1554) has 51 songs.
INFO:[DataPipeline]:PlayList: [3567633114] æ°‘è°£å¿ƒäº‹ä¸¨ä½åŸæµ…å”±å¦‚&#32;å¾®é£æ‹‚é¢ (684/1554) has 43 songs.
INFO:[DataPipeline]:PlayList: [1458831860] ä¸€æ›²æƒŠè‰³ï¼Œæ°‘è°£è¿æ¥å¥½å…‰æ™¯ (685/1554) has 18 songs.
INFO:[DataPipeline]:PlayList: [3627037029] æ²»æ„ˆæ°‘è°£ï¼šæˆ‘ä»¬æ˜¯è¢«å­¤ç‹¬å…»å¤§çš„å­©å­ (686/1554) has 40 songs.
INFO:[DataPipeline]:PlayList: [876721347] å†·é—¨æ°‘è°£&#32;&#124;&#32;å¬æ¸¯å°åŸå¸‚é‡Œçš„çå¿†æ—¶å…‰ (687/1554) has 42 songs.
INFO:[DataPipeline]:PlayList: [3268369045] åè¯­å°ä¼—ï¼Œä¼˜è´¨æ°‘è°£ç²¾é€‰ (688/1554) has 20 songs.
INFO:[DataPipeline]:PlayList: [1480613571] æ·¡æ·¡å¿§ä¼¤ï¼šæ°‘è°£è¯—äººå£ç´é‡Œçš„ç‹¬ç‰¹æƒ…ç»ª (689/1554) has 52 songs.
INFO:[DataPipeline]:Sleep for: 174
INFO:[DataPipeline]:PlayList: [7037905109] æ–¹è¨€ã€æ°‘æ—æ°‘è°£â”‚å°±æ˜¯è¿™ä¸ªå‘³å„¿ï¼ (690/1554) has 20 songs.
INFO:[DataPipeline]:PlayList: [2664329711] æ°‘è°£&#32;&#124;&#32;å‰ä»–é™ªä¼´ï¼Œæš–å¿ƒç›¸éš (691/1554) has 30 songs.
INFO:[DataPipeline]:PlayList: [3820719243] æ¸©æƒ…ç»†è¯­ï¼š30ä½80åæ°‘è°£å¥³æ­Œæ‰‹ (692/1554) has 60 songs.
INFO:[DataPipeline]:PlayList: [2922417139] æ°‘è°£&#58;ç¢äº†å¾€äº‹ï¼Œå‘¼å•¸è€Œè¿‡çš„é’æ˜¥ (693/1554) has 50 songs.
INFO:[DataPipeline]:PlayList: [2680217449] æ¸¯å°åŸå¸‚æ°‘è°£ï¼šå–§åš£ä¸­çš„ä¸€äº©å®é™ (694/1554) has 61 songs.
INFO:[DataPipeline]:PlayList: [3268369006] ã€Œåè¯­ç¿»å”±ã€æ°‘è°£æ­Œæ‰‹çš„è¯ é‡Š (695/1554) has 42 songs.
INFO:[DataPipeline]:PlayList: [1172259080] ç²¤è¯­æ°‘è°£ï¼šå“å‘³æ¸…æ–°æ¬æ·¡çš„æ¸¯å¼æ–‡è‰º (696/1554) has 25 songs.
INFO:[DataPipeline]:PlayList: [1433105216] æ°‘è°£â€”ç¹ååŸå¸‚çš„ç‹¬ç‰¹æ°§åˆ†å­ã€‚ (697/1554) has 109 songs.
INFO:[DataPipeline]:PlayList: [2353034421] æ°‘è°£è¯´ä½ ç¡äº†ï¼Œæˆ‘å’Œæ€å¿µé†’ç€ (698/1554) has 18 songs.
INFO:[DataPipeline]:PlayList: [3257970091] å¿ƒåœ¨æµæµª&#32;&#124;&#32;ä¸”è®©æ°‘è°£ä»£æ›¿çµé­‚å»è¿œè¡Œ (699/1554) has 34 songs.
INFO:[DataPipeline]:Sleep for: 164
INFO:[DataPipeline]:PlayList: [3753913074] æˆ‘è„‘æµ·ä¸­çš„æ˜¥å¤©ï½œéŸ©è¯­æ°‘è°£ (700/1554) has 28 songs.
INFO:[DataPipeline]:PlayList: [1477771808] è¾¾äººå‘¨æœ«&#32;&#124;&#32;å¼¹å‡ºèŒ§ä¹Ÿæ²¡å­¦ä¼šçš„å‰ä»–æ°‘è°£ï¼ (701/1554) has 59 songs.
INFO:[DataPipeline]:PlayList: [1461728363] ç°åœ¨æˆ‘æœ‰å¤šçˆ±æ°‘è°£ï¼Œè¿‡å»æˆ‘å°±æœ‰å¤šçˆ±ä½  (702/1554) has 21 songs.
INFO:[DataPipeline]:PlayList: [2982661453] æ¬§ç¾æ°‘è°£ï¼šæŠ›å¼€å–§åš£çš„çº·æ‰°ï¼Œå›å½’æ¸…æ–°è‡ªç„¶ (703/1554) has 43 songs.
INFO:[DataPipeline]:PlayList: [2963748732] æ°‘è°£&#124;&#32;é‚£äº›æ‰åæ¨ªæº¢çš„åˆ›ä½œå‹å¥³æ­Œæ‰‹ä»¬ (704/1554) has 25 songs.
INFO:[DataPipeline]:PlayList: [3284476064] æ°‘è°£å¾ˆåº¸ä¿—ï¼Œå´ä¿—å¾—è®©äººæ­¢ä¸ä½è½æ³ª (705/1554) has 33 songs.
INFO:[DataPipeline]:PlayList: [1150168922] æ°‘è°£&#124;&#32;ä½ åº”è¯¥æ˜¯ä¸€åœºæ¢¦ï¼Œæˆ‘åº”è¯¥æ˜¯ä¸€é˜µé£ (706/1554) has 39 songs.
INFO:[DataPipeline]:PlayList: [2067205826] ã€Œæ¬§ç¾æ°‘è°£ã€æ´—å»æµ®åï¼Œç‹¬ç•™å¯‚é™ä¸ç¾å¥½ (707/1554) has 89 songs.
INFO:[DataPipeline]:PlayList: [3606434852] æ°‘è°£Â·å›½é£&#32;&#124;&#32;çº¢è¡£è½å°½è‰¯äººä¸å½’æ¥ (708/1554) has 42 songs.
INFO:[DataPipeline]:PlayList: [2349803752] æ°‘è°£é‡Œæœ‰ä¸€ä¸ªå®‰é™çš„æ•…äº‹ (709/1554) has 18 songs.
INFO:[DataPipeline]:Sleep for: 63
INFO:[DataPipeline]:PlayList: [2056931865] å‰ä»–æ°‘è°£ï¼šæ•…ä¹¡å·²è¿œï¼Œå°‘å¹´ä½•æ–¹ (710/1554) has 20 songs.
INFO:[DataPipeline]:PlayList: [1148870328] æ°‘è°£&#124;&#32;è¿œæ–¹ä¸åŠä½ èº«æ— (711/1554) has 52 songs.
INFO:[DataPipeline]:PlayList: [4221268146] æ—©æ™¨èµ–åºŠå¬çš„è¿·å¹»æ°‘è°£ (712/1554) has 23 songs.
INFO:[DataPipeline]:PlayList: [2685155605] ä½ è¯´æ°‘è°£å¾ˆç©º&#32;ï¼Œå¬èµ·æ¥å¿ƒå´æ˜¯æ»¡çš„ (713/1554) has 35 songs.
INFO:[DataPipeline]:PlayList: [2670810005] ã€Œæ°‘è°£ã€æ— è¯ä¹‹æ­Œä¹Ÿå¾ˆç¾ (714/1554) has 35 songs.
INFO:[DataPipeline]:PlayList: [3560168600] ã€æ°‘è°£ã€å‹¾èµ·ä½ æ— æ³•è¯‰è¯´çš„è¿‡å¾€ (715/1554) has 25 songs.
INFO:[DataPipeline]:PlayList: [2974913724] æƒ³å«å–œæ¬¢æ°‘è°£çš„ç”·å­©ï¼å› ä¸ºä»–ä»¬ä¼šè¯´æƒ…è¯ (716/1554) has 35 songs.
INFO:[DataPipeline]:PlayList: [2067204376] ã€Œæ°‘è°£ã€æ¯ä¸€å¥éƒ½æ˜¯å‘è‡ªè‚ºè…‘çš„æƒ…æ„Ÿ (717/1554) has 149 songs.
INFO:[DataPipeline]:PlayList: [4156081941] è¿·å¹»æ°‘è°£ï¼šè€³è¾¹çš„æŸ”å£°å‘“è¯­ (718/1554) has 30 songs.
INFO:[DataPipeline]:PlayList: [1464182287] åŠ¨å¬çš„åè¯­ä¼ ç»Ÿæ—‹å¾‹ã€æ°‘è°£ã€ (719/1554) has 52 songs.
INFO:[DataPipeline]:Sleep for: 170
INFO:[DataPipeline]:PlayList: [3623571878] ç†¬å¤œåŠ ç­å¤ªç´¯ï¼é™å¿ƒæ°‘è°£è®©ä½ è½»æ¾ç™¾å€ (720/1554) has 56 songs.
INFO:[DataPipeline]:PlayList: [840813491] å½“ä»£æ°‘è°£æ˜¯æœ€å®‰é™çš„è§’è½ (721/1554) has 18 songs.
INFO:[DataPipeline]:PlayList: [2067205980] ã€Œæ¬§ç¾æ°‘è°£ã€æ—‹å¾‹é‡Œçš„ä¸€å°æƒ…ä¹¦ (722/1554) has 209 songs.
INFO:[DataPipeline]:PlayList: [3277646402] æ¸…å†·æ°‘è°£æ‰å…¥ä¼˜é›…å¼¦ä¹ï¼Œæ•…äº‹å¨“å¨“é“æ¥ (723/1554) has 23 songs.
INFO:[DataPipeline]:PlayList: [1480502685] å›½é£æ°‘è°£ï¼šæµ®ç”Ÿä¸€æ¢¦ï¼Œæ¸…éœœç´ æœˆäº¦å¯ç›¸çŸ¥ (724/1554) has 29 songs.
INFO:[DataPipeline]:PlayList: [2671464005] ã€Œæ°‘è°£å¥³å£°ã€è‚†æ„éšæ€§å—“ï¼Œæ»¡æº¢å­¤å¯‚å‘³ (725/1554) has 96 songs.
INFO:[DataPipeline]:PlayList: [2067203839] ã€Œ&#32;æ°‘è°£ã€æ´»åœ¨å¹»æƒ³ä¸­çš„å­¤ç‹¬è¯—äºº (726/1554) has 502 songs.
INFO:[DataPipeline]:PlayList: [1151589478] é‚£äº›æ°‘è°£é‡Œçš„å§‘å¨˜ï¼Œä½ ä»¬è¿˜å¥½å—ï¼Ÿ (727/1554) has 35 songs.
INFO:[DataPipeline]:PlayList: [3555864243] è¿·äººéŸ³è‰²&#32;ä¸”å¬åŒ—æ¬§é£æƒ…æ°‘è°£ (728/1554) has 32 songs.
INFO:[DataPipeline]:PlayList: [2051701705] å—¨ï¼Œå§‘å¨˜ï¼Œå¬æˆ‘å”±ä¸€é¦–å…³äºä½ çš„æ°‘è°£ (729/1554) has 41 songs.
INFO:[DataPipeline]:Sleep for: 61
INFO:[DataPipeline]:PlayList: [1141565182] æ°‘è°£å°é›†Â·æµ…åŸå†…å¿ƒæ·±å¤„çš„æ­Œ (730/1554) has 26 songs.
INFO:[DataPipeline]:PlayList: [1471716468] ä¸‹é›¨å¤©ï¼Œå¬æ°‘è°£ç”·å£°é™é™æ­Œå”± (731/1554) has 163 songs.
INFO:[DataPipeline]:PlayList: [3520284679] æ—¥ç³»æ°‘è°£Â·æ‚¦è€³åŠ¨å¬æ¬²ç½¢ä¸èƒ½ (732/1554) has 35 songs.
INFO:[DataPipeline]:PlayList: [4190668670] åƒé¢è¯—æ„&#32;&#124;&#32;æ°‘è°£é‡Œçš„ç°ä»£è¯— (733/1554) has 36 songs.
INFO:[DataPipeline]:PlayList: [1460007917] å†…åœ°æ°‘è°£çš„æ¼”å˜ä¹‹è·¯ (734/1554) has 43 songs.
INFO:[DataPipeline]:PlayList: [1189674265] å•èº«å¹»æƒ³ï¼šæ¥åœºå¤é£ä¸æ°‘è°£çš„æ‹çˆ±ï¼ (735/1554) has 24 songs.
INFO:[DataPipeline]:PlayList: [3262779057] ç§˜å¯†åé™¢&#32;ï¼šæ°‘è°£é‡Œçš„ç†æƒ³è€å¤å¤© (736/1554) has 35 songs.
INFO:[DataPipeline]:PlayList: [1744543148] æ—…è¡Œé€”ä¸­æ€ä¹ˆå°‘å¾—äº†æ°‘è°£ (737/1554) has 20 songs.
INFO:[DataPipeline]:PlayList: [1769770201] ã€Œæ°‘è°£ã€è‡ªç”±åœ¨æ— å çš„è¿œæ–¹ (738/1554) has 484 songs.
INFO:[DataPipeline]:PlayList: [2372393234] å¬æˆ‘ç»™ä½ è®²ä¸€ä¸ªæ°‘è°£çš„æ•…äº‹ (739/1554) has 183 songs.
INFO:[DataPipeline]:Sleep for: 117
INFO:[DataPipeline]:PlayList: [1478877089] ç‹¬ç«‹æ°‘è°£&#32;&#124;&#32;ä»å¤§ä¸åˆ—é¢ ç¾¤å²›å¹æ¥æ€¡ç„¶æ¸…é£ (740/1554) has 31 songs.
INFO:[DataPipeline]:PlayList: [2916612113] å°ä¼—å†·é—¨ï¼Œä½†å¾ˆå¥½å¬çš„æ°‘è°£ (741/1554) has 18 songs.
INFO:[DataPipeline]:PlayList: [3265785281] è’æ¼ é‡Œå¼€å‡ºä¸€æ”¯å­¤å‚²çš„èŠ±&#58;å­¤ç‹¬æ°‘è°£ (742/1554) has 40 songs.
INFO:[DataPipeline]:PlayList: [1459133968] åè¯­&#32;ä¸¨è¿™ä¸ªæ˜¥æœ«æ°‘è°£é™ªä½ ç›¸ä¼´ (743/1554) has 22 songs.
INFO:[DataPipeline]:PlayList: [2372395489] ã€Œæ°‘è°£ã€é’æ˜¥æœªå°½æ¸¸ä¸é€¸ (744/1554) has 133 songs.
INFO:[DataPipeline]:PlayList: [2961471150] ã€Œæ°‘è°£å®‰å¿ƒå‰‚ã€å“ºè‚²æˆ‘ä»¬å­¤ç‹¬çš„å¿ƒé«“ (745/1554) has 20 songs.
INFO:[DataPipeline]:PlayList: [842308282] æ°‘è°£å”±çš„æ‚²ä¸æ¬¢ï¼Œå“­ä¸ç¬‘ (746/1554) has 18 songs.
INFO:[DataPipeline]:PlayList: [3609428021] ç‹¬ç«‹æ°‘è°£ï¼šä¸–é—´çº·æ‰°ï¼Œå”¯æˆ‘å¿ƒé™å¦‚æ­¢æ°´ (747/1554) has 191 songs.
INFO:[DataPipeline]:PlayList: [3688198923] æ°‘è°£ï¼šç”Ÿæ¥åŒ—æ–¹äººï¼Œä¸çŸ¥æ±Ÿå—å¿ƒ (748/1554) has 26 songs.
INFO:[DataPipeline]:PlayList: [2070655014] æ°‘è°£ï½œä¸ä¸€æ ·çš„æ¼”ç»ï¼Œæ¸©æŸ”äº†å²æœˆ (749/1554) has 29 songs.
INFO:[DataPipeline]:Sleep for: 122
INFO:[DataPipeline]:PlayList: [840813488] ä¸ä¸–æ— äº‰ï¼Œå½“ä»£æ°‘è°£åˆ«å…·æ–°æ ¼è°ƒ (750/1554) has 18 songs.
INFO:[DataPipeline]:PlayList: [2040618351] æ°‘è°£é‡Œçš„è¯ï¼šæ€»è®©äººå¿ƒé©°ç¥å¾€ (751/1554) has 30 songs.
INFO:[DataPipeline]:PlayList: [1163110838] å‡å¦‚ä½ æœ‰æ°‘è°£å—“ï¼ŒKTVå”±è¿™äº›å¾ˆæƒŠè‰³ (752/1554) has 18 songs.
INFO:[DataPipeline]:PlayList: [1186353602] ã€æ—¥ç³»&#45;æ°‘è°£ã€‘å’Œé£æ°‘è°£&#32;ä¼´å›å…¥æ¢¦ (753/1554) has 30 songs.
INFO:[DataPipeline]:PlayList: [3616566993] å¹´åº¦ç›˜ç‚¹ä¸¨2017åŸåˆ›æ°‘è°£æ­Œæ›²å¤§èµ (754/1554) has 32 songs.
INFO:[DataPipeline]:PlayList: [840813494] å½“ä»£æ°‘è°£Â·ä»å°ä¼—è¿›å…¥å¤§ä¼—è§†é‡ (755/1554) has 18 songs.
INFO:[DataPipeline]:PlayList: [3243198732] ã€Œ&#32;æ°‘è°£&#32;ã€ä¼´éšç€å‰ä»–å£°å¨“å¨“é“æ¥ (756/1554) has 24 songs.
INFO:[DataPipeline]:PlayList: [3618900769] æ°‘è°£&#32;â”‚&#32;å­¤ç‹¬æ—¶ï¼Œå”±é¦–æ­Œç»™è‡ªå·±å¬ (757/1554) has 92 songs.
INFO:[DataPipeline]:PlayList: [2655110835] ä½ è¯´ï¼Œæ€ä¹ˆæ•™æˆ‘ä¸çˆ±æ°‘è°£ (758/1554) has 18 songs.
INFO:[DataPipeline]:PlayList: [1438580095] é’æ˜¥æ°‘è°£&#32;é’è‘±å²æœˆé‡Œçš„æ— çœ æ—¶å…‰ (759/1554) has 18 songs.
INFO:[DataPipeline]:Sleep for: 137
INFO:[DataPipeline]:PlayList: [5471356947] å®¤å†…æ°‘è°£&#32;&#124;&#32;é˜…è¯»æ—¶å¹æ¥çš„å¾®é£ (760/1554) has 20 songs.
INFO:[DataPipeline]:PlayList: [2968771069] ã€Œæ°‘è°£ã€æˆ‘æƒ³å’Œä½ è™šåº¦å…‰é˜´ (761/1554) has 143 songs.
INFO:[DataPipeline]:PlayList: [3284352378] è¯—æ„æ°‘è°£ï¼šç®€å•ä¸”çº¯ç²¹ï¼ŒèŠ±é¦™å››æº¢ (762/1554) has 66 songs.
INFO:[DataPipeline]:PlayList: [1735512909] åªè¦æœ‰æ°‘è°£ï¼Œåˆ°å“ªé‡Œéƒ½æ˜¯æ—…è¡Œ (763/1554) has 18 songs.
INFO:[DataPipeline]:PlayList: [1438601016] é€ä½ å‡ é¦–ä¸è½ä¿—å¥—çš„å°æ¸…æ–°æ°‘è°£ (764/1554) has 18 songs.
INFO:[DataPipeline]:PlayList: [2053474717] å¬åˆ°è¿™æ°‘è°£ï¼Œå¿ƒçªç„¶å®‰é™ (765/1554) has 18 songs.
INFO:[DataPipeline]:PlayList: [2067205993] ã€Œæ°‘è°£ã€æ²¡æœ‰èŠ±æœµï¼Œç”Ÿæ´»ä¾æ—§å¦‚æ­Œ (766/1554) has 76 songs.
INFO:[DataPipeline]:PlayList: [889743896] ã€Œæ°‘è°£ã€åˆ«éš¾è¿‡ï¼Œè¿˜æœ‰å‡ åäº¿ç»†èƒä¸ºä½ è€Œæ´» (767/1554) has 26 songs.
INFO:[DataPipeline]:PlayList: [1763785220] å‰ä»–æ¸…æ‰«è¿‡çš„ä½åŸè½»å”±ï¼Œæ¸©æš–å¿ƒçµçš„æ¬§ç¾æ°‘è°£ (768/1554) has 20 songs.
INFO:[DataPipeline]:PlayList: [3277676654] ä¸–ç•Œæ¬ ä½ ä¸€ä¸ªå§‘å¨˜ï¼Œä¹Ÿè®¸å¥¹åªæ˜¯è—åœ¨æ°‘è°£é‡Œ (769/1554) has 31 songs.
INFO:[DataPipeline]:Sleep for: 124
INFO:[DataPipeline]:PlayList: [1481883373] å–œæ¬¢æ°‘è°£çš„å¥³å­©å¿ƒé‡Œéƒ½è—åŒ¿ç€ä¸€åªä¸ç¾çš„é¹¿ (770/1554) has 49 songs.
INFO:[DataPipeline]:PlayList: [2973109340] æ¬§ç¾æ°‘è°£ï¼šèˆ’é€‚è€Œåˆæ€¡é™çš„æ¸…æ–°å°è°ƒ (771/1554) has 31 songs.
INFO:[DataPipeline]:PlayList: [1135808492] å°‘å¹´è¯´ï¼Œæ°‘è°£æ˜¯æœ€å®‰é™çš„è§’è½&#126; (772/1554) has 18 songs.
INFO:[DataPipeline]:PlayList: [1454375637] æ ¡å›­æ°‘è°£ï¼Œç†æƒ³ä½ ä»Šå¹´å‡ å² (773/1554) has 19 songs.
INFO:[DataPipeline]:PlayList: [1434702854] æ ¡å›­çš„æ—¥å­æœ‰ä½ ï¼Œæœ‰æ°‘è°£ï¼Œé’æ˜¥æ— æ‚” (774/1554) has 109 songs.
INFO:[DataPipeline]:PlayList: [2949477449] æ°‘è°£/ä½ è·¯è¿‡çš„æ¯ä¸€ä¸ªåœ°æ–¹ (775/1554) has 34 songs.
INFO:[DataPipeline]:PlayList: [3643659383] &#32;çˆ±å°”å…°æ°‘è°£ï¼šæµ·é¸¥é£å¾€çš„æ¸©æš–ç§˜å¢ƒ (776/1554) has 30 songs.
INFO:[DataPipeline]:PlayList: [3274879156] å¶å¾—æ‹¾è¶£ï¼šæ°‘è°£é‡Œçš„å¤é£ä¸è¯—æ„ (777/1554) has 33 songs.
INFO:[DataPipeline]:PlayList: [2985247489] æœ‰ä¸€ä¸ªå§‘å¨˜ï¼Œå¥¹ä½åœ¨æ°‘è°£é‡Œ (778/1554) has 36 songs.
INFO:[DataPipeline]:PlayList: [2065382271] æ°‘è°£ï¼Œç”¨æ—‹å¾‹æŠŠç”Ÿæ´»å”±æˆè¯— (779/1554) has 76 songs.
INFO:[DataPipeline]:Sleep for: 109
INFO:[DataPipeline]:PlayList: [2987121280] æ¬§ç¾æ°‘è°£ï¼šç»†ç¢å…‰å½±é‡Œçš„æ¸©å©‰å›å¿† (780/1554) has 33 songs.
INFO:[DataPipeline]:PlayList: [859660595] è·¯è¾¹ä¸Šçš„æ°‘è°£&#32;ä¸€é¦–æ­Œï¼Œä¸€åº§åŸï¼Œä¸€ä¸ªäºº (781/1554) has 18 songs.
INFO:[DataPipeline]:PlayList: [2955030614] ã€æ°‘è°£å°æ¸…æ–°ã€ğŸ¸æƒ³æŠŠæˆ‘å”±ç»™ä½ å¬ğŸ¶ (782/1554) has 22 songs.
INFO:[DataPipeline]:PlayList: [2053256884] æ…¢æ…¢åœ°ï¼Œè¢«æ‚ æ‚ æ°‘è°£æ‰€æ²»æ„ˆ (783/1554) has 18 songs.
INFO:[DataPipeline]:PlayList: [1179723378] è¯—äºº30é¦–å¿ƒäº‹ï¼šæ— è¯æ°‘è°£é‡Œçš„åƒæ„ä¸‡ç»ª (784/1554) has 30 songs.
INFO:[DataPipeline]:PlayList: [1750365328] ä¸€æ›²æ°‘è°£å¸¦æ¥åˆ«æ ·çš„å®‰é™ (785/1554) has 18 songs.
INFO:[DataPipeline]:PlayList: [2953886016] æ°‘è°£ï¼Œçª—å¤–æµæµªçš„é’å¹´ (786/1554) has 23 songs.
INFO:[DataPipeline]:PlayList: [2038416303] å½“ç”µå½±ç¢°æ’æ°‘è°£ (787/1554) has 29 songs.
INFO:[DataPipeline]:PlayList: [3566816300] æ°‘è°£æ•…äº‹&#32;&#124;&#32;å››å­£å¦‚ç¬”ï¼Œå­—é‡Œè¡Œé—´å…¨æ˜¯ä½  (788/1554) has 30 songs.
INFO:[DataPipeline]:PlayList: [3256240755] æ°‘è°£&#32;&#124;&#32;å¥‡å¼‚æ­Œåé›†å½• (789/1554) has 48 songs.
INFO:[DataPipeline]:Sleep for: 178
INFO:[DataPipeline]:PlayList: [2362057057] å‰ä»–ä¼´å¥æ°‘è°£&#32;&#124;&#32;å‰ä»–è°±å†™çš„å¯‚å¯ç‹‚æƒ³æ›² (790/1554) has 30 songs.
INFO:[DataPipeline]:PlayList: [1434667535] è†å¬ç‹¬ç«‹æ°‘è°£ï¼Œçœ‹é€ç¹åèƒŒåçš„æµ®æ²‰ (791/1554) has 143 songs.
INFO:[DataPipeline]:PlayList: [3580803000] æ…µæ‡’æ—¶å…‰ï¼šåœ¨æ°‘è°£æ­Œæ‰‹æ”¹ç¼–çš„è¯—é‡Œé¢æœå¤§æµ· (792/1554) has 27 songs.
INFO:[DataPipeline]:PlayList: [1746572004] æ€€æ—§ï¼šä¸è€çš„é’æ˜¥å›å¿†æ ¡å›­æ°‘è°£ (793/1554) has 21 songs.
INFO:[DataPipeline]:PlayList: [2067203920] ã€Œæ°‘è°£ã€ä¸€å£°æ¸…æ·¡ï¼Œå”±å‡ºæˆ‘çš„æ‚²å–œ (794/1554) has 222 songs.
INFO:[DataPipeline]:PlayList: [4110104173] 25ä½çˆ±å°”å…°æ°‘è°£æ­Œæ‰‹ä½œå“æ”¶å½• (795/1554) has 25 songs.
INFO:[DataPipeline]:PlayList: [2387391222] æ°‘è°£ï¼šè®©æˆ‘æŠ±æŠ±ï¼Œä½ é‚£æ— äººçŸ¥æ™“çš„å­¤ç‹¬ (796/1554) has 38 songs.
INFO:[DataPipeline]:PlayList: [1151916729] æ°‘è°£&#32;&#124;&#32;åœ¨æ—‹å¾‹é‡Œæ„Ÿå—å¹³å‡¡ç”Ÿæ´» (797/1554) has 18 songs.
INFO:[DataPipeline]:PlayList: [2935241112] æ¥ï¼Œå¬ä¸€é¦–å¯‚å¯æ°‘è°£ (798/1554) has 18 songs.
INFO:[DataPipeline]:PlayList: [2968768964] ã€Œæ°‘è°£ã€é’Ÿæƒ…äºæ­¤ï¼Œä¸ç¦»ä¸å¼ƒ (799/1554) has 121 songs.
INFO:[DataPipeline]:Sleep for: 93
INFO:[DataPipeline]:PlayList: [2981913717] ã€Œæ·±å¤œæ¬§ç¾æ°‘è°£ã€åˆ«ç†¬å¤œï¼Œç­‰ä¸åˆ°ä»–çš„æ™šå®‰äº† (800/1554) has 27 songs.
INFO:[DataPipeline]:PlayList: [2655079521] æ ¡å›­æ°‘è°£ï¼Œè®©äººæ€€å¿µçš„é‚£ä¸ªæ—¶å…‰ (801/1554) has 18 songs.
INFO:[DataPipeline]:PlayList: [3562154303] æ¨±èŠ±ä¸è¯—&#32;&#124;&#32;è¿™æ ·çš„æ°‘è°£ä½ å¬è¿‡å—ï¼Ÿ (802/1554) has 30 songs.
INFO:[DataPipeline]:PlayList: [840813492] å½“ä»£æ°‘è°£&#32;&#124;&#32;å¤©ç”Ÿä¸çˆ±ç‚«è€€&#32;å´ä¸€èº«è‰ºæœ¯ç»†èƒ (803/1554) has 18 songs.
INFO:[DataPipeline]:PlayList: [3268804214] ä»Šå¹´å–œæ¬¢å˜»å“ˆçš„ï¼Œæ˜¯å»å¹´æ°‘è°£é‚£ç¾¤äººå§ï¼Ÿ (804/1554) has 17 songs.
INFO:[DataPipeline]:PlayList: [2372390550] ã€Œæ°‘è°£ã€å…¥äº†è€³ï¼Œç»ˆå…¥å¿ƒ (805/1554) has 88 songs.
INFO:[DataPipeline]:PlayList: [4192685504] æ°‘è°£è¯—äººæ­Œé‡Œçš„è¥¿åŒ—è®°å¿† (806/1554) has 22 songs.
INFO:[DataPipeline]:PlayList: [4128663214] ä¼ ç»Ÿæ°‘è°£ï¼šè¡ŒåŸæ­Œè€…çš„è¯—ä¸­ä¸–ç•Œ (807/1554) has 53 songs.
INFO:[DataPipeline]:PlayList: [3271732768] çŸ¥éŸ³æ°‘è°£&#32;&#124;&#32;åªæœ‰ä½ æ‡‚æˆ‘åœ¨æ­Œé¢‚ä»€ä¹ˆ (808/1554) has 32 songs.
INFO:[DataPipeline]:PlayList: [1783016620] ä¸æ°‘è°£é‡Œçš„çˆ±æƒ…ä¸æœŸè€Œé‡ (809/1554) has 18 songs.
INFO:[DataPipeline]:Sleep for: 89
INFO:[DataPipeline]:PlayList: [2672314524] æ°‘è°£è¯‰è¯´&#32;&#58;&#32;æˆ‘æœ‰æ‰€æ‹äººï¼Œéš”åœ¨è¿œè¿œä¹¡ (810/1554) has 33 songs.
INFO:[DataPipeline]:PlayList: [1445045651] ã€å…‰å½±å››å­£ã€å½“æ°‘è°£é‡ä¸Šç”µå½± (811/1554) has 19 songs.
INFO:[DataPipeline]:PlayList: [3284640963] 25ä¸ªå›½å®¶æ°‘è°£å¡å¸¦ï¼šæ—¶å…‰é‡ŒåŒ†åŒ†çš„ç‹¬ç™½ (812/1554) has 100 songs.
INFO:[DataPipeline]:PlayList: [1158092465] è¿™äº›æ°‘è°£ï¼Œæ˜¯å¸¦ç‚¹äººæƒ…å‘³çš„å°èµ„ (813/1554) has 18 songs.
INFO:[DataPipeline]:PlayList: [3684035606] å”±å®Œè¿™é¦–æ°‘è°£ï¼èµ°å•Šï¼Œæˆ‘å¸¦ä½ å›å®¶è§çˆ¸å¦ˆ (814/1554) has 33 songs.
INFO:[DataPipeline]:PlayList: [3639071750] æ°‘è°£ï¼šå›å½’æœ¬çœŸï¼Œè®©å¿ƒçµçš„èˆ¹åœæ³Šé å²¸ (815/1554) has 48 songs.
INFO:[DataPipeline]:PlayList: [1139648742] ç‹¬ç«‹æ°‘è°£&#32;â¤&#32;è‹ç©¹è€³è¯­æ— å°½æ— å  (816/1554) has 33 songs.
INFO:[DataPipeline]:PlayList: [3552345005] å¥³å£°æ°‘è°£&#32;&#124;&#32;åƒå§¿ç™¾æ€ï¼Œæˆ‘ç‹¬çˆ±è¿™æ·¡æ·¡çš„æ¸…é¦™ (817/1554) has 24 songs.
INFO:[DataPipeline]:PlayList: [3209398937] æ¼«æ­¥ã€Œèè‰èŠ±å›­ã€ï¼Œå¬çˆ±å°”å…°æ°‘è°£ (818/1554) has 17 songs.
INFO:[DataPipeline]:PlayList: [2982660939] æ¬§ç¾æ°‘è°£ï¼šæ¸…é€æš–å¿ƒï¼Œæ¸—å…¥å¿ƒæ‰‰ (819/1554) has 50 songs.
INFO:[DataPipeline]:Sleep for: 179
INFO:[DataPipeline]:PlayList: [2968771073] ã€Œåè¯­æ°‘è°£ã€ç®€å•çš„æ­Œæœ€åŠ¨äºº (820/1554) has 105 songs.
INFO:[DataPipeline]:PlayList: [867533995] æ°‘è°£ç››å®´&#32;&#124;&#32;è†å¬å¼‚å›½æ°‘è°£ä¸­çš„æƒ…æ„« (821/1554) has 33 songs.
INFO:[DataPipeline]:PlayList: [2033697765] éå¸¸é€‚åˆå¼€è½¦å¬çš„æ°‘è°£æ‘‡æ»š (822/1554) has 20 songs.
INFO:[DataPipeline]:PlayList: [1452242470] æ—…è¡Œå¬æ°‘è°£&#32;å¬å¬é‚£æ—¶å€™æˆ‘ä»¬çš„æ•…äº‹ (823/1554) has 20 songs.
INFO:[DataPipeline]:PlayList: [3793568570] å¼‚ä¹¡æ°‘è°£ï¼šé€ƒç¦»åŒ—æ–¹åŸå¸‚çš„è¡Œè·¯äºº (824/1554) has 31 songs.
INFO:[DataPipeline]:PlayList: [2690617595] äº‘é›¾ä¸­çš„å¤è€ä¼ è¯´ï¼šä¼ ç»Ÿå½æ—æ°‘è°£ (825/1554) has 77 songs.
INFO:[DataPipeline]:PlayList: [3840197865] æµ·ä¸Šçš„æ°‘è°£å£°ï¼šçˆ±å°”å…°çš„å‡¯å°”ç‰¹äºº (826/1554) has 20 songs.
INFO:[DataPipeline]:PlayList: [2050505834] æ°‘è°£å°è°ƒ&#32;â–¶æ²»æ„ˆäº†ä¸€é¢—ä¸å®‰çš„å¿ƒ (827/1554) has 18 songs.
INFO:[DataPipeline]:PlayList: [3561521651] æ°‘è°£ï½œæœ›è·¯é€”é¥è¿œï¼Œæœ‰äººé™ªä¼´ (828/1554) has 33 songs.
INFO:[DataPipeline]:PlayList: [2058785811] å¥³ç‰ˆæ°‘è°£ï¼šæ„¿å­¤ç‹¬çš„äººéƒ½ä¼šå”±æ­Œ (829/1554) has 28 songs.
INFO:[DataPipeline]:Sleep for: 108
INFO:[DataPipeline]:PlayList: [2989642150] æ°‘è°£ï¼šä½ åœ¨çš„åœ°æ–¹æ˜¯æˆ‘å‘å¾€çš„è¯—å’Œè¿œæ–¹ (830/1554) has 42 songs.
INFO:[DataPipeline]:PlayList: [2054447467] ã€Œæ·±æƒ…æ°‘è°£å¯†ç ã€å“„ä¹±åçš„å¹³é™ (831/1554) has 30 songs.
INFO:[DataPipeline]:PlayList: [2067204256] ç”¨æ‘‡æ»šå’Œæ°‘è°£ï¼Œè®°å½•è¿™æ—¶ä»£ (832/1554) has 233 songs.
INFO:[DataPipeline]:PlayList: [2960693543] ã€Œæ°‘è°£ã€è®©äººæ‘‡æ‘†è¡æ¼¾ï¼Œåˆè®©äººæ·±æƒ…æ¬¾æ¬¾ (833/1554) has 18 songs.
INFO:[DataPipeline]:PlayList: [2977409125] è±†ç“£é˜¿æ¯”é¹¿éŸ³ä¹å¥–å†å±Šæ°‘è°£å…¥å›´ç²¾é€‰é›† (834/1554) has 49 songs.
INFO:[DataPipeline]:PlayList: [2355752757] ç”Ÿæ´»ä¸æ­¢è¯—å’Œè¿œæ–¹ï¼Œè¿˜æœ‰æ°‘è°£ (835/1554) has 19 songs.
INFO:[DataPipeline]:PlayList: [3261751670] æ°‘è°£å››å­£&#32;&#124;&#32;ä½ çš„å¿ƒé—è½åœ¨ä»€ä¹ˆå­£èŠ‚ (836/1554) has 31 songs.
INFO:[DataPipeline]:PlayList: [3562591686] æ°‘è°£ä¸­æ²§æ¡‘åˆé¥±å«æ·±æƒ…çš„ç”·å£° (837/1554) has 20 songs.
INFO:[DataPipeline]:PlayList: [2039359497] å°ä¼—æ°‘è°£ä¸ä¼—ä¸åŒ (838/1554) has 22 songs.
INFO:[DataPipeline]:PlayList: [3245395252] ã€–æ°‘è°£ã€—éƒ½æ€ªè¿™å‰ä»–å¼¹çš„å¤ªå‡„å‡‰ (839/1554) has 18 songs.
INFO:[DataPipeline]:Sleep for: 169
INFO:[DataPipeline]:PlayList: [1151086984] æ‰«å¼¦æ°‘è°£&#124;&#32;æŠšå¹³æ®‹å¿ƒä¸­å‡‹çƒŸæ³£éœ²çš„å”å˜˜ (840/1554) has 46 songs.
INFO:[DataPipeline]:PlayList: [3560964049] æ™šå®‰æ°‘è°£ï½œæ„¿æ•…äº‹é‡Œçš„ä½ é•¿å¤œæ— æ¢¦ (841/1554) has 40 songs.
INFO:[DataPipeline]:PlayList: [1735112994] ç‹¬ç«‹æ°‘è°£&#32;ç‹¬ç«‹æ€åº¦ (842/1554) has 18 songs.
INFO:[DataPipeline]:PlayList: [882603791] ç§‹æ„æ°‘è°£ï¼šç§‹é£è§ç‘Ÿ&#32;åˆ«ç¦»å¿§æ„ (843/1554) has 31 songs.
INFO:[DataPipeline]:PlayList: [3522408678] æ²äººå¿ƒæ‰‰&#32;æ—¥ç³»æ°‘è°£ (844/1554) has 20 songs.
INFO:[DataPipeline]:PlayList: [1135802447] å—å±±å—çš„æ—…è¡Œ&#32;/&#32;æ°‘è°£çš„è¯—ä¸è¿œæ–¹ (845/1554) has 18 songs.
INFO:[DataPipeline]:PlayList: [1458149601] åŒ—æ¬§æ°‘è°£ï¼Œæåœ°éŸµå…‰é‡Œæ¸…å‡‰å†·å†½çš„å£°éŸ³ (846/1554) has 19 songs.
INFO:[DataPipeline]:PlayList: [1468697886] ã€Œåè¯­æ°‘è°£ã€æ„¿å²æœˆä¸ä¼šæŠ¹å»ä½ å¹´å°‘çš„æ¨¡æ · (847/1554) has 18 songs.
INFO:[DataPipeline]:PlayList: [3799721095] å‰ä»–å¼¹å”±ï¼Œè§£å¿§æ¶ˆæ„è¿˜éœ€æ°‘è°£ä¸€é¦– (848/1554) has 30 songs.
INFO:[DataPipeline]:PlayList: [849780312] ã€Œæ°‘è°£å¥³å£°ã€é‡åˆ°ä½ å‰ï¼ŒåŒè€³éƒ½åœ¨æ²‰ç¡ (849/1554) has 18 songs.
INFO:[DataPipeline]:Sleep for: 141
INFO:[DataPipeline]:PlayList: [1456312279] å…¥å¿ƒæ°‘è°£ï¼Œå”±å‡ºäº†æˆ‘çš„ä¸€ç”Ÿ (850/1554) has 18 songs.
INFO:[DataPipeline]:PlayList: [1149755710] é‚£äº›é£˜è¡åœ¨æ°‘è°£ä¸­çš„åå­—ä¸å§‘å¨˜ (851/1554) has 18 songs.
INFO:[DataPipeline]:PlayList: [869909148] ã€Œæ…µæ‡’ä¸æŸ”æƒ…ã€å½“åè¯­æ°‘è°£æ­Œæ‰‹å”±èµ·äº†è‹±æ–‡ (852/1554) has 23 songs.
INFO:[DataPipeline]:PlayList: [3258294484] æ™šå®‰æ°‘è°£é›†ä¸¨æ„¿ä½ é•¿å¤œæ— æ¢¦ (853/1554) has 48 songs.
INFO:[DataPipeline]:PlayList: [3546697296] æ ¡å›­æ°‘è°£ï½œé™ªä¼´ï¼Œä¸–é—´è‡³ç¾çš„é£æ™¯ (854/1554) has 20 songs.
INFO:[DataPipeline]:PlayList: [2067205573] ã€Œæ°‘è°£ã€åŸè¯—çš„ç†æƒ³ä¸»ä¹‰è€… (855/1554) has 112 songs.
INFO:[DataPipeline]:PlayList: [2366807299] ã€Œæ°‘è°£ã€æ„¿ä½ å†ç»æ²§æ¡‘ï¼Œä»æœ‰å°‘å¹´æ¨¡æ · (856/1554) has 18 songs.
INFO:[DataPipeline]:PlayList: [2640847637] æ°‘è°£ï¼šå¹´è½»çš„æˆ‘ä»¬å”±ç€å…«åå²çš„æ­Œ (857/1554) has 30 songs.
INFO:[DataPipeline]:PlayList: [1734529743] å›½å†…ç‹¬ç«‹æ°‘è°£ä»£è¡¨ç²¾é€‰ (858/1554) has 18 songs.
INFO:[DataPipeline]:PlayList: [1149030164] æ°‘è°£&#124;&#32;æ“¦è‚©è€Œè¿‡çš„å¿ƒçµï¼Œæ— æ³•ä¼åŠçš„è·ç¦» (859/1554) has 36 songs.
INFO:[DataPipeline]:Sleep for: 174
INFO:[DataPipeline]:PlayList: [2381962477] ä¸ºä½ å†™ä¸€çº¸æƒ…è¯—ï¼Œå¼¹å”±å‡ºä¸€é¦–æ°‘è°£ (860/1554) has 30 songs.
INFO:[DataPipeline]:PlayList: [2073298900] è®¸ä¹…ä¸è§ï¼Œæ¥ä¸€é¦–æ°‘è°£å¯å¥½ï¼Ÿ (861/1554) has 30 songs.
INFO:[DataPipeline]:PlayList: [1735112999] å°ä¼—æ¸…æ–°çš„ç‹¬ç«‹æ°‘è°£ (862/1554) has 18 songs.
INFO:[DataPipeline]:PlayList: [1149188720] æ·³ç¾æ°‘è°£&#124;&#32;å®›è‹¥æ¸¸ä¸èˆ¬çš„å¦‚å…°æ°”æ¯ (863/1554) has 44 songs.
INFO:[DataPipeline]:PlayList: [841353830] å®å²›ä¹‹å£°ï¼Œå°æ¹¾æ°‘è°£è¿åŠ¨ç»å…¸ä¹‹ä½œ (864/1554) has 18 songs.
INFO:[DataPipeline]:PlayList: [3660114127] å¤šå…ƒæ°‘è°£ä¹‹ä¸‰å­—&#32;â€¢&#32;æ±Ÿæ¹–äº‹æµ®ç”Ÿæ¢¦ (865/1554) has 48 songs.
INFO:[DataPipeline]:PlayList: [887687579] ç¨‹ç’§//æ°‘è°£è¯—äººè¯é‡Œçš„è™šåº¦æ—¶å…‰ (866/1554) has 41 songs.
INFO:[DataPipeline]:PlayList: [2059403705] å¸¦ç‚¹æ°‘è°£å‘³é“çš„è½»éŸ³ä¹ (867/1554) has 22 songs.
INFO:[DataPipeline]:PlayList: [2983627035] æ¬§ç¾ä¸­å¤æ°‘è°£ï¼šè¢«å†å²å°å­˜çš„è¯—æ­Œå°è®° (868/1554) has 65 songs.
INFO:[DataPipeline]:PlayList: [1151558391] å¬ï¼Œæ°‘è°£æ­Œæ‰‹çš„è¯—æ„å‘Šç™½ (869/1554) has 33 songs.
INFO:[DataPipeline]:Sleep for: 123
INFO:[DataPipeline]:PlayList: [1159079834] ç”¨è¯—æ„çš„æ°‘è°£æ­Œè¯å‘ä½ å‘Šç™½ (870/1554) has 25 songs.
INFO:[DataPipeline]:PlayList: [3280197138] æ„è±¡æ°‘è°£é›†ä¸¨æ¥åˆ†æä¸€ä¸‹è¿™é¦–æ­Œè•´è—çš„æƒ…æ€å§ (871/1554) has 68 songs.
INFO:[DataPipeline]:PlayList: [852086133] æ°‘è°£æ£®å¥³â€”â€”ç¨‹ç’§ï¼šå½“è¯—é‡ä¸Šæ­Œ (872/1554) has 18 songs.
INFO:[DataPipeline]:PlayList: [2381235215] æƒ…è¿·ä¸‰æ‹æ°‘è°£ï¼šä¸ä½ å…±è·³ä¸€æ”¯ä¼˜é›…åœ†èˆæ›²&#32;&#32; (873/1554) has 27 songs.
INFO:[DataPipeline]:PlayList: [840813489] å½“ä»£æ°‘è°£ï¼Œæœ‰è¿™äº›å°±å¤Ÿäº† (874/1554) has 18 songs.
INFO:[DataPipeline]:PlayList: [2339556805] è¿™äº›æ°‘è°£ä¹Ÿå¥½å°æ¸…æ–° (875/1554) has 18 songs.
INFO:[DataPipeline]:PlayList: [3561720767] æ—…è¡Œæ°‘è°£ï½œä¸€åœºä¸–ç•Œä¸äººå¿ƒçš„é‚‚é€… (876/1554) has 40 songs.
INFO:[DataPipeline]:PlayList: [3288836131] æ°‘è°£è¯´ï¼Œè®©æˆ‘ä¸å†çˆ±ä½ ï¼Œå°±å½“ä¸€æ¬¡ç¼…æ€€ (877/1554) has 40 songs.
INFO:[DataPipeline]:PlayList: [2348354007] ã€Œæ°‘è°£ã€ç®€å•çš„ä¸¤ä¸ªå­—&#32;å´å”±å‡ºäº†æ·±æƒ… (878/1554) has 20 songs.
INFO:[DataPipeline]:PlayList: [1757144858] æ°‘è°£æƒ…æ€€ï¼Œéœ€è¦ç»†ç»†å“å‘³ (879/1554) has 20 songs.
INFO:[DataPipeline]:Sleep for: 103
INFO:[DataPipeline]:PlayList: [2351907178] é™é™å¬æ°‘è°£&#32;æ…¢æ…¢æƒ³å¿ƒäº‹ (880/1554) has 18 songs.
INFO:[DataPipeline]:PlayList: [2655109027] æ°‘è°£å¥³æ­Œæ‰‹ï¼Œå”±ç»å†æ•…äº‹ç»™ä½ å¬ (881/1554) has 18 songs.
INFO:[DataPipeline]:PlayList: [1458834178] æ•…äº‹å’Œé…’ï¼Œæ°‘è°£é‡Œæœ‰ (882/1554) has 18 songs.
INFO:[DataPipeline]:PlayList: [3552407897] ã€æ°‘è°£ã€ç”¨æƒ…è‡³æ·±ï¼Œç”¨æƒ…è‡³è‹¦ (883/1554) has 18 songs.
INFO:[DataPipeline]:PlayList: [2674082152] æ°‘è°£è½¯è¯­ï¼šæ·±æƒ…å…¥éª¨é«“&#32;ï¼Œæµ“çƒˆå¦‚é†‡é…’ (884/1554) has 32 songs.
INFO:[DataPipeline]:PlayList: [4420875061] æ²»æ„ˆæ°‘è°£&#32;ï¼šæƒ…ä¼¤æ‚£è€…è‰¯è¯ (885/1554) has 25 songs.
INFO:[DataPipeline]:PlayList: [2686514334] ç”µå­æ°‘è°£ï¼šæ–‡é’å¿ƒé‡Œä¹Ÿä½ç€ç‹‚æ”¾çµé­‚ (886/1554) has 31 songs.
INFO:[DataPipeline]:PlayList: [1769768559] çŸ¥ä¹ç­”ä¸»çš„æ°‘è°£æ¨è (887/1554) has 150 songs.
INFO:[DataPipeline]:PlayList: [1149755712] åœ¨å¤œé‡Œç”¨çµé­‚æ„Ÿå—æ¸©æš–çš„æ°‘è°£ (888/1554) has 18 songs.
INFO:[DataPipeline]:PlayList: [2057765118] ä»–ä»¬æŠŠè¿™äº›å§‘å¨˜å†™è¿›äº†æ°‘è°£ (889/1554) has 30 songs.
INFO:[DataPipeline]:Sleep for: 138
INFO:[DataPipeline]:PlayList: [2360390198] æ¬§ç¾æ°‘è°£å°æ¸…æ–°ï¼Œå“å°æ˜¥æ—¥æ°”æ¯ (890/1554) has 30 songs.
INFO:[DataPipeline]:PlayList: [3610698244] å¹²äº†æ°‘è°£è¿™ç¢—é…’ï¼Œä»æ­¤å¾€äº‹éšé£è€Œé€ (891/1554) has 40 songs.
INFO:[DataPipeline]:PlayList: [3274734815] é‚£äº›æ­Œåå°±å¾ˆç¾çš„æ°‘è°£&#32; (892/1554) has 19 songs.
INFO:[DataPipeline]:PlayList: [1169460848] ã€Œæ°‘è°£ã€ç†æƒ³ä¸»ä¹‰è€…çš„ç‹¬ç™½ (893/1554) has 92 songs.
INFO:[DataPipeline]:PlayList: [2666030276] ã€Œæ°‘è°£å¥³å£°ã€æ²»æ„ˆå†…å¿ƒæ·±å¤„çš„å¿§ä¼¤ (894/1554) has 18 songs.
INFO:[DataPipeline]:PlayList: [3285429197] å†å²å°è¯´å®¶ç¬”ä¸‹çš„åƒå¹´å¹»å¢ƒï¼šå‡¯å°”ç‰¹æ°‘è°£ (895/1554) has 111 songs.
INFO:[DataPipeline]:PlayList: [1453235492] â€¢&#32;ç©·æä¸€ç”Ÿï¼Œåªä¸ºè¿½éšæ°‘è°£çš„æ¢¦&#32;â€¢ (896/1554) has 18 songs.
INFO:[DataPipeline]:PlayList: [2957900784] ã€Œæ²»æ„ˆç³»æ°‘è°£ã€å¦‚å’Œç…¦èˆ¬æ¸©æš– (897/1554) has 25 songs.
INFO:[DataPipeline]:PlayList: [1176507400] ã€Œæ¬§ç¾æ°‘è°£ã€å½“æœ¨å‰ä»–é‚‚é€…æŸ”æƒ…å¥³å£° (898/1554) has 18 songs.
INFO:[DataPipeline]:PlayList: [1456312283] æ°‘è°£æ˜¯é…’ï¼Œä¹Ÿæ˜¯ç”Ÿæ´»çš„ä¸€é¦–è¯— (899/1554) has 18 songs.
INFO:[DataPipeline]:Sleep for: 93
INFO:[DataPipeline]:PlayList: [1740958537] å°ä¼—è€Œç²¾è‡´çš„ç¾å¥½æ°‘è°£ (900/1554) has 34 songs.
INFO:[DataPipeline]:PlayList: [1124634956] æ¸…æ–°æ°‘è°£çŠ¹å¦‚ä¸€è‚¡æ¸…æµ (901/1554) has 26 songs.
INFO:[DataPipeline]:PlayList: [3540454387] æ°‘è°£é™ªä½ èµ°è¿‡è’çƒŸé‡è”“ï¼Œè†æ£˜çºµæ¨ªçš„å¹´å¤´ (902/1554) has 32 songs.
INFO:[DataPipeline]:PlayList: [1131639322] é‚£ä¸€è‚¡æ ¡å›­æ°‘è°£çš„é£ (903/1554) has 18 songs.
INFO:[DataPipeline]:PlayList: [3526809003] æœ‰æ°‘è°£å’Œé…’ï¼Œæˆ‘åœ¨è¿™é‡Œç­‰ä½  (904/1554) has 16 songs.
INFO:[DataPipeline]:PlayList: [1735112997] ç‹¬ç«‹æ°‘è°£&#32;å½“ä»£çš„è¯—æ­Œ (905/1554) has 18 songs.
INFO:[DataPipeline]:PlayList: [2042540913] ç»†æ•°é€‰ç§€æ°‘è°£æ­Œæ‰‹å”±çº¢çš„é‚£äº›æ­Œ (906/1554) has 20 songs.
INFO:[DataPipeline]:PlayList: [2671454586] ã€Œæ°‘è°£ã€æ•…äº‹å¹³æ·¡&#32;æœ‰ä½ è¶³çŸ£ (907/1554) has 96 songs.
INFO:[DataPipeline]:PlayList: [2057325183] æ°‘è°£ï¼šæ›¾å’Œæœ‹å‹è¯´èµ·è¿‡çš„æ—…è¡Œ (908/1554) has 22 songs.
INFO:[DataPipeline]:PlayList: [2055934078] æ°‘è°£å¥³å£°ï¼Œå†·æš–è‡ªçŸ¥&#32; (909/1554) has 26 songs.
INFO:[DataPipeline]:Sleep for: 153
INFO:[DataPipeline]:PlayList: [2638713899] 10å¹´ä»£é‚£äº›æˆ‘ä»¬æœ€çˆ±çš„æ°‘è°£ (910/1554) has 26 songs.
INFO:[DataPipeline]:PlayList: [2344393467] æ°‘è°£æ˜¯ä¸€é¦–è‡ªç”±çš„è¯— (911/1554) has 18 songs.
INFO:[DataPipeline]:PlayList: [1170936609] å¹²å‡€ç®€æ´ï¼æ¯”ç¾½æ¯›è¿˜æ¸©æŸ”çš„æ°‘è°£å°è°ƒ (912/1554) has 102 songs.
INFO:[DataPipeline]:PlayList: [1461453337] å¸¦ç€æ°‘è°£ï¼Œå»å¯»æ‰¾ä»–ä¹¡çš„æ•…äº‹ (913/1554) has 18 songs.
INFO:[DataPipeline]:PlayList: [1464526481] é‚£äº›åŸå¸‚çš„æ°‘è°£ï¼šå…³äºæ—¶å…‰ï¼Œå…³äºçˆ±æƒ… (914/1554) has 30 songs.
INFO:[DataPipeline]:PlayList: [2059946243] å–ä¸‹æ°‘è°£è¿™ç¢—é…’ï¼Œä»æ­¤è·Ÿä½ èµ° (915/1554) has 20 songs.
INFO:[DataPipeline]:PlayList: [1150180568] å‰ä»–ä¸æ°‘è°£ï¼Œæ¸…è€Œä¸å¯¡ (916/1554) has 18 songs.
INFO:[DataPipeline]:PlayList: [1179134569] ä¸€å­—æ°‘è°£&#32;æ— é¡»å¤šè¯­ï¼Œåªéœ€è†å¬ (917/1554) has 18 songs.
INFO:[DataPipeline]:PlayList: [3610604744] æ°‘è°£ï¼šæ—é—´æ¸…é£ï¼Œæ•£å»å¿ƒä¸Šå°˜åŸƒ (918/1554) has 60 songs.
INFO:[DataPipeline]:PlayList: [3535977794] è‡´é’æ˜¥ï¼šè®©æˆ‘ä»¬æ€€æ‹çš„æ ¡å›­æ°‘è°£ (919/1554) has 18 songs.
INFO:[DataPipeline]:Sleep for: 93
INFO:[DataPipeline]:PlayList: [3561751791] æ°‘è°£å¾ˆç®€å•ï¼Œç”¨ä¸€ä¸ªå­—å°±å¯ä»¥å½¢å®¹ (920/1554) has 20 songs.
INFO:[DataPipeline]:PlayList: [3245674546] ï¼œæ°‘è°£æƒ…æ„«ï¼æŠŠå²æœˆåŒ–æˆæ­Œ&#32;ç•™åœ¨å±±æ²³ (921/1554) has 19 songs.
INFO:[DataPipeline]:PlayList: [1480582110] æ²¡æœ‰æœ¨å‰ä»–ä¹Ÿç¾å¾—ä¸åƒè¯çš„æ°‘è°£ (922/1554) has 25 songs.
INFO:[DataPipeline]:PlayList: [1158092500] æ°‘è°£é‡Œçš„åŠ¨å¬æƒ…è¯ (923/1554) has 18 songs.
INFO:[DataPipeline]:PlayList: [3540670128] ä¸€é¦–æ°‘è°£å°±æ˜¯ä¸€ä¸ªæ•…äº‹ (924/1554) has 18 songs.
INFO:[DataPipeline]:PlayList: [1168816100] èŒ‰è‰èŠ±é•‡ï¼šåˆç§‹/å°é¦†æ°‘è°£ (925/1554) has 24 songs.
INFO:[DataPipeline]:PlayList: [2052318061] å¬æ°‘è°£è¯—äººå°†æ•…äº‹å¨“å¨“å”±å‡ºæ¥ (926/1554) has 19 songs.
INFO:[DataPipeline]:PlayList: [2025372439] æ°‘è°£å°è°ƒä¼´ä½ ç¿±ç¿”å¤©é™… (927/1554) has 54 songs.
INFO:[DataPipeline]:PlayList: [3537481035] åŸå¸‚æ°‘è°£æ˜¯æœ€å®‰é™çš„è§’è½ (928/1554) has 18 songs.
INFO:[DataPipeline]:PlayList: [1161169229] å¿ƒçµå—åˆ›ä¼¤ï¼Œä¸€åœºæ°‘è°£æ²»æ„ˆä½  (929/1554) has 18 songs.
INFO:[DataPipeline]:Sleep for: 77
INFO:[DataPipeline]:PlayList: [2064538735] å½“å›½äº§ç”µå½±é‡ä¸Šä¼˜ç¾æ°‘è°£ (930/1554) has 18 songs.
INFO:[DataPipeline]:PlayList: [3257183461] å¯Œæœ‰æ°‘è°£æ°”è´¨çš„ä¸­å›½æ‘‡æ»šï¼Œè€äººå¯»å‘³ (931/1554) has 25 songs.
INFO:[DataPipeline]:PlayList: [2960348564] æ™šå®‰ï¼šå–œæ¬¢å¬æ°‘è°£çš„äººéƒ½æ˜¯å­¤ç‹¬çš„ (932/1554) has 20 songs.
INFO:[DataPipeline]:PlayList: [1458830920] ã€Œæ°‘è°£ã€æ„¿å­¤ç‹¬çš„äººéƒ½ä¼šå”±æ­Œ (933/1554) has 18 songs.
INFO:[DataPipeline]:PlayList: [2939296771] å½“ä¸€é¦–æ°‘è°£é‚‚é€…ä¸€åœºç”µå½± (934/1554) has 18 songs.
--- Logging error ---
Traceback (most recent call last):
  File "/Library/Python/3.7/site-packages/urllib3/connectionpool.py", line 376, in _make_request
    self._validate_conn(conn)
  File "/Library/Python/3.7/site-packages/urllib3/connectionpool.py", line 994, in _validate_conn
    conn.connect()
  File "/Library/Python/3.7/site-packages/urllib3/connection.py", line 360, in connect
    ssl_context=context,
  File "/Library/Python/3.7/site-packages/urllib3/util/ssl_.py", line 370, in ssl_wrap_socket
    return context.wrap_socket(sock, server_hostname=server_hostname)
  File "/Library/Developer/CommandLineTools/Library/Frameworks/Python3.framework/Versions/3.7/lib/python3.7/ssl.py", line 412, in wrap_socket
    session=session
  File "/Library/Developer/CommandLineTools/Library/Frameworks/Python3.framework/Versions/3.7/lib/python3.7/ssl.py", line 853, in _create
    self.do_handshake()
  File "/Library/Developer/CommandLineTools/Library/Frameworks/Python3.framework/Versions/3.7/lib/python3.7/ssl.py", line 1117, in do_handshake
    self._sslobj.do_handshake()
socket.timeout: _ssl.c:1039: The handshake operation timed out

During handling of the above exception, another exception occurred:

Traceback (most recent call last):
  File "/Library/Python/3.7/site-packages/requests/adapters.py", line 449, in send
    timeout=timeout
  File "/Library/Python/3.7/site-packages/urllib3/connectionpool.py", line 720, in urlopen
    method, url, error=e, _pool=self, _stacktrace=sys.exc_info()[2]
  File "/Library/Python/3.7/site-packages/urllib3/util/retry.py", line 400, in increment
    raise six.reraise(type(error), error, _stacktrace)
  File "/Library/Python/3.7/site-packages/urllib3/packages/six.py", line 735, in reraise
    raise value
  File "/Library/Python/3.7/site-packages/urllib3/connectionpool.py", line 672, in urlopen
    chunked=chunked,
  File "/Library/Python/3.7/site-packages/urllib3/connectionpool.py", line 379, in _make_request
    self._raise_timeout(err=e, url=url, timeout_value=conn.timeout)
  File "/Library/Python/3.7/site-packages/urllib3/connectionpool.py", line 331, in _raise_timeout
    self, url, "Read timed out. (read timeout=%s)" % timeout_value
urllib3.exceptions.ReadTimeoutError: HTTPSConnectionPool(host='c.y.qq.com', port=443): Read timed out. (read timeout=30)

During handling of the above exception, another exception occurred:

Traceback (most recent call last):
  File "runner_qq.py", line 60, in process_playlist
    lyric = api.get_song_lyric(song.id)
  File "/private/var/root/.jenkins/workspace/data-minyao/dao/qq_api.py", line 43, in get_song_lyric
    raw_text = self.fetch_raw(url)
  File "/private/var/root/.jenkins/workspace/data-minyao/dao/base_api.py", line 33, in fetch_raw
    verify=False)
  File "/Library/Python/3.7/site-packages/requests/api.py", line 75, in get
    return request('get', url, params=params, **kwargs)
  File "/Library/Python/3.7/site-packages/requests/api.py", line 60, in request
    return session.request(method=method, url=url, **kwargs)
  File "/Library/Python/3.7/site-packages/requests/sessions.py", line 533, in request
    resp = self.send(prep, **send_kwargs)
  File "/Library/Python/3.7/site-packages/requests/sessions.py", line 646, in send
    r = adapter.send(request, **kwargs)
  File "/Library/Python/3.7/site-packages/requests/adapters.py", line 529, in send
    raise ReadTimeout(e, request=request)
requests.exceptions.ReadTimeout: HTTPSConnectionPool(host='c.y.qq.com', port=443): Read timed out. (read timeout=30)

During handling of the above exception, another exception occurred:

Traceback (most recent call last):
  File "/Library/Developer/CommandLineTools/Library/Frameworks/Python3.framework/Versions/3.7/lib/python3.7/logging/__init__.py", line 1034, in emit
    msg = self.format(record)
  File "/Library/Developer/CommandLineTools/Library/Frameworks/Python3.framework/Versions/3.7/lib/python3.7/logging/__init__.py", line 880, in format
    return fmt.format(record)
  File "/Library/Developer/CommandLineTools/Library/Frameworks/Python3.framework/Versions/3.7/lib/python3.7/logging/__init__.py", line 619, in format
    record.message = record.getMessage()
  File "/Library/Developer/CommandLineTools/Library/Frameworks/Python3.framework/Versions/3.7/lib/python3.7/logging/__init__.py", line 380, in getMessage
    msg = msg % self.args
TypeError: not all arguments converted during string formatting
Call stack:
  File "runner_qq.py", line 158, in <module>
    main()
  File "runner_qq.py", line 145, in main
    args.proxy, logger, args.dump_raw, args.dump_seg)
  File "runner_qq.py", line 70, in process_playlist
    logger.error("Exception in processing songs: ", err)
Message: 'Exception in processing songs: '
Arguments: (ReadTimeout(ReadTimeoutError("HTTPSConnectionPool(host='c.y.qq.com', port=443): Read timed out. (read timeout=30)")),)
INFO:[DataPipeline]:PlayList: [2355114386] é‚£å¹´çš„æ•…äº‹å¾ˆçœŸï¼Œé‚£å¹´çš„æ°‘è°£å¾ˆçº¯ (935/1554) has 18 songs.
INFO:[DataPipeline]:PlayList: [1459798738] æ°‘è°£é‡Œçš„æ„¿æ™¯ï¼Œæˆ–çƒ­æƒ…æˆ–å¿§éƒ (936/1554) has 18 songs.
INFO:[DataPipeline]:PlayList: [2355752753] æ°‘è°£åƒé£åˆåƒè¯—ï¼Œå”±å…¥ä½ çš„å¿ƒ (937/1554) has 19 songs.
INFO:[DataPipeline]:PlayList: [3271864354] å­¤ç‹¬ä¸é…’å¸¸ç›¸ä¼´ï¼Œæˆ‘å´ç‹¬çˆ±æ°‘è°£ç”· (938/1554) has 88 songs.
INFO:[DataPipeline]:PlayList: [2044757492] ã€æ·³ç¾æ°‘è°£ã€å®›è‹¥æ¸¸ä¸èˆ¬çš„æ°”æ¯ (939/1554) has 18 songs.
INFO:[DataPipeline]:Sleep for: 165
INFO:[DataPipeline]:PlayList: [3535669369] å¬æ¬§ç¾å”±ä½œäººå®‰é™æµ…å”±æ°‘è°£ (940/1554) has 18 songs.
INFO:[DataPipeline]:PlayList: [3994924084] å¸Œè…Šæ°‘è°£ï¼šèµ°è¿›è¯—æ„é•¿å¤œ (941/1554) has 22 songs.
INFO:[DataPipeline]:PlayList: [3539674333] ã€æ°‘è°£ã€ä¸€ä¸ªæ‚²ä¼¤å¯‚å¯çš„è§’è½ (942/1554) has 18 songs.
INFO:[DataPipeline]:PlayList: [3554977348] æ°‘è°£é—ç ï¼Œé‡è§åˆ«æ ·çš„ç‹¬ç«‹ä¹‹å£° (943/1554) has 20 songs.
INFO:[DataPipeline]:PlayList: [6750748168] æ–°ä¼ ç»Ÿä¸»ä¹‰æ°‘è°£&#32;ï¼šå¤è€æ­Œè°£çš„å¤å…´ (944/1554) has 18 songs.
INFO:[DataPipeline]:PlayList: [6748972194] æ— äººå£°æ°‘è°£&#32;ï¼šåŠ ç­çš„é™å¿ƒè‰¯è¯ (945/1554) has 18 songs.
INFO:[DataPipeline]:PlayList: [2657620117] æ„¿æ¯ä¸€ä¸ªå”±æ°‘è°£çš„æ±‰å­éƒ½æœ‰é…’æœ‰è‚‰æœ‰å§‘å¨˜ (946/1554) has 20 songs.
INFO:[DataPipeline]:PlayList: [1154597739] æ°‘è°£æƒ…æ€€&#32;&#124;&#32;å…­æ¡å¼¦è°±å‡ºè¯—ä¸€èˆ¬çš„æ—‹å¾‹ (947/1554) has 18 songs.
INFO:[DataPipeline]:PlayList: [4048269110] æ¸©æš–æ°‘è°£ï¼šå¤•é˜³ä¸‹çš„ä»¥è‰²åˆ— (948/1554) has 20 songs.
INFO:[DataPipeline]:PlayList: [2658613993] å¬æ ¡å›­æ°‘è°£ï¼Œå®›å¦‚å›åˆ°é‚£æ—¶å…‰ (949/1554) has 18 songs.
INFO:[DataPipeline]:Sleep for: 167
INFO:[DataPipeline]:PlayList: [2655080416] æ¬§ç¾ç”µå½±ä¸­çš„æ°‘è°£è®©ä½ æ€¦ç„¶å¿ƒåŠ¨ (950/1554) has 18 songs.
INFO:[DataPipeline]:PlayList: [3245395253] ã€Œæ°‘è°£ã€æ”¾é€æ€ç»ªçš„æ¸©æš–æµ…æœ› (951/1554) has 18 songs.
INFO:[DataPipeline]:PlayList: [2036080384] æ°‘è°£ï¼šå—æ–¹ä»¥å—ï¼ŒåŒ—æ–¹ä»¥åŒ— (952/1554) has 23 songs.
INFO:[DataPipeline]:PlayList: [3615931468] [æŠ½è±¡æ°‘è°£]&#32;æ’ç”»å¸ˆå†…å¿ƒçš„å®‰é™ä¹‹å¢ƒ (953/1554) has 36 songs.
INFO:[DataPipeline]:PlayList: [1745394782] ã€æ°‘è°£ã€‘ä¸€ç•ªç•ªé’æ˜¥æœªå°½æ¸¸ä¸é€¸ (954/1554) has 20 songs.
INFO:[DataPipeline]:PlayList: [879380144] ç¼¥ç¼ˆçš„æ°‘è°£ï¼Œæ¥è‡ªäº‘ç«¯çš„å£°éŸ³ (955/1554) has 18 songs.
INFO:[DataPipeline]:PlayList: [3277768387] è¿˜æ˜¯å¾ˆæ–‡è‰ºèŒƒï¼šå½“è¿™äº›æ°‘è°£æ­Œæ‰‹å”±èµ·è‹±æ–‡æ­Œ (956/1554) has 31 songs.
INFO:[DataPipeline]:PlayList: [3540654922] å›½è¯­æ°‘è°£ä½³æ›²ï¼Œåªå”±ç»™ä½ å¬â™ª (957/1554) has 21 songs.
INFO:[DataPipeline]:PlayList: [2942554987] å½’ä¹¡äºº&#32;&#124;&#32;è‡ªé©¾è·¯ä¸Šå¬çš„æ°‘è°£ (958/1554) has 18 songs.
INFO:[DataPipeline]:PlayList: [3537481036] åŸå¸‚æ°‘è°£/æˆ‘æ¥è¿‡ä½ çš„åŸå¸‚,å´å¿˜è®°äº†ä½ çš„åå­— (959/1554) has 18 songs.
INFO:[DataPipeline]:Sleep for: 142
INFO:[DataPipeline]:PlayList: [2056001532] ä¸çˆ±æƒ…æ— å…³çš„æ°‘è°£æ­Œæ›² (960/1554) has 25 songs.
INFO:[DataPipeline]:PlayList: [6750728992] åæ°‘è°£&#32;ï¼šæ°‘è°£ä¸æœ‹å…‹çš„å¥‡å¦™äº§ç‰© (961/1554) has 18 songs.
INFO:[DataPipeline]:PlayList: [1745394781] æ°‘è°£é‡Œçš„ç«¥å£°ï¼Œè§¦åŠ¨äººå¿ƒ (962/1554) has 18 songs.
INFO:[DataPipeline]:PlayList: [1751455853] 2017æ°‘è°£æ–°æ­Œæ¨èï¼Œç»™çˆ±æ°‘è°£çš„ä½  (963/1554) has 19 songs.
INFO:[DataPipeline]:PlayList: [3537481031] æ²§æ¡‘é­…åŠ›çš„å®ˆå€™ä¸é¥æœ›åŸå¸‚æ°‘è°£ (964/1554) has 18 songs.
INFO:[DataPipeline]:PlayList: [1482999167] ç§‹é£è§ç‘Ÿï¼Œå¬çš„æ°‘è°£éƒ½å¸¦ç€å­¤å¯‚ (965/1554) has 18 songs.
INFO:[DataPipeline]:PlayList: [1458150457] å†·é—¨å¥½å¬ç³»åˆ—ï¼Œè®©æ°‘è°£è£…é¥°ä½ çš„æ—…é€” (966/1554) has 18 songs.
INFO:[DataPipeline]:PlayList: [1150207901] å‰ä»–ä¼´éšæ°‘è°£ï¼Œä¼šå”±æ­Œçš„è¯—äºº (967/1554) has 19 songs.
INFO:[DataPipeline]:PlayList: [2339573453] é€‚åˆåœ¨å†¬å¤©å¬çš„æ°‘è°£ (968/1554) has 18 songs.
INFO:[DataPipeline]:PlayList: [3245674548] æ°‘è°£çš„å¦ä¸€ä¸ªåå­—æ˜¯æ—¶é—´ (969/1554) has 18 songs.
INFO:[DataPipeline]:Sleep for: 126
INFO:[DataPipeline]:PlayList: [881547283] ä¿„ç½—æ–¯æ°‘è°£ï¼šä¸œæ–¹æ°‘æ—çš„å«è“„æƒ…æ„« (970/1554) has 20 songs.
INFO:[DataPipeline]:PlayList: [3263810510] æ°‘è°£æŠŠæ€å¿µå”±å‡ºäº†æ–‡è‰ºçš„æ°”æ¯ (971/1554) has 18 songs.
INFO:[DataPipeline]:PlayList: [2658806883] è¶é’æ˜¥ï¼Œå¸¦ä¸Šæ°‘è°£åˆ°å¤„èµ°èµ°åœåœ (972/1554) has 18 songs.
INFO:[DataPipeline]:PlayList: [2381209468] å¤œç¯ä¸‹ï¼Œå…¬äº¤ä¸Šè†å¬çš„æ„Ÿæ€§æ°‘è°£ (973/1554) has 18 songs.
INFO:[DataPipeline]:PlayList: [1459798561] 45åº¦ä»°æœ›æ˜Ÿç©ºï¼Œå€¾å¬æ°‘è°£çš„æ­£ç¡®å§¿æ€ (974/1554) has 18 songs.
INFO:[DataPipeline]:PlayList: [3586832473] å‡¯å°”ç‰¹æ°‘è°£&#124;çº¯å‡€å¿ƒçµçš„ä¸­å¤ä¹‹é£ (975/1554) has 25 songs.
INFO:[DataPipeline]:PlayList: [3540454385] åŸå¸‚æ°‘è°£ï¼šå…³äºä½ æˆ‘&#32;å…³äºç”Ÿæ´» (976/1554) has 18 songs.
INFO:[DataPipeline]:PlayList: [2054247060] æ€€å¿µä¹åå¹´ä»£çš„ç»å…¸æ ¡å›­æ°‘è°£ (977/1554) has 17 songs.
INFO:[DataPipeline]:PlayList: [2376525161] æœ‰äº›æ°‘è°£ï¼Œä¸ä¸ä»–äººåˆ†äº« (978/1554) has 18 songs.
INFO:[DataPipeline]:PlayList: [1690899324] æ—¥æœ¬æ²»æ„ˆæ°‘è°£ (979/1554) has 18 songs.
INFO:[DataPipeline]:Sleep for: 134
INFO:[DataPipeline]:PlayList: [2658904391] æ°‘è°£ï¼Œåœ¨é‚£åº§çƒŸé›¨å°åŸé‡Œ (980/1554) has 18 songs.
INFO:[DataPipeline]:PlayList: [1761526600] å‡å¦‚æ°‘è°£ä¸å¿«ä¹ç›¸é€¢ (981/1554) has 18 songs.
INFO:[DataPipeline]:PlayList: [3634341722] æ°‘è°£ä½œè€…çš„çµæ„Ÿæ¥æºï¼Œé£æ™¯æ˜¯é‡è¦å…ƒç´  (982/1554) has 56 songs.
INFO:[DataPipeline]:PlayList: [1741674466] é‚£äº›æ°‘è°£ä¸­çš„åŠ¨ç‰©å’ŒèƒŒåçš„æ•…äº‹ (983/1554) has 35 songs.
INFO:[DataPipeline]:PlayList: [3275805732] ã€ä¸­å¤ã€‘å‡¯å°”ç‰¹çš„éŸ³ä¹ã€æ°‘è°£çš„å‰å°˜å¾€äº‹ã€‘ (984/1554) has 24 songs.
INFO:[DataPipeline]:PlayList: [2940128721] æ³•è¯­æ°‘è°£ï¼Œæµªæ¼«ä¹‹å¤–çš„å°æ¸…æ–° (985/1554) has 18 songs.
INFO:[DataPipeline]:PlayList: [878357447] ã€Œæ°‘è°£å’–å•¡é¦†ã€å“ä¸€æ›²é™è°§çš„æ¸©æŸ” (986/1554) has 18 songs.
INFO:[DataPipeline]:PlayList: [3264405915] æ°‘è°£è®²è¿°çš„æ•…äº‹ï¼Œæ˜¯ä¸€ç§å”¯ç¾çš„å­¤ç‹¬ (987/1554) has 18 songs.
INFO:[DataPipeline]:PlayList: [2660361007] ã€Œæ—…äººæ­Œå•ã€æ™´æœ—å¤©ç©ºä¸‹çš„æ°‘è°£è°ƒè°ƒ (988/1554) has 20 songs.
INFO:[DataPipeline]:PlayList: [3809028774] 4æœˆæ°‘è°£æ–°æ­Œæ¨è (989/1554) has 33 songs.
INFO:[DataPipeline]:Sleep for: 156
INFO:[DataPipeline]:PlayList: [1130085532] è¯—æ„æ°‘è°£ä¸­ä¸€ç¼•ä¸­å›½é£&#32;è´° (990/1554) has 18 songs.
INFO:[DataPipeline]:PlayList: [2958258541] Humbert&#32;Humbertï¼Œæ—‹å¾‹å¾ˆç¾çš„æ—¥æœ¬æ°‘è°£å›¢ä½“ (991/1554) has 20 songs.
INFO:[DataPipeline]:PlayList: [2355752752] å²æœˆé™å¥½ï¼Œè†å¬æ°‘è°£é‡Œçš„æµ…åŸä½å”± (992/1554) has 18 songs.
INFO:[DataPipeline]:PlayList: [3277773541] æ°‘è°£ä¸­çš„çˆ±æƒ…ï¼šè¯—æ„ä¸­è—ç€ä½ è¿‡å¾€çš„èº«å½± (993/1554) has 56 songs.
INFO:[DataPipeline]:PlayList: [2348354006] æˆ‘å–œæ¬¢æ°‘è°£ï¼Œä½ å´å–œæ¬¢æµæµª (994/1554) has 18 songs.
INFO:[DataPipeline]:PlayList: [2637017161] ã€Œæ ¡å›­æ°‘è°£ã€å¿˜ä¸æ‰çš„ç¾å¥½æ—¶å…‰ (995/1554) has 18 songs.
INFO:[DataPipeline]:PlayList: [3237439562] æ°‘è°£åœ¨è€³æ—ï¼Œå¾å¿ƒåœ¨è¿œæ–¹ (996/1554) has 18 songs.
INFO:[DataPipeline]:PlayList: [3537481038] æ·¡æ·¡åŸå¸‚æ°‘è°£æœ€è´¨æœ´ï¼Œé†‡é†‡æ­Œå£°å…¥å¿ƒé—´ (997/1554) has 19 songs.
INFO:[DataPipeline]:PlayList: [1158092430] ã€Œæ°‘è°£ã€å”±çš„äººæ™®é€šï¼Œå¬çš„äººå¹³å‡¡ (998/1554) has 18 songs.
INFO:[DataPipeline]:PlayList: [2942574003] ä¹¡æ‘æ°‘è°£ä¼´ä½ åº¦è¿‡æ¼«é•¿è½¦ç¨‹ (999/1554) has 30 songs.
INFO:[DataPipeline]:Sleep for: 63
INFO:[DataPipeline]:PlayList: [3552407894] æ°‘è°£æ˜¯ä¸€ä¸ªè‡ªæˆ‘å¤æ´»çš„åœ°æ–¹ (1000/1554) has 18 songs.
INFO:[DataPipeline]:PlayList: [2671455214] ã€Œåè¯­ã€å»è¿œæ–¹çš„è·¯é€”ï¼Œå¬é†‰å¿ƒæ°‘è°£ (1001/1554) has 38 songs.
INFO:[DataPipeline]:PlayList: [2688249262] æ°‘è°£åœ¨è·¯ä¸Šï¼š2017æ±ŸåŸæ°‘è°£éŸ³ä¹èŠ‚é˜µå®¹å…¨æ”¶å½• (1002/1554) has 47 songs.
INFO:[DataPipeline]:PlayList: [2076758752] è¶³ä¸å‡ºæˆ·ä¹Ÿèƒ½ä½“éªŒæ°‘è°£liveæ°›å›´ (1003/1554) has 18 songs.
INFO:[DataPipeline]:PlayList: [1172339623] ç”œç”œçš„æ°‘è°£ï¼Œå”±å¾—ç”Ÿæ´»åƒé¢—ç³– (1004/1554) has 18 songs.
INFO:[DataPipeline]:PlayList: [2368676322] ä¸­å›½æ°‘è°£çš„æ•æ„Ÿå¤šæ„ï¼Œè½»è½»åŸå”±ç€ç”Ÿæ´» (1005/1554) has 18 songs.
INFO:[DataPipeline]:PlayList: [3539577671] å€¾å¬å½“ä»£æ°‘è°£çš„æ¸©æš–çº¯æƒ…æ¼”ç» (1006/1554) has 18 songs.
INFO:[DataPipeline]:PlayList: [3640936895] æ°‘è°£å¦‚æ—¶é—´çš„æ²™æ¼ï¼Œæ´—å‡€äº†å°˜ä¸–çš„é“…å (1007/1554) has 52 songs.
INFO:[DataPipeline]:PlayList: [2081350976] æ—¥ç³»æ°‘è°£&#32;&#124;&#32;ç¾å¦™çš„ä¸€å¤©ï¼Œæ˜¯é€ ç‰©è€…å†™ä¸‹çš„è¯— (1008/1554) has 18 songs.
INFO:[DataPipeline]:PlayList: [2355651055] æ°‘è°£é‡Œæ¼å‡ºäº†æœˆå…‰ï¼Œæ€å¿µæ»¡æº¢ (1009/1554) has 18 songs.
INFO:[DataPipeline]:Sleep for: 69
INFO:[DataPipeline]:PlayList: [3862918912] 5æœˆæ°‘è°£æ–°æ­Œæ¨è (1010/1554) has 40 songs.
INFO:[DataPipeline]:PlayList: [1741761796] æ¬§ç¾&#32;&#124;&#32;è†å¬å¼‚å›½æ°‘è°£ä¸­çš„æƒ…æ„« (1011/1554) has 18 songs.
INFO:[DataPipeline]:PlayList: [1149755707] ä¸“æ³¨äºâ˜…å°ä¼—æ°‘è°£â˜…çš„æƒ…æ„« (1012/1554) has 18 songs.
INFO:[DataPipeline]:PlayList: [847401093] æ—§æ—¶å…‰&#32;Â·&#32;è†å¬æ¬§ç¾æ°‘è°£ä¹‹æƒ…æ„« (1013/1554) has 18 songs.
INFO:[DataPipeline]:PlayList: [1151908125] æ‰«å¼¦æ°‘è°£&#124;&#32;å¦‚æ¸…æ™¨çš„æš–é˜³,å¤œæ™šé‡Œçš„æ¢¦ä¹¡ (1014/1554) has 40 songs.
INFO:[DataPipeline]:PlayList: [2363162693] å€Ÿæ°‘è°£è£…ä¸‹æ‰€æœ‰å­¤ç‹¬å’Œä¸å®‰ (1015/1554) has 18 songs.
INFO:[DataPipeline]:PlayList: [1174071711] ç»™å‡†å¤§å­¦ç”Ÿçš„ä¸€å°æ°‘è°£å®¶ä¹¦ (1016/1554) has 19 songs.
INFO:[DataPipeline]:PlayList: [1139648744] è®©æ°‘è°£æ¸©æš–ä½ æ•´ä¸ªå¯’å†¬ (1017/1554) has 18 songs.
INFO:[DataPipeline]:PlayList: [5354977159] æµªæ¼«ç¼­ç»•çš„æ³•å¼æ°‘è°£æµè¡Œ (1018/1554) has 20 songs.
INFO:[DataPipeline]:PlayList: [2071762238] ã€Œæ°‘è°£ã€å¥‡è‘©æ­Œåä¸‹çš„ä¿çš®å°è°ƒ (1019/1554) has 19 songs.
INFO:[DataPipeline]:Sleep for: 66
INFO:[DataPipeline]:PlayList: [1434694589] å›å½’è‡ªç„¶çš„ä¼ ç»Ÿæ°‘è°£ï¼Œè°±å†™æœ€çœŸæŒšçš„è¿‡å¾€ (1020/1554) has 105 songs.
INFO:[DataPipeline]:PlayList: [3258558041] ã€Œæ°‘è°£ã€å¤œåŠæ­Œå£°ï¼Œæµ…åŸä½å”±æœ€åŠ¨äºº (1021/1554) has 18 songs.
INFO:[DataPipeline]:PlayList: [3535916305] æ ¡å›­æ°‘è°£ï¼Œç™½è¡£é£˜é£˜ (1022/1554) has 18 songs.
INFO:[DataPipeline]:PlayList: [3706425387] å¯„æ‰˜åœ¨åŸå¸‚æ°‘è°£é‡Œçš„å­¤ç‹¬çµé­‚ (1023/1554) has 37 songs.
INFO:[DataPipeline]:PlayList: [2950894095] ã€æ°‘è°£ã€é‚£å¹´ç››å¤&#32;ç¹èŠ±è½æ»¡è‚©å¤´ (1024/1554) has 33 songs.
INFO:[DataPipeline]:PlayList: [4255647155] Freak&#32;Folkï¼šæ°‘è°£çš„å¥‡å¹»å…¬å›­ (1025/1554) has 20 songs.
INFO:[DataPipeline]:PlayList: [3260880683] æ°‘è°£Â·æ˜æœˆåƒé‡Œå¯„ä¹¡æ€ (1026/1554) has 20 songs.
INFO:[DataPipeline]:PlayList: [3537481037] æ€€æŠ±ç€çš„å³å…´ä¸æµªæ¼«çš„åŸå¸‚æ°‘è°£ (1027/1554) has 18 songs.
INFO:[DataPipeline]:PlayList: [2391439631] èŠ¬å…°æ°‘è°£&#32;&#124;&#32;å€¾å¬åŒ—æ¬§ç§˜å¢ƒçš„åŸå”± (1028/1554) has 43 songs.
INFO:[DataPipeline]:PlayList: [1741761797] ã€Œå¬ç‚¹ä¸ä¸€æ ·ã€å½“æ°‘è°£æ­Œæ‰‹å”±èµ·äº†è‹±æ–‡ (1029/1554) has 18 songs.
INFO:[DataPipeline]:Sleep for: 103
INFO:[DataPipeline]:PlayList: [3539577667] â™¥&#32;æ·¡æ·¡çš„æ…µæ‡’&#32;æ¬æ·¡çš„æ°‘è°£&#32;â™¥ (1030/1554) has 18 songs.
INFO:[DataPipeline]:PlayList: [879602142] ä½æ²‰ç”·å£°&#43;ç©ºçµå¥³å£°&#61;ç‹¬ç‰¹çš„å¾·å›½æ°‘è°£ (1031/1554) has 46 songs.
INFO:[DataPipeline]:PlayList: [2658806702] å›½å¤–å°ä¼—æ°‘è°£ï¼Œé˜³å…‰æ–‡è‰ºèŒƒ (1032/1554) has 20 songs.
INFO:[DataPipeline]:PlayList: [3535916303] æ ¡å›­æ°‘è°£ï¼Œè¯—äº†é’æ˜¥å’Œè¿œæ–¹ (1033/1554) has 18 songs.
INFO:[DataPipeline]:PlayList: [1779000990] æ˜¥å¤ç§‹å†¬çš„ä½ ï¼Œå…³äºå››å­£çš„æ°‘è°£ (1034/1554) has 18 songs.
INFO:[DataPipeline]:PlayList: [2637017162] è®©é’æ˜¥ç»§ç»­ï¼Œæ›¾ç»å¾ªç¯çš„æ ¡å›­æ°‘è°£ (1035/1554) has 18 songs.
INFO:[DataPipeline]:PlayList: [840121067] æ²äººå¿ƒè„¾çš„å¾·å›½æ°‘è°£ (1036/1554) has 18 songs.
INFO:[DataPipeline]:PlayList: [1738176386] é’æ¶©æ ¡å›­&#32;&#124;&#32;æ°‘è°£é‡Œå¬é’æ˜¥å›å¿† (1037/1554) has 18 songs.
INFO:[DataPipeline]:PlayList: [2356766745] ã€è¥¿åŒ—æ°‘è°£ã€‘å¤§æ¼ å­¤çƒŸï¼Œè’å‡‰ä¸€æ¢¦ (1038/1554) has 32 songs.
INFO:[DataPipeline]:PlayList: [3273486165] å¤æ—¥çº³å‡‰æ°‘è°£å°è°ƒï¼Œä¸€è‚¡æ¸…å‡‰ä¹‹é£æ‰‘é¢è€Œæ¥ (1039/1554) has 48 songs.
INFO:[DataPipeline]:Sleep for: 178
INFO:[DataPipeline]:PlayList: [3228845622] æ¬§ç¾å½“ä»£æ°‘è°£&#32;&#124;&#32;å£°å£°é†‰å¿ƒï¼Œæ›²æ›²åŠ¨å¬ (1040/1554) has 20 songs.
INFO:[DataPipeline]:PlayList: [3245674550] éŸ³ä¹æ—¶å…‰&#32;â€–&#32;å¬ä¸€æ›²æ°‘è°£&#32;å“ä¸€é¦–è¯— (1041/1554) has 20 songs.
INFO:[DataPipeline]:PlayList: [1438580091] æ°‘è°£é‡Œçš„æ ¡å›­ï¼Œæ ¡å›­é‡Œçš„é’æ˜¥ (1042/1554) has 18 songs.
INFO:[DataPipeline]:PlayList: [2043717557] é©¬ä¸Šå‡æœŸå–½ï¼Œå®‰é™æ°‘è°£ä¼´æˆ‘æ„‰å¿«å‡ºè¡Œ (1043/1554) has 21 songs.
INFO:[DataPipeline]:PlayList: [3251463942] å¬åŸå¸‚æ°‘è°£æ¬¢è¿æ˜¥å¤©çš„æ¥ä¸´ (1044/1554) has 18 songs.
INFO:[DataPipeline]:PlayList: [1480446745] å¤©çœŸçƒ‚æ¼«&#32;åè¯­æ°‘è°£ä¸­çš„ç«¥ç¨šä¹‹å£° (1045/1554) has 18 songs.
INFO:[DataPipeline]:PlayList: [1139648746] æ°‘è°£åœ¨æ¸å€¾ç›¸æ–œçš„å¤•é˜³ä¸­è½»å¹ (1046/1554) has 18 songs.
INFO:[DataPipeline]:PlayList: [2072747421] æ²»æ„ˆå­¤ç‹¬æ‚£è€…çš„æ¸©æš–æ°‘è°£&#32; (1047/1554) has 19 songs.
INFO:[DataPipeline]:PlayList: [3289898782] å¾®éŸ³ç”µå°ï¼šæ·±å¤œä¸æ°‘è°£çš„é‚‚é€… (1048/1554) has 22 songs.
INFO:[DataPipeline]:PlayList: [2053455160] ä¸ä¸€æ ·çš„ç¾å›½è¡Œ&#32;æ°‘è°£é£æ ¼æµ…æµ…å”± (1049/1554) has 18 songs.
INFO:[DataPipeline]:Sleep for: 158
INFO:[DataPipeline]:PlayList: [2056578657] å¬æ¬§ç¾æ°‘è°£ï¼Œç”·å—“æ„çŠ¹æœªå°½ (1050/1554) has 20 songs.
INFO:[DataPipeline]:PlayList: [2958258558] äº«å—å®é™ï¼Œå¬æ¸©æ¶¦äººå¿ƒçš„æ¬§ç¾æ°‘è°£ (1051/1554) has 18 songs.
INFO:[DataPipeline]:PlayList: [3248305229] æ¬§ç¾æ°‘è°£Â·å²æœˆæ®‹é…·&#32;å­¤ç‹¬çœŸè¯š (1052/1554) has 31 songs.
INFO:[DataPipeline]:PlayList: [2986624289] è¿·å¹»æ°‘è°£ï¼šæœ›å³°æ¯å¿ƒï¼Œçª¥è°·å¿˜è¿” (1053/1554) has 35 songs.
INFO:[DataPipeline]:PlayList: [2655080422] å•å­—æ°‘è°£æ—¶å…‰ï¼Œæ”¾è€³æœµå»æµæµª (1054/1554) has 18 songs.
INFO:[DataPipeline]:PlayList: [3259561198] ç‚ç‚å¤æ—¥ï¼Œæ°‘è°£é£è®©ä½ å¿ƒé™è‡ªç„¶å‡‰ (1055/1554) has 18 songs.
INFO:[DataPipeline]:PlayList: [3802128048] æ·±é…Œä¸€å£¶é…’ï¼Œä¸å¦‚å¬ä¸€é¦–æ°‘è°£ (1056/1554) has 64 songs.
INFO:[DataPipeline]:PlayList: [893147712] ç¼–è¾‘è´Ÿè·åŠ ç­å¿…å¬çš„ä¿„è¯­æ°‘è°£ (1057/1554) has 20 songs.
INFO:[DataPipeline]:PlayList: [2684821848] ã€Œæ—¥è¯­æ°‘è°£ã€å‘¨æœ«ä¸‹åˆæ¥æ’¸çŒ« (1058/1554) has 18 songs.
INFO:[DataPipeline]:PlayList: [2034410525] æ°‘è°£æ­Œæ‰‹ç¿»å”±çš„é‚£äº›æ­Œ (1059/1554) has 18 songs.
INFO:[DataPipeline]:Sleep for: 126
INFO:[DataPipeline]:PlayList: [3540454384] æ¬§ç¾æ°‘è°£&#32;ä¸å¯ä¼°é‡çš„å®é™ (1060/1554) has 18 songs.
INFO:[DataPipeline]:PlayList: [2987992007] æ„å¤§åˆ©æ–°æ°‘è°£ï¼šå…³äºæ–‡è‰ºçš„æ–°ç©æ³• (1061/1554) has 29 songs.
INFO:[DataPipeline]:PlayList: [3536927499] æ¬§ç¾çš„ä¹¡æ‘ã€æµè¡Œã€æ°‘è°£ï¼Œæ€»æœ‰ä½ å–œæ¬¢çš„ (1062/1554) has 18 songs.
INFO:[DataPipeline]:PlayList: [1459798345] å›½å¤–æ°‘è°£å°å“¥çš„è¿·äººå—“éŸ³ (1063/1554) has 19 songs.
INFO:[DataPipeline]:PlayList: [2935234523] å€¼å¾—é™ä¸‹å¿ƒè†å¬çš„æ¬§ç¾æ°‘è°£&#126; (1064/1554) has 19 songs.
INFO:[DataPipeline]:PlayList: [2962261245] æ°‘è°£æ˜¯ç”Ÿæ´»çš„æ³¨è„šä¸è¿‡å¾€ (1065/1554) has 30 songs.
INFO:[DataPipeline]:PlayList: [2366807297] å¼¹ç€å‰ä»–å”±æ°‘è°£ï¼Œä»ä½ çš„å…¨ä¸–ç•Œè·¯è¿‡ (1066/1554) has 18 songs.
INFO:[DataPipeline]:PlayList: [2374088024] æ°‘è°£æµæµªè®°ï¼šå†™ä¸€é¦–å¤å¤©çš„æƒ…æ­Œå¯„ç»™è¿œæ–¹çš„ä½  (1067/1554) has 150 songs.
INFO:[DataPipeline]:PlayList: [2655080424] ç¾å›½è€ç‰Œæ°‘è°£ä¹é˜Ÿä¹‹ä¸€ï¼šThe&#32;Brothers&#32;Four (1068/1554) has 18 songs.
INFO:[DataPipeline]:PlayList: [2073213620] æ—¥æœ¬æ°‘è°£é‡Œçš„å¾®å‡‰å¤œè‰² (1069/1554) has 18 songs.
INFO:[DataPipeline]:Sleep for: 98
INFO:[DataPipeline]:PlayList: [1187871376] å†¬æ—¥æ°‘è°£æ˜¯è¿œåœ¨åŒ—æ–¹å­¤ç‹¬çš„é¬¼ (1070/1554) has 22 songs.
INFO:[DataPipeline]:PlayList: [1154487612] æš—ç³»æ°‘è°£Â·å¿ƒé†‰äºé‚£äº›å¹½é™ä¹‹ç¾ (1071/1554) has 65 songs.
INFO:[DataPipeline]:PlayList: [2356778613] æ¬§ç¾è€æ°‘è°£ï¼Œè§¦åŠ¨å¿ƒå¼¦çš„æ—‹å¾‹ (1072/1554) has 22 songs.
INFO:[DataPipeline]:PlayList: [2351907177] å€¾å¬æ¬§ç¾çš„æ°‘è°£æ•…äº‹ (1073/1554) has 18 songs.
INFO:[DataPipeline]:PlayList: [3562717828] æ¯”é¦™è‰å†°æ·‡æ·‹è¿˜è¦æ¸…ç”œçš„ä¼ ç»Ÿæ°‘è°£ (1074/1554) has 25 songs.
INFO:[DataPipeline]:PlayList: [3262779214] 2017åè¯­æ°‘è°£å¥–ç²¾é€‰æ­Œæ›² (1075/1554) has 18 songs.
INFO:[DataPipeline]:PlayList: [2355679552] æ˜¯å¦è®°å¾—æ›¾ç»åœ¨æ ¡å›­æœ€çˆ±å¬æ°‘è°£ (1076/1554) has 20 songs.
INFO:[DataPipeline]:PlayList: [1133917080] æ¸…æ–°è¿·äººçš„ä¹¡æ‘æ°‘è°£ (1077/1554) has 18 songs.
INFO:[DataPipeline]:PlayList: [2379327471] çƒŸå—“æ°‘è°£ï¼Œå¦ç±»è´¨æ„Ÿçš„æ¸…æ–° (1078/1554) has 18 songs.
INFO:[DataPipeline]:PlayList: [1154484580] åˆåæ‚ ç„¶å’–å•¡æ—¶å…‰ï¼Œæ¥é¦–å¥½å¬æ°‘è°£ (1079/1554) has 37 songs.
INFO:[DataPipeline]:Sleep for: 65
INFO:[DataPipeline]:PlayList: [1759195955] æ¬§ç¾æ°‘è°£ï¼Œè¯·å¸¦æˆ‘è¿œç¦»è¿™é‡Œçš„çº·æ‰° (1080/1554) has 18 songs.
INFO:[DataPipeline]:PlayList: [2950164059] chillÂ·æ°‘è°£æ‘‡æ»šæ¸©æŸ”ä½ å¿ƒ (1081/1554) has 73 songs.
INFO:[DataPipeline]:PlayList: [1176220859] å£ç´ä¸æ°‘è°£ï¼Œæ‚ æ‰¬çš„ç‹¬ç™½ (1082/1554) has 19 songs.
INFO:[DataPipeline]:PlayList: [2944167025] ã€æ—§å°è±¡ã€‘é‚£é¦–ä¸åŠ ä¿®é¥°çš„æ ¡å›­æ°‘è°£ (1083/1554) has 18 songs.
INFO:[DataPipeline]:PlayList: [3590481891] è¿›é˜¶è‘¡è¯­ä¸­çº§å¿…å¬çš„æ°‘è°£ (1084/1554) has 25 songs.
INFO:[DataPipeline]:PlayList: [1150180473] æ°‘è°£å²ä¸Šçš„ä½³è¯â€”â€”ç¼Â·è´å…¹å’Œé²å‹ƒÂ·è¿ªä¼¦ (1085/1554) has 18 songs.
INFO:[DataPipeline]:PlayList: [2968769786] ã€Œæ°‘è°£é€‰é›†ã€åŸæ¸¸è¯—äººçš„æ•…äº‹ (1086/1554) has 110 songs.
INFO:[DataPipeline]:PlayList: [1150337859] å¯ä»¥ä¸¢å¾€äº‹ï¼Œä¸å¯ä»¥ä¸¢æ°‘è°£ (1087/1554) has 18 songs.
INFO:[DataPipeline]:PlayList: [1136541940] æ°‘è°£é‡Œçš„å†¬å¤© (1088/1554) has 18 songs.
INFO:[DataPipeline]:PlayList: [3531848338] è‹±è¯­&#124;åªå±äºç”·ç”Ÿçš„æ°‘è°£æ•…äº‹ (1089/1554) has 18 songs.
INFO:[DataPipeline]:Sleep for: 108
INFO:[DataPipeline]:PlayList: [2339471664] æ—¶ä»£ä¹‹æ­Œï¼Œç¾å›½ç»å…¸æ°‘è°£æ¬£èµ (1090/1554) has 18 songs.
INFO:[DataPipeline]:PlayList: [2380919916] Anti&#45;Folk&#32;&#124;&#32;æ°‘è°£å¤–å£³&#43;æœ‹å…‹å†…æ ¸ (1091/1554) has 18 songs.
INFO:[DataPipeline]:PlayList: [2348354005] è¶å†¬å¤©è¿˜æ²¡æ¥ï¼ŒæŠ“ç€é˜³å…‰å¬æ°‘è°£ (1092/1554) has 18 songs.
INFO:[DataPipeline]:PlayList: [1775300770] æ°‘è°£æ— è¯æ­Œï¼Œæƒ…ç»ªæ”¶å®¹æ‰€ (1093/1554) has 19 songs.
INFO:[DataPipeline]:PlayList: [1455092367] ç›ç„¶æ˜¥æ—¥ï¼Œè®©è½»å¿«æ°‘è°£ç‚¹äº®ä½ çš„å¿ƒæƒ… (1094/1554) has 57 songs.
INFO:[DataPipeline]:PlayList: [2034411587] å¬è¯´ä¸‹é›¨å¤©å’Œæ¸…æ–°æ°‘è°£æ›´é…å“¦ (1095/1554) has 21 songs.
INFO:[DataPipeline]:PlayList: [3251453645] é—­çœ¼æ„Ÿå—Beth&#32;Ortonç”µå­æ°‘è°£çš„é­…åŠ› (1096/1554) has 18 songs.
INFO:[DataPipeline]:PlayList: [2055995124] ã€Œä¹¡éŸ³æµ“æƒ…ã€ç”¨æ–¹è¨€æ¼”å”±çš„æ°‘è°£æ­Œæ›² (1097/1554) has 23 songs.
INFO:[DataPipeline]:PlayList: [2937642716] äº‘å—æœ‰ä¸€åŠæ˜¯æ°‘è°£ï¼Œå¦ä¸€åŠæ˜¯æ°‘æ­Œ (1098/1554) has 18 songs.
INFO:[DataPipeline]:PlayList: [2228371293] è§£è¯»è¯—æƒ…æ°‘è°£çš„æ— é™ç¾ä¸½ (1099/1554) has 19 songs.
INFO:[DataPipeline]:Sleep for: 110
INFO:[DataPipeline]:PlayList: [4189423487] æ°‘è°£å¥³å£°ï½œæ¸©æŸ”ç»†è¯­å”±ç»™ä½ å¬ (1100/1554) has 20 songs.
INFO:[DataPipeline]:PlayList: [1155934262] å®¤å†…æ°‘è°£ï¼šæè‡´çš„é«˜é›…é£æ ¼ (1101/1554) has 22 songs.
INFO:[DataPipeline]:PlayList: [2690054792] å¤–æ•™æ¨èï¼šäº†è§£å¾·å›½å†å²å¿…å¬çš„ä¸­å¤æ°‘è°£ (1102/1554) has 23 songs.
INFO:[DataPipeline]:PlayList: [1776478730] 70å¹´ä»£æ¬§ç¾æ°‘è°£ï¼Œæ°¸æ’çš„é’æ˜¥å°è¿¹ (1103/1554) has 19 songs.
INFO:[DataPipeline]:PlayList: [4180607614] ä¸‰å‘³çº¿&#32;â€¢&#32;æ‚ è¿œæ—¥å¼ä¼ ç»Ÿæ°‘è°£ (1104/1554) has 21 songs.
INFO:[DataPipeline]:PlayList: [2033983863] å’Œé£ç‰©è¯­&#32;æ—¥æœ¬æ°‘è°£ (1105/1554) has 19 songs.
INFO:[DataPipeline]:PlayList: [1740846012] æ¬§ç¾æ°‘è°£ï¼Œæ¬£èµæ—è‹¥æ— äººçš„ç¾ä¸½ (1106/1554) has 18 songs.
INFO:[DataPipeline]:PlayList: [2061319261] ç‡¥çƒ­çš„å¤©æ°”æ¥å‡ é¦–æ…°è—‰äººå¿ƒçš„å°ä¼—æ°‘è°£ (1107/1554) has 21 songs.
INFO:[DataPipeline]:PlayList: [2354791162] æ˜¥æ—¥ä¹‹åˆï¼Œå¬ä¸€é¦–æ¬§ç¾ç‹¬ç«‹æ°‘è°£ (1108/1554) has 35 songs.
INFO:[DataPipeline]:PlayList: [1730296263] æ»¡æ˜¯æµªæ¼«çš„æ³•å›½æ°‘è°£ (1109/1554) has 18 songs.
INFO:[DataPipeline]:Sleep for: 111
INFO:[DataPipeline]:PlayList: [2979093837] åœåœèµ°èµ°&#32;é€›ä¸€éæ°‘è°£æ­Œæ‰‹çœ¼é‡Œçš„åŒ—äº¬åŸ (1110/1554) has 19 songs.
INFO:[DataPipeline]:PlayList: [2338750698] æ—¥ç³»æ°‘è°£â€”æ‹æ‹é£æ­Œï¼Œè‰¯å“å”±è…” (1111/1554) has 18 songs.
INFO:[DataPipeline]:PlayList: [2958258533] æ—¥æœ¬æ°‘è°£ï¼Œåœ¨å†²ç»³æµ·æ»©é—»è§æµ·é£çš„å£°éŸ³ (1112/1554) has 18 songs.
INFO:[DataPipeline]:PlayList: [1458678175] 2015æ°‘è°£Â·å°†ç”Ÿå‘½å”±æˆæƒŠè‰³å”¯ç¾çš„æ­Œ (1113/1554) has 18 songs.
INFO:[DataPipeline]:PlayList: [2322312217] ã€æ°‘è°£ã€‘èµ°è¿‡æ¯æ¡ä¼¤å¿ƒçš„å¤§è¡— (1114/1554) has 17 songs.
INFO:[DataPipeline]:PlayList: [2658806798] æ°‘è°£å¤§å”å—“ï¼Œæ²¦é™·ä»…éœ€ä¸€å¥è¯ (1115/1554) has 18 songs.
INFO:[DataPipeline]:PlayList: [1758749213] 2015å¹´ï¼Œé‚£æ®µæ°‘è°£é‡Œçš„æ‚ æ‰¬æ—¶å…‰ (1116/1554) has 18 songs.
INFO:[DataPipeline]:PlayList: [1461031497] å¬ç€æ—¥æœ¬æ°‘è°£ï¼Œè€³æœµæ— é™è¾½é˜” (1117/1554) has 18 songs.
INFO:[DataPipeline]:PlayList: [2032350760] è¿·å¹»æ°‘è°£&#32;ç”°é—´çš„æ¸…æ™¨ (1118/1554) has 20 songs.
INFO:[DataPipeline]:PlayList: [2056578234] ä¸å¦¨å¬å¬æ¬§ç¾æ°‘è°£ï¼Œå¥³å£°ç‰¹è¾‘ (1119/1554) has 20 songs.
INFO:[DataPipeline]:Sleep for: 164
INFO:[DataPipeline]:PlayList: [3259530785] 2014å¹´éŸ³ä¹èŠ‚å¸¸å¬åˆ°çš„æ°‘è°£ (1120/1554) has 18 songs.
INFO:[DataPipeline]:PlayList: [1153566198] åé‡Œæ˜¥é£çš„æ°‘è°£&#32;è®°è½½2015çš„éšç¬” (1121/1554) has 18 songs.
INFO:[DataPipeline]:PlayList: [3258558085] æ­ªæœä»å”±çš„å°æ¸…æ–°æ ¼è°ƒæ°‘è°£ (1122/1554) has 18 songs.
INFO:[DataPipeline]:PlayList: [3590486108] å¾·å›½æ–°æ°‘è°£ï¼šä¸¥è°¨æ°‘æ—çš„å¤§èƒ†å®éªŒ (1123/1554) has 20 songs.
INFO:[DataPipeline]:PlayList: [1133917079] ä¹¡æ‘æ°‘è°£æ—§æµè¡Œ (1124/1554) has 17 songs.
INFO:[DataPipeline]:PlayList: [1735116050] æ¬§ç¾ç‹¬ç«‹æ°‘è°£ç²¾é€‰ (1125/1554) has 18 songs.
INFO:[DataPipeline]:PlayList: [1461453334] æœ‰æ°‘è°£é™ªä¼´çš„2016å¹´ï¼Œå¿ƒç”Ÿçˆ±æ„ (1126/1554) has 18 songs.
INFO:[DataPipeline]:PlayList: [1438688389] å›å½’æ°‘è°£æœ¬è´¨ï¼Œå¯»æ‰¾ä¼ ç»ŸéŸµå¾‹ (1127/1554) has 18 songs.
INFO:[DataPipeline]:PlayList: [3590490058] å“¥ç‰¹å¼æ°‘è°£ï¼šç¥æ¸¸ç©¿è¶Šåˆ°ä¸­ä¸–çºª (1128/1554) has 18 songs.
INFO:[DataPipeline]:PlayList: [2056583855] çº¯æ­£æ—¥æœ¬æ°‘è°£ï¼Œæ²»æ„ˆç³»åˆ— (1129/1554) has 18 songs.
INFO:[DataPipeline]:Sleep for: 87
INFO:[DataPipeline]:PlayList: [2631663057] å¬å¬ä¹¡æ‘æ°‘è°£ï¼Œæ¥è¶Ÿå¿«ä¹çš„æ—…è¡Œå§ (1130/1554) has 18 songs.
INFO:[DataPipeline]:PlayList: [1133917082] çº¯ç¾ä¹¡æ‘Â·æ¸…æ–°æ°‘è°£ (1131/1554) has 18 songs.
INFO:[DataPipeline]:PlayList: [893150096] æ”¾æ¾ï¼AEè¢«ç”²æ–¹è™æ—¶å¬çš„ä¿„è¯­æ–°æ°‘è°£ (1132/1554) has 16 songs.
INFO:[DataPipeline]:PlayList: [1438688387] ã€ä¼ ç»Ÿæ°‘è°£ã€‘æµæµªè¯—äººä¸å­¤ç‹¬çš„å¿ƒ (1133/1554) has 18 songs.
INFO:[DataPipeline]:PlayList: [1759195913] æ¬§æ´²æ°‘è°£å”±ç€æˆ‘å¿ƒä¸­è™”è¯šçš„ä¿¡ä»° (1134/1554) has 18 songs.
INFO:[DataPipeline]:PlayList: [1169746411] 0ï¼…è¤ªè‰²ç”»åƒï¼šå¥‡å¹»æ°‘è°£ (1135/1554) has 30 songs.
INFO:[DataPipeline]:PlayList: [855816291] ç»…å£«å›½åº¦ï¼Œè‹±å›½æ°‘è°£é£ (1136/1554) has 18 songs.
INFO:[DataPipeline]:PlayList: [2958679460] ã€Œ2015å¹´æ°‘è°£ã€ç¦»è¯—æ­Œæœ€è¿‘çš„å£°éŸ³ (1137/1554) has 18 songs.
INFO:[DataPipeline]:PlayList: [2051588037] è¶ç€åˆæ˜¥çš„å¾®å‡‰ï¼Œå¬é¦–å†¬æ—¥æ°‘è°£ (1138/1554) has 58 songs.
INFO:[DataPipeline]:PlayList: [2961566994] æ°‘è°£&#124;&#32;é‚£äº›æ‰åæ¨ªæº¢çš„åˆ›ä½œå‹ç”·æ­Œæ‰‹ä»¬ (1139/1554) has 27 songs.
INFO:[DataPipeline]:Sleep for: 174
INFO:[DataPipeline]:PlayList: [1763979333] ã€Œè‹±å›½æ°‘è°£ã€è†å¬æœ€åŠ¨äººçš„å™äº‹è¯— (1140/1554) has 28 songs.
INFO:[DataPipeline]:PlayList: [3544117058] å’Œé£æ°‘è°£ï¼Œæ·Œè¿‡å¿ƒæˆ¿çš„æ¸…æµ (1141/1554) has 20 songs.
INFO:[DataPipeline]:PlayList: [1759195964] é£å’Œæ—¥ä¸½çš„å¤©æ°”ï¼Œé€‚åˆå¬ä¸€é¦–æ°‘è°£ (1142/1554) has 18 songs.
INFO:[DataPipeline]:PlayList: [3696300025] ç©ºçµæ°‘è°£å¥³å£°ï¼ŒæŒ‡å°–ä¸Šçš„æ•…äº‹ (1143/1554) has 23 songs.
INFO:[DataPipeline]:PlayList: [3258667638] ä½ è¢«å†™è¿›æ°‘è°£é‡Œ&#32;&#32;å¤äº†æˆ‘çš„å¤å¤© (1144/1554) has 29 songs.
INFO:[DataPipeline]:PlayList: [1759195961] ã€Œæ¬§ç¾æ°‘è°£ã€å¿ƒçµç›¼æœ›ä¸€åœºç”˜éœ– (1145/1554) has 18 songs.
INFO:[DataPipeline]:PlayList: [1438688390] ä¼ ç»Ÿæ°‘è°£å¬ï¼Œè¯—äººåœ¨æ­Œå”± (1146/1554) has 18 songs.
INFO:[DataPipeline]:PlayList: [2631662912] é›¨å¤©å¬ä¹¡æ‘æ°‘è°£ï¼Œä½ æ˜¯å¦ä¹Ÿæœ‰ä¼šç‚¹æ„Ÿä¼¤ï¼Ÿ (1147/1554) has 18 songs.
INFO:[DataPipeline]:PlayList: [1438688386] æµªå­èµ äºˆè¯—äººçš„ä¸€çº¸æƒ…ä¹¦â€”ä¼ ç»Ÿæ°‘è°£ (1148/1554) has 17 songs.
INFO:[DataPipeline]:PlayList: [2631526091] ç”µå½±ä¸­ï¼Œé‚£äº›å”¤é†’è®°å¿†çš„ä¹¡æ‘æ°‘è°£ (1149/1554) has 18 songs.
INFO:[DataPipeline]:Sleep for: 71
INFO:[DataPipeline]:PlayList: [2075898446] å…¬è·¯æ°‘è°£&#32;&#32;è°è¯´å¼€è½¦å¿…é¡»èº (1150/1554) has 19 songs.
INFO:[DataPipeline]:PlayList: [1461031490] å±äºæ¬§ç¾æ°‘è°£çš„æ‚ é—²æ—¶å…‰ (1151/1554) has 18 songs.
INFO:[DataPipeline]:PlayList: [1133917081] å¦‚èŒ¶èˆ¬èŠ¬èŠ³çš„ä¹¡æ‘æ°‘è°£ (1152/1554) has 18 songs.
INFO:[DataPipeline]:PlayList: [1438688392] æ°‘è°£è¯—äºº&#32;ä¼ ç»Ÿæ°¸ä¸è¤ªè‰²çš„å›å¿† (1153/1554) has 18 songs.
INFO:[DataPipeline]:PlayList: [1158608457] æ–°ä¼ ç»Ÿä¸»ä¹‰æ°‘è°£ï¼šåŠè°ƒå­æ–‡è‰ºç¯‡ (1154/1554) has 20 songs.
INFO:[DataPipeline]:PlayList: [2053476927] èµ ä½ è¿™æº¢äºå¼¦éŸ³çš„ä¹¡æ‘æ°‘è°£ (1155/1554) has 18 songs.
INFO:[DataPipeline]:PlayList: [2631768785] è¯±è€³çš„å¥³å£°ä¹¡æ‘æ°‘è°£ï¼Œ&#32;æ¶Œå…¥å¿ƒç”° (1156/1554) has 18 songs.
INFO:[DataPipeline]:PlayList: [1737723403] 2016å¹´æ°‘è°£&#32;ç¼ åœ¨æ½®æ¹¿é©¬è·¯ç‰™å­ä¸Šçš„è¯— (1157/1554) has 18 songs.
INFO:[DataPipeline]:PlayList: [2366906988] å‡¯å°”ç‰¹æ°‘è°£ï¼Œä¼ é¢‚å¤è€ç¾ä¸½çš„è‹±ä¼¦å›½åº¦ (1158/1554) has 20 songs.
INFO:[DataPipeline]:PlayList: [2057262731] ã€Œ15å¹´æ°‘è°£ç››å®´ã€è·¨è¶Šäº†æ—¶ç©ºçš„é­…åŠ› (1159/1554) has 18 songs.
INFO:[DataPipeline]:Sleep for: 146
INFO:[DataPipeline]:PlayList: [842989072] 180bpm&#32;&#124;&#32;è¯ºè´å°”æ–‡å­¦å¥–æ°‘è°£è¯—äººB (1160/1554) has 10 songs.
INFO:[DataPipeline]:PlayList: [1736353292] å®‰é™çš„2015ï¼Œæ°‘è°£è¯´å¬å°±å¬ (1161/1554) has 18 songs.
INFO:[DataPipeline]:PlayList: [1774430920] ã€Œæ°‘è°£ã€åœ¨ç‚å¤å›æœ›å†·å†½å¯’å†¬ (1162/1554) has 18 songs.
INFO:[DataPipeline]:PlayList: [2044132656] æ°‘è°£é™ªä¼´ï¼Œæ—…é€”ä¸å€¦ (1163/1554) has 43 songs.
INFO:[DataPipeline]:PlayList: [2056583833] æ°‘è°£ï¼Œå¬æ—¥ç³»ç”·å£°çš„è¯ é‡Š (1164/1554) has 18 songs.
INFO:[DataPipeline]:PlayList: [1461031503] ç”¨å¿ƒå¬ï¼Œé¢ è¦†æ—§å°è±¡çš„æ—¥æœ¬æ°‘è°£ (1165/1554) has 18 songs.
INFO:[DataPipeline]:PlayList: [841342169] ä½ å¥½ï¼Œæ¥è‡ª2014å¹´çš„æ°‘è°£æ•…äº‹ (1166/1554) has 18 songs.
INFO:[DataPipeline]:PlayList: [2035370097] å›é¦–2012å¹´&#32;Â·&#32;ç®€å•çš„ç”Ÿæ´»é…æ°‘è°£ (1167/1554) has 18 songs.
INFO:[DataPipeline]:PlayList: [2631548720] ä¹¡æ‘æ°‘è°£ï¼šä¸€æŠŠå‰ä»–è¶³ä»¥ (1168/1554) has 18 songs.
INFO:[DataPipeline]:PlayList: [1736353293] 2015é‚£å¹´æ°‘è°£æ˜¯è‰˜æ»¡æ»¡æƒ…æ€€çš„èˆ¹ (1169/1554) has 19 songs.
INFO:[DataPipeline]:Sleep for: 175
INFO:[DataPipeline]:PlayList: [2631417347] è½»æ¾è€Œæ¬é™çš„ä¹¡æ‘æ°‘è°£ (1170/1554) has 18 songs.
INFO:[DataPipeline]:PlayList: [2339488810] å…³äºå…°å·çš„éŸ³ä¹æ€»é€ç€è‚¡æ°‘è°£å‘³å„¿ (1171/1554) has 18 songs.
INFO:[DataPipeline]:PlayList: [2642772870] 2016ï¼šä¸å¯é”™è¿‡çš„äºŒåé¦–å¼‚å›½æ°‘è°£ (1172/1554) has 20 songs.
INFO:[DataPipeline]:PlayList: [2935942988] 2011å¹´çš„å­¤ç‹¬æ—…äººé…æ°‘è°£ (1173/1554) has 18 songs.
INFO:[DataPipeline]:PlayList: [2680321592] æ˜¯æ°‘è°£çš„å¼‚åŸŸé£æƒ…ï¼Œä¹Ÿæ˜¯é‡‘å±è¯—äººçš„èšé›† (1174/1554) has 24 songs.
INFO:[DataPipeline]:PlayList: [2033984008] å²›å‘—&#32;å†²ç»³æ°‘è°£ (1175/1554) has 18 songs.
INFO:[DataPipeline]:PlayList: [3537551454] éƒ½æŸæ—å¤©ç±ä¹‹éŸ³&#45;çˆ±å°”å…°æ°‘è°£ (1176/1554) has 18 songs.
INFO:[DataPipeline]:PlayList: [1759213117] ã€Œæ—¥æœ¬æ°‘è°£ã€å¬æ—§æ›²è°ƒï¼Œå“é‰´ä¸œç€›æ–‡åŒ– (1177/1554) has 18 songs.
INFO:[DataPipeline]:PlayList: [1759213119] æ—¥æœ¬æ°‘è°£ï¼Œä¸æ­¢æ¨±èŠ±çš„æ•…äº‹è€Œå·² (1178/1554) has 18 songs.
INFO:[DataPipeline]:PlayList: [1439574862] æ°‘è°£è¯—äººåœ¨70å¹´ä»£æ¼«æ­¥äººç”Ÿè·¯ (1179/1554) has 18 songs.
INFO:[DataPipeline]:Sleep for: 94
INFO:[DataPipeline]:PlayList: [1442388922] ä¸œæ–¹ä¼ ç»Ÿæ°‘è°£ï¼Œæ¸©å©‰æŸ”æƒ…çš„å²›å‘— (1180/1554) has 35 songs.
INFO:[DataPipeline]:PlayList: [2668720713] å¥‡å¹»æ°‘è°£ï¼Œæ°‘è°£ç•Œçš„ä¸€æœµå¥‡è‘© (1181/1554) has 18 songs.
INFO:[DataPipeline]:PlayList: [2338849667] ä¿„ç½—æ–¯æ°‘è°£é‡‘å±ä¹å›¢â€”â€”Pagan&#32;Reignç²¾é€‰é›† (1182/1554) has 18 songs.
INFO:[DataPipeline]:PlayList: [1736754979] 2016å¹´&#32;å¬å¬æ°‘è°£é‡Œçš„è¯—æƒ…ç”»æ„ (1183/1554) has 18 songs.
INFO:[DataPipeline]:PlayList: [2338849531] ä¿„ç½—æ–¯æ°‘è°£é‡‘å±ä¹å›¢â€”â€”GRAJç²¾é€‰é›† (1184/1554) has 19 songs.
INFO:[DataPipeline]:PlayList: [3836394363] æ½˜é›¨æ¬£ (1185/1554) has 6 songs.
INFO:[DataPipeline]:PlayList: [6928661332] æ½˜é›¨æ¬£ (1186/1554) has 8 songs.
INFO:[DataPipeline]:PlayList: [822357291] æ½˜é›¨æ¬£ (1187/1554) has 6 songs.
INFO:[DataPipeline]:PlayList: [6509042048] æ½˜é›¨æ¬£ (1188/1554) has 10 songs.
INFO:[DataPipeline]:PlayList: [4210929412] æ½˜é›¨æ¬£ (1189/1554) has 7 songs.
INFO:[DataPipeline]:Sleep for: 165
INFO:[DataPipeline]:PlayList: [7437013022] æ½˜é›¨æ¬£ (1190/1554) has 17 songs.
INFO:[DataPipeline]:PlayList: [6100188704] æ½˜é›¨æ¬£ (1191/1554) has 7 songs.
INFO:[DataPipeline]:PlayList: [4034312044] æ½˜é›¨æ¬£ (1192/1554) has 6 songs.
INFO:[DataPipeline]:PlayList: [1475941148] æ½˜é›¨æ¬£ (1193/1554) has 6 songs.
INFO:[DataPipeline]:PlayList: [891963772] æ½˜é›¨æ¬£ (1194/1554) has 6 songs.
INFO:[DataPipeline]:PlayList: [2064839356] æ½˜é›¨æ¬£ (1195/1554) has 6 songs.
INFO:[DataPipeline]:PlayList: [3632119817] æ½˜é›¨æ¬£ (1196/1554) has 6 songs.
INFO:[DataPipeline]:PlayList: [3759098606] æ½˜é›¨æ¬£ (1197/1554) has 6 songs.
INFO:[DataPipeline]:PlayList: [3852555398] æ½˜é›¨æ¬£ (1198/1554) has 6 songs.
INFO:[DataPipeline]:PlayList: [2381529578] æ½˜é›¨æ¬£ (1199/1554) has 6 songs.
INFO:[DataPipeline]:Sleep for: 180
INFO:[DataPipeline]:PlayList: [1489933815] æ½˜é›¨æ¬£ (1200/1554) has 3 songs.
INFO:[DataPipeline]:PlayList: [2772425273] PIAæˆèƒŒæ™¯éŸ³ä¹ (1201/1554) has 4 songs.
INFO:[DataPipeline]:PlayList: [2972763856] å¸ƒè¢‹æˆå‰ªè¾‘èƒŒæ™¯éŸ³ä¹ (1202/1554) has 1 songs.
INFO:[DataPipeline]:PlayList: [6448549944] ä¸­æˆå½¢ä½“è¯¾èƒŒæ™¯éŸ³ä¹ (1203/1554) has 1 songs.
INFO:[DataPipeline]:PlayList: [6749299043] ã€éœ¹é›³å¸ƒè¢‹æˆã€‘å•æ›²å¾ªç¯çš„èƒŒæ™¯éŸ³ä¹ (1204/1554) has 22 songs.
INFO:[DataPipeline]:PlayList: [4056288864] å¤é£çº¯éŸ³ä¹piaæˆèƒŒæ™¯éŸ³&#32;ç”µå½±åŸéŸ³ (1205/1554) has 124 songs.
INFO:[DataPipeline]:PlayList: [6968088837] PIAæˆæç¬‘éŸ³ä¹èƒŒæ™¯ (1206/1554) has 24 songs.
INFO:[DataPipeline]:PlayList: [3274706383] ä¼¤æ„Ÿåè¯­&#32;ï¼šè¿æ­Œè¯éƒ½èƒ½å†™åˆ°ä¸€ä¸ªäººçš„å¿ƒé‡Œ (1207/1554) has 127 songs.
INFO:[DataPipeline]:PlayList: [2856233861] æœ‰äº›äººä¸å±äºä½ ï¼Œä½†é‡è§äº†ä¹Ÿå¾ˆå¥½ (1208/1554) has 44 songs.
INFO:[DataPipeline]:PlayList: [3972945072] åæ¥ä½ å“­äº†ï¼Œæƒ³å®‰æ…°å´å¿˜äº†æ¢äº†èº«ä»½ (1209/1554) has 30 songs.
INFO:[DataPipeline]:Sleep for: 119
INFO:[DataPipeline]:PlayList: [4971009529] å¤±æ‹è§£è¯ (1210/1554) has 43 songs.
INFO:[DataPipeline]:PlayList: [7285342732] åè¯­æµè¡Œ&#124;ä¸æˆ‘æ— å…³ (1211/1554) has 30 songs.
INFO:[DataPipeline]:PlayList: [2081165951] å¬æ­Œæµ‹å¹´é¾„ï¼å•æ›²å¾ªç¯è¿‡çš„éƒ½åˆ«è£…å«©äº† (1212/1554) has 71 songs.
INFO:[DataPipeline]:PlayList: [7222826654] çƒ­æ­Œå‘ï¼šä½ ä¸€å®šéƒ½çˆ±å¬è¿™äº›æ­Œ (1213/1554) has 201 songs.
INFO:[DataPipeline]:PlayList: [2840633837] åˆå¤œKTVï¼šæœ‰æ²¡æœ‰ä¸€é¦–æ­Œä½ ä¼šè·Ÿç€å“¼ (1214/1554) has 59 songs.
INFO:[DataPipeline]:PlayList: [7222868712] æŠ–éŸ³ç¿»å”±ä¸¨æ¯æ—¥ä¸€åˆ·æ˜“å…¥ç¡ (1215/1554) has 46 songs.
INFO:[DataPipeline]:PlayList: [7167575844] åè¯­ç¯‡&#32;&#124;&#32;ä½ ç†Ÿæ‚‰å´å«ä¸ä¸Šåå­—çš„æ­Œ (1216/1554) has 121 songs.
INFO:[DataPipeline]:PlayList: [3827598065] æ•…äº‹å§‹ç»ˆæœ‰åæ¥ï¼Œå´æ²¡äº†æˆ‘ä»¬ (1217/1554) has 59 songs.
INFO:[DataPipeline]:PlayList: [7278280858] åè¯­&#124;&#32;ä¸€ä¸ªäººçš„æŠ’æƒ…æ­Œ (1218/1554) has 30 songs.
INFO:[DataPipeline]:PlayList: [7201335292] æ­ªï¼å¬è¿‡æŠ–éŸ³æœ€ç¾å¥³å£°æ²¡ (1219/1554) has 207 songs.
INFO:[DataPipeline]:Sleep for: 150
INFO:[DataPipeline]:PlayList: [7307777204] åè¯­ï¼šæ‰€è°“çˆ±æƒ…ï¼Œå°±æ˜¯æ²¡æœ‰åæ¥ (1220/1554) has 34 songs.
INFO:[DataPipeline]:PlayList: [7307834435] åè¯­ç»¼è‰º&#124;&#32;æˆ‘ä»¬çš„æ­Œ (1221/1554) has 72 songs.
INFO:[DataPipeline]:PlayList: [3825636083] åæ¥æˆ‘ä»¬ä»€ä¹ˆéƒ½æœ‰äº†ï¼Œå´æ²¡æœ‰äº†æˆ‘ä»¬ (1222/1554) has 50 songs.
INFO:[DataPipeline]:PlayList: [7385084325] è¿‡å¹´åŒå­¦KTVèšä¼šï¼Œå”±ä»€ä¹ˆèƒ½é«˜é€¼æ ¼ (1223/1554) has 75 songs.
INFO:[DataPipeline]:PlayList: [7167575642] åè¯­KTVï¼šè½»è½»æŠšæ…°ä½ å—ä¼¤çš„å¿ƒ (1224/1554) has 370 songs.
INFO:[DataPipeline]:PlayList: [3591175213] è‡´è‡ªå·±ï¼šå­¦ç€åŠªåŠ›å¼ºè¿«ï¼Œä½™ç”Ÿå…‰é˜´å¿˜è®°ä½  (1225/1554) has 35 songs.
INFO:[DataPipeline]:PlayList: [7449223696] åæ¥ï¼Œæˆ‘ä»¬ä¹Ÿè¢«åˆ«äººè¯´æˆæ•…äº‹ (1226/1554) has 66 songs.
INFO:[DataPipeline]:PlayList: [2375548537] ä¼¤æ„ŸDJï¼šåæ¥çš„æˆ‘ä»¬è¿˜æ˜¯é”™è¿‡ (1227/1554) has 62 songs.
INFO:[DataPipeline]:PlayList: [1471989989] ç§‘æ™®ï¼484é¦–æ­Œè®©ä½ çˆ±ä¸Šå·äº•æ†²æ¬¡ (1228/1554) has 484 songs.
INFO:[DataPipeline]:PlayList: [2374978407] æ„Ÿè°¢å·äº•æ†²æ¬¡é™ªæˆ‘ä»¬èµ°è¿‡çš„æ—¶å…‰ (1229/1554) has 108 songs.
INFO:[DataPipeline]:Sleep for: 169
INFO:[DataPipeline]:PlayList: [7426278193] å·äº•å®ªæ¬¡ (1230/1554) has 9 songs.
INFO:[DataPipeline]:PlayList: [7374800684] æ±‰æ–¯å­£é»˜/æ¢…æ—èŒ‚/å·äº•å®ªæ¬¡/å¾·æ–¯æ™®æ‹‰ (1231/1554) has 59 songs.
INFO:[DataPipeline]:PlayList: [7409649468] å·äº•å®ªæ¬¡ (1232/1554) has 984 songs.
INFO:[DataPipeline]:PlayList: [7440623676] å·äº•å®ªæ¬¡ (1233/1554) has 100 songs.
INFO:[DataPipeline]:PlayList: [7262834061] å·äº•å®ªæ¬¡ (1234/1554) has 111 songs.
INFO:[DataPipeline]:PlayList: [7414712804] å·äº•å®ªæ¬¡&#40;ã‹ã‚ã„&#32;ã‘ã‚“ã˜&#41; (1235/1554) has 101 songs.
INFO:[DataPipeline]:PlayList: [7367170686] å·äº•å®ªæ¬¡ (1236/1554) has 10 songs.
INFO:[DataPipeline]:PlayList: [7207202106] å·äº•æ†²æ¬¡&#32;&#40;ã‹ã‚ã„&#32;ã‘ã‚“ã˜&#41; (1237/1554) has 1000 songs.
INFO:[DataPipeline]:PlayList: [7365086076] å·äº•å®ªæ¬¡ (1238/1554) has 25 songs.
INFO:[DataPipeline]:PlayList: [7294570991] å·äº•æ†²æ¬¡&#32;&#40;ã‹ã‚ã„&#32;ã‘ã‚“ã˜&#41; (1239/1554) has 35 songs.
INFO:[DataPipeline]:Sleep for: 72
INFO:[DataPipeline]:PlayList: [7308786196] å·äº•æ†²æ¬¡ (1240/1554) has 14 songs.
INFO:[DataPipeline]:PlayList: [7412478104] å·äº•å®ªæ¬¡ (1241/1554) has 4 songs.
INFO:[DataPipeline]:PlayList: [7164780699] å‚€å„¡è¬¡UTAI&#45;å·äº•æ†²æ¬¡&#45;æ”»æ®¼æ©Ÿå‹•éšŠ (1242/1554) has 18 songs.
INFO:[DataPipeline]:PlayList: [7289929434] å·äº•å®ªæ¬¡ (1243/1554) has 11 songs.
INFO:[DataPipeline]:PlayList: [7309730724] å·äº•å®ªæ¬¡ (1244/1554) has 33 songs.
INFO:[DataPipeline]:PlayList: [7375338555] å·äº•å®ªæ¬¡&#40;ã‹ã‚ã„&#32;ã‘ã‚“ã˜&#41; (1245/1554) has 100 songs.
INFO:[DataPipeline]:PlayList: [7232361298] å·äº•æ†²æ¬¡ (1246/1554) has 49 songs.
INFO:[DataPipeline]:PlayList: [7353115825] å·äº•å®ªæ¬¡ (1247/1554) has 16 songs.
INFO:[DataPipeline]:PlayList: [7352001676] å·äº•å®ªæ¬¡ (1248/1554) has 5 songs.
INFO:[DataPipeline]:PlayList: [6918301570] å·äº•æ†²æ¬¡&#32;&#40;ã‹ã‚ã„&#32;ã‘ã‚“ã˜&#41; (1249/1554) has 100 songs.
INFO:[DataPipeline]:Sleep for: 118
INFO:[DataPipeline]:PlayList: [7109608903] å·äº•æ†²æ¬¡&#32;&#40;ã‹ã‚ã„&#32;ã‘ã‚“ã˜&#41; (1250/1554) has 100 songs.
INFO:[DataPipeline]:PlayList: [6574209615] å·äº•æ†²æ¬¡ (1251/1554) has 30 songs.
INFO:[DataPipeline]:PlayList: [7424574273] ä¸ƒå‰‘å·äº•å®ªæ¬¡ (1252/1554) has 7 songs.
INFO:[DataPipeline]:PlayList: [7336940028] å·äº•å®ªæ¬¡ (1253/1554) has 6 songs.
INFO:[DataPipeline]:PlayList: [7324532601] å·äº•å®ªæ¬¡&#32;&#40;ã‹ã‚ã„&#32;ã‘ã‚“ã˜&#41; (1254/1554) has 101 songs.
INFO:[DataPipeline]:PlayList: [6996976241] å·äº•å®ªæ¬¡ (1255/1554) has 5 songs.
INFO:[DataPipeline]:PlayList: [1466226135] å·äº•å®ªæ¬¡ (1256/1554) has 21 songs.
INFO:[DataPipeline]:PlayList: [7084284490] å·äº•æ†²æ¬¡ (1257/1554) has 11 songs.
INFO:[DataPipeline]:PlayList: [6795330443] å·äº•æ†²æ¬¡&#32;&#40;ã‹ã‚ã„&#32;ã‘ã‚“ã˜&#41; (1258/1554) has 100 songs.
INFO:[DataPipeline]:PlayList: [2902863856] å·äº•æ†²æ¬¡&#32;&#40;ã‹ã‚ã„&#32;ã‘ã‚“ã˜&#41; (1259/1554) has 997 songs.
INFO:[DataPipeline]:Sleep for: 158
INFO:[DataPipeline]:PlayList: [7353412272] å·äº•å®ªæ¬¡ (1260/1554) has 6 songs.
INFO:[DataPipeline]:PlayList: [7287672392] å·äº•æ†²æ¬¡&#32;&#40;ã‹ã‚ã„&#32;ã‘ã‚“ã˜&#41; (1261/1554) has 200 songs.
INFO:[DataPipeline]:PlayList: [3283941014] å·äº•å®ªæ¬¡ (1262/1554) has 41 songs.
INFO:[DataPipeline]:PlayList: [7370170832] å·äº•å®ªæ¬¡ï¼Œæ³½é‡å¼˜ä¹‹ (1263/1554) has 19 songs.
INFO:[DataPipeline]:PlayList: [6914211532] å·äº•æ†²æ¬¡&#32;&#40;ã‹ã‚ã„&#32;ã‘ã‚“ã˜&#41; (1264/1554) has 100 songs.
INFO:[DataPipeline]:PlayList: [3853411101] å·äº•å®ªæ¬¡Xä½æ¡¥ä¿Šå½¦ (1265/1554) has 195 songs.
INFO:[DataPipeline]:PlayList: [7225537511] å·äº•æ†²æ¬¡ï¼ˆæ—¥æœ¬ï¼‰ï¼‰ (1266/1554) has 33 songs.
INFO:[DataPipeline]:PlayList: [7328526414] å·äº•å®ªæ¬¡ (1267/1554) has 5 songs.
INFO:[DataPipeline]:PlayList: [1236329889] æœºåŠ¨æˆ˜å£«é«˜è¾¾00åŸå£°é›†[TV&#32;OST4][å·äº•å®ªæ¬¡] (1268/1554) has 36 songs.
INFO:[DataPipeline]:PlayList: [7214965621] å·äº•å®ªæ¬¡&#126;æ¢¶æµ¦ç”±è®° (1269/1554) has 5 songs.
INFO:[DataPipeline]:Sleep for: 65
INFO:[DataPipeline]:PlayList: [7109374711] å·äº•æ†²æ¬¡&#32;&#40;ã‹ã‚ã„&#32;ã‘ã‚“ã˜&#41; (1270/1554) has 100 songs.
INFO:[DataPipeline]:PlayList: [7000921740] å·äº•å®ªæ¬¡ (1271/1554) has 84 songs.
INFO:[DataPipeline]:PlayList: [2975672834] é¢¨ãŒå¾…ã£ã¦ã„ã¾ã™ (1272/1554) has 206 songs.
INFO:[DataPipeline]:PlayList: [6547813268] é¢¨ãŒæ¥ã‚‹ã®ã‚’å¾…ã¤ (1273/1554) has 502 songs.
INFO:[DataPipeline]:PlayList: [5329878205] &#32;é¢¨ãŒæ¥ã‚‹ã®ã‚’å¾…ã¤&#32; (1274/1554) has 25 songs.
INFO:[DataPipeline]:PlayList: [4142287306] é¢¨ãŒå¹ãã¨,å›ãŒå¸°ã‚‹ã®ã‚’å¾…ã¤ (1275/1554) has 20 songs.
INFO:[DataPipeline]:PlayList: [7051906631] ã ãŒé£ã‚’å¾…ã¡ã€èƒ½ç•™å›ãŒã“ã“ã«ã„ãŸ (1276/1554) has 1 songs.
INFO:[DataPipeline]:PlayList: [4208570587] é¢¨ã‚’å¾…ã£ã¦å¾…ã£ã¦ã„ã‚‹ (1277/1554) has 168 songs.
INFO:[DataPipeline]:PlayList: [4264139541] ç§ãŒå¾…ã£ã¦ã„ã‚‹ç´„æŸ (1278/1554) has 80 songs.
INFO:[DataPipeline]:PlayList: [6993130696] é¢¨ã‚’å¾…ã£ã¦ã‚‹ (1279/1554) has 9 songs.
INFO:[DataPipeline]:Sleep for: 62
INFO:[DataPipeline]:PlayList: [3483731818] ä»Šæ—¥ã‹ã‚‰å›ãŒå¾…ã£ã¦ã‚‹&#33; (1280/1554) has 11 songs.
INFO:[DataPipeline]:PlayList: [7100881780] é£ã‚‚å¾…ã£ã¦ã¾ã™ (1281/1554) has 13 songs.
INFO:[DataPipeline]:PlayList: [7010927323] èª°ãŒå¾…ã£ã¦å–œã‚“ã§ã„ã¾ã™ (1282/1554) has 5 songs.
INFO:[DataPipeline]:PlayList: [1682129248] é¢¨ãŒçŸ¥ã£ã¦ã‚‹/ã²ã¤ã˜å±‹ã•ã‚“ (1283/1554) has 6 songs.
INFO:[DataPipeline]:PlayList: [6949595760] æœªæ¥ãŒå¾…ã£ã¦ã‚‹ (1284/1554) has 4 songs.
INFO:[DataPipeline]:PlayList: [7226737200] å›ãŒå¾…ã£ã¦ã„ã‚‹ã‚“ã­ (1285/1554) has 58 songs.
INFO:[DataPipeline]:PlayList: [7149145012] ã€æ—¥ç³»ã€é¢¨ãŒã‚ã£ã¦å›ãŒã„ã‚‹ (1286/1554) has 183 songs.
INFO:[DataPipeline]:PlayList: [1636365962] é¢¨ãŒçŸ¥ã£ã¦ã‚‹/ã²ã¤ã˜å±‹ã•ã‚“ (1287/1554) has 15 songs.
INFO:[DataPipeline]:PlayList: [5835627128] é¢¨ãŒå¼·ãå¹ã£ã¦ã„ã‚‹ (1288/1554) has 3 songs.
INFO:[DataPipeline]:PlayList: [1956411264] æœªæ¥ãŒç§ã‚’å¾…ã£ã¦ã„ã‚‹ (1289/1554) has 4 songs.
INFO:[DataPipeline]:Sleep for: 95
INFO:[DataPipeline]:PlayList: [1866787581] é¢¨ãŒçŸ¥ã£ã¦ã‚‹/ã²ã¤ã˜å±‹ã•ã‚“&#32;&#40;åˆå›é™å®šç›¤&#41; (1290/1554) has 2 songs.
INFO:[DataPipeline]:PlayList: [7421321694] æ¡œãŒå¾…ã£ã¦ã‚‹ (1291/1554) has 42 songs.
INFO:[DataPipeline]:PlayList: [1158003885] ã‚ãªãŸãŒå¾…ã£ã¦ã‚‹ (1292/1554) has 2 songs.
INFO:[DataPipeline]:PlayList: [772245053] é¢¨ãŒå¼·ãå¹ã„ã¦ã„ã‚‹ (1293/1554) has 120 songs.
INFO:[DataPipeline]:PlayList: [7107119567] ã€Œé¢¨ãŒå¼·ãå¹ã„ã¦ã„ã‚‹ã€ (1294/1554) has 51 songs.
INFO:[DataPipeline]:PlayList: [7257677016] é¢¨ãŒå¼·ãå¹ã„ã¦ã„ã‚‹ (1295/1554) has 51 songs.
INFO:[DataPipeline]:PlayList: [7301981658] ã€Œé¢¨ãŒå¼·ãå¹ã„ã¦ã„ã‚‹ã€ (1296/1554) has 51 songs.
INFO:[DataPipeline]:PlayList: [6943843912] ã€Œé¢¨ãŒå¼·ãå¹ã„ã¦ã„ã‚‹ã€&#40;å¼ºé£å¹æ‹‚&#41; (1297/1554) has 49 songs.
INFO:[DataPipeline]:PlayList: [6946805558] ã€Œé¢¨ãŒå¼·ãå¹ã„ã¦ã„ã‚‹ã€ (1298/1554) has 49 songs.
INFO:[DataPipeline]:PlayList: [7403953504] é¢¨ãŒå¼·ãå¹ã„ã¦ã„ã‚‹ (1299/1554) has 31 songs.
INFO:[DataPipeline]:Sleep for: 107
INFO:[DataPipeline]:PlayList: [7343868050] é¢¨ãŒå¼·ãå¹ã„ã¦ã„ã‚‹ (1300/1554) has 19 songs.
INFO:[DataPipeline]:PlayList: [6752963342] é¢¨ãŒå¼·ãå¹ã„ã¦ã„ã‚‹ (1301/1554) has 47 songs.
INFO:[DataPipeline]:PlayList: [1090909314] é£ãŒå¼ºãå¹ã„ã¦ã„ã‚‹ (1302/1554) has 49 songs.
INFO:[DataPipeline]:PlayList: [7286518128] ã€Œé¢¨ãŒå¼·ãå¹ã„ã¦ã„ã‚‹ã€ (1303/1554) has 51 songs.
INFO:[DataPipeline]:PlayList: [7436959222] é¢¨ãŒå¼·ãå¹ã„ã¦ã„ã‚‹ (1304/1554) has 15 songs.
INFO:[DataPipeline]:PlayList: [7185621832] é¢¨ãŒå¼·ãå¹ã„ã¦ã„ã‚‹ (1305/1554) has 51 songs.
INFO:[DataPipeline]:PlayList: [7248066813] é¢¨ãŒå¼·ãå¹ã„ã¦ã„ã‚‹ (1306/1554) has 3 songs.
INFO:[DataPipeline]:PlayList: [7404831586] TVã‚¢ãƒ‹ãƒ¡ã€Œé¢¨ãŒå¼·ãå¹ã„ã¦ã„ã‚‹ã€ (1307/1554) has 64 songs.
INFO:[DataPipeline]:PlayList: [6372080695] é¢¨ãŒå¼·ãå¹ã„ã¦ã„ã‚‹ (1308/1554) has 17 songs.
INFO:[DataPipeline]:PlayList: [7434377907] ã€Œé¢¨ãŒå¼·ãå¹ã„ã¦ã„ã‚‹ã€ (1309/1554) has 51 songs.
INFO:[DataPipeline]:Sleep for: 63
INFO:[DataPipeline]:PlayList: [7227894448] ã€Œé¢¨ãŒå¼·ãå¹ã„ã¦ã„ã‚‹ã€ (1310/1554) has 51 songs.
INFO:[DataPipeline]:PlayList: [4247108355] å½±è§†å‰§é‡Œçš„ä¸­å›½é£å¯¹å”± (1311/1554) has 66 songs.
INFO:[DataPipeline]:PlayList: [4247123729] å½±è§†å‰§é‡Œçš„ä¸­å›½é£ç”·å£° (1312/1554) has 88 songs.
INFO:[DataPipeline]:PlayList: [7199774015] ä¸­å›½é£&#32;&#124;&#32;ä»™ä¾ ç”µè§†å‰§æ­Œæ›²ç›˜ç‚¹ (1313/1554) has 28 songs.
INFO:[DataPipeline]:PlayList: [7328419661] ã€Œä¸­å›½é£çº¯éŸ³ã€å€šæ å¬é£ï¼Œå¦‚æ¢¦å¦‚é†‰ (1314/1554) has 20 songs.
INFO:[DataPipeline]:PlayList: [7096063351] å½±è§†å‰§ä¸­çš„ä¸­å›½é£å¥³å£° (1315/1554) has 94 songs.
INFO:[DataPipeline]:PlayList: [6966299000] å½±è§†æ­Œæ›²ä¸­çš„ä¸­å›½é£ (1316/1554) has 23 songs.
INFO:[DataPipeline]:PlayList: [7081812527] ä¸­å›½é£&#32;&#124;&#32;ç»å…¸å½±è§†å¤§å…¨ (1317/1554) has 64 songs.
INFO:[DataPipeline]:PlayList: [7440131804] 100é¦–å½±è§†æ­Œæ›²ï¼Œé¢†æ‚Ÿä¸­å›½é£éŸµå‘³ (1318/1554) has 100 songs.
INFO:[DataPipeline]:PlayList: [7014439524] ä¸­å›½é£&#32;Â·&#32;ä½•æ—¥å›å†æ¥ (1319/1554) has 33 songs.
INFO:[DataPipeline]:Sleep for: 108
INFO:[DataPipeline]:PlayList: [7166060330] ä¸­å›½é£ä»£è¡¨ä½œï¼šä¸€äººä¸€é¦–ç»å…¸æ›² (1320/1554) has 148 songs.
INFO:[DataPipeline]:PlayList: [6990664122] æŠ–éŸ³çƒ­æ’­ä¸­å›½é£éŸ³ä¹åˆé›† (1321/1554) has 24 songs.
INFO:[DataPipeline]:PlayList: [3512676916] ä¸­å›½é£&#32;&#32;&#32;ç™¾è½¬åƒå›æ¢¦ä¸æ–­ (1322/1554) has 15 songs.
INFO:[DataPipeline]:PlayList: [6967276561] æŠšç´ç…®èŒ¶ï¼Œå“ä¸€æ›²é›…è‡´ä¸­å›½é£&#32; (1323/1554) has 26 songs.
INFO:[DataPipeline]:PlayList: [7438237151] ä¸­å›½é£çº¯éŸ³&#32;Â·&#32;è‰¯è¾°å¥½æ™¯è™šè®¾ (1324/1554) has 25 songs.
INFO:[DataPipeline]:PlayList: [6968595893] ç‹¬ä¸Šå…°èˆŸï¼Œå¯»ä¸€æ›²æ‚ æ‚ ä¸­å›½é£ (1325/1554) has 26 songs.
INFO:[DataPipeline]:PlayList: [7233780688] ã€ä¸­å›½é£ã€‘å®…å®¶è¿½å¤è£…å‰§å¿…å¤‡ (1326/1554) has 26 songs.
INFO:[DataPipeline]:PlayList: [7000774262] ä¸­å›½é£ç¿»å”±&#32;&#58;&#32;æ¸©æ¶¦å…¬å­éŸ³ (1327/1554) has 20 songs.
INFO:[DataPipeline]:PlayList: [7391629553] è®ºä¸­å›½é£ï¼Œæˆ‘åªæœæ–¹æ–‡å±± (1328/1554) has 40 songs.
INFO:[DataPipeline]:PlayList: [7371247029] ç‡ƒå‘ä¸­å›½é£&#32;Â·&#32;å¤©ä¸‹é£äº‘å‡ºæˆ‘è¾ˆ (1329/1554) has 20 songs.
INFO:[DataPipeline]:Sleep for: 79
INFO:[DataPipeline]:PlayList: [7304079503] ä¸­å›½é£çº¯éŸ³&#32;Â·&#32;ä»™ä¾ ä¸–ç•Œé‡Œçš„æ±Ÿæ¹– (1330/1554) has 26 songs.
INFO:[DataPipeline]:PlayList: [7047529839] ä¾ å®¢ä¸­å›½é£&#32;Â·&#32;åŸåˆ°æ©ä»‡å¿ƒäº‹æ¶Œ (1331/1554) has 34 songs.
INFO:[DataPipeline]:PlayList: [7266932006] ä¸­å›½é£çº¯éŸ³ï¼š&#32;ä¸€æ›²ç¬™æ­Œæ‹ç‰ç®« (1332/1554) has 30 songs.
INFO:[DataPipeline]:PlayList: [7001045133] ä¸­å›½é£çº¯éŸ³ä¸¨å‘Šåˆ«å‚é’“æ—¶çš„ç„¦è™‘ç—‡ (1333/1554) has 34 songs.
INFO:[DataPipeline]:PlayList: [6946825664] ä¸­å›½é£&#32;Â·&#32;è½èŠ±ç‰‡ç‰‡éšæ°´æµ (1334/1554) has 22 songs.
INFO:[DataPipeline]:PlayList: [7010964453] ã€ä¸­å›½é£ã€‘å¦™æ‰‹é’ä¸èŠ±å‰ç»£ (1335/1554) has 21 songs.
INFO:[DataPipeline]:PlayList: [7060359081] è¶…çº§è™å¿ƒçš„ä¸­å›½é£å–Šéº¦åˆé›† (1336/1554) has 34 songs.
INFO:[DataPipeline]:PlayList: [7071773405] æœ€ç¾ä¸è¿‡ä¸­å›½é£ï¼Œæœ€å¥½ä¸è¿‡çœ¼å‰äºº (1337/1554) has 31 songs.
INFO:[DataPipeline]:PlayList: [7024085381] ä¸­å›½é£&#32;&#124;&#32;æ¾çƒŸå…¥å¢¨ï¼Œç¬”ç”»æ±Ÿå— (1338/1554) has 20 songs.
INFO:[DataPipeline]:PlayList: [7057140649] ä¸­å›½é£&#32;Â·&#32;æœˆä¸‹å¯„ç›¸æ€ (1339/1554) has 25 songs.
INFO:[DataPipeline]:Sleep for: 76
INFO:[DataPipeline]:PlayList: [7375102340] 2020å¹´ä¸­å›½é£æ–°æ­Œé€Ÿé€’ (1340/1554) has 38 songs.
INFO:[DataPipeline]:PlayList: [7127990282] æ„Ÿæ—¶æ€€å¤æƒ…&#32;Â·&#32;å°è¯´æ”¹ç¼–å½±è§†ä¸­å›½é£ (1341/1554) has 24 songs.
INFO:[DataPipeline]:PlayList: [7255707078] å¤è£…ç”µè§†å‰§é‡Œçš„ä¸­å›½é£çº¯éŸ³ (1342/1554) has 26 songs.
INFO:[DataPipeline]:PlayList: [7014279840] ä¸­å›½é£&#32;Â·&#32;æƒŸæœ‰é¥®è€…ç•™å…¶å (1343/1554) has 25 songs.
INFO:[DataPipeline]:PlayList: [7049782870] ä¼¼æ°´æŸ”æƒ…&#32;Â·&#32;å¥³å£°ç¿»å”±ä¸­å›½é£ (1344/1554) has 24 songs.
INFO:[DataPipeline]:PlayList: [7108016227] 2019å¹´ä¸­å›½é£æ–°æ­Œç²¾é€‰é›† (1345/1554) has 288 songs.
INFO:[DataPipeline]:PlayList: [7011437094] ä¸­å›½é£&#32;&#32;&#124;&#32;&#32;é¦™æ¸¯TVBç»å…¸æ­¦ä¾ å‰§çº¯ä¹ (1346/1554) has 31 songs.
INFO:[DataPipeline]:PlayList: [7021918213] ä¸­å›½é£æ°‘è°£&#32;&#124;&#32;å¼¹æŒ‡é—´ï¼Œåƒå¹´é€ (1347/1554) has 28 songs.
INFO:[DataPipeline]:PlayList: [7041353925] ä¸­å›½é£ç¿»å”±&#32;Â·&#32;å¾’æ­¤æ¬æ¸…èŠ¬ (1348/1554) has 20 songs.
INFO:[DataPipeline]:PlayList: [7328432127] ä¸­å›½é£&#32;&#124;&#32;å›è¡åœ¨æ—é—´çš„çµåŠ¨ä¹‹éŸ³ (1349/1554) has 25 songs.
INFO:[DataPipeline]:Sleep for: 125
INFO:[DataPipeline]:PlayList: [7100884559] ä¸­å›½é£&#32;&#58;&#32;ä¸€æ›²æˆè…”ï¼Œå”±å°½ç¹å (1350/1554) has 23 songs.
INFO:[DataPipeline]:PlayList: [7011570567] éŸµå‘³ä¸­å›½é£&#32;&#124;&#32;ä¸€æ›²é•¿æ­Œä¸€ä¸–æƒ… (1351/1554) has 20 songs.
INFO:[DataPipeline]:PlayList: [7249316000] ä¼¼æ°´æµå¹´&#32;Â·&#32;è¯„è®º999&#43;ä¸­å›½é£çƒ­æ­Œ (1352/1554) has 27 songs.
INFO:[DataPipeline]:PlayList: [7115250973] ä¸‰å­—ä¸­å›½é£ä¸¨ç»ˆç‰µç»Šï¼Œæ†”æ€èŠ±å®¹é¢œ (1353/1554) has 106 songs.
INFO:[DataPipeline]:PlayList: [7285195605] ä¸­å›½é£çº¯éŸ³&#32;Â·&#32;è¿åŠ¨åŠ©ç‡ƒå¿…å¤‡ (1354/1554) has 22 songs.
INFO:[DataPipeline]:PlayList: [7445418603] æŠ’æƒ…ä¸­å›½é£&#32;Â·&#32;æ•…äººæƒ…éš¾ç›¸å¿˜ (1355/1554) has 26 songs.
INFO:[DataPipeline]:PlayList: [7346984845] ä¸­å›½é£éŸµå¾‹ï¼šé™å“çµåŠ¨ä¹‹éŸ³ (1356/1554) has 21 songs.
INFO:[DataPipeline]:PlayList: [7060353277] éšè—åœ¨æµè¡Œæ›²ä¸­çš„ä¸­å›½é£æ—‹å¾‹ (1357/1554) has 49 songs.
INFO:[DataPipeline]:PlayList: [6997076434] ä¸­å›½é£éŸµå¾‹&#32;&#124;&#32;ç²¤è¯­å°è®° (1358/1554) has 47 songs.
INFO:[DataPipeline]:PlayList: [7107947155] æ›²éŸµæ‚ é•¿&#32;Â·&#32;å½±è§†å‰§ä¹‹ä¸­å›½é£ (1359/1554) has 27 songs.
INFO:[DataPipeline]:Sleep for: 137
INFO:[DataPipeline]:PlayList: [3561102249] åˆ€éƒç»å…¸æ­Œ (1360/1554) has 54 songs.
INFO:[DataPipeline]:PlayList: [1459787674] åˆ€éƒçš„è€æ­Œ (1361/1554) has 99 songs.
INFO:[DataPipeline]:PlayList: [1474269777] ä¸€æ¬¡å¬å®Œåˆ€éƒå…¨éƒ¨ä½œå“ (1362/1554) has 133 songs.
INFO:[DataPipeline]:PlayList: [2069773949] åˆ€éƒæœ€å—çƒ­è¯„çš„25é¦–æ­Œ (1363/1554) has 25 songs.
INFO:[DataPipeline]:PlayList: [10248771] åˆ€éƒç»å…¸ä¸“è¾‘ (1364/1554) has 19 songs.
INFO:[DataPipeline]:PlayList: [2938731932] åˆ€éƒçš„æ­Œå¤§å…¨ (1365/1554) has 100 songs.
INFO:[DataPipeline]:PlayList: [4349330861] åˆ€éƒã€Šè¥¿æµ·æƒ…æ­Œ (1366/1554) has 148 songs.
INFO:[DataPipeline]:PlayList: [3777731786] åˆ€éƒæƒ…æ­Œ (1367/1554) has 100 songs.
INFO:[DataPipeline]:PlayList: [3271309267] åˆ€éƒå…¥è€³ä»£è¡¨ä½œï¼Œå€¼å¾—å•æ›²å¾ªç¯ä¸€æ•´å¤© (1368/1554) has 30 songs.
INFO:[DataPipeline]:PlayList: [7039455629] æ— äººä¸çˆ±åˆ€éƒ (1369/1554) has 75 songs.
INFO:[DataPipeline]:Sleep for: 166
INFO:[DataPipeline]:PlayList: [1096666211] åˆ€éƒã€é™å¤®å“ç›ã€è…¾æ ¼å°” (1370/1554) has 75 songs.
INFO:[DataPipeline]:PlayList: [2347415803] å¥³åˆ€éƒçš„ç»å…¸ (1371/1554) has 29 songs.
INFO:[DataPipeline]:PlayList: [5420501766] äº‘é£/äº‘æœµ/åˆ€éƒ/é»„ç¿ (1372/1554) has 137 songs.
INFO:[DataPipeline]:PlayList: [2582563661] åˆ€éƒä¸é˜¿æœ (1373/1554) has 25 songs.
INFO:[DataPipeline]:PlayList: [3759373975] åˆ€éƒå†²åŠ¨çš„æƒ©ç½š (1374/1554) has 22 songs.
INFO:[DataPipeline]:PlayList: [10230864] åˆ€éƒ (1375/1554) has 10 songs.
INFO:[DataPipeline]:PlayList: [2978027105] åˆ€éƒçš„æ­Œ (1376/1554) has 232 songs.
INFO:[DataPipeline]:PlayList: [2349843258] ã€åˆ€éƒç»å…¸æ°‘è°£ (1377/1554) has 16 songs.
INFO:[DataPipeline]:PlayList: [3269047347] ä¸€æ¬¡å¬å®Œåˆ€éƒå…¨éƒ¨ä½œå“ (1378/1554) has 133 songs.
INFO:[DataPipeline]:PlayList: [7039477379] æœ€çˆ±ã€Œè¥¿åŸŸåˆ€éƒã€ (1379/1554) has 55 songs.
INFO:[DataPipeline]:Sleep for: 123
INFO:[DataPipeline]:PlayList: [2048488672] è€å¦ˆçš„åˆ€éƒ (1380/1554) has 56 songs.
INFO:[DataPipeline]:PlayList: [3274706383] ä¼¤æ„Ÿåè¯­&#32;ï¼šè¿æ­Œè¯éƒ½èƒ½å†™åˆ°ä¸€ä¸ªäººçš„å¿ƒé‡Œ (1381/1554) has 127 songs.
INFO:[DataPipeline]:PlayList: [2856233861] æœ‰äº›äººä¸å±äºä½ ï¼Œä½†é‡è§äº†ä¹Ÿå¾ˆå¥½ (1382/1554) has 44 songs.
INFO:[DataPipeline]:PlayList: [3972945072] åæ¥ä½ å“­äº†ï¼Œæƒ³å®‰æ…°å´å¿˜äº†æ¢äº†èº«ä»½ (1383/1554) has 30 songs.
INFO:[DataPipeline]:PlayList: [4971009529] å¤±æ‹è§£è¯ (1384/1554) has 43 songs.
INFO:[DataPipeline]:PlayList: [7285342732] åè¯­æµè¡Œ&#124;ä¸æˆ‘æ— å…³ (1385/1554) has 30 songs.
INFO:[DataPipeline]:PlayList: [2081165951] å¬æ­Œæµ‹å¹´é¾„ï¼å•æ›²å¾ªç¯è¿‡çš„éƒ½åˆ«è£…å«©äº† (1386/1554) has 71 songs.
INFO:[DataPipeline]:PlayList: [7222826654] çƒ­æ­Œå‘ï¼šä½ ä¸€å®šéƒ½çˆ±å¬è¿™äº›æ­Œ (1387/1554) has 201 songs.
INFO:[DataPipeline]:PlayList: [2840633837] åˆå¤œKTVï¼šæœ‰æ²¡æœ‰ä¸€é¦–æ­Œä½ ä¼šè·Ÿç€å“¼ (1388/1554) has 59 songs.
INFO:[DataPipeline]:PlayList: [7222868712] æŠ–éŸ³ç¿»å”±ä¸¨æ¯æ—¥ä¸€åˆ·æ˜“å…¥ç¡ (1389/1554) has 46 songs.
INFO:[DataPipeline]:Sleep for: 175
INFO:[DataPipeline]:PlayList: [7167575844] åè¯­ç¯‡&#32;&#124;&#32;ä½ ç†Ÿæ‚‰å´å«ä¸ä¸Šåå­—çš„æ­Œ (1390/1554) has 121 songs.
INFO:[DataPipeline]:PlayList: [3827598065] æ•…äº‹å§‹ç»ˆæœ‰åæ¥ï¼Œå´æ²¡äº†æˆ‘ä»¬ (1391/1554) has 59 songs.
INFO:[DataPipeline]:PlayList: [7278280858] åè¯­&#124;&#32;ä¸€ä¸ªäººçš„æŠ’æƒ…æ­Œ (1392/1554) has 30 songs.
INFO:[DataPipeline]:PlayList: [7201335292] æ­ªï¼å¬è¿‡æŠ–éŸ³æœ€ç¾å¥³å£°æ²¡ (1393/1554) has 207 songs.
INFO:[DataPipeline]:PlayList: [7307777204] åè¯­ï¼šæ‰€è°“çˆ±æƒ…ï¼Œå°±æ˜¯æ²¡æœ‰åæ¥ (1394/1554) has 34 songs.
INFO:[DataPipeline]:PlayList: [7307834435] åè¯­ç»¼è‰º&#124;&#32;æˆ‘ä»¬çš„æ­Œ (1395/1554) has 72 songs.
INFO:[DataPipeline]:PlayList: [3825636083] åæ¥æˆ‘ä»¬ä»€ä¹ˆéƒ½æœ‰äº†ï¼Œå´æ²¡æœ‰äº†æˆ‘ä»¬ (1396/1554) has 50 songs.
INFO:[DataPipeline]:PlayList: [7385084325] è¿‡å¹´åŒå­¦KTVèšä¼šï¼Œå”±ä»€ä¹ˆèƒ½é«˜é€¼æ ¼ (1397/1554) has 75 songs.
INFO:[DataPipeline]:PlayList: [7167575642] åè¯­KTVï¼šè½»è½»æŠšæ…°ä½ å—ä¼¤çš„å¿ƒ (1398/1554) has 370 songs.
INFO:[DataPipeline]:PlayList: [3591175213] è‡´è‡ªå·±ï¼šå­¦ç€åŠªåŠ›å¼ºè¿«ï¼Œä½™ç”Ÿå…‰é˜´å¿˜è®°ä½  (1399/1554) has 35 songs.
INFO:[DataPipeline]:Sleep for: 152
INFO:[DataPipeline]:PlayList: [7449223696] åæ¥ï¼Œæˆ‘ä»¬ä¹Ÿè¢«åˆ«äººè¯´æˆæ•…äº‹ (1400/1554) has 66 songs.
INFO:[DataPipeline]:PlayList: [2375548537] ä¼¤æ„ŸDJï¼šåæ¥çš„æˆ‘ä»¬è¿˜æ˜¯é”™è¿‡ (1401/1554) has 62 songs.
INFO:[DataPipeline]:PlayList: [3387065221] king&#32;of&#32;popï¼šä¸Šå¸èµç»™ä¸–é—´çš„å¤©ä½¿ (1402/1554) has 21 songs.
INFO:[DataPipeline]:PlayList: [835492857] å¤œåº—ä¹‹ç‹&#32;I&#32;am&#32;the&#32;King (1403/1554) has 18 songs.
INFO:[DataPipeline]:PlayList: [30766148] Move&#32;Your&#32;Bodyï¼Dance&#32;With&#32;Meï¼ (1404/1554) has 13 songs.
INFO:[DataPipeline]:PlayList: [2934761799] é’¢ç´ç‹‚äººâ€”The&#32;Piano&#32;Guys (1405/1554) has 19 songs.
INFO:[DataPipeline]:PlayList: [763498467] ç¼…æ€€å±äºB&#46;B&#46;Kingçš„é—ä¸–é‡‘æ›² (1406/1554) has 20 songs.
INFO:[DataPipeline]:PlayList: [3233816683] å‘çµé­‚å¸ƒé²æ–¯å¤§å¸ˆB&#46;B&#46;Kingè‡´æ•¬ (1407/1554) has 18 songs.
INFO:[DataPipeline]:PlayList: [1152602051] The&#32;Piano&#32;Guys&#32;&#45;&#32;å²ä¸Šæœ€ä¼šæ‹MVçš„é’¢ç´ç©å®¶ (1408/1554) has 48 songs.
INFO:[DataPipeline]:PlayList: [3831492071] i&#32;was&#32;kingï¼ (1409/1554) has 45 songs.
INFO:[DataPipeline]:Sleep for: 142
INFO:[DataPipeline]:PlayList: [4169295675] king&#32;of&#32;honor (1410/1554) has 497 songs.
INFO:[DataPipeline]:PlayList: [1588393472] The&#32;Policeè‹±å›½å››è¿å†  (1411/1554) has 12 songs.
INFO:[DataPipeline]:PlayList: [1137985855] å½“ä¹‹æ— æ„§çš„è“è°ƒä¹‹ç‹B&#46;B&#46;King (1412/1554) has 18 songs.
INFO:[DataPipeline]:PlayList: [840501542] ä¸ªå¤§DJç”µéŸ³åˆ¶ä½œè€…èºåŠ¨å¿ƒåº•çš„highking (1413/1554) has 109 songs.
INFO:[DataPipeline]:PlayList: [4124847329] The&#32;&#32;weekend&#46;ï¼ˆç›†æ ½ï¼‰ (1414/1554) has 104 songs.
INFO:[DataPipeline]:PlayList: [1448370602] f&#42;&#42;king&#32;nice (1415/1554) has 211 songs.
INFO:[DataPipeline]:PlayList: [6568432895] Jay&#32;Chou&#45;The&#32;King&#32;of&#32;Chinese&#32;music&#46; (1416/1554) has 325 songs.
--- Logging error ---
Traceback (most recent call last):
  File "/Library/Python/3.7/site-packages/urllib3/connection.py", line 157, in _new_conn
    (self._dns_host, self.port), self.timeout, **extra_kw
  File "/Library/Python/3.7/site-packages/urllib3/util/connection.py", line 84, in create_connection
    raise err
  File "/Library/Python/3.7/site-packages/urllib3/util/connection.py", line 74, in create_connection
    sock.connect(sa)
TimeoutError: [Errno 60] Operation timed out

During handling of the above exception, another exception occurred:

Traceback (most recent call last):
  File "/Library/Python/3.7/site-packages/urllib3/connectionpool.py", line 672, in urlopen
    chunked=chunked,
  File "/Library/Python/3.7/site-packages/urllib3/connectionpool.py", line 376, in _make_request
    self._validate_conn(conn)
  File "/Library/Python/3.7/site-packages/urllib3/connectionpool.py", line 994, in _validate_conn
    conn.connect()
  File "/Library/Python/3.7/site-packages/urllib3/connection.py", line 300, in connect
    conn = self._new_conn()
  File "/Library/Python/3.7/site-packages/urllib3/connection.py", line 169, in _new_conn
    self, "Failed to establish a new connection: %s" % e
urllib3.exceptions.NewConnectionError: <urllib3.connection.VerifiedHTTPSConnection object at 0x10deea5c0>: Failed to establish a new connection: [Errno 60] Operation timed out

During handling of the above exception, another exception occurred:

Traceback (most recent call last):
  File "/Library/Python/3.7/site-packages/requests/adapters.py", line 449, in send
    timeout=timeout
  File "/Library/Python/3.7/site-packages/urllib3/connectionpool.py", line 720, in urlopen
    method, url, error=e, _pool=self, _stacktrace=sys.exc_info()[2]
  File "/Library/Python/3.7/site-packages/urllib3/util/retry.py", line 436, in increment
    raise MaxRetryError(_pool, url, error or ResponseError(cause))
urllib3.exceptions.MaxRetryError: HTTPSConnectionPool(host='c.y.qq.com', port=443): Max retries exceeded with url: /lyric/fcgi-bin/fcg_query_lyric.fcg?g_tk=5381&format=json&inCharset=utf-8&outCharset=utf-8&platform=h5&needNewCode=1&nobase64=1&musicid=4829321&_=1513437581324 (Caused by NewConnectionError('<urllib3.connection.VerifiedHTTPSConnection object at 0x10deea5c0>: Failed to establish a new connection: [Errno 60] Operation timed out'))

During handling of the above exception, another exception occurred:

Traceback (most recent call last):
  File "runner_qq.py", line 60, in process_playlist
    lyric = api.get_song_lyric(song.id)
  File "/private/var/root/.jenkins/workspace/data-minyao/dao/qq_api.py", line 43, in get_song_lyric
    raw_text = self.fetch_raw(url)
  File "/private/var/root/.jenkins/workspace/data-minyao/dao/base_api.py", line 33, in fetch_raw
    verify=False)
  File "/Library/Python/3.7/site-packages/requests/api.py", line 75, in get
    return request('get', url, params=params, **kwargs)
  File "/Library/Python/3.7/site-packages/requests/api.py", line 60, in request
    return session.request(method=method, url=url, **kwargs)
  File "/Library/Python/3.7/site-packages/requests/sessions.py", line 533, in request
    resp = self.send(prep, **send_kwargs)
  File "/Library/Python/3.7/site-packages/requests/sessions.py", line 646, in send
    r = adapter.send(request, **kwargs)
  File "/Library/Python/3.7/site-packages/requests/adapters.py", line 516, in send
    raise ConnectionError(e, request=request)
requests.exceptions.ConnectionError: HTTPSConnectionPool(host='c.y.qq.com', port=443): Max retries exceeded with url: /lyric/fcgi-bin/fcg_query_lyric.fcg?g_tk=5381&format=json&inCharset=utf-8&outCharset=utf-8&platform=h5&needNewCode=1&nobase64=1&musicid=4829321&_=1513437581324 (Caused by NewConnectionError('<urllib3.connection.VerifiedHTTPSConnection object at 0x10deea5c0>: Failed to establish a new connection: [Errno 60] Operation timed out'))

During handling of the above exception, another exception occurred:

Traceback (most recent call last):
  File "/Library/Developer/CommandLineTools/Library/Frameworks/Python3.framework/Versions/3.7/lib/python3.7/logging/__init__.py", line 1034, in emit
    msg = self.format(record)
  File "/Library/Developer/CommandLineTools/Library/Frameworks/Python3.framework/Versions/3.7/lib/python3.7/logging/__init__.py", line 880, in format
    return fmt.format(record)
  File "/Library/Developer/CommandLineTools/Library/Frameworks/Python3.framework/Versions/3.7/lib/python3.7/logging/__init__.py", line 619, in format
    record.message = record.getMessage()
  File "/Library/Developer/CommandLineTools/Library/Frameworks/Python3.framework/Versions/3.7/lib/python3.7/logging/__init__.py", line 380, in getMessage
    msg = msg % self.args
TypeError: not all arguments converted during string formatting
Call stack:
  File "runner_qq.py", line 158, in <module>
    main()
  File "runner_qq.py", line 145, in main
    args.proxy, logger, args.dump_raw, args.dump_seg)
  File "runner_qq.py", line 70, in process_playlist
    logger.error("Exception in processing songs: ", err)
Message: 'Exception in processing songs: '
Arguments: (ConnectionError(MaxRetryError("HTTPSConnectionPool(host='c.y.qq.com', port=443): Max retries exceeded with url: /lyric/fcgi-bin/fcg_query_lyric.fcg?g_tk=5381&format=json&inCharset=utf-8&outCharset=utf-8&platform=h5&needNewCode=1&nobase64=1&musicid=4829321&_=1513437581324 (Caused by NewConnectionError('<urllib3.connection.VerifiedHTTPSConnection object at 0x10deea5c0>: Failed to establish a new connection: [Errno 60] Operation timed out'))")),)
INFO:[DataPipeline]:PlayList: [3475188895] Wrath&#32;of&#32;the&#32;Lich&#32;King (1417/1554) has 40 songs.
INFO:[DataPipeline]:PlayList: [7272720294] movenight&#32;ã€Šking&#32;learã€‹ (1418/1554) has 34 songs.
INFO:[DataPipeline]:PlayList: [6958011725] The&#32;heart&#32;of&#32;a&#32;king (1419/1554) has 16 songs.
INFO:[DataPipeline]:Sleep for: 125
INFO:[DataPipeline]:PlayList: [7462496513] The&#32;End&#32;of&#32;F&#42;&#42;king&#32;world&#32;1 (1420/1554) has 16 songs.
INFO:[DataPipeline]:PlayList: [7462497677] The&#32;End&#32;of&#32;F&#42;&#42;king&#32;world&#32;2 (1421/1554) has 20 songs.
INFO:[DataPipeline]:PlayList: [7461990114] TheFvckingnobodyå–œæ¬¢çš„éŸ³ä¹ (1422/1554) has 177 songs.
INFO:[DataPipeline]:PlayList: [7462157766] The&#32;end&#32;of&#32;the&#32;fxxking&#32;world (1423/1554) has 14 songs.
INFO:[DataPipeline]:PlayList: [7458241173] The&#32;Lion&#32;KingğŸ¦ (1424/1554) has 5 songs.
INFO:[DataPipeline]:PlayList: [7462449315] the&#32;lion&#32;king (1425/1554) has 4 songs.
INFO:[DataPipeline]:PlayList: [7463509038] The&#32;Lion&#32;King&#32; (1426/1554) has 20 songs.
INFO:[DataPipeline]:PlayList: [7458728395] The&#32;Lion&#32;King (1427/1554) has 2 songs.
INFO:[DataPipeline]:PlayList: [7461996895] Peer&#32;Gynt&#32;Suite&#32;No&#46;&#32;1,&#32;Op&#46;&#32;46&#58;In&#32;the&#32;Hall&#32;of&#32;the&#32;Mountain&#32;King (1428/1554) has 1 songs.
INFO:[DataPipeline]:PlayList: [7463503642] THE&#32;LICH&#32;KING&#32; (1429/1554) has 1 songs.
INFO:[DataPipeline]:Sleep for: 80
INFO:[DataPipeline]:PlayList: [7460066965] The&#32;Lion&#32;King&#32; (1430/1554) has 19 songs.
INFO:[DataPipeline]:PlayList: [7460430708] In&#32;The&#32;Court&#32;Of&#32;The&#32;Crimson&#32;King (1431/1554) has 5 songs.
INFO:[DataPipeline]:PlayList: [7460498544] Driving&#32;the&#32;fxxking&#32;car&#32;now (1432/1554) has 1 songs.
INFO:[DataPipeline]:PlayList: [7460543993] The&#32;&#32;King (1433/1554) has 4 songs.
INFO:[DataPipeline]:PlayList: [7463533881] The&#32;King&#32;NameÂ·s&#32;Baahubali (1434/1554) has 1 songs.
INFO:[DataPipeline]:PlayList: [7460230420] å¤œåº—ä¹‹ç‹&#32;I&#32;am&#32;the&#32;King (1435/1554) has 15 songs.
INFO:[DataPipeline]:PlayList: [7458878727] the&#32;king (1436/1554) has 73 songs.
