Started by upstream project "[8mha:////4A+bQWpgGeLrf62Kvp9R0kchXAV8l6qMSbpRKFffssHgAAAAnR+LCAAAAAAAAP9b85aBtbiIQTGjNKU4P08vOT+vOD8nVc83PyU1x6OyILUoJzMv2y+/JJUBAhiZGBgqihhk0NSjKDWzXb3RdlLBUSYGJk8GtpzUvPSSDB8G5tKinBIGIZ+sxLJE/ZzEvHT94JKizLx0a6BxUmjGOUNodHsLgAzuEgZB/az8JP2UxJJE3aLSvLzUIn0A55yqqsYAAAA=[0mdata-runner" build number [8mha:////4DVHJ97k/UHS5p9qIgftZgJSg/AvZa0fAHHBtDPVez+5AAAAnB+LCAAAAAAAAP9b85aBtbiIQTGjNKU4P08vOT+vOD8nVc83PyU1x6OyILUoJzMv2y+/JJUBAhiZGBgqihhk0NSjKDWzXb3RdlLBUSYGJk8GtpzUvPSSDB8G5tKinBIGIZ+sxLJE/ZzEvHT94JKizLx0a6BxUmjGOUNodHsLQAygGfpZ+Un6KYklibpFpXl5qUX6FgB944HwxwAAAA==[0m8
originally caused by:
 Started by user [8mha:////4AvbKtqCpWGC4/9vlaAOyQD+y56HOfLOpPpkD7K9YRsAAAAAlx+LCAAAAAAAAP9b85aBtbiIQTGjNKU4P08vOT+vOD8nVc83PyU1x6OyILUoJzMv2y+/JJUBAhiZGBgqihhk0NSjKDWzXb3RdlLBUSYGJk8GtpzUvPSSDB8G5tKinBIGIZ+sxLJE/ZzEvHT94JKizLx0a6BxUmjGOUNodHsLgAzWEgZu/dLi1CL9xJTczDwAj6GcLcAAAAA=[0madmin
Running as SYSTEM
Building in workspace /var/root/.jenkins/workspace/data-zhongguofeng
using credential root
 > git rev-parse --is-inside-work-tree # timeout=10
Fetching changes from the remote Git repository
 > git config remote.origin.url git@github.com:kirinisland/datapipe.git # timeout=10
Fetching upstream changes from git@github.com:kirinisland/datapipe.git
 > git --version # timeout=10
using GIT_SSH to set credentials 
 > git fetch --tags --force --progress -- git@github.com:kirinisland/datapipe.git +refs/heads/*:refs/remotes/origin/* # timeout=10
 > git rev-parse refs/remotes/origin/master^{commit} # timeout=10
 > git rev-parse refs/remotes/origin/origin/master^{commit} # timeout=10
Checking out Revision 8862dc0b93faeb24f71cee4ff5c950ac2bc56c56 (refs/remotes/origin/master)
 > git config core.sparsecheckout # timeout=10
 > git checkout -f 8862dc0b93faeb24f71cee4ff5c950ac2bc56c56 # timeout=10
Commit message: "update log"
 > git rev-list --no-walk 8862dc0b93faeb24f71cee4ff5c950ac2bc56c56 # timeout=10
[data-zhongguofeng] $ /bin/sh -xe /var/folders/zz/zyxvpxvq6csfxvn_n0000000000000/T/jenkins7718471837154285160.sh
+ set -x
+ date_str=
+ '[' '' = '' ']'
++ date +%Y%m%d
+ date_str=20210814
+ output_dir=/Users/hongliang/media/storage/production_data/original_lyric/20210814
+ mkdir -pv /Users/hongliang/media/storage/production_data/original_lyric/20210814
+ python3 runner_qq.py --method search --query $'\344\270\255\345\233\275\351\243\216' --output-suffix zhongguofeng --dump-raw 1 --dump-seg 0
INFO:[DataPipeline]:Start crawling for query: ä¸­å›½é£
INFO:[DataPipeline]:Processing playlist page: 0, found 46 playlists
INFO:[DataPipeline]:Processing playlist page: 1, found 49 playlists
INFO:[DataPipeline]:Processing playlist page: 2, found 44 playlists
INFO:[DataPipeline]:Processing playlist page: 3, found 46 playlists
INFO:[DataPipeline]:Processing playlist page: 4, found 45 playlists
INFO:[DataPipeline]:Processing playlist page: 5, found 46 playlists
INFO:[DataPipeline]:Processing playlist page: 6, found 46 playlists
INFO:[DataPipeline]:Processing playlist page: 7, found 47 playlists
INFO:[DataPipeline]:Processing playlist page: 8, found 49 playlists
INFO:[DataPipeline]:Processing playlist page: 9, found 46 playlists
INFO:[DataPipeline]:Processing playlist page: 10, found 47 playlists
INFO:[DataPipeline]:Processing playlist page: 11, found 45 playlists
INFO:[DataPipeline]:Processing playlist page: 12, found 48 playlists
INFO:[DataPipeline]:Processing playlist page: 13, found 48 playlists
INFO:[DataPipeline]:Processing playlist page: 14, found 46 playlists
INFO:[DataPipeline]:Processing playlist page: 15, found 46 playlists
INFO:[DataPipeline]:Processing playlist page: 16, found 48 playlists
INFO:[DataPipeline]:Processing playlist page: 17, found 45 playlists
INFO:[DataPipeline]:Processing playlist page: 18, found 41 playlists
INFO:[DataPipeline]:Processing playlist page: 19, found 48 playlists
INFO:[DataPipeline]:Processing playlist page: 20, found 45 playlists
INFO:[DataPipeline]:Processing playlist page: 21, found 41 playlists
INFO:[DataPipeline]:Processing playlist page: 22, found 47 playlists
INFO:[DataPipeline]:Processing playlist page: 23, found 46 playlists
INFO:[DataPipeline]:Processing playlist page: 24, found 44 playlists
INFO:[DataPipeline]:Processing playlist page: 25, found 45 playlists
INFO:[DataPipeline]:Processing playlist page: 26, found 42 playlists
INFO:[DataPipeline]:Processing playlist page: 27, found 40 playlists
INFO:[DataPipeline]:Processing playlist page: 28, found 48 playlists
INFO:[DataPipeline]:Processing playlist page: 29, found 42 playlists
INFO:[DataPipeline]:Processing playlist page: 30, found 44 playlists
INFO:[DataPipeline]:Processing playlist page: 31, found 40 playlists
INFO:[DataPipeline]:Processing playlist page: 32, found 22 playlists
INFO:[DataPipeline]:Processing playlist page: 33, found 18 playlists
INFO:[DataPipeline]:Processing playlist page: 34, found 17 playlists
INFO:[DataPipeline]:Processing playlist page: 35, found 19 playlists
INFO:[DataPipeline]:Processing playlist page: 36, found 19 playlists
INFO:[DataPipeline]:Processing playlist page: 37, found 19 playlists
INFO:[DataPipeline]:Processing playlist page: 38, found 20 playlists
INFO:[DataPipeline]:Processing playlist page: 39, found 4 playlists
INFO:[DataPipeline]:Processing playlist page: 40, found 17 playlists
INFO:[DataPipeline]:Processing playlist page: 41, found 19 playlists
INFO:[DataPipeline]:Processing playlist page: 42, found 21 playlists
INFO:[DataPipeline]:Processing playlist page: 43, found 19 playlists
INFO:[DataPipeline]:Processing playlist page: 44, found 20 playlists
INFO:[DataPipeline]:Processing playlist page: 45, found 19 playlists
INFO:[DataPipeline]:Processing playlist page: 46, found 17 playlists
INFO:[DataPipeline]:Processing playlist page: 47, found 41 playlists
INFO:[DataPipeline]:Processing playlist page: 48, found 20 playlists
INFO:[DataPipeline]:Processing playlist page: 49, found 0 playlists
INFO:[DataPipeline]:Total playlists found about topic: ä¸­å›½é£: 1781
INFO:[DataPipeline]:PlayList: [7692240932] ã€å¤éŸµå¤é£ã€‘å¯»è§…ä¸­å›½é£ (0/1781) has 199 songs.
INFO:[DataPipeline]:PlayList: [7166060330] ä¸­å›½é£ä»£è¡¨ä½œï¼šä¸€äººä¸€é¦–ç»å…¸æ›² (1/1781) has 148 songs.
INFO:[DataPipeline]:PlayList: [8100258617] ã€çº¯éŸ³ã€‘å”¯ç¾ä¸­å›½é£ï¼Œæ‚ æ‚ åå¤éŸµ (2/1781) has 23 songs.
INFO:[DataPipeline]:PlayList: [7570155999] è¶…å¥½å¬çš„ä¸­å›½é£ï¼Œéƒ½é€‚åˆå•æ›²å¾ªç¯ (3/1781) has 74 songs.
INFO:[DataPipeline]:PlayList: [7391629553] è®ºä¸­å›½é£ï¼Œæˆ‘åªæœæ–¹æ–‡å±± (4/1781) has 40 songs.
INFO:[DataPipeline]:PlayList: [1757933544] &#32;90åè®°å¿†ä¸­çš„ä¸­å›½é£ï¼šæµè¡Œæ­Œæ›²ä¸­çš„è¯—æ„ (5/1781) has 79 songs.
INFO:[DataPipeline]:PlayList: [2671455047] ã€Œåè¯­ã€è¯—æ„ä¸­å›½é£ (6/1781) has 106 songs.
INFO:[DataPipeline]:PlayList: [6990664122] æŠ–éŸ³çƒ­æ’­ä¸­å›½é£éŸ³ä¹åˆé›† (7/1781) has 24 songs.
INFO:[DataPipeline]:PlayList: [7817836998] ã€ä¸­å›½é£ã€æ¢¦å›é‚£å¹´æ±Ÿå—çƒŸé›¨ğŸ¥€ (8/1781) has 45 songs.
INFO:[DataPipeline]:PlayList: [8088303193] å¨“å¨“é“æ¥ä¸­å›½é£&#124;å¼ å£å³æ˜¯ä¸­å›½è…” (9/1781) has 44 songs.
INFO:[DataPipeline]:Sleep for: 37
INFO:[DataPipeline]:PlayList: [7981710321] èŠ±å‰æœˆä¸‹ï¼Œç¬›å£°æ›¼å¦™é£˜æ´’ï½œä¸­å›½é£ (10/1781) has 126 songs.
INFO:[DataPipeline]:PlayList: [7716529834] ä¸­å›½é£BGMï½œå°‘å¹´è‡ªæœ‰å°‘å¹´ç‹‚ (11/1781) has 45 songs.
INFO:[DataPipeline]:PlayList: [1738768842] ä¸€äººä¸€é¦–ä¸­å›½é£ (12/1781) has 20 songs.
INFO:[DataPipeline]:PlayList: [1159589645] çˆ·çˆ·å¥¶å¥¶å¬äº†ä¹Ÿä¼šçˆ±ä¸Šçš„ä¸­å›½é£åˆé›† (13/1781) has 130 songs.
INFO:[DataPipeline]:PlayList: [7971558140] ç”µå­å›½é£ï¼šå¹´è½»ä¸€ä»£çš„æ‘©ç™»ä¸­å›½é£ (14/1781) has 24 songs.
INFO:[DataPipeline]:PlayList: [3219243115] è®ºä¸­å›½é£ï¼Œæˆ‘åªæœæ–¹æ–‡å±± (15/1781) has 44 songs.
INFO:[DataPipeline]:PlayList: [7930892302] ä¸­å›½é£è¯´å”±&#32;&#124;&#32;å±•ç°ä¸­åç²¾æ°”ç¥ (16/1781) has 28 songs.
INFO:[DataPipeline]:PlayList: [8006561394] ä¸­å›½é£é›†ç¾ä¸¨åå¤ç‹¬å…·çš„é­…åŠ›éŸµè…” (17/1781) has 180 songs.
INFO:[DataPipeline]:PlayList: [1129502203] è¿™äº›ä¸­å›½é£æ­Œæ›²ä½ è¿˜è®°å¾—å—ï¼Ÿ (18/1781) has 21 songs.
INFO:[DataPipeline]:PlayList: [8000081582] æ¬§ç¾ä¸­å›½é£&#32;&#124;&#32;é¢†ç•¥ä¸­è¥¿ç»“åˆä¹‹ç¾ (19/1781) has 30 songs.
INFO:[DataPipeline]:Sleep for: 64
INFO:[DataPipeline]:PlayList: [7739922965] ä¸­å›½é£&#32;&#124;&#32;åŸæ¥è‹±é›„æ˜¯å­¤ç‹¬ (20/1781) has 29 songs.
INFO:[DataPipeline]:PlayList: [8021189659] ä¸­å›½é£ï¼šä¸€è¢­çº¢è¡£ï¼Œäºˆä½ ä¸€æ›²éªŠæ­Œ (21/1781) has 53 songs.
INFO:[DataPipeline]:PlayList: [8081646313] ç¥è¿·å¿ƒé†‰ï½œæ¬§ç¾ä¸­å›½é£ (22/1781) has 50 songs.
INFO:[DataPipeline]:PlayList: [7950244708] è¯´å”±é‡ä¸Šä¸­å›½é£ï½œå”‡æªèˆŒå‰‘é—¯æ±Ÿæ¹– (23/1781) has 54 songs.
INFO:[DataPipeline]:PlayList: [8032349309] åè¯­å˜»å“ˆä¸¨çº¯æ­£çš„ä¸­å›½é£ (24/1781) has 24 songs.
INFO:[DataPipeline]:PlayList: [4247123729] å½±è§†å‰§é‡Œçš„ä¸­å›½é£ç”·å£° (25/1781) has 127 songs.
INFO:[DataPipeline]:PlayList: [7955981471] ä¸­å›½é£ï½œå±±æ²³ä¸ä¸ºé‡ï¼Œé‡åœ¨å¾—çŸ¥å·± (26/1781) has 54 songs.
INFO:[DataPipeline]:PlayList: [7673314520] å¤é£äº¦å¯DJï½œä¸­å›½é£ä¹Ÿèƒ½è¹¦è¿ª (27/1781) has 43 songs.
INFO:[DataPipeline]:PlayList: [7691843535] ä¸­å›½é£ï½œå€¾å¬ä¸€æ›²ï¼ŒéŸµå¾‹ç»•å¿ƒå¤´ (28/1781) has 31 songs.
INFO:[DataPipeline]:PlayList: [8016254616] ä¸­å›½é£çº¯éŸ³Â·è†å¬ä¸œæ–¹æ–‡åŒ–çš„éŸµå¾‹ (29/1781) has 23 songs.
INFO:[DataPipeline]:Sleep for: 84
INFO:[DataPipeline]:PlayList: [7199774015] ä¸­å›½é£&#32;&#124;&#32;ä»™ä¾ ç”µè§†å‰§æ­Œæ›²ç›˜ç‚¹ (30/1781) has 28 songs.
INFO:[DataPipeline]:PlayList: [8035876080] ä¸­å›½é£&#32;&#124;&#32;åé£éŸµè…”é†‰çº¢å°˜ (31/1781) has 38 songs.
INFO:[DataPipeline]:PlayList: [6966299000] å½±è§†æ­Œæ›²ä¸­çš„ä¸­å›½é£ (32/1781) has 24 songs.
INFO:[DataPipeline]:PlayList: [7910861252] è½»å¿«ä¸­å›½é£ï½œè¯—æ„æ¼«æ¼«å…¥å¿ƒæ‰‰ (33/1781) has 21 songs.
INFO:[DataPipeline]:PlayList: [7908734292] å¤éŸµä¸­å›½é£ï½œæƒŠé¸¿ä¸€æ›²ä¹±æˆ‘å¿ƒ (34/1781) has 36 songs.
INFO:[DataPipeline]:PlayList: [2039451577] éŸ³ä¹é¬¼æ‰è®¸åµ©çš„ä¸­å›½é£ (35/1781) has 20 songs.
INFO:[DataPipeline]:PlayList: [6756025618] ä¸­å›½é£ç³»åˆ—ï¼šæŠŠé…’çº¢å°˜ï½œé†‰æ¢¦ä¸€åœº (36/1781) has 620 songs.
INFO:[DataPipeline]:PlayList: [7947563633] å½±è§†ä¸­å›½é£ï½œè™æ‹åƒå¹´ï¼Œæƒ…å®šä¸‰ç”Ÿ (37/1781) has 66 songs.
INFO:[DataPipeline]:PlayList: [2061196244] ä¸­å›½é£ä¸¨æ„¿å¾—ä¸€äººå¿ƒï¼Œç™½é¦–ä¸ç›¸ç¦» (38/1781) has 63 songs.
INFO:[DataPipeline]:PlayList: [7328419661] ã€Œä¸­å›½é£çº¯éŸ³ã€å€šæ å¬é£ï¼Œå¦‚æ¢¦å¦‚é†‰ (39/1781) has 20 songs.
INFO:[DataPipeline]:Sleep for: 123
INFO:[DataPipeline]:PlayList: [771437188] å”¯ç¾åŠ¨å¬çš„ä¸­å›½é£å¥³å£° (40/1781) has 30 songs.
INFO:[DataPipeline]:PlayList: [7956387274] ä¸­å›½é£&#32;ï½œ&#32;æ–©ä¸æ–­çš„ç›¸æ€æƒ…é•¿ (41/1781) has 56 songs.
INFO:[DataPipeline]:PlayList: [7780937333] ä¸­å›½é£&#32;&#124;&#32;é¢†ç•¥å”å®‹å…ƒæ˜æ¸…çš„éŸµå¾‹ (42/1781) has 32 songs.
INFO:[DataPipeline]:PlayList: [7913300510] ä¸­å›½é£ï½œç©¿è¶Šäº†åƒç™¾å¹´æ—¶å…‰çš„ç›¸é‡ (43/1781) has 20 songs.
INFO:[DataPipeline]:PlayList: [7883913336] æ°‘ä¹çº¯éŸ³ï½œæ‰“å¼€ä¸­å›½é£å¤éŸµå®ç›’ (44/1781) has 25 songs.
INFO:[DataPipeline]:PlayList: [7714954224] å¤éŸµä¸­å›½é£&#58;å¯‚å¯ç©ºåº­æ˜¥æ¬²æ™š (45/1781) has 28 songs.
INFO:[DataPipeline]:PlayList: [7617792408] ã€ä¸­å›½é£ã€‘æµè¡ŒéŸ³ä¹æ’ä¸Šç¥ä»™æˆè…” (46/1781) has 29 songs.
INFO:[DataPipeline]:PlayList: [7371247029] ç‡ƒå‘ä¸­å›½é£&#32;Â·&#32;å¤©ä¸‹é£äº‘å‡ºæˆ‘è¾ˆ (47/1781) has 25 songs.
INFO:[DataPipeline]:PlayList: [7754958821] ã€ä¸­å›½é£ã€ä½•å½“å…±å‰ªè¥¿çª—çƒ› (48/1781) has 25 songs.
INFO:[DataPipeline]:PlayList: [4247108355] å½±è§†å‰§é‡Œçš„ä¸­å›½é£å¯¹å”± (49/1781) has 95 songs.
INFO:[DataPipeline]:Sleep for: 76
INFO:[DataPipeline]:PlayList: [6271483957] æ¸…æ­Œä¼ çš“é½¿&#32;&#124;&#32;å¤é£ä¸ä¸­å›½é£ (50/1781) has 71 songs.
INFO:[DataPipeline]:PlayList: [7795709923] ä¸­å›½é£ï½œé’ç¯é»„å·ï¼Œæ— å¤„è¯å‡„å‡‰ (51/1781) has 72 songs.
INFO:[DataPipeline]:PlayList: [8016208442] ã€ç²¤è¯­ä¸­å›½é£ã€é¢†ç•¥ç²¤éŸµé£åä¹‹ç¾ (52/1781) has 38 songs.
INFO:[DataPipeline]:PlayList: [1121040801] ç”¨å¿ƒè†å¬ï¼ŒéŸµå‘³ä¸­å›½é£ (53/1781) has 30 songs.
INFO:[DataPipeline]:PlayList: [3632971993] å…¨èƒ½GAI&#32;&#124;&#32;ä¸­å›½é£è¯´å”± (54/1781) has 109 songs.
INFO:[DataPipeline]:PlayList: [7440131804] 100é¦–å½±è§†æ­Œæ›²ï¼Œé¢†æ‚Ÿä¸­å›½é£éŸµå‘³ (55/1781) has 126 songs.
INFO:[DataPipeline]:PlayList: [1434686238] ã€å¤é£ã€‘æ‹æ‹ä¸­å›½é£&#32;å¹½å¹½æ•…äººæƒ… (56/1781) has 18 songs.
INFO:[DataPipeline]:PlayList: [1132507358] ç¼–è¾‘æ¨èï½œä¸€äººä¸€é¦–éŸµå‘³ä¸­å›½é£ (57/1781) has 50 songs.
INFO:[DataPipeline]:PlayList: [7701952288] å¤éŸµä¸­å›½é£â€–ä¸‰å†¬ä½ å¯æ„¿æ¥ (58/1781) has 46 songs.
INFO:[DataPipeline]:PlayList: [6967276561] æŠšç´ç…®èŒ¶ï¼Œå“ä¸€æ›²é›…è‡´ä¸­å›½é£&#32; (59/1781) has 32 songs.
INFO:[DataPipeline]:Sleep for: 178
INFO:[DataPipeline]:PlayList: [2924951291] ä¸­å›½é£ï¼Œä¸€æ›²ç¦»éªšè®©äººä¼¤ (60/1781) has 22 songs.
INFO:[DataPipeline]:PlayList: [7060359081] è¶…çº§è™å¿ƒçš„ä¸­å›½é£å–Šéº¦åˆé›† (61/1781) has 34 songs.
INFO:[DataPipeline]:PlayList: [7717220125] ä¸­å›½é£ï¼šä¸€æ›²ç›¸æ€ï¼Œä¸€é¥®å¦‚æ¢¦ (62/1781) has 20 songs.
INFO:[DataPipeline]:PlayList: [5358567914] äº²æˆšé¢å‰éœ²ä¸€æ‰‹ï¼ä¸­å›½é£Kæ­Œé‡‘æ›² (63/1781) has 48 songs.
INFO:[DataPipeline]:PlayList: [802926776] æ­ªæœåŸå£°å¤§æ‹¿ç¬”ä¸‹çš„ä¸­å›½é£é…ä¹ (64/1781) has 20 songs.
INFO:[DataPipeline]:PlayList: [7968934144] ã€ä¸­å›½é£ã€çº¢æ¢…åˆå¼€ï¼Œä½³äººç»ˆæ¥ (65/1781) has 61 songs.
INFO:[DataPipeline]:PlayList: [7081812527] ä¸­å›½é£&#32;&#124;&#32;ç»å…¸å½±è§†å¤§å…¨ (66/1781) has 66 songs.
INFO:[DataPipeline]:PlayList: [7772575439] ä¸­å›½é£ï½œä¸€æ¯ç›¸æ€é…’ï¼Œä¸€æ›²å¤é£éŸµ (67/1781) has 20 songs.
INFO:[DataPipeline]:PlayList: [4277790694] é€‚åˆä¹¦å§çš„ä¸­å›½é£çº¯éŸ³ä¹ (68/1781) has 80 songs.
INFO:[DataPipeline]:PlayList: [2860235555] ä¸­å›½é£ï¼šä½™éŸµæ‚ æ‰¬å¯„ä»¥å¿ƒ (69/1781) has 81 songs.
INFO:[DataPipeline]:Sleep for: 123
INFO:[DataPipeline]:PlayList: [7733252518] æƒŠè‰³ä¸­å›½é£ï¼šä¸‰ç”Ÿæœ‰å¹¸é‡è§ä½  (70/1781) has 49 songs.
INFO:[DataPipeline]:PlayList: [811110445] ç²¤è¯­å°è®°&#32;&#124;&#32;ä¸­å›½é£çš„éŸµå¾‹ (71/1781) has 50 songs.
INFO:[DataPipeline]:PlayList: [7925273673] ä¸­å›½é£çº¯éŸ³&#32;ï½œ&#32;è¢…è¢…éŸ³éŸµæ„Ÿæ‚Ÿäººç”Ÿ (72/1781) has 61 songs.
INFO:[DataPipeline]:PlayList: [6968595893] ç‹¬ä¸Šå…°èˆŸï¼Œå¯»ä¸€æ›²æ‚ æ‚ ä¸­å›½é£ (73/1781) has 26 songs.
INFO:[DataPipeline]:PlayList: [7653762392] ä¸­å›½é£ï¼Œè†å¬å¤ä»£çš„å£°éŸ³ã€‚ (74/1781) has 35 songs.
INFO:[DataPipeline]:PlayList: [2371751710] ã€Œä¸­å›½é£ã€&#32;ä¸€è¢­é’è¡£ï¼ŒæŸ“å°±ä¸€æ ‘èŠ³å (75/1781) has 80 songs.
INFO:[DataPipeline]:PlayList: [7736961505] ã€ä¸­å›½é£ã€æ­¦å£«é“Â·ä¸ºçŸ¥å·±è€…æ­» (76/1781) has 22 songs.
INFO:[DataPipeline]:PlayList: [2594324022] ä¸­å›½é£ï¼Œä½“ä¼šå¤éŸµå¦–å¨† (77/1781) has 24 songs.
INFO:[DataPipeline]:PlayList: [3514109038] ä¸­å›½é£Â·ä¸€æ›²æ‚ æ‰¬æ¼«ç¯±å¢™ (78/1781) has 35 songs.
INFO:[DataPipeline]:PlayList: [7817881246] ä¸­å›½é£ï¼šæ— äººå‚¬é€è«æ„æ¥ (79/1781) has 32 songs.
INFO:[DataPipeline]:Sleep for: 109
INFO:[DataPipeline]:PlayList: [2909820514] å¤é£ä¹‹éŸµ&#32;å”¯ç¾ä¸­å›½é£&#32;æ‚ æ‚ æ¥è¢­ (80/1781) has 23 songs.
INFO:[DataPipeline]:PlayList: [1783173810] é¥®ä¸€æ›²é†‰ç¾ä¸­å›½é£&#58;&#32;æŸ”æƒ…ä¼¼æ°´ï¼Œä½³æœŸå¦‚æ¢¦ (81/1781) has 44 songs.
INFO:[DataPipeline]:PlayList: [7485461691] èŒèŒå“’å¤©å›¢&#32;&#124;&#32;ä¸­å›½é£æœ€ç¾å¥³å›¢ (82/1781) has 249 songs.
INFO:[DataPipeline]:PlayList: [1162880422] ä¸­å›½é£ï¼šæ—§æ—¥æ—¶å…‰ï¼Œé™å€™ä¸€åœºä¹…åˆ«çš„é‡é€¢ã€‚ (83/1781) has 32 songs.
INFO:[DataPipeline]:PlayList: [7824128681] ä¸­å›½é£ï¼šé›¨ç¢å°å‰æ¶¦æ¹¿é’å¸˜ (84/1781) has 25 songs.
INFO:[DataPipeline]:PlayList: [7222651249] é€é¥ä¸€æ¸¸&#32;Â·&#32;ä¸­å›½é£å®—å¸ˆå‘¨æ°ä¼¦ (85/1781) has 21 songs.
INFO:[DataPipeline]:PlayList: [1767939711] å¤é£pkä¸­å›½é£ï¼Œä½ æœ€çˆ±å“ªä¸€ç§ (86/1781) has 121 songs.
INFO:[DataPipeline]:PlayList: [2911745961] å¤é£ä¹‹éŸµ&#32;å”¯ç¾ä¸­å›½é£ï¼ˆåˆå”±ï¼‰ (87/1781) has 18 songs.
INFO:[DataPipeline]:PlayList: [2072789141] ä¸­å›½é£ç”µéŸ³ï¼šæ•¢é—®ä¸Šå¤©ï¼Œæ˜¯å¦æœ‰ä»™ï¼Ÿ (88/1781) has 41 songs.
INFO:[DataPipeline]:PlayList: [3263692011] èŠ±å¼€ä¸€åƒå¹´,ç‹¬çœ‹æ²§æµ·åŒ–æ¡‘ç”°ä¹‹ä¸­å›½é£ (89/1781) has 56 songs.
INFO:[DataPipeline]:Sleep for: 82
INFO:[DataPipeline]:PlayList: [7233780688] ã€ä¸­å›½é£ã€‘å®…å®¶è¿½å¤è£…å‰§å¿…å¤‡ (90/1781) has 28 songs.
INFO:[DataPipeline]:PlayList: [1727752973] å¯„å›ä¸€æ›²ï¼Œæ¬§ç¾ä¸­å›½é£ (91/1781) has 19 songs.
INFO:[DataPipeline]:PlayList: [3234866278] æµ…å°æ‚ æ‰¬çš„ä¸­å›½è¨å…‹æ–¯é£ (92/1781) has 18 songs.
INFO:[DataPipeline]:PlayList: [7000774262] ä¸­å›½é£ç¿»å”±&#32;&#58;&#32;æ¸©æ¶¦å…¬å­éŸ³ (93/1781) has 20 songs.
INFO:[DataPipeline]:PlayList: [3283735297] æ¥ä¸€è½¦ä¸­å›½é£å°è¯´ï¼Œæˆ‘è¿˜å¯ä»¥ç»§ç»­çœ‹ï¼ (94/1781) has 56 songs.
INFO:[DataPipeline]:PlayList: [7001045133] ä¸­å›½é£çº¯éŸ³ä¸¨å‘Šåˆ«å‚é’“æ—¶çš„ç„¦è™‘ç—‡ (95/1781) has 34 songs.
INFO:[DataPipeline]:PlayList: [7863616072] å¤éŸµä¸­å›½é£ï½œç¬™æ­Œæ•£å°½å…®äººç¦» (96/1781) has 35 songs.
INFO:[DataPipeline]:PlayList: [7714958974] å¤éŸµä¸­å›½é£&#58;é“ºåé‡Œçº¢å¦†å¯æ„¿ (97/1781) has 29 songs.
INFO:[DataPipeline]:PlayList: [7192223383] æˆè…”ä¸­å›½é£ï¼šä¸‰åˆ†å”±å¿µä¸ƒåˆ†ä½œ (98/1781) has 42 songs.
INFO:[DataPipeline]:PlayList: [3512676916] ä¸­å›½é£&#32;&#32;&#32;ç™¾è½¬åƒå›æ¢¦ä¸æ–­ (99/1781) has 15 songs.
INFO:[DataPipeline]:Sleep for: 99
INFO:[DataPipeline]:PlayList: [7341056707] çº¢æ­Œç»å…¸ä¸­å›½é£&#32;è€é©å‘½æ­Œæ›² (100/1781) has 56 songs.
INFO:[DataPipeline]:PlayList: [7047529839] ä¾ å®¢ä¸­å›½é£&#32;Â·&#32;åŸåˆ°æ©ä»‡å¿ƒäº‹æ¶Œ (101/1781) has 36 songs.
INFO:[DataPipeline]:PlayList: [7743572752] ä¸­å›½é£&#32;&#124;&#32;æ±Ÿå—é£å‘³ï¼Œè¯—æ„ç™¾æ™¯ (102/1781) has 50 songs.
INFO:[DataPipeline]:PlayList: [7956356541] çº¯éŸ³ä¹&#32;ï½œ&#32;ç«¹ç¬›å¥æµ“æƒ…ä¼ æ‰¿ä¸­å›½é£ (103/1781) has 34 songs.
INFO:[DataPipeline]:PlayList: [7496274614] çº¢æ­Œç»å…¸ä¸­å›½é£&#32;è€é©å‘½æ­Œæ›² (104/1781) has 144 songs.
INFO:[DataPipeline]:PlayList: [7505292442] å½±è§†ä¸»é¢˜æ›²&#32;&#58;&#32;ä¸­å›½é£é‡Œçª¥ç›¸æ€ (105/1781) has 27 songs.
INFO:[DataPipeline]:PlayList: [7684050920] æµ“éƒçš„ä¸­å›½é£ï¼Œå”¯ç¾é›…è‡´çš„äº«å—ã€‚ (106/1781) has 30 songs.
INFO:[DataPipeline]:PlayList: [7709790861] ä¸­å›½é£&#32;&#124;&#32;è¡€æŸ“æ±Ÿå±±ç”»æ€æ•Œä½ çœ‰é—´ (107/1781) has 24 songs.
INFO:[DataPipeline]:PlayList: [7266932006] ä¸­å›½é£çº¯éŸ³ï¼š&#32;ä¸€æ›²ç¬™æ­Œæ‹ç‰ç®« (108/1781) has 49 songs.
INFO:[DataPipeline]:PlayList: [7222822024] ç¿©ç¿©å…¬å­&#32;Â·&#32;éœå°Šçš„ä¸­å›½é£ä¸–ç•Œ (109/1781) has 25 songs.
INFO:[DataPipeline]:Sleep for: 141
INFO:[DataPipeline]:PlayList: [7955400642] è¶æ‹èŠ±ï¼šæµè¡ŒéŸ³ä¹ä¸­è•´è—çš„ä¸­å›½é£ (110/1781) has 50 songs.
INFO:[DataPipeline]:PlayList: [7782684499] ä¸€èµ·å å…¥Sandçš„ä¸­å›½é£ç”µéŸ³ä¸–ç•Œ (111/1781) has 108 songs.
INFO:[DataPipeline]:PlayList: [2924951304] ä¸­å›½é£ï¼Œæ–°æ—§æ–‡åŒ–çš„ç¢°æ’ (112/1781) has 20 songs.
INFO:[DataPipeline]:PlayList: [6946825664] ä¸­å›½é£&#32;Â·&#32;è½èŠ±ç‰‡ç‰‡éšæ°´æµ (113/1781) has 22 songs.
INFO:[DataPipeline]:PlayList: [2067204346] ã€Œä¸­å›½é£ç²¤è¯­ã€æ‰¿è½½ä½ çš„æ­¦ä¾ æ¢¦ (114/1781) has 87 songs.
INFO:[DataPipeline]:PlayList: [841440790] æƒ…è¿·ä¸­å›½é£Â·ç”µè§†å‰§ (115/1781) has 18 songs.
INFO:[DataPipeline]:PlayList: [1136459893] æœ€åŠ¨å¬çš„ä¸­å›½é£çº¯éŸ³ä¹ (116/1781) has 18 songs.
INFO:[DataPipeline]:PlayList: [7346984845] ä¸­å›½é£éŸµå¾‹ï¼šé™å“çµåŠ¨ä¹‹éŸ³ (117/1781) has 28 songs.
INFO:[DataPipeline]:PlayList: [7857600806] ã€Œä¸­å›½é£ã€å²æœˆé™å¥½ï¼Œå¤œè‰²æ¸©æŸ” (118/1781) has 21 songs.
INFO:[DataPipeline]:PlayList: [1736812809] å”¯æœ‰ä¸­å›½é£ä¸ç„å¹»æœ€é… (119/1781) has 31 songs.
INFO:[DataPipeline]:Sleep for: 87
INFO:[DataPipeline]:PlayList: [2372395302] ç¼±ç»»ä¸­å›½é£ï¼Œè¯—æ„åå¤é­‚ (120/1781) has 102 songs.
INFO:[DataPipeline]:PlayList: [7709305834] æœ€ç¾ä¸­å›½é£ï½œæ›²è°ƒæ‚ æ‰¬é†‰äººå¿ƒ (121/1781) has 32 songs.
INFO:[DataPipeline]:PlayList: [1776725921] ä¸­å›½é£ï½œä¸€æ›²ä¸­å›½é£ï¼Œå¬é†‰å¤šå°‘äºº (122/1781) has 34 songs.
INFO:[DataPipeline]:PlayList: [6937834398] ä¼¤æ„Ÿä¸­å›½é£&#32;Â·&#32;ä¸æ›¾å¿µæ›²ä¸­äºº (123/1781) has 23 songs.
INFO:[DataPipeline]:PlayList: [7740100776] å¤éŸµä¸­å›½é£ï½œä¸€ç§ç›¸æ€ï¼Œä¸¤å¤„é—²æ„ (124/1781) has 25 songs.
INFO:[DataPipeline]:PlayList: [3267181404] ä¸­å›½é£ç”µå­ï¼Œå©‰çº¦ä¸å¤§æ°”çš„å®Œç¾ç»“åˆ (125/1781) has 181 songs.
INFO:[DataPipeline]:PlayList: [7796297075] ä¸­å›½é£çº¯éŸ³ï½œä¸€æ›²å€¾è¿°è¡·æƒ… (126/1781) has 28 songs.
INFO:[DataPipeline]:PlayList: [2942072450] æ–¹æ–‡å±±ç¬”ä¸‹çš„å”¯ç¾ä¸­å›½é£ (127/1781) has 30 songs.
INFO:[DataPipeline]:PlayList: [7540655463] è¯—æ„ä¸­å›½é£ï¼Œå½±è§†æƒ…ä¸­å‘³ (128/1781) has 312 songs.
INFO:[DataPipeline]:PlayList: [3243785822] è€³æœµæµ‹è¯•ï¼è¿™äº›æ¬§ç¾æ­Œé‡Œå±…ç„¶æœ‰ä¸­å›½é£ï¼Ÿ (129/1781) has 31 songs.
INFO:[DataPipeline]:Sleep for: 34
INFO:[DataPipeline]:PlayList: [7710925048] å¤éŸµä¸­å›½é£â€–èŠ±å¼€æ»¡åŸä¸ºä¸€äºº (130/1781) has 41 songs.
INFO:[DataPipeline]:PlayList: [3730268754] ä¸­å›½é£PKå¤é£ï¼šç«¹æ—æ·±å¤„å¾…å›çœ¸ (131/1781) has 120 songs.
INFO:[DataPipeline]:PlayList: [7631153147] ä¸­å›½é£ä¸¨å­¤é¥®ä¸€ç“¢é…’ï¼Œç‹¬æœ›æ…°é£å°˜ (132/1781) has 45 songs.
INFO:[DataPipeline]:PlayList: [7824716456] ä¸­å›½é£ï½œä¸å›ç¦»åˆ«æ„&#32;å‡„å‡„å¤å‡„å‡„ (133/1781) has 32 songs.
INFO:[DataPipeline]:PlayList: [7071773405] æœ€ç¾ä¸è¿‡ä¸­å›½é£ï¼Œæœ€å¥½ä¸è¿‡çœ¼å‰äºº (134/1781) has 31 songs.
INFO:[DataPipeline]:PlayList: [1136461566] æ–¹æ–‡å±±ï¼Œéšè—åœ¨é‡‰è‰²é‡Œçš„ä¸­å›½é£ç§˜å¯†ï¼ˆä¸€ï¼‰ (135/1781) has 35 songs.
INFO:[DataPipeline]:PlayList: [7734763934] ä¼¤æ„Ÿä¸­å›½é£ï½œä¸€å¯¸ç›¸æ€ï¼Œä¸€å¯¸ä¼¤æ‚² (136/1781) has 31 songs.
INFO:[DataPipeline]:PlayList: [7024085381] ä¸­å›½é£&#32;&#124;&#32;æ¾çƒŸå…¥å¢¨ï¼Œç¬”ç”»æ±Ÿå— (137/1781) has 20 songs.
INFO:[DataPipeline]:PlayList: [7616518963] ã€ä¸­å›½é£è¹¦è¿ªã€å¤é£ä¸­æ–‡DJ (138/1781) has 205 songs.
INFO:[DataPipeline]:PlayList: [2638630804] ä¸­å›½é£ä¸¨å¤©çœŸçƒ‚æ¼«å°‘å¥³éŸ³ (139/1781) has 20 songs.
INFO:[DataPipeline]:Sleep for: 53
INFO:[DataPipeline]:PlayList: [7790936884] ä¸­å›½é£æ—¥æ¼«ï¼šã€Šä¸æ€è®®æ¸¸æˆã€‹ (140/1781) has 94 songs.
INFO:[DataPipeline]:PlayList: [7057140649] ä¸­å›½é£&#32;Â·&#32;æœˆä¸‹å¯„ç›¸æ€ (141/1781) has 25 songs.
INFO:[DataPipeline]:PlayList: [1779062785] å…¬å­ä¸–æ— åŒï¼šå¤è£…ç”·ç¥ä¹Ÿçˆ±å”±ä¸­å›½é£ (142/1781) has 42 songs.
INFO:[DataPipeline]:PlayList: [3497676655] ç•…å¬æœ€ç¾ä¸­å›½é£æ—‹å¾‹ (143/1781) has 46 songs.
INFO:[DataPipeline]:PlayList: [7827217689] å”¯ç¾ä¸­å›½é£ï¼šæ„Ÿå—å›½ç”»çš„å±±å·ä¹‹ç¾ (144/1781) has 16 songs.
INFO:[DataPipeline]:PlayList: [7049782870] ä¼¼æ°´æŸ”æƒ…&#32;Â·&#32;å¥³å£°ç¿»å”±ä¸­å›½é£ (145/1781) has 24 songs.
INFO:[DataPipeline]:PlayList: [7276694795] æœ€ç¾ä¸­å›½é£ï¼Œå¬æ›²é†‰äººå¿ƒ (146/1781) has 39 songs.
INFO:[DataPipeline]:PlayList: [7014279840] ä¸­å›½é£&#32;Â·&#32;æƒŸæœ‰é¥®è€…ç•™å…¶å (147/1781) has 25 songs.
INFO:[DataPipeline]:PlayList: [7816979002] ä¸­å›½é£ï¼šå›å­å¦‚å…°ï¼Œæ€ä¹‹å¯å½’ (148/1781) has 50 songs.
INFO:[DataPipeline]:PlayList: [2371751333] ã€Œå†å²æ—§å·ã€å¬æ—¥æœ¬éŸ³ä¹é‡Œçš„å£®ç¾ä¸­å›½é£ (149/1781) has 31 songs.
INFO:[DataPipeline]:Sleep for: 153
INFO:[DataPipeline]:PlayList: [7825130004] ä¸­å›½é£ï½œå¨˜å­çš„æ–°è¡£ï¼Œç”šæ˜¯ç¾ä¸½ (150/1781) has 20 songs.
INFO:[DataPipeline]:PlayList: [1127583888] ç»ç¾ä¸­å›½é£Â·åè¯­è¯æ›²å”±ä½œç²¾é€‰ (151/1781) has 15 songs.
INFO:[DataPipeline]:PlayList: [7793365363] ä¸­å›½é£&#32;Â·&#32;ç»†å“ä¸€æ›²æ±Ÿå—æŸ”æƒ… (152/1781) has 25 songs.
INFO:[DataPipeline]:PlayList: [7011570567] éŸµå‘³ä¸­å›½é£&#32;&#124;&#32;ä¸€æ›²é•¿æ­Œä¸€ä¸–æƒ… (153/1781) has 20 songs.
INFO:[DataPipeline]:PlayList: [7011437094] ä¸­å›½é£&#32;&#32;&#124;&#32;&#32;é¦™æ¸¯TVBç»å…¸æ­¦ä¾ å‰§çº¯ä¹ (154/1781) has 31 songs.
INFO:[DataPipeline]:PlayList: [1438487520] å¸¦ç»™ä½ æ¸©æš–è‡³å¿ƒçš„ä¸­å›½ç¬›å­é£çº¯éŸ³ä¹ (155/1781) has 18 songs.
INFO:[DataPipeline]:PlayList: [7795560146] ä¸­å›½é£ï¼šä¸€ä¸–æ·±æƒ…ï¼Œå´æœªç¹åè½å¹• (156/1781) has 47 songs.
INFO:[DataPipeline]:PlayList: [7726952924] ã€Œä¸­å›½é£ã€è¯—è¯æ­Œèµ‹çš„å¤ä»Šåˆå£ (157/1781) has 30 songs.
INFO:[DataPipeline]:PlayList: [7539313627] æ—¶ä¸‹æµè¡Œï¼šå½“Rapé‚‚é€…ä¸­å›½é£ (158/1781) has 62 songs.
INFO:[DataPipeline]:PlayList: [7021918213] ä¸­å›½é£æ°‘è°£&#32;&#124;&#32;å¼¹æŒ‡é—´ï¼Œåƒå¹´é€ (159/1781) has 28 songs.
INFO:[DataPipeline]:Sleep for: 168
INFO:[DataPipeline]:PlayList: [2067212972] å€¾å¬æµè¡Œæ­Œæ‰‹ä»¬çš„ä¸­å›½é£æƒ…æ€€ (160/1781) has 63 songs.
INFO:[DataPipeline]:PlayList: [7747085272] ä¸­å›½é£ç”·éŸ³ï¼šæ„å£°ç»­ï¼Œå²å²ç©ºæœŸè®¸ (161/1781) has 31 songs.
INFO:[DataPipeline]:PlayList: [1129354358] ã€Œä¸­å›½é£â¤å¬é—»ã€æ­¤æƒ…æ— è®¡å¯æ¶ˆé™¤ (162/1781) has 20 songs.
INFO:[DataPipeline]:PlayList: [7710313752] å¤éŸµä¸­å›½é£ï½œçº¢è¡£ä½³äººæ¼«æ­¥é˜…æ±Ÿæ¥¼ (163/1781) has 33 songs.
INFO:[DataPipeline]:PlayList: [6997076434] ä¸­å›½é£éŸµå¾‹&#32;&#124;&#32;ç²¤è¯­å°è®° (164/1781) has 47 songs.
INFO:[DataPipeline]:PlayList: [7471893906] è¯„è®º999&#43;ä¸­å›½é£è¯´å”±ï¼ˆæŒæ›´ï¼‰ (165/1781) has 48 songs.
INFO:[DataPipeline]:PlayList: [7690891539] ä¸­å›½é£&#32;&#124;&#32;æ¢¦é†’ç¹åï¼Œä¸€åŸè’èŠœ (166/1781) has 138 songs.
INFO:[DataPipeline]:PlayList: [7108016227] 2019å¹´ä¸­å›½é£æ–°æ­Œç²¾é€‰é›† (167/1781) has 288 songs.
INFO:[DataPipeline]:PlayList: [1136523779] ä¸­å›½é£Â·å±±å¤–å°æ¥¼å¬é£ (168/1781) has 19 songs.
INFO:[DataPipeline]:PlayList: [7073314723] ä¸­å›½é£è¯´å”±&#32;Â·&#32;èƒ¸ä¸­æ­£æ°”å¡å¤©åœ° (169/1781) has 42 songs.
INFO:[DataPipeline]:Sleep for: 162
INFO:[DataPipeline]:PlayList: [7060353277] éšè—åœ¨æµè¡Œæ›²ä¸­çš„ä¸­å›½é£æ—‹å¾‹ (170/1781) has 53 songs.
INFO:[DataPipeline]:PlayList: [7249316000] ä¼¼æ°´æµå¹´&#32;Â·&#32;è¯„è®º999&#43;ä¸­å›½é£çƒ­æ­Œ (171/1781) has 36 songs.
INFO:[DataPipeline]:PlayList: [1724675670] 2016å½±è§†ä¸­å›½é£éŸ³ä¹ï¼ˆä¸Šï¼‰ (172/1781) has 33 songs.
INFO:[DataPipeline]:PlayList: [7816991366] ä¸­å›½é£ï¼šè°æ›¾è®°èµ·å½“å¹´ç‹¬æ–Ÿæœˆä¸‹ (173/1781) has 28 songs.
INFO:[DataPipeline]:PlayList: [2371688328] ä¸­å›½ç”µå­Vol&#46;2&#32;&#124;&#32;ä¸­å›½é£ä¹Ÿå¯ä»¥å¾ˆé…·ç‚« (174/1781) has 34 songs.
INFO:[DataPipeline]:PlayList: [7346984894] å”¯ç¾ä¸­å›½é£ï¼šé’å±±æµæ°´é—´çš„çµéŸ³ (175/1781) has 21 songs.
INFO:[DataPipeline]:PlayList: [7041353925] ä¸­å›½é£ç¿»å”±&#32;Â·&#32;å¾’æ­¤æ¬æ¸…èŠ¬ (176/1781) has 20 songs.
INFO:[DataPipeline]:PlayList: [7014439524] ä¸­å›½é£&#32;Â·&#32;ä½•æ—¥å›å†æ¥ (177/1781) has 44 songs.
INFO:[DataPipeline]:PlayList: [7107947155] æ›²éŸµæ‚ é•¿&#32;Â·&#32;å½±è§†å‰§ä¹‹ä¸­å›½é£ (178/1781) has 27 songs.
INFO:[DataPipeline]:PlayList: [7749288191] ä¸­å›½é£ï½œå‡ç˜¦ä¸€æ¹¾å²æœˆï¼Œç§‹è‰²å†‰å†‰ (179/1781) has 30 songs.
INFO:[DataPipeline]:Sleep for: 37
INFO:[DataPipeline]:PlayList: [7328432127] ä¸­å›½é£&#32;&#124;&#32;å›è¡åœ¨æ—é—´çš„çµåŠ¨ä¹‹éŸ³ (180/1781) has 25 songs.
INFO:[DataPipeline]:PlayList: [2356734882] å¬æµè¡Œä¸­å›½é£ï¼Œå¹ç¼±ç»»æ·¡é›…æƒ… (181/1781) has 18 songs.
INFO:[DataPipeline]:PlayList: [7304079503] ä¸­å›½é£çº¯éŸ³&#32;Â·&#32;ä»™ä¾ ä¸–ç•Œé‡Œçš„æ±Ÿæ¹– (182/1781) has 26 songs.
INFO:[DataPipeline]:PlayList: [7293757790] æˆè…”ä¸­å›½é£&#32;Â·&#32;ç»•æ¢ä¸‰æ—¥ä¸æ›¾ç»&#32; (183/1781) has 30 songs.
INFO:[DataPipeline]:PlayList: [7733103461] ã€ä¸­å›½é£ã€‘æ¢¦é†’ç¹åï¼Œä¸€åŸè’èŠœ (184/1781) has 36 songs.
INFO:[DataPipeline]:PlayList: [7293757790] æˆè…”ä¸­å›½é£&#32;Â·&#32;ç»•æ¢ä¸‰æ—¥ä¸æ›¾ç»&#32; (185/1781) has 30 songs.
INFO:[DataPipeline]:PlayList: [7733103461] ã€ä¸­å›½é£ã€‘æ¢¦é†’ç¹åï¼Œä¸€åŸè’èŠœ (186/1781) has 36 songs.
INFO:[DataPipeline]:PlayList: [7697551922] ä¸­å›½é£å¤é£ (187/1781) has 135 songs.
INFO:[DataPipeline]:PlayList: [1979019513] ä¸­å›½é£çš„éŸµå‘³ (188/1781) has 18 songs.
INFO:[DataPipeline]:PlayList: [1136524418] ã€Œä¸­å›½é£ã€æœ‰äººçš„åœ°æ–¹å°±æœ‰æ±Ÿæ¹– (189/1781) has 18 songs.
INFO:[DataPipeline]:Sleep for: 91
INFO:[DataPipeline]:PlayList: [2926037555] å¦‚æ¢¦å¦‚å¹»ï¼Œå¦‚è¯—å¦‚ç”»ä¸­å›½é£ (190/1781) has 15 songs.
INFO:[DataPipeline]:PlayList: [1129351670] ã€Œä¸­å›½é£â¤å€¾ä¸–ã€äººç”Ÿæœ‰å‘³æ˜¯æ¸…æ¬¢ (191/1781) has 19 songs.
INFO:[DataPipeline]:PlayList: [7535634794] ä¸ƒæœµç»„åˆ&#32;&#124;&#32;æµ“æµ“çš„ä¸­å›½é£ (192/1781) has 47 songs.
INFO:[DataPipeline]:PlayList: [1074287534] ç•…å¬æœ€ç¾çš„ä¸­å›½é£æ—‹å¾‹ (193/1781) has 41 songs.
INFO:[DataPipeline]:PlayList: [7096063906] ã€ç”µå½±ç¯‡ã€‘20é¦–ä¸­å›½é£æ­Œæ›²ç²¾é€‰ (194/1781) has 20 songs.
INFO:[DataPipeline]:PlayList: [39441892] æµªæ¼«ä¸­å›½é£ä¹‹å›é†‰çº¢é¢œ (195/1781) has 17 songs.
INFO:[DataPipeline]:PlayList: [3422467278] å¿…å¬ç»å…¸ä¸­å›½é£ (196/1781) has 21 songs.
INFO:[DataPipeline]:PlayList: [3214607119] ä¸­å›½é£æ­Œæ›²é‡ŒåŠ¨äººè¯—å¥ (197/1781) has 8 songs.
INFO:[DataPipeline]:PlayList: [1363297557] ä¸€éƒ¨å¤å‰§çˆ±ä¸Šä¸­å›½é£ (198/1781) has 35 songs.
INFO:[DataPipeline]:PlayList: [2375185827] ä¸­å›½é£ç²¤è¯­ï½œå©‰è½¬æ‚ æ‰¬&#32;åˆ«æœ‰ä¸€ç•ªéŸµå‘³ (199/1781) has 26 songs.
INFO:[DataPipeline]:Sleep for: 131
INFO:[DataPipeline]:PlayList: [780742657] ä»–ä»¬çš„â€œä¸­å›½é£â€ä¹Ÿæƒ³å’Œæ°ä¼¦å«å«æ¿ï¼ (200/1781) has 31 songs.
INFO:[DataPipeline]:PlayList: [7740373561] å¤éŸµä¸­å›½é£&#58;å—å±±æœ‰ä¸æ­¢æœ‰ç›¸æ€æ ‘ (201/1781) has 26 songs.
INFO:[DataPipeline]:PlayList: [7749286126] ä¸­å›½é£ï½œä»»é£ä¹±äº†æ€ç»ªï¼Œæ–­äº†ç¦»æ„ (202/1781) has 30 songs.
INFO:[DataPipeline]:PlayList: [7326282815] å¿ƒé†‰å‰å¥ï¼Œä¸€ç§’æ²‰æ²¦çš„ä¸­å›½é£ (203/1781) has 51 songs.
INFO:[DataPipeline]:PlayList: [7049191147] ä¸­å›½é£ç”·å£°&#32;&#124;&#32;è¨€å¿µå›å­ï¼Œæ¸©å…¶å¦‚ç‰ (204/1781) has 28 songs.
INFO:[DataPipeline]:PlayList: [1691992815] åè¯­ï¼Œç‹¬ç‰¹éŸµå‘³çš„ä¸­å›½é£ (205/1781) has 18 songs.
INFO:[DataPipeline]:PlayList: [3488129390] æ¸ºæ¸ºä¸­å›½é£ï¼Œç¼±ç»»æ·¡é›…æƒ… (206/1781) has 23 songs.
INFO:[DataPipeline]:PlayList: [7084457729] å”¯ç¾ä¸­å›½é£&#32;Â·&#32;èµ ä¹‹ä»¥èŠè¯ (207/1781) has 24 songs.
INFO:[DataPipeline]:PlayList: [2298335411] æ¸©æš–ä¸­å›½é£å¹èµ°å¯’å†¬ (208/1781) has 18 songs.
INFO:[DataPipeline]:PlayList: [7734739286] æµè¡Œä¸­å›½é£ï½œç§‹é£æ— è¯­ï¼Œä¼¤äººè¯›å¿ƒ (209/1781) has 30 songs.
INFO:[DataPipeline]:Sleep for: 145
INFO:[DataPipeline]:PlayList: [2638631948] ä¸­å›½é£ä¸¨å£°å£°å…¥è€³ï¼Œä¸­å›½éŸµå¾‹&#32;å£¹ (210/1781) has 29 songs.
INFO:[DataPipeline]:PlayList: [3522180438] ä¸­å›½é£Â·ä»™è¶åŸè¯µéŸµéš½æ°¸ (211/1781) has 20 songs.
INFO:[DataPipeline]:PlayList: [3223462282] ä¸­å›½é£ç”µéŸ³&#32;ç»™ä½ ä¸ä¸€æ ·çš„æ„Ÿè§‰ (212/1781) has 20 songs.
INFO:[DataPipeline]:PlayList: [841440409] æƒ…è¿·ä¸­å›½é£Â·äº¬å‰§/æˆè…” (213/1781) has 18 songs.
INFO:[DataPipeline]:PlayList: [3520398596] ä¸­å›½é£Â·æŸ“ç«æ«æ—&#32;æœˆä¸‹çºµé©¬é•¿æ­Œ (214/1781) has 28 songs.
INFO:[DataPipeline]:PlayList: [1722115981] å¤é£å¤éŸµï¼Œåƒé‡Œå¯»ä¸­å›½é£ (215/1781) has 26 songs.
INFO:[DataPipeline]:PlayList: [4186770317] ä¸­å›½é£&#32;â”‚&#32;æ€å¸˜å€šçª—ç©ºæœ›è¿œ (216/1781) has 116 songs.
INFO:[DataPipeline]:PlayList: [1757029169] å¤©ï¼æ”¹ç¼–åçš„ä¸­å›½é£å±…ç„¶å¯ä»¥è¿™ä¹ˆå¥½å¬ï¼ (217/1781) has 34 songs.
INFO:[DataPipeline]:PlayList: [2306489638] è§¦åŠ¨å¿ƒå¼¦çš„è¶…å¥½å¬ä¸­å›½é£ (218/1781) has 34 songs.
INFO:[DataPipeline]:PlayList: [1713431254] å½“ä¸­å›½é£é‡ä¸Šè¯´å”±rap&#46; (219/1781) has 20 songs.
INFO:[DataPipeline]:Sleep for: 104
INFO:[DataPipeline]:PlayList: [1973420580] ä¸­å›½é£Â·æ·¡çƒŸå¹½çœ‰é‡Œçš„æ°´å¢¨ä¸¹é’ (220/1781) has 44 songs.
INFO:[DataPipeline]:PlayList: [3481275295] ä¸€è§å€¾å¿ƒï¼Œå†é‡å¦‚æ•…ä¸­å›½é£ (221/1781) has 27 songs.
INFO:[DataPipeline]:PlayList: [1071493734] å¹æ‹‚åœ¨è€³ç•”çš„ä¸­å›½é£ (222/1781) has 50 songs.
INFO:[DataPipeline]:PlayList: [1996611187] é†‰ç¾ä¸è¿‡ä¸€æ›²ä¸­å›½é£ (223/1781) has 12 songs.
INFO:[DataPipeline]:PlayList: [7107763754] è¯—è¯ä¸­å›½é£&#32;Â·&#32;æ­¤æ›²åªåº”å¤©ä¸Šæœ‰ (224/1781) has 41 songs.
INFO:[DataPipeline]:PlayList: [7222913545] æ¡ƒèŠ±åé‡Œ&#32;Â·&#32;ä¸­å›½é£æ‰å¥³è‘£è´ (225/1781) has 29 songs.
INFO:[DataPipeline]:PlayList: [1736813770] ã€ä¸­å›½é£ã€‘ä¸€æ›²æƒŠæ¾œä¸ºè°æ­Œ (226/1781) has 21 songs.
INFO:[DataPipeline]:PlayList: [1357685226] æŸ”æƒ…ä¸­å›½é£&#32;Â·&#32;æ„¿ä»¥ç™¾å¹´æŒ½æœå¤• (227/1781) has 33 songs.
INFO:[DataPipeline]:PlayList: [1136523953] ä¸€æ›²ä¸­å›½é£ï¼Œä¸€æŠ¹æ±Ÿå—æƒ… (228/1781) has 21 songs.
INFO:[DataPipeline]:PlayList: [7267701091] ä¸­å›½é£ï¼šä¸€æ›²ç¼˜æ­Œæˆç»Šï¼Œä»»è°å¹ (229/1781) has 70 songs.
INFO:[DataPipeline]:Sleep for: 49
INFO:[DataPipeline]:PlayList: [7296644750] ä¸­å›½é£æ‘‡æ»š&#32;Â·&#32;æ²§æµ·ä¸€å£°ç¬‘ (230/1781) has 30 songs.
INFO:[DataPipeline]:PlayList: [802499898] è†å¬æœ€ç¾çš„ä¸­å›½é£ (231/1781) has 26 songs.
INFO:[DataPipeline]:PlayList: [774691074] å¤éŸµæ‚ æ‰¬&#32;æœ€ç¾ä¸­å›½é£ (232/1781) has 25 songs.
INFO:[DataPipeline]:PlayList: [7049231700] ä¸­å›½é£å¯¹å”±&#32;&#124;&#32;å±±æœ‰æœ¨å…®å¿æœ‰æ„ (233/1781) has 20 songs.
INFO:[DataPipeline]:PlayList: [1097368838] å‡ºå½©ä¸­å›½é£ï¼Œå‡ºå½©ä¸­å›½æƒ… (234/1781) has 22 songs.
INFO:[DataPipeline]:PlayList: [1985818147] ç»†ç»†å“å‘³ï¼Œä¸­å›½é£çš„ç‹¬ç‰¹éŸµå‘³ (235/1781) has 21 songs.
INFO:[DataPipeline]:PlayList: [1099712568] ç”¨å¿ƒè†å¬ï¼Œç¥éŸµå”¯ç¾ä¸­å›½é£ (236/1781) has 35 songs.
INFO:[DataPipeline]:PlayList: [1400454862] æ›²ç¼ å¿ƒå¤´ç»•è€³è¿‡ï¼Œå”¯ç¾ä¸­å›½é£ã€‚ (237/1781) has 29 songs.
INFO:[DataPipeline]:PlayList: [841440237] é‚£äº›å¥½å¬çš„ä¸­å›½é£æ¸¸æˆBGM (238/1781) has 46 songs.
INFO:[DataPipeline]:PlayList: [1970661648] ä¸­å›½é£Â·è¯—æƒ…ç”»æ„é‡Œçš„æ°´å¢¨ä¸¹é’ (239/1781) has 22 songs.
INFO:[DataPipeline]:Sleep for: 74
INFO:[DataPipeline]:PlayList: [3540670157] é¥±å«å”è¯—å®‹è¯çš„ä¸­å›½é£ (240/1781) has 20 songs.
INFO:[DataPipeline]:PlayList: [1677429286] ä¸­å›½é£ï¼Œå°±æ˜¯è¦é¦–é¦–ç»å…¸ (241/1781) has 35 songs.
INFO:[DataPipeline]:PlayList: [1966462202] ç”·ç¥ç‹¬ç•…ä¸­å›½é£ (242/1781) has 38 songs.
INFO:[DataPipeline]:PlayList: [7255707078] å¤è£…ç”µè§†å‰§é‡Œçš„ä¸­å›½é£çº¯éŸ³ (243/1781) has 26 songs.
INFO:[DataPipeline]:PlayList: [1676558435] ä¸­å›½é£å‡ å¤šé¦–ï¼Œç”»é¢å„ä¸åŒ (244/1781) has 45 songs.
INFO:[DataPipeline]:PlayList: [3557827981] è¡æ°”å›è‚ ï¼å½“ç”µéŸ³é‚‚é€…ä¸­å›½é£ (245/1781) has 157 songs.
INFO:[DataPipeline]:PlayList: [7768275946] å¤é£äº¦å¯DJï½œä¸­å›½é£ä¹Ÿèƒ½è¹¦è¿ª (246/1781) has 68 songs.
INFO:[DataPipeline]:PlayList: [3470447267] æœ€å”¯ç¾çš„æµè¡Œä¸­å›½é£æ°‘ä¹ (247/1781) has 24 songs.
INFO:[DataPipeline]:PlayList: [1984450082] å¾®é£å¤éŸµç•™é†‡éŸ³ï¼Œä¸­å›½é£æ­Œæ›²å°é›† (248/1781) has 20 songs.
INFO:[DataPipeline]:PlayList: [1669441450] ä¸­å›½é£é‡Œé¢çš„å¦‚èŠ±æ¢¦å¢ƒ (249/1781) has 20 songs.
INFO:[DataPipeline]:Sleep for: 55
INFO:[DataPipeline]:PlayList: [1377177239] ä¸­å›½é£é‡Œçš„æ„å¢ƒéŸ³éŸµ (250/1781) has 22 songs.
INFO:[DataPipeline]:PlayList: [7141481321] ã€Œå›½è¯­ACGã€å½“ä¸­å›½é£é‡ä¸Šäº†å›½æ¼« (251/1781) has 30 songs.
INFO:[DataPipeline]:PlayList: [1136462093] å¤éŸµæ‚ ç„¶&#32;&#124;&#32;ä¸€äººä¸€é¦–ä¸­å›½é£ (252/1781) has 24 songs.
INFO:[DataPipeline]:PlayList: [3851787501] ä¸­å›½é£&#32;Â·&#32;å¿«æ„æ©ä»‡æ±Ÿæ¹–äº‹ (253/1781) has 30 songs.
INFO:[DataPipeline]:PlayList: [1678228134] ä¸¤å­—ä¸­å›½é£ï¼ŒéŸµå‘³æ›´æ‚ é•¿ (254/1781) has 26 songs.
INFO:[DataPipeline]:PlayList: [1406647667] å€¾å¬ä¸€é¦–é†‰äººä¸­å›½é£ (255/1781) has 18 songs.
INFO:[DataPipeline]:PlayList: [2275211348] é‚‚é€…é†‰ç¾ä¸­å›½é£ (256/1781) has 27 songs.
INFO:[DataPipeline]:PlayList: [3271920194] æ¬§ç¾Â·ä¸­å›½é£â€–ä¸­è¥¿æ–‡åŒ–çš„å®Œç¾äº¤è (257/1781) has 112 songs.
INFO:[DataPipeline]:PlayList: [1678475408] ç»å…¸ä¸­å›½é£æ­Œæ›²é€‰å½• (258/1781) has 29 songs.
INFO:[DataPipeline]:PlayList: [2881752535] é‚£äº›å”¯ç¾çš„ä¸­å›½é£ (259/1781) has 30 songs.
INFO:[DataPipeline]:Sleep for: 98
INFO:[DataPipeline]:PlayList: [759264184] æ··æ­ä¸­å›½é£ã€‚è†å¬ç¾ï¼ˆç¬¬ä¸€å­£ï¼‰ (260/1781) has 47 songs.
INFO:[DataPipeline]:PlayList: [1973416488] ä¸­å›½é£Â·ç®¡å¼¦å’Œé¸£é‡Œçš„æ°´å¢¨ä¸¹é’ (261/1781) has 33 songs.
INFO:[DataPipeline]:PlayList: [1674768406] ç»™ä¸­å›½é£æ¥ç‚¹åŠ›é‡ (262/1781) has 22 songs.
INFO:[DataPipeline]:PlayList: [1348839275] å¥½å¬åˆ°å¿ƒç¢çš„ä¸­å›½é£çº¯éŸ³ä¹ (263/1781) has 17 songs.
INFO:[DataPipeline]:PlayList: [1736824520] ã€ä¸­å›½é£ã€‘é•¿æ­Œå©‰è½¬ï¼Œå¤éŸµæ‚ ç„¶&#32;å£¹ (264/1781) has 20 songs.
INFO:[DataPipeline]:PlayList: [3822117104] ã€ä¸­å›½é£ã€å¤è£…å‰§ä¸­çš„æ·±æƒ…ç”·å£° (265/1781) has 30 songs.
INFO:[DataPipeline]:PlayList: [2247170577] ä¸­å›½é£çš„æ­Œï¼Œæ˜¯å¦å¬è¿‡å‘¢ (266/1781) has 16 songs.
INFO:[DataPipeline]:PlayList: [1670947988] ç½‘è·¯ä¸Šå¾ˆæµè¡Œçš„å¤é£ä¸­å›½é£ (267/1781) has 23 songs.
INFO:[DataPipeline]:PlayList: [1725941745] ç”¨éŸ³ä¹è§¦åŠ¨ä½ çš„å¿ƒå¼¦çš„ä¸­å›½é£æ­Œæ›² (268/1781) has 21 songs.
INFO:[DataPipeline]:PlayList: [2339497465] å”¯ç¾ä¸­å›½é£ï¼Œæ‚ æ‚ åå¤éŸµ (269/1781) has 20 songs.
INFO:[DataPipeline]:Sleep for: 52
INFO:[DataPipeline]:PlayList: [2925038242] å±äºä»–ä»¬å¿ƒä¸­çš„ç²¤è¯­ä¸­å›½é£æƒ…æ€€ (270/1781) has 26 songs.
INFO:[DataPipeline]:PlayList: [7331482573] ä¸­å›½é£å¯¹å”±&#32;Â·&#32;é‡‘é£ç‰éœ²ä¸€ç›¸é€¢ (271/1781) has 21 songs.
INFO:[DataPipeline]:PlayList: [7743403922] 2020æŠ–éŸ³äº¬å‰§ä¸­å›½é£ (272/1781) has 8 songs.
INFO:[DataPipeline]:PlayList: [7098027932] ä¸­å›½é£å½±è§†å‰§ã€ç”·å£°ç¯‡ã€‘ (273/1781) has 25 songs.
INFO:[DataPipeline]:PlayList: [7324484273] ä¸­å›½é£å¥³å£°&#32;Â·&#32;ä¸€æ›²è½»æ­Œé†‰äººå¿ƒ (274/1781) has 35 songs.
INFO:[DataPipeline]:PlayList: [1079610829] åå¼¦åå¹´ä¸­å›½é£&#32;ä½ é”™è¿‡äº†å¤šå°‘ï¼Ÿ (275/1781) has 27 songs.
INFO:[DataPipeline]:PlayList: [1959486892] ç•…å¬æœ€ç¾çš„ä¸­å›½é£ (276/1781) has 14 songs.
INFO:[DataPipeline]:PlayList: [7845820464] å¤é£å›½ä¹ï½ä¸­å›½é£Â·æ­¦ä¾ Â·ä»™ä¾ Â·æ–°æ°‘ä¹Â·ç¬›å­Â·çµç¶Â·äºŒèƒ¡Â·å¤ç­Â·ç®«Â·é©¬å¤´ç´ (277/1781) has 180 songs.
INFO:[DataPipeline]:PlayList: [7899305697] ä¸­å›½é£æˆæ›²è…”&#32;å‡ºç¥å…¥â€œç”»â€ (278/1781) has 25 songs.
INFO:[DataPipeline]:PlayList: [1343404160] é†‰ç¾ä¸è¿‡ä¸­å›½é£ (279/1781) has 22 songs.
INFO:[DataPipeline]:Sleep for: 134
INFO:[DataPipeline]:PlayList: [1480495213] è¾¾äººå‘¨æœ«&#32;&#124;&#32;ä¼Šäººå¦‚æ¢¦ï¼Œå¤è£…å‰§ä¸­çš„ä¸­å›½é£ (280/1781) has 47 songs.
INFO:[DataPipeline]:PlayList: [3150201193] å¬æµè¡Œä¹é‚‚é€…ä¸­å›½é£ (281/1781) has 30 songs.
INFO:[DataPipeline]:PlayList: [7010281670] ä¸­å›½é£&#32;Â·&#32;æ„¿æˆ‘å¦‚æ˜Ÿå›å¦‚æœˆ (282/1781) has 23 songs.
INFO:[DataPipeline]:PlayList: [7120222130] å”¯ç¾ä¸­å›½é£&#32;&#124;&#32;å¬ä¸€æ›²æ²‰é†‰ä¸çŸ¥å½’è·¯ (283/1781) has 29 songs.
INFO:[DataPipeline]:PlayList: [7759455937] ä¸­å›½é£ (284/1781) has 156 songs.
INFO:[DataPipeline]:PlayList: [7107673879] ä¸­å›½é£&#32;&#124;&#32;å¤©åœ°åˆï¼Œä¹ƒæ•¢ä¸å›ç» (285/1781) has 49 songs.
INFO:[DataPipeline]:PlayList: [7356735009] ä¸­å›½é£çº¯éŸ³&#32;Â·&#32;ä½•å¤„ç¹åç¬™æ­Œè½ (286/1781) has 18 songs.
INFO:[DataPipeline]:PlayList: [1099800832] å¤å…¸ä¸­å›½é£ï¼ŒéŸµå‘³æ‚ é•¿ (287/1781) has 13 songs.
INFO:[DataPipeline]:PlayList: [7084456748] ä¼¤æ„Ÿä¸­å›½é£&#32;Â·&#32;æ™“é•œä½†æ„äº‘é¬“æ”¹ (288/1781) has 32 songs.
INFO:[DataPipeline]:PlayList: [3578015324] é€‚åˆå“èŒ¶æ—¶å¬çš„ä¸­å›½é£è½»éŸ³ä¹ (289/1781) has 18 songs.
INFO:[DataPipeline]:Sleep for: 137
INFO:[DataPipeline]:PlayList: [7349788198] ä¸­å›½é£æ°‘è°£ï½œæ¬²å¾…æ›²ç»ˆå¯»é—®å– (290/1781) has 25 songs.
INFO:[DataPipeline]:PlayList: [846388203] ã€æ•è¾¹ä¸­å›½é£ã€‘è†å¬ç»†é›¨æ±Ÿå—æ›² (291/1781) has 18 songs.
INFO:[DataPipeline]:PlayList: [1736813304] å€¼å¾—å¾ªç¯çš„ä¸­å›½é£æ­Œæ›² (292/1781) has 34 songs.
INFO:[DataPipeline]:PlayList: [7438237151] ä¸­å›½é£çº¯éŸ³&#32;Â·&#32;è‰¯è¾°å¥½æ™¯è™šè®¾ (293/1781) has 31 songs.
INFO:[DataPipeline]:PlayList: [3121935869] ä¸ä¸€æ ·çš„ä¸­å›½é£&#32;ä½ çŸ¥é“å‡ é¦–ï¼Ÿ (294/1781) has 20 songs.
INFO:[DataPipeline]:PlayList: [6999656534] ä¸‰ä¸ªå­—ï¼Œå°±èƒ½è¯ é‡Šä¸­å›½é£ (295/1781) has 26 songs.
INFO:[DataPipeline]:PlayList: [1136523632] æƒ…è¿·ä¸­å›½é£Â·ç”µå½± (296/1781) has 18 songs.
INFO:[DataPipeline]:PlayList: [1032553459] ç‡ƒçƒ§åˆ«æ ·ä¸­å›½é£ (297/1781) has 15 songs.
INFO:[DataPipeline]:PlayList: [3030109505] ä¸­å›½é£ï¼Œä¸­å›½æƒ… (298/1781) has 17 songs.
INFO:[DataPipeline]:PlayList: [1089356196] ã€éŸ³ä¹å°è¯´ç¬¬äºŒæœŸã€‘ä¸­å›½é£VSå’Œé£ (299/1781) has 20 songs.
INFO:[DataPipeline]:Sleep for: 172
INFO:[DataPipeline]:PlayList: [7049191469] ä¸­å›½é£å¥³å£°&#32;&#124;&#32;äº‘æƒ³è¡£è£³èŠ±æƒ³å®¹ (300/1781) has 28 songs.
INFO:[DataPipeline]:PlayList: [2304956521] å°æç´æ¼”å¥çš„ä¸­å›½é£ (301/1781) has 21 songs.
INFO:[DataPipeline]:PlayList: [7041409826] å”¯ç¾ä¸­å›½é£&#32;Â·&#32;å‡æœŸæ—…è¡Œæ‰‹å†Œ (302/1781) has 20 songs.
INFO:[DataPipeline]:PlayList: [7285195605] ä¸­å›½é£çº¯éŸ³&#32;Â·&#32;è¿åŠ¨åŠ©ç‡ƒå¿…å¤‡ (303/1781) has 22 songs.
INFO:[DataPipeline]:PlayList: [7174019275] ä¸­å›½é£&#32;&#124;&#32;å‡æœŸåœ¨å®¶ç…²è¿‡çš„å‰§ (304/1781) has 71 songs.
INFO:[DataPipeline]:PlayList: [3451909833] å„è‡ªåŸŸçš„ä¸­å›½é£å’Œç¾å¥½çš„ä¸œæ–¹æœé¥°ä»¬ (305/1781) has 15 songs.
INFO:[DataPipeline]:PlayList: [7060359211] å¦ç±»æµè¡Œåˆå¥½å¬çš„ä¸­å›½é£å–Šéº¦ (306/1781) has 46 songs.
INFO:[DataPipeline]:PlayList: [7107860362] ä¸­å›½é£&#32;&#124;&#32;çˆ±æ¨å§»ç¼˜ï¼Œä¸å¦‚éšæ¡ƒæº (307/1781) has 32 songs.
INFO:[DataPipeline]:PlayList: [7770547742] å¤é£ä¸­å›½é£ (308/1781) has 14 songs.
INFO:[DataPipeline]:PlayList: [2889698130] é‚£äº›å¹æ‹‚åœ¨è€³ç•”çš„å”¯ç¾ä¸­å›½é£ (309/1781) has 20 songs.
INFO:[DataPipeline]:Sleep for: 120
INFO:[DataPipeline]:PlayList: [7179875344] ç‡ƒç³»ä¸­å›½é£&#32;&#124;&#32;æŒå‰‘ï¼Œæå®ˆèº«åå›½åœŸ (310/1781) has 22 songs.
INFO:[DataPipeline]:PlayList: [3199012577] æŒšçˆ±çš„ä¸­å›½é£å°æ›² (311/1781) has 81 songs.
INFO:[DataPipeline]:PlayList: [4230002795] ä¸­å›½é£ï½œé•¿å‘ç»¾å›å¿ƒï¼Œé’ä¸ç»•æŒ‡æŸ” (312/1781) has 31 songs.
INFO:[DataPipeline]:PlayList: [7139892175] ä¸­å›½é£&#32;&#58;&#32;å²æœˆæ¸…æµ…ï¼Œè®¸æµ…ç¬‘å®‰ç„¶ (313/1781) has 20 songs.
INFO:[DataPipeline]:PlayList: [1470637200] æ—¥æœ¬å¤§å¸ˆé»„é’Ÿå¤§å•ä¹‹ä½œï¼šæµ“éƒä¸­å›½éŸ³éŸµé£ (314/1781) has 28 songs.
INFO:[DataPipeline]:PlayList: [1172107771] ç²¤è¯­ä¸­å›½é£ï¼šå†ç°é¦™æ¸¯å½±è§†ç»å…¸ (315/1781) has 35 songs.
INFO:[DataPipeline]:PlayList: [7111604298] ä¸­å›½é£ï¼šå®‰å¾—æœ‰è‹±é›„ï¼Œè¿å½’å¤§å†…ä¸­ (316/1781) has 26 songs.
INFO:[DataPipeline]:PlayList: [1952809586] æ¸…æ˜Â·ç®¡å¼¦ä¸ç«¹æ¼”ç»å”¯ç¾ä¸­å›½é£ (317/1781) has 27 songs.
INFO:[DataPipeline]:PlayList: [2033699234] ç››ç§‹é™ä¸´ï¼Œå·èµ·ä¸€é˜µé™ä¸­å›½é£ (318/1781) has 18 songs.
INFO:[DataPipeline]:PlayList: [7120635814] ä¸­å›½é£å¥³å£°&#32;Â·&#32;å€¾æ…•éŸ¶åçº¢é¢œ (319/1781) has 24 songs.
INFO:[DataPipeline]:Sleep for: 39
INFO:[DataPipeline]:PlayList: [7108937511] ç†¬å¤œä¿®ä»™ï¼Œå½“ç„¶è¦å¬ä¸­å›½é£å•¦ (320/1781) has 40 songs.
INFO:[DataPipeline]:PlayList: [1103206369] æ¢¦é­‚é£æ‰¬ä¸­å›½é£ (321/1781) has 68 songs.
INFO:[DataPipeline]:PlayList: [1129350093] ã€Œä¸­å›½é£â¤ä¼¤æƒ…ã€æ¨æŸ³å²¸æ™“é£æ®‹æœˆ (322/1781) has 18 songs.
INFO:[DataPipeline]:PlayList: [3502836742] ä¸­å›½é£ï¼Œå…±èµè·å¶æ¡ƒèŠ± (323/1781) has 58 songs.
INFO:[DataPipeline]:PlayList: [7526280377] æ²‰æººå›½éŸµ&#32;&#124;&#32;æ’éª¨æ•™ä¸»çš„ä¸­å›½é£æ­Œå• (324/1781) has 15 songs.
INFO:[DataPipeline]:PlayList: [7249325654] ä¸­å›½é£&#32;Â·&#32;åå¼¦ä¸è¥¿å¢æ•…äº‹ (325/1781) has 21 songs.
INFO:[DataPipeline]:PlayList: [3201664634] ä¸­å›½é£ä¸¨æµ…å°è¾„æ­¢ (326/1781) has 35 songs.
INFO:[DataPipeline]:PlayList: [7258058604] ä¸­å›½é£&#32;&#124;&#32;çº¢å°˜å¤šå¯ç¬‘ï¼Œç—´æƒ…æœ€æ— èŠ (327/1781) has 27 songs.
INFO:[DataPipeline]:PlayList: [20151575] è†å¬ï¼šä¸­å›½é£ (328/1781) has 19 songs.
INFO:[DataPipeline]:PlayList: [7124708513] å›½äººéª„å‚²ï¼ä¸­å›½é£è¯´å”±ç²¾é€‰ (329/1781) has 27 songs.
INFO:[DataPipeline]:Sleep for: 113
INFO:[DataPipeline]:PlayList: [3254850883] æ˜¥æœ«å¤åˆï¼Œæ‚ æ‰¬ä¸­å›½é£ä¸ä½ ç›¸ä¼´&#10; (330/1781) has 36 songs.
INFO:[DataPipeline]:PlayList: [7276517552] ä¸­å›½é£çº¯éŸ³&#32;Â·&#32;å¤è£…é‡Œçš„å“€æ„æ€ç»ª (331/1781) has 28 songs.
INFO:[DataPipeline]:PlayList: [1699505282] ä¸­å›½é£,æ— æ³•æŠ—æ‹’çš„&#42;&#42;&#42;&#42; (332/1781) has 22 songs.
INFO:[DataPipeline]:PlayList: [7101339762] ä¸­å›½é£ï½œå¯„å›ä¸€æ›²ï¼Œä¸é—®æ›²ç»ˆäººèšæ•£ (333/1781) has 30 songs.
INFO:[DataPipeline]:PlayList: [7224220262] å¤è£…ç©¿è¶Š&#32;Â·&#32;å±å’¤é£äº‘çš„ä¸­å›½é£ (334/1781) has 22 songs.
INFO:[DataPipeline]:PlayList: [2601846823] é¢ å€’ä¼—ç”Ÿä¸­å›½é£ (335/1781) has 79 songs.
INFO:[DataPipeline]:PlayList: [7012296405] æŸ”æƒ…ä¸­å›½é£&#32;&#124;&#32;ç›¸æ€èµ‹äºˆè° (336/1781) has 20 songs.
INFO:[DataPipeline]:PlayList: [7107391442] æµè¡Œä¸­å›½é£&#32;&#124;&#32;ä¸€æ›²çš†æ¸©æƒ… (337/1781) has 27 songs.
INFO:[DataPipeline]:PlayList: [7012577966] ä¸­å›½é£R&#38;Bï¼šæˆ‘å¿ƒä¸­çš„æ—¥æœˆå…‰èŠ’ (338/1781) has 25 songs.
INFO:[DataPipeline]:PlayList: [6999242934] è½»æŸ”ä¸­å›½é£&#32;&#124;&#32;å¹èŠ±é¦™ä¸å†é¦¥éƒ (339/1781) has 25 songs.
INFO:[DataPipeline]:Sleep for: 76
INFO:[DataPipeline]:PlayList: [7094726046] 2019å¹´7æœˆä¸­å›½é£æ–°æ­Œç²¾é€‰ (340/1781) has 46 songs.
INFO:[DataPipeline]:PlayList: [7350162868] ã€Œä¸­å›½é£çº¯éŸ³ã€è®¸ä½ ä¸€åœºä¸é†’çš„æ¢¦ (341/1781) has 18 songs.
INFO:[DataPipeline]:PlayList: [7648918668] è®¸åµ©çš„ä¸­å›½é£ (342/1781) has 35 songs.
INFO:[DataPipeline]:PlayList: [39442892] å”¯ç¾ä¸­å›½é£ä¹‹ä¼ŠäººåŸæƒ… (343/1781) has 18 songs.
INFO:[DataPipeline]:PlayList: [2083734639] ç²¤è¯­ä¸­å›½é£ï¼šè¿˜ä½ ä¸€ä¸ªæµ…ç¬‘ï¼Œé†‰å…¥æˆ‘å¿ƒæ‰‰ (344/1781) has 24 songs.
INFO:[DataPipeline]:PlayList: [7256698205] é’æ˜¥è®°å¿†&#32;Â·&#32;å›½è¯­ä¹å›çš„ä¸­å›½é£ (345/1781) has 40 songs.
INFO:[DataPipeline]:PlayList: [3201675255] ä¸­å›½é£æå…¶çš„å¥½ (346/1781) has 48 songs.
INFO:[DataPipeline]:PlayList: [1999962525] ä¸­å›½é£ï¼Œæ²‰é†‰åœ¨è¿™æ—‹å¾‹ä¸­ (347/1781) has 49 songs.
INFO:[DataPipeline]:PlayList: [7319381114] å¬ä¸­å›½é£çº¯éŸ³ï¼Œé™æ€æµå¹´ (348/1781) has 44 songs.
INFO:[DataPipeline]:PlayList: [7001027734] ä¸­å›½é£&#32;&#124;&#32;æ— å°½çš„æ€å¿µæ¶Œä¸Šå¿ƒå¤´ (349/1781) has 28 songs.
INFO:[DataPipeline]:Sleep for: 162
INFO:[DataPipeline]:PlayList: [1095361746] æ­Œå°½é£é›…ï¼Œç»†å“ä¸€æ›²ä¸­å›½é£ (350/1781) has 20 songs.
INFO:[DataPipeline]:PlayList: [7666557900] ä¸­å›½é£&#32;&#124;&#32;çƒ­æ’­å¤è£…å‰§å¿…è¿½æ­Œæ›² (351/1781) has 123 songs.
INFO:[DataPipeline]:PlayList: [2338364708] ä¸­å›½é£ï¼Œè®©è‡ªå·±è¯—æƒ…ç”»æ„ä¸€ç•ª (352/1781) has 18 songs.
INFO:[DataPipeline]:PlayList: [7444111333] é†‰ç¾ä¸­å›½é£&#32;Â·&#32;ç»‡æ¢¦ä¸€åœºæµ®å¹½ (353/1781) has 20 songs.
INFO:[DataPipeline]:PlayList: [1744968844] JJæ–°å¹´ç¬¬ä¸€é¦–ä¸­å›½é£æ­Œæ›²ï¼ (354/1781) has 45 songs.
INFO:[DataPipeline]:PlayList: [700450630] ä¸­å›½é£&#32;å¤é£&#32;&#32;å”¯ç¾æ­Œè¯ä¸æ„å¢ƒ (355/1781) has 104 songs.
INFO:[DataPipeline]:PlayList: [7120733996] å¤éŸµæµèŠ³&#32;&#124;&#32;ç»å…¸ä¸­å›½é£æ­Œæ›²åˆé›† (356/1781) has 25 songs.
INFO:[DataPipeline]:PlayList: [7228259361] ä¸­å›½é£ç”µå­&#32;Â·&#32;ç»è‰²çº¯éŸ³å¹»å¢ƒ (357/1781) has 25 songs.
INFO:[DataPipeline]:PlayList: [2953680506] è·Ÿç€ä¸­å›½é£çš„ç”µéŸ³ä¸€èµ·æ‘‡æ‘† (358/1781) has 51 songs.
INFO:[DataPipeline]:PlayList: [2668576684] æ¯æ—¥æ–°æ­Œï¼šæ´¾ä¼Ÿä¿Šæ–¹æ–‡å±±å¤§ç§€ç”µéŸ³ä¸­å›½é£ (359/1781) has 58 songs.
INFO:[DataPipeline]:Sleep for: 148
INFO:[DataPipeline]:PlayList: [7801786559] ä¸­å›½é£ (360/1781) has 702 songs.
INFO:[DataPipeline]:PlayList: [7256559371] &#32;ä¸€é¡¾å€¾åŸÂ·&#32;å¤è£…ç”µå½±é‡Œçš„ä¸­å›½é£ (361/1781) has 33 songs.
INFO:[DataPipeline]:PlayList: [39443892] é‚£äº›åçˆ±ä¸­å›½é£çš„æµè¡Œæ›² (362/1781) has 18 songs.
INFO:[DataPipeline]:PlayList: [7361014237] çº¢æ­Œç»å…¸ä¸­å›½é£&#32;è€é©å‘½æ­Œæ›² (363/1781) has 145 songs.
INFO:[DataPipeline]:PlayList: [7179907762] æŠ’æƒ…ä¸­å›½é£&#32;&#124;&#32;æ‚‰å¿ƒè®°ä¸‹è¿™ä¸€æ’‡ä¸€æº (364/1781) has 20 songs.
INFO:[DataPipeline]:PlayList: [6997384944] ä¸­å›½é£&#32;&#124;&#32;ä¸€æ¢¦çº¢å°˜è·¯æ¼«æ¼«&#32;å‡ å¤„èšæ•£ (365/1781) has 25 songs.
INFO:[DataPipeline]:PlayList: [7342302185] ä¸­å›½é£æ‘‡æ»š&#32;Â·&#32;çºµæ­»ä¾ éª¨é¦™ (366/1781) has 27 songs.
INFO:[DataPipeline]:PlayList: [7707117243] å¥½å¬çš„ä¸­å›½é£ (367/1781) has 199 songs.
INFO:[DataPipeline]:PlayList: [7737946934] ä¸­å›½é£&#32;å¤é£&#32;æˆè…” (368/1781) has 157 songs.
INFO:[DataPipeline]:PlayList: [1136460126] å¤§æ°”ç£…ç¤´ä¸­å›½é£ (369/1781) has 18 songs.
INFO:[DataPipeline]:Sleep for: 136
INFO:[DataPipeline]:PlayList: [7318947219] ä¸­å›½é£ä¸¨æ¢¦ç ´æœå¤•ï¼Œå‹¾ä¹±äº†æ€ç»ª (370/1781) has 21 songs.
INFO:[DataPipeline]:PlayList: [7060355261] ä¸­å›½é£ä¸¨åˆ«æ ·éŸµå‘³ (371/1781) has 39 songs.
INFO:[DataPipeline]:PlayList: [7040553337] ä¸­å›½é£&#32;Â·&#32;æ˜¨å¤œä¸å›æ¢¦åŒæ¸¸ (372/1781) has 21 songs.
INFO:[DataPipeline]:PlayList: [7671844289] ã€Œä¸­å›½é£ã€ä¸€æ›²é’ä¸ï¼ŒæŸ”åƒä¸‡æƒ… (373/1781) has 66 songs.
INFO:[DataPipeline]:PlayList: [4344471172] å›½äººéª„å‚²&#32;&#124;&#32;è¯´å”±ä¹Ÿèƒ½ä¸­å›½é£ (374/1781) has 254 songs.
INFO:[DataPipeline]:PlayList: [1300036413] æµè¡Œè‡³ä»Šçš„ä¸­å›½é£ (375/1781) has 28 songs.
INFO:[DataPipeline]:PlayList: [2638629801] é•¿é£å½“æ­ŒÂ·æœ€å¥½å¬çš„ä¸­å›½é£&#32;è´° (376/1781) has 27 songs.
INFO:[DataPipeline]:PlayList: [2034408900] ç´ç‘Ÿå’Œé¸£Â·ä¸­å›½é£å¯¹å”±æ­Œæ›² (377/1781) has 18 songs.
INFO:[DataPipeline]:PlayList: [39440892] éœ¸æ°”ä¸­å›½é£ä¹‹æ±Ÿæ¹–è‹±é›„ (378/1781) has 12 songs.
INFO:[DataPipeline]:PlayList: [7189818129] ä¸­å›½é£çº¯éŸ³&#32;Â·&#32;æ‰§æ¯é¦™èŒ—äº†é—»å¼¦æ„ (379/1781) has 27 songs.
INFO:[DataPipeline]:Sleep for: 168
INFO:[DataPipeline]:PlayList: [3214554210] ä¸­å›½é£ä¸­æ‰€è—çš„å‡„ç¾æ•…äº‹ï¼Œä½ å¬å‡ºæ¥äº†å—ï¼Ÿ (380/1781) has 40 songs.
INFO:[DataPipeline]:PlayList: [7071501478] ä¸­å›½é£ç”µéŸ³&#32;Â·&#32;è¦†ä¸Šæ–°å¦†æ·»è£å…‰ (381/1781) has 46 songs.
INFO:[DataPipeline]:PlayList: [2638628055] ä¾ éª¨ä¸¹å¿ƒä¸­å›½é£ (382/1781) has 18 songs.
INFO:[DataPipeline]:PlayList: [30120216] å”¯ç¾ä¼¤æ„Ÿä¸­å›½é£ (383/1781) has 10 songs.
INFO:[DataPipeline]:PlayList: [1999755454] æ¯é¦–éƒ½å¯å¾ªç¯æ’­æ”¾çš„ä¸­å›½é£ (384/1781) has 23 songs.
INFO:[DataPipeline]:PlayList: [7071799408] æ›²æƒŠå››åº§&#32;Â·&#32;è¯´å”±ä¹Ÿèƒ½ä¸­å›½é£ (385/1781) has 24 songs.
INFO:[DataPipeline]:PlayList: [7343373841] å¥‡è°ˆå¼‚é—»&#32;Â·&#32;ä¸­å›½é£é‡Œçš„å¿—æ€ªä¼ è¯´ (386/1781) has 22 songs.
INFO:[DataPipeline]:PlayList: [7317863632] ä¸­å›½é£ï¼šç¼˜èšç¼˜æ•£ï¼ŒèƒŒè´Ÿä¸‡ä¸ˆå°˜å¯° (387/1781) has 20 songs.
INFO:[DataPipeline]:PlayList: [7155018080] ä¸­å›½é£&#32;&#124;&#32;æ˜¥é£ç»†æ¨æŸ³ï¼Œç›¸æ€æ¸¡ä¸å°½ (388/1781) has 30 songs.
INFO:[DataPipeline]:PlayList: [7654827445] å½±è§†ä¸­å›½é£ï½œå©‰è½¬å¥³å£°ï¼Œæƒ¹äººæ²‰é†‰ (389/1781) has 45 songs.
INFO:[DataPipeline]:Sleep for: 173
INFO:[DataPipeline]:PlayList: [1614386992] è¿™ä¸€æ›²æ›²ä¸­å›½é£&#46;ä¸€å®šä¼šè®©ä½ æµè¿å¿˜è¿”&#46; (390/1781) has 131 songs.
INFO:[DataPipeline]:PlayList: [1736813483] ç²¤è¯­æ­Œé‡Œçš„ä¸­å›½é£æƒ…èŠ‚ (391/1781) has 25 songs.
INFO:[DataPipeline]:PlayList: [7659373403] å›½ç”µï½œé¢†ç•¥å¸¦æœ‰ç‹¬ç‰¹ä¸­å›½é£çš„ç”µéŸ³ (392/1781) has 30 songs.
INFO:[DataPipeline]:PlayList: [7810451832] ä¸­å›½é£ (393/1781) has 36 songs.
INFO:[DataPipeline]:PlayList: [2797820348] é‚£äº›æ·±æ·±çœ·æ‹çš„ä¸­å›½é£ (394/1781) has 13 songs.
INFO:[DataPipeline]:PlayList: [7328403102] ä¸­å›½é£&#32;Â·&#32;ä¸æ€é‡ï¼Œè‡ªéš¾å¿˜ (395/1781) has 18 songs.
INFO:[DataPipeline]:PlayList: [1136459273] ã€ä¸­å›½é£ã€‘ç»å…¸èƒŒæ™¯éŸ³ä¹ (396/1781) has 18 songs.
INFO:[DataPipeline]:PlayList: [41188828] ç»å…¸ä¸­å›½é£ï¼Œå”±å°½å¤éŸµï¼Œä¸€æ›²å¿†åƒå¹´ (397/1781) has 10 songs.
INFO:[DataPipeline]:PlayList: [7222862314] æ€€æ—§ä¸­å›½é£&#32;&#124;&#32;ä¾ä¾ç›®å…‰æ­¤ç”Ÿä¸æ¢ (398/1781) has 53 songs.
INFO:[DataPipeline]:PlayList: [7112117032] ä¸­å›½é£&#32;&#124;&#32;å¬å¼¦æ–­ï¼Œæ–­é‚£ä¸‰åƒç—´ç¼  (399/1781) has 23 songs.
INFO:[DataPipeline]:Sleep for: 100
INFO:[DataPipeline]:PlayList: [7256698476] åŒäº‹çˆ±åˆ·çš„çŸ­è§†é¢‘ç«çˆ†ä¸­å›½é£BGM (400/1781) has 15 songs.
INFO:[DataPipeline]:PlayList: [7164328991] ä¼¤æ„Ÿä¸­å›½é£&#32;Â·&#32;ä½•äº‹åŸä½™å¿½æƒ†æ€… (401/1781) has 20 songs.
INFO:[DataPipeline]:PlayList: [7440022607] ä¸­å›½é£ä¸€æ›²&#32;Â·&#32;ä¸çŸ¥ä»Šå¤œå‡ äººæ„ (402/1781) has 29 songs.
INFO:[DataPipeline]:PlayList: [1258103491] è®¸åµ©ï¼šæ‹ä¸Šâ€œè®¸æ°ä¸­å›½é£â€ (403/1781) has 10 songs.
INFO:[DataPipeline]:PlayList: [7107783814] éŸµå‘³ä¸­å›½é£&#32;Â·&#32;å©‰è½¬æˆè¨€ç»•æŒ‡æŸ” (404/1781) has 30 songs.
INFO:[DataPipeline]:PlayList: [7109010494] åœ¨å­¤ç‹¬ä¸­å¬ç€ä¸­å›½é£ç–—ä¼¤å§ (405/1781) has 21 songs.
INFO:[DataPipeline]:PlayList: [7737444486] Chinese&#32;style&#32;ä¸­å›½é£ (406/1781) has 130 songs.
INFO:[DataPipeline]:PlayList: [7114478301] ä¸­å›½é£&#32;&#124;&#32;ç›¸æ€ä¼¼æµ·æ·±ï¼Œæ—§äº‹å¦‚å¤©è¿œ (407/1781) has 22 songs.
INFO:[DataPipeline]:PlayList: [2034408544] å½“ä¸­å›½é£é‡ä¸Šè¯´å”± (408/1781) has 18 songs.
INFO:[DataPipeline]:PlayList: [7084460645] å†™æ„ä¸­å›½é£&#32;Â·&#32;å‡ºè¯—å…¥ç”»æ„è•´çµ (409/1781) has 23 songs.
INFO:[DataPipeline]:Sleep for: 150
INFO:[DataPipeline]:PlayList: [6967803369] è½»å¼¹ä¸­å›½é£ï¼šè®°å‡ å¤šå†å²é£é›¨ (410/1781) has 19 songs.
INFO:[DataPipeline]:PlayList: [7722996736] çº¯éŸ³ä¹&#32;å™¨ä¹&#32;ä¸­å›½é£&#32;èƒŒæ™¯éŸ³ä¹ä¸“é¢˜åæœŸåˆ¶ä½œ (411/1781) has 200 songs.
INFO:[DataPipeline]:PlayList: [7375102340] 2020å¹´ä¸­å›½é£æ–°æ­Œé€Ÿé€’ (412/1781) has 160 songs.
INFO:[DataPipeline]:PlayList: [658516955] çº¢é¢œï¼Œè‹±é›„ï¼Œä¸­å›½é£ (413/1781) has 10 songs.
INFO:[DataPipeline]:PlayList: [1136461912] æ–¹æ–‡å±±ï¼Œéšè—åœ¨é‡‰è‰²é‡Œçš„ä¸­å›½é£ç§˜å¯†ï¼ˆäºŒï¼‰ (414/1781) has 19 songs.
INFO:[DataPipeline]:PlayList: [7576941440] ä¸­å›½é£TRAPï¼Œåå¤ä¹å™¨æ€ (415/1781) has 17 songs.
INFO:[DataPipeline]:PlayList: [1132723373] ä½ å¯èƒ½ä¸æ›¾å¬è¿‡çš„ä¸­å›½é£&#32;è´° (416/1781) has 20 songs.
INFO:[DataPipeline]:PlayList: [7113298096] ç”µå­ä¸­å›½é£&#32;ï¼šç¬™æ­Œä¹ï¼Œå¦‚æ¢¦å¹» (417/1781) has 33 songs.
INFO:[DataPipeline]:PlayList: [1130085532] è¯—æ„æ°‘è°£ä¸­ä¸€ç¼•ä¸­å›½é£&#32;è´° (418/1781) has 18 songs.
INFO:[DataPipeline]:PlayList: [2626857001] ä¸­å›½é£é‡Œçš„åŠ¨äººæ—‹å¾‹ (419/1781) has 28 songs.
INFO:[DataPipeline]:Sleep for: 68
INFO:[DataPipeline]:PlayList: [2638629033] â€»ä¸­å›½é£â€»&#32;æ±Ÿå±±å¦‚ç”»ï¼Œå¸ç‹çº·äº‰ (420/1781) has 18 songs.
INFO:[DataPipeline]:PlayList: [1136524887] ä½ åœ¨çº¢æ¥¼ï¼Œæˆ‘åœ¨è¥¿æ¸¸ï¼ˆä¸­å›½é£â€»å‰ç¯‡ï¼‰ (421/1781) has 18 songs.
INFO:[DataPipeline]:PlayList: [1668320710] æœ€å¼ºä¸­å›½é£ï¼Œå‘¨è‘£ç­‰è¿™ä½  (422/1781) has 26 songs.
INFO:[DataPipeline]:PlayList: [7112220268] ä¸­å›½é£&#32;&#124;&#32;æ˜¥ç§‹ç¬é€ï¼Œä¿¡çº¸å·²æ³›é»„ (423/1781) has 23 songs.
INFO:[DataPipeline]:PlayList: [18590495] ã€ç©ºé—´ä¸“è¾‘è‡ªèã€‘å”¯ç¾ä¸­å›½é£ã€‚ (424/1781) has 8 songs.
INFO:[DataPipeline]:PlayList: [2638632243] çœ‹ä¸€éƒ¨å¤è£…å‰§ï¼Œçˆ±å‡ é¦–ä¸­å›½é£ (425/1781) has 34 songs.
INFO:[DataPipeline]:PlayList: [7037941811] ä¸­å›½é£å’Œè½»ç”µéŸ³çš„å®Œç¾èåˆ (426/1781) has 43 songs.
INFO:[DataPipeline]:PlayList: [7163110900] ä¸­å›½é£ï½œç›¸è§æƒ…å·²æ·±ï¼Œæœªè¯­å¯çŸ¥å¿ƒ (427/1781) has 21 songs.
INFO:[DataPipeline]:PlayList: [7285182262] å‚¬çœ å¿…å¤‡&#32;Â·&#32;å¤è£…é‡Œçš„ä¸­å›½é£çº¯éŸ³ (428/1781) has 25 songs.
INFO:[DataPipeline]:PlayList: [3528729903] å‘¨æ°ä¼¦ä¸­å›½é£åˆé›† (429/1781) has 18 songs.
INFO:[DataPipeline]:Sleep for: 35
INFO:[DataPipeline]:PlayList: [2638631106] ä¸­å›½é£ä¸¨å£°å£°å…¥è€³ï¼Œä¸­å›½éŸµå¾‹&#32;è´° (430/1781) has 26 songs.
INFO:[DataPipeline]:PlayList: [7233805380] ä¸­å›½é£å¥³å£°&#32;Â·&#32;ä½•æ„äººåˆ«ä¼¼èŠ±ç¦» (431/1781) has 26 songs.
INFO:[DataPipeline]:PlayList: [3687510213] ä¸­å›½é£ï½œå±±æ²³è‰³å›Šï¼Œæ€æŠµä½ çœ‰é—´é•¿æƒ… (432/1781) has 30 songs.
INFO:[DataPipeline]:PlayList: [7099835333] ä¸­å›½é£&#32;&#124;&#32;å½“ç°ä»£ä¸ä¸­å›½ä¹å™¨èåˆ (433/1781) has 45 songs.
INFO:[DataPipeline]:PlayList: [1163764806] ã€Œé…ä¹å‘ã€æ¢å¼˜å¤§æ°”çš„ä¸­å›½é£çº¯éŸ³ (434/1781) has 20 songs.
INFO:[DataPipeline]:PlayList: [18366961] ä¸­å›½é£ã€æœ€æ—¶å°šâ€ (435/1781) has 9 songs.
INFO:[DataPipeline]:PlayList: [7153684341] æ¾å‡‰äººç‹¬çœ &#32;Â·&#32;ä¼‘æ†©é™å¿ƒä¸­å›½é£ (436/1781) has 18 songs.
INFO:[DataPipeline]:PlayList: [11917475] æœ€çˆ±ä¸­å›½é£â…  (437/1781) has 10 songs.
INFO:[DataPipeline]:PlayList: [32899151] ç§’æ€æ¸…æ–°æ§çš„ä¸­å›½é£ (438/1781) has 13 songs.
INFO:[DataPipeline]:PlayList: [7040954395] ä¸­å›½é£&#32;Â·&#32;ç¬‘éš”è·èŠ±å…±äººè¯­ (439/1781) has 19 songs.
INFO:[DataPipeline]:Sleep for: 56
INFO:[DataPipeline]:PlayList: [2638107565] è¯—æ„æµè½¬ï¼Œé‚£äº›ç»å…¸çš„ä¸­å›½é£èƒŒæ™¯ä¹ (440/1781) has 18 songs.
INFO:[DataPipeline]:PlayList: [19067973] ä¸»æ‰“,å‘¨æ°ä¸­å›½é£çš„éŸµå‘³ (441/1781) has 9 songs.
INFO:[DataPipeline]:PlayList: [2935522488] é‚£äº›æ¸¸æˆé‡Œçš„ä¸­å›½é£ (442/1781) has 20 songs.
INFO:[DataPipeline]:PlayList: [6634045589] å›½é£ç”µå­ï¼šä¸€åœºä¸­å›½é£çš„é‚‚é€… (443/1781) has 35 songs.
INFO:[DataPipeline]:PlayList: [7249037961] ä¸­å›½é£çº¯éŸ³&#32;&#124;&#32;çº¤æŸ”ä¹‹æŒ‡ï¼Œç»ä»£é£å (444/1781) has 35 songs.
INFO:[DataPipeline]:PlayList: [2638627484] ä¾ éª¨æŸ”æƒ…ï¼Œæ­¦ä¾ ç‰‡ä¸­å›½é£é…ä¹ (445/1781) has 38 songs.
INFO:[DataPipeline]:PlayList: [7318937816] ä¸­å›½é£æ„Ÿæ€€ï¼šæ— å¯»å¤„ï¼ŒæƒŸæœ‰å°‘å¹´å¿ƒ (446/1781) has 23 songs.
INFO:[DataPipeline]:PlayList: [7123751778] å©‰çº¦ä¸­å›½é£&#32;Â·&#32;ç›¸æ€æ«å¶ä¸¹ (447/1781) has 22 songs.
INFO:[DataPipeline]:PlayList: [7305029542] ä¸­å›½é£ï¼šç–é’Ÿå‚¬æ™“ï¼Œå‡ åº¦å¯„ç›¸æ€ (448/1781) has 20 songs.
INFO:[DataPipeline]:PlayList: [14280008] ä¸­å›½é£æ¸¸æˆçº¯éŸ³&#32;ä»™å‰‘VSèœ€å±± (449/1781) has 9 songs.
INFO:[DataPipeline]:Sleep for: 102
INFO:[DataPipeline]:PlayList: [7112408323] ä¸€æ›²ä¸­å›½é£&#32;&#124;&#32;å”±å°½ä¸–é—´æƒ†æ€…å®¢ (450/1781) has 21 songs.
INFO:[DataPipeline]:PlayList: [7665596697] å›½é£ç”µå­/ä¸­å›½é£å®Œç¾äº¤èEDM (451/1781) has 20 songs.
INFO:[DataPipeline]:PlayList: [7181352558] è™æƒ…ä¸­å›½é£&#32;&#124;&#32;æ±èµ°ï¼Œå¾å¿ƒè·Œå…¥å†°çª– (452/1781) has 21 songs.
INFO:[DataPipeline]:PlayList: [7280581522] ä¸­å›½é£çº¯ä¹&#32;Â·&#32;æŠšç´é†‰ä½³éŸ³ (453/1781) has 56 songs.
INFO:[DataPipeline]:PlayList: [7004533300] ä¸­å›½é£é‡ä¸Šè¯´å”±&#32;Â·&#32;è·¨æ—¶ç©ºçš„é‚‚é€… (454/1781) has 34 songs.
INFO:[DataPipeline]:PlayList: [7290322309] ã€Œä¸­å›½é£çº¯éŸ³ã€æ‚ æ‰¬å¼¦å£°éšå¦™æŒ‡ç»­ (455/1781) has 20 songs.
INFO:[DataPipeline]:PlayList: [7307096312] æŸ”æƒ…ä¸­å›½é£ï¼šåªæ„¿ä¸ºä½ æ‹ˆèŠ±ä¸€ç¬‘ (456/1781) has 19 songs.
INFO:[DataPipeline]:PlayList: [7319461499] ä¸­å›½é£&#32;&#124;&#32;å¯»æ¥æ¢¦ä¸­ä¸ä½ å†åº¦ç›¸è§ (457/1781) has 21 songs.
INFO:[DataPipeline]:PlayList: [1181670347] bgmæŠ–éŸ³ä¸­å›½é£çº¯éŸ³ä¹å¤ç­è½»éŸ³ä¹é’¢ç´æ›²ç¡çœ  (458/1781) has 457 songs.
INFO:[DataPipeline]:PlayList: [3557664294] ä¸­å›½é£æ‘‡æ»šï¼šæ„Ÿå—æ‘‡æ»šçš„è¯—æƒ…ç”»æ„ï¼Œè±ªæ”¾æŸ”è‚  (459/1781) has 20 songs.
INFO:[DataPipeline]:Sleep for: 50
INFO:[DataPipeline]:PlayList: [2339497919] å€¾ä¸–ä¸­å›½éŸµÂ·ä¸­å›½é£Â·çº¯éŸ³ (460/1781) has 18 songs.
INFO:[DataPipeline]:PlayList: [1929797739] å¤å…¸æ‚„ç„¶èµ°è¿›ä¸­å›½é£å¿ƒé—´ (461/1781) has 25 songs.
INFO:[DataPipeline]:PlayList: [7107605626] ä¸­å›½é£&#32;&#124;&#32;è¯·å›å…±é¥®æ³¼èŒ¶é¦™ (462/1781) has 27 songs.
INFO:[DataPipeline]:PlayList: [1227955986] æ¬§ç¾ä¸­å›½é£R&#38;B (463/1781) has 11 songs.
INFO:[DataPipeline]:PlayList: [7090748630] ä¸­å›½é£ç”µéŸ³ä¸¨å£°å£°å…¥è€³ï¼Œä½™éŸµç¯ç»• (464/1781) has 40 songs.
INFO:[DataPipeline]:PlayList: [3537288947] è‘«èŠ¦ä¸å£°ä¸­çš„æ‚ æ‚ ä¸­å›½é£ (465/1781) has 18 songs.
INFO:[DataPipeline]:PlayList: [7297851780] é£é›ªç‰èŠ±&#32;Â·&#32;ç²¾é€‰ä¸­å›½é£èˆçº¯éŸ³ä¹ (466/1781) has 22 songs.
INFO:[DataPipeline]:PlayList: [7307116191] éŸµå‘³ä¸­å›½é£ï¼šé›¨ä¸­é™æ€ï¼Œç­‰ä¸å½’äºº (467/1781) has 18 songs.
INFO:[DataPipeline]:PlayList: [40305698] æ¸©å©‰æŸ”æƒ…&#32;å¤§æ°”ä¸­å›½é£ (468/1781) has 11 songs.
INFO:[DataPipeline]:PlayList: [2328743639] ã€ä¸­å›½é£ã€‘ä¸€æ›²æ‚ æ‰¬æ¼«ç¯±å¢™ (469/1781) has 22 songs.
INFO:[DataPipeline]:Sleep for: 134
INFO:[DataPipeline]:PlayList: [7141852823] å°æ†©ä¸­å›½é£&#32;Â·&#32;å¤©è¡—å°é›¨æ¶¦å¦‚é…¥ (470/1781) has 23 songs.
INFO:[DataPipeline]:PlayList: [18242527] è®¸åµ©çš„ä¸­å›½é£æ­Œæ›² (471/1781) has 16 songs.
INFO:[DataPipeline]:PlayList: [3077524241] èˆŒå°–ä¸Šçš„ä¸­å›½é£ (472/1781) has 8 songs.
INFO:[DataPipeline]:PlayList: [1268651953] ä¸­å›½é£&#32;&#124;&#32;å¥‡æ–‡å…±æ¬£èµï¼Œç–‘ä¹‰ç›¸ä¸æ (473/1781) has 30 songs.
INFO:[DataPipeline]:PlayList: [7107608246] ä¸­å›½é£&#32;&#124;&#32;å°†è¿™æ®µæ¸©æƒ…ï¼Œç‹¬è‡ªå’ (474/1781) has 35 songs.
INFO:[DataPipeline]:PlayList: [7119633905] æµ…åŸä¸­å›½é£&#32;Â·&#32;èŠ±æ·±å¿˜å´æ¥æ—¶è·¯ (475/1781) has 27 songs.
INFO:[DataPipeline]:PlayList: [33102125] å‘¨è‘£çš„ä¸­å›½é£ (476/1781) has 12 songs.
INFO:[DataPipeline]:PlayList: [961806786] ç§’æ€èŠ‚å¥æ§çš„ä¸­å›½é£ (477/1781) has 10 songs.
INFO:[DataPipeline]:PlayList: [7454639382] ä¹å£°ä¸æ—¶ä»£çš„ç¢°æ’ï¼šæµ“éƒä¸­å›½é£ (478/1781) has 30 songs.
INFO:[DataPipeline]:PlayList: [7474168746] ä¸­å›½é£&#32;&#124;&#32;æ¸…ä¸½å©‰çº¦&#32;æ„è•´æ‚ è¿œ (479/1781) has 23 songs.
INFO:[DataPipeline]:Sleep for: 150
INFO:[DataPipeline]:PlayList: [3433458612] é‚£äº›å•æ›²å¾ªç¯è¿‡çš„ä¸­å›½é£ (480/1781) has 53 songs.
INFO:[DataPipeline]:PlayList: [1354502210] ä¸­å›½é£ç²¾é€‰ã€çè—ç‰ˆã€‘ (481/1781) has 14 songs.
INFO:[DataPipeline]:PlayList: [7319381519] è¡Œèµ°ä¸–ç•Œçš„ä¸­å›½é£åŸå£° (482/1781) has 19 songs.
INFO:[DataPipeline]:PlayList: [7587307096] ä¸­å›½é£çš„æ—¥æœ¬çº¯éŸ³ä¹ (483/1781) has 34 songs.
INFO:[DataPipeline]:PlayList: [7445418603] æŠ’æƒ…ä¸­å›½é£&#32;Â·&#32;æ•…äººæƒ…éš¾ç›¸å¿˜ (484/1781) has 26 songs.
INFO:[DataPipeline]:PlayList: [7107674223] ä¸­å›½é£&#32;&#124;&#32;ä»Šä¸–æƒ…ç¼˜ï¼Œä¸è´Ÿç›¸æ€æ„ (485/1781) has 33 songs.
INFO:[DataPipeline]:PlayList: [1558311097] å‘ç°å¥½å¬ï¼šä¸»æ‰“æ­Œï¼Œä¸­å›½é£ (486/1781) has 9 songs.
INFO:[DataPipeline]:PlayList: [7442818498] æ‹æ‹ä¸­å›½é£ï¼šä¸€è§å€¾å¿ƒå‚²è§†èŠ³å (487/1781) has 51 songs.
INFO:[DataPipeline]:PlayList: [7276511508] ä¸­å›½é£çº¯éŸ³&#32;Â·&#32;é™å¿ƒå­¦ä¹ å¿…å¤‡ (488/1781) has 25 songs.
INFO:[DataPipeline]:PlayList: [31718488] æœ€çˆ±çš„ä¸­å›½é£ (489/1781) has 5 songs.
INFO:[DataPipeline]:Sleep for: 95
INFO:[DataPipeline]:PlayList: [32168425] æ¸©å©‰æŸ”æƒ…ä¸­å›½é£ (490/1781) has 8 songs.
INFO:[DataPipeline]:PlayList: [7107414091] ä¸­å›½é£&#32;&#124;&#32;è¯—æƒ…ç”»æ„é‡Œçš„æ·±æƒ… (491/1781) has 22 songs.
INFO:[DataPipeline]:PlayList: [2846493726] ä¸­å›½é£ï¼šä½ ä¸€å®šè¦è®°ä½è®¸åµ©&#46; (492/1781) has 23 songs.
INFO:[DataPipeline]:PlayList: [7049788980] åŒåä¸­å›½é£&#32;Â·&#32;åˆ«æ˜¯ä¸€ç•ªé£éŸµ (493/1781) has 22 songs.
INFO:[DataPipeline]:PlayList: [7179804818] ä¸­å›½é£&#32;&#124;&#32;æ¸…é£å¾å¾è‡ªç”±é­‚ (494/1781) has 22 songs.
INFO:[DataPipeline]:PlayList: [7186267052] ä¸­å›½é£&#32;&#124;&#32;æ•°å°½åƒå¤é£æµäººç‰© (495/1781) has 28 songs.
INFO:[DataPipeline]:PlayList: [38916332] æ‚ æ‚ ç®«ç¬›å£°ï¼Œé†‰ç¾ä¸­å›½é£ (496/1781) has 10 songs.
INFO:[DataPipeline]:PlayList: [7112116540] ä¸­å›½é£&#32;&#124;&#32;ä¸‡ç¼•åƒä¸ï¼Œå¯¹æœˆå¿†å…°èˆŸ (497/1781) has 26 songs.
INFO:[DataPipeline]:PlayList: [3113961544] è‡´æ•¬ä¸­å›½é£ï¼Œè‡´æ•¬å‘¨æ°ä¼¦ (498/1781) has 22 songs.
INFO:[DataPipeline]:PlayList: [7114465592] ä¸­å›½é£&#32;&#124;&#32;äººè¨€æ»”æ»”ï¼Œ&#32;æˆ‘è‡ªç¬‘å‚² (499/1781) has 21 songs.
INFO:[DataPipeline]:Sleep for: 44
INFO:[DataPipeline]:PlayList: [7337449203] å½±è§†å‰§ç²¾é€‰ï¼šæƒŠè‰³çš„ä¸­å›½é£çº¯éŸ³ (500/1781) has 20 songs.
INFO:[DataPipeline]:PlayList: [7110479823] ä¸­å›½é£ç”·å—“&#32;Â·&#32;æƒ†æ€…æ­¤æƒ…éš¾å¯„ (501/1781) has 21 songs.
INFO:[DataPipeline]:PlayList: [7228227408] ä¸­å›½é£ç”µå­&#32;Â·&#32;è·³è·ƒçš„æ°´å¢¨ç”» (502/1781) has 18 songs.
INFO:[DataPipeline]:PlayList: [7237681729] 10æœˆä¸­å›½é£æ–°æ­Œï¼šå¯æ€œå†¬æ™¯ä¼¼æ˜¥å (503/1781) has 33 songs.
INFO:[DataPipeline]:PlayList: [7107674783] åˆé—´ç…²æœº&#32;&#124;&#32;ä¸€æ›²ä¸­å›½é£ç§é€‰ (504/1781) has 30 songs.
INFO:[DataPipeline]:PlayList: [2913781320] å¯¹å”±æƒ…æ­Œï¼Œå€¾å¿ƒä¸­å›½é£ (505/1781) has 38 songs.
INFO:[DataPipeline]:PlayList: [7222861921] è†èµ&#32;â”‚&#32;å…±èµ´ä¸­å›½é£ç››å®´ (506/1781) has 37 songs.
INFO:[DataPipeline]:PlayList: [38784973] çº¢é¢œï¼Œè‹±é›„ï¼Œä¸­å›½é£ (507/1781) has 10 songs.
INFO:[DataPipeline]:PlayList: [1136524744] ä½ åœ¨çº¢æ¥¼ï¼Œæˆ‘åœ¨è¥¿æ¸¸ï¼ˆä¸­å›½é£â€»åç¯‡ï¼‰ (508/1781) has 18 songs.
INFO:[DataPipeline]:PlayList: [3412414849] å¤è¯æ–°æ„ï¼Œå”¯ç¾ä¸­å›½é£ (509/1781) has 24 songs.
INFO:[DataPipeline]:Sleep for: 92
INFO:[DataPipeline]:PlayList: [7112116862] å› ä¸€é¦–ä¸­å›½é£ï¼Œè€Œçˆ±ä¸Šä¸€éƒ¨å¤è£…å‰§ (510/1781) has 55 songs.
INFO:[DataPipeline]:PlayList: [2638629475] é•¿é£å½“æ­ŒÂ·æœ€å¥½å¬çš„ä¸­å›½é£&#32;å£¹ (511/1781) has 31 songs.
INFO:[DataPipeline]:PlayList: [7441346935] ä¸­å›½é£çš„æ—¥æœ¬çº¯éŸ³ä¹ (512/1781) has 9 songs.
INFO:[DataPipeline]:PlayList: [7258058111] ä¸­å›½é£&#32;&#124;&#32;çˆ±ç€ä½ å…¨éƒ¨ï¼Œç›¸æ€å´ç¦é”¢ (513/1781) has 32 songs.
INFO:[DataPipeline]:PlayList: [7064532215] ç²¤éŸµä¸­å›½é£&#32;Â·&#32;å¤•æ®¿è¤é£æ€æ‚„ç„¶ (514/1781) has 29 songs.
INFO:[DataPipeline]:PlayList: [1558310340] å¿§ä¼¤ä¸­å›½é£ï¼šå°†å”¯ç¾è¿›è¡Œåˆ°åº• (515/1781) has 12 songs.
INFO:[DataPipeline]:PlayList: [2613530865] ä¸­å›½é£çš„å¤é£ç»å…¸ (516/1781) has 34 songs.
INFO:[DataPipeline]:PlayList: [7222862388] éŸµå‘³ä¸­å›½é£&#32;&#124;&#32;å¦‚é£å¹æ‹‚è€³ç•” (517/1781) has 37 songs.
INFO:[DataPipeline]:PlayList: [7276508746] ä¸­å›½é£çº¯éŸ³&#32;Â·&#32;æ„Ÿäººæ‚²å£®å½±è§†åŸå£° (518/1781) has 25 songs.
INFO:[DataPipeline]:PlayList: [7107607600] ç»ƒå­—æ€ä¹ˆèƒ½å°‘äº†ä¸­å›½é£ï¼ (519/1781) has 44 songs.
INFO:[DataPipeline]:Sleep for: 165
INFO:[DataPipeline]:PlayList: [3381263406] è¯—æƒ…ç”»æ„&#32;ä¸­å›½é£ (520/1781) has 28 songs.
INFO:[DataPipeline]:PlayList: [1136459097] ä½ å¯èƒ½ä¸æ›¾å¬è¿‡çš„ä¸­å›½é£&#32;å£¹ (521/1781) has 22 songs.
INFO:[DataPipeline]:PlayList: [1585448852] å”¯ç¾çš„è¯ï¼Œå”¯ç¾çš„ä¸­å›½é£ (522/1781) has 12 songs.
INFO:[DataPipeline]:PlayList: [37444361] è®¸åµ©ï¼šæ‹ä¸Šâ€œè®¸æ°ä¸­å›½é£â€ (523/1781) has 10 songs.
INFO:[DataPipeline]:PlayList: [2379251460] ä¸­å›½å˜»å“ˆVol&#46;9&#32;&#124;&#32;å˜»å“ˆä¸­å›½é£ï¼Œé¥¶èˆŒä¼šæ­¦åŠŸ (524/1781) has 40 songs.
INFO:[DataPipeline]:PlayList: [2242875213] æœ€çˆ±ä¸­å›½é£æ­Œæ›² (525/1781) has 17 songs.
INFO:[DataPipeline]:PlayList: [1407810707] å¤é£å¤éŸµï¼Œåƒé‡Œå¯»ä¸­å›½é£ (526/1781) has 463 songs.
INFO:[DataPipeline]:PlayList: [3117570706] é‚£äº›æ·±å…¥è€³ç›®çš„ä¸­å›½é£ (527/1781) has 10 songs.
INFO:[DataPipeline]:PlayList: [7268135321] ä¸­å›½é£è¯´å”±ï½œRapé‡Œçš„é£äº‘å½• (528/1781) has 22 songs.
INFO:[DataPipeline]:PlayList: [31425430] æœ€ç¾&#32;æœ€çº¯ç²¹&#32;æœ€ä¸­å›½é£ (529/1781) has 7 songs.
INFO:[DataPipeline]:Sleep for: 61
INFO:[DataPipeline]:PlayList: [7660915882] Chinaï¼ä¸­å›½é£ç”µéŸ³ä¹‹å´›èµ·ä¹‹è·¯ (530/1781) has 79 songs.
INFO:[DataPipeline]:PlayList: [3454376003] é‚£äº›è®©äººæƒ³å“­çš„ä¸­å›½é£ (531/1781) has 17 songs.
INFO:[DataPipeline]:PlayList: [1736751127] æ‚ æ‚ æ›²ä¸­æƒ…&#32;&#32;æµ“æµ“ä¸­å›½é£ (532/1781) has 18 songs.
INFO:[DataPipeline]:PlayList: [7526545650] ä¸­å›½é£ï¼šäººèšæ•£ï¼Œè¹‰è·äº†æ­¤ç”Ÿç¼˜ (533/1781) has 15 songs.
INFO:[DataPipeline]:PlayList: [7096722158] ä¸­å›½é£çº¯éŸ³&#32;Â·&#32;å§å¬ç©¿æ—æ‰“å¶å£° (534/1781) has 31 songs.
INFO:[DataPipeline]:PlayList: [1439230424] ç°ä»£çš„éŸ³ä¹å”±å‡ºå¤å…¸çš„å‘³é“â€”00å¹´ä»£ä¸­å›½é£ (535/1781) has 20 songs.
INFO:[DataPipeline]:PlayList: [39869764] å‘ç°å¥½å¬ï¼šä¸»æ‰“æ­Œï¼Œä¸­å›½é£ (536/1781) has 9 songs.
INFO:[DataPipeline]:PlayList: [7666747591] ã€Œä¸­å›½é£ã€ç”¨å¿ƒæ„Ÿå—å›½ä¹‹é£éŸµ (537/1781) has 34 songs.
INFO:[DataPipeline]:PlayList: [7000999900] ä¸­å›½é£ç¿»å”±&#32;&#58;&#32;ç¿©è·¹ä½³äººæƒ… (538/1781) has 20 songs.
INFO:[DataPipeline]:PlayList: [1136459441] å†…åœ°ç‹¬ç«‹ä¹é˜Ÿçš„ä¸­å›½é£æƒ…ç»“ (539/1781) has 18 songs.
INFO:[DataPipeline]:Sleep for: 41
INFO:[DataPipeline]:PlayList: [2034409251] ç‹¬ç«‹éŸ³ä¹ä¸­ä¸€ç¼•ä¸­å›½é£ (540/1781) has 21 songs.
INFO:[DataPipeline]:PlayList: [29894539] æ‚ æ‚ ä¸­å›½é£ (541/1781) has 11 songs.
INFO:[DataPipeline]:PlayList: [1351130712] å¤éŸµä¸­å›½é£ (542/1781) has 35 songs.
INFO:[DataPipeline]:PlayList: [31895287] å¤ç´éŸµå¾‹ä¸­å›½é£ (543/1781) has 10 songs.
INFO:[DataPipeline]:PlayList: [1427893400] ä¼˜é›…å©‰çº¦æ´¾ä¸­å›½é£å¥½æ­Œæ›² (544/1781) has 43 songs.
INFO:[DataPipeline]:PlayList: [3799369922] æ¸…ç®«åŸæƒ…&#32;&#124;&#32;ä¸­å›½é£ä¹å™¨çº¯éŸ³é€‰é›† (545/1781) has 19 songs.
INFO:[DataPipeline]:PlayList: [7588223964] bgmæŠ–éŸ³ä¸­å›½é£çº¯éŸ³ä¹å¤ç­è½»éŸ³ä¹é’¢ç´æ›²ç¡çœ  (546/1781) has 756 songs.
INFO:[DataPipeline]:PlayList: [1332396307] é‚£äº›å›å‘³çš„ä¸­å›½é£ (547/1781) has 9 songs.
INFO:[DataPipeline]:PlayList: [2033980808] ä¸­å›½é£æ¸¸æˆä¹æ›²&#32;åœ¨ä¹ç« é‡Œé£˜æ‘‡æ²‰æµ®ï¼ˆäºŒï¼‰ (548/1781) has 25 songs.
INFO:[DataPipeline]:PlayList: [708983216] å¤é£ä¸­å›½é£ (549/1781) has 127 songs.
INFO:[DataPipeline]:Sleep for: 145
INFO:[DataPipeline]:PlayList: [7325035722] 12æœˆä¸­å›½é£æ–°æ­Œï¼šå¤§é›ªç…§æ˜ å¦‚å†°å£¶ (550/1781) has 34 songs.
INFO:[DataPipeline]:PlayList: [2431071897] å”¯ç¾ä¸­å›½é£&#32;å¥½è¿é©¬ä¸Šæ¥ (551/1781) has 8 songs.
INFO:[DataPipeline]:PlayList: [1611842610] æ–°æ´¾ä¸­å›½é£&#32;å”¯æˆ‘æ‰€çˆ± (552/1781) has 10 songs.
INFO:[DataPipeline]:PlayList: [7521321504] å½±è§†ä¸­å›½é£ä¸¨å¤è£…ç”µè§†å‰§çº¯éŸ³åˆé›† (553/1781) has 29 songs.
INFO:[DataPipeline]:PlayList: [31514073] æœ€çˆ±ä¸­å›½é£ (554/1781) has 20 songs.
INFO:[DataPipeline]:PlayList: [2638630407] åŸæ¥ä»–ä»¬éƒ½çˆ±å‘¨æ°ä¼¦çš„ä¸­å›½é£ (555/1781) has 19 songs.
INFO:[DataPipeline]:PlayList: [7446138259] ä¸­å›½é£æ°‘è°£&#32;Â·&#32;ä¸€ç¼•è¯—æƒ…ç”»æ„ (556/1781) has 26 songs.
INFO:[DataPipeline]:PlayList: [7545079286] ã€ä¸­å›½é£æ­Œæ›²ã€å¤é£æ­Œæ›²æŠ–éŸ³æœ€ç« (557/1781) has 635 songs.
INFO:[DataPipeline]:PlayList: [2653568295] ä¸­å›½é£ï¼Œæ°‘ä¹ï¼Œçº¯éŸ³ä¹ (558/1781) has 97 songs.
INFO:[DataPipeline]:PlayList: [2649467507] é™¤å¤œä¼ ç»Ÿâ€œå¹´â€ï¼Œæ€èƒ½å°‘äº†ä¸­å›½é£ï¼Ÿ (559/1781) has 50 songs.
INFO:[DataPipeline]:Sleep for: 88
INFO:[DataPipeline]:PlayList: [1736750688] ä¸œæ–¹å¤éŸµï¼Œä¸€å“ä¸­å›½é£ (560/1781) has 19 songs.
INFO:[DataPipeline]:PlayList: [7568527076] ä¸­å›½é£ï¼šæˆ‘ç­‰ä½ å¯å¦ä»¥èº«ç›¸è®¸ï¼Ÿ (561/1781) has 35 songs.
INFO:[DataPipeline]:PlayList: [2751399166] å¤§ç©ä¸­å›½é£çš„æ¬§ç¾æ­Œ (562/1781) has 10 songs.
INFO:[DataPipeline]:PlayList: [7529927775] çº¢æ­Œç»å…¸ä¸­å›½é£&#32;è€é©å‘½æ­Œæ›² (563/1781) has 100 songs.
INFO:[DataPipeline]:PlayList: [39509841] æ—¥æœ¬å¤§å¸ˆç¬”ä¸‹çš„ä¸­å›½é£ (564/1781) has 11 songs.
INFO:[DataPipeline]:PlayList: [7276511754] æ¸¸æˆå¿…å¤‡&#32;Â·&#32;å¿ƒé†‰ä¸­å›½é£çº¯éŸµ (565/1781) has 25 songs.
INFO:[DataPipeline]:PlayList: [1129352960] ã€Œä¸­å›½é£â¤æ‚¦äº«ã€æ¶ˆå¾—ä¸€å£°èºï¼Œä¸œé£ä¸‰æœˆæƒ…ã€‚ (566/1781) has 18 songs.
INFO:[DataPipeline]:PlayList: [786010712] ä¸­å›½é£æ­Œæ›²å¤§èµ (567/1781) has 43 songs.
INFO:[DataPipeline]:PlayList: [7596877113] ä¸­å›½é£ä¼˜é€‰&#32;&#124;&#32;å¬ä»–ä»¬çš„æ­Œä¼šä¸Šç˜¾ (568/1781) has 21 songs.
INFO:[DataPipeline]:PlayList: [1838352972] ä¸­å›½é£ (569/1781) has 10 songs.
INFO:[DataPipeline]:Sleep for: 83
INFO:[DataPipeline]:PlayList: [7304079432] ä¸­å›½é£çº¯éŸ³&#32;Â·&#32;å®«å»·åå®«é‡Œçš„çˆ±æ¨ (570/1781) has 21 songs.
INFO:[DataPipeline]:PlayList: [3185715173] æ‚ æ‚ å¤é£orç°ä»£ä¸­å›½é£ (571/1781) has 43 songs.
INFO:[DataPipeline]:PlayList: [7607372218] ä¸­å›½æ°‘æ­Œã€æ°‘é—´å°è°ƒåŠæ°‘æ­Œä¸­å›½é£æŠ’æƒ…åæ­Œ (572/1781) has 239 songs.
INFO:[DataPipeline]:PlayList: [2678405599] æˆ˜é©¬å¥”è…¾ï¼Œä¸­å›½é£é‡‘å± (573/1781) has 18 songs.
INFO:[DataPipeline]:PlayList: [1736813951] ã€ä¸­å›½é£ã€‘ä½™éŸ³ç»•æ¢ï¼Œæ•…äººå·²å½’ (574/1781) has 23 songs.
INFO:[DataPipeline]:PlayList: [3508456377] ä¸­å›½é£çš„éŸµå¾‹ (575/1781) has 25 songs.
INFO:[DataPipeline]:PlayList: [2257292672] ä¸æœ½ä¸­å›½é£ã€‚ (576/1781) has 28 songs.
INFO:[DataPipeline]:PlayList: [7675528747] ã€ç”µéŸ³ã€‘ä¸­å›½é£ä¸ç”µå­çš„å®Œç¾èåˆ (577/1781) has 57 songs.
INFO:[DataPipeline]:PlayList: [7147709875] ä¸­å›½é£å½±è§†åŒåä¸»é¢˜æ›² (578/1781) has 18 songs.
INFO:[DataPipeline]:PlayList: [1616017884] é‚£äº›å¹´ï¼Œæœ€çˆ±çš„ä¸­å›½é£ (579/1781) has 16 songs.
INFO:[DataPipeline]:Sleep for: 88
INFO:[DataPipeline]:PlayList: [38599894] æµè¡Œä¸­çš„ä¸­å›½é£ (580/1781) has 10 songs.
INFO:[DataPipeline]:PlayList: [7598476878] ä¸­å›½é£ï¼šæ›²ç»ˆäººæœªæ•£ï¼Œç™½é¦–ä¸åˆ†ç¦» (581/1781) has 21 songs.
INFO:[DataPipeline]:PlayList: [7344860809] ä¸­å›½é£çº¯éŸ³ä¹/å¤é£æ¸¸æˆèƒŒæ™¯éŸ³ä¹ (582/1781) has 47 songs.
INFO:[DataPipeline]:PlayList: [31144219] å¤ç´æ¼”ç»ï¼Œä¸­å›½é£ (583/1781) has 10 songs.
INFO:[DataPipeline]:PlayList: [7269258391] çƒ­è¡€ä¸­å›½é£&#32;Â·&#32;ç‰é—¨å…³ç›–å°†å†›æ­Œ (584/1781) has 25 songs.
INFO:[DataPipeline]:PlayList: [4235935591] æ¢¦æŒ‡è‹ç©¹ï¼šç‡ƒç³»ä¸­å›½é£é‡‘å± (585/1781) has 18 songs.
INFO:[DataPipeline]:PlayList: [1176720377] çº¢æ­Œç»å…¸ä¸­å›½é£&#32;è€é©å‘½æ­Œæ›² (586/1781) has 60 songs.
INFO:[DataPipeline]:PlayList: [7286452698] ä¸­å›½é£å¤å…¸ä¹å™¨çº¯éŸ³ä¹ (587/1781) has 52 songs.
INFO:[DataPipeline]:PlayList: [3234479819] æ»¡æ»¡ä¸­å›½é£çš„æ–°æ°‘ä¹ä½³ä½œ (588/1781) has 20 songs.
INFO:[DataPipeline]:PlayList: [2033979707] ä¸­å›½é£æ¸¸æˆä¹æ›²&#32;è¯·ä»”ç»†è†å¬ï¼ˆä¸€ï¼‰ (589/1781) has 18 songs.
INFO:[DataPipeline]:Sleep for: 81
INFO:[DataPipeline]:PlayList: [7590632728] æŠ’æƒ…ä¸­å›½é£ï¼šçºµæ¨ªå°˜ä¸–æ„¿ä¸å›å…± (590/1781) has 20 songs.
INFO:[DataPipeline]:PlayList: [816818530] å¤éŸµå¦–å¨†ä¸­å›½é£ï¼Œæ²‰æµ¸åœ¨è¿™ä¸ªä¸–ç•Œ (591/1781) has 56 songs.
INFO:[DataPipeline]:PlayList: [1290598947] å¤é£&#32;ä¸­å›½é£ (592/1781) has 9 songs.
INFO:[DataPipeline]:PlayList: [7639658210] ä¸­å›½é£å¤å…¸ä¹å™¨çº¯éŸ³ä¹ (593/1781) has 304 songs.
INFO:[DataPipeline]:PlayList: [39510829] æ¸©æŸ”ä¸­å›½é£ (594/1781) has 12 songs.
INFO:[DataPipeline]:PlayList: [1925808600] æ‹ä¸Šâ€œåµ©å¼â€ä¸­å›½é£ (595/1781) has 14 songs.
INFO:[DataPipeline]:PlayList: [29832515] ä¸­å›½é£&#32;å­æœ›ä¸ä»– (596/1781) has 12 songs.
INFO:[DataPipeline]:PlayList: [15253062] æœ€çˆ±ä¸­å›½é£&#32;å¤å…¸éŸ³ä¹æ­£åœ¨è‹é†’ (597/1781) has 8 songs.
INFO:[DataPipeline]:PlayList: [7222862040] ç»¼è‰º&#32;â”‚&#32;å¸¦ä½ è®¤è¯†ä¸ä¸€æ ·çš„ä¸­å›½é£ (598/1781) has 26 songs.
INFO:[DataPipeline]:PlayList: [1908515821] ä¸­å›½é£&#45;åˆå¹´æ—‹å¾‹&#32; (599/1781) has 15 songs.
INFO:[DataPipeline]:Sleep for: 93
INFO:[DataPipeline]:PlayList: [7276509233] å½±è§†ä¸­å›½é£&#32;Â·&#32;å£®é˜”å²è¯—æ„Ÿçº¯éŸ³ä¹ (600/1781) has 26 songs.
INFO:[DataPipeline]:PlayList: [7114573823] ä¸­å›½é£&#32;&#124;&#32;&#32;å¤é“é’çƒŸï¼Œä»Šå¤•ä½•å¹´ï¼Ÿ (601/1781) has 22 songs.
INFO:[DataPipeline]:PlayList: [2824030481] é‚£äº›å¹´ï¼Œæˆ‘çˆ±çš„ä¸­å›½é£ (602/1781) has 15 songs.
INFO:[DataPipeline]:PlayList: [1987238719] è†å¬æ¸¯å¼æ­¦ä¾ ä¸­çš„ç»å…¸ä¸­å›½é£ (603/1781) has 23 songs.
INFO:[DataPipeline]:PlayList: [37751365] ä¸­å›½é£ç½‘ç»œæ¸¸æˆèƒŒæ™¯éŸ³ä¹ (604/1781) has 8 songs.
INFO:[DataPipeline]:PlayList: [7268165425] ä¸­å›½é£çº¯ä¹ï½œæµªè¿¹å¤©æ¶¯ï¼Œçœ‹æ±Ÿå±±å¦‚ç”» (605/1781) has 31 songs.
INFO:[DataPipeline]:PlayList: [39721764] å¿§ä¼¤ä¸­å›½é£ï¼šå°†å”¯ç¾è¿›è¡Œåˆ°åº• (606/1781) has 12 songs.
INFO:[DataPipeline]:PlayList: [7673870975] ã€Œä¸­å›½é£ã€ä¸å›è”è¢‚&#32;å‹¿å´ä¸ºå¹¸ (607/1781) has 47 songs.
INFO:[DataPipeline]:PlayList: [7276510317] ä¸­å›½é£çº¯éŸ³&#32;Â·&#32;å¤è£…é‡Œçš„èˆåŠ¨èº«å½± (608/1781) has 20 songs.
INFO:[DataPipeline]:PlayList: [7518718393] æŠ–éŸ³ä¸­å›½é£ (609/1781) has 38 songs.
INFO:[DataPipeline]:Sleep for: 124
INFO:[DataPipeline]:PlayList: [7673392564] ã€ä¸­å›½é£ã€å¤å¿†å¾€æ˜”ï¼Œå››å­£å¯ç›¼ã€‚ (610/1781) has 37 songs.
INFO:[DataPipeline]:PlayList: [7522041731] ä¸­å›½é£ï½œå¤é£&#32;æµè¡Œçº¯éŸ³ä¹ï¼ˆèƒŒæ™¯ä¹ï¼‰ (611/1781) has 241 songs.
INFO:[DataPipeline]:PlayList: [7290373808] æ¢å¼˜å¤§æ°”çš„ä¸­å›½é£çº¯éŸ³ä¹ (612/1781) has 20 songs.
INFO:[DataPipeline]:PlayList: [2668916498] æ¬§ç¾è¯´å”±é‡Œçš„ä¸­å›½é£ï¼Œåˆ›æ„åè¶³ (613/1781) has 18 songs.
INFO:[DataPipeline]:PlayList: [7112408553] é‚£äº›è—åœ¨å°ä¼—éŸ³ä¹é‡Œçš„ä¸­å›½é£ (614/1781) has 21 songs.
INFO:[DataPipeline]:PlayList: [7256656235] å¤è£…ç”µå½±é‡Œçš„ä¸­å›½é£çº¯éŸ³ (615/1781) has 21 songs.
INFO:[DataPipeline]:PlayList: [20190860] äº‘ç«¯å¤©ç±&#32;&#32;æ¸…éŸµæ‚ æ‰¬ä¸­å›½é£ (616/1781) has 11 songs.
INFO:[DataPipeline]:PlayList: [7126813120] 2019å¹´8æœˆä¸­å›½é£æ–°æ­Œ (617/1781) has 59 songs.
INFO:[DataPipeline]:PlayList: [3235541762] 2010å¹´é‚£äº›ä¸èƒ½é”™è¿‡çš„ä¸­å›½é£ (618/1781) has 18 songs.
INFO:[DataPipeline]:PlayList: [1455088713] æç‰åˆšä¸­å›½é£ (619/1781) has 224 songs.
INFO:[DataPipeline]:Sleep for: 176
INFO:[DataPipeline]:PlayList: [38766345] ä¸­å›½é£ä¸­çš„ç»å…¸æ¼”ç» (620/1781) has 11 songs.
INFO:[DataPipeline]:PlayList: [1662263838] å€¾å°½å¤©ä¸‹&#32;å”¯ä¸€æ›²ä¸­å›½é£ (621/1781) has 26 songs.
INFO:[DataPipeline]:PlayList: [1277450390] å¤é£â€¢ä¸­å›½é£ (622/1781) has 141 songs.
--- Logging error ---
Traceback (most recent call last):
  File "/Library/Python/3.7/site-packages/urllib3/connectionpool.py", line 672, in urlopen
    chunked=chunked,
  File "/Library/Python/3.7/site-packages/urllib3/connectionpool.py", line 376, in _make_request
    self._validate_conn(conn)
  File "/Library/Python/3.7/site-packages/urllib3/connectionpool.py", line 994, in _validate_conn
    conn.connect()
  File "/Library/Python/3.7/site-packages/urllib3/connection.py", line 360, in connect
    ssl_context=context,
  File "/Library/Python/3.7/site-packages/urllib3/util/ssl_.py", line 370, in ssl_wrap_socket
    return context.wrap_socket(sock, server_hostname=server_hostname)
  File "/Library/Developer/CommandLineTools/Library/Frameworks/Python3.framework/Versions/3.7/lib/python3.7/ssl.py", line 412, in wrap_socket
    session=session
  File "/Library/Developer/CommandLineTools/Library/Frameworks/Python3.framework/Versions/3.7/lib/python3.7/ssl.py", line 853, in _create
    self.do_handshake()
  File "/Library/Developer/CommandLineTools/Library/Frameworks/Python3.framework/Versions/3.7/lib/python3.7/ssl.py", line 1117, in do_handshake
    self._sslobj.do_handshake()
ConnectionResetError: [Errno 54] Connection reset by peer

During handling of the above exception, another exception occurred:

Traceback (most recent call last):
  File "/Library/Python/3.7/site-packages/requests/adapters.py", line 449, in send
    timeout=timeout
  File "/Library/Python/3.7/site-packages/urllib3/connectionpool.py", line 720, in urlopen
    method, url, error=e, _pool=self, _stacktrace=sys.exc_info()[2]
  File "/Library/Python/3.7/site-packages/urllib3/util/retry.py", line 400, in increment
    raise six.reraise(type(error), error, _stacktrace)
  File "/Library/Python/3.7/site-packages/urllib3/packages/six.py", line 734, in reraise
    raise value.with_traceback(tb)
  File "/Library/Python/3.7/site-packages/urllib3/connectionpool.py", line 672, in urlopen
    chunked=chunked,
  File "/Library/Python/3.7/site-packages/urllib3/connectionpool.py", line 376, in _make_request
    self._validate_conn(conn)
  File "/Library/Python/3.7/site-packages/urllib3/connectionpool.py", line 994, in _validate_conn
    conn.connect()
  File "/Library/Python/3.7/site-packages/urllib3/connection.py", line 360, in connect
    ssl_context=context,
  File "/Library/Python/3.7/site-packages/urllib3/util/ssl_.py", line 370, in ssl_wrap_socket
    return context.wrap_socket(sock, server_hostname=server_hostname)
  File "/Library/Developer/CommandLineTools/Library/Frameworks/Python3.framework/Versions/3.7/lib/python3.7/ssl.py", line 412, in wrap_socket
    session=session
  File "/Library/Developer/CommandLineTools/Library/Frameworks/Python3.framework/Versions/3.7/lib/python3.7/ssl.py", line 853, in _create
    self.do_handshake()
  File "/Library/Developer/CommandLineTools/Library/Frameworks/Python3.framework/Versions/3.7/lib/python3.7/ssl.py", line 1117, in do_handshake
    self._sslobj.do_handshake()
urllib3.exceptions.ProtocolError: ('Connection aborted.', ConnectionResetError(54, 'Connection reset by peer'))

During handling of the above exception, another exception occurred:

Traceback (most recent call last):
  File "runner_qq.py", line 58, in process_playlist
    lyric = api.get_song_lyric(song.id)
  File "/private/var/root/.jenkins/workspace/data-zhongguofeng/dao/qq_api.py", line 43, in get_song_lyric
    raw_text = self.fetch_raw(url)
  File "/private/var/root/.jenkins/workspace/data-zhongguofeng/dao/base_api.py", line 34, in fetch_raw
    verify=False)
  File "/Library/Python/3.7/site-packages/requests/api.py", line 75, in get
    return request('get', url, params=params, **kwargs)
  File "/Library/Python/3.7/site-packages/requests/api.py", line 60, in request
    return session.request(method=method, url=url, **kwargs)
  File "/Library/Python/3.7/site-packages/requests/sessions.py", line 533, in request
    resp = self.send(prep, **send_kwargs)
  File "/Library/Python/3.7/site-packages/requests/sessions.py", line 646, in send
    r = adapter.send(request, **kwargs)
  File "/Library/Python/3.7/site-packages/requests/adapters.py", line 498, in send
    raise ConnectionError(err, request=request)
requests.exceptions.ConnectionError: ('Connection aborted.', ConnectionResetError(54, 'Connection reset by peer'))

During handling of the above exception, another exception occurred:

Traceback (most recent call last):
  File "/Library/Developer/CommandLineTools/Library/Frameworks/Python3.framework/Versions/3.7/lib/python3.7/logging/__init__.py", line 1034, in emit
    msg = self.format(record)
  File "/Library/Developer/CommandLineTools/Library/Frameworks/Python3.framework/Versions/3.7/lib/python3.7/logging/__init__.py", line 880, in format
    return fmt.format(record)
  File "/Library/Developer/CommandLineTools/Library/Frameworks/Python3.framework/Versions/3.7/lib/python3.7/logging/__init__.py", line 619, in format
    record.message = record.getMessage()
  File "/Library/Developer/CommandLineTools/Library/Frameworks/Python3.framework/Versions/3.7/lib/python3.7/logging/__init__.py", line 380, in getMessage
    msg = msg % self.args
TypeError: not all arguments converted during string formatting
Call stack:
  File "runner_qq.py", line 158, in <module>
    main()
  File "runner_qq.py", line 145, in main
    args.proxy, logger, args.dump_raw, args.dump_seg)
  File "runner_qq.py", line 68, in process_playlist
    logger.error("Exception in processing songs: ", err)
Message: 'Exception in processing songs: '
Arguments: (ConnectionError(ProtocolError('Connection aborted.', ConnectionResetError(54, 'Connection reset by peer'))),)
INFO:[DataPipeline]:PlayList: [1166235027] China&#32;ä¸­å›½é£çš„åŠ¨æ„Ÿç”µå­éŸ³ä¹ (623/1781) has 89 songs.
INFO:[DataPipeline]:PlayList: [2945118152] å¼ æ°ï½œä¸­å›½é£ (624/1781) has 30 songs.
INFO:[DataPipeline]:PlayList: [1083589277] çº¢å°˜éšå¿ƒèµ°ï¼Œæµè¡Œä¸­å›½é£ (625/1781) has 31 songs.
INFO:[DataPipeline]:PlayList: [1736823995] ã€ä¸­å›½é£Â·ç”µå­ã€‘æ„Ÿå—è§’å¾µå®«å•†çš„è¡æ°”å›è‚  (626/1781) has 18 songs.
INFO:[DataPipeline]:PlayList: [7377779088] bgmæŠ–éŸ³ä¸­å›½é£çº¯éŸ³ä¹å¤ç­è½»éŸ³ä¹é’¢ç´æ›²ç¡çœ  (627/1781) has 415 songs.
INFO:[DataPipeline]:PlayList: [3270714996] ã€ä¸­å›½é£ã€‘ï¼šæ³ ä¸ƒå¼¦ä¸Šï¼Œå¬æ¾é£å¯’ (628/1781) has 38 songs.
INFO:[DataPipeline]:PlayList: [7276516858] ä¸­å›½é£çº¯éŸ³&#32;Â·&#32;å¤è£…é‡Œçš„çˆ±æƒ…æ•…äº‹ (629/1781) has 25 songs.
INFO:[DataPipeline]:Sleep for: 108
--- Logging error ---
Traceback (most recent call last):
  File "runner_qq.py", line 51, in process_playlist
    songs = api.get_songs_from_playlist(playlist_id)
  File "/private/var/root/.jenkins/workspace/data-zhongguofeng/dao/qq_api.py", line 23, in get_songs_from_playlist
    response = self.fetch(url).get("cdlist", [])[0]
IndexError: list index out of range

During handling of the above exception, another exception occurred:

Traceback (most recent call last):
  File "/Library/Developer/CommandLineTools/Library/Frameworks/Python3.framework/Versions/3.7/lib/python3.7/logging/__init__.py", line 1034, in emit
    msg = self.format(record)
  File "/Library/Developer/CommandLineTools/Library/Frameworks/Python3.framework/Versions/3.7/lib/python3.7/logging/__init__.py", line 880, in format
    return fmt.format(record)
  File "/Library/Developer/CommandLineTools/Library/Frameworks/Python3.framework/Versions/3.7/lib/python3.7/logging/__init__.py", line 619, in format
    record.message = record.getMessage()
  File "/Library/Developer/CommandLineTools/Library/Frameworks/Python3.framework/Versions/3.7/lib/python3.7/logging/__init__.py", line 380, in getMessage
    msg = msg % self.args
TypeError: not all arguments converted during string formatting
Call stack:
  File "runner_qq.py", line 158, in <module>
    main()
  File "runner_qq.py", line 145, in main
    args.proxy, logger, args.dump_raw, args.dump_seg)
  File "runner_qq.py", line 83, in process_playlist
    logger.error("Exception in processing playlist: ", e)
Message: 'Exception in processing playlist: '
Arguments: (IndexError('list index out of range'),)
INFO:[DataPipeline]:PlayList: [2944062520] æ¢¦æƒ³çš„å£°éŸ³ï½œæ—ä¿Šæ°ç©è½¬â€œä¸­å›½é£â€ (630/1781) has 25 songs.
INFO:[DataPipeline]:PlayList: [7276512254] æ€å¿µä¹‹æ®‡&#32;Â·&#32;å¤è£…é‡Œçš„ä¸­å›½é£çº¯éŸ³ (631/1781) has 24 songs.
INFO:[DataPipeline]:PlayList: [7617133448] ã€ä¸­å›½é£ã€‘ä¸­ç§‹æœ›æœˆç©ºå¯¹é¥® (632/1781) has 30 songs.
INFO:[DataPipeline]:PlayList: [7440026820] ä¸­å›½é£æˆè…”ç±»æ­Œæ›² (633/1781) has 30 songs.
INFO:[DataPipeline]:PlayList: [7430253073] ä¸­å›½é£ (634/1781) has 307 songs.
INFO:[DataPipeline]:PlayList: [7543161434] ä¸­å›½é£æ­Œæ›²é—¨åº—ä½¿ç”¨ (635/1781) has 33 songs.
INFO:[DataPipeline]:PlayList: [7187239172] 9æœˆä¸­å›½é£æ–°æ­Œï¼šä½•äº‹ç§‹é£æ‚²ç”»æ‰‡ (636/1781) has 38 songs.
INFO:[DataPipeline]:PlayList: [7304079425] ä¸­å›½é£çº¯éŸ³&#32;Â·&#32;æ­¦ä¾ æ±Ÿæ¹–çš„é€é¥ (637/1781) has 21 songs.
INFO:[DataPipeline]:PlayList: [998711392] åè¯­æµè¡Œä¸­å›½é£ (638/1781) has 20 songs.
INFO:[DataPipeline]:PlayList: [1065299481] çŠ¹è®°æµå¹´ï¼Œå”¯ç¾ä¸­å›½é£ (639/1781) has 16 songs.
INFO:[DataPipeline]:Sleep for: 178
INFO:[DataPipeline]:PlayList: [19588086] æ·¡é›…ä¸­å›½é£&#32;è½»æŸ”å¦‚é£çš„ç¾ (640/1781) has 7 songs.
INFO:[DataPipeline]:PlayList: [7249724251] ä¸­å›½é£åŠ RAP (641/1781) has 427 songs.
INFO:[DataPipeline]:PlayList: [1736751396] ä¸­å¼è¥¿å”±Â·è¥¿æ´‹æ‰€ç†è§£çš„ä¸­å›½é£ (642/1781) has 25 songs.
INFO:[DataPipeline]:PlayList: [28435213] æ”¶é›†çš„ä¸­å›½é£æ­Œæ›² (643/1781) has 50 songs.
INFO:[DataPipeline]:PlayList: [3512987417] æµè¡Œä¸­å›½é£&#32;çˆ±çš„å°±æ˜¯è¿™ä¸ªè°ƒè°ƒ (644/1781) has 93 songs.
INFO:[DataPipeline]:PlayList: [21953006] å›ç¯ä¸­å›½é£&#32;æµ…åŸä½å”± (645/1781) has 7 songs.
INFO:[DataPipeline]:PlayList: [2617581637] ä¸­å›½é£ï¼Œæ›²è¿·äººï¼Œè¯èµ°å¿ƒ (646/1781) has 197 songs.
INFO:[DataPipeline]:PlayList: [7184156537] æŠ–éŸ³æœ€ç«ğŸ”¥ä¸­å›½é£ (647/1781) has 188 songs.
INFO:[DataPipeline]:PlayList: [2647465426] å°½äº«ä¸­å›½é£ç”µéŸ³å¸¦æ¥çš„ç‹¬ç‰¹é­…åŠ› (648/1781) has 16 songs.
INFO:[DataPipeline]:PlayList: [7607836246] ä¸­å›½é£/å¤é£/æ±Ÿæ¹–&#32;å…è´¹è¯´å”±ä¼´å¥&#32;freebeat (649/1781) has 50 songs.
INFO:[DataPipeline]:Sleep for: 163
INFO:[DataPipeline]:PlayList: [1083377395] æœ€çˆ±ä¸­å›½é£ (650/1781) has 14 songs.
INFO:[DataPipeline]:PlayList: [7287075766] 11æœˆä¸­å›½é£æ–°æ­Œï¼šçŒçŒå¯’å¨äº‘ä¸å· (651/1781) has 36 songs.
INFO:[DataPipeline]:PlayList: [674849517] å”¯ç¾çš„å‘¨å¼ä¸­å›½é£ (652/1781) has 12 songs.
INFO:[DataPipeline]:PlayList: [7371803092] ä¸­å›½é£çº¯éŸ³ä¹ (653/1781) has 40 songs.
INFO:[DataPipeline]:PlayList: [15410281] åœ°é“ä¸­å›½é£&#32;å…¨æ°‘è´ºä¸–åš (654/1781) has 12 songs.
INFO:[DataPipeline]:PlayList: [7383153969] è¯é¢¨ä¸­åœ‹é¢¨ (655/1781) has 100 songs.
INFO:[DataPipeline]:PlayList: [3562674099] èƒ¡å½¦æ–Œï¼Œå¬å®Œè€³æœµä¼šæ€€å­•çš„ä¸­å›½é£ (656/1781) has 27 songs.
INFO:[DataPipeline]:PlayList: [661905429] é‚£äº›å¹´ä½ ä¸èƒ½å¿˜è®°çš„ä¸­å›½é£ (657/1781) has 10 songs.
INFO:[DataPipeline]:PlayList: [2072119659] ä¸­å›½é£Â·æœæš®é†‰ç›¸æ€ (658/1781) has 474 songs.
INFO:[DataPipeline]:PlayList: [6781554959] ä¸­å›½é£&#124;&#32;çºµè§‚ç”µéŸ³æ–¹ç¨‹å¼çš„å¥‡å¦™â™¥ (659/1781) has 50 songs.
INFO:[DataPipeline]:Sleep for: 118
INFO:[DataPipeline]:PlayList: [799195655] ç»å…¸ä¸­å›½é£ï¼Œåœ¨éŸ³ä¹ä¸­æ‰¾å›æˆ‘ä»¬çš„æ•…äº‹ (660/1781) has 30 songs.
INFO:[DataPipeline]:PlayList: [5374437849] æ¯æ—¥æ–°æ­Œï¼šé­æ™¨&#38;ç‹é“®äº®ç©è½¬ä¸­å›½é£ (661/1781) has 68 songs.
INFO:[DataPipeline]:PlayList: [7249542697] ç¦…æ„ä¸­å›½é£&#32;Â·&#32;æ¾ä¸‹ä½›å‰æŒ‘å¤œç¯ (662/1781) has 24 songs.
INFO:[DataPipeline]:PlayList: [3487316697] å½“ä¸­å›½é£é‡ä¸Šè¯´å”± (663/1781) has 35 songs.
INFO:[DataPipeline]:PlayList: [1889495893] å”¯ç¾ä¸­å›½é£ (664/1781) has 30 songs.
INFO:[DataPipeline]:PlayList: [3563738853] å¤å…¸çº¯éŸ³ä¹BGMÂ·ä¸­å›½é£å¤å…¸ä¹ (665/1781) has 93 songs.
INFO:[DataPipeline]:PlayList: [13314101] ä¸­å›½é£ (666/1781) has 12 songs.
INFO:[DataPipeline]:PlayList: [3508454626] æœ€ç¾ä¸­å›½é£ï¼Œå¤éŸµæ‚ ç„¶ (667/1781) has 62 songs.
INFO:[DataPipeline]:PlayList: [6953813363] ä¸­å›½é£ (668/1781) has 275 songs.
INFO:[DataPipeline]:PlayList: [7478140222] ã€ä¸­å›½é£æ­Œæ›²ã€å¤é£æ­Œæ›²æŠ–éŸ³æœ€ç« (669/1781) has 793 songs.
INFO:[DataPipeline]:Sleep for: 168
INFO:[DataPipeline]:PlayList: [2880533862] å°†å”¯ç¾ä¸­å›½é£è¿›è¡Œåˆ°åº• (670/1781) has 18 songs.
INFO:[DataPipeline]:PlayList: [1711554093] å¤é­…å¦–å¨†ä¸­å›½é£ï¼Œå”¯ç¾å¥½å¬ (671/1781) has 60 songs.
INFO:[DataPipeline]:PlayList: [36247342] æµè¡Œæ­Œæ›²ä¹Ÿæœ‰ä¸­å›½é£ (672/1781) has 13 songs.
INFO:[DataPipeline]:PlayList: [875493964] å‘¨æ°ä¼¦&#38;æ–¹æ–‡å±±çš„ä¸­å›½é£ (673/1781) has 27 songs.
INFO:[DataPipeline]:PlayList: [1624483744] åˆ«æ ·ä¸­å›½é£ï¼Œç»™ä½ åˆ«æ ·æ„Ÿè§‰ã€‚ (674/1781) has 52 songs.
INFO:[DataPipeline]:PlayList: [40103614] æœ€å—æ¬¢è¿çš„åé¦–ä¸­å›½é£ (675/1781) has 10 songs.
INFO:[DataPipeline]:PlayList: [1682261896] é‚£äº›æ»¡æ»¡ä¸­å›½é£çš„è‹±æ–‡æ­Œ (676/1781) has 30 songs.
INFO:[DataPipeline]:PlayList: [7549741874] çº¯éŸ³ä¹&#124;ä¼˜ç¾å°æç´æ¼”ç»çš„ä¸­å›½é£ (677/1781) has 23 songs.
INFO:[DataPipeline]:PlayList: [7208110839] ä¸­å›½é£ (678/1781) has 21 songs.
INFO:[DataPipeline]:PlayList: [32296025] æ—¥æœ¬å¤§å¸ˆç¬”ä¸‹çš„ä¸­å›½é£ (679/1781) has 11 songs.
INFO:[DataPipeline]:Sleep for: 78
INFO:[DataPipeline]:PlayList: [33281976] å¦ç±»æ··æ­&#32;æ¬§ç¾ä¸­å›½é£ (680/1781) has 8 songs.
INFO:[DataPipeline]:PlayList: [7531380521] å®‰é™ï¼Œèˆ’é€‚&#32;ç¬›å­å¤ç­çµç¶å¤å…¸éŸ³ä¹ï¼Œä¸­å›½é£ (681/1781) has 73 songs.
INFO:[DataPipeline]:PlayList: [5130622412] ä¸­å›½é£æœè£…èµ°ç§€ï½æ±‰æœ/æ——è¢ç§€&#32;éŸ³ä¹ (682/1781) has 91 songs.
INFO:[DataPipeline]:PlayList: [1558311667] å˜‰äººä¸­å›½é£ï¼šè®¸èŒ¹èŠ¸çš„æ—¶å°šç¼ªæ–¯éŸ³ä¹ (683/1781) has 15 songs.
INFO:[DataPipeline]:PlayList: [2495607479] ä¸­å›½é£ï¼Œç™¾å¬ä¸åŒ (684/1781) has 9 songs.
INFO:[DataPipeline]:PlayList: [7162484090] æŠ–éŸ³ä¼˜è´¨ä¸­å›½é£ (685/1781) has 107 songs.
INFO:[DataPipeline]:PlayList: [26560502] å›½å¤–ä¹Ÿåˆ®ä¸­å›½é£ (686/1781) has 8 songs.
INFO:[DataPipeline]:PlayList: [36576343] å”¯ç¾ä¸­å›½é£ (687/1781) has 11 songs.
INFO:[DataPipeline]:PlayList: [7418720079] çº¢æ­Œç»å…¸ä¸­å›½é£&#32;è€é©å‘½æ­Œæ›² (688/1781) has 55 songs.
INFO:[DataPipeline]:PlayList: [39657878] çˆ±æµè¡Œ&#32;æ›´çˆ±ä¸­å›½é£ (689/1781) has 7 songs.
INFO:[DataPipeline]:Sleep for: 101
INFO:[DataPipeline]:PlayList: [3440534414] æœ€çˆ±ä¸­å›½é£&#32;è¯—éŸµæŠ¹é•¿ç©º (690/1781) has 24 songs.
INFO:[DataPipeline]:PlayList: [1460917740] æ´›å¤©ä¾ã€Œä¸­å›½é£ã€éŸ³ä¹åˆé›† (691/1781) has 54 songs.
INFO:[DataPipeline]:PlayList: [3460856637] æ°ä¼¦ä¹‹ä¸­å›½é£ (692/1781) has 18 songs.
INFO:[DataPipeline]:PlayList: [39477878] ä¸­å›½é£&#32;å°†å”¯ç¾é›…éŸµè¿›è¡Œåˆ°åº• (693/1781) has 8 songs.
INFO:[DataPipeline]:PlayList: [7640100503] ä¸­å›½é£çš„æ—¥æœ¬çº¯éŸ³ä¹ (694/1781) has 14 songs.
INFO:[DataPipeline]:PlayList: [7428037323] ä¸­å›½é£ (695/1781) has 82 songs.
INFO:[DataPipeline]:PlayList: [6428035387] æƒ…è¿·ä¸­å›½é£Â· (696/1781) has 785 songs.
INFO:[DataPipeline]:PlayList: [4144794488] å—¨çš®ç»å…¸ä¸­å›½é£ (697/1781) has 308 songs.
INFO:[DataPipeline]:PlayList: [5489122804] ä¸­å›½é£ğŸ¸ (698/1781) has 715 songs.
INFO:[DataPipeline]:PlayList: [1413335780] å¥½å¬çš„ä¸­å›½é£ï¼ˆè½»éŸ³ä¹ï¼‰ (699/1781) has 40 songs.
INFO:[DataPipeline]:Sleep for: 50
INFO:[DataPipeline]:PlayList: [846029160] ç°ä»£ä¸­å›½é£ï¼Œå¤å…¸ï¼Œæ±‰æœèˆè¹ˆ (700/1781) has 67 songs.
INFO:[DataPipeline]:PlayList: [7273700957] ä¸­å›½é£è½»éŸ³ä¹ (701/1781) has 96 songs.
INFO:[DataPipeline]:PlayList: [1302702973] ç†Ÿæ‚‰çš„æ—‹å¾‹&#126;ä¸­å›½é£ (702/1781) has 10 songs.
INFO:[DataPipeline]:PlayList: [1817439482] ä¸­å›½é£æµè¡Œæ­Œå• (703/1781) has 368 songs.
INFO:[DataPipeline]:PlayList: [3187776832] ä¸­å›½é£èƒŒæ™¯éŸ³ä¹BGMï¼Œçº¯éŸ³ä¹ (704/1781) has 38 songs.
INFO:[DataPipeline]:PlayList: [7420385464] å›½é£ä¹&#126;ä¸­å›½é£ (705/1781) has 103 songs.
INFO:[DataPipeline]:PlayList: [2667997676] ä¸­å›½é£&#38;å‘¨æ°ä¼¦ (706/1781) has 113 songs.
INFO:[DataPipeline]:PlayList: [2660288754] ã€Œä¸­å›½é£ç”µéŸ³ã€å½“çƒ­çƒˆç”µå­é‡åˆ°æŸ”æƒ…å¤é£æ—¶ (707/1781) has 89 songs.
INFO:[DataPipeline]:PlayList: [37263389] ä¸­å›½é£é€‰è¾‘ (708/1781) has 73 songs.
INFO:[DataPipeline]:PlayList: [2153591114] å…¸é›…ä¸­å›½é£ (709/1781) has 10 songs.
INFO:[DataPipeline]:Sleep for: 179
INFO:[DataPipeline]:PlayList: [7500057259] ä¸­å›½é£&#32;æ²»æ„ˆ&#32;æ¸¸æˆä¸Šåˆ†å¿…å¤‡æ­Œæ›² (710/1781) has 354 songs.
INFO:[DataPipeline]:PlayList: [2295928340] ä¸­å›½é£ï¼Œç¥ä»™æ¢¦ (711/1781) has 21 songs.
INFO:[DataPipeline]:PlayList: [3189813183] ä»å›½å¤–éŸ³ä¹ä¸­å¯»è§…ä¸­å›½é£çš„ç—•è¿¹ (712/1781) has 19 songs.
INFO:[DataPipeline]:PlayList: [4630841047] ä¸­å›½é£ (713/1781) has 278 songs.
INFO:[DataPipeline]:PlayList: [7670146316] ä¸­å›½é£ (714/1781) has 92 songs.
INFO:[DataPipeline]:PlayList: [2684452519] ä¸­å›½é£ (715/1781) has 18 songs.
INFO:[DataPipeline]:PlayList: [3782796119] ã€ä¸­å›½é£ã€‘ä¹¦ä¿¡æ…¢ä¸€çº¸å†™ä¸å°½ç›¸æ€ (716/1781) has 50 songs.
INFO:[DataPipeline]:PlayList: [7350222123] ä¸­å›½é£ï¼ˆçµç¶å¤ç­ç”µéŸ³ï¼‰ (717/1781) has 63 songs.
INFO:[DataPipeline]:PlayList: [7608484778] çº¢æ­Œç»å…¸ä¸­å›½é£&#32;è€é©å‘½æ­Œæ›² (718/1781) has 54 songs.
INFO:[DataPipeline]:PlayList: [7124920982] çº¢æ­Œç»å…¸ä¸­å›½é£&#32;è€é©å‘½æ­Œæ›² (719/1781) has 142 songs.
INFO:[DataPipeline]:Sleep for: 158
INFO:[DataPipeline]:PlayList: [1770399801] Higher&#32;Brothersä¸­å›½é£è¯´å”± (720/1781) has 36 songs.
INFO:[DataPipeline]:PlayList: [14368725] å¼¦éŸ³æµè½¬ã€€æ—¶å°šä¸­å›½é£ (721/1781) has 10 songs.
INFO:[DataPipeline]:PlayList: [1418168390] é‚£äº›è¢«å¿½ç•¥å´éå¸¸å¥½å¬çš„ä¸­å›½é£ (722/1781) has 15 songs.
INFO:[DataPipeline]:PlayList: [6965411879] bgmæŠ–éŸ³ä¸­å›½é£çº¯éŸ³ä¹å¤ç­è½»éŸ³ä¹é’¢ç´æ›²ç¡çœ  (723/1781) has 303 songs.
INFO:[DataPipeline]:PlayList: [1175874578] å¤é£&#32;/ä¸­å›½é£/æ°‘è°£/æˆè…” (724/1781) has 953 songs.
INFO:[DataPipeline]:PlayList: [7269267872] VUE&#32;&#124;&#32;ä¸­å›½é£&#124;ç¾é£ŸèƒŒæ™¯éŸ³ä¹ (725/1781) has 20 songs.
INFO:[DataPipeline]:PlayList: [34003725] å€Ÿç€ä¹æ„Ÿã€€ç»†å“æ¬§ç¾ä¸­å›½é£ (726/1781) has 5 songs.
INFO:[DataPipeline]:PlayList: [1150943854] æœ€ç¾çš„ä¸­å›½é£ï¼Œå‘¨æ°ä¼¦ä¸è®¸åµ© (727/1781) has 36 songs.
INFO:[DataPipeline]:PlayList: [1146453436] ä¸­å›½å”±è¯—ç­&#45;æœ€ç¾ä¸­å›½é£ (728/1781) has 477 songs.
INFO:[DataPipeline]:PlayList: [1551774598] æŸ”ç¾ä¸­å›½é£ (729/1781) has 8 songs.
INFO:[DataPipeline]:Sleep for: 166
INFO:[DataPipeline]:PlayList: [3330758628] ä¸­å›½é£å¤é£æ‰€çˆ± (730/1781) has 200 songs.
INFO:[DataPipeline]:PlayList: [7137867452] æœ€ç¾ä¸­å›½é£ (731/1781) has 115 songs.
INFO:[DataPipeline]:PlayList: [14863540] èŠ±å¬—ã€åçˆ±çš„ä¸­å›½é£ã€‚ (732/1781) has 5 songs.
INFO:[DataPipeline]:PlayList: [30842122] ä¸­å›½é£ (733/1781) has 19 songs.
INFO:[DataPipeline]:PlayList: [1663224856] ä¸­å›½é£ä¸¨è†å¬ä»Šæ˜”è¯—æƒ…æ›²ï¼Œæ¢¦å›åƒå¤æ¸©æŸ”ä¹¡ï¼ (734/1781) has 90 songs.
INFO:[DataPipeline]:PlayList: [2919567677] é†‰ç¾ä¸è¿‡ä¸­å›½é£ (735/1781) has 76 songs.
INFO:[DataPipeline]:PlayList: [7304485181] ä¸­å›½é£çº¯éŸ³ä¹ï¼ˆä»™å‰‘ï¼Œæ­¦ä¾ ï¼Œå¤é£ï¼‰ (736/1781) has 202 songs.
INFO:[DataPipeline]:PlayList: [3539452073] ä¸­å›½é£ (737/1781) has 61 songs.
INFO:[DataPipeline]:PlayList: [7458245896] æ°‘è°£ä¸­å›½é£ (738/1781) has 235 songs.
INFO:[DataPipeline]:PlayList: [1450848618] ä¸­å›½é£åè¯­èˆæ›²ç²¾é€‰ (739/1781) has 700 songs.
INFO:[DataPipeline]:Sleep for: 99
INFO:[DataPipeline]:PlayList: [29605610] å¤å…¸éŸµå‘³&#32;æ¬§ç¾R&#38;Bä¸­å›½é£ (740/1781) has 5 songs.
INFO:[DataPipeline]:PlayList: [895156587] ä¸­å›½é£ (741/1781) has 421 songs.
INFO:[DataPipeline]:PlayList: [4260812540] ä¸­å›½é£ (742/1781) has 73 songs.
INFO:[DataPipeline]:PlayList: [7384994468] ä¸­å›½é£ (743/1781) has 422 songs.
INFO:[DataPipeline]:PlayList: [3590852498] ä¸­å›½é£ (744/1781) has 679 songs.
INFO:[DataPipeline]:PlayList: [7073399649] å¤é£åŸºæœ¬ä¸Šéƒ½æ˜¯ä¸€äº›å¤é£ä¸­å›½é£ (745/1781) has 106 songs.
INFO:[DataPipeline]:PlayList: [7248481060] ä¸­å›½é£ (746/1781) has 45 songs.
INFO:[DataPipeline]:PlayList: [7580617129] ä¸­å›½é£&#32;&#32;å¤é£ (747/1781) has 105 songs.
INFO:[DataPipeline]:PlayList: [7382392003] ä¸­å›½é£ (748/1781) has 155 songs.
INFO:[DataPipeline]:PlayList: [38921926] ä½ ä¸çŸ¥é“ä»–ä»¬ä¹Ÿå”±è¿‡çš„ä¸­å›½é£ (749/1781) has 12 songs.
INFO:[DataPipeline]:Sleep for: 52
INFO:[DataPipeline]:PlayList: [7190382758] ä¸­å›½é£è½»éŸ³ä¹ (750/1781) has 73 songs.
INFO:[DataPipeline]:PlayList: [7321565589] ä¸­å›½é£æœè£…èµ°ç§€ï½æ±‰æœ/æ——è¢ç§€&#32;éŸ³ä¹ (751/1781) has 76 songs.
INFO:[DataPipeline]:PlayList: [20544802] ç©ºå¯‚&#32;ä¸­å›½é£&#32;çº¯éŸ³ä¹ (752/1781) has 8 songs.
INFO:[DataPipeline]:PlayList: [39735725] æœ€çˆ±ä¸­å›½é£ (753/1781) has 6 songs.
INFO:[DataPipeline]:PlayList: [7325823822] ä¸­å›½é£ (754/1781) has 32 songs.
INFO:[DataPipeline]:PlayList: [6997932023] ã€ä¸­å›½é£ç”µéŸ³æŠ–éŸ³ã€&#96;å¤é£æ­Œæ›²æŠ–éŸ³æœ€ç«2021 (755/1781) has 270 songs.
INFO:[DataPipeline]:PlayList: [6607719044] ä¸­å›½é£ (756/1781) has 212 songs.
INFO:[DataPipeline]:PlayList: [7119000981] æ‘‡æ»š,ç”µéŸ³,ä¸­å›½é£,æ¬§ç¾,è¯´å”± (757/1781) has 712 songs.
INFO:[DataPipeline]:PlayList: [7562046896] ä¸­å›½é£ (758/1781) has 145 songs.
INFO:[DataPipeline]:PlayList: [7097928553] 9ä¸­å›½é£ (759/1781) has 222 songs.
INFO:[DataPipeline]:Sleep for: 173
INFO:[DataPipeline]:PlayList: [3741027754] å¤§çˆ±ä¸­å›½é£ (760/1781) has 44 songs.
INFO:[DataPipeline]:PlayList: [4084413689] ä¸­å›½é£ (761/1781) has 226 songs.
INFO:[DataPipeline]:PlayList: [7548163185] å›½è¯­ä¸­å›½é£ (762/1781) has 87 songs.
INFO:[DataPipeline]:PlayList: [3218402566] è®©ä½ å€¼å¾—å¾ªç¯çš„ä¸­å›½é£æ­Œæ›² (763/1781) has 93 songs.
INFO:[DataPipeline]:PlayList: [860969313] ä¸­å›½é£ (764/1781) has 191 songs.
INFO:[DataPipeline]:PlayList: [7377665295] è¶…å–œæ¬¢çš„ä¸­å›½é£ (765/1781) has 162 songs.
INFO:[DataPipeline]:PlayList: [38215332] ä¸­å›½é£æ’ä¸ŠR&#38;B (766/1781) has 10 songs.
INFO:[DataPipeline]:PlayList: [1438348349] ä¸­å›½é£â€œå‡¤å‡°ä¼ å¥‡â€ (767/1781) has 20 songs.
INFO:[DataPipeline]:PlayList: [2595455627] è¯—æƒ…ç”»æ„ä¸­å›½é£ (768/1781) has 41 songs.
INFO:[DataPipeline]:PlayList: [862069931] ä¸­å›½é£ç”µéŸ³â€”å›½é£ç‡ƒ&#46;é†‰å…¶èº«&#46;å‚äºå¿ƒ (769/1781) has 81 songs.
INFO:[DataPipeline]:Sleep for: 143
INFO:[DataPipeline]:PlayList: [26670401] å¤éŸµä¸­å›½é£ (770/1781) has 9 songs.
INFO:[DataPipeline]:PlayList: [861731718] ã€ä¸­å›½é£ã€‘èŒèŒå“’å¤©å›¢ (771/1781) has 159 songs.
INFO:[DataPipeline]:PlayList: [25725905] é¢˜ä¸‰å­—ç¼˜&#32;å¬ä¸­å›½é£ (772/1781) has 8 songs.
INFO:[DataPipeline]:PlayList: [7525177241] ä¸­å›½é£ (773/1781) has 358 songs.
INFO:[DataPipeline]:PlayList: [7050857059] ä¸­å›½é£ (774/1781) has 438 songs.
INFO:[DataPipeline]:PlayList: [3633527513] ä¸­å›½é£ (775/1781) has 43 songs.
INFO:[DataPipeline]:PlayList: [1734358426] ä¸­å›½é£ç”µéŸ³ (776/1781) has 34 songs.
INFO:[DataPipeline]:PlayList: [7389383349] é†‰ç¾ä¸­å›½é£ (777/1781) has 417 songs.
INFO:[DataPipeline]:PlayList: [6937129256] ä¸­å›½é£ (778/1781) has 170 songs.
INFO:[DataPipeline]:PlayList: [3235725154] æ¬§ç¾é£ä¸ä¸­å›½é£&#32;ä½ æ›´å–œæ¬¢å“ªç§å‘¢ï¼Ÿ (779/1781) has 457 songs.
INFO:[DataPipeline]:Sleep for: 141
INFO:[DataPipeline]:PlayList: [2970696403] æ¸¸å±±æˆæ°´å“å¤æ›²ï¼Œé—²æ¥å“¼å”±ä¸­å›½é£ (780/1781) has 26 songs.
INFO:[DataPipeline]:PlayList: [7354809273] ã€Œåè¯­ã€è¯—æ„ä¸­å›½é£ (781/1781) has 80 songs.
INFO:[DataPipeline]:PlayList: [7316029644] è‹±æ–‡æ­Œã€ä¸­å›½é£æµè¡Œæ­Œæ›² (782/1781) has 813 songs.
INFO:[DataPipeline]:PlayList: [1730298148] ä¸­å›½é£ç”µéŸ³ä¸¨å¤§æ°”çš„å®«è°ƒå¼ç”µå­ (783/1781) has 24 songs.
INFO:[DataPipeline]:PlayList: [7123747011] çº¢æ­Œç»å…¸ä¸­å›½é£&#32;è€é©å‘½æ­Œæ›² (784/1781) has 50 songs.
INFO:[DataPipeline]:PlayList: [1756409102] ç¦…æ„ä¸­å›½é£ (785/1781) has 26 songs.
INFO:[DataPipeline]:PlayList: [3259274293] ä¸­å›½é£å˜»å“ˆ&#32;&#32;Hip&#32;Hop (786/1781) has 41 songs.
