Started by upstream project "[8mha:////4A+bQWpgGeLrf62Kvp9R0kchXAV8l6qMSbpRKFffssHgAAAAnR+LCAAAAAAAAP9b85aBtbiIQTGjNKU4P08vOT+vOD8nVc83PyU1x6OyILUoJzMv2y+/JJUBAhiZGBgqihhk0NSjKDWzXb3RdlLBUSYGJk8GtpzUvPSSDB8G5tKinBIGIZ+sxLJE/ZzEvHT94JKizLx0a6BxUmjGOUNodHsLgAzuEgZB/az8JP2UxJJE3aLSvLzUIn0A55yqqsYAAAA=[0mdata-runner" build number [8mha:////4BCngNC7ORJwIO3WlY/9E3r/UxOa1Nrrg53Rzx5RJSljAAAAnB+LCAAAAAAAAP9b85aBtbiIQTGjNKU4P08vOT+vOD8nVc83PyU1x6OyILUoJzMv2y+/JJUBAhiZGBgqihhk0NSjKDWzXb3RdlLBUSYGJk8GtpzUvPSSDB8G5tKinBIGIZ+sxLJE/ZzEvHT94JKizLx0a6BxUmjGOUNodHsLQAygGfpZ+Un6KYklibpFpXl5qUX65gDs/j5gxwAAAA==[0m7
originally caused by:
 Started by user [8mha:////4AvbKtqCpWGC4/9vlaAOyQD+y56HOfLOpPpkD7K9YRsAAAAAlx+LCAAAAAAAAP9b85aBtbiIQTGjNKU4P08vOT+vOD8nVc83PyU1x6OyILUoJzMv2y+/JJUBAhiZGBgqihhk0NSjKDWzXb3RdlLBUSYGJk8GtpzUvPSSDB8G5tKinBIGIZ+sxLJE/ZzEvHT94JKizLx0a6BxUmjGOUNodHsLgAzWEgZu/dLi1CL9xJTczDwAj6GcLcAAAAA=[0madmin
Running as SYSTEM
Building in workspace /var/root/.jenkins/workspace/data-zhongguofeng
using credential root
 > git rev-parse --is-inside-work-tree # timeout=10
Fetching changes from the remote Git repository
 > git config remote.origin.url git@github.com:kirinisland/datapipe.git # timeout=10
Fetching upstream changes from git@github.com:kirinisland/datapipe.git
 > git --version # timeout=10
using GIT_SSH to set credentials 
 > git fetch --tags --force --progress -- git@github.com:kirinisland/datapipe.git +refs/heads/*:refs/remotes/origin/* # timeout=10
 > git rev-parse refs/remotes/origin/master^{commit} # timeout=10
 > git rev-parse refs/remotes/origin/origin/master^{commit} # timeout=10
Checking out Revision 8862dc0b93faeb24f71cee4ff5c950ac2bc56c56 (refs/remotes/origin/master)
 > git config core.sparsecheckout # timeout=10
 > git checkout -f 8862dc0b93faeb24f71cee4ff5c950ac2bc56c56 # timeout=10
Commit message: "update log"
 > git rev-list --no-walk 8862dc0b93faeb24f71cee4ff5c950ac2bc56c56 # timeout=10
[data-zhongguofeng] $ /bin/sh -xe /var/folders/zz/zyxvpxvq6csfxvn_n0000000000000/T/jenkins8837953433311558626.sh
+ set -x
+ date_str=
+ '[' '' = '' ']'
++ date +%Y%m%d
+ date_str=20210523
+ output_dir=/Users/hongliang/media/storage/production_data/original_lyric/20210523
+ mkdir -pv /Users/hongliang/media/storage/production_data/original_lyric/20210523
+ python3 runner_qq.py --method search --query $'\344\270\255\345\233\275\351\243\216' --output-suffix zhongguofeng --dump-raw 1 --dump-seg 0
INFO:[DataPipeline]:Start crawling for query: 中国风
INFO:[DataPipeline]:Processing playlist page: 0, found 47 playlists
INFO:[DataPipeline]:Processing playlist page: 1, found 45 playlists
INFO:[DataPipeline]:Processing playlist page: 2, found 45 playlists
INFO:[DataPipeline]:Processing playlist page: 3, found 48 playlists
INFO:[DataPipeline]:Processing playlist page: 4, found 47 playlists
INFO:[DataPipeline]:Processing playlist page: 5, found 44 playlists
INFO:[DataPipeline]:Processing playlist page: 6, found 46 playlists
INFO:[DataPipeline]:Processing playlist page: 7, found 46 playlists
INFO:[DataPipeline]:Processing playlist page: 8, found 48 playlists
INFO:[DataPipeline]:Processing playlist page: 9, found 48 playlists
INFO:[DataPipeline]:Processing playlist page: 10, found 47 playlists
INFO:[DataPipeline]:Processing playlist page: 11, found 46 playlists
INFO:[DataPipeline]:Processing playlist page: 12, found 47 playlists
INFO:[DataPipeline]:Processing playlist page: 13, found 47 playlists
INFO:[DataPipeline]:Processing playlist page: 14, found 47 playlists
INFO:[DataPipeline]:Processing playlist page: 15, found 44 playlists
INFO:[DataPipeline]:Processing playlist page: 16, found 48 playlists
INFO:[DataPipeline]:Processing playlist page: 17, found 42 playlists
INFO:[DataPipeline]:Processing playlist page: 18, found 44 playlists
INFO:[DataPipeline]:Processing playlist page: 19, found 48 playlists
INFO:[DataPipeline]:Processing playlist page: 20, found 38 playlists
INFO:[DataPipeline]:Processing playlist page: 21, found 48 playlists
INFO:[DataPipeline]:Processing playlist page: 22, found 47 playlists
INFO:[DataPipeline]:Processing playlist page: 23, found 45 playlists
INFO:[DataPipeline]:Processing playlist page: 24, found 43 playlists
INFO:[DataPipeline]:Processing playlist page: 25, found 46 playlists
INFO:[DataPipeline]:Processing playlist page: 26, found 40 playlists
INFO:[DataPipeline]:Processing playlist page: 27, found 45 playlists
INFO:[DataPipeline]:Processing playlist page: 28, found 44 playlists
INFO:[DataPipeline]:Processing playlist page: 29, found 43 playlists
INFO:[DataPipeline]:Processing playlist page: 30, found 44 playlists
INFO:[DataPipeline]:Processing playlist page: 31, found 42 playlists
INFO:[DataPipeline]:Processing playlist page: 32, found 21 playlists
INFO:[DataPipeline]:Processing playlist page: 33, found 17 playlists
INFO:[DataPipeline]:Processing playlist page: 34, found 19 playlists
INFO:[DataPipeline]:Processing playlist page: 35, found 20 playlists
INFO:[DataPipeline]:Processing playlist page: 36, found 17 playlists
INFO:[DataPipeline]:Processing playlist page: 37, found 17 playlists
INFO:[DataPipeline]:Processing playlist page: 38, found 20 playlists
INFO:[DataPipeline]:Processing playlist page: 39, found 4 playlists
INFO:[DataPipeline]:Processing playlist page: 40, found 20 playlists
INFO:[DataPipeline]:Processing playlist page: 41, found 49 playlists
INFO:[DataPipeline]:Processing playlist page: 42, found 3 playlists
INFO:[DataPipeline]:Processing playlist page: 43, found 46 playlists
INFO:[DataPipeline]:Processing playlist page: 44, found 5 playlists
INFO:[DataPipeline]:Processing playlist page: 45, found 45 playlists
INFO:[DataPipeline]:Processing playlist page: 46, found 50 playlists
INFO:[DataPipeline]:Processing playlist page: 47, found 19 playlists
INFO:[DataPipeline]:Processing playlist page: 48, found 4 playlists
INFO:[DataPipeline]:Processing playlist page: 49, found 19 playlists
INFO:[DataPipeline]:Processing playlist page: 50, found 0 playlists
INFO:[DataPipeline]:Total playlists found about topic: 中国风: 1844
INFO:[DataPipeline]:PlayList: [7692240932] 【古韵古风】寻觅中国风 (0/1844) has 197 songs.
INFO:[DataPipeline]:PlayList: [7166060330] 中国风代表作：一人一首经典曲 (1/1844) has 148 songs.
INFO:[DataPipeline]:PlayList: [7391629553] 论中国风，我只服方文山 (2/1844) has 40 songs.
INFO:[DataPipeline]:PlayList: [6990664122] 抖音热播中国风音乐合集 (3/1844) has 24 songs.
INFO:[DataPipeline]:PlayList: [2061196244] 【中国风】愿得一人心&#32;白首不相离 (4/1844) has 62 songs.
INFO:[DataPipeline]:PlayList: [7739922965] 中国风&#32;&#124;&#32;原来英雄是孤独 (5/1844) has 28 songs.
INFO:[DataPipeline]:PlayList: [7950244708] 说唱遇上中国风｜唇枪舌剑闯江湖 (6/1844) has 47 songs.
INFO:[DataPipeline]:PlayList: [2671455047] 「华语」诗意中国风 (7/1844) has 106 songs.
INFO:[DataPipeline]:PlayList: [7925273673] 中国风纯音&#32;｜&#32;袅袅音韵感悟人生 (8/1844) has 59 songs.
INFO:[DataPipeline]:PlayList: [7440131804] 100首影视歌曲，领悟中国风韵味 (9/1844) has 126 songs.
INFO:[DataPipeline]:Sleep for: 142
INFO:[DataPipeline]:PlayList: [8000081582] 欧美中国风&#32;&#124;&#32;领略中西结合之美 (10/1844) has 34 songs.
INFO:[DataPipeline]:PlayList: [1129502203] 这些中国风歌曲你还记得吗？ (11/1844) has 21 songs.
INFO:[DataPipeline]:PlayList: [7617792408] 【中国风】流行音乐撞上神仙戏腔 (12/1844) has 29 songs.
INFO:[DataPipeline]:PlayList: [6756025618] 中国风系列：把酒红尘｜醉梦一场 (13/1844) has 579 songs.
INFO:[DataPipeline]:PlayList: [4247123729] 影视剧里的中国风男声 (14/1844) has 123 songs.
INFO:[DataPipeline]:PlayList: [7930892302] 中国风说唱&#32;&#124;&#32;展现中华精气神 (15/1844) has 28 songs.
INFO:[DataPipeline]:PlayList: [7947563633] 影视中国风｜虐恋千年，情定三生 (16/1844) has 66 songs.
INFO:[DataPipeline]:PlayList: [7795709923] 中国风｜青灯黄卷，无处话凄凉 (17/1844) has 60 songs.
INFO:[DataPipeline]:PlayList: [7540655463] 诗意中国风，影视情中味 (18/1844) has 312 songs.
INFO:[DataPipeline]:PlayList: [7955981471] 中国风｜山河不为重，重在得知己 (19/1844) has 40 songs.
INFO:[DataPipeline]:Sleep for: 32
INFO:[DataPipeline]:PlayList: [7908734292] 古韵中国风｜惊鸿一曲乱我心 (20/1844) has 25 songs.
INFO:[DataPipeline]:PlayList: [1159589645] 爷爷奶奶听了也会爱上的中国风合集 (21/1844) has 130 songs.
INFO:[DataPipeline]:PlayList: [7648918668] 许嵩的中国风 (22/1844) has 35 songs.
INFO:[DataPipeline]:PlayList: [7971558140] 电子国风：年轻一代的摩登中国风 (23/1844) has 25 songs.
INFO:[DataPipeline]:PlayList: [7616518963] 『中国风蹦迪』古风中文DJ (24/1844) has 160 songs.
INFO:[DataPipeline]:PlayList: [7956387274] 中国风&#32;｜&#32;斩不断的相思情长 (25/1844) has 56 songs.
INFO:[DataPipeline]:PlayList: [7857600806] 「中国风」岁月静好，夜色温柔 (26/1844) has 21 songs.
INFO:[DataPipeline]:PlayList: [1132507358] 编辑推荐｜一人一首韵味中国风 (27/1844) has 50 songs.
INFO:[DataPipeline]:PlayList: [7817836998] 『中国风』梦回那年江南烟雨🥀 (28/1844) has 45 songs.
INFO:[DataPipeline]:PlayList: [7910861252] 轻快中国风｜诗意漫漫入心扉 (29/1844) has 21 songs.
INFO:[DataPipeline]:Sleep for: 125
INFO:[DataPipeline]:PlayList: [2039451577] 音乐鬼才许嵩的中国风 (30/1844) has 20 songs.
INFO:[DataPipeline]:PlayList: [7673314520] 古风亦可DJ｜中国风也能蹦迪 (31/1844) has 40 songs.
INFO:[DataPipeline]:PlayList: [1738768842] 一人一首中国风 (32/1844) has 20 songs.
INFO:[DataPipeline]:PlayList: [7014439524] 中国风&#32;·&#32;何日君再来 (33/1844) has 36 songs.
INFO:[DataPipeline]:PlayList: [7328419661] 「中国风纯音」倚栏听风，如梦如醉 (34/1844) has 20 songs.
INFO:[DataPipeline]:PlayList: [7371247029] 燃向中国风&#32;·&#32;天下风云出我辈 (35/1844) has 26 songs.
INFO:[DataPipeline]:PlayList: [1776725921] 中国风｜一曲中国风，听醉多少人 (36/1844) has 34 songs.
INFO:[DataPipeline]:PlayList: [7956356541] 纯音乐&#32;｜&#32;竹笛奏浓情传承中国风 (37/1844) has 33 songs.
INFO:[DataPipeline]:PlayList: [3234866278] 浅尝悠扬的中国萨克斯风 (38/1844) has 18 songs.
INFO:[DataPipeline]:PlayList: [7666557900] 中国风&#32;&#124;&#32;热播古装剧必追歌曲 (39/1844) has 123 songs.
INFO:[DataPipeline]:Sleep for: 44
INFO:[DataPipeline]:PlayList: [7883913336] 民乐纯音｜打开中国风古韵宝盒 (40/1844) has 25 songs.
INFO:[DataPipeline]:PlayList: [6271483957] 清歌传皓齿&#32;&#124;&#32;古风与中国风 (41/1844) has 70 songs.
INFO:[DataPipeline]:PlayList: [1121040801] 用心聆听，韵味中国风 (42/1844) has 30 songs.
INFO:[DataPipeline]:PlayList: [7081812527] 中国风&#32;&#124;&#32;经典影视大全 (43/1844) has 66 songs.
INFO:[DataPipeline]:PlayList: [3632971993] 全能GAI&#32;&#124;&#32;中国风说唱 (44/1844) has 104 songs.
INFO:[DataPipeline]:PlayList: [7714954224] 古韵中国风&#58;寂寞空庭春欲晚 (45/1844) has 28 songs.
INFO:[DataPipeline]:PlayList: [6968595893] 独上兰舟，寻一曲悠悠中国风 (46/1844) has 26 songs.
INFO:[DataPipeline]:PlayList: [771437188] 唯美动听的中国风女声 (47/1844) has 30 songs.
INFO:[DataPipeline]:PlayList: [6966299000] 影视歌曲中的中国风 (48/1844) has 24 songs.
INFO:[DataPipeline]:PlayList: [7736961505] 『中国风』武士道·为知己者死 (49/1844) has 22 songs.
INFO:[DataPipeline]:Sleep for: 110
INFO:[DataPipeline]:PlayList: [7955400642] 蝶恋花：流行音乐中蕴藏的中国风 (50/1844) has 50 songs.
INFO:[DataPipeline]:PlayList: [7587307096] 中国风的日本纯音乐 (51/1844) has 34 songs.
INFO:[DataPipeline]:PlayList: [7671844289] 「中国风」一曲青丝，柔千万情 (52/1844) has 58 songs.
INFO:[DataPipeline]:PlayList: [7817881246] 中国风：无人催送莫愁来 (53/1844) has 32 songs.
INFO:[DataPipeline]:PlayList: [3514109038] 中国风·一曲悠扬漫篱墙 (54/1844) has 35 songs.
INFO:[DataPipeline]:PlayList: [811110445] 粤语印记&#32;&#124;&#32;中国风的韵律 (55/1844) has 50 songs.
INFO:[DataPipeline]:PlayList: [3219243115] 论中国风，我只服方文山 (56/1844) has 44 songs.
INFO:[DataPipeline]:PlayList: [1727752973] 寄君一曲，欧美中国风 (57/1844) has 19 songs.
INFO:[DataPipeline]:PlayList: [1434686238] 【古风】恋恋中国风&#32;幽幽故人情 (58/1844) has 18 songs.
INFO:[DataPipeline]:PlayList: [7968934144] 『中国风』红梅初开，佳人终来 (59/1844) has 57 songs.
INFO:[DataPipeline]:Sleep for: 166
INFO:[DataPipeline]:PlayList: [2909820514] 古风之韵&#32;唯美中国风&#32;悠悠来袭 (60/1844) has 23 songs.
INFO:[DataPipeline]:PlayList: [4247108355] 影视剧里的中国风对唱 (61/1844) has 94 songs.
INFO:[DataPipeline]:PlayList: [7576941440] 中国风TRAP，华夏乐器杀 (62/1844) has 17 songs.
INFO:[DataPipeline]:PlayList: [2924951291] 中国风，一曲离骚让人伤 (63/1844) has 22 songs.
INFO:[DataPipeline]:PlayList: [7192223383] 戏腔中国风：三分唱念七分作 (64/1844) has 42 songs.
INFO:[DataPipeline]:PlayList: [7691843535] 中国风｜倾听一曲，韵律绕心头 (65/1844) has 31 songs.
INFO:[DataPipeline]:PlayList: [7199774015] 中国风&#32;&#124;&#32;仙侠电视剧歌曲盘点 (66/1844) has 28 songs.
INFO:[DataPipeline]:PlayList: [7653762392] 中国风，聆听古代的声音。 (67/1844) has 36 songs.
INFO:[DataPipeline]:PlayList: [1757933544] &#32;90后记忆中的中国风：流行歌曲中的诗意 (68/1844) has 79 songs.
INFO:[DataPipeline]:PlayList: [7654827445] 影视中国风｜婉转女声，惹人沉醉 (69/1844) has 45 songs.
INFO:[DataPipeline]:Sleep for: 59
INFO:[DataPipeline]:PlayList: [7981710321] 花前月下，笛声曼妙飘洒｜中国风 (70/1844) has 120 songs.
INFO:[DataPipeline]:PlayList: [7717220125] 中国风：一曲相思，一饮如梦 (71/1844) has 20 songs.
INFO:[DataPipeline]:PlayList: [7442818498] 恋恋中国风：一见倾心傲视芳华 (72/1844) has 51 songs.
INFO:[DataPipeline]:PlayList: [2860235555] 中国风：余韵悠扬寄以心 (73/1844) has 74 songs.
INFO:[DataPipeline]:PlayList: [4277790694] 适合书吧的中国风纯音乐 (74/1844) has 80 songs.
INFO:[DataPipeline]:PlayList: [5358567914] 亲戚面前露一手！中国风K歌金曲 (75/1844) has 48 songs.
INFO:[DataPipeline]:PlayList: [2371751710] 「中国风」&#32;一袭青衣，染就一树芳华 (76/1844) has 80 songs.
INFO:[DataPipeline]:PlayList: [7485461691] 萌萌哒天团&#32;&#124;&#32;中国风最美女团 (77/1844) has 249 songs.
INFO:[DataPipeline]:PlayList: [2594324022] 中国风，体会古韵妖娆 (78/1844) has 24 songs.
INFO:[DataPipeline]:PlayList: [7863616072] 古韵中国风｜笙歌散尽兮人离 (79/1844) has 26 songs.
INFO:[DataPipeline]:Sleep for: 113
INFO:[DataPipeline]:PlayList: [1783173810] 饮一曲醉美中国风&#58;&#32;柔情似水，佳期如梦 (80/1844) has 44 songs.
INFO:[DataPipeline]:PlayList: [6967276561] 抚琴煮茶，品一曲雅致中国风&#32; (81/1844) has 26 songs.
INFO:[DataPipeline]:PlayList: [7824128681] 中国风：雨碎台前润湿青帘 (82/1844) has 25 songs.
INFO:[DataPipeline]:PlayList: [7233780688] 【中国风】宅家追古装剧必备 (83/1844) has 28 songs.
INFO:[DataPipeline]:PlayList: [7716529834] 中国风BGM｜少年自有少年狂 (84/1844) has 45 songs.
INFO:[DataPipeline]:PlayList: [1162880422] 中国风：旧日时光，静候一场久别的重逢。 (85/1844) has 32 songs.
INFO:[DataPipeline]:PlayList: [7000774262] 中国风翻唱&#32;&#58;&#32;温润公子音 (86/1844) has 20 songs.
INFO:[DataPipeline]:PlayList: [1767939711] 古风pk中国风，你最爱哪一种 (87/1844) has 121 songs.
INFO:[DataPipeline]:PlayList: [2072789141] 中国风电音：敢问上天，是否有仙？ (88/1844) has 41 songs.
INFO:[DataPipeline]:PlayList: [2911745961] 古风之韵&#32;唯美中国风（合唱） (89/1844) has 18 songs.
INFO:[DataPipeline]:Sleep for: 70
INFO:[DataPipeline]:PlayList: [3263692011] 花开一千年,独看沧海化桑田之中国风 (90/1844) has 55 songs.
INFO:[DataPipeline]:PlayList: [7824716456] 中国风｜与君离别意&#32;凄凄复凄凄 (91/1844) has 32 songs.
INFO:[DataPipeline]:PlayList: [7733252518] 惊艳中国风：三生有幸遇见你 (92/1844) has 49 songs.
INFO:[DataPipeline]:PlayList: [7665596697] 国风电子/中国风完美交融EDM (93/1844) has 20 songs.
INFO:[DataPipeline]:PlayList: [7001045133] 中国风纯音丨告别垂钓时的焦虑症 (94/1844) has 34 songs.
INFO:[DataPipeline]:PlayList: [802926776] 歪果原声大拿笔下的中国风配乐 (95/1844) has 20 songs.
INFO:[DataPipeline]:PlayList: [3512676916] 中国风&#32;&#32;&#32;百转千回梦不断 (96/1844) has 15 songs.
INFO:[DataPipeline]:PlayList: [7666747591] 「中国风」用心感受国之风韵 (97/1844) has 33 songs.
INFO:[DataPipeline]:PlayList: [7701952288] 古韵中国风‖三冬你可愿来 (98/1844) has 46 songs.
INFO:[DataPipeline]:PlayList: [7660915882] China！中国风电音之崛起之路 (99/1844) has 76 songs.
INFO:[DataPipeline]:Sleep for: 155
INFO:[DataPipeline]:PlayList: [7782684499] 一起坠入Sand的中国风电音世界 (100/1844) has 108 songs.
INFO:[DataPipeline]:PlayList: [7060359081] 超级虐心的中国风喊麦合集 (101/1844) has 34 songs.
INFO:[DataPipeline]:PlayList: [7709790861] 中国风&#32;&#124;&#32;血染江山画怎敌你眉间 (102/1844) has 24 songs.
INFO:[DataPipeline]:PlayList: [7047529839] 侠客中国风&#32;·&#32;吟到恩仇心事涌 (103/1844) has 36 songs.
INFO:[DataPipeline]:PlayList: [7827217689] 唯美中国风：感受国画的山川之美 (104/1844) has 16 songs.
INFO:[DataPipeline]:PlayList: [7743572752] 中国风&#32;&#124;&#32;江南风味，诗意百景 (105/1844) has 50 songs.
INFO:[DataPipeline]:PlayList: [7341056707] 红歌经典中国风&#32;老革命歌曲 (106/1844) has 56 songs.
INFO:[DataPipeline]:PlayList: [7714958974] 古韵中国风&#58;铺十里红妆可愿 (107/1844) has 29 songs.
INFO:[DataPipeline]:PlayList: [7684050920] 浓郁的中国风，唯美雅致的享受。 (108/1844) has 30 songs.
INFO:[DataPipeline]:PlayList: [7796297075] 中国风纯音｜一曲倾述衷情 (109/1844) has 28 songs.
INFO:[DataPipeline]:Sleep for: 88
INFO:[DataPipeline]:PlayList: [7709305834] 最美中国风｜曲调悠扬醉人心 (110/1844) has 32 songs.
INFO:[DataPipeline]:PlayList: [7772575439] 中国风｜一杯相思酒，一曲古风韵 (111/1844) has 20 songs.
INFO:[DataPipeline]:PlayList: [7793365363] 中国风&#32;·&#32;细品一曲江南柔情 (112/1844) has 25 songs.
INFO:[DataPipeline]:PlayList: [7780937333] 中国风&#32;&#124;&#32;领略唐宋元明清的韵律 (113/1844) has 35 songs.
INFO:[DataPipeline]:PlayList: [7790936884] 中国风日漫：《不思议游戏》 (114/1844) has 94 songs.
INFO:[DataPipeline]:PlayList: [7710925048] 古韵中国风‖花开满城为一人 (115/1844) has 39 songs.
INFO:[DataPipeline]:PlayList: [7734763934] 伤感中国风｜一寸相思，一寸伤悲 (116/1844) has 30 songs.
INFO:[DataPipeline]:PlayList: [7740100776] 古韵中国风｜一种相思，两处闲愁 (117/1844) has 25 songs.
INFO:[DataPipeline]:PlayList: [6946825664] 中国风&#32;·&#32;落花片片随水流 (118/1844) has 22 songs.
INFO:[DataPipeline]:PlayList: [7505292442] 影视主题曲&#32;&#58;&#32;中国风里窥相思 (119/1844) has 26 songs.
INFO:[DataPipeline]:Sleep for: 83
INFO:[DataPipeline]:PlayList: [7780783983] 中国风｜思君如明烛，煎心且衔泪 (120/1844) has 28 songs.
INFO:[DataPipeline]:PlayList: [7816979002] 中国风：君子如兰，思之可归 (121/1844) has 50 songs.
INFO:[DataPipeline]:PlayList: [7266932006] 中国风纯音：&#32;一曲笙歌恋玉箫 (122/1844) has 30 songs.
INFO:[DataPipeline]:PlayList: [7222822024] 翩翩公子&#32;·&#32;霍尊的中国风世界 (123/1844) has 25 songs.
INFO:[DataPipeline]:PlayList: [2924951304] 中国风，新旧文化的碰撞 (124/1844) has 20 songs.
INFO:[DataPipeline]:PlayList: [2067204346] 「中国风粤语」承载你的武侠梦 (125/1844) has 87 songs.
INFO:[DataPipeline]:PlayList: [7346984845] 中国风韵律：静品灵动之音 (126/1844) has 26 songs.
INFO:[DataPipeline]:PlayList: [841440790] 情迷中国风·电视剧 (127/1844) has 18 songs.
INFO:[DataPipeline]:PlayList: [7631153147] 中国风丨孤饮一瓢酒，独望慰风尘 (128/1844) has 41 songs.
INFO:[DataPipeline]:PlayList: [7588223964] bgm抖音中国风纯音乐古筝轻音乐钢琴曲睡眠 (129/1844) has 756 songs.
INFO:[DataPipeline]:Sleep for: 133
INFO:[DataPipeline]:PlayList: [7659373403] 国电｜领略带有独特中国风的电音 (130/1844) has 30 songs.
INFO:[DataPipeline]:PlayList: [6937834398] 伤感中国风&#32;·&#32;不曾念曲中人 (131/1844) has 23 songs.
INFO:[DataPipeline]:PlayList: [7521321504] 影视中国风丨古装电视剧纯音合集 (132/1844) has 29 songs.
INFO:[DataPipeline]:PlayList: [7756619617] 《江南百景图》✘唯美中国风 (133/1844) has 22 songs.
INFO:[DataPipeline]:PlayList: [1136459893] 最动听的中国风纯音乐 (134/1844) has 18 songs.
INFO:[DataPipeline]:PlayList: [2372395302] 缱绻中国风，诗意华夏魂 (135/1844) has 102 songs.
INFO:[DataPipeline]:PlayList: [1736812809] 唯有中国风与玄幻最配 (136/1844) has 31 songs.
INFO:[DataPipeline]:PlayList: [3283735297] 来一车中国风小说，我还可以继续看！ (137/1844) has 56 songs.
INFO:[DataPipeline]:PlayList: [7222651249] 逍遥一游&#32;·&#32;中国风宗师周杰伦 (138/1844) has 21 songs.
INFO:[DataPipeline]:PlayList: [3267181404] 中国风电子，婉约与大气的完美结合 (139/1844) has 181 songs.
INFO:[DataPipeline]:Sleep for: 72
INFO:[DataPipeline]:PlayList: [2942072450] 方文山笔下的唯美中国风 (140/1844) has 30 songs.
INFO:[DataPipeline]:PlayList: [7496274614] 红歌经典中国风&#32;老革命歌曲 (141/1844) has 144 songs.
INFO:[DataPipeline]:PlayList: [3243785822] 耳朵测试！这些欧美歌里居然有中国风？ (142/1844) has 31 songs.
INFO:[DataPipeline]:PlayList: [7024085381] 中国风&#32;&#124;&#32;松烟入墨，笔画江南 (143/1844) has 20 songs.
INFO:[DataPipeline]:PlayList: [7825130004] 中国风｜娘子的新衣，甚是美丽 (144/1844) has 20 songs.
INFO:[DataPipeline]:PlayList: [7816991366] 中国风：谁曾记起当年独斟月下 (145/1844) has 28 songs.
INFO:[DataPipeline]:PlayList: [7071773405] 最美不过中国风，最好不过眼前人 (146/1844) has 31 songs.
INFO:[DataPipeline]:PlayList: [3730268754] 中国风PK古风：竹林深处待回眸 (147/1844) has 80 songs.
INFO:[DataPipeline]:PlayList: [7726952924] 「中国风」诗词歌赋的古今合壁 (148/1844) has 30 songs.
INFO:[DataPipeline]:PlayList: [1136461566] 方文山，隐藏在釉色里的中国风秘密（一） (149/1844) has 35 songs.
INFO:[DataPipeline]:Sleep for: 134
INFO:[DataPipeline]:PlayList: [7596877113] 中国风优选&#32;&#124;&#32;听他们的歌会上瘾 (150/1844) has 21 songs.
INFO:[DataPipeline]:PlayList: [7057140649] 中国风&#32;·&#32;月下寄相思 (151/1844) has 25 songs.
INFO:[DataPipeline]:PlayList: [7568527076] 中国风：我等你可否以身相许？ (152/1844) has 35 songs.
INFO:[DataPipeline]:PlayList: [7710313752] 古韵中国风｜红衣佳人漫步阅江楼 (153/1844) has 33 songs.
INFO:[DataPipeline]:PlayList: [1127583888] 绝美中国风·华语词曲唱作精选 (154/1844) has 15 songs.
INFO:[DataPipeline]:PlayList: [2638630804] 中国风丨天真烂漫少女音 (155/1844) has 20 songs.
INFO:[DataPipeline]:PlayList: [7747085272] 中国风男音：愁声续，岁岁空期许 (156/1844) has 31 songs.
INFO:[DataPipeline]:PlayList: [7049782870] 似水柔情&#32;·&#32;女声翻唱中国风 (157/1844) has 24 songs.
INFO:[DataPipeline]:PlayList: [3497676655] 畅听最美的中国风旋律 (158/1844) has 46 songs.
INFO:[DataPipeline]:PlayList: [1779062785] 公子世无双：古装男神也爱唱中国风 (159/1844) has 42 songs.
INFO:[DataPipeline]:Sleep for: 177
INFO:[DataPipeline]:PlayList: [7749288191] 中国风｜减瘦一湾岁月，秋色冉冉 (160/1844) has 30 songs.
INFO:[DataPipeline]:PlayList: [7276694795] 最美中国风，听曲醉人心 (161/1844) has 39 songs.
INFO:[DataPipeline]:PlayList: [7598476878] 中国风：曲终人未散，白首不分离 (162/1844) has 21 songs.
INFO:[DataPipeline]:PlayList: [7014279840] 中国风&#32;·&#32;惟有饮者留其名 (163/1844) has 25 songs.
INFO:[DataPipeline]:PlayList: [7675528747] 【电音】中国风与电子的完美融合 (164/1844) has 57 songs.
INFO:[DataPipeline]:PlayList: [7011437094] 中国风&#32;&#32;&#124;&#32;&#32;香港TVB经典武侠剧纯乐 (165/1844) has 31 songs.
INFO:[DataPipeline]:PlayList: [7733103461] 【中国风】梦醒繁华，一城荒芜 (166/1844) has 36 songs.
INFO:[DataPipeline]:PlayList: [7011570567] 韵味中国风&#32;&#124;&#32;一曲长歌一世情 (167/1844) has 20 songs.
INFO:[DataPipeline]:PlayList: [2371751333] 「历史旧卷」听日本音乐里的壮美中国风 (168/1844) has 31 songs.
INFO:[DataPipeline]:PlayList: [7607372218] 中国民歌、民间小调及民歌中国风抒情名歌 (169/1844) has 239 songs.
INFO:[DataPipeline]:Sleep for: 75
INFO:[DataPipeline]:PlayList: [7765626409] 中国风&#124;&#32;曲附端午情，赠君安康语 (170/1844) has 31 songs.
INFO:[DataPipeline]:PlayList: [7690891539] 中国风&#32;&#124;&#32;梦醒繁华，一城荒芜 (171/1844) has 138 songs.
INFO:[DataPipeline]:PlayList: [7021918213] 中国风民谣&#32;&#124;&#32;弹指间，千年逝 (172/1844) has 28 songs.
INFO:[DataPipeline]:PlayList: [7471893906] 评论999&#43;中国风说唱（持更） (173/1844) has 48 songs.
INFO:[DataPipeline]:PlayList: [7539313627] 时下流行：当Rap邂逅中国风 (174/1844) has 62 songs.
INFO:[DataPipeline]:PlayList: [7249316000] 似水流年&#32;·&#32;评论999&#43;中国风热歌 (175/1844) has 36 songs.
INFO:[DataPipeline]:PlayList: [6997076434] 中国风韵律&#32;&#124;&#32;粤语印记 (176/1844) has 47 songs.
INFO:[DataPipeline]:PlayList: [7108016227] 2019年中国风新歌精选集 (177/1844) has 288 songs.
INFO:[DataPipeline]:PlayList: [1438487520] 带给你温暖至心的中国笛子风纯音乐 (178/1844) has 18 songs.
INFO:[DataPipeline]:PlayList: [7060353277] 隐藏在流行曲中的中国风旋律 (179/1844) has 52 songs.
INFO:[DataPipeline]:Sleep for: 163
INFO:[DataPipeline]:PlayList: [7590632728] 抒情中国风：纵横尘世愿与君共 (180/1844) has 20 songs.
INFO:[DataPipeline]:PlayList: [2067212972] 倾听流行歌手们的中国风情怀 (181/1844) has 63 songs.
INFO:[DataPipeline]:PlayList: [1129354358] 「中国风❤听闻」此情无计可消除 (182/1844) has 20 songs.
INFO:[DataPipeline]:PlayList: [7749286126] 中国风｜任风乱了思绪，断了离愁 (183/1844) has 30 songs.
INFO:[DataPipeline]:PlayList: [7740373561] 古韵中国风&#58;南山有不止有相思树 (184/1844) has 26 songs.
INFO:[DataPipeline]:PlayList: [7073314723] 中国风说唱&#32;·&#32;胸中正气塞天地 (185/1844) has 40 songs.
INFO:[DataPipeline]:PlayList: [1136523779] 中国风·山外小楼听风 (186/1844) has 19 songs.
INFO:[DataPipeline]:PlayList: [7041353925] 中国风翻唱&#32;·&#32;徒此掬清芬 (187/1844) has 20 songs.
INFO:[DataPipeline]:PlayList: [7734739286] 流行中国风｜秋风无语，伤人诛心 (188/1844) has 30 songs.
INFO:[DataPipeline]:PlayList: [7346984894] 唯美中国风：青山流水间的灵音 (189/1844) has 19 songs.
INFO:[DataPipeline]:Sleep for: 110
INFO:[DataPipeline]:PlayList: [1724675670] 2016影视中国风音乐（上） (190/1844) has 33 songs.
INFO:[DataPipeline]:PlayList: [7107947155] 曲韵悠长&#32;·&#32;影视剧之中国风 (191/1844) has 27 songs.
INFO:[DataPipeline]:PlayList: [3824218120] 【中国风】迷蒙声远，潇潇雨不休 (192/1844) has 40 songs.
INFO:[DataPipeline]:PlayList: [7304079503] 中国风纯音&#32;·&#32;仙侠世界里的江湖 (193/1844) has 26 songs.
INFO:[DataPipeline]:PlayList: [2371688328] 中国电子Vol&#46;2&#32;&#124;&#32;中国风也可以很酷炫 (194/1844) has 34 songs.
INFO:[DataPipeline]:PlayList: [7293757790] 戏腔中国风&#32;·&#32;绕梁三日不曾绝&#32; (195/1844) has 30 songs.
INFO:[DataPipeline]:PlayList: [7328432127] 中国风&#32;&#124;&#32;回荡在林间的灵动之音 (196/1844) has 25 songs.
INFO:[DataPipeline]:PlayList: [7673870975] 「中国风」与君联袂&#32;勿却为幸 (197/1844) has 47 songs.
INFO:[DataPipeline]:PlayList: [2356734882] 听流行中国风，叹缱绻淡雅情 (198/1844) has 18 songs.
INFO:[DataPipeline]:PlayList: [1979019513] 中国风的韵味 (199/1844) has 18 songs.
INFO:[DataPipeline]:Sleep for: 72
INFO:[DataPipeline]:PlayList: [7673392564] 『中国风』古忆往昔，四季可盼。 (200/1844) has 37 songs.
INFO:[DataPipeline]:PlayList: [7096063906] 【电影篇】20首中国风歌曲精选 (201/1844) has 20 songs.
INFO:[DataPipeline]:PlayList: [7326282815] 心醉前奏，一秒沉沦的中国风 (202/1844) has 51 songs.
INFO:[DataPipeline]:PlayList: [2926037555] 如梦如幻，如诗如画中国风 (203/1844) has 15 songs.
INFO:[DataPipeline]:PlayList: [7697551922] 中国风古风 (204/1844) has 123 songs.
INFO:[DataPipeline]:PlayList: [1129351670] 「中国风❤倾世」人生有味是清欢 (205/1844) has 19 songs.
INFO:[DataPipeline]:PlayList: [7049191147] 中国风男声&#32;&#124;&#32;言念君子，温其如玉 (206/1844) has 28 songs.
INFO:[DataPipeline]:PlayList: [1136524418] 「中国风」有人的地方就有江湖 (207/1844) has 18 songs.
INFO:[DataPipeline]:PlayList: [3422467278] 必听经典中国风 (208/1844) has 21 songs.
INFO:[DataPipeline]:PlayList: [7084457729] 唯美中国风&#32;·&#32;赠之以芍药 (209/1844) has 24 songs.
INFO:[DataPipeline]:Sleep for: 95
INFO:[DataPipeline]:PlayList: [2375185827] 中国风粤语｜婉转悠扬&#32;别有一番韵味 (210/1844) has 26 songs.
INFO:[DataPipeline]:PlayList: [1074287534] 畅听最美的中国风旋律 (211/1844) has 41 songs.
INFO:[DataPipeline]:PlayList: [7535634794] 七朵组合&#32;&#124;&#32;浓浓的中国风 (212/1844) has 47 songs.
INFO:[DataPipeline]:PlayList: [1363297557] 一部古剧爱上中国风 (213/1844) has 35 songs.
INFO:[DataPipeline]:PlayList: [3214607119] 中国风歌曲里动人诗句 (214/1844) has 8 songs.
INFO:[DataPipeline]:PlayList: [39441892] 浪漫中国风之君醉红颜 (215/1844) has 17 songs.
INFO:[DataPipeline]:PlayList: [780742657] 他们的“中国风”也想和杰伦叫叫板！ (216/1844) has 31 songs.
INFO:[DataPipeline]:PlayList: [3522180438] 中国风·仙蝶吟诵韵隽永 (217/1844) has 20 songs.
INFO:[DataPipeline]:PlayList: [2298335411] 温暖中国风吹走寒冬 (218/1844) has 18 songs.
INFO:[DataPipeline]:PlayList: [3223462282] 中国风电音&#32;给你不一样的感觉 (219/1844) has 20 songs.
INFO:[DataPipeline]:Sleep for: 45
INFO:[DataPipeline]:PlayList: [1691992815] 华语，独特韵味的中国风 (220/1844) has 18 songs.
INFO:[DataPipeline]:PlayList: [841440409] 情迷中国风·京剧/戏腔 (221/1844) has 18 songs.
INFO:[DataPipeline]:PlayList: [2638631948] 中国风丨声声入耳，中国韵律&#32;壹 (222/1844) has 29 songs.
INFO:[DataPipeline]:PlayList: [3488129390] 渺渺中国风，缱绻淡雅情 (223/1844) has 23 songs.
INFO:[DataPipeline]:PlayList: [4186770317] 中国风&#32;│&#32;掀帘倚窗空望远 (224/1844) has 82 songs.
INFO:[DataPipeline]:PlayList: [7107763754] 诗词中国风&#32;·&#32;此曲只应天上有 (225/1844) has 41 songs.
INFO:[DataPipeline]:PlayList: [1722115981] 古风古韵，千里寻中国风 (226/1844) has 26 songs.
INFO:[DataPipeline]:PlayList: [7255707078] 古装电视剧里的中国风纯音 (227/1844) has 26 songs.
INFO:[DataPipeline]:PlayList: [1757029169] 天！改编后的中国风居然可以这么好听！ (228/1844) has 34 songs.
INFO:[DataPipeline]:PlayList: [7049231700] 中国风对唱&#32;&#124;&#32;山有木兮卿有意 (229/1844) has 20 songs.
INFO:[DataPipeline]:Sleep for: 175
INFO:[DataPipeline]:PlayList: [3520398596] 中国风·染火枫林&#32;月下纵马长歌 (230/1844) has 28 songs.
INFO:[DataPipeline]:PlayList: [2306489638] 触动心弦的超好听中国风 (231/1844) has 34 songs.
INFO:[DataPipeline]:PlayList: [7267701091] 中国风：一曲缘歌成绊，任谁叹 (232/1844) has 70 songs.
INFO:[DataPipeline]:PlayList: [7222913545] 桃花十里&#32;·&#32;中国风才女董贞 (233/1844) has 29 songs.
INFO:[DataPipeline]:PlayList: [1357685226] 柔情中国风&#32;·&#32;愿以百年挽朝夕 (234/1844) has 35 songs.
INFO:[DataPipeline]:PlayList: [1713431254] 当中国风遇上说唱rap&#46; (235/1844) has 20 songs.
INFO:[DataPipeline]:PlayList: [3481275295] 一见倾心，再遇如故中国风 (236/1844) has 27 songs.
INFO:[DataPipeline]:PlayList: [7141481321] 「国语ACG」当中国风遇上了国漫 (237/1844) has 30 songs.
INFO:[DataPipeline]:PlayList: [1071493734] 吹拂在耳畔的中国风 (238/1844) has 50 songs.
INFO:[DataPipeline]:PlayList: [1736813770] 【中国风】一曲惊澜为谁歌 (239/1844) has 21 songs.
INFO:[DataPipeline]:Sleep for: 35
INFO:[DataPipeline]:PlayList: [7768275946] 古风亦可DJ｜中国风也能蹦迪 (240/1844) has 58 songs.
INFO:[DataPipeline]:PlayList: [1996611187] 醉美不过一曲中国风 (241/1844) has 12 songs.
INFO:[DataPipeline]:PlayList: [1136523953] 一曲中国风，一抹江南情 (242/1844) has 21 songs.
INFO:[DataPipeline]:PlayList: [7296644750] 中国风摇滚&#32;·&#32;沧海一声笑 (243/1844) has 30 songs.
INFO:[DataPipeline]:PlayList: [1973420580] 中国风·淡烟幽眉里的水墨丹青 (244/1844) has 44 songs.
INFO:[DataPipeline]:PlayList: [3851787501] 中国风&#32;·&#32;快意恩仇江湖事 (245/1844) has 30 songs.
INFO:[DataPipeline]:PlayList: [7617133448] 【中国风】中秋望月空对饮 (246/1844) has 30 songs.
INFO:[DataPipeline]:PlayList: [7770547742] 古风中国风 (247/1844) has 14 songs.
INFO:[DataPipeline]:PlayList: [802499898] 聆听最美的中国风 (248/1844) has 26 songs.
INFO:[DataPipeline]:PlayList: [1099712568] 用心聆听，神韵唯美中国风 (249/1844) has 35 songs.
INFO:[DataPipeline]:Sleep for: 139
INFO:[DataPipeline]:PlayList: [1400454862] 曲缠心头绕耳过，唯美中国风。 (250/1844) has 29 songs.
INFO:[DataPipeline]:PlayList: [774691074] 古韵悠扬&#32;最美中国风 (251/1844) has 25 songs.
INFO:[DataPipeline]:PlayList: [841440237] 那些好听的中国风游戏BGM (252/1844) has 46 songs.
INFO:[DataPipeline]:PlayList: [3822117104] 『中国风』古装剧中的深情男声 (253/1844) has 30 songs.
INFO:[DataPipeline]:PlayList: [7324484273] 中国风女声&#32;·&#32;一曲轻歌醉人心 (254/1844) has 35 songs.
INFO:[DataPipeline]:PlayList: [3540670157] 饱含唐诗宋词的中国风 (255/1844) has 20 songs.
INFO:[DataPipeline]:PlayList: [1970661648] 中国风·诗情画意里的水墨丹青 (256/1844) has 22 songs.
INFO:[DataPipeline]:PlayList: [1097368838] 出彩中国风，出彩中国情 (257/1844) has 22 songs.
INFO:[DataPipeline]:PlayList: [1985818147] 细细品味，中国风的独特韵味 (258/1844) has 21 songs.
INFO:[DataPipeline]:PlayList: [1677429286] 中国风，就是要首首经典 (259/1844) has 35 songs.
INFO:[DataPipeline]:Sleep for: 116
INFO:[DataPipeline]:PlayList: [1966462202] 男神独畅中国风 (260/1844) has 38 songs.
INFO:[DataPipeline]:PlayList: [3557827981] 荡气回肠！当电音邂逅中国风 (261/1844) has 157 songs.
INFO:[DataPipeline]:PlayList: [1676558435] 中国风几多首，画面各不同 (262/1844) has 45 songs.
INFO:[DataPipeline]:PlayList: [1984450082] 微风古韵留醇音，中国风歌曲小集 (263/1844) has 20 songs.
INFO:[DataPipeline]:PlayList: [7331482573] 中国风对唱&#32;·&#32;金风玉露一相逢 (264/1844) has 21 songs.
INFO:[DataPipeline]:PlayList: [7098027932] 中国风影视剧【男声篇】 (265/1844) has 25 songs.
INFO:[DataPipeline]:PlayList: [1669441450] 中国风里面的如花梦境 (266/1844) has 20 songs.
INFO:[DataPipeline]:PlayList: [1136462093] 古韵悠然&#32;&#124;&#32;一人一首中国风 (267/1844) has 24 songs.
INFO:[DataPipeline]:PlayList: [3271920194] 欧美·中国风‖中西文化的完美交融 (268/1844) has 112 songs.
INFO:[DataPipeline]:PlayList: [1377177239] 中国风里的意境音韵 (269/1844) has 22 songs.
INFO:[DataPipeline]:Sleep for: 45
INFO:[DataPipeline]:PlayList: [7759455937] 中国风 (270/1844) has 156 songs.
INFO:[DataPipeline]:PlayList: [7356735009] 中国风纯音&#32;·&#32;何处繁华笙歌落 (271/1844) has 18 songs.
INFO:[DataPipeline]:PlayList: [3470447267] 最唯美的流行中国风民乐 (272/1844) has 24 songs.
INFO:[DataPipeline]:PlayList: [1678228134] 两字中国风，韵味更悠长 (273/1844) has 26 songs.
INFO:[DataPipeline]:PlayList: [759264184] 混搭中国风。聆听美（第一季） (274/1844) has 47 songs.
INFO:[DataPipeline]:PlayList: [2881752535] 那些唯美的中国风 (275/1844) has 30 songs.
INFO:[DataPipeline]:PlayList: [1406647667] 倾听一首醉人中国风 (276/1844) has 18 songs.
INFO:[DataPipeline]:PlayList: [2275211348] 邂逅醉美中国风 (277/1844) has 27 songs.
INFO:[DataPipeline]:PlayList: [1678475408] 经典中国风歌曲选录 (278/1844) has 29 songs.
INFO:[DataPipeline]:PlayList: [7010281670] 中国风&#32;·&#32;愿我如星君如月 (279/1844) has 23 songs.
INFO:[DataPipeline]:Sleep for: 153
INFO:[DataPipeline]:PlayList: [7084456748] 伤感中国风&#32;·&#32;晓镜但愁云鬓改 (280/1844) has 32 songs.
INFO:[DataPipeline]:PlayList: [7107673879] 中国风&#32;&#124;&#32;天地合，乃敢与君绝 (281/1844) has 49 songs.
INFO:[DataPipeline]:PlayList: [1736824520] 【中国风】长歌婉转，古韵悠然&#32;壹 (282/1844) has 20 songs.
INFO:[DataPipeline]:PlayList: [1348839275] 好听到心碎的中国风纯音乐 (283/1844) has 17 songs.
INFO:[DataPipeline]:PlayList: [2247170577] 中国风的歌，是否听过呢 (284/1844) has 16 songs.
INFO:[DataPipeline]:PlayList: [1973416488] 中国风·管弦和鸣里的水墨丹青 (285/1844) has 33 songs.
INFO:[DataPipeline]:PlayList: [1674768406] 给中国风来点力量 (286/1844) has 22 songs.
INFO:[DataPipeline]:PlayList: [2339497465] 唯美中国风，悠悠华夏韵 (287/1844) has 20 songs.
INFO:[DataPipeline]:PlayList: [1725941745] 用音乐触动你的心弦的中国风歌曲 (288/1844) has 21 songs.
INFO:[DataPipeline]:PlayList: [1670947988] 网路上很流行的古风中国风 (289/1844) has 23 songs.
INFO:[DataPipeline]:Sleep for: 65
INFO:[DataPipeline]:PlayList: [2925038242] 属于他们心中的粤语中国风情怀 (290/1844) has 26 songs.
INFO:[DataPipeline]:PlayList: [7349788198] 中国风民谣｜欲待曲终寻问取 (291/1844) has 24 songs.
INFO:[DataPipeline]:PlayList: [7438237151] 中国风纯音&#32;·&#32;良辰好景虚设 (292/1844) has 31 songs.
INFO:[DataPipeline]:PlayList: [1079610829] 后弦十年中国风&#32;你错过了多少？ (293/1844) has 27 songs.
INFO:[DataPipeline]:PlayList: [1959486892] 畅听最美的中国风 (294/1844) has 14 songs.
INFO:[DataPipeline]:PlayList: [7120222130] 唯美中国风&#32;&#124;&#32;听一曲沉醉不知归路 (295/1844) has 29 songs.
INFO:[DataPipeline]:PlayList: [1343404160] 醉美不过中国风 (296/1844) has 22 songs.
INFO:[DataPipeline]:PlayList: [6999656534] 三个字，就能诠释中国风 (297/1844) has 26 songs.
INFO:[DataPipeline]:PlayList: [1480495213] 达人周末&#32;&#124;&#32;伊人如梦，古装剧中的中国风 (298/1844) has 47 songs.
INFO:[DataPipeline]:PlayList: [7049191469] 中国风女声&#32;&#124;&#32;云想衣裳花想容 (299/1844) has 28 songs.
INFO:[DataPipeline]:Sleep for: 66
INFO:[DataPipeline]:PlayList: [3150201193] 听流行乐邂逅中国风 (300/1844) has 30 songs.
INFO:[DataPipeline]:PlayList: [7285195605] 中国风纯音&#32;·&#32;运动助燃必备 (301/1844) has 22 songs.
INFO:[DataPipeline]:PlayList: [7639658210] 中国风古典乐器纯音乐 (302/1844) has 304 songs.
INFO:[DataPipeline]:PlayList: [7041409826] 唯美中国风&#32;·&#32;假期旅行手册 (303/1844) has 20 songs.
INFO:[DataPipeline]:PlayList: [1099800832] 古典中国风，韵味悠长 (304/1844) has 13 songs.
INFO:[DataPipeline]:PlayList: [7060359211] 另类流行又好听的中国风喊麦 (305/1844) has 46 songs.
INFO:[DataPipeline]:PlayList: [3578015324] 适合品茶时听的中国风轻音乐 (306/1844) has 18 songs.
INFO:[DataPipeline]:PlayList: [7607836246] 中国风/古风/江湖&#32;免费说唱伴奏&#32;freebeat (307/1844) has 50 songs.
INFO:[DataPipeline]:PlayList: [7526280377] 沉溺国韵&#32;&#124;&#32;排骨教主的中国风歌单 (308/1844) has 15 songs.
INFO:[DataPipeline]:PlayList: [1736813304] 值得循环的中国风歌曲 (309/1844) has 34 songs.
INFO:[DataPipeline]:Sleep for: 104
INFO:[DataPipeline]:PlayList: [846388203] 【枕边中国风】聆听细雨江南曲 (310/1844) has 18 songs.
INFO:[DataPipeline]:PlayList: [1136523632] 情迷中国风·电影 (311/1844) has 18 songs.
INFO:[DataPipeline]:PlayList: [7107860362] 中国风&#32;&#124;&#32;爱恨姻缘，不如隐桃源 (312/1844) has 32 songs.
INFO:[DataPipeline]:PlayList: [7139892175] 中国风&#32;&#58;&#32;岁月清浅，许浅笑安然 (313/1844) has 20 songs.
INFO:[DataPipeline]:PlayList: [4230002795] 中国风｜长发绾君心，青丝绕指柔 (314/1844) has 31 songs.
INFO:[DataPipeline]:PlayList: [1032553459] 燃烧别样中国风 (315/1844) has 15 songs.
INFO:[DataPipeline]:PlayList: [3121935869] 不一样的中国风&#32;你知道几首？ (316/1844) has 20 songs.
INFO:[DataPipeline]:PlayList: [1089356196] 【音乐小说第二期】中国风VS和风 (317/1844) has 20 songs.
INFO:[DataPipeline]:PlayList: [7174019275] 中国风&#32;&#124;&#32;假期在家煲过的剧 (318/1844) has 71 songs.
INFO:[DataPipeline]:PlayList: [3030109505] 中国风，中国情 (319/1844) has 17 songs.
INFO:[DataPipeline]:Sleep for: 83
INFO:[DataPipeline]:PlayList: [7111604298] 中国风：安得有英雄，迎归大内中 (320/1844) has 26 songs.
INFO:[DataPipeline]:PlayList: [2304956521] 小提琴演奏的中国风 (321/1844) has 21 songs.
INFO:[DataPipeline]:PlayList: [7108937511] 熬夜修仙，当然要听中国风啦 (322/1844) has 40 songs.
INFO:[DataPipeline]:PlayList: [7179875344] 燃系中国风&#32;&#124;&#32;持剑，捍守身后国土 (323/1844) has 22 songs.
INFO:[DataPipeline]:PlayList: [7120635814] 中国风女声&#32;·&#32;倾慕韶华红颜 (324/1844) has 24 songs.
INFO:[DataPipeline]:PlayList: [2889698130] 那些吹拂在耳畔的唯美中国风 (325/1844) has 20 songs.
INFO:[DataPipeline]:PlayList: [3451909833] 各自域的中国风和美好的东方服饰们 (326/1844) has 15 songs.
INFO:[DataPipeline]:PlayList: [1172107771] 粤语中国风：再现香港影视经典 (327/1844) has 35 songs.
INFO:[DataPipeline]:PlayList: [1470637200] 日本大师黄钟大吕之作：浓郁中国音韵风 (328/1844) has 28 songs.
INFO:[DataPipeline]:PlayList: [3199012577] 挚爱的中国风小曲 (329/1844) has 81 songs.
INFO:[DataPipeline]:Sleep for: 121
INFO:[DataPipeline]:PlayList: [2033699234] 盛秋降临，卷起一阵静中国风 (330/1844) has 18 songs.
INFO:[DataPipeline]:PlayList: [7249325654] 中国风&#32;·&#32;后弦与西厢故事 (331/1844) has 21 songs.
INFO:[DataPipeline]:PlayList: [7276517552] 中国风纯音&#32;·&#32;古装里的哀愁思绪 (332/1844) has 28 songs.
INFO:[DataPipeline]:PlayList: [7101339762] 中国风｜寄君一曲，不问曲终人聚散 (333/1844) has 32 songs.
INFO:[DataPipeline]:PlayList: [1952809586] 清明·管弦丝竹演绎唯美中国风 (334/1844) has 27 songs.
INFO:[DataPipeline]:PlayList: [1129350093] 「中国风❤伤情」杨柳岸晓风残月 (335/1844) has 18 songs.
INFO:[DataPipeline]:PlayList: [7350162868] 「中国风纯音」许你一场不醒的梦 (336/1844) has 18 songs.
INFO:[DataPipeline]:PlayList: [1103206369] 梦魂飞扬中国风 (337/1844) has 68 songs.
INFO:[DataPipeline]:PlayList: [7107391442] 流行中国风&#32;&#124;&#32;一曲皆温情 (338/1844) has 27 songs.
INFO:[DataPipeline]:PlayList: [7094726046] 2019年7月中国风新歌精选 (339/1844) has 46 songs.
INFO:[DataPipeline]:Sleep for: 116
INFO:[DataPipeline]:PlayList: [3502836742] 中国风，共赏荷叶桃花 (340/1844) has 58 songs.
INFO:[DataPipeline]:PlayList: [7256698205] 青春记忆&#32;·&#32;国语乐坛的中国风 (341/1844) has 40 songs.
INFO:[DataPipeline]:PlayList: [7707117243] 好听的中国风 (342/1844) has 192 songs.
INFO:[DataPipeline]:PlayList: [7224220262] 古装穿越&#32;·&#32;叱咤风云的中国风 (343/1844) has 22 songs.
INFO:[DataPipeline]:PlayList: [7124708513] 国人骄傲！中国风说唱精选 (344/1844) has 26 songs.
INFO:[DataPipeline]:PlayList: [3254850883] 春末夏初，悠扬中国风与你相伴&#10; (345/1844) has 36 songs.
INFO:[DataPipeline]:PlayList: [3201664634] 中国风丨浅尝辄止 (346/1844) has 35 songs.
INFO:[DataPipeline]:PlayList: [6999242934] 轻柔中国风&#32;&#124;&#32;叹花香不再馥郁 (347/1844) has 25 songs.
INFO:[DataPipeline]:PlayList: [7012296405] 柔情中国风&#32;&#124;&#32;相思赋予谁 (348/1844) has 20 songs.
INFO:[DataPipeline]:PlayList: [1699505282] 中国风,无法抗拒的&#42;&#42;&#42;&#42; (349/1844) has 22 songs.
INFO:[DataPipeline]:Sleep for: 129
INFO:[DataPipeline]:PlayList: [20151575] 聆听：中国风 (350/1844) has 19 songs.
INFO:[DataPipeline]:PlayList: [7258058604] 中国风&#32;&#124;&#32;红尘多可笑，痴情最无聊 (351/1844) has 27 songs.
INFO:[DataPipeline]:PlayList: [7001027734] 中国风&#32;&#124;&#32;无尽的思念涌上心头 (352/1844) has 27 songs.
INFO:[DataPipeline]:PlayList: [7012577966] 中国风R&#38;B：我心中的日月光芒 (353/1844) has 25 songs.
INFO:[DataPipeline]:PlayList: [2601846823] 颠倒众生中国风 (354/1844) has 79 songs.
INFO:[DataPipeline]:PlayList: [7319381114] 听中国风纯音，静思流年 (355/1844) has 44 songs.
INFO:[DataPipeline]:PlayList: [2083734639] 粤语中国风：还你一个浅笑，醉入我心扉 (356/1844) has 24 songs.
INFO:[DataPipeline]:PlayList: [3201675255] 中国风极其的好 (357/1844) has 48 songs.
INFO:[DataPipeline]:PlayList: [1999962525] 中国风，沉醉在这旋律中 (358/1844) has 49 songs.
INFO:[DataPipeline]:PlayList: [39442892] 唯美中国风之伊人吟情 (359/1844) has 18 songs.
INFO:[DataPipeline]:Sleep for: 123
INFO:[DataPipeline]:PlayList: [7228259361] 中国风电子&#32;·&#32;绝色纯音幻境 (360/1844) has 25 songs.
INFO:[DataPipeline]:PlayList: [7256559371] &#32;一顾倾城·&#32;古装电影里的中国风 (361/1844) has 33 songs.
INFO:[DataPipeline]:PlayList: [7120733996] 古韵流芳&#32;&#124;&#32;经典中国风歌曲合集 (362/1844) has 25 songs.
INFO:[DataPipeline]:PlayList: [1095361746] 歌尽风雅，细品一曲中国风 (363/1844) has 20 songs.
INFO:[DataPipeline]:PlayList: [1744968844] JJ新年第一首中国风歌曲！ (364/1844) has 45 songs.
INFO:[DataPipeline]:PlayList: [2338364708] 中国风，让自己诗情画意一番 (365/1844) has 18 songs.
INFO:[DataPipeline]:PlayList: [6997384944] 中国风&#32;&#124;&#32;一梦红尘路漫漫&#32;几处聚散 (366/1844) has 24 songs.
INFO:[DataPipeline]:PlayList: [7342302185] 中国风摇滚&#32;·&#32;纵死侠骨香 (367/1844) has 26 songs.
INFO:[DataPipeline]:PlayList: [7361014237] 红歌经典中国风&#32;老革命歌曲 (368/1844) has 145 songs.
INFO:[DataPipeline]:PlayList: [700450630] 中国风&#32;古风&#32;&#32;唯美歌词与意境 (369/1844) has 104 songs.
INFO:[DataPipeline]:Sleep for: 41
INFO:[DataPipeline]:PlayList: [7179907762] 抒情中国风&#32;&#124;&#32;悉心记下这一撇一捺 (370/1844) has 20 songs.
INFO:[DataPipeline]:PlayList: [2953680506] 跟着中国风的电音一起摇摆 (371/1844) has 51 songs.
INFO:[DataPipeline]:PlayList: [2668576684] 每日新歌：派伟俊方文山大秀电音中国风 (372/1844) has 58 songs.
INFO:[DataPipeline]:PlayList: [7318947219] 中国风丨梦破朝夕，勾乱了思绪 (373/1844) has 20 songs.
INFO:[DataPipeline]:PlayList: [7060355261] 中国风丨别样韵味 (374/1844) has 39 songs.
INFO:[DataPipeline]:PlayList: [7737946934] 中国风&#32;古风&#32;戏腔 (375/1844) has 154 songs.
INFO:[DataPipeline]:PlayList: [7040553337] 中国风&#32;·&#32;昨夜与君梦同游 (376/1844) has 21 songs.
INFO:[DataPipeline]:PlayList: [39443892] 那些偏爱中国风的流行曲 (377/1844) has 18 songs.
INFO:[DataPipeline]:PlayList: [1136460126] 大气磅礴中国风 (378/1844) has 18 songs.
INFO:[DataPipeline]:PlayList: [7189818129] 中国风纯音&#32;·&#32;执杯香茗了闻弦意 (379/1844) has 27 songs.
INFO:[DataPipeline]:Sleep for: 152
INFO:[DataPipeline]:PlayList: [7343373841] 奇谈异闻&#32;·&#32;中国风里的志怪传说 (380/1844) has 22 songs.
INFO:[DataPipeline]:PlayList: [7071501478] 中国风电音&#32;·&#32;覆上新妆添荣光 (381/1844) has 46 songs.
INFO:[DataPipeline]:PlayList: [1300036413] 流行至今的中国风 (382/1844) has 28 songs.
INFO:[DataPipeline]:PlayList: [2034408900] 琴瑟和鸣·中国风对唱歌曲 (383/1844) has 18 songs.
INFO:[DataPipeline]:PlayList: [2638629801] 长风当歌·最好听的中国风&#32;贰 (384/1844) has 27 songs.
INFO:[DataPipeline]:PlayList: [7071799408] 曲惊四座&#32;·&#32;说唱也能中国风 (385/1844) has 24 songs.
INFO:[DataPipeline]:PlayList: [7155018080] 中国风&#32;&#124;&#32;春风细杨柳，相思渡不尽 (386/1844) has 30 songs.
INFO:[DataPipeline]:PlayList: [7444111333] 醉美中国风&#32;·&#32;织梦一场浮幽 (387/1844) has 20 songs.
INFO:[DataPipeline]:PlayList: [7328403102] 中国风&#32;·&#32;不思量，自难忘 (388/1844) has 18 songs.
INFO:[DataPipeline]:PlayList: [3214554210] 中国风中所藏的凄美故事，你听出来了吗？ (389/1844) has 40 songs.
INFO:[DataPipeline]:Sleep for: 140
INFO:[DataPipeline]:PlayList: [39440892] 霸气中国风之江湖英雄 (390/1844) has 12 songs.
INFO:[DataPipeline]:PlayList: [7317863632] 中国风：缘聚缘散，背负万丈尘寰 (391/1844) has 20 songs.
INFO:[DataPipeline]:PlayList: [7256698476] 同事爱刷的短视频火爆中国风BGM (392/1844) has 15 songs.
INFO:[DataPipeline]:PlayList: [7164328991] 伤感中国风&#32;·&#32;何事吟余忽惆怅 (393/1844) has 20 songs.
INFO:[DataPipeline]:PlayList: [2638628055] 侠骨丹心中国风 (394/1844) has 18 songs.
INFO:[DataPipeline]:PlayList: [7222862314] 怀旧中国风&#32;&#124;&#32;依依目光此生不换 (395/1844) has 53 songs.
INFO:[DataPipeline]:PlayList: [7112117032] 中国风&#32;&#124;&#32;听弦断，断那三千痴缠 (396/1844) has 23 songs.
INFO:[DataPipeline]:PlayList: [7375102340] 2020年中国风新歌速递 (397/1844) has 160 songs.
INFO:[DataPipeline]:PlayList: [7440022607] 中国风一曲&#32;·&#32;不知今夜几人愁 (398/1844) has 29 songs.
INFO:[DataPipeline]:PlayList: [7109010494] 在孤独中听着中国风疗伤吧 (399/1844) has 21 songs.
INFO:[DataPipeline]:Sleep for: 79
INFO:[DataPipeline]:PlayList: [7107783814] 韵味中国风&#32;·&#32;婉转戏言绕指柔 (400/1844) has 30 songs.
INFO:[DataPipeline]:PlayList: [30120216] 唯美伤感中国风 (401/1844) has 10 songs.
INFO:[DataPipeline]:PlayList: [4344471172] 国人骄傲&#32;&#124;&#32;说唱也能中国风 (402/1844) has 253 songs.
INFO:[DataPipeline]:PlayList: [1999755454] 每首都可循环播放的中国风 (403/1844) has 23 songs.
INFO:[DataPipeline]:PlayList: [7114478301] 中国风&#32;&#124;&#32;相思似海深，旧事如天远 (404/1844) has 22 songs.
INFO:[DataPipeline]:PlayList: [7084460645] 写意中国风&#32;·&#32;出诗入画意蕴灵 (405/1844) has 23 songs.
INFO:[DataPipeline]:PlayList: [6967803369] 轻弹中国风：记几多历史风雨 (406/1844) has 19 songs.
INFO:[DataPipeline]:PlayList: [1614386992] 这一曲曲中国风&#46;一定会让你流连忘返&#46; (407/1844) has 131 songs.
INFO:[DataPipeline]:PlayList: [1736813483] 粤语歌里的中国风情节 (408/1844) has 25 songs.
INFO:[DataPipeline]:PlayList: [1136459273] 【中国风】经典背景音乐 (409/1844) has 18 songs.
INFO:[DataPipeline]:Sleep for: 118
INFO:[DataPipeline]:PlayList: [2797820348] 那些深深眷恋的中国风 (410/1844) has 13 songs.
INFO:[DataPipeline]:PlayList: [7113298096] 电子中国风&#32;：笙歌乐，如梦幻 (411/1844) has 33 songs.
INFO:[DataPipeline]:PlayList: [41188828] 经典中国风，唱尽古韵，一曲忆千年 (412/1844) has 10 songs.
INFO:[DataPipeline]:PlayList: [2034408544] 当中国风遇上说唱 (413/1844) has 18 songs.
INFO:[DataPipeline]:PlayList: [1258103491] 许嵩：恋上“许氏中国风” (414/1844) has 10 songs.
INFO:[DataPipeline]:PlayList: [7285182262] 催眠必备&#32;·&#32;古装里的中国风纯音 (415/1844) has 25 songs.
INFO:[DataPipeline]:PlayList: [7112220268] 中国风&#32;&#124;&#32;春秋瞬逝，信纸已泛黄 (416/1844) has 23 songs.
INFO:[DataPipeline]:PlayList: [1136461912] 方文山，隐藏在釉色里的中国风秘密（二） (417/1844) has 19 songs.
INFO:[DataPipeline]:PlayList: [7640100503] 中国风的日本纯音乐 (418/1844) has 14 songs.
INFO:[DataPipeline]:PlayList: [7163110900] 中国风｜相见情已深，未语可知心 (419/1844) has 21 songs.
INFO:[DataPipeline]:Sleep for: 37
INFO:[DataPipeline]:PlayList: [1132723373] 你可能不曾听过的中国风&#32;贰 (420/1844) has 20 songs.
INFO:[DataPipeline]:PlayList: [7037941811] 中国风和轻电音的完美融合 (421/1844) has 43 songs.
INFO:[DataPipeline]:PlayList: [658516955] 红颜，英雄，中国风 (422/1844) has 10 songs.
INFO:[DataPipeline]:PlayList: [2626857001] 中国风里的动人旋律 (423/1844) has 28 songs.
INFO:[DataPipeline]:PlayList: [1130085532] 诗意民谣中一缕中国风&#32;贰 (424/1844) has 18 songs.
INFO:[DataPipeline]:PlayList: [2638629033] ※中国风※&#32;江山如画，帝王纷争 (425/1844) has 18 songs.
INFO:[DataPipeline]:PlayList: [1136524887] 你在红楼，我在西游（中国风※前篇） (426/1844) has 18 songs.
INFO:[DataPipeline]:PlayList: [7608484778] 红歌经典中国风&#32;老革命歌曲 (427/1844) has 54 songs.
INFO:[DataPipeline]:PlayList: [7153684341] 松凉人独眠&#32;·&#32;休憩静心中国风 (428/1844) has 18 songs.
INFO:[DataPipeline]:PlayList: [3687510213] 中国风｜山河艳囊，怎抵你眉间长情 (429/1844) has 30 songs.
INFO:[DataPipeline]:Sleep for: 84
INFO:[DataPipeline]:PlayList: [1668320710] 最强中国风，周董等这你 (430/1844) has 26 songs.
INFO:[DataPipeline]:PlayList: [7099835333] 中国风&#32;&#124;&#32;当现代与中国乐器融合 (431/1844) has 45 songs.
INFO:[DataPipeline]:PlayList: [6634045589] 国风电子：一场中国风的邂逅 (432/1844) has 35 songs.
INFO:[DataPipeline]:PlayList: [2638632243] 看一部古装剧，爱几首中国风 (433/1844) has 34 songs.
INFO:[DataPipeline]:PlayList: [7233805380] 中国风女声&#32;·&#32;何意人别似花离 (434/1844) has 26 songs.
INFO:[DataPipeline]:PlayList: [7040954395] 中国风&#32;·&#32;笑隔荷花共人语 (435/1844) has 19 songs.
INFO:[DataPipeline]:PlayList: [7249037961] 中国风纯音&#32;&#124;&#32;纤柔之指，绝代风华 (436/1844) has 35 songs.
INFO:[DataPipeline]:PlayList: [18590495] 【空间专辑自荐】唯美中国风。 (437/1844) has 8 songs.
INFO:[DataPipeline]:PlayList: [2638631106] 中国风丨声声入耳，中国韵律&#32;贰 (438/1844) has 26 songs.
INFO:[DataPipeline]:PlayList: [7318937816] 中国风感怀：无寻处，惟有少年心 (439/1844) has 23 songs.
INFO:[DataPipeline]:Sleep for: 61
INFO:[DataPipeline]:PlayList: [7112408323] 一曲中国风&#32;&#124;&#32;唱尽世间惆怅客 (440/1844) has 21 songs.
INFO:[DataPipeline]:PlayList: [7280581522] 中国风纯乐&#32;·&#32;抚琴醉佳音 (441/1844) has 44 songs.
INFO:[DataPipeline]:PlayList: [7307096312] 柔情中国风：只愿为你拈花一笑 (442/1844) has 19 songs.
INFO:[DataPipeline]:PlayList: [7305029542] 中国风：疏钟催晓，几度寄相思 (443/1844) has 20 songs.
INFO:[DataPipeline]:PlayList: [2638107565] 诗意流转，那些经典的中国风背景乐 (444/1844) has 18 songs.
INFO:[DataPipeline]:PlayList: [7123751778] 婉约中国风&#32;·&#32;相思枫叶丹 (445/1844) has 22 songs.
INFO:[DataPipeline]:PlayList: [7004533300] 中国风遇上说唱&#32;·&#32;跨时空的邂逅 (446/1844) has 33 songs.
INFO:[DataPipeline]:PlayList: [1163764806] 「配乐向」恢弘大气的中国风纯音 (447/1844) has 20 songs.
INFO:[DataPipeline]:PlayList: [18366961] 中国风、最时尚” (448/1844) has 9 songs.
INFO:[DataPipeline]:PlayList: [32899151] 秒杀清新控的中国风 (449/1844) has 13 songs.
INFO:[DataPipeline]:Sleep for: 125
INFO:[DataPipeline]:PlayList: [11917475] 最爱中国风Ⅰ (450/1844) has 10 songs.
INFO:[DataPipeline]:PlayList: [2935522488] 那些游戏里的中国风 (451/1844) has 20 songs.
INFO:[DataPipeline]:PlayList: [19067973] 主打,周氏中国风的韵味 (452/1844) has 9 songs.
INFO:[DataPipeline]:PlayList: [7290322309] 「中国风纯音」悠扬弦声随妙指续 (453/1844) has 20 songs.
INFO:[DataPipeline]:PlayList: [7107605626] 中国风&#32;&#124;&#32;请君共饮泼茶香 (454/1844) has 27 songs.
INFO:[DataPipeline]:PlayList: [2638627484] 侠骨柔情，武侠片中国风配乐 (455/1844) has 38 songs.
INFO:[DataPipeline]:PlayList: [7319461499] 中国风&#32;&#124;&#32;寻来梦中与你再度相见 (456/1844) has 21 songs.
INFO:[DataPipeline]:PlayList: [7181352558] 虐情中国风&#32;&#124;&#32;汝走，吾心跌入冰窖 (457/1844) has 21 songs.
INFO:[DataPipeline]:PlayList: [7307116191] 韵味中国风：雨中静思，等不归人 (458/1844) has 18 songs.
INFO:[DataPipeline]:PlayList: [7297851780] 飞雪玉花&#32;·&#32;精选中国风舞纯音乐 (459/1844) has 22 songs.
INFO:[DataPipeline]:Sleep for: 46
INFO:[DataPipeline]:PlayList: [3528729903] 周杰伦中国风合集 (460/1844) has 18 songs.
INFO:[DataPipeline]:PlayList: [7090748630] 中国风电音丨声声入耳，余韵环绕 (461/1844) has 40 songs.
INFO:[DataPipeline]:PlayList: [1181670347] bgm抖音中国风纯音乐古筝轻音乐钢琴曲睡眠 (462/1844) has 450 songs.
INFO:[DataPipeline]:PlayList: [14280008] 中国风游戏纯音&#32;仙剑VS蜀山 (463/1844) has 9 songs.
INFO:[DataPipeline]:PlayList: [7141852823] 小憩中国风&#32;·&#32;天街小雨润如酥 (464/1844) has 23 songs.
INFO:[DataPipeline]:PlayList: [7454639382] 乐声与时代的碰撞：浓郁中国风 (465/1844) has 30 songs.
INFO:[DataPipeline]:PlayList: [2339497919] 倾世中国韵·中国风·纯音 (466/1844) has 18 songs.
INFO:[DataPipeline]:PlayList: [3557664294] 中国风摇滚：感受摇滚的诗情画意，豪放柔肠 (467/1844) has 20 songs.
INFO:[DataPipeline]:PlayList: [1268651953] 中国风&#32;&#124;&#32;奇文共欣赏，疑义相与析 (468/1844) has 30 songs.
INFO:[DataPipeline]:PlayList: [1929797739] 古典悄然走进中国风心间 (469/1844) has 25 songs.
INFO:[DataPipeline]:Sleep for: 119
INFO:[DataPipeline]:PlayList: [7107608246] 中国风&#32;&#124;&#32;将这段温情，独自咏 (470/1844) has 35 songs.
INFO:[DataPipeline]:PlayList: [7580617129] 中国风&#32;&#32;古风 (471/1844) has 105 songs.
INFO:[DataPipeline]:PlayList: [1227955986] 欧美中国风R&#38;B (472/1844) has 11 songs.
INFO:[DataPipeline]:PlayList: [7474168746] 中国风&#32;&#124;&#32;清丽婉约&#32;意蕴悠远 (473/1844) has 23 songs.
INFO:[DataPipeline]:PlayList: [3537288947] 葫芦丝声中的悠悠中国风 (474/1844) has 18 songs.
INFO:[DataPipeline]:PlayList: [18242527] 许嵩的中国风歌曲 (475/1844) has 16 songs.
INFO:[DataPipeline]:PlayList: [2328743639] 【中国风】一曲悠扬漫篱墙 (476/1844) has 22 songs.
INFO:[DataPipeline]:PlayList: [40305698] 温婉柔情&#32;大气中国风 (477/1844) has 11 songs.
INFO:[DataPipeline]:PlayList: [7119633905] 浅吟中国风&#32;·&#32;花深忘却来时路 (478/1844) has 27 songs.
INFO:[DataPipeline]:PlayList: [3077524241] 舌尖上的中国风 (479/1844) has 8 songs.
INFO:[DataPipeline]:Sleep for: 143
INFO:[DataPipeline]:PlayList: [7319381519] 行走世界的中国风原声 (480/1844) has 19 songs.
INFO:[DataPipeline]:PlayList: [7445418603] 抒情中国风&#32;·&#32;故人情难相忘 (481/1844) has 26 songs.
INFO:[DataPipeline]:PlayList: [961806786] 秒杀节奏控的中国风 (482/1844) has 10 songs.
INFO:[DataPipeline]:PlayList: [7107674223] 中国风&#32;&#124;&#32;今世情缘，不负相思意 (483/1844) has 33 songs.
INFO:[DataPipeline]:PlayList: [33102125] 周董的中国风 (484/1844) has 12 songs.
INFO:[DataPipeline]:PlayList: [7276511508] 中国风纯音&#32;·&#32;静心学习必备 (485/1844) has 25 songs.
INFO:[DataPipeline]:PlayList: [3433458612] 那些单曲循环过的中国风 (486/1844) has 53 songs.
INFO:[DataPipeline]:PlayList: [1354502210] 中国风精选【珍藏版】 (487/1844) has 14 songs.
INFO:[DataPipeline]:PlayList: [7107414091] 中国风&#32;&#124;&#32;诗情画意里的深情 (488/1844) has 22 songs.
INFO:[DataPipeline]:PlayList: [7186267052] 中国风&#32;&#124;&#32;数尽千古风流人物 (489/1844) has 28 songs.
INFO:[DataPipeline]:Sleep for: 70
INFO:[DataPipeline]:PlayList: [1558311097] 发现好听：主打歌，中国风 (490/1844) has 9 songs.
INFO:[DataPipeline]:PlayList: [7049788980] 同名中国风&#32;·&#32;别是一番风韵 (491/1844) has 22 songs.
INFO:[DataPipeline]:PlayList: [7112116540] 中国风&#32;&#124;&#32;万缕千丝，对月忆兰舟 (492/1844) has 26 songs.
INFO:[DataPipeline]:PlayList: [7337449203] 影视剧精选：惊艳的中国风纯音 (493/1844) has 20 songs.
INFO:[DataPipeline]:PlayList: [7114465592] 中国风&#32;&#124;&#32;人言滔滔，&#32;我自笑傲 (494/1844) has 21 songs.
INFO:[DataPipeline]:PlayList: [7179804818] 中国风&#32;&#124;&#32;清风徐徐自由魂 (495/1844) has 22 songs.
INFO:[DataPipeline]:PlayList: [31718488] 最爱的中国风 (496/1844) has 5 songs.
INFO:[DataPipeline]:PlayList: [7237681729] 10月中国风新歌：可怜冬景似春华 (497/1844) has 33 songs.
INFO:[DataPipeline]:PlayList: [7110479823] 中国风男嗓&#32;·&#32;惆怅此情难寄 (498/1844) has 21 songs.
INFO:[DataPipeline]:PlayList: [32168425] 温婉柔情中国风 (499/1844) has 8 songs.
INFO:[DataPipeline]:Sleep for: 154
INFO:[DataPipeline]:PlayList: [2846493726] 中国风：你一定要记住许嵩&#46; (500/1844) has 23 songs.
INFO:[DataPipeline]:PlayList: [7222861921] 聆赏&#32;│&#32;共赴中国风盛宴 (501/1844) has 37 songs.
INFO:[DataPipeline]:PlayList: [7107674783] 午间煲机&#32;&#124;&#32;一曲中国风私选 (502/1844) has 30 songs.
INFO:[DataPipeline]:PlayList: [3113961544] 致敬中国风，致敬周杰伦 (503/1844) has 22 songs.
INFO:[DataPipeline]:PlayList: [38916332] 悠悠箫笛声，醉美中国风 (504/1844) has 10 songs.
INFO:[DataPipeline]:PlayList: [7228227408] 中国风电子&#32;·&#32;跳跃的水墨画 (505/1844) has 18 songs.
INFO:[DataPipeline]:PlayList: [7112116862] 因一首中国风，而爱上一部古装剧 (506/1844) has 55 songs.
INFO:[DataPipeline]:PlayList: [7258058111] 中国风&#32;&#124;&#32;爱着你全部，相思却禁锢 (507/1844) has 32 songs.
INFO:[DataPipeline]:PlayList: [2913781320] 对唱情歌，倾心中国风 (508/1844) has 38 songs.
INFO:[DataPipeline]:PlayList: [1136524744] 你在红楼，我在西游（中国风※后篇） (509/1844) has 18 songs.
INFO:[DataPipeline]:Sleep for: 167
INFO:[DataPipeline]:PlayList: [38784973] 红颜，英雄，中国风 (510/1844) has 10 songs.
INFO:[DataPipeline]:PlayList: [7441346935] 中国风的日本纯音乐 (511/1844) has 9 songs.
INFO:[DataPipeline]:PlayList: [7222862388] 韵味中国风&#32;&#124;&#32;如风吹拂耳畔 (512/1844) has 37 songs.
INFO:[DataPipeline]:PlayList: [7276508746] 中国风纯音&#32;·&#32;感人悲壮影视原声 (513/1844) has 25 songs.
INFO:[DataPipeline]:PlayList: [3412414849] 古词新意，唯美中国风 (514/1844) has 24 songs.
INFO:[DataPipeline]:PlayList: [7064532215] 粤韵中国风&#32;·&#32;夕殿萤飞思悄然 (515/1844) has 29 songs.
INFO:[DataPipeline]:PlayList: [7107607600] 练字怎么能少了中国风！ (516/1844) has 44 songs.
INFO:[DataPipeline]:PlayList: [2638629475] 长风当歌·最好听的中国风&#32;壹 (517/1844) has 31 songs.
INFO:[DataPipeline]:PlayList: [7526545650] 中国风：人聚散，蹉跎了此生缘 (518/1844) has 15 songs.
INFO:[DataPipeline]:PlayList: [7268135321] 中国风说唱｜Rap里的风云录 (519/1844) has 22 songs.
INFO:[DataPipeline]:Sleep for: 158
INFO:[DataPipeline]:PlayList: [2613530865] 中国风的古风经典 (520/1844) has 34 songs.
INFO:[DataPipeline]:PlayList: [1136459097] 你可能不曾听过的中国风&#32;壹 (521/1844) has 22 songs.
INFO:[DataPipeline]:PlayList: [1558310340] 忧伤中国风：将唯美进行到底 (522/1844) has 12 songs.
INFO:[DataPipeline]:PlayList: [2379251460] 中国嘻哈Vol&#46;9&#32;&#124;&#32;嘻哈中国风，饶舌会武功 (523/1844) has 40 songs.
INFO:[DataPipeline]:PlayList: [3381263406] 诗情画意&#32;中国风 (524/1844) has 28 songs.
INFO:[DataPipeline]:PlayList: [1585448852] 唯美的词，唯美的中国风 (525/1844) has 12 songs.
INFO:[DataPipeline]:PlayList: [37444361] 许嵩：恋上“许氏中国风” (526/1844) has 10 songs.
INFO:[DataPipeline]:PlayList: [1407810707] 古风古韵，千里寻中国风 (527/1844) has 463 songs.
INFO:[DataPipeline]:PlayList: [2242875213] 最爱中国风歌曲 (528/1844) has 17 songs.
INFO:[DataPipeline]:PlayList: [3117570706] 那些深入耳目的中国风 (529/1844) has 10 songs.
INFO:[DataPipeline]:Sleep for: 146
INFO:[DataPipeline]:PlayList: [7096722158] 中国风纯音&#32;·&#32;卧听穿林打叶声 (530/1844) has 31 songs.
INFO:[DataPipeline]:PlayList: [1322399489] 载入史册的中国风摇滚 (531/1844) has 12 songs.
INFO:[DataPipeline]:PlayList: [31425430] 最美&#32;最纯粹&#32;最中国风 (532/1844) has 7 songs.
INFO:[DataPipeline]:PlayList: [3454376003] 那些让人想哭的中国风 (533/1844) has 17 songs.
INFO:[DataPipeline]:PlayList: [7000999900] 中国风翻唱&#32;&#58;&#32;翩跹佳人情 (534/1844) has 20 songs.
INFO:[DataPipeline]:PlayList: [1736751127] 悠悠曲中情&#32;&#32;浓浓中国风 (535/1844) has 18 songs.
INFO:[DataPipeline]:PlayList: [1439230424] 现代的音乐唱出古典的味道—00年代中国风 (536/1844) has 20 songs.
INFO:[DataPipeline]:PlayList: [39869764] 发现好听：主打歌，中国风 (537/1844) has 9 songs.
INFO:[DataPipeline]:PlayList: [1136459441] 内地独立乐队的中国风情结 (538/1844) has 18 songs.
INFO:[DataPipeline]:PlayList: [4029160939] 『国风电音』&#32;带好耳机感受中国风 (539/1844) has 20 songs.
INFO:[DataPipeline]:Sleep for: 58
INFO:[DataPipeline]:PlayList: [1351130712] 古韵中国风 (540/1844) has 35 songs.
INFO:[DataPipeline]:PlayList: [2034409251] 独立音乐中一缕中国风 (541/1844) has 21 songs.
INFO:[DataPipeline]:PlayList: [3799369922] 清箫吟情&#32;&#124;&#32;中国风乐器纯音选集 (542/1844) has 19 songs.
INFO:[DataPipeline]:PlayList: [29894539] 悠悠中国风 (543/1844) has 11 songs.
INFO:[DataPipeline]:PlayList: [1427893400] 优雅婉约派中国风好歌曲 (544/1844) has 43 songs.
INFO:[DataPipeline]:PlayList: [7325035722] 12月中国风新歌：大雪照映如冰壶 (545/1844) has 34 songs.
INFO:[DataPipeline]:PlayList: [31895287] 古琴韵律中国风 (546/1844) has 10 songs.
INFO:[DataPipeline]:PlayList: [1369686073] 中国风纯音乐（武侠，古风，仙侠） (547/1844) has 295 songs.
INFO:[DataPipeline]:PlayList: [1332396307] 那些回味的中国风 (548/1844) has 9 songs.
INFO:[DataPipeline]:PlayList: [2033980808] 中国风游戏乐曲&#32;在乐章里飘摇沉浮（二） (549/1844) has 25 songs.
INFO:[DataPipeline]:Sleep for: 64
INFO:[DataPipeline]:PlayList: [708983216] 古风中国风 (550/1844) has 127 songs.
INFO:[DataPipeline]:PlayList: [7446138259] 中国风民谣&#32;·&#32;一缕诗情画意 (551/1844) has 26 songs.
INFO:[DataPipeline]:PlayList: [7276511754] 游戏必备&#32;·&#32;心醉中国风纯韵 (552/1844) has 25 songs.
INFO:[DataPipeline]:PlayList: [2431071897] 唯美中国风&#32;好运马上来 (553/1844) has 8 songs.
INFO:[DataPipeline]:PlayList: [1611842610] 新派中国风&#32;唯我所爱 (554/1844) has 10 songs.
INFO:[DataPipeline]:PlayList: [31514073] 最爱中国风 (555/1844) has 20 songs.
INFO:[DataPipeline]:PlayList: [2638630407] 原来他们都爱周杰伦的中国风 (556/1844) has 19 songs.
INFO:[DataPipeline]:PlayList: [7304079432] 中国风纯音&#32;·&#32;宫廷后宫里的爱恨 (557/1844) has 21 songs.
INFO:[DataPipeline]:PlayList: [2649467507] 除夜传统“年”，怎能少了中国风？ (558/1844) has 50 songs.
INFO:[DataPipeline]:PlayList: [1736750688] 东方古韵，一品中国风 (559/1844) has 19 songs.
INFO:[DataPipeline]:Sleep for: 120
INFO:[DataPipeline]:PlayList: [7545079286] 『中国风歌曲』古风歌曲抖音最火 (560/1844) has 635 songs.
INFO:[DataPipeline]:PlayList: [1129352960] 「中国风❤悦享」消得一声莺，东风三月情。 (561/1844) has 18 songs.
INFO:[DataPipeline]:PlayList: [2751399166] 大玩中国风的欧美歌 (562/1844) has 10 songs.
INFO:[DataPipeline]:PlayList: [39509841] 日本大师笔下的中国风 (563/1844) has 11 songs.
INFO:[DataPipeline]:PlayList: [7529927775] 红歌经典中国风&#32;老革命歌曲 (564/1844) has 100 songs.
INFO:[DataPipeline]:PlayList: [786010712] 中国风歌曲大赏 (565/1844) has 43 songs.
INFO:[DataPipeline]:PlayList: [7147709875] 中国风影视同名主题曲 (566/1844) has 18 songs.
INFO:[DataPipeline]:PlayList: [1838352972] 中国风 (567/1844) has 10 songs.
INFO:[DataPipeline]:PlayList: [3185715173] 悠悠古风or现代中国风 (568/1844) has 43 songs.
INFO:[DataPipeline]:PlayList: [2678405599] 战马奔腾，中国风金属 (569/1844) has 18 songs.
INFO:[DataPipeline]:Sleep for: 161
INFO:[DataPipeline]:PlayList: [1736813951] 【中国风】余音绕梁，故人已归 (570/1844) has 23 songs.
INFO:[DataPipeline]:PlayList: [3508456377] 中国风的韵律 (571/1844) has 25 songs.
INFO:[DataPipeline]:PlayList: [7269258391] 热血中国风&#32;·&#32;玉门关盖将军歌 (572/1844) has 25 songs.
INFO:[DataPipeline]:PlayList: [2257292672] 不朽中国风。 (573/1844) has 28 songs.
INFO:[DataPipeline]:PlayList: [1616017884] 那些年，最爱的中国风 (574/1844) has 16 songs.
INFO:[DataPipeline]:PlayList: [38599894] 流行中的中国风 (575/1844) has 10 songs.
INFO:[DataPipeline]:PlayList: [7344860809] 中国风纯音乐/古风游戏背景音乐 (576/1844) has 47 songs.
INFO:[DataPipeline]:PlayList: [31144219] 古琴演绎，中国风 (577/1844) has 10 songs.
INFO:[DataPipeline]:PlayList: [4235935591] 梦指苍穹：燃系中国风金属 (578/1844) has 18 songs.
INFO:[DataPipeline]:PlayList: [2033979707] 中国风游戏乐曲&#32;请仔细聆听（一） (579/1844) has 18 songs.
INFO:[DataPipeline]:Sleep for: 132
INFO:[DataPipeline]:PlayList: [3234479819] 满满中国风的新民乐佳作 (580/1844) has 20 songs.
INFO:[DataPipeline]:PlayList: [7222862040] 综艺&#32;│&#32;带你认识不一样的中国风 (581/1844) has 26 songs.
INFO:[DataPipeline]:PlayList: [816818530] 古韵妖娆中国风，沉浸在这个世界 (582/1844) has 56 songs.
INFO:[DataPipeline]:PlayList: [7276509233] 影视中国风&#32;·&#32;壮阔史诗感纯音乐 (583/1844) has 26 songs.
INFO:[DataPipeline]:PlayList: [7286452698] 中国风古典乐器纯音乐 (584/1844) has 52 songs.
INFO:[DataPipeline]:PlayList: [1290598947] 古风&#32;中国风 (585/1844) has 9 songs.
INFO:[DataPipeline]:PlayList: [7114573823] 中国风&#32;&#124;&#32;&#32;古道青烟，今夕何年？ (586/1844) has 22 songs.
INFO:[DataPipeline]:PlayList: [1925808600] 恋上“嵩式”中国风 (587/1844) has 14 songs.
INFO:[DataPipeline]:PlayList: [7518718393] 抖音中国风 (588/1844) has 38 songs.
INFO:[DataPipeline]:PlayList: [39510829] 温柔中国风 (589/1844) has 12 songs.
INFO:[DataPipeline]:Sleep for: 137
INFO:[DataPipeline]:PlayList: [29832515] 中国风&#32;子望与他 (590/1844) has 12 songs.
INFO:[DataPipeline]:PlayList: [1176720377] 红歌经典中国风&#32;老革命歌曲 (591/1844) has 60 songs.
INFO:[DataPipeline]:PlayList: [7276510317] 中国风纯音&#32;·&#32;古装里的舞动身影 (592/1844) has 20 songs.
INFO:[DataPipeline]:PlayList: [15253062] 最爱中国风&#32;古典音乐正在苏醒 (593/1844) has 8 songs.
INFO:[DataPipeline]:PlayList: [1908515821] 中国风&#45;初年旋律&#32; (594/1844) has 15 songs.
INFO:[DataPipeline]:PlayList: [7268165425] 中国风纯乐｜浪迹天涯，看江山如画 (595/1844) has 31 songs.
INFO:[DataPipeline]:PlayList: [7522041731] 中国风｜古风&#32;流行纯音乐（背景乐） (596/1844) has 241 songs.
INFO:[DataPipeline]:PlayList: [2824030481] 那些年，我爱的中国风 (597/1844) has 15 songs.
INFO:[DataPipeline]:PlayList: [7256656235] 古装电影里的中国风纯音 (598/1844) has 21 songs.
INFO:[DataPipeline]:PlayList: [1987238719] 聆听港式武侠中的经典中国风 (599/1844) has 23 songs.
INFO:[DataPipeline]:Sleep for: 165
INFO:[DataPipeline]:PlayList: [7112408553] 那些藏在小众音乐里的中国风 (600/1844) has 21 songs.
INFO:[DataPipeline]:PlayList: [7126813120] 2019年8月中国风新歌 (601/1844) has 59 songs.
INFO:[DataPipeline]:PlayList: [37751365] 中国风网络游戏背景音乐 (602/1844) has 8 songs.
INFO:[DataPipeline]:PlayList: [39721764] 忧伤中国风：将唯美进行到底 (603/1844) has 12 songs.
INFO:[DataPipeline]:PlayList: [2668916498] 欧美说唱里的中国风，创意十足 (604/1844) has 18 songs.
INFO:[DataPipeline]:PlayList: [7377779088] bgm抖音中国风纯音乐古筝轻音乐钢琴曲睡眠 (605/1844) has 415 songs.
INFO:[DataPipeline]:PlayList: [3235541762] 2010年那些不能错过的中国风 (606/1844) has 18 songs.
INFO:[DataPipeline]:PlayList: [7543161434] 中国风歌曲门店使用 (607/1844) has 33 songs.
INFO:[DataPipeline]:PlayList: [20190860] 云端天籁&#32;&#32;清韵悠扬中国风 (608/1844) has 11 songs.
INFO:[DataPipeline]:PlayList: [7276516858] 中国风纯音&#32;·&#32;古装里的爱情故事 (609/1844) has 25 songs.
INFO:[DataPipeline]:Sleep for: 97
INFO:[DataPipeline]:PlayList: [1277450390] 古风•中国风 (610/1844) has 141 songs.
INFO:[DataPipeline]:PlayList: [1455088713] 李玉刚中国风 (611/1844) has 224 songs.
INFO:[DataPipeline]:PlayList: [7276512254] 思念之殇&#32;·&#32;古装里的中国风纯音 (612/1844) has 24 songs.
INFO:[DataPipeline]:PlayList: [38766345] 中国风中的经典演绎 (613/1844) has 11 songs.
INFO:[DataPipeline]:PlayList: [7440026820] 中国风戏腔类歌曲 (614/1844) has 29 songs.
INFO:[DataPipeline]:PlayList: [7290373808] 恢弘大气的中国风纯音乐 (615/1844) has 20 songs.
INFO:[DataPipeline]:PlayList: [1662263838] 倾尽天下&#32;唯一曲中国风 (616/1844) has 26 songs.
INFO:[DataPipeline]:PlayList: [1166235027] China&#32;中国风的动感电子音乐 (617/1844) has 89 songs.
INFO:[DataPipeline]:PlayList: [1736823995] 【中国风·电子】感受角徵宫商的荡气回肠 (618/1844) has 18 songs.
INFO:[DataPipeline]:PlayList: [7187239172] 9月中国风新歌：何事秋风悲画扇 (619/1844) has 38 songs.
INFO:[DataPipeline]:Sleep for: 144
INFO:[DataPipeline]:PlayList: [1083589277] 红尘随心走，流行中国风 (620/1844) has 31 songs.
INFO:[DataPipeline]:PlayList: [2945118152] 张杰｜中国风 (621/1844) has 30 songs.
INFO:[DataPipeline]:PlayList: [7304079425] 中国风纯音&#32;·&#32;武侠江湖的逍遥 (622/1844) has 21 songs.
INFO:[DataPipeline]:PlayList: [7430253073] 中国风 (623/1844) has 287 songs.
--- Logging error ---
Traceback (most recent call last):
  File "runner_qq.py", line 51, in process_playlist
    songs = api.get_songs_from_playlist(playlist_id)
  File "/private/var/root/.jenkins/workspace/data-zhongguofeng/dao/qq_api.py", line 23, in get_songs_from_playlist
    response = self.fetch(url).get("cdlist", [])[0]
IndexError: list index out of range

During handling of the above exception, another exception occurred:

Traceback (most recent call last):
  File "/Library/Developer/CommandLineTools/Library/Frameworks/Python3.framework/Versions/3.7/lib/python3.7/logging/__init__.py", line 1034, in emit
    msg = self.format(record)
  File "/Library/Developer/CommandLineTools/Library/Frameworks/Python3.framework/Versions/3.7/lib/python3.7/logging/__init__.py", line 880, in format
    return fmt.format(record)
  File "/Library/Developer/CommandLineTools/Library/Frameworks/Python3.framework/Versions/3.7/lib/python3.7/logging/__init__.py", line 619, in format
    record.message = record.getMessage()
  File "/Library/Developer/CommandLineTools/Library/Frameworks/Python3.framework/Versions/3.7/lib/python3.7/logging/__init__.py", line 380, in getMessage
    msg = msg % self.args
TypeError: not all arguments converted during string formatting
Call stack:
  File "runner_qq.py", line 158, in <module>
    main()
  File "runner_qq.py", line 145, in main
    args.proxy, logger, args.dump_raw, args.dump_seg)
  File "runner_qq.py", line 83, in process_playlist
    logger.error("Exception in processing playlist: ", e)
Message: 'Exception in processing playlist: '
Arguments: (IndexError('list index out of range'),)
INFO:[DataPipeline]:PlayList: [2944062520] 梦想的声音｜林俊杰玩转“中国风” (624/1844) has 25 songs.
INFO:[DataPipeline]:PlayList: [998711392] 华语流行中国风 (625/1844) has 20 songs.
INFO:[DataPipeline]:PlayList: [1065299481] 犹记流年，唯美中国风 (626/1844) has 16 songs.
INFO:[DataPipeline]:PlayList: [7249724251] 中国风加RAP (627/1844) has 401 songs.
INFO:[DataPipeline]:PlayList: [7287075766] 11月中国风新歌：猎猎寒威云不卷 (628/1844) has 36 songs.
INFO:[DataPipeline]:PlayList: [19588086] 淡雅中国风&#32;轻柔如风的美 (629/1844) has 7 songs.
INFO:[DataPipeline]:Sleep for: 180
INFO:[DataPipeline]:PlayList: [7184156537] 抖音最火🔥中国风 (630/1844) has 188 songs.
INFO:[DataPipeline]:PlayList: [1736751396] 中式西唱·西洋所理解的中国风 (631/1844) has 25 songs.
INFO:[DataPipeline]:PlayList: [28435213] 收集的中国风歌曲 (632/1844) has 50 songs.
INFO:[DataPipeline]:PlayList: [3512987417] 流行中国风&#32;爱的就是这个调调 (633/1844) has 93 songs.
INFO:[DataPipeline]:PlayList: [7371803092] 中国风纯音乐 (634/1844) has 40 songs.
INFO:[DataPipeline]:PlayList: [21953006] 回环中国风&#32;浅吟低唱 (635/1844) has 7 songs.
INFO:[DataPipeline]:PlayList: [2617581637] 中国风，曲迷人，词走心 (636/1844) has 197 songs.
INFO:[DataPipeline]:PlayList: [2647465426] 尽享中国风电音带来的独特魅力 (637/1844) has 16 songs.
INFO:[DataPipeline]:PlayList: [3270714996] 【中国风】：泠七弦上，听松风寒 (638/1844) has 38 songs.
INFO:[DataPipeline]:PlayList: [1083377395] 最爱中国风 (639/1844) has 14 songs.
INFO:[DataPipeline]:Sleep for: 160
INFO:[DataPipeline]:PlayList: [674849517] 唯美的周式中国风 (640/1844) has 12 songs.
INFO:[DataPipeline]:PlayList: [7249542697] 禅意中国风&#32;·&#32;松下佛前挑夜灯 (641/1844) has 24 songs.
INFO:[DataPipeline]:PlayList: [15410281] 地道中国风&#32;全民贺世博 (642/1844) has 12 songs.
INFO:[DataPipeline]:PlayList: [3562674099] 胡彦斌，听完耳朵会怀孕的中国风 (643/1844) has 27 songs.
INFO:[DataPipeline]:PlayList: [5374437849] 每日新歌：魏晨&#38;王铮亮玩转中国风 (644/1844) has 68 songs.
INFO:[DataPipeline]:PlayList: [7478140222] 『中国风歌曲』古风歌曲抖音最火 (645/1844) has 793 songs.
INFO:[DataPipeline]:PlayList: [661905429] 那些年你不能忘记的中国风 (646/1844) has 10 songs.
INFO:[DataPipeline]:PlayList: [799195655] 经典中国风，在音乐中找回我们的故事 (647/1844) has 30 songs.
INFO:[DataPipeline]:PlayList: [6953813363] 中国风 (648/1844) has 275 songs.
INFO:[DataPipeline]:PlayList: [6781554959] 中国风&#124;&#32;纵观电音方程式的奇妙♥ (649/1844) has 50 songs.
INFO:[DataPipeline]:Sleep for: 92
INFO:[DataPipeline]:PlayList: [3487316697] 当中国风遇上说唱 (650/1844) has 35 songs.
INFO:[DataPipeline]:PlayList: [1889495893] 唯美中国风 (651/1844) has 30 songs.
INFO:[DataPipeline]:PlayList: [3508454626] 最美中国风，古韵悠然 (652/1844) has 62 songs.
INFO:[DataPipeline]:PlayList: [3563738853] 古典纯音乐BGM·中国风古典乐 (653/1844) has 91 songs.
INFO:[DataPipeline]:PlayList: [13314101] 中国风 (654/1844) has 12 songs.
INFO:[DataPipeline]:PlayList: [2880533862] 将唯美中国风进行到底 (655/1844) has 18 songs.
INFO:[DataPipeline]:PlayList: [1711554093] 古魅妖娆中国风，唯美好听 (656/1844) has 60 songs.
INFO:[DataPipeline]:PlayList: [1624483744] 别样中国风，给你别样感觉。 (657/1844) has 52 songs.
INFO:[DataPipeline]:PlayList: [7531380521] 安静，舒适&#32;笛子古筝琵琶古典音乐，中国风 (658/1844) has 73 songs.
INFO:[DataPipeline]:PlayList: [36247342] 流行歌曲也有中国风 (659/1844) has 13 songs.
INFO:[DataPipeline]:Sleep for: 142
INFO:[DataPipeline]:PlayList: [40103614] 最受欢迎的十首中国风 (660/1844) has 10 songs.
INFO:[DataPipeline]:PlayList: [1682261896] 那些满满中国风的英文歌 (661/1844) has 30 songs.
INFO:[DataPipeline]:PlayList: [7418720079] 红歌经典中国风&#32;老革命歌曲 (662/1844) has 55 songs.
INFO:[DataPipeline]:PlayList: [7162484090] 抖音优质中国风 (663/1844) has 103 songs.
INFO:[DataPipeline]:PlayList: [32296025] 日本大师笔下的中国风 (664/1844) has 11 songs.
INFO:[DataPipeline]:PlayList: [7549741874] 纯音乐&#124;优美小提琴演绎的中国风 (665/1844) has 23 songs.
INFO:[DataPipeline]:PlayList: [1558311667] 嘉人中国风：许茹芸的时尚缪斯音乐 (666/1844) has 15 songs.
INFO:[DataPipeline]:PlayList: [6428035387] 情迷中国风· (667/1844) has 785 songs.
INFO:[DataPipeline]:PlayList: [33281976] 另类混搭&#32;欧美中国风 (668/1844) has 8 songs.
INFO:[DataPipeline]:PlayList: [2495607479] 中国风，百听不厌 (669/1844) has 9 songs.
INFO:[DataPipeline]:Sleep for: 165
INFO:[DataPipeline]:PlayList: [1460917740] 洛天依「中国风」音乐合集 (670/1844) has 54 songs.
INFO:[DataPipeline]:PlayList: [4144794488] 嗨皮经典中国风 (671/1844) has 308 songs.
INFO:[DataPipeline]:PlayList: [26560502] 国外也刮中国风 (672/1844) has 8 songs.
INFO:[DataPipeline]:PlayList: [2667997676] 中国风&#38;周杰伦 (673/1844) has 113 songs.
INFO:[DataPipeline]:PlayList: [875493964] 周杰伦&#38;方文山的中国风 (674/1844) has 27 songs.
INFO:[DataPipeline]:PlayList: [36576343] 唯美中国风 (675/1844) has 11 songs.
INFO:[DataPipeline]:PlayList: [7428037323] 中国风 (676/1844) has 75 songs.
INFO:[DataPipeline]:PlayList: [3440534414] 最爱中国风&#32;诗韵抹长空 (677/1844) has 24 songs.
INFO:[DataPipeline]:PlayList: [3460856637] 杰伦之中国风 (678/1844) has 18 songs.
INFO:[DataPipeline]:PlayList: [39657878] 爱流行&#32;更爱中国风 (679/1844) has 7 songs.
INFO:[DataPipeline]:Sleep for: 152
INFO:[DataPipeline]:PlayList: [7208110839] 中国风 (680/1844) has 21 songs.
INFO:[DataPipeline]:PlayList: [39477878] 中国风&#32;将唯美雅韵进行到底 (681/1844) has 8 songs.
INFO:[DataPipeline]:PlayList: [1817439482] 中国风流行歌单 (682/1844) has 351 songs.
INFO:[DataPipeline]:PlayList: [1413335780] 好听的中国风（轻音乐） (683/1844) has 40 songs.
INFO:[DataPipeline]:PlayList: [7350222123] 中国风（琵琶古筝电音） (684/1844) has 63 songs.
INFO:[DataPipeline]:PlayList: [5489122804] 中国风🐸 (685/1844) has 616 songs.
INFO:[DataPipeline]:PlayList: [3187776832] 中国风背景音乐BGM，纯音乐 (686/1844) has 38 songs.
INFO:[DataPipeline]:PlayList: [1302702973] 熟悉的旋律&#126;中国风 (687/1844) has 10 songs.
INFO:[DataPipeline]:PlayList: [2060450301] 中国风古风二次元日语大混合 (688/1844) has 942 songs.
INFO:[DataPipeline]:PlayList: [5130622412] 中国风服装走秀～汉服/旗袍秀&#32;音乐 (689/1844) has 91 songs.
INFO:[DataPipeline]:Sleep for: 107
INFO:[DataPipeline]:PlayList: [2153591114] 典雅中国风 (690/1844) has 10 songs.
INFO:[DataPipeline]:PlayList: [2660288754] 「中国风电音」当热烈电子遇到柔情古风时 (691/1844) has 89 songs.
INFO:[DataPipeline]:PlayList: [846029160] 现代中国风，古典，汉服舞蹈 (692/1844) has 67 songs.
INFO:[DataPipeline]:PlayList: [37263389] 中国风 (693/1844) has 74 songs.
INFO:[DataPipeline]:PlayList: [2295928340] 中国风，神仙梦 (694/1844) has 21 songs.
INFO:[DataPipeline]:PlayList: [3189813183] 从国外音乐中寻觅中国风的痕迹 (695/1844) has 19 songs.
INFO:[DataPipeline]:PlayList: [6965411879] bgm抖音中国风纯音乐古筝轻音乐钢琴曲睡眠 (696/1844) has 303 songs.
INFO:[DataPipeline]:PlayList: [7500057259] 中国风&#32;治愈&#32;游戏上分必备歌曲 (697/1844) has 251 songs.
INFO:[DataPipeline]:PlayList: [7124920982] 红歌经典中国风&#32;老革命歌曲 (698/1844) has 142 songs.
INFO:[DataPipeline]:PlayList: [2684452519] 中国风 (699/1844) has 18 songs.
INFO:[DataPipeline]:Sleep for: 100
INFO:[DataPipeline]:PlayList: [1770399801] Higher&#32;Brothers中国风说唱 (700/1844) has 36 songs.
INFO:[DataPipeline]:PlayList: [7458245896] 民谣中国风 (701/1844) has 233 songs.
INFO:[DataPipeline]:PlayList: [3782796119] 【中国风】书信慢一纸写不尽相思 (702/1844) has 50 songs.
INFO:[DataPipeline]:PlayList: [2919567677] 醉美不过中国风 (703/1844) has 75 songs.
INFO:[DataPipeline]:PlayList: [1418168390] 那些被忽略却非常好听的中国风 (704/1844) has 15 songs.
INFO:[DataPipeline]:PlayList: [7273700957] 中国风轻音乐 (705/1844) has 96 songs.
INFO:[DataPipeline]:PlayList: [1663224856] 中国风丨聆听今昔诗情曲，梦回千古温柔乡！ (706/1844) has 90 songs.
INFO:[DataPipeline]:PlayList: [14368725] 弦音流转　时尚中国风 (707/1844) has 10 songs.
INFO:[DataPipeline]:PlayList: [3330758628] 中国风古风所爱 (708/1844) has 190 songs.
INFO:[DataPipeline]:PlayList: [7304485181] 中国风纯音乐（仙剑，武侠，古风） (709/1844) has 202 songs.
INFO:[DataPipeline]:Sleep for: 122
INFO:[DataPipeline]:PlayList: [4630841047] 中国风 (710/1844) has 238 songs.
INFO:[DataPipeline]:PlayList: [7384994468] 中国风 (711/1844) has 229 songs.
INFO:[DataPipeline]:PlayList: [7304905150] 超级虐心的中国风喊麦合集 (712/1844) has 55 songs.
INFO:[DataPipeline]:PlayList: [34003725] 借着乐感　细品欧美中国风 (713/1844) has 5 songs.
INFO:[DataPipeline]:PlayList: [7562046896] 中国风 (714/1844) has 145 songs.
INFO:[DataPipeline]:PlayList: [4545558433] 中国风歌曲 (715/1844) has 37 songs.
INFO:[DataPipeline]:PlayList: [1551774598] 柔美中国风 (716/1844) has 8 songs.
INFO:[DataPipeline]:PlayList: [14863540] 花嬗、偏爱的中国风。 (717/1844) has 5 songs.
INFO:[DataPipeline]:PlayList: [30842122] 中国风 (718/1844) has 19 songs.
INFO:[DataPipeline]:PlayList: [4260812540] 中国风 (719/1844) has 73 songs.
INFO:[DataPipeline]:Sleep for: 114
INFO:[DataPipeline]:PlayList: [7382392003] 中国风 (720/1844) has 155 songs.
INFO:[DataPipeline]:PlayList: [7137867452] 最美中国风 (721/1844) has 107 songs.
INFO:[DataPipeline]:PlayList: [1150943854] 最美的中国风，周杰伦与许嵩 (722/1844) has 36 songs.
INFO:[DataPipeline]:PlayList: [1175874578] 古风&#32;/中国风/民谣/戏腔 (723/1844) has 951 songs.
INFO:[DataPipeline]:PlayList: [7269267872] VUE&#32;&#124;&#32;中国风&#124;美食背景音乐 (724/1844) has 20 songs.
INFO:[DataPipeline]:PlayList: [7190382758] 中国风轻音乐 (725/1844) has 73 songs.
INFO:[DataPipeline]:PlayList: [7548163185] 国语中国风 (726/1844) has 67 songs.
INFO:[DataPipeline]:PlayList: [7325823822] 中国风 (727/1844) has 31 songs.
INFO:[DataPipeline]:PlayList: [29605610] 古典韵味&#32;欧美R&#38;B中国风 (728/1844) has 5 songs.
INFO:[DataPipeline]:PlayList: [861731718] 【中国风】萌萌哒天团 (729/1844) has 159 songs.
INFO:[DataPipeline]:Sleep for: 63
INFO:[DataPipeline]:PlayList: [3539452073] 中国风 (730/1844) has 59 songs.
INFO:[DataPipeline]:PlayList: [7321565589] 中国风服装走秀～汉服/旗袍秀&#32;音乐 (731/1844) has 76 songs.
INFO:[DataPipeline]:PlayList: [38921926] 你不知道他们也唱过的中国风 (732/1844) has 12 songs.
INFO:[DataPipeline]:PlayList: [6997932023] 『中国风电音抖音』&#96;古风歌曲抖音最火2021 (733/1844) has 251 songs.
INFO:[DataPipeline]:PlayList: [7248481060] 中国风 (734/1844) has 47 songs.
INFO:[DataPipeline]:PlayList: [4084413689] 中国风 (735/1844) has 225 songs.
INFO:[DataPipeline]:PlayList: [39735725] 最爱中国风 (736/1844) has 6 songs.
INFO:[DataPipeline]:PlayList: [7097928553] 9中国风 (737/1844) has 220 songs.
INFO:[DataPipeline]:PlayList: [20544802] 空寂&#32;中国风&#32;纯音乐 (738/1844) has 8 songs.
INFO:[DataPipeline]:PlayList: [895156587] 中国风 (739/1844) has 570 songs.
INFO:[DataPipeline]:Sleep for: 48
INFO:[DataPipeline]:PlayList: [860969313] 中国风 (740/1844) has 190 songs.
INFO:[DataPipeline]:PlayList: [3741027754] 大爱中国风 (741/1844) has 44 songs.
INFO:[DataPipeline]:PlayList: [3218402566] 让你值得循环的中国风歌曲 (742/1844) has 93 songs.
INFO:[DataPipeline]:PlayList: [7377665295] 超喜欢的中国风 (743/1844) has 160 songs.
INFO:[DataPipeline]:PlayList: [1438348349] 中国风“凤凰传奇” (744/1844) has 19 songs.
INFO:[DataPipeline]:PlayList: [6607719044] 中国风 (745/1844) has 231 songs.
INFO:[DataPipeline]:PlayList: [38215332] 中国风撞上R&#38;B (746/1844) has 10 songs.
INFO:[DataPipeline]:PlayList: [7389383349] 醉美中国风 (747/1844) has 395 songs.
INFO:[DataPipeline]:PlayList: [6937129256] 中国风 (748/1844) has 170 songs.
INFO:[DataPipeline]:PlayList: [862069931] 中国风电音—国风燃&#46;醉其身&#46;傍于心 (749/1844) has 81 songs.
INFO:[DataPipeline]:Sleep for: 68
INFO:[DataPipeline]:PlayList: [2595455627] 诗情画意中国风 (750/1844) has 41 songs.
INFO:[DataPipeline]:PlayList: [3590852498] 中国风 (751/1844) has 620 songs.
INFO:[DataPipeline]:PlayList: [7354809273] 「华语」诗意中国风 (752/1844) has 80 songs.
INFO:[DataPipeline]:PlayList: [1450848618] 中国风华语舞曲精选 (753/1844) has 700 songs.
INFO:[DataPipeline]:PlayList: [1734358426] 中国风电音 (754/1844) has 34 songs.
INFO:[DataPipeline]:PlayList: [7119000981] 摇滚,电音,中国风,欧美,说唱 (755/1844) has 670 songs.
INFO:[DataPipeline]:PlayList: [7132465235] 布袋戏＋古风（中国风） (756/1844) has 209 songs.
INFO:[DataPipeline]:PlayList: [3259274293] 中国风嘻哈&#32;&#32;Hip&#32;Hop (757/1844) has 35 songs.
INFO:[DataPipeline]:PlayList: [3235725154] 欧美风与中国风&#32;你更喜欢哪种呢？ (758/1844) has 457 songs.
INFO:[DataPipeline]:PlayList: [26670401] 古韵中国风 (759/1844) has 9 songs.
INFO:[DataPipeline]:Sleep for: 83
INFO:[DataPipeline]:PlayList: [7123747011] 红歌经典中国风&#32;老革命歌曲 (760/1844) has 50 songs.
INFO:[DataPipeline]:PlayList: [25725905] 题三字缘&#32;听中国风 (761/1844) has 8 songs.
INFO:[DataPipeline]:PlayList: [3238934233] 中国风电音&#124;中国风的电音，既舒适又悦耳。 (762/1844) has 35 songs.
INFO:[DataPipeline]:PlayList: [2970696403] 游山戏水品古曲，闲来哼唱中国风 (763/1844) has 26 songs.
INFO:[DataPipeline]:PlayList: [1756409102] 禅意中国风 (764/1844) has 26 songs.
INFO:[DataPipeline]:PlayList: [1730298148] 中国风电音丨大气的宫调式电子 (765/1844) has 24 songs.
INFO:[DataPipeline]:PlayList: [7050857059] 中国风 (766/1844) has 418 songs.
INFO:[DataPipeline]:PlayList: [3633527513] 中国风 (767/1844) has 42 songs.
INFO:[DataPipeline]:PlayList: [3591569306] 「不断更新」CCTV《国家宝藏》里的中国风 (768/1844) has 128 songs.
INFO:[DataPipeline]:PlayList: [3353958091] 经典怀念中国风 (769/1844) has 6 songs.
INFO:[DataPipeline]:Sleep for: 106
INFO:[DataPipeline]:PlayList: [2938190397] 中国风 (770/1844) has 98 songs.
INFO:[DataPipeline]:PlayList: [2332786242] 周杰伦&#32;中国风“大魔王” (771/1844) has 101 songs.
INFO:[DataPipeline]:PlayList: [3188066161] 冬天听听唯美中国风 (772/1844) has 26 songs.
INFO:[DataPipeline]:PlayList: [7316029644] 英文歌、中国风流行歌曲 (773/1844) has 812 songs.
INFO:[DataPipeline]:PlayList: [819526916] 【中国风】如国画一般的流行歌曲 (774/1844) has 39 songs.
INFO:[DataPipeline]:PlayList: [2447712300] 唯美歌词的中国风 (775/1844) has 33 songs.
INFO:[DataPipeline]:PlayList: [16540626] 彼岸&#32;、花开（中国风） (776/1844) has 4 songs.
INFO:[DataPipeline]:PlayList: [1089720048] 丫丫丫 (777/1844) has 826 songs.
INFO:[DataPipeline]:PlayList: [2656751468] 中国风：中国好声音 (778/1844) has 344 songs.
INFO:[DataPipeline]:PlayList: [36068783] 琵琶阵阵&#32;琴声悠悠&#32;唯爱中国风 (779/1844) has 7 songs.
INFO:[DataPipeline]:Sleep for: 62
INFO:[DataPipeline]:PlayList: [7207355671] 中国风 (780/1844) has 958 songs.
INFO:[DataPipeline]:PlayList: [2240445223] 中国风不止有周董！ (781/1844) has 22 songs.
INFO:[DataPipeline]:PlayList: [3745579275] 中国风·歌声飘过40年·民歌经典 (782/1844) has 49 songs.
INFO:[DataPipeline]:PlayList: [3158102843] 中国风 (783/1844) has 995 songs.
INFO:[DataPipeline]:PlayList: [1302908375] 中国风&#32;我爱你永恒 (784/1844) has 23 songs.
INFO:[DataPipeline]:PlayList: [7249415393] 经典&#43;中国风 (785/1844) has 162 songs.
INFO:[DataPipeline]:PlayList: [1401229920] 中国风音乐 (786/1844) has 31 songs.
INFO:[DataPipeline]:PlayList: [3574268998] 恋恋中国风，曲风悠远，故人离悲，已去。 (787/1844) has 23 songs.
INFO:[DataPipeline]:PlayList: [5403164850] 古风&#32;中国风&#32;玄幻 (788/1844) has 220 songs.
INFO:[DataPipeline]:PlayList: [1456253162] 徐梦圆——China中国风电音系列 (789/1844) has 16 songs.
INFO:[DataPipeline]:Sleep for: 30
INFO:[DataPipeline]:PlayList: [1082329683] 唯美中国风，听醉了&#126; (790/1844) has 26 songs.
INFO:[DataPipeline]:PlayList: [15419519] 屏神定氣&#32;聆聽中国风&#32; (791/1844) has 9 songs.
INFO:[DataPipeline]:PlayList: [15734238] 中国风，秦（国）殇 (792/1844) has 14 songs.
INFO:[DataPipeline]:PlayList: [2792678241] jay的中国风歌曲 (793/1844) has 10 songs.
INFO:[DataPipeline]:PlayList: [7163651547] 说唱&#43;中国风 (794/1844) has 402 songs.
INFO:[DataPipeline]:PlayList: [39988764] 嘉人中国风：许茹芸的时尚缪斯音乐 (795/1844) has 15 songs.
INFO:[DataPipeline]:PlayList: [2975125898] 【周杰伦的中国风】古筝撩拨，琵琶淙淙 (796/1844) has 20 songs.
INFO:[DataPipeline]:PlayList: [3576118653] 「国风」一定要听的一百首中国风 (797/1844) has 102 songs.
INFO:[DataPipeline]:PlayList: [3570889446] 那些评论999&#43;的古风（中国风）歌曲 (798/1844) has 63 songs.
INFO:[DataPipeline]:PlayList: [3189965891] 美美中国风――刘珂矣 (799/1844) has 27 songs.
INFO:[DataPipeline]:Sleep for: 166
INFO:[DataPipeline]:PlayList: [4222992969] 常听中国风 (800/1844) has 170 songs.
INFO:[DataPipeline]:PlayList: [2960349238] 中国风轻电音 (801/1844) has 67 songs.
INFO:[DataPipeline]:PlayList: [41039660] 中国风&#32;&#32;&#32;戏剧也疯狂 (802/1844) has 7 songs.
INFO:[DataPipeline]:PlayList: [2671684295] 中国风民谣 (803/1844) has 773 songs.
INFO:[DataPipeline]:PlayList: [3495532482] ◤中国风◢ (804/1844) has 52 songs.
INFO:[DataPipeline]:PlayList: [1149637053] 中国风男孩boy (805/1844) has 713 songs.
INFO:[DataPipeline]:PlayList: [3761846727] 电子&#32;&#32;中国风 (806/1844) has 40 songs.
INFO:[DataPipeline]:PlayList: [2933738350] 【中國風】聽一曲古琴嘆 (807/1844) has 127 songs.
INFO:[DataPipeline]:PlayList: [1749305929] 周杰伦&#32;魔杰座&#32;中国风&#32;轻音乐 (808/1844) has 79 songs.
INFO:[DataPipeline]:PlayList: [3261099905] 周杰伦的中国风，说的是谁的故事，谁的人生 (809/1844) has 15 songs.
INFO:[DataPipeline]:Sleep for: 99
INFO:[DataPipeline]:PlayList: [6463891121] 中国风 (810/1844) has 160 songs.
INFO:[DataPipeline]:PlayList: [1484053311] 中国风か (811/1844) has 362 songs.
INFO:[DataPipeline]:PlayList: [3220796828] 中国风 (812/1844) has 817 songs.
INFO:[DataPipeline]:PlayList: [31894287] 西洋下的中国风音乐 (813/1844) has 11 songs.
INFO:[DataPipeline]:PlayList: [3666781781] 欧美范&#124;中国风&#32;现代电子与古风电子的碰撞 (814/1844) has 245 songs.
INFO:[DataPipeline]:PlayList: [1483937289] 中国风 (815/1844) has 549 songs.
INFO:[DataPipeline]:PlayList: [2031148601] CHINA系列（中国风电音） (816/1844) has 26 songs.
INFO:[DataPipeline]:PlayList: [3572257602] 【古风&#45;戏腔】&#32;绝艳中国风：吟一曲缱绻诗调 (817/1844) has 40 songs.
INFO:[DataPipeline]:PlayList: [845377999] 中国风 (818/1844) has 465 songs.
INFO:[DataPipeline]:PlayList: [2361152244] 国产丨中国风 (819/1844) has 56 songs.
INFO:[DataPipeline]:Sleep for: 165
INFO:[DataPipeline]:PlayList: [7094401163] 中国风 (820/1844) has 277 songs.
INFO:[DataPipeline]:PlayList: [2897697008] 三字经之中国风 (821/1844) has 36 songs.
INFO:[DataPipeline]:PlayList: [1424717047] 中国风and古风 (822/1844) has 117 songs.
INFO:[DataPipeline]:PlayList: [2649008155] 迷上电音（中国风） (823/1844) has 40 songs.
INFO:[DataPipeline]:PlayList: [1457713497] 周杰伦中国风&#32;&#32;好听最吊 (824/1844) has 15 songs.
INFO:[DataPipeline]:PlayList: [1118901349] 恋恋中国风 (825/1844) has 238 songs.
INFO:[DataPipeline]:PlayList: [876349195] 中国风另类宣泄喊麦 (826/1844) has 89 songs.
INFO:[DataPipeline]:PlayList: [1142878175] 唯美中国风，情歌才子，嘻哈天王——周杰伦 (827/1844) has 128 songs.
INFO:[DataPipeline]:PlayList: [1763257090] 中国风&#32;『纯音乐』 (828/1844) has 19 songs.
INFO:[DataPipeline]:PlayList: [2617364706] 中国风 (829/1844) has 54 songs.
INFO:[DataPipeline]:Sleep for: 145
INFO:[DataPipeline]:PlayList: [856469479] 中国风&#32;&#58;笛，二胡，陶笛等 (830/1844) has 18 songs.
INFO:[DataPipeline]:PlayList: [1733668298] 中国风，古典 (831/1844) has 90 songs.
INFO:[DataPipeline]:PlayList: [19027492] 水袖的音色&#32;离人的清歌&#32;情殇中国风 (832/1844) has 8 songs.
INFO:[DataPipeline]:PlayList: [2946529571] JAY式中国风 (833/1844) has 21 songs.
INFO:[DataPipeline]:PlayList: [1920363322] 中国风 (834/1844) has 292 songs.
INFO:[DataPipeline]:PlayList: [6809808093] 那些红极一时的中国风系列γ (835/1844) has 65 songs.
INFO:[DataPipeline]:PlayList: [1081479293] 许嵩式中国风 (836/1844) has 37 songs.
INFO:[DataPipeline]:PlayList: [4205379540] 悠悠中国风 (837/1844) has 46 songs.
INFO:[DataPipeline]:PlayList: [2816668528] 中国风の爱 (838/1844) has 235 songs.
INFO:[DataPipeline]:PlayList: [865618188] 纯音乐、电音、中国风。&#10;&#10;&#10;&#10; (839/1844) has 110 songs.
INFO:[DataPipeline]:Sleep for: 101
INFO:[DataPipeline]:PlayList: [1701254646] 醉美中国风、残叙淡雅情 (840/1844) has 109 songs.
INFO:[DataPipeline]:PlayList: [2659466546] °古风控→歌曲百首大合集･最美不过中国风 (841/1844) has 258 songs.
INFO:[DataPipeline]:PlayList: [1758111994] 浓浓中国风 (842/1844) has 131 songs.
INFO:[DataPipeline]:PlayList: [1135038853] 中国风电音，欧美电音，钢琴曲等等。～ (843/1844) has 121 songs.
INFO:[DataPipeline]:PlayList: [1436208579] 【中国风】温柔且强大 (844/1844) has 305 songs.
INFO:[DataPipeline]:PlayList: [5512570299] 中国风 (845/1844) has 100 songs.
INFO:[DataPipeline]:PlayList: [876779437] 英文流行与中国风的交融 (846/1844) has 36 songs.
INFO:[DataPipeline]:PlayList: [6553044530] 听一曲中国风，忆一段前朝梦 (847/1844) has 20 songs.
INFO:[DataPipeline]:PlayList: [4184862568] 古风中国风 (848/1844) has 206 songs.
INFO:[DataPipeline]:PlayList: [2799892235] 聆听一曲中国风 (849/1844) has 25 songs.
INFO:[DataPipeline]:Sleep for: 177
INFO:[DataPipeline]:PlayList: [2947129747] （๑•̀ㅂ•́）و✧周氏情歌&#38;周氏中国风 (850/1844) has 101 songs.
INFO:[DataPipeline]:PlayList: [6943857326] 中国风 (851/1844) has 54 songs.
INFO:[DataPipeline]:PlayList: [1685834527] あ周杰伦♛中国风ヾJay&#32;chou (852/1844) has 147 songs.
INFO:[DataPipeline]:PlayList: [3218877855] 听音乐鬼才诠释他的许式中国风 (853/1844) has 17 songs.
INFO:[DataPipeline]:PlayList: [2357683809] 古风，中国风 (854/1844) has 40 songs.
INFO:[DataPipeline]:PlayList: [1751249950] 【国风】清风古韵中国风 (855/1844) has 70 songs.
INFO:[DataPipeline]:PlayList: [3557555503] 恋恋中国风 (856/1844) has 36 songs.
INFO:[DataPipeline]:PlayList: [3272938305] 属于周杰伦的中国风 (857/1844) has 19 songs.
INFO:[DataPipeline]:PlayList: [2664261380] 中国风电音&#32;&#32;徐梦圆China系列电音 (858/1844) has 21 songs.
INFO:[DataPipeline]:PlayList: [2955508039] 中国风电子｜祖国仿佛近在眼前 (859/1844) has 26 songs.
INFO:[DataPipeline]:Sleep for: 69
INFO:[DataPipeline]:PlayList: [3272019917] 中国风电音&#32; (860/1844) has 20 songs.
INFO:[DataPipeline]:PlayList: [2635430755] 古风，中国风 (861/1844) has 250 songs.
INFO:[DataPipeline]:PlayList: [802526473] 古风/中国风 (862/1844) has 92 songs.
INFO:[DataPipeline]:PlayList: [6749459652] 「中国风电音」&#32;&#32;给你一种不一样的感觉 (863/1844) has 25 songs.
INFO:[DataPipeline]:PlayList: [3259605214] 中国风：中国电音崛起。 (864/1844) has 29 songs.
INFO:[DataPipeline]:PlayList: [2371189754] 中国风电音 (865/1844) has 25 songs.
INFO:[DataPipeline]:PlayList: [2670382092] 神韵古风&#32;&#32;&#32;&#32;中国风 (866/1844) has 557 songs.
INFO:[DataPipeline]:PlayList: [5656069733] &#35;中国风 (867/1844) has 105 songs.
INFO:[DataPipeline]:PlayList: [2067909038] 中国风歌曲，感染你的心。 (868/1844) has 49 songs.
INFO:[DataPipeline]:PlayList: [1735747438] 古风&#38;中国风｜清欢而已 (869/1844) has 207 songs.
INFO:[DataPipeline]:Sleep for: 103
INFO:[DataPipeline]:PlayList: [2334228075] 欧洲流行与中国风 (870/1844) has 40 songs.
INFO:[DataPipeline]:PlayList: [1059368761] 醉美不过中国风。 (871/1844) has 225 songs.
INFO:[DataPipeline]:PlayList: [19439725] 中国风　将唯美进行到底 (872/1844) has 7 songs.
INFO:[DataPipeline]:PlayList: [14206248] 流行&#32;&#32;&#32;&#32;&#32;中国风 (873/1844) has 7 songs.
INFO:[DataPipeline]:PlayList: [1117846680] 流行古风，中国风音乐。 (874/1844) has 41 songs.
INFO:[DataPipeline]:PlayList: [4218652557] 中国风 (875/1844) has 290 songs.
INFO:[DataPipeline]:PlayList: [1918864808] 中国风 (876/1844) has 978 songs.
INFO:[DataPipeline]:PlayList: [4639312653] 中国风，古风。 (877/1844) has 101 songs.
INFO:[DataPipeline]:PlayList: [1773409132] Jay&#32;Chou&#43;中国风 (878/1844) has 15 songs.
INFO:[DataPipeline]:PlayList: [3439108421] 细细品味，中国风的独特韵味 (879/1844) has 15 songs.
INFO:[DataPipeline]:Sleep for: 30
INFO:[DataPipeline]:PlayList: [3575589490] 中国风//只愿君心似我心，定不负相思意 (880/1844) has 17 songs.
INFO:[DataPipeline]:PlayList: [1446889889] 周董的中国风 (881/1844) has 25 songs.
INFO:[DataPipeline]:PlayList: [5450854390] 中国风 (882/1844) has 37 songs.
INFO:[DataPipeline]:PlayList: [2205357948] 浓浓中国风 (883/1844) has 21 songs.
INFO:[DataPipeline]:PlayList: [2329225302] 中国风 (884/1844) has 347 songs.
INFO:[DataPipeline]:PlayList: [2752008473] 淳朴中国风歌曲 (885/1844) has 6 songs.
INFO:[DataPipeline]:PlayList: [3191729298] 那些耳熟能详的中国风歌曲 (886/1844) has 23 songs.
INFO:[DataPipeline]:PlayList: [1773961149] 『当电音遇上中国风』 (887/1844) has 41 songs.
INFO:[DataPipeline]:PlayList: [4119385666] 中国风 (888/1844) has 102 songs.
INFO:[DataPipeline]:PlayList: [1083999855] 最美中国风 (889/1844) has 57 songs.
INFO:[DataPipeline]:Sleep for: 73
INFO:[DataPipeline]:PlayList: [1944549585] 古风中国风 (890/1844) has 199 songs.
INFO:[DataPipeline]:PlayList: [834740737] 最炫中国风 (891/1844) has 169 songs.
INFO:[DataPipeline]:PlayList: [1399632853] 中国风/古风集 (892/1844) has 964 songs.
INFO:[DataPipeline]:PlayList: [1364739799] 敲动心弦的中国风 (893/1844) has 32 songs.
INFO:[DataPipeline]:PlayList: [6817459643] 中国风，复古词歌曲 (894/1844) has 203 songs.
INFO:[DataPipeline]:PlayList: [1447639910] 许嵩&#124;中国风精选&#32;点击量最高 (895/1844) has 23 songs.
INFO:[DataPipeline]:PlayList: [3576199125] 周董的中国风歌曲 (896/1844) has 16 songs.
INFO:[DataPipeline]:PlayList: [2073540751] 中国风 (897/1844) has 289 songs.
INFO:[DataPipeline]:PlayList: [854489218] 最美中国风 (898/1844) has 97 songs.
INFO:[DataPipeline]:PlayList: [3575778800] [中国风]国风迷，我打赌你难学会？ (899/1844) has 20 songs.
INFO:[DataPipeline]:Sleep for: 99
INFO:[DataPipeline]:PlayList: [1167839367] 古风歌曲，中国风 (900/1844) has 58 songs.
INFO:[DataPipeline]:PlayList: [1467458786] 中国风电音 (901/1844) has 59 songs.
INFO:[DataPipeline]:PlayList: [2946519630] 徐梦圆中国风Remix&#32;中国国人电音 (902/1844) has 102 songs.
INFO:[DataPipeline]:PlayList: [1415298551] 中国风：茕茕孓立，遥望一方。 (903/1844) has 177 songs.
INFO:[DataPipeline]:PlayList: [2325286193] ［中国风］桃花醉，离人愁 (904/1844) has 300 songs.
INFO:[DataPipeline]:PlayList: [3505636857] 古风&#32;&#32;中国风 (905/1844) has 145 songs.
INFO:[DataPipeline]:PlayList: [3246474686] 中国风民谣（还有一些中国民谣及英语民谣） (906/1844) has 43 songs.
INFO:[DataPipeline]:PlayList: [2671409751] 漫画 (907/1844) has 10 songs.
INFO:[DataPipeline]:PlayList: [2356819880] 15首最美中国风 (908/1844) has 17 songs.
INFO:[DataPipeline]:PlayList: [1174619493] 【中国风】伤感。和谐。安静 (909/1844) has 34 songs.
INFO:[DataPipeline]:Sleep for: 99
INFO:[DataPipeline]:PlayList: [2657805159] 中国风歌曲集 (910/1844) has 45 songs.
INFO:[DataPipeline]:PlayList: [992036200] 中国风丨古韵范 (911/1844) has 52 songs.
INFO:[DataPipeline]:PlayList: [2352914864] 中国风 (912/1844) has 387 songs.
INFO:[DataPipeline]:PlayList: [800353224] 中国风扛把子 (913/1844) has 597 songs.
INFO:[DataPipeline]:PlayList: [2638978650] b站国人唱见中国风歌曲 (914/1844) has 29 songs.
INFO:[DataPipeline]:PlayList: [857188551] 中国风丨人生难寻百味，今朝有酒且尝。 (915/1844) has 50 songs.
INFO:[DataPipeline]:PlayList: [2354769423] 中国风纯音乐 (916/1844) has 20 songs.
INFO:[DataPipeline]:PlayList: [795739652] 几百首古风中国风歌曲 (917/1844) has 243 songs.
INFO:[DataPipeline]:PlayList: [1452166209] 专业的中国风 (918/1844) has 67 songs.
INFO:[DataPipeline]:PlayList: [3251629660] 用心聆听，韵味中国风电音 (919/1844) has 22 songs.
INFO:[DataPipeline]:Sleep for: 35
INFO:[DataPipeline]:PlayList: [2362639392] 中国风电音&#38;中国的Alan&#32;Walker (920/1844) has 28 songs.
INFO:[DataPipeline]:PlayList: [2673948383] 中国风&#43;古风歌 (921/1844) has 50 songs.
INFO:[DataPipeline]:PlayList: [2176694994] 经典的中国风歌曲 (922/1844) has 253 songs.
INFO:[DataPipeline]:PlayList: [3740600178] 中国风 (923/1844) has 180 songs.
INFO:[DataPipeline]:PlayList: [3252459794] 农药超级棒中国风BGM (924/1844) has 58 songs.
INFO:[DataPipeline]:PlayList: [3260846598] 中国风合集 (925/1844) has 237 songs.
INFO:[DataPipeline]:PlayList: [1491578975] 古风&#32;中国风&#32;国风&#32;国漫&#32;（一） (926/1844) has 1000 songs.
INFO:[DataPipeline]:PlayList: [2977982442] 中国风｜一曲中国风，听醉多少人 (927/1844) has 247 songs.
INFO:[DataPipeline]:PlayList: [2971838936] 中国风女声 (928/1844) has 37 songs.
INFO:[DataPipeline]:PlayList: [842988388] 悠悠一曲中国风，一曲离殇漫篱墙 (929/1844) has 47 songs.
INFO:[DataPipeline]:Sleep for: 56
INFO:[DataPipeline]:PlayList: [2341648312] 淡雅中国风 (930/1844) has 24 songs.
INFO:[DataPipeline]:PlayList: [2048209879] 元宵节中国风 (931/1844) has 34 songs.
INFO:[DataPipeline]:PlayList: [1673363378] 我的中国风 (932/1844) has 49 songs.
INFO:[DataPipeline]:PlayList: [3719903503] 中国风 (933/1844) has 42 songs.
INFO:[DataPipeline]:PlayList: [3266338566] 【中国风】纯电音 (934/1844) has 24 songs.
INFO:[DataPipeline]:PlayList: [1450837833] 一阵浓浓中国风袭来丨梦圆China系 (935/1844) has 25 songs.
INFO:[DataPipeline]:PlayList: [2969009053] 听腻了劲爆的电音？来试试中国风的吧 (936/1844) has 15 songs.
INFO:[DataPipeline]:PlayList: [871066403] 中国风佳作 (937/1844) has 101 songs.
INFO:[DataPipeline]:PlayList: [3813601079] 中国风 (938/1844) has 74 songs.
INFO:[DataPipeline]:PlayList: [2887878640] 无与伦比中国风 (939/1844) has 20 songs.
INFO:[DataPipeline]:Sleep for: 84
INFO:[DataPipeline]:PlayList: [2675838728] 享受韵律美：中国风 (940/1844) has 24 songs.
INFO:[DataPipeline]:PlayList: [2657817171] 中国风电音，不一样的电音，睡前必须听！ (941/1844) has 105 songs.
INFO:[DataPipeline]:PlayList: [1164679054] 中国风，古风 (942/1844) has 85 songs.
INFO:[DataPipeline]:PlayList: [1155148932] 中国风电音 (943/1844) has 81 songs.
INFO:[DataPipeline]:PlayList: [3226961707] 中国风～ (944/1844) has 307 songs.
INFO:[DataPipeline]:PlayList: [1182982406] 中国风&#43;戏歌 (945/1844) has 466 songs.
INFO:[DataPipeline]:PlayList: [3269954768] hiphop中国风 (946/1844) has 58 songs.
INFO:[DataPipeline]:PlayList: [2908684659] 古风之韵，唯美中国风！ (947/1844) has 144 songs.
INFO:[DataPipeline]:PlayList: [1463439177] 国风柔美，体验中国风之美 (948/1844) has 35 songs.
INFO:[DataPipeline]:PlayList: [2530429807] 循环往复的中国风 (949/1844) has 159 songs.
INFO:[DataPipeline]:Sleep for: 158
INFO:[DataPipeline]:PlayList: [1170708518] 中国风，中国晕 (950/1844) has 15 songs.
INFO:[DataPipeline]:PlayList: [3551799655] 【中国风&#32;】&#32;国语流行 (951/1844) has 20 songs.
INFO:[DataPipeline]:PlayList: [2881154457] 当中国风在日本刮起 (952/1844) has 13 songs.
INFO:[DataPipeline]:PlayList: [1892200629] 中国风音乐 (953/1844) has 24 songs.
INFO:[DataPipeline]:PlayList: [1173846600] 天籁华语&#32;&#32;中国风&#32;&#32;&#32;一人一曲一离骚 (954/1844) has 45 songs.
INFO:[DataPipeline]:PlayList: [3568218234] &#95;古风&#95;英语&#95;治愈&#95;流行&#95;中国风&#95; (955/1844) has 132 songs.
INFO:[DataPipeline]:PlayList: [2024598913] 恒古【唯美中国风】 (956/1844) has 263 songs.
INFO:[DataPipeline]:PlayList: [792018869] 中国风丶山有木兮木有枝，心悦君兮君不知 (957/1844) has 142 songs.
INFO:[DataPipeline]:PlayList: [871148097] 中国风/电音&#32;made&#32;in&#32;china (958/1844) has 30 songs.
INFO:[DataPipeline]:PlayList: [737628632] 混搭中国风。聆听美（第二季） (959/1844) has 47 songs.
INFO:[DataPipeline]:Sleep for: 134
INFO:[DataPipeline]:PlayList: [2081031730] 民谣、中国风 (960/1844) has 72 songs.
INFO:[DataPipeline]:PlayList: [2367388122] 古风，一种比中国风更有底蕴的存在 (961/1844) has 18 songs.
INFO:[DataPipeline]:PlayList: [783904647] 我的中国风 (962/1844) has 608 songs.
INFO:[DataPipeline]:PlayList: [2035455214] 中国风 (963/1844) has 99 songs.
INFO:[DataPipeline]:PlayList: [2958778735] 中国风&#32;&#32;电音 (964/1844) has 78 songs.
INFO:[DataPipeline]:PlayList: [3154118621] 中国风流行乐 (965/1844) has 41 songs.
INFO:[DataPipeline]:PlayList: [1137609698] CHINA&#32;&#32;中国风 (966/1844) has 14 songs.
INFO:[DataPipeline]:PlayList: [2349469498] 中国风纯音乐 (967/1844) has 25 songs.
INFO:[DataPipeline]:PlayList: [2958197780] 带你体验不一样的中国风 (968/1844) has 16 songs.
INFO:[DataPipeline]:PlayList: [2049769401] 粵語――民謠和中國風里的細膩 (969/1844) has 25 songs.
INFO:[DataPipeline]:Sleep for: 55
INFO:[DataPipeline]:PlayList: [2370253117] 望天涯&#32;想君思故里（古风，中国风佳曲） (970/1844) has 150 songs.
INFO:[DataPipeline]:PlayList: [1387607596] 脩行&#45;中国風&#10; (971/1844) has 20 songs.
INFO:[DataPipeline]:PlayList: [777968501] 心醉中国风 (972/1844) has 56 songs.
INFO:[DataPipeline]:PlayList: [2030819540] 中国风：是月流光，一世痴狂 (973/1844) has 66 songs.
INFO:[DataPipeline]:PlayList: [2966178202] 中国风Fly&#33; (974/1844) has 17 songs.
INFO:[DataPipeline]:PlayList: [1063764802] 满腔中国风 (975/1844) has 26 songs.
INFO:[DataPipeline]:PlayList: [2667278511] 经典中国风&#46;唱到你心中 (976/1844) has 29 songs.
INFO:[DataPipeline]:PlayList: [3425204518] 中国风悠然，曲中话忧伤 (977/1844) has 23 songs.
INFO:[DataPipeline]:PlayList: [2962368045] 电子音乐中国风 (978/1844) has 78 songs.
INFO:[DataPipeline]:PlayList: [2914009369] 中国风，现代和R＆B (979/1844) has 34 songs.
INFO:[DataPipeline]:Sleep for: 119
INFO:[DataPipeline]:PlayList: [3845659228] 太鼓达人·中国风·采风乐坊·季曲（2018&#45;04&#45;23&#32;19&#58;46&#58;38） (980/1844) has 6 songs.
INFO:[DataPipeline]:PlayList: [4121378850] 中国风 (981/1844) has 237 songs.
INFO:[DataPipeline]:PlayList: [2058927711] 【中国风＋纯音乐】&#126;china (982/1844) has 197 songs.
INFO:[DataPipeline]:PlayList: [3251929396] 许嵩vae中国风 (983/1844) has 21 songs.
INFO:[DataPipeline]:PlayList: [1005854265] ‖徐梦圆‖&#32;中国风电音&#43;3D系列&#32;耳朵怀孕啦 (984/1844) has 27 songs.
INFO:[DataPipeline]:PlayList: [2030819545] 中国风：一唱山河，江湖天下 (985/1844) has 70 songs.
INFO:[DataPipeline]:PlayList: [1773685469] 后弦&#46;中国风＋流行&#43;rap (986/1844) has 31 songs.
INFO:[DataPipeline]:PlayList: [3170209295] Listen&#32;to&#32;欧美中国风 (987/1844) has 15 songs.
INFO:[DataPipeline]:PlayList: [1452057815] 中国风纯音乐 (988/1844) has 16 songs.
INFO:[DataPipeline]:PlayList: [838663684] 中国风 (989/1844) has 93 songs.
INFO:[DataPipeline]:Sleep for: 76
INFO:[DataPipeline]:PlayList: [1437368474] 中国风电子音乐 (990/1844) has 21 songs.
INFO:[DataPipeline]:PlayList: [2347398147] 外国人的经典加上中国风的Remix (991/1844) has 31 songs.
INFO:[DataPipeline]:PlayList: [2021819600] 醉美不过中国风～ (992/1844) has 121 songs.
INFO:[DataPipeline]:PlayList: [2048169303] 精选好听的古风和中国风歌曲！ (993/1844) has 38 songs.
INFO:[DataPipeline]:PlayList: [3540195520] 新世纪中国风电音 (994/1844) has 23 songs.
INFO:[DataPipeline]:PlayList: [869388042] 中国风【电音】伴我入睡 (995/1844) has 46 songs.
INFO:[DataPipeline]:PlayList: [1764756933] 中国风小曲 (996/1844) has 62 songs.
INFO:[DataPipeline]:PlayList: [1154358840] 静静地听中国风 (997/1844) has 16 songs.
INFO:[DataPipeline]:PlayList: [1170567246] 中国风：电音 (998/1844) has 31 songs.
INFO:[DataPipeline]:PlayList: [2048977485] 周杰伦的中国风 (999/1844) has 22 songs.
INFO:[DataPipeline]:Sleep for: 161
INFO:[DataPipeline]:PlayList: [2228919018] 情醉中国风 (1000/1844) has 324 songs.
INFO:[DataPipeline]:PlayList: [3478879572] 古风&#32;中国风 (1001/1844) has 68 songs.
INFO:[DataPipeline]:PlayList: [38767345] 酷炫中国风 (1002/1844) has 10 songs.
INFO:[DataPipeline]:PlayList: [866218197] 中国风&#95;潇洒霸气的江湖英雄 (1003/1844) has 15 songs.
INFO:[DataPipeline]:PlayList: [772009574] 悠悠中国风，淡淡典雅情 (1004/1844) has 21 songs.
INFO:[DataPipeline]:PlayList: [1175405789] 中国风歌曲 (1005/1844) has 45 songs.
INFO:[DataPipeline]:PlayList: [1749918353] 【许嵩】耳边吹来一阵中国风 (1006/1844) has 38 songs.
INFO:[DataPipeline]:PlayList: [2655279105] 中国风电音 (1007/1844) has 7 songs.
INFO:[DataPipeline]:PlayList: [3261338386] 周杰伦以外的中国风 (1008/1844) has 15 songs.
INFO:[DataPipeline]:PlayList: [1447129755] China&#32;&#32;风&#32;&#32;（中国风） (1009/1844) has 102 songs.
INFO:[DataPipeline]:Sleep for: 39
INFO:[DataPipeline]:PlayList: [1335879380] 周氏中国风 (1010/1844) has 27 songs.
INFO:[DataPipeline]:PlayList: [5347331657] 中国风歌单。 (1011/1844) has 203 songs.
INFO:[DataPipeline]:PlayList: [1160338281] 优雅中国风 (1012/1844) has 22 songs.
INFO:[DataPipeline]:PlayList: [2071667068] 听出新的中国风 (1013/1844) has 28 songs.
INFO:[DataPipeline]:PlayList: [2352388652] 醉人中国风&#32;每首歌都很有画面感 (1014/1844) has 15 songs.
INFO:[DataPipeline]:PlayList: [809398719] ≮中国风≯&#32;&#32;♪ (1015/1844) has 54 songs.
INFO:[DataPipeline]:PlayList: [1410097794] 触动心灵和泪腺的单曲循环中国风～ (1016/1844) has 19 songs.
INFO:[DataPipeline]:PlayList: [2643228149] 古风&#32;」中国风&#32;&#124; (1017/1844) has 22 songs.
INFO:[DataPipeline]:PlayList: [1457107806] 『中国风』春梦秋云，聚散真容易。 (1018/1844) has 29 songs.
INFO:[DataPipeline]:PlayList: [2317337246] 混搭中国风 (1019/1844) has 85 songs.
INFO:[DataPipeline]:Sleep for: 105
INFO:[DataPipeline]:PlayList: [3269477049] 中国风电音 (1020/1844) has 75 songs.
INFO:[DataPipeline]:PlayList: [2565209025] 恋恋中国风&#32;&#32;&#32;潺潺中国曲 (1021/1844) has 64 songs.
INFO:[DataPipeline]:PlayList: [2015679401] 那些难忘的古风和中国风 (1022/1844) has 100 songs.
INFO:[DataPipeline]:PlayList: [5967223189] 【中国风】愿得一人心&#32;白首不相离 (1023/1844) has 250 songs.
INFO:[DataPipeline]:PlayList: [2072406261] 民谣、中国风 (1024/1844) has 18 songs.
INFO:[DataPipeline]:PlayList: [3464648044] 中国风系列 (1025/1844) has 11 songs.
INFO:[DataPipeline]:PlayList: [877596872] 这才是现代中国风&#126; (1026/1844) has 146 songs.
INFO:[DataPipeline]:PlayList: [2670252698] 【鳳凰传奇（中国风）】专辑 (1027/1844) has 66 songs.
INFO:[DataPipeline]:PlayList: [854198485] 感受一下中国风电音的魅力 (1028/1844) has 24 songs.
INFO:[DataPipeline]:PlayList: [856308597] 电音迷的福利：中国风和欧美风结合 (1029/1844) has 29 songs.
INFO:[DataPipeline]:Sleep for: 67
INFO:[DataPipeline]:PlayList: [2350899001] 【中国风/古风】浮生若梦，为欢几何 (1030/1844) has 112 songs.
INFO:[DataPipeline]:PlayList: [2505237970] 古风，中国风 (1031/1844) has 109 songs.
INFO:[DataPipeline]:PlayList: [5347572973] 那樣中國風💓💓💓 (1032/1844) has 147 songs.
INFO:[DataPipeline]:PlayList: [1682786102] 周董的中国风 (1033/1844) has 15 songs.
INFO:[DataPipeline]:PlayList: [2798356870] 日韩&#32;&#32;&#32;中国风 (1034/1844) has 107 songs.
INFO:[DataPipeline]:PlayList: [3522239033] 婉转悠扬中国风 (1035/1844) has 96 songs.
INFO:[DataPipeline]:PlayList: [1773706500] 【中国风】——青衫孤酒不及你眼底的温柔&#46; (1036/1844) has 30 songs.
INFO:[DataPipeline]:PlayList: [2379139154] 中国风 (1037/1844) has 350 songs.
INFO:[DataPipeline]:PlayList: [2670265299] 遇见中国风 (1038/1844) has 26 songs.
INFO:[DataPipeline]:PlayList: [1152488595] 中国风&#32;&#32;&#32;&#32;&#32;——&#32;&#32;&#32;&#32;&#32;&#32;筝 (1039/1844) has 50 songs.
INFO:[DataPipeline]:Sleep for: 148
INFO:[DataPipeline]:PlayList: [1240645837] &#32;中国风&#32;外国名曲&#32;小清新 (1040/1844) has 29 songs.
INFO:[DataPipeline]:PlayList: [2612757179] 『中国风』江南烟雨却痴缠 (1041/1844) has 20 songs.
INFO:[DataPipeline]:PlayList: [1429147794] 清闲的中国风 (1042/1844) has 35 songs.
INFO:[DataPipeline]:PlayList: [1172224608] 剧情唯美古风（or中国风）三十七首 (1043/1844) has 53 songs.
INFO:[DataPipeline]:PlayList: [1677116024] 古风中国风 (1044/1844) has 127 songs.
INFO:[DataPipeline]:PlayList: [5450367444] 中国风·轻拂耳畔 (1045/1844) has 77 songs.
INFO:[DataPipeline]:PlayList: [2661235915] 国语&#124;&#124;中国风&#32;&#32;云深不识归人。 (1046/1844) has 26 songs.
INFO:[DataPipeline]:PlayList: [3721101660] 初春中国风 (1047/1844) has 325 songs.
INFO:[DataPipeline]:PlayList: [1668787671] 最美中国风 (1048/1844) has 34 songs.
INFO:[DataPipeline]:PlayList: [1591466739] 唯美古风，大气中国风 (1049/1844) has 70 songs.
INFO:[DataPipeline]:Sleep for: 171
INFO:[DataPipeline]:PlayList: [2355146269] 音乐鬼才许嵩vae的中国风 (1050/1844) has 45 songs.
INFO:[DataPipeline]:PlayList: [2062366719] 中国风♡古风 (1051/1844) has 49 songs.
INFO:[DataPipeline]:PlayList: [877596293] 粤语中国风&#126; (1052/1844) has 60 songs.
INFO:[DataPipeline]:PlayList: [3270266362] 有一种中国风叫许嵩，N带你怀念千古 (1053/1844) has 36 songs.
INFO:[DataPipeline]:PlayList: [3375839347] 中国风 (1054/1844) has 114 songs.
INFO:[DataPipeline]:PlayList: [1474356328] 席卷全球的中国风 (1055/1844) has 50 songs.
INFO:[DataPipeline]:PlayList: [2049366499] 满满中国风的电音 (1056/1844) has 30 songs.
INFO:[DataPipeline]:PlayList: [2664836118] 中国风的纯音乐 (1057/1844) has 30 songs.
INFO:[DataPipeline]:PlayList: [2054335967] 中国风·花开如澜，故人不归 (1058/1844) has 55 songs.
INFO:[DataPipeline]:PlayList: [3496157637] 锦歌♪恋恋中国风 (1059/1844) has 41 songs.
INFO:[DataPipeline]:Sleep for: 104
INFO:[DataPipeline]:PlayList: [1010606513] 古色古香——中国风 (1060/1844) has 117 songs.
INFO:[DataPipeline]:PlayList: [2360887521] 唯美中国风，拒绝欧美 (1061/1844) has 31 songs.
INFO:[DataPipeline]:PlayList: [2876457503] 『中国风』倚楼听风雨，一苇红尘渡 (1062/1844) has 107 songs.
INFO:[DataPipeline]:PlayList: [3530298479] 嵩式中国风 (1063/1844) has 28 songs.
INFO:[DataPipeline]:PlayList: [3253584765] 歌曲那么多，我独爱中国风 (1064/1844) has 62 songs.
INFO:[DataPipeline]:PlayList: [848330739] 古风之韵&#32;&#32;&#32;唯美中国风 (1065/1844) has 47 songs.
INFO:[DataPipeline]:PlayList: [3265657082] 情定之风，缘聚之韵――中国风 (1066/1844) has 33 songs.
INFO:[DataPipeline]:PlayList: [2964553081] 乐府&#126;中国风曲 (1067/1844) has 108 songs.
INFO:[DataPipeline]:PlayList: [3166447761] 世间最美的，和风絮壤，便是中国风 (1068/1844) has 62 songs.
INFO:[DataPipeline]:PlayList: [2383231026] 最爱中国风 (1069/1844) has 285 songs.
INFO:[DataPipeline]:Sleep for: 163
INFO:[DataPipeline]:PlayList: [1069927459] 【速递】中国风集&#32; (1070/1844) has 22 songs.
INFO:[DataPipeline]:PlayList: [2654337925] 【国语】中国风，韵味十足 (1071/1844) has 21 songs.
INFO:[DataPipeline]:PlayList: [2646848105] 中国风古风音乐 (1072/1844) has 98 songs.
INFO:[DataPipeline]:PlayList: [1119638485] 中国风——JAY (1073/1844) has 24 songs.
INFO:[DataPipeline]:PlayList: [1472890020] 暗黑系列和中国风 (1074/1844) has 97 songs.
INFO:[DataPipeline]:PlayList: [2651872807] 徐梦圆&#32;China系列中国风电音 (1075/1844) has 13 songs.
INFO:[DataPipeline]:PlayList: [771036922] 水墨之间淋沐中国风 (1076/1844) has 22 songs.
INFO:[DataPipeline]:PlayList: [3236345513] 徐梦圆的中国风 (1077/1844) has 79 songs.
INFO:[DataPipeline]:PlayList: [3818278917] 中国风 (1078/1844) has 356 songs.
INFO:[DataPipeline]:PlayList: [1609815918] 中国风 (1079/1844) has 22 songs.
INFO:[DataPipeline]:Sleep for: 132
INFO:[DataPipeline]:PlayList: [3271736134] 连回忆也买不起的中国风 (1080/1844) has 51 songs.
INFO:[DataPipeline]:PlayList: [1455745159] 中国风系列歌曲 (1081/1844) has 43 songs.
INFO:[DataPipeline]:PlayList: [2670136218] 纯萃音，大爱中国风 (1082/1844) has 37 songs.
INFO:[DataPipeline]:PlayList: [3164047733] 【中国风】古风古韵不负佳人 (1083/1844) has 37 songs.
INFO:[DataPipeline]:PlayList: [1060899207] 中国风 (1084/1844) has 237 songs.
INFO:[DataPipeline]:PlayList: [2070096132] 粤语印记&#32;&#124;&#32;中国风的韵律 (1085/1844) has 28 songs.
INFO:[DataPipeline]:PlayList: [2840864345] 【节奏】中国风电音～氧气国风 (1086/1844) has 111 songs.
INFO:[DataPipeline]:PlayList: [2927763197] 【中国风电音&#38;电音】耐听不厌 (1087/1844) has 64 songs.
INFO:[DataPipeline]:PlayList: [3564276312] 中国风：十一月的肖邦 (1088/1844) has 53 songs.
INFO:[DataPipeline]:PlayList: [2945757351] 许嵩&#45;中国风 (1089/1844) has 16 songs.
INFO:[DataPipeline]:Sleep for: 33
INFO:[DataPipeline]:PlayList: [3550167954] 中国风精选 (1090/1844) has 36 songs.
INFO:[DataPipeline]:PlayList: [3547576588] 听得到的中国风 (1091/1844) has 70 songs.
INFO:[DataPipeline]:PlayList: [865116002] 天空依然蔚蓝&#32;&#32;洛天依的歌&#32;&#32;中国风 (1092/1844) has 22 songs.
INFO:[DataPipeline]:PlayList: [2790216869] 有种中国风叫周董 (1093/1844) has 9 songs.
INFO:[DataPipeline]:PlayList: [2349167988] 【中国风】青楼梦好轻咿呀 (1094/1844) has 28 songs.
INFO:[DataPipeline]:PlayList: [2336045231] 周杰伦中国风 (1095/1844) has 44 songs.
INFO:[DataPipeline]:PlayList: [862907318] 中国风—徐梦圆 (1096/1844) has 17 songs.
INFO:[DataPipeline]:PlayList: [3534475056] 古色古香…没错，还是熟悉的嵩式中国风☕ (1097/1844) has 26 songs.
INFO:[DataPipeline]:PlayList: [3170967809] 说唱中国风 (1098/1844) has 15 songs.
INFO:[DataPipeline]:PlayList: [1187537204] 中国风 (1099/1844) has 275 songs.
INFO:[DataPipeline]:Sleep for: 141
INFO:[DataPipeline]:PlayList: [2061393563] 中国风：&#32;戏曲 (1100/1844) has 31 songs.
INFO:[DataPipeline]:PlayList: [1160186648] 中国风电音，超绝！！ (1101/1844) has 18 songs.
INFO:[DataPipeline]:PlayList: [2044608081] 中国风，听出剑琼玉浆。 (1102/1844) has 18 songs.
INFO:[DataPipeline]:PlayList: [2344356724] 那些中国风的点点滴滴 (1103/1844) has 34 songs.
INFO:[DataPipeline]:PlayList: [830882390] 中国风&#124;相思韵墨如昨&#46; (1104/1844) has 36 songs.
INFO:[DataPipeline]:PlayList: [881334711] 周杰伦的中国风 (1105/1844) has 22 songs.
INFO:[DataPipeline]:PlayList: [2360565210] 古风梦之韵2之——中国风 (1106/1844) has 30 songs.
INFO:[DataPipeline]:PlayList: [852397925] 杰伦中国风&#32;论我为啥跪着听歌？太绝伦 (1107/1844) has 15 songs.
INFO:[DataPipeline]:PlayList: [1165166604] 中国风O（∩&#95;∩）O (1108/1844) has 15 songs.
INFO:[DataPipeline]:PlayList: [1174535507] 天不生我中国风，万古如长夜 (1109/1844) has 17 songs.
INFO:[DataPipeline]:Sleep for: 175
INFO:[DataPipeline]:PlayList: [3712313117] 中国风，古典音乐 (1110/1844) has 30 songs.
INFO:[DataPipeline]:PlayList: [1144882495] 中国风纯音乐经典 (1111/1844) has 17 songs.
INFO:[DataPipeline]:PlayList: [3246407288] 欧美·中国风&#32;I&#32;西方节奏里绮丽的东方乐韵 (1112/1844) has 26 songs.
INFO:[DataPipeline]:PlayList: [1148007696] 好听的中国风&#126; (1113/1844) has 104 songs.
INFO:[DataPipeline]:PlayList: [32300025] 经典中国风，唱尽古韵 (1114/1844) has 10 songs.
INFO:[DataPipeline]:PlayList: [1161726476] 周杰伦&#45;带你领略经典中国风。 (1115/1844) has 26 songs.
INFO:[DataPipeline]:PlayList: [1371725980] 🎵美乐之中国风 (1116/1844) has 997 songs.
INFO:[DataPipeline]:PlayList: [2048267585] 中国风 (1117/1844) has 29 songs.
INFO:[DataPipeline]:PlayList: [1170864072] 古风，中国风 (1118/1844) has 57 songs.
INFO:[DataPipeline]:PlayList: [2050687408] Jay&#32;zhou&#32;·&#32;中国风 (1119/1844) has 16 songs.
INFO:[DataPipeline]:Sleep for: 108
INFO:[DataPipeline]:PlayList: [3243278115] 【古风】恋恋中国风&#32;幽幽故人情 (1120/1844) has 19 songs.
INFO:[DataPipeline]:PlayList: [2678430494] 纯音乐中国风 (1121/1844) has 30 songs.
INFO:[DataPipeline]:PlayList: [792626536] 伤感中国风 (1122/1844) has 24 songs.
INFO:[DataPipeline]:PlayList: [1958707365] 华语中国风 (1123/1844) has 36 songs.
INFO:[DataPipeline]:PlayList: [3634887289] 中国风 (1124/1844) has 105 songs.
INFO:[DataPipeline]:PlayList: [1055327374] 优雅迷乱中国风 (1125/1844) has 47 songs.
INFO:[DataPipeline]:PlayList: [1570387282] 中国风女声 (1126/1844) has 16 songs.
INFO:[DataPipeline]:PlayList: [3171594771] 中国风，请君为我倾耳听 (1127/1844) has 170 songs.
INFO:[DataPipeline]:PlayList: [1464946542] 淡淡中国风，悠悠古风美 (1128/1844) has 99 songs.
INFO:[DataPipeline]:PlayList: [2954744239] 聆听古风之韵&#32;悠悠中国风 (1129/1844) has 165 songs.
--- Logging error ---
Traceback (most recent call last):
  File "/Library/Python/3.7/site-packages/urllib3/connectionpool.py", line 421, in _make_request
    six.raise_from(e, None)
  File "<string>", line 3, in raise_from
  File "/Library/Python/3.7/site-packages/urllib3/connectionpool.py", line 416, in _make_request
    httplib_response = conn.getresponse()
  File "/Library/Developer/CommandLineTools/Library/Frameworks/Python3.framework/Versions/3.7/lib/python3.7/http/client.py", line 1321, in getresponse
    response.begin()
  File "/Library/Developer/CommandLineTools/Library/Frameworks/Python3.framework/Versions/3.7/lib/python3.7/http/client.py", line 296, in begin
    version, status, reason = self._read_status()
  File "/Library/Developer/CommandLineTools/Library/Frameworks/Python3.framework/Versions/3.7/lib/python3.7/http/client.py", line 257, in _read_status
    line = str(self.fp.readline(_MAXLINE + 1), "iso-8859-1")
  File "/Library/Developer/CommandLineTools/Library/Frameworks/Python3.framework/Versions/3.7/lib/python3.7/socket.py", line 589, in readinto
    return self._sock.recv_into(b)
  File "/Library/Developer/CommandLineTools/Library/Frameworks/Python3.framework/Versions/3.7/lib/python3.7/ssl.py", line 1052, in recv_into
    return self.read(nbytes, buffer)
  File "/Library/Developer/CommandLineTools/Library/Frameworks/Python3.framework/Versions/3.7/lib/python3.7/ssl.py", line 911, in read
    return self._sslobj.read(len, buffer)
socket.timeout: The read operation timed out

During handling of the above exception, another exception occurred:

Traceback (most recent call last):
  File "/Library/Python/3.7/site-packages/requests/adapters.py", line 449, in send
    timeout=timeout
  File "/Library/Python/3.7/site-packages/urllib3/connectionpool.py", line 720, in urlopen
    method, url, error=e, _pool=self, _stacktrace=sys.exc_info()[2]
  File "/Library/Python/3.7/site-packages/urllib3/util/retry.py", line 400, in increment
    raise six.reraise(type(error), error, _stacktrace)
  File "/Library/Python/3.7/site-packages/urllib3/packages/six.py", line 735, in reraise
    raise value
  File "/Library/Python/3.7/site-packages/urllib3/connectionpool.py", line 672, in urlopen
    chunked=chunked,
  File "/Library/Python/3.7/site-packages/urllib3/connectionpool.py", line 423, in _make_request
    self._raise_timeout(err=e, url=url, timeout_value=read_timeout)
  File "/Library/Python/3.7/site-packages/urllib3/connectionpool.py", line 331, in _raise_timeout
    self, url, "Read timed out. (read timeout=%s)" % timeout_value
urllib3.exceptions.ReadTimeoutError: HTTPSConnectionPool(host='c.y.qq.com', port=443): Read timed out. (read timeout=30)

During handling of the above exception, another exception occurred:

Traceback (most recent call last):
  File "runner_qq.py", line 58, in process_playlist
    lyric = api.get_song_lyric(song.id)
  File "/private/var/root/.jenkins/workspace/data-zhongguofeng/dao/qq_api.py", line 43, in get_song_lyric
    raw_text = self.fetch_raw(url)
  File "/private/var/root/.jenkins/workspace/data-zhongguofeng/dao/base_api.py", line 34, in fetch_raw
    verify=False)
  File "/Library/Python/3.7/site-packages/requests/api.py", line 75, in get
    return request('get', url, params=params, **kwargs)
  File "/Library/Python/3.7/site-packages/requests/api.py", line 60, in request
    return session.request(method=method, url=url, **kwargs)
  File "/Library/Python/3.7/site-packages/requests/sessions.py", line 533, in request
    resp = self.send(prep, **send_kwargs)
  File "/Library/Python/3.7/site-packages/requests/sessions.py", line 646, in send
    r = adapter.send(request, **kwargs)
  File "/Library/Python/3.7/site-packages/requests/adapters.py", line 529, in send
    raise ReadTimeout(e, request=request)
requests.exceptions.ReadTimeout: HTTPSConnectionPool(host='c.y.qq.com', port=443): Read timed out. (read timeout=30)

During handling of the above exception, another exception occurred:

Traceback (most recent call last):
  File "/Library/Developer/CommandLineTools/Library/Frameworks/Python3.framework/Versions/3.7/lib/python3.7/logging/__init__.py", line 1034, in emit
    msg = self.format(record)
  File "/Library/Developer/CommandLineTools/Library/Frameworks/Python3.framework/Versions/3.7/lib/python3.7/logging/__init__.py", line 880, in format
    return fmt.format(record)
  File "/Library/Developer/CommandLineTools/Library/Frameworks/Python3.framework/Versions/3.7/lib/python3.7/logging/__init__.py", line 619, in format
    record.message = record.getMessage()
  File "/Library/Developer/CommandLineTools/Library/Frameworks/Python3.framework/Versions/3.7/lib/python3.7/logging/__init__.py", line 380, in getMessage
    msg = msg % self.args
TypeError: not all arguments converted during string formatting
Call stack:
  File "runner_qq.py", line 158, in <module>
    main()
  File "runner_qq.py", line 145, in main
    args.proxy, logger, args.dump_raw, args.dump_seg)
  File "runner_qq.py", line 68, in process_playlist
    logger.error("Exception in processing songs: ", err)
Message: 'Exception in processing songs: '
Arguments: (ReadTimeout(ReadTimeoutError("HTTPSConnectionPool(host='c.y.qq.com', port=443): Read timed out. (read timeout=30)")),)
INFO:[DataPipeline]:Sleep for: 83
INFO:[DataPipeline]:PlayList: [1681677247] 「中国风」久听不厌的古风曲 (1130/1844) has 29 songs.
INFO:[DataPipeline]:PlayList: [1433037482] 天依的歌&#126;【治愈&#32;中国风】 (1131/1844) has 234 songs.
INFO:[DataPipeline]:PlayList: [2045153944] 周杰伦的中国风 (1132/1844) has 17 songs.
INFO:[DataPipeline]:PlayList: [1134174973] 中国风与欧美风的电音碰撞 (1133/1844) has 73 songs.
INFO:[DataPipeline]:PlayList: [3263745730] 圆哥精选（中国风电音） (1134/1844) has 32 songs.
INFO:[DataPipeline]:PlayList: [3526484774] 中国风电子音乐 (1135/1844) has 147 songs.
INFO:[DataPipeline]:PlayList: [1146467060] 一曲中国风，一段相思意 (1136/1844) has 31 songs.
INFO:[DataPipeline]:PlayList: [1773894995] 中国风&#32;中国琴 (1137/1844) has 26 songs.
INFO:[DataPipeline]:PlayList: [2350617158] Beautiful中国风 (1138/1844) has 29 songs.
INFO:[DataPipeline]:PlayList: [2938761732] 中国风 (1139/1844) has 318 songs.
INFO:[DataPipeline]:Sleep for: 136
INFO:[DataPipeline]:PlayList: [2019689215] 中国风说唱 (1140/1844) has 50 songs.
INFO:[DataPipeline]:PlayList: [3544226840] 只有许嵩的中国风 (1141/1844) has 19 songs.
INFO:[DataPipeline]:PlayList: [1127952041] 中国风&#32;你会想到什么？ (1142/1844) has 107 songs.
INFO:[DataPipeline]:PlayList: [1082915301] 淡淡略情的丝绸琉璃中国风 (1143/1844) has 29 songs.
INFO:[DataPipeline]:PlayList: [2637644587] 中国风＋纯音乐＋电音&#61; (1144/1844) has 27 songs.
INFO:[DataPipeline]:PlayList: [2374934947] 中国风，中国味。带有中国风的电音。 (1145/1844) has 22 songs.
INFO:[DataPipeline]:PlayList: [1459696220] 中国风电音 (1146/1844) has 19 songs.
INFO:[DataPipeline]:PlayList: [1753573920] 高山流水！想听听中国风的电音吗？ (1147/1844) has 19 songs.
INFO:[DataPipeline]:PlayList: [3552606728] 醉人中国风 (1148/1844) has 19 songs.
INFO:[DataPipeline]:PlayList: [1722474766] 古风&#32;～中国风 (1149/1844) has 30 songs.
INFO:[DataPipeline]:Sleep for: 121
INFO:[DataPipeline]:PlayList: [12317680] 迎春之、暖暖中国风 (1150/1844) has 15 songs.
INFO:[DataPipeline]:PlayList: [1770765397] 中国风之念 (1151/1844) has 26 songs.
INFO:[DataPipeline]:PlayList: [1465474911] 徐梦圆中国风电音。 (1152/1844) has 41 songs.
INFO:[DataPipeline]:PlayList: [858186359] 中国风古典乐 (1153/1844) has 19 songs.
INFO:[DataPipeline]:PlayList: [1684327218] 最美不過中國風 (1154/1844) has 98 songs.
INFO:[DataPipeline]:PlayList: [3788019398] 中国風&#46;古風&#32;&#32;&#32;非极品不入耳 (1155/1844) has 229 songs.
INFO:[DataPipeline]:PlayList: [2948586418] 『中国风纯电音』戴上耳机，感受中国的魅力 (1156/1844) has 21 songs.
INFO:[DataPipeline]:PlayList: [3184886153] 中国风歌曲 (1157/1844) has 40 songs.
INFO:[DataPipeline]:PlayList: [1929054711] 青青子衿中国风墨色，点起对过往的思念、 (1158/1844) has 46 songs.
INFO:[DataPipeline]:PlayList: [2677763848] 【中国风电音】感受纯音乐的魅力 (1159/1844) has 66 songs.
INFO:[DataPipeline]:Sleep for: 135
INFO:[DataPipeline]:PlayList: [3553035999] 中国风&#32;古典乐 (1160/1844) has 229 songs.
INFO:[DataPipeline]:PlayList: [3622450101] 中国风 (1161/1844) has 69 songs.
INFO:[DataPipeline]:PlayList: [1473535392] 中国风纯音乐（气势磅礴，震撼耳膜） (1162/1844) has 57 songs.
INFO:[DataPipeline]:PlayList: [714945215] 醉美中国风 (1163/1844) has 98 songs.
INFO:[DataPipeline]:PlayList: [1761965753] 中国风电音 (1164/1844) has 20 songs.
INFO:[DataPipeline]:PlayList: [2120224496] 周杰伦薛之谦&#32; 汪苏珑许嵩&#32;中国风 (1165/1844) has 299 songs.
INFO:[DataPipeline]:PlayList: [1147396583] 周氏中国风 (1166/1844) has 16 songs.
INFO:[DataPipeline]:PlayList: [1148973278] 徐梦园中国风系列 (1167/1844) has 24 songs.
INFO:[DataPipeline]:PlayList: [853433042] 古风/中国风 (1168/1844) has 217 songs.
INFO:[DataPipeline]:PlayList: [3257373087] 【中国风】&#32;为遇一人而入红尘 (1169/1844) has 130 songs.
INFO:[DataPipeline]:Sleep for: 138
INFO:[DataPipeline]:PlayList: [3323306887] 古风中国风&#32;&#32;喜欢的不要错过 (1170/1844) has 24 songs.
INFO:[DataPipeline]:PlayList: [2601416153] 周董文山笔下的中国风 (1171/1844) has 17 songs.
INFO:[DataPipeline]:PlayList: [819436491] 杰伦中国风 (1172/1844) has 19 songs.
INFO:[DataPipeline]:PlayList: [1342494331] 流行中国风 (1173/1844) has 109 songs.
INFO:[DataPipeline]:PlayList: [2965044688] 中国风电子 (1174/1844) has 26 songs.
INFO:[DataPipeline]:PlayList: [2370102577] 中国风电音，治好你的抖腿症 (1175/1844) has 129 songs.
INFO:[DataPipeline]:PlayList: [2266201579] 清新中国风 (1176/1844) has 330 songs.
INFO:[DataPipeline]:PlayList: [2621847193] 提壶饮花间‖中国风 (1177/1844) has 14 songs.
INFO:[DataPipeline]:PlayList: [4174725159] 抖音中国风 (1178/1844) has 18 songs.
INFO:[DataPipeline]:PlayList: [1449671748] 周杰伦（中国风） (1179/1844) has 15 songs.
INFO:[DataPipeline]:Sleep for: 73
INFO:[DataPipeline]:PlayList: [2350905581] 欧美混剪和中国风电音 (1180/1844) has 26 songs.
INFO:[DataPipeline]:PlayList: [1400346943] 唯美中国风 (1181/1844) has 15 songs.
INFO:[DataPipeline]:PlayList: [2899265061] 流行。中国风。 (1182/1844) has 73 songs.
INFO:[DataPipeline]:PlayList: [1687849899] 中国风｜戏子一萧奈何颜 (1183/1844) has 29 songs.
INFO:[DataPipeline]:PlayList: [2057392032] 华语中国风 (1184/1844) has 64 songs.
INFO:[DataPipeline]:PlayList: [2047492355] 中国风世界音乐 (1185/1844) has 45 songs.
INFO:[DataPipeline]:PlayList: [876238697] 中国风➕暗黑系列 (1186/1844) has 68 songs.
INFO:[DataPipeline]:PlayList: [1154215236] 电音中国风 (1187/1844) has 57 songs.
INFO:[DataPipeline]:PlayList: [3510986097] 〔中国风〕&#46; (1188/1844) has 95 songs.
INFO:[DataPipeline]:PlayList: [1454685887] 嵩式中国风 (1189/1844) has 16 songs.
INFO:[DataPipeline]:Sleep for: 103
INFO:[DataPipeline]:PlayList: [1704475721] 古典中国风轻 (1190/1844) has 119 songs.
INFO:[DataPipeline]:PlayList: [3918612836] 中国风——国风美唐，沧海遗珠 (1191/1844) has 276 songs.
INFO:[DataPipeline]:PlayList: [3555895896] 宛若流水中国风 (1192/1844) has 14 songs.
INFO:[DataPipeline]:PlayList: [1145166138] 江南烟雨曲，唯念中国风， (1193/1844) has 40 songs.
INFO:[DataPipeline]:PlayList: [3254084933] 杰式中国风 (1194/1844) has 15 songs.
INFO:[DataPipeline]:PlayList: [2044054761] 内地中国风后弦 (1195/1844) has 74 songs.
INFO:[DataPipeline]:PlayList: [1431945756] 歌曲里的中国风，美到哭 (1196/1844) has 64 songs.
INFO:[DataPipeline]:PlayList: [1184223410] 中国风 (1197/1844) has 263 songs.
INFO:[DataPipeline]:PlayList: [3258125442] 【古风】恋恋中国风&#126; (1198/1844) has 37 songs.
INFO:[DataPipeline]:PlayList: [1769403936] 心底的中国风&#32;经典的风 (1199/1844) has 38 songs.
INFO:[DataPipeline]:Sleep for: 101
INFO:[DataPipeline]:PlayList: [2369144773] 中国风，体味不一样的感觉 (1200/1844) has 27 songs.
INFO:[DataPipeline]:PlayList: [2946255601] 周氏中国风 (1201/1844) has 17 songs.
INFO:[DataPipeline]:PlayList: [1776613159] 【中国风&#38;电音】徐梦圆之作 (1202/1844) has 34 songs.
INFO:[DataPipeline]:PlayList: [2037014897] 浓浓中国风&#32;韵味悠长 (1203/1844) has 51 songs.
INFO:[DataPipeline]:PlayList: [3257804430] &#32;超哥心目中的中国风：流行歌曲中的诗意 (1204/1844) has 77 songs.
INFO:[DataPipeline]:PlayList: [1145865907] 无与伦比！！！中国风 (1205/1844) has 19 songs.
INFO:[DataPipeline]:PlayList: [1747464730] 烟雨行江南（中国风） (1206/1844) has 65 songs.
INFO:[DataPipeline]:PlayList: [2565203810] 恋恋中国风（静女其姝，悠悠我心） (1207/1844) has 96 songs.
INFO:[DataPipeline]:PlayList: [2538050778] 【中国风】寄君一曲，不问曲终人聚散。 (1208/1844) has 324 songs.
INFO:[DataPipeline]:PlayList: [2362650076] 中国风 (1209/1844) has 42 songs.
INFO:[DataPipeline]:Sleep for: 119
INFO:[DataPipeline]:PlayList: [1977035385] 唯美动听的中国风女声/魔女专属 (1210/1844) has 32 songs.
INFO:[DataPipeline]:PlayList: [789953630] 暖暖中国风 (1211/1844) has 53 songs.
INFO:[DataPipeline]:PlayList: [3238654955] 中国风之旅 (1212/1844) has 40 songs.
INFO:[DataPipeline]:PlayList: [1760374850] 最美中国风 (1213/1844) has 24 songs.
INFO:[DataPipeline]:PlayList: [1173843787] 现代中国风 (1214/1844) has 25 songs.
INFO:[DataPipeline]:PlayList: [2972780521] 中国风 (1215/1844) has 250 songs.
INFO:[DataPipeline]:PlayList: [2368863086] 中国风 (1216/1844) has 17 songs.
INFO:[DataPipeline]:PlayList: [866864617] 中国风&#32;邂逅电音&#126;中西合璧神游万里 (1217/1844) has 33 songs.
INFO:[DataPipeline]:PlayList: [1154924787] 国风歌曲：恋恋中国风 (1218/1844) has 37 songs.
INFO:[DataPipeline]:PlayList: [1971825798] 阳光中国风 (1219/1844) has 51 songs.
INFO:[DataPipeline]:Sleep for: 101
INFO:[DataPipeline]:PlayList: [3263455402] 影视&#45;&#45;中国风 (1220/1844) has 29 songs.
INFO:[DataPipeline]:PlayList: [1154585393] 中国风电音、欧美等 (1221/1844) has 25 songs.
INFO:[DataPipeline]:PlayList: [1728055403] 中国风古风 (1222/1844) has 85 songs.
INFO:[DataPipeline]:PlayList: [1466754308] 中国风，庭院深深深几许 (1223/1844) has 117 songs.
INFO:[DataPipeline]:PlayList: [1740603036] 华美中国风 (1224/1844) has 70 songs.
INFO:[DataPipeline]:PlayList: [1033231416] 中国风 (1225/1844) has 132 songs.
INFO:[DataPipeline]:PlayList: [2919944083] 中国风｜悠悠古风🌿看淡淡凡尘烟火 (1226/1844) has 256 songs.
INFO:[DataPipeline]:PlayList: [2363742817] 中国风古风 (1227/1844) has 64 songs.
INFO:[DataPipeline]:PlayList: [1660222281] 恋恋中国风 (1228/1844) has 101 songs.
INFO:[DataPipeline]:PlayList: [3807165690] 中国风 (1229/1844) has 215 songs.
INFO:[DataPipeline]:Sleep for: 176
INFO:[DataPipeline]:PlayList: [2676392931] 那些你没有听过的中国风电音 (1230/1844) has 23 songs.
INFO:[DataPipeline]:PlayList: [2064153022] 华夏中国风 (1231/1844) has 130 songs.
INFO:[DataPipeline]:PlayList: [2913885395] 中国风：不一样的周杰伦 (1232/1844) has 16 songs.
INFO:[DataPipeline]:PlayList: [845923746] 中国自己的中国风丶 (1233/1844) has 163 songs.
INFO:[DataPipeline]:PlayList: [2054604777] 最美中国风 (1234/1844) has 48 songs.
INFO:[DataPipeline]:PlayList: [2004284342] 中国风 (1235/1844) has 164 songs.
INFO:[DataPipeline]:PlayList: [2420684979] 唯美中国风 (1236/1844) has 16 songs.
INFO:[DataPipeline]:PlayList: [3228025862] 中国风，平静，思念 (1237/1844) has 125 songs.
INFO:[DataPipeline]:PlayList: [2069923551] 中国风·侠骨柔情 (1238/1844) has 47 songs.
INFO:[DataPipeline]:PlayList: [2674816916] 中国风 (1239/1844) has 677 songs.
INFO:[DataPipeline]:Sleep for: 148
INFO:[DataPipeline]:PlayList: [2565433277] 中国风&#32;。凄美的故事就是从这里开始的。 (1240/1844) has 56 songs.
INFO:[DataPipeline]:PlayList: [2619954473] 影视中国风&#10; (1241/1844) has 50 songs.
INFO:[DataPipeline]:PlayList: [1456909156] 中国风❤ (1242/1844) has 560 songs.
INFO:[DataPipeline]:PlayList: [3550465259] 中国风，古风,闽南语 (1243/1844) has 145 songs.
INFO:[DataPipeline]:PlayList: [2011351422] 如今像药ぺ&#32;（中国风） (1244/1844) has 294 songs.
INFO:[DataPipeline]:PlayList: [768418800] 经典&#32;&#32;周董中国风 (1245/1844) has 135 songs.
INFO:[DataPipeline]:PlayList: [2616710975] 古风之韵、情系中国风 (1246/1844) has 167 songs.
INFO:[DataPipeline]:PlayList: [2062813158] 唯美中国风 (1247/1844) has 111 songs.
INFO:[DataPipeline]:PlayList: [1113335227] 【收藏】中国风集&#32; (1248/1844) has 15 songs.
INFO:[DataPipeline]:PlayList: [2634144999] 中国风（就喜欢这个调调） (1249/1844) has 100 songs.
INFO:[DataPipeline]:Sleep for: 59
INFO:[DataPipeline]:PlayList: [2665674015] 莫名我就爱上中国风 (1250/1844) has 25 songs.
INFO:[DataPipeline]:PlayList: [2940755600] 蔡大大喜欢的中国风&#126; (1251/1844) has 29 songs.
INFO:[DataPipeline]:PlayList: [2072062161] 中国风爆炸BGM (1252/1844) has 95 songs.
INFO:[DataPipeline]:PlayList: [2937344092] 中国风&#32;&#32;&#32;百转千回梦不断 (1253/1844) has 18 songs.
INFO:[DataPipeline]:PlayList: [1450074319] 那些听哭了的中国风 (1254/1844) has 47 songs.
INFO:[DataPipeline]:PlayList: [3259404097] 最美中国风 (1255/1844) has 30 songs.
INFO:[DataPipeline]:PlayList: [2659792796] 中国风&#32;古诗词 (1256/1844) has 39 songs.
INFO:[DataPipeline]:PlayList: [2932214825] 【中国风/古风】 (1257/1844) has 96 songs.
INFO:[DataPipeline]:PlayList: [875712540] 大美我天朝中国风，韵味中国红 (1258/1844) has 34 songs.
INFO:[DataPipeline]:PlayList: [875312196] 纯音，节奏，中国风 (1259/1844) has 31 songs.
INFO:[DataPipeline]:Sleep for: 140
INFO:[DataPipeline]:PlayList: [1170391848] 中国风电子轻音乐 (1260/1844) has 30 songs.
INFO:[DataPipeline]:PlayList: [1163213319] 古装&#124;仙侠&#124;影视&#124;中国风 (1261/1844) has 30 songs.
INFO:[DataPipeline]:PlayList: [3243354614] 中国风电音 (1262/1844) has 67 songs.
INFO:[DataPipeline]:PlayList: [1647545138] 安安静静的中国风 (1263/1844) has 83 songs.
INFO:[DataPipeline]:PlayList: [871010475] 【中国风】 (1264/1844) has 92 songs.
INFO:[DataPipeline]:PlayList: [2793111535] 清新中国风。苏州河畔，你牵谁走过 (1265/1844) has 18 songs.
INFO:[DataPipeline]:PlayList: [1754172936] 中国风&#32;韵 (1266/1844) has 119 songs.
INFO:[DataPipeline]:PlayList: [844414880] 一曲中国风，一曲江南情。 (1267/1844) has 21 songs.
INFO:[DataPipeline]:PlayList: [1828969999] 完美中国风，不用多说，你们懂就好 (1268/1844) has 131 songs.
INFO:[DataPipeline]:PlayList: [1052511857] 耳朵听到怀孕的中国风唯美女声 (1269/1844) has 38 songs.
INFO:[DataPipeline]:Sleep for: 130
INFO:[DataPipeline]:PlayList: [2050404495] 简单的中国风 (1270/1844) has 26 songs.
INFO:[DataPipeline]:PlayList: [1153539250] 不想错过的中国风 (1271/1844) has 776 songs.
INFO:[DataPipeline]:PlayList: [842294563] 中国风&#32;&#32;&#32;&#32;&#32;古风一曲醉千古 (1272/1844) has 77 songs.
INFO:[DataPipeline]:PlayList: [1769373113] 中国风电音 (1273/1844) has 54 songs.
INFO:[DataPipeline]:PlayList: [1451261466] China中国风 (1274/1844) has 16 songs.
INFO:[DataPipeline]:PlayList: [2333582293] 中国风 (1275/1844) has 14 songs.
INFO:[DataPipeline]:PlayList: [1474021974] 清新古韵中国风&#46; (1276/1844) has 32 songs.
INFO:[DataPipeline]:PlayList: [2973012757] 周杰伦&#38;周氏中国风 (1277/1844) has 104 songs.
INFO:[DataPipeline]:PlayList: [1459454036] 中国风歌曲 (1278/1844) has 16 songs.
INFO:[DataPipeline]:PlayList: [3557924019] 隔壁王大宝的中国风 (1279/1844) has 58 songs.
INFO:[DataPipeline]:Sleep for: 86
INFO:[DataPipeline]:PlayList: [3536344851] 彼岸花开，如梦入画，中国风 (1280/1844) has 19 songs.
INFO:[DataPipeline]:PlayList: [3264693301] 最屌中国风系列（壹） (1281/1844) has 40 songs.
INFO:[DataPipeline]:PlayList: [1453214584] 最爱中国风 (1282/1844) has 29 songs.
INFO:[DataPipeline]:PlayList: [3220373185] 【中国风】夜微凉&#32;笙歌婉转 (1283/1844) has 44 songs.
INFO:[DataPipeline]:PlayList: [2051803873] 中国风‖你带着一树月光倾城。 (1284/1844) has 23 songs.
INFO:[DataPipeline]:PlayList: [1476662521] 中国风电音 (1285/1844) has 15 songs.
INFO:[DataPipeline]:PlayList: [2974382545] 中国风电音强悍来袭，来自「徐梦圆」！ (1286/1844) has 32 songs.
INFO:[DataPipeline]:PlayList: [1323882079] 百转红尘中：唯美中国风 (1287/1844) has 65 songs.
INFO:[DataPipeline]:PlayList: [11326234] JAY1&#32;中国风 (1288/1844) has 9 songs.
INFO:[DataPipeline]:PlayList: [3578341977] 中国风音乐库 (1289/1844) has 358 songs.
INFO:[DataPipeline]:Sleep for: 127
INFO:[DataPipeline]:PlayList: [2641331802] 悠悠中国風，寥寥人心数 (1290/1844) has 81 songs.
INFO:[DataPipeline]:PlayList: [2658931731] 中国风、仙剑、诛仙、古代、影视、游戏 (1291/1844) has 22 songs.
INFO:[DataPipeline]:PlayList: [3185293851] 当欧美风遇上中国风，会是怎样？ (1292/1844) has 17 songs.
INFO:[DataPipeline]:PlayList: [823373222] 浮生萦云中国风～ (1293/1844) has 30 songs.
INFO:[DataPipeline]:PlayList: [1154093905] 中国风&#45;&#45;电音 (1294/1844) has 20 songs.
INFO:[DataPipeline]:PlayList: [2838003004] 最爱&#32;&#32;中国风 (1295/1844) has 17 songs.
INFO:[DataPipeline]:PlayList: [1982003073] 古风/中国风 (1296/1844) has 354 songs.
INFO:[DataPipeline]:PlayList: [826193841] 中国风之音 (1297/1844) has 50 songs.
INFO:[DataPipeline]:PlayList: [2256919350] 伤情中国风 (1298/1844) has 44 songs.
INFO:[DataPipeline]:PlayList: [1465152701] 中国风电子➕纯音治愈 (1299/1844) has 45 songs.
INFO:[DataPipeline]:Sleep for: 171
INFO:[DataPipeline]:PlayList: [1466982559] 中国风电音 (1300/1844) has 20 songs.
INFO:[DataPipeline]:PlayList: [2063112871] 中国风，中国版电音 (1301/1844) has 22 songs.
INFO:[DataPipeline]:PlayList: [2329464923] 忆古风（古风、中国风） (1302/1844) has 76 songs.
INFO:[DataPipeline]:PlayList: [2953633611] 中国风电音，徐梦圆 (1303/1844) has 135 songs.
INFO:[DataPipeline]:PlayList: [2366989235] 中国风 (1304/1844) has 18 songs.
INFO:[DataPipeline]:PlayList: [2049773259] 中国风 (1305/1844) has 27 songs.
INFO:[DataPipeline]:PlayList: [3563372847] 感受一下中国风电音给你带来不一样的感觉 (1306/1844) has 15 songs.
INFO:[DataPipeline]:PlayList: [879168161] 中国风 (1307/1844) has 121 songs.
INFO:[DataPipeline]:PlayList: [2602222213] 恋恋中国风 (1308/1844) has 30 songs.
INFO:[DataPipeline]:PlayList: [2366162784] 经典国语中国风 (1309/1844) has 40 songs.
INFO:[DataPipeline]:Sleep for: 177
INFO:[DataPipeline]:PlayList: [855933417] 古风及中国风歌曲 (1310/1844) has 258 songs.
INFO:[DataPipeline]:PlayList: [2061412398] 【古风】吟不尽那一曲缱绻中国风 (1311/1844) has 100 songs.
INFO:[DataPipeline]:PlayList: [2674302238] 满满的中国风电音！ (1312/1844) has 18 songs.
INFO:[DataPipeline]:PlayList: [2364022604] 中国风丶诗之韵兮 (1313/1844) has 32 songs.
INFO:[DataPipeline]:PlayList: [2672451000] 悠扬中国风 (1314/1844) has 92 songs.
INFO:[DataPipeline]:PlayList: [1756231995] &#32;【徐梦圆】&#45;&#45;China系列中国风电音 (1315/1844) has 20 songs.
INFO:[DataPipeline]:PlayList: [1407421337] 丿灬中国风 (1316/1844) has 38 songs.
INFO:[DataPipeline]:PlayList: [1149493222] MAX&#58;极致的中国风电音 (1317/1844) has 21 songs.
INFO:[DataPipeline]:PlayList: [1909224623] 倾国倾城中国风 (1318/1844) has 29 songs.
INFO:[DataPipeline]:PlayList: [3388180965] 温润如玉中国风 (1319/1844) has 274 songs.
INFO:[DataPipeline]:Sleep for: 56
INFO:[DataPipeline]:PlayList: [1763992229] 【电音&#38;中国风】徐梦圆 (1320/1844) has 100 songs.
INFO:[DataPipeline]:PlayList: [854903329] 中国风 (1321/1844) has 16 songs.
INFO:[DataPipeline]:PlayList: [2358932862] 从中国风到欧美范的感动 (1322/1844) has 146 songs.
INFO:[DataPipeline]:PlayList: [13742727] 中国风&#32;中国情 (1323/1844) has 9 songs.
INFO:[DataPipeline]:PlayList: [1720171769] 古风中国风 (1324/1844) has 211 songs.
INFO:[DataPipeline]:PlayList: [1756971906] 【林俊杰】你林导师的中国风&#126; (1325/1844) has 16 songs.
INFO:[DataPipeline]:PlayList: [1764177984] 中国风 (1326/1844) has 164 songs.
--- Logging error ---
Traceback (most recent call last):
  File "/Library/Python/3.7/site-packages/urllib3/connection.py", line 157, in _new_conn
    (self._dns_host, self.port), self.timeout, **extra_kw
  File "/Library/Python/3.7/site-packages/urllib3/util/connection.py", line 84, in create_connection
    raise err
  File "/Library/Python/3.7/site-packages/urllib3/util/connection.py", line 74, in create_connection
    sock.connect(sa)
TimeoutError: [Errno 60] Operation timed out

During handling of the above exception, another exception occurred:

Traceback (most recent call last):
  File "/Library/Python/3.7/site-packages/urllib3/connectionpool.py", line 672, in urlopen
    chunked=chunked,
  File "/Library/Python/3.7/site-packages/urllib3/connectionpool.py", line 376, in _make_request
    self._validate_conn(conn)
  File "/Library/Python/3.7/site-packages/urllib3/connectionpool.py", line 994, in _validate_conn
    conn.connect()
  File "/Library/Python/3.7/site-packages/urllib3/connection.py", line 300, in connect
    conn = self._new_conn()
  File "/Library/Python/3.7/site-packages/urllib3/connection.py", line 169, in _new_conn
    self, "Failed to establish a new connection: %s" % e
urllib3.exceptions.NewConnectionError: <urllib3.connection.VerifiedHTTPSConnection object at 0x11157e7b8>: Failed to establish a new connection: [Errno 60] Operation timed out

During handling of the above exception, another exception occurred:

Traceback (most recent call last):
  File "/Library/Python/3.7/site-packages/requests/adapters.py", line 449, in send
    timeout=timeout
  File "/Library/Python/3.7/site-packages/urllib3/connectionpool.py", line 720, in urlopen
    method, url, error=e, _pool=self, _stacktrace=sys.exc_info()[2]
  File "/Library/Python/3.7/site-packages/urllib3/util/retry.py", line 436, in increment
    raise MaxRetryError(_pool, url, error or ResponseError(cause))
urllib3.exceptions.MaxRetryError: HTTPSConnectionPool(host='c.y.qq.com', port=443): Max retries exceeded with url: /lyric/fcgi-bin/fcg_query_lyric.fcg?g_tk=5381&format=json&inCharset=utf-8&outCharset=utf-8&platform=h5&needNewCode=1&nobase64=1&musicid=286811326&_=1513437581324 (Caused by NewConnectionError('<urllib3.connection.VerifiedHTTPSConnection object at 0x11157e7b8>: Failed to establish a new connection: [Errno 60] Operation timed out'))

During handling of the above exception, another exception occurred:

Traceback (most recent call last):
  File "runner_qq.py", line 58, in process_playlist
    lyric = api.get_song_lyric(song.id)
  File "/private/var/root/.jenkins/workspace/data-zhongguofeng/dao/qq_api.py", line 43, in get_song_lyric
    raw_text = self.fetch_raw(url)
  File "/private/var/root/.jenkins/workspace/data-zhongguofeng/dao/base_api.py", line 34, in fetch_raw
    verify=False)
  File "/Library/Python/3.7/site-packages/requests/api.py", line 75, in get
    return request('get', url, params=params, **kwargs)
  File "/Library/Python/3.7/site-packages/requests/api.py", line 60, in request
    return session.request(method=method, url=url, **kwargs)
  File "/Library/Python/3.7/site-packages/requests/sessions.py", line 533, in request
    resp = self.send(prep, **send_kwargs)
  File "/Library/Python/3.7/site-packages/requests/sessions.py", line 646, in send
    r = adapter.send(request, **kwargs)
  File "/Library/Python/3.7/site-packages/requests/adapters.py", line 516, in send
    raise ConnectionError(e, request=request)
requests.exceptions.ConnectionError: HTTPSConnectionPool(host='c.y.qq.com', port=443): Max retries exceeded with url: /lyric/fcgi-bin/fcg_query_lyric.fcg?g_tk=5381&format=json&inCharset=utf-8&outCharset=utf-8&platform=h5&needNewCode=1&nobase64=1&musicid=286811326&_=1513437581324 (Caused by NewConnectionError('<urllib3.connection.VerifiedHTTPSConnection object at 0x11157e7b8>: Failed to establish a new connection: [Errno 60] Operation timed out'))

During handling of the above exception, another exception occurred:

Traceback (most recent call last):
  File "/Library/Developer/CommandLineTools/Library/Frameworks/Python3.framework/Versions/3.7/lib/python3.7/logging/__init__.py", line 1034, in emit
    msg = self.format(record)
  File "/Library/Developer/CommandLineTools/Library/Frameworks/Python3.framework/Versions/3.7/lib/python3.7/logging/__init__.py", line 880, in format
    return fmt.format(record)
  File "/Library/Developer/CommandLineTools/Library/Frameworks/Python3.framework/Versions/3.7/lib/python3.7/logging/__init__.py", line 619, in format
    record.message = record.getMessage()
  File "/Library/Developer/CommandLineTools/Library/Frameworks/Python3.framework/Versions/3.7/lib/python3.7/logging/__init__.py", line 380, in getMessage
    msg = msg % self.args
TypeError: not all arguments converted during string formatting
Call stack:
  File "runner_qq.py", line 158, in <module>
    main()
  File "runner_qq.py", line 145, in main
    args.proxy, logger, args.dump_raw, args.dump_seg)
  File "runner_qq.py", line 68, in process_playlist
    logger.error("Exception in processing songs: ", err)
Message: 'Exception in processing songs: '
Arguments: (ConnectionError(MaxRetryError("HTTPSConnectionPool(host='c.y.qq.com', port=443): Max retries exceeded with url: /lyric/fcgi-bin/fcg_query_lyric.fcg?g_tk=5381&format=json&inCharset=utf-8&outCharset=utf-8&platform=h5&needNewCode=1&nobase64=1&musicid=286811326&_=1513437581324 (Caused by NewConnectionError('<urllib3.connection.VerifiedHTTPSConnection object at 0x11157e7b8>: Failed to establish a new connection: [Errno 60] Operation timed out'))")),)
INFO:[DataPipeline]:PlayList: [2355562181] 国语&#124;影视剧中的伤感中国风 (1327/1844) has 27 songs.
INFO:[DataPipeline]:PlayList: [2038413302] 中国风：婉转空灵，尽诉柔情 (1328/1844) has 74 songs.
INFO:[DataPipeline]:PlayList: [1456841145] 中国风？武侠风？ (1329/1844) has 141 songs.
INFO:[DataPipeline]:Sleep for: 134
INFO:[DataPipeline]:PlayList: [3188524009] 华语&#32;▏中国风带来如春风的感觉 (1330/1844) has 30 songs.
INFO:[DataPipeline]:PlayList: [3483844428] 唯美中国风 (1331/1844) has 134 songs.
INFO:[DataPipeline]:PlayList: [3244571963] 中国风，刮遍全世界～ (1332/1844) has 41 songs.
INFO:[DataPipeline]:PlayList: [1466752579] [Vae]嵩氏中国风潮流席卷音乐圈 (1333/1844) has 26 songs.
INFO:[DataPipeline]:PlayList: [1436922470] 唯美古风（中国风） (1334/1844) has 89 songs.
INFO:[DataPipeline]:PlayList: [1079304704] 中国风 (1335/1844) has 167 songs.
INFO:[DataPipeline]:PlayList: [2641163406] 中国风&#32;echo回声女神&#32;双笙 (1336/1844) has 53 songs.
INFO:[DataPipeline]:PlayList: [3261612640] 当电音遇上中国风时 (1337/1844) has 21 songs.
INFO:[DataPipeline]:PlayList: [1164092053] 粤语中国风的印记 (1338/1844) has 164 songs.
INFO:[DataPipeline]:PlayList: [2648842378] 【中国风曲】辞墨：流行歌曲中的诗意 (1339/1844) has 43 songs.
INFO:[DataPipeline]:Sleep for: 173
INFO:[DataPipeline]:PlayList: [2019464057] 中国风 (1340/1844) has 184 songs.
INFO:[DataPipeline]:PlayList: [1438363264] 大唐梦，中国风 (1341/1844) has 44 songs.
INFO:[DataPipeline]:PlayList: [2068997019] 中国风&#32;·&#32;古风&#32;ㄧ白茶清欢无别事 (1342/1844) has 63 songs.
INFO:[DataPipeline]:PlayList: [1470289940] 中国风【喋血刃绽朱花，射苍狼星挂甲】 (1343/1844) has 159 songs.
INFO:[DataPipeline]:PlayList: [2065421624] 【古风】淡雅中国风～笙笙不息的大唐歌姬 (1344/1844) has 40 songs.
INFO:[DataPipeline]:PlayList: [1769311705] 古风中国风 (1345/1844) has 89 songs.
INFO:[DataPipeline]:PlayList: [827702450] 中国风，民谣 (1346/1844) has 103 songs.
INFO:[DataPipeline]:PlayList: [2895965608] 古风，中国风 (1347/1844) has 43 songs.
INFO:[DataPipeline]:PlayList: [2836813135] 我最爱听中国风 (1348/1844) has 17 songs.
INFO:[DataPipeline]:PlayList: [3225122143] 禅意中国风 (1349/1844) has 26 songs.
INFO:[DataPipeline]:Sleep for: 66
INFO:[DataPipeline]:PlayList: [1739343255] 中国风纯音乐专场 (1350/1844) has 37 songs.
INFO:[DataPipeline]:PlayList: [1154620182] （精选）周式中国风，周杰伦 (1351/1844) has 36 songs.
INFO:[DataPipeline]:PlayList: [2952561923] 一曲温婉的中国风 (1352/1844) has 26 songs.
INFO:[DataPipeline]:PlayList: [2934243080] 最炫中国风 (1353/1844) has 176 songs.
INFO:[DataPipeline]:PlayList: [1154721906] 古韵中国风 (1354/1844) has 120 songs.
INFO:[DataPipeline]:PlayList: [2004412737] 中国风「自己的武侠传说」 (1355/1844) has 37 songs.
INFO:[DataPipeline]:PlayList: [1141241913] 古风中国风 (1356/1844) has 42 songs.
INFO:[DataPipeline]:PlayList: [853862401] 流行中国风，缱绻淡雅情 (1357/1844) has 72 songs.
INFO:[DataPipeline]:PlayList: [1149439967] 最动听的中国风纯音乐 (1358/1844) has 296 songs.
INFO:[DataPipeline]:PlayList: [2047390889] 古典中国风 (1359/1844) has 31 songs.
INFO:[DataPipeline]:Sleep for: 57
INFO:[DataPipeline]:PlayList: [841963158] 中国风 (1360/1844) has 137 songs.
INFO:[DataPipeline]:PlayList: [1071551105] 古韵悠扬&#32;最美中国风 (1361/1844) has 77 songs.
INFO:[DataPipeline]:PlayList: [1454221737] 古风中国风&#32;那些不容错过的歌曲 (1362/1844) has 120 songs.
INFO:[DataPipeline]:PlayList: [2342152689] 古风中国风 (1363/1844) has 23 songs.
INFO:[DataPipeline]:PlayList: [1152831152] 古风，中国风 (1364/1844) has 42 songs.
INFO:[DataPipeline]:PlayList: [1467851713] 欧美韩中国风……耐听 (1365/1844) has 257 songs.
INFO:[DataPipeline]:PlayList: [1729091464] 【古风，中国风】在这总能找到你想要的 (1366/1844) has 105 songs.
INFO:[DataPipeline]:PlayList: [1153762414] 电音′〖中國風〗 (1367/1844) has 41 songs.
INFO:[DataPipeline]:PlayList: [1147072690] 美到极致的中国风 (1368/1844) has 23 songs.
INFO:[DataPipeline]:PlayList: [1292250918] 收集中国风歌曲 (1369/1844) has 46 songs.
INFO:[DataPipeline]:Sleep for: 75
INFO:[DataPipeline]:PlayList: [2304831847] 回忆里的中国风 (1370/1844) has 166 songs.
INFO:[DataPipeline]:PlayList: [2321522185] 中国风丶唤醒之旅 (1371/1844) has 90 songs.
INFO:[DataPipeline]:PlayList: [3226841286] 中国风🇨🇳 (1372/1844) has 222 songs.
INFO:[DataPipeline]:PlayList: [3241998225] 中国风 (1373/1844) has 150 songs.
INFO:[DataPipeline]:PlayList: [3558102101] 韵味中国风 (1374/1844) has 39 songs.
INFO:[DataPipeline]:PlayList: [2619581713] 浓浓中国风 (1375/1844) has 35 songs.
INFO:[DataPipeline]:PlayList: [720086553] 「那些外国人创作的中国风音乐」 (1376/1844) has 7 songs.
INFO:[DataPipeline]:PlayList: [2551386992] 唯美中国风&#32;弥漫耳畔 (1377/1844) has 31 songs.
INFO:[DataPipeline]:PlayList: [1405912067] 享受中国风的电音吧！ (1378/1844) has 24 songs.
INFO:[DataPipeline]:PlayList: [2937032214] 浓浓中国风 (1379/1844) has 19 songs.
INFO:[DataPipeline]:Sleep for: 127
INFO:[DataPipeline]:PlayList: [1594165835] 中国风 (1380/1844) has 217 songs.
INFO:[DataPipeline]:PlayList: [1441512835] 一首首中国风歌让人流连忘返 (1381/1844) has 15 songs.
INFO:[DataPipeline]:PlayList: [1102721411] 国语超好听，喜欢翻唱，喜欢中国风。 (1382/1844) has 98 songs.
INFO:[DataPipeline]:PlayList: [2973240550] 『中国风』听奏弦繁玉殿清 (1383/1844) has 35 songs.
INFO:[DataPipeline]:PlayList: [2045232195] 那年和今天——许嵩的中国风 (1384/1844) has 21 songs.
INFO:[DataPipeline]:PlayList: [1699281778] 🔥曼珠沙华中国风 (1385/1844) has 210 songs.
INFO:[DataPipeline]:PlayList: [1451100538] 中国风歌曲 (1386/1844) has 34 songs.
INFO:[DataPipeline]:PlayList: [3255131633] 萌萌哒天团―中国风清凉女声 (1387/1844) has 22 songs.
INFO:[DataPipeline]:PlayList: [827522176] 剪纸般中国风 (1388/1844) has 146 songs.
INFO:[DataPipeline]:PlayList: [834360905] 中国风 (1389/1844) has 116 songs.
INFO:[DataPipeline]:Sleep for: 140
INFO:[DataPipeline]:PlayList: [3222892602] 中国风&#32;/古风&#10; (1390/1844) has 67 songs.
INFO:[DataPipeline]:PlayList: [2950291651] 让世界聆听中国风 (1391/1844) has 18 songs.
INFO:[DataPipeline]:PlayList: [1463321271] 中国风 (1392/1844) has 277 songs.
INFO:[DataPipeline]:PlayList: [2659890154] 那些回忆里的中国风 (1393/1844) has 999 songs.
INFO:[DataPipeline]:PlayList: [2249960469] 诗一样的歌：中国风、古风 (1394/1844) has 95 songs.
INFO:[DataPipeline]:PlayList: [3235466026] 中国风 (1395/1844) has 101 songs.
INFO:[DataPipeline]:PlayList: [2484193085] 中国风 (1396/1844) has 130 songs.
INFO:[DataPipeline]:PlayList: [14253784] 09…异域刮起中国风&#60;续篇&#62; (1397/1844) has 5 songs.
INFO:[DataPipeline]:PlayList: [866791064] 古风&#38;中国风歌曲 (1398/1844) has 46 songs.
INFO:[DataPipeline]:PlayList: [2345250446] 中国风&#32;希望大家喜欢 (1399/1844) has 178 songs.
INFO:[DataPipeline]:Sleep for: 144
INFO:[DataPipeline]:PlayList: [3543687868] 中国风 (1400/1844) has 349 songs.
INFO:[DataPipeline]:PlayList: [765503695] 中国风 (1401/1844) has 599 songs.
INFO:[DataPipeline]:PlayList: [3086211782] 中国风，轻语古风 (1402/1844) has 18 songs.
INFO:[DataPipeline]:PlayList: [1676811061] 中国风 (1403/1844) has 189 songs.
INFO:[DataPipeline]:PlayList: [1747630758] 中国风！电音 (1404/1844) has 37 songs.
INFO:[DataPipeline]:PlayList: [3107521602] 中国风·朱砂泪 (1405/1844) has 56 songs.
INFO:[DataPipeline]:PlayList: [2895379635] 中国风 (1406/1844) has 23 songs.
INFO:[DataPipeline]:PlayList: [11754283] 中国风 (1407/1844) has 14 songs.
INFO:[DataPipeline]:PlayList: [3467760876] 中国风♡萌萌哒天团 (1408/1844) has 33 songs.
INFO:[DataPipeline]:PlayList: [1922482928] 中国风，古风脑洞需 (1409/1844) has 354 songs.
INFO:[DataPipeline]:Sleep for: 101
INFO:[DataPipeline]:PlayList: [3198729961] 古风、中国风 (1410/1844) has 121 songs.
INFO:[DataPipeline]:PlayList: [645895023] 中国风 (1411/1844) has 193 songs.
INFO:[DataPipeline]:PlayList: [3241461751] 让你动心的中国风 (1412/1844) has 17 songs.
INFO:[DataPipeline]:PlayList: [1125012079] 偏古风中国风 (1413/1844) has 103 songs.
INFO:[DataPipeline]:PlayList: [3542047104] 中国风 (1414/1844) has 686 songs.
INFO:[DataPipeline]:PlayList: [1625870282] 杰伦的中国风 (1415/1844) has 22 songs.
INFO:[DataPipeline]:PlayList: [1748301164] 醉美不过中国风 (1416/1844) has 16 songs.
INFO:[DataPipeline]:PlayList: [1153800519] 中国风：古风，不只是情怀 (1417/1844) has 40 songs.
INFO:[DataPipeline]:PlayList: [2276664530] 那些我最喜欢的中国风 (1418/1844) has 33 songs.
INFO:[DataPipeline]:PlayList: [3251630589] 最美中国风 (1419/1844) has 55 songs.
INFO:[DataPipeline]:Sleep for: 93
INFO:[DataPipeline]:PlayList: [835284158] 中国风 (1420/1844) has 124 songs.
INFO:[DataPipeline]:PlayList: [3525519916] 中国风 (1421/1844) has 237 songs.
INFO:[DataPipeline]:PlayList: [1683392336] 杰伦说，只有中国风才是最diao的哦&#126; (1422/1844) has 10 songs.
INFO:[DataPipeline]:PlayList: [754544526] 中国风 (1423/1844) has 450 songs.
INFO:[DataPipeline]:PlayList: [3450288243] 中国风 (1424/1844) has 414 songs.
INFO:[DataPipeline]:PlayList: [1560203667] 治愈系,伤感系,欧美风,中国风&#33;&#33; (1425/1844) has 9 songs.
INFO:[DataPipeline]:PlayList: [1732560687] 罪爱中国风 (1426/1844) has 53 songs.
INFO:[DataPipeline]:PlayList: [1694054088] 中国风 (1427/1844) has 127 songs.
INFO:[DataPipeline]:PlayList: [3494941566] 中国风 (1428/1844) has 221 songs.
INFO:[DataPipeline]:PlayList: [1396871708] 恋恋中国风 (1429/1844) has 67 songs.
INFO:[DataPipeline]:Sleep for: 82
INFO:[DataPipeline]:PlayList: [2620110398] 大愛古風和風中國風 (1430/1844) has 34 songs.
INFO:[DataPipeline]:PlayList: [1392967991] 中国风 (1431/1844) has 253 songs.
INFO:[DataPipeline]:PlayList: [2000063241] 中国风 (1432/1844) has 448 songs.
INFO:[DataPipeline]:PlayList: [9156297] 中国风 (1433/1844) has 9 songs.
INFO:[DataPipeline]:PlayList: [1935276152] 中国风 (1434/1844) has 1000 songs.
INFO:[DataPipeline]:PlayList: [1332980482] 中国风 (1435/1844) has 63 songs.
INFO:[DataPipeline]:PlayList: [2801578135] 见证，许氏中国风 (1436/1844) has 100 songs.
INFO:[DataPipeline]:PlayList: [2555571217] 【愿逐月华流照君】幽幽古风系，唯美中国风 (1437/1844) has 105 songs.
INFO:[DataPipeline]:PlayList: [3447829554] 中国风 (1438/1844) has 386 songs.
INFO:[DataPipeline]:PlayList: [727301096] 中国风丨古风的唯美意境。 (1439/1844) has 136 songs.
INFO:[DataPipeline]:Sleep for: 107
INFO:[DataPipeline]:PlayList: [1010207354] 中国风 (1440/1844) has 323 songs.
INFO:[DataPipeline]:PlayList: [931489630] 中国风 (1441/1844) has 502 songs.
INFO:[DataPipeline]:PlayList: [2102205300] 中国风 (1442/1844) has 20 songs.
INFO:[DataPipeline]:PlayList: [1958009191] 中国风 (1443/1844) has 663 songs.
INFO:[DataPipeline]:PlayList: [1931359626] 中国风 (1444/1844) has 11 songs.
INFO:[DataPipeline]:PlayList: [1889371988] 中国风 (1445/1844) has 339 songs.
INFO:[DataPipeline]:PlayList: [1516947121] 中国风 (1446/1844) has 139 songs.
INFO:[DataPipeline]:PlayList: [4815584] 中国风·&#32;流行乐 (1447/1844) has 30 songs.
INFO:[DataPipeline]:PlayList: [7666830648] 虎牙奶茶茶sama歌单 (1448/1844) has 304 songs.
INFO:[DataPipeline]:PlayList: [3168442284] &#32;&#32;虎牙与茶。 (1449/1844) has 35 songs.
INFO:[DataPipeline]:Sleep for: 36
INFO:[DataPipeline]:PlayList: [2377167774] 虎牙、茶凉 (1450/1844) has 18 songs.
INFO:[DataPipeline]:PlayList: [7758542073] 虎牙楚河BGM｜主机游戏永远的神 (1451/1844) has 182 songs.
INFO:[DataPipeline]:PlayList: [2674716954] 虎牙TV丶阿文 (1452/1844) has 235 songs.
INFO:[DataPipeline]:PlayList: [859492602] 虎牙9527一月流行经典民谣大合集 (1453/1844) has 254 songs.
INFO:[DataPipeline]:PlayList: [7248111645] T&#46;G&#46;A&#46;阿航｜直播专属｜虎牙 (1454/1844) has 251 songs.
INFO:[DataPipeline]:PlayList: [3753563660] 虎牙心态，专属歌单 (1455/1844) has 788 songs.
INFO:[DataPipeline]:PlayList: [1402897438] 虎牙楚河仙子战歌合辑90327狂鸟 (1456/1844) has 375 songs.
INFO:[DataPipeline]:PlayList: [4353150378] 虎牙直播歌单 (1457/1844) has 815 songs.
INFO:[DataPipeline]:PlayList: [7545204432] 虎牙柳昊 (1458/1844) has 321 songs.
INFO:[DataPipeline]:PlayList: [883903268] 虎牙可杰直播歌单 (1459/1844) has 732 songs.
INFO:[DataPipeline]:Sleep for: 95
INFO:[DataPipeline]:PlayList: [7437298523] 虎牙短笛直播歌单 (1460/1844) has 765 songs.
INFO:[DataPipeline]:PlayList: [1050155972] 虎牙直播冷漠锐雯 (1461/1844) has 780 songs.
INFO:[DataPipeline]:PlayList: [3765271210] 虎牙贱圣and虎牙导演，还在不定时更新中 (1462/1844) has 313 songs.
INFO:[DataPipeline]:PlayList: [7730504681] 虎牙红莲&#43;自选 (1463/1844) has 153 songs.
INFO:[DataPipeline]:PlayList: [3207747832] 虎牙狂鸟90327丶贱圣导演湮灭阿坤兽兽 (1464/1844) has 497 songs.
INFO:[DataPipeline]:PlayList: [2341987253] 虎牙卡尔部分播放歌单，直播间ID&#58;521000 (1465/1844) has 366 songs.
INFO:[DataPipeline]:PlayList: [1423179418] YY880&#45;虎牙丶LOL小战战歌 (1466/1844) has 229 songs.
INFO:[DataPipeline]:PlayList: [6965084332] 虎牙寂然hx (1467/1844) has 151 songs.
INFO:[DataPipeline]:PlayList: [1764334086] 虎牙TV陈子豪直播歌单 (1468/1844) has 853 songs.
INFO:[DataPipeline]:PlayList: [2670809660] 「表白IU妹纸」慵懒午后的小清新 (1469/1844) has 88 songs.
INFO:[DataPipeline]:Sleep for: 144
INFO:[DataPipeline]:PlayList: [7555349335] IU：一人式女团李知恩 (1470/1844) has 27 songs.
INFO:[DataPipeline]:PlayList: [2959140069] 韩语治愈&#32;&#124;&#32;IU窝在耳朵里的阳光 (1471/1844) has 47 songs.
INFO:[DataPipeline]:PlayList: [1739459633] IU甜美合集 (1472/1844) has 61 songs.
INFO:[DataPipeline]:PlayList: [7133045493] IU&#45;德鲁纳酒店 (1473/1844) has 13 songs.
INFO:[DataPipeline]:PlayList: [2641073116] 直男都在听：IU甜美翻唱合唱精选 (1474/1844) has 50 songs.
INFO:[DataPipeline]:PlayList: [1903297333] IU&#32;李智恩 (1475/1844) has 113 songs.
INFO:[DataPipeline]:PlayList: [3813380027] IU°AKMUBlackpink玟星MAMAMOO (1476/1844) has 322 songs.
INFO:[DataPipeline]:PlayList: [7648949972] 【IU现场翻唱集】有才华的女子 (1477/1844) has 99 songs.
INFO:[DataPipeline]:PlayList: [7605304964] 守护最好的李知恩！全能艺人IU (1478/1844) has 124 songs.
INFO:[DataPipeline]:PlayList: [2681840512] 每日新歌：人美歌甜IU，善良可爱李知恩 (1479/1844) has 50 songs.
INFO:[DataPipeline]:Sleep for: 33
INFO:[DataPipeline]:PlayList: [1156987517] IU的唱的韩文中文歌及步步惊心丽插曲 (1480/1844) has 28 songs.
INFO:[DataPipeline]:PlayList: [4048455280] IU经典翻唱Live合辑 (1481/1844) has 45 songs.
INFO:[DataPipeline]:PlayList: [875547407] IU特辑「IU宝贝的live特辑」 (1482/1844) has 73 songs.
INFO:[DataPipeline]:PlayList: [1777935646] IU (1483/1844) has 284 songs.
INFO:[DataPipeline]:PlayList: [3528712991] G&#45;DRAGON&#32;权志龙&#32;IU&#32;李知恩 (1484/1844) has 50 songs.
INFO:[DataPipeline]:PlayList: [3743401016] piupiu (1485/1844) has 19 songs.
INFO:[DataPipeline]:PlayList: [4212460470] 曾经虎牙曹操大表哥直播循环播的曲子 (1486/1844) has 116 songs.
INFO:[DataPipeline]:PlayList: [2938349112] 虎牙90327&#45;贱圣（直播歌曲） (1487/1844) has 153 songs.
INFO:[DataPipeline]:PlayList: [870320277] 虎牙寒冰BGM (1488/1844) has 224 songs.
INFO:[DataPipeline]:PlayList: [7514807549] 虎牙赖神战歌 (1489/1844) has 166 songs.
INFO:[DataPipeline]:Sleep for: 142
INFO:[DataPipeline]:PlayList: [7436921660] 幸好有你！华【虎牙吕德华杀鸡一样】 (1490/1844) has 574 songs.
INFO:[DataPipeline]:PlayList: [1722184268] 虎牙90098热游高校小宇热游直播BGM (1491/1844) has 101 songs.
INFO:[DataPipeline]:PlayList: [4477214240] 虎牙卡尔歌单&#32;地球不爆炸！村长不放假！ (1492/1844) has 378 songs.
INFO:[DataPipeline]:PlayList: [7359651638] 张大仙（虎牙688）直播歌单 (1493/1844) has 297 songs.
INFO:[DataPipeline]:PlayList: [1761529718] 虎牙夏天y直播用 (1494/1844) has 37 songs.
INFO:[DataPipeline]:PlayList: [1775486824] 虎牙卡尔直播歌单BGM (1495/1844) has 45 songs.
INFO:[DataPipeline]:PlayList: [2910508483] 虎牙90077骚男战歌 (1496/1844) has 32 songs.
INFO:[DataPipeline]:PlayList: [3277082291] 虎牙纪瞳直播歌单 (1497/1844) has 424 songs.
INFO:[DataPipeline]:PlayList: [7022422317] 虎牙六尾 (1498/1844) has 205 songs.
INFO:[DataPipeline]:PlayList: [6813174836] 虎牙心态&#32;专属战歌 (1499/1844) has 193 songs.
INFO:[DataPipeline]:Sleep for: 156
INFO:[DataPipeline]:PlayList: [3237087663] 虎牙&#32;哔哩、暮墨染雨&#45;11160989 (1500/1844) has 984 songs.
INFO:[DataPipeline]:PlayList: [7265155506] 虎牙预见&#32;吕德华&#32;喜欢的歌 (1501/1844) has 609 songs.
INFO:[DataPipeline]:PlayList: [1175822260] 小明歌单 (1502/1844) has 1000 songs.
INFO:[DataPipeline]:PlayList: [4264554699] 虎牙空伐歌单小部分 (1503/1844) has 195 songs.
INFO:[DataPipeline]:PlayList: [5399380399] 虎牙呆萌鹿乃歌单 (1504/1844) has 381 songs.
INFO:[DataPipeline]:PlayList: [3535982902] 美到窒息的轻音乐 (1505/1844) has 18 songs.
INFO:[DataPipeline]:PlayList: [7947697301] 自然轻音乐｜星星作被沉沉入睡 (1506/1844) has 56 songs.
INFO:[DataPipeline]:PlayList: [7767448358] 学习工作阅读丨柔和静心の轻音乐 (1507/1844) has 54 songs.
INFO:[DataPipeline]:PlayList: [7758029803] 【催眠助眠】舒缓轻音乐伴你入睡 (1508/1844) has 52 songs.
INFO:[DataPipeline]:PlayList: [7275679373] 纯音乐（助眠）轻音乐 (1509/1844) has 62 songs.
INFO:[DataPipeline]:Sleep for: 152
INFO:[DataPipeline]:PlayList: [7739249772] 轻音乐&#32;&#124;&#32;舒缓压力，放松心情 (1510/1844) has 427 songs.
INFO:[DataPipeline]:PlayList: [1164657023] 轻音乐，钢琴曲，纯音乐 (1511/1844) has 192 songs.
INFO:[DataPipeline]:PlayList: [6223374087] 轻音乐&#124;&#32;耳间森林 (1512/1844) has 35 songs.
INFO:[DataPipeline]:PlayList: [7233601871] 轻音乐&#124;&#32;安静舒缓 (1513/1844) has 35 songs.
INFO:[DataPipeline]:PlayList: [7646892049] 『轻音乐』听起来耳熟的BGM (1514/1844) has 150 songs.
INFO:[DataPipeline]:PlayList: [3540484302] 学霸必备：专心写作业&#32;享受轻音乐好时光 (1515/1844) has 53 songs.
INFO:[DataPipeline]:PlayList: [4214825778] 轻音乐：抚平你焦躁不安的情绪 (1516/1844) has 291 songs.
INFO:[DataPipeline]:PlayList: [7421566575] 伤感纯音&#32;&#124;&#32;听了想流泪的轻音乐 (1517/1844) has 83 songs.
INFO:[DataPipeline]:PlayList: [7060355343] 轻音乐&#32;&#124;&#32;唯美钢琴流行音乐 (1518/1844) has 48 songs.
INFO:[DataPipeline]:PlayList: [2652320973] 百首经典轻音乐：哪一首让你静下心来 (1519/1844) has 100 songs.
INFO:[DataPipeline]:Sleep for: 84
INFO:[DataPipeline]:PlayList: [3716244566] 刷题背书轻音乐&#123;致正在努力的你&#125; (1520/1844) has 55 songs.
INFO:[DataPipeline]:PlayList: [7861817748] 效率加倍丨学习工作专属轻音乐 (1521/1844) has 48 songs.
INFO:[DataPipeline]:PlayList: [7669151966] 轻音乐睡觉听』身处黑暗心向光明 (1522/1844) has 132 songs.
INFO:[DataPipeline]:PlayList: [1124883025] 你熟悉旋律却不知道名字的轻音乐 (1523/1844) has 19 songs.
INFO:[DataPipeline]:PlayList: [1123206237] 600首动漫轻音乐 (1524/1844) has 602 songs.
INFO:[DataPipeline]:PlayList: [7961350581] 2021抖音热门BGM集（持续更新） (1525/1844) has 948 songs.
INFO:[DataPipeline]:PlayList: [3821289344] &#32;持续更新：抖音最全BGM！ (1526/1844) has 995 songs.
INFO:[DataPipeline]:PlayList: [3795435500] 2020抖音最火歌曲排行榜 (1527/1844) has 400 songs.
INFO:[DataPipeline]:PlayList: [7562359096] 抖音超热中文歌，不好听算我输 (1528/1844) has 192 songs.
INFO:[DataPipeline]:PlayList: [7521795190] 2021抖音最火歌曲（持续更新） (1529/1844) has 520 songs.
INFO:[DataPipeline]:Sleep for: 135
INFO:[DataPipeline]:PlayList: [7709684645] 抖音热播&#32;&#124;&#32;瞬间心动的神仙歌曲 (1530/1844) has 48 songs.
INFO:[DataPipeline]:PlayList: [3705285271] 2018年抖音最火背景乐精选集 (1531/1844) has 291 songs.
INFO:[DataPipeline]:PlayList: [7842753348] 100首抖音伤感：孤独翻涌上心头 (1532/1844) has 109 songs.
INFO:[DataPipeline]:PlayList: [7514041058] 抖音快手热歌榜&#32;&#124;&#32;持续更新 (1533/1844) has 332 songs.
--- Logging error ---
Traceback (most recent call last):
  File "/Library/Python/3.7/site-packages/urllib3/connectionpool.py", line 421, in _make_request
    six.raise_from(e, None)
  File "<string>", line 3, in raise_from
  File "/Library/Python/3.7/site-packages/urllib3/connectionpool.py", line 416, in _make_request
    httplib_response = conn.getresponse()
  File "/Library/Developer/CommandLineTools/Library/Frameworks/Python3.framework/Versions/3.7/lib/python3.7/http/client.py", line 1321, in getresponse
    response.begin()
  File "/Library/Developer/CommandLineTools/Library/Frameworks/Python3.framework/Versions/3.7/lib/python3.7/http/client.py", line 296, in begin
    version, status, reason = self._read_status()
  File "/Library/Developer/CommandLineTools/Library/Frameworks/Python3.framework/Versions/3.7/lib/python3.7/http/client.py", line 257, in _read_status
    line = str(self.fp.readline(_MAXLINE + 1), "iso-8859-1")
  File "/Library/Developer/CommandLineTools/Library/Frameworks/Python3.framework/Versions/3.7/lib/python3.7/socket.py", line 589, in readinto
    return self._sock.recv_into(b)
  File "/Library/Developer/CommandLineTools/Library/Frameworks/Python3.framework/Versions/3.7/lib/python3.7/ssl.py", line 1052, in recv_into
    return self.read(nbytes, buffer)
  File "/Library/Developer/CommandLineTools/Library/Frameworks/Python3.framework/Versions/3.7/lib/python3.7/ssl.py", line 911, in read
    return self._sslobj.read(len, buffer)
socket.timeout: The read operation timed out

During handling of the above exception, another exception occurred:

Traceback (most recent call last):
  File "/Library/Python/3.7/site-packages/requests/adapters.py", line 449, in send
    timeout=timeout
  File "/Library/Python/3.7/site-packages/urllib3/connectionpool.py", line 720, in urlopen
    method, url, error=e, _pool=self, _stacktrace=sys.exc_info()[2]
  File "/Library/Python/3.7/site-packages/urllib3/util/retry.py", line 400, in increment
    raise six.reraise(type(error), error, _stacktrace)
  File "/Library/Python/3.7/site-packages/urllib3/packages/six.py", line 735, in reraise
    raise value
  File "/Library/Python/3.7/site-packages/urllib3/connectionpool.py", line 672, in urlopen
    chunked=chunked,
  File "/Library/Python/3.7/site-packages/urllib3/connectionpool.py", line 423, in _make_request
    self._raise_timeout(err=e, url=url, timeout_value=read_timeout)
  File "/Library/Python/3.7/site-packages/urllib3/connectionpool.py", line 331, in _raise_timeout
    self, url, "Read timed out. (read timeout=%s)" % timeout_value
urllib3.exceptions.ReadTimeoutError: HTTPSConnectionPool(host='c.y.qq.com', port=443): Read timed out. (read timeout=30)

During handling of the above exception, another exception occurred:

Traceback (most recent call last):
  File "runner_qq.py", line 58, in process_playlist
    lyric = api.get_song_lyric(song.id)
  File "/private/var/root/.jenkins/workspace/data-zhongguofeng/dao/qq_api.py", line 43, in get_song_lyric
    raw_text = self.fetch_raw(url)
  File "/private/var/root/.jenkins/workspace/data-zhongguofeng/dao/base_api.py", line 34, in fetch_raw
    verify=False)
  File "/Library/Python/3.7/site-packages/requests/api.py", line 75, in get
    return request('get', url, params=params, **kwargs)
  File "/Library/Python/3.7/site-packages/requests/api.py", line 60, in request
    return session.request(method=method, url=url, **kwargs)
  File "/Library/Python/3.7/site-packages/requests/sessions.py", line 533, in request
    resp = self.send(prep, **send_kwargs)
  File "/Library/Python/3.7/site-packages/requests/sessions.py", line 646, in send
    r = adapter.send(request, **kwargs)
  File "/Library/Python/3.7/site-packages/requests/adapters.py", line 529, in send
    raise ReadTimeout(e, request=request)
requests.exceptions.ReadTimeout: HTTPSConnectionPool(host='c.y.qq.com', port=443): Read timed out. (read timeout=30)

During handling of the above exception, another exception occurred:

Traceback (most recent call last):
  File "/Library/Developer/CommandLineTools/Library/Frameworks/Python3.framework/Versions/3.7/lib/python3.7/logging/__init__.py", line 1034, in emit
    msg = self.format(record)
  File "/Library/Developer/CommandLineTools/Library/Frameworks/Python3.framework/Versions/3.7/lib/python3.7/logging/__init__.py", line 880, in format
    return fmt.format(record)
  File "/Library/Developer/CommandLineTools/Library/Frameworks/Python3.framework/Versions/3.7/lib/python3.7/logging/__init__.py", line 619, in format
    record.message = record.getMessage()
  File "/Library/Developer/CommandLineTools/Library/Frameworks/Python3.framework/Versions/3.7/lib/python3.7/logging/__init__.py", line 380, in getMessage
    msg = msg % self.args
TypeError: not all arguments converted during string formatting
Call stack:
  File "runner_qq.py", line 158, in <module>
    main()
  File "runner_qq.py", line 145, in main
    args.proxy, logger, args.dump_raw, args.dump_seg)
  File "runner_qq.py", line 68, in process_playlist
    logger.error("Exception in processing songs: ", err)
Message: 'Exception in processing songs: '
Arguments: (ReadTimeout(ReadTimeoutError("HTTPSConnectionPool(host='c.y.qq.com', port=443): Read timed out. (read timeout=30)")),)
INFO:[DataPipeline]:PlayList: [2983578712] 2021抖音最火优质歌曲&#32;持续更新 (1534/1844) has 358 songs.
INFO:[DataPipeline]:PlayList: [6752720601] 2019年抖音最火歌曲（持续更新） (1535/1844) has 450 songs.
INFO:[DataPipeline]:PlayList: [2975873670] 快手抖音最火热门曲♡ (1536/1844) has 548 songs.
INFO:[DataPipeline]:PlayList: [7630303474] 抖音新热门｜萦绕在耳边的旋律 (1537/1844) has 267 songs.
INFO:[DataPipeline]:PlayList: [7682187099] 抖音热歌｜逛街散步购物常用 (1538/1844) has 191 songs.
INFO:[DataPipeline]:PlayList: [7576423412] 抖音超热曲：你想听的歌这都有 (1539/1844) has 527 songs.
INFO:[DataPipeline]:Sleep for: 77
INFO:[DataPipeline]:PlayList: [7829281162] 抖音常用BGM｜文艺青年的聚会趴 (1540/1844) has 134 songs.
