Started by timer
Running as SYSTEM
Building in workspace /var/root/.jenkins/workspace/hourly-approval
No credentials specified
 > git rev-parse --is-inside-work-tree # timeout=10
Fetching changes from the remote Git repository
 > git config remote.origin.url git@github.com:kirinisland/zaoci-tool.git # timeout=10
Fetching upstream changes from git@github.com:kirinisland/zaoci-tool.git
 > git --version # timeout=10
 > git fetch --tags --force --progress -- git@github.com:kirinisland/zaoci-tool.git +refs/heads/*:refs/remotes/origin/* # timeout=10
 > git rev-parse refs/remotes/origin/master^{commit} # timeout=10
 > git rev-parse refs/remotes/origin/origin/master^{commit} # timeout=10
Checking out Revision 2e2ff1f40957461f45e028fc94e151ca3f1a7c36 (refs/remotes/origin/master)
 > git config core.sparsecheckout # timeout=10
 > git checkout -f 2e2ff1f40957461f45e028fc94e151ca3f1a7c36 # timeout=10
Commit message: "Merge pull request #1 from kirinisland/feature/test-logger"
 > git rev-list --no-walk 2e2ff1f40957461f45e028fc94e151ca3f1a7c36 # timeout=10
[hourly-approval] $ /bin/sh -xe /var/folders/zz/zyxvpxvq6csfxvn_n0000000000000/T/jenkins5544072642472741025.sh
+ python3 jobs/filter_lyric.py
Traceback (most recent call last):
  File "jobs/filter_lyric.py", line 84, in <module>
    main()
  File "jobs/filter_lyric.py", line 51, in main
    for lyric in raw.json().get("results"):
  File "/Library/Python/3.7/site-packages/requests/models.py", line 889, in json
    self.content.decode(encoding), **kwargs
  File "/Library/Developer/CommandLineTools/Library/Frameworks/Python3.framework/Versions/3.7/lib/python3.7/json/__init__.py", line 348, in loads
    return _default_decoder.decode(s)
  File "/Library/Developer/CommandLineTools/Library/Frameworks/Python3.framework/Versions/3.7/lib/python3.7/json/decoder.py", line 337, in decode
    obj, end = self.raw_decode(s, idx=_w(s, 0).end())
  File "/Library/Developer/CommandLineTools/Library/Frameworks/Python3.framework/Versions/3.7/lib/python3.7/json/decoder.py", line 355, in raw_decode
    raise JSONDecodeError("Expecting value", s, err.value) from None
json.decoder.JSONDecodeError: Expecting value: line 1 column 1 (char 0)
Build step 'Execute shell' marked build as failure
Finished: FAILURE
