Started by upstream project "[8mha:////4A+bQWpgGeLrf62Kvp9R0kchXAV8l6qMSbpRKFffssHgAAAAnR+LCAAAAAAAAP9b85aBtbiIQTGjNKU4P08vOT+vOD8nVc83PyU1x6OyILUoJzMv2y+/JJUBAhiZGBgqihhk0NSjKDWzXb3RdlLBUSYGJk8GtpzUvPSSDB8G5tKinBIGIZ+sxLJE/ZzEvHT94JKizLx0a6BxUmjGOUNodHsLgAzuEgZB/az8JP2UxJJE3aLSvLzUIn0A55yqqsYAAAA=[0mdata-runner" build number [8mha:////4HYnbOK2yJKrYvu9FlmWXzfcrajHsRWmAAd3a/DPgB9AAAAAnB+LCAAAAAAAAP9b85aBtbiIQTGjNKU4P08vOT+vOD8nVc83PyU1x6OyILUoJzMv2y+/JJUBAhiZGBgqihhk0NSjKDWzXb3RdlLBUSYGJk8GtpzUvPSSDB8G5tKinBIGIZ+sxLJE/ZzEvHT94JKizLx0a6BxUmjGOUNodHsLQAygGfpZ+Un6KYklibpFpXl5qUX6ZgB6zjkXxwAAAA==[0m6
originally caused by:
 Started by user [8mha:////4AvbKtqCpWGC4/9vlaAOyQD+y56HOfLOpPpkD7K9YRsAAAAAlx+LCAAAAAAAAP9b85aBtbiIQTGjNKU4P08vOT+vOD8nVc83PyU1x6OyILUoJzMv2y+/JJUBAhiZGBgqihhk0NSjKDWzXb3RdlLBUSYGJk8GtpzUvPSSDB8G5tKinBIGIZ+sxLJE/ZzEvHT94JKizLx0a6BxUmjGOUNodHsLgAzWEgZu/dLi1CL9xJTczDwAj6GcLcAAAAA=[0madmin
Running as SYSTEM
Building in workspace /var/root/.jenkins/workspace/data-zhongguofeng
using credential root
 > git rev-parse --is-inside-work-tree # timeout=10
Fetching changes from the remote Git repository
 > git config remote.origin.url git@github.com:kirinisland/datapipe.git # timeout=10
Fetching upstream changes from git@github.com:kirinisland/datapipe.git
 > git --version # timeout=10
using GIT_SSH to set credentials 
 > git fetch --tags --force --progress -- git@github.com:kirinisland/datapipe.git +refs/heads/*:refs/remotes/origin/* # timeout=10
 > git rev-parse refs/remotes/origin/master^{commit} # timeout=10
 > git rev-parse refs/remotes/origin/origin/master^{commit} # timeout=10
Checking out Revision 8862dc0b93faeb24f71cee4ff5c950ac2bc56c56 (refs/remotes/origin/master)
 > git config core.sparsecheckout # timeout=10
 > git checkout -f 8862dc0b93faeb24f71cee4ff5c950ac2bc56c56 # timeout=10
Commit message: "update log"
 > git rev-list --no-walk 3b56e1389a2f9aeae1cb5cd946f48ff1e4df7866 # timeout=10
[data-zhongguofeng] $ /bin/sh -xe /var/folders/zz/zyxvpxvq6csfxvn_n0000000000000/T/jenkins3251236991599609112.sh
+ set -x
+ date_str=
+ '[' '' = '' ']'
++ date +%Y%m%d
+ date_str=20210418
+ output_dir=/Users/hongliang/media/storage/production_data/original_lyric/20210418
+ mkdir -pv /Users/hongliang/media/storage/production_data/original_lyric/20210418
+ python3 runner_qq.py --method search --query $'\344\270\255\345\233\275\351\243\216' --output-suffix zhongguofeng --dump-raw 1 --dump-seg 0
INFO:[DataPipeline]:Start crawling for query: ä¸­å›½é£
INFO:[DataPipeline]:Processing playlist page: 0, found 47 playlists
INFO:[DataPipeline]:Processing playlist page: 1, found 46 playlists
INFO:[DataPipeline]:Processing playlist page: 2, found 46 playlists
INFO:[DataPipeline]:Processing playlist page: 3, found 49 playlists
INFO:[DataPipeline]:Processing playlist page: 4, found 49 playlists
INFO:[DataPipeline]:Processing playlist page: 5, found 46 playlists
INFO:[DataPipeline]:Processing playlist page: 6, found 47 playlists
INFO:[DataPipeline]:Processing playlist page: 7, found 50 playlists
INFO:[DataPipeline]:Processing playlist page: 8, found 49 playlists
INFO:[DataPipeline]:Processing playlist page: 9, found 49 playlists
INFO:[DataPipeline]:Processing playlist page: 10, found 48 playlists
INFO:[DataPipeline]:Processing playlist page: 11, found 46 playlists
INFO:[DataPipeline]:Processing playlist page: 12, found 47 playlists
INFO:[DataPipeline]:Processing playlist page: 13, found 47 playlists
INFO:[DataPipeline]:Processing playlist page: 14, found 47 playlists
INFO:[DataPipeline]:Processing playlist page: 15, found 44 playlists
INFO:[DataPipeline]:Processing playlist page: 16, found 46 playlists
INFO:[DataPipeline]:Processing playlist page: 17, found 38 playlists
INFO:[DataPipeline]:Processing playlist page: 18, found 48 playlists
INFO:[DataPipeline]:Processing playlist page: 19, found 46 playlists
INFO:[DataPipeline]:Processing playlist page: 20, found 41 playlists
INFO:[DataPipeline]:Processing playlist page: 21, found 49 playlists
INFO:[DataPipeline]:Processing playlist page: 22, found 47 playlists
INFO:[DataPipeline]:Processing playlist page: 23, found 44 playlists
INFO:[DataPipeline]:Processing playlist page: 24, found 42 playlists
INFO:[DataPipeline]:Processing playlist page: 25, found 47 playlists
INFO:[DataPipeline]:Processing playlist page: 26, found 40 playlists
INFO:[DataPipeline]:Processing playlist page: 27, found 46 playlists
INFO:[DataPipeline]:Processing playlist page: 28, found 41 playlists
INFO:[DataPipeline]:Processing playlist page: 29, found 45 playlists
INFO:[DataPipeline]:Processing playlist page: 30, found 46 playlists
INFO:[DataPipeline]:Processing playlist page: 31, found 42 playlists
INFO:[DataPipeline]:Processing playlist page: 32, found 16 playlists
INFO:[DataPipeline]:Processing playlist page: 33, found 19 playlists
INFO:[DataPipeline]:Processing playlist page: 34, found 28 playlists
INFO:[DataPipeline]:Processing playlist page: 35, found 20 playlists
INFO:[DataPipeline]:Processing playlist page: 36, found 21 playlists
INFO:[DataPipeline]:Processing playlist page: 37, found 17 playlists
INFO:[DataPipeline]:Processing playlist page: 38, found 50 playlists
INFO:[DataPipeline]:Processing playlist page: 39, found 18 playlists
INFO:[DataPipeline]:Processing playlist page: 40, found 15 playlists
INFO:[DataPipeline]:Processing playlist page: 41, found 20 playlists
INFO:[DataPipeline]:Processing playlist page: 42, found 27 playlists
INFO:[DataPipeline]:Processing playlist page: 43, found 5 playlists
INFO:[DataPipeline]:Processing playlist page: 44, found 19 playlists
INFO:[DataPipeline]:Processing playlist page: 45, found 46 playlists
INFO:[DataPipeline]:Processing playlist page: 46, found 19 playlists
INFO:[DataPipeline]:Processing playlist page: 47, found 18 playlists
INFO:[DataPipeline]:Processing playlist page: 48, found 46 playlists
INFO:[DataPipeline]:Processing playlist page: 49, found 25 playlists
INFO:[DataPipeline]:Processing playlist page: 50, found 0 playlists
INFO:[DataPipeline]:Total playlists found about topic: ä¸­å›½é£: 1894
INFO:[DataPipeline]:PlayList: [7166060330] ä¸­å›½é£ä»£è¡¨ä½œï¼šä¸€äººä¸€é¦–ç»å…¸æ›² (0/1894) has 148 songs.
INFO:[DataPipeline]:PlayList: [7391629553] è®ºä¸­å›½é£ï¼Œæˆ‘åªæœæ–¹æ–‡å±± (1/1894) has 40 songs.
INFO:[DataPipeline]:PlayList: [2061196244] ã€ä¸­å›½é£ã€‘æ„¿å¾—ä¸€äººå¿ƒ&#32;ç™½é¦–ä¸ç›¸ç¦» (2/1894) has 62 songs.
INFO:[DataPipeline]:PlayList: [7692240932] ã€å¤éŸµå¤é£ã€‘å¯»è§…ä¸­å›½é£ (3/1894) has 195 songs.
INFO:[DataPipeline]:PlayList: [7440131804] 100é¦–å½±è§†æ­Œæ›²ï¼Œé¢†æ‚Ÿä¸­å›½é£éŸµå‘³ (4/1894) has 125 songs.
INFO:[DataPipeline]:PlayList: [7616518963] ã€ä¸­å›½é£è¹¦è¿ªã€å¤é£ä¸­æ–‡DJ (5/1894) has 160 songs.
INFO:[DataPipeline]:PlayList: [7908734292] å¤éŸµä¸­å›½é£ï½œæƒŠé¸¿ä¸€æ›²ä¹±æˆ‘å¿ƒ (6/1894) has 25 songs.
INFO:[DataPipeline]:PlayList: [6756025618] ä¸­å›½é£ç³»åˆ—ï¼šæŠŠé…’çº¢å°˜ï½œé†‰æ¢¦ä¸€åœº (7/1894) has 579 songs.
INFO:[DataPipeline]:PlayList: [4247108355] å½±è§†å‰§é‡Œçš„ä¸­å›½é£å¯¹å”± (8/1894) has 94 songs.
INFO:[DataPipeline]:PlayList: [7956387274] ä¸­å›½é£&#32;ï½œ&#32;æ–©ä¸æ–­çš„ç›¸æ€æƒ…é•¿ (9/1894) has 56 songs.
INFO:[DataPipeline]:Sleep for: 80
INFO:[DataPipeline]:PlayList: [6990664122] æŠ–éŸ³çƒ­æ’­ä¸­å›½é£éŸ³ä¹åˆé›† (10/1894) has 24 songs.
--- Logging error ---
Traceback (most recent call last):
  File "/Library/Python/3.7/site-packages/urllib3/connectionpool.py", line 376, in _make_request
    self._validate_conn(conn)
  File "/Library/Python/3.7/site-packages/urllib3/connectionpool.py", line 994, in _validate_conn
    conn.connect()
  File "/Library/Python/3.7/site-packages/urllib3/connection.py", line 360, in connect
    ssl_context=context,
  File "/Library/Python/3.7/site-packages/urllib3/util/ssl_.py", line 370, in ssl_wrap_socket
    return context.wrap_socket(sock, server_hostname=server_hostname)
  File "/Library/Developer/CommandLineTools/Library/Frameworks/Python3.framework/Versions/3.7/lib/python3.7/ssl.py", line 412, in wrap_socket
    session=session
  File "/Library/Developer/CommandLineTools/Library/Frameworks/Python3.framework/Versions/3.7/lib/python3.7/ssl.py", line 853, in _create
    self.do_handshake()
  File "/Library/Developer/CommandLineTools/Library/Frameworks/Python3.framework/Versions/3.7/lib/python3.7/ssl.py", line 1117, in do_handshake
    self._sslobj.do_handshake()
socket.timeout: _ssl.c:1039: The handshake operation timed out

During handling of the above exception, another exception occurred:

Traceback (most recent call last):
  File "/Library/Python/3.7/site-packages/requests/adapters.py", line 449, in send
    timeout=timeout
  File "/Library/Python/3.7/site-packages/urllib3/connectionpool.py", line 720, in urlopen
    method, url, error=e, _pool=self, _stacktrace=sys.exc_info()[2]
  File "/Library/Python/3.7/site-packages/urllib3/util/retry.py", line 400, in increment
    raise six.reraise(type(error), error, _stacktrace)
  File "/Library/Python/3.7/site-packages/urllib3/packages/six.py", line 735, in reraise
    raise value
  File "/Library/Python/3.7/site-packages/urllib3/connectionpool.py", line 672, in urlopen
    chunked=chunked,
  File "/Library/Python/3.7/site-packages/urllib3/connectionpool.py", line 379, in _make_request
    self._raise_timeout(err=e, url=url, timeout_value=conn.timeout)
  File "/Library/Python/3.7/site-packages/urllib3/connectionpool.py", line 331, in _raise_timeout
    self, url, "Read timed out. (read timeout=%s)" % timeout_value
urllib3.exceptions.ReadTimeoutError: HTTPSConnectionPool(host='c.y.qq.com', port=443): Read timed out. (read timeout=30)

During handling of the above exception, another exception occurred:

Traceback (most recent call last):
  File "runner_qq.py", line 58, in process_playlist
    lyric = api.get_song_lyric(song.id)
  File "/private/var/root/.jenkins/workspace/data-zhongguofeng/dao/qq_api.py", line 43, in get_song_lyric
    raw_text = self.fetch_raw(url)
  File "/private/var/root/.jenkins/workspace/data-zhongguofeng/dao/base_api.py", line 34, in fetch_raw
    verify=False)
  File "/Library/Python/3.7/site-packages/requests/api.py", line 75, in get
    return request('get', url, params=params, **kwargs)
  File "/Library/Python/3.7/site-packages/requests/api.py", line 60, in request
    return session.request(method=method, url=url, **kwargs)
  File "/Library/Python/3.7/site-packages/requests/sessions.py", line 533, in request
    resp = self.send(prep, **send_kwargs)
  File "/Library/Python/3.7/site-packages/requests/sessions.py", line 646, in send
    r = adapter.send(request, **kwargs)
  File "/Library/Python/3.7/site-packages/requests/adapters.py", line 529, in send
    raise ReadTimeout(e, request=request)
requests.exceptions.ReadTimeout: HTTPSConnectionPool(host='c.y.qq.com', port=443): Read timed out. (read timeout=30)

During handling of the above exception, another exception occurred:

Traceback (most recent call last):
  File "/Library/Developer/CommandLineTools/Library/Frameworks/Python3.framework/Versions/3.7/lib/python3.7/logging/__init__.py", line 1034, in emit
    msg = self.format(record)
  File "/Library/Developer/CommandLineTools/Library/Frameworks/Python3.framework/Versions/3.7/lib/python3.7/logging/__init__.py", line 880, in format
    return fmt.format(record)
  File "/Library/Developer/CommandLineTools/Library/Frameworks/Python3.framework/Versions/3.7/lib/python3.7/logging/__init__.py", line 619, in format
    record.message = record.getMessage()
  File "/Library/Developer/CommandLineTools/Library/Frameworks/Python3.framework/Versions/3.7/lib/python3.7/logging/__init__.py", line 380, in getMessage
    msg = msg % self.args
TypeError: not all arguments converted during string formatting
Call stack:
  File "runner_qq.py", line 158, in <module>
    main()
  File "runner_qq.py", line 145, in main
    args.proxy, logger, args.dump_raw, args.dump_seg)
  File "runner_qq.py", line 68, in process_playlist
    logger.error("Exception in processing songs: ", err)
Message: 'Exception in processing songs: '
Arguments: (ReadTimeout(ReadTimeoutError("HTTPSConnectionPool(host='c.y.qq.com', port=443): Read timed out. (read timeout=30)")),)
INFO:[DataPipeline]:PlayList: [7947563633] å½±è§†ä¸­å›½é£ï½œè™æ‹åƒå¹´ï¼Œæƒ…å®šä¸‰ç”Ÿ (11/1894) has 66 songs.
INFO:[DataPipeline]:PlayList: [7925273673] ä¸­å›½é£çº¯éŸ³&#32;ï½œ&#32;è¢…è¢…éŸ³éŸµæ„Ÿæ‚Ÿäººç”Ÿ (12/1894) has 59 songs.
INFO:[DataPipeline]:PlayList: [7955400642] è¶æ‹èŠ±ï¼šæµè¡ŒéŸ³ä¹ä¸­è•´è—çš„ä¸­å›½é£ (13/1894) has 50 songs.
INFO:[DataPipeline]:PlayList: [7956356541] çº¯éŸ³ä¹&#32;ï½œ&#32;ç«¹ç¬›å¥æµ“æƒ…ä¼ æ‰¿ä¸­å›½é£ (14/1894) has 33 songs.
INFO:[DataPipeline]:PlayList: [7535634794] ä¸ƒæœµç»„åˆ&#32;&#124;&#32;æµ“æµ“çš„ä¸­å›½é£ (15/1894) has 47 songs.
INFO:[DataPipeline]:PlayList: [7955981471] ä¸­å›½é£ï½œå±±æ²³ä¸ä¸ºé‡ï¼Œé‡åœ¨å¾—çŸ¥å·± (16/1894) has 25 songs.
INFO:[DataPipeline]:PlayList: [3632971993] å…¨èƒ½GAI&#32;&#124;&#32;ä¸­å›½é£è¯´å”± (17/1894) has 104 songs.
INFO:[DataPipeline]:PlayList: [7617792408] ã€ä¸­å›½é£ã€‘æµè¡ŒéŸ³ä¹æ’ä¸Šç¥ä»™æˆè…” (18/1894) has 29 songs.
INFO:[DataPipeline]:PlayList: [7691843535] ä¸­å›½é£ï½œå€¾å¬ä¸€æ›²ï¼ŒéŸµå¾‹ç»•å¿ƒå¤´ (19/1894) has 31 songs.
INFO:[DataPipeline]:Sleep for: 137
INFO:[DataPipeline]:PlayList: [7910861252] è½»å¿«ä¸­å›½é£ï½œè¯—æ„æ¼«æ¼«å…¥å¿ƒæ‰‰ (20/1894) has 21 songs.
INFO:[DataPipeline]:PlayList: [4247123729] å½±è§†å‰§é‡Œçš„ä¸­å›½é£ç”·å£° (21/1894) has 122 songs.
INFO:[DataPipeline]:PlayList: [7526280377] æ²‰æººå›½éŸµ&#32;&#124;&#32;æ’éª¨æ•™ä¸»çš„ä¸­å›½é£æ­Œå• (22/1894) has 15 songs.
INFO:[DataPipeline]:PlayList: [7081812527] ä¸­å›½é£&#32;&#124;&#32;ç»å…¸å½±è§†å¤§å…¨ (23/1894) has 66 songs.
INFO:[DataPipeline]:PlayList: [7795709923] ä¸­å›½é£ï½œé’ç¯é»„å·ï¼Œæ— å¤„è¯å‡„å‡‰ (24/1894) has 52 songs.
INFO:[DataPipeline]:PlayList: [7540655463] è¯—æ„ä¸­å›½é£ï¼Œå½±è§†æƒ…ä¸­å‘³ (25/1894) has 312 songs.
INFO:[DataPipeline]:PlayList: [1159589645] çˆ·çˆ·å¥¶å¥¶å¬äº†ä¹Ÿä¼šçˆ±ä¸Šçš„ä¸­å›½é£åˆé›† (26/1894) has 130 songs.
INFO:[DataPipeline]:PlayList: [7666557900] ä¸­å›½é£&#32;&#124;&#32;çƒ­æ’­å¤è£…å‰§å¿…è¿½æ­Œæ›² (27/1894) has 123 songs.
INFO:[DataPipeline]:PlayList: [7199774015] ä¸­å›½é£&#32;&#124;&#32;ä»™ä¾ ç”µè§†å‰§æ­Œæ›²ç›˜ç‚¹ (28/1894) has 28 songs.
INFO:[DataPipeline]:PlayList: [6966299000] å½±è§†æ­Œæ›²ä¸­çš„ä¸­å›½é£ (29/1894) has 24 songs.
INFO:[DataPipeline]:Sleep for: 142
INFO:[DataPipeline]:PlayList: [7930892302] ä¸­å›½é£è¯´å”±&#32;&#124;&#32;å±•ç°ä¸­åç²¾æ°”ç¥ (30/1894) has 28 songs.
INFO:[DataPipeline]:PlayList: [7883913336] æ°‘ä¹çº¯éŸ³ï½œæ‰“å¼€ä¸­å›½é£å¤éŸµå®ç›’ (31/1894) has 25 songs.
INFO:[DataPipeline]:PlayList: [7654827445] å½±è§†ä¸­å›½é£ï½œå©‰è½¬å¥³å£°ï¼Œæƒ¹äººæ²‰é†‰ (32/1894) has 45 songs.
INFO:[DataPipeline]:PlayList: [7576941440] ä¸­å›½é£TRAPï¼Œåå¤ä¹å™¨æ€ (33/1894) has 17 songs.
INFO:[DataPipeline]:PlayList: [7328419661] ã€Œä¸­å›½é£çº¯éŸ³ã€å€šæ å¬é£ï¼Œå¦‚æ¢¦å¦‚é†‰ (34/1894) has 20 songs.
INFO:[DataPipeline]:PlayList: [7671844289] ã€Œä¸­å›½é£ã€ä¸€æ›²é’ä¸ï¼ŒæŸ”åƒä¸‡æƒ… (35/1894) has 56 songs.
INFO:[DataPipeline]:PlayList: [7817836998] ã€ä¸­å›½é£ã€æ¢¦å›é‚£å¹´æ±Ÿå—çƒŸé›¨ğŸ¥€ (36/1894) has 42 songs.
INFO:[DataPipeline]:PlayList: [771437188] å”¯ç¾åŠ¨å¬çš„ä¸­å›½é£å¥³å£° (37/1894) has 30 songs.
INFO:[DataPipeline]:PlayList: [7659373403] å›½ç”µï½œé¢†ç•¥å¸¦æœ‰ç‹¬ç‰¹ä¸­å›½é£çš„ç”µéŸ³ (38/1894) has 30 songs.
INFO:[DataPipeline]:PlayList: [7716529834] ä¸­å›½é£BGMï½œå°‘å¹´è‡ªæœ‰å°‘å¹´ç‹‚ (39/1894) has 45 songs.
INFO:[DataPipeline]:Sleep for: 69
INFO:[DataPipeline]:PlayList: [6271483957] æ¸…æ­Œä¼ çš“é½¿&#32;&#124;&#32;å¤é£ä¸ä¸­å›½é£ (40/1894) has 70 songs.
INFO:[DataPipeline]:PlayList: [2039451577] éŸ³ä¹é¬¼æ‰è®¸åµ©çš„ä¸­å›½é£ (41/1894) has 20 songs.
INFO:[DataPipeline]:PlayList: [7780937333] ä¸­å›½é£&#32;&#124;&#32;é¢†ç•¥å”å®‹å…ƒæ˜æ¸…çš„éŸµå¾‹ (42/1894) has 54 songs.
INFO:[DataPipeline]:PlayList: [7863616072] å¤éŸµä¸­å›½é£ï½œç¬™æ­Œæ•£å°½å…®äººç¦» (43/1894) has 25 songs.
INFO:[DataPipeline]:PlayList: [1132507358] ç¼–è¾‘æ¨èï½œä¸€äººä¸€é¦–éŸµå‘³ä¸­å›½é£ (44/1894) has 50 songs.
INFO:[DataPipeline]:PlayList: [7014439524] ä¸­å›½é£&#32;Â·&#32;ä½•æ—¥å›å†æ¥ (45/1894) has 36 songs.
INFO:[DataPipeline]:PlayList: [4277790694] é€‚åˆä¹¦å§çš„ä¸­å›½é£çº¯éŸ³ä¹ (46/1894) has 80 songs.
INFO:[DataPipeline]:PlayList: [7717220125] ä¸­å›½é£ï¼šä¸€æ›²ç›¸æ€ï¼Œä¸€é¥®å¦‚æ¢¦ (47/1894) has 20 songs.
INFO:[DataPipeline]:PlayList: [7371247029] ç‡ƒå‘ä¸­å›½é£&#32;Â·&#32;å¤©ä¸‹é£äº‘å‡ºæˆ‘è¾ˆ (48/1894) has 26 songs.
INFO:[DataPipeline]:PlayList: [7714954224] å¤éŸµä¸­å›½é£&#58;å¯‚å¯ç©ºåº­æ˜¥æ¬²æ™š (49/1894) has 28 songs.
INFO:[DataPipeline]:Sleep for: 42
INFO:[DataPipeline]:PlayList: [7665596697] å›½é£ç”µå­/ä¸­å›½é£å®Œç¾äº¤èEDM (50/1894) has 20 songs.
INFO:[DataPipeline]:PlayList: [1121040801] ç”¨å¿ƒè†å¬ï¼ŒéŸµå‘³ä¸­å›½é£ (51/1894) has 30 songs.
INFO:[DataPipeline]:PlayList: [811110445] ç²¤è¯­å°è®°&#32;&#124;&#32;ä¸­å›½é£çš„éŸµå¾‹ (52/1894) has 50 songs.
INFO:[DataPipeline]:PlayList: [7736961505] ã€ä¸­å›½é£ã€æ­¦å£«é“Â·ä¸ºçŸ¥å·±è€…æ­» (53/1894) has 22 songs.
INFO:[DataPipeline]:PlayList: [6967276561] æŠšç´ç…®èŒ¶ï¼Œå“ä¸€æ›²é›…è‡´ä¸­å›½é£&#32; (54/1894) has 26 songs.
INFO:[DataPipeline]:PlayList: [7060359081] è¶…çº§è™å¿ƒçš„ä¸­å›½é£å–Šéº¦åˆé›† (55/1894) has 34 songs.
INFO:[DataPipeline]:PlayList: [7824128681] ä¸­å›½é£ï¼šé›¨ç¢å°å‰æ¶¦æ¹¿é’å¸˜ (56/1894) has 25 songs.
INFO:[DataPipeline]:PlayList: [1434686238] ã€å¤é£ã€‘æ‹æ‹ä¸­å›½é£&#32;å¹½å¹½æ•…äººæƒ… (57/1894) has 18 songs.
INFO:[DataPipeline]:PlayList: [7817881246] ä¸­å›½é£ï¼šæ— äººå‚¬é€è«æ„æ¥ (58/1894) has 32 songs.
INFO:[DataPipeline]:PlayList: [1757933544] &#32;90åè®°å¿†ä¸­çš„ä¸­å›½é£ï¼šæµè¡Œæ­Œæ›²ä¸­çš„è¯—æ„ (59/1894) has 79 songs.
INFO:[DataPipeline]:Sleep for: 30
INFO:[DataPipeline]:PlayList: [2909820514] å¤é£ä¹‹éŸµ&#32;å”¯ç¾ä¸­å›½é£&#32;æ‚ æ‚ æ¥è¢­ (60/1894) has 23 songs.
INFO:[DataPipeline]:PlayList: [7673314520] å¤é£äº¦å¯DJï½œä¸­å›½é£ä¹Ÿèƒ½è¹¦è¿ª (61/1894) has 40 songs.
INFO:[DataPipeline]:PlayList: [7442818498] æ‹æ‹ä¸­å›½é£ï¼šä¸€è§å€¾å¿ƒå‚²è§†èŠ³å (62/1894) has 51 songs.
INFO:[DataPipeline]:PlayList: [5358567914] äº²æˆšé¢å‰éœ²ä¸€æ‰‹ï¼ä¸­å›½é£Kæ­Œé‡‘æ›² (63/1894) has 48 songs.
INFO:[DataPipeline]:PlayList: [2924951291] ä¸­å›½é£ï¼Œä¸€æ›²ç¦»éªšè®©äººä¼¤ (64/1894) has 22 songs.
INFO:[DataPipeline]:PlayList: [3283735297] æ¥ä¸€è½¦ä¸­å›½é£å°è¯´ï¼Œæˆ‘è¿˜å¯ä»¥ç»§ç»­çœ‹ï¼ (65/1894) has 56 songs.
INFO:[DataPipeline]:PlayList: [1738768842] ä¸€äººä¸€é¦–ä¸­å›½é£ (66/1894) has 20 songs.
INFO:[DataPipeline]:PlayList: [6968595893] ç‹¬ä¸Šå…°èˆŸï¼Œå¯»ä¸€æ›²æ‚ æ‚ ä¸­å›½é£ (67/1894) has 26 songs.
INFO:[DataPipeline]:PlayList: [7653762392] ä¸­å›½é£ï¼Œè†å¬å¤ä»£çš„å£°éŸ³ã€‚ (68/1894) has 36 songs.
INFO:[DataPipeline]:PlayList: [7772575439] ä¸­å›½é£ï½œä¸€æ¯ç›¸æ€é…’ï¼Œä¸€æ›²å¤é£éŸµ (69/1894) has 20 songs.
INFO:[DataPipeline]:Sleep for: 78
INFO:[DataPipeline]:PlayList: [7835299913] ä¸­å›½é£æ‘‡æ»šï¼šä»¥æ¢¦ä¸ºé©¬ä»—å‰‘å‰è¡Œ (70/1894) has 41 songs.
INFO:[DataPipeline]:PlayList: [1129502203] è¿™äº›ä¸­å›½é£æ­Œæ›²ä½ è¿˜è®°å¾—å—ï¼Ÿ (71/1894) has 21 songs.
INFO:[DataPipeline]:PlayList: [2860235555] ä¸­å›½é£ï¼šä½™éŸµæ‚ æ‰¬å¯„ä»¥å¿ƒ (72/1894) has 74 songs.
INFO:[DataPipeline]:PlayList: [7824716456] ä¸­å›½é£ï½œä¸å›ç¦»åˆ«æ„&#32;å‡„å‡„å¤å‡„å‡„ (73/1894) has 32 songs.
INFO:[DataPipeline]:PlayList: [7733252518] æƒŠè‰³ä¸­å›½é£ï¼šä¸‰ç”Ÿæœ‰å¹¸é‡è§ä½  (74/1894) has 49 songs.
INFO:[DataPipeline]:PlayList: [2371751710] ã€Œä¸­å›½é£ã€&#32;ä¸€è¢­é’è¡£ï¼ŒæŸ“å°±ä¸€æ ‘èŠ³å (75/1894) has 80 songs.
INFO:[DataPipeline]:PlayList: [7485461691] èŒèŒå“’å¤©å›¢&#32;&#124;&#32;ä¸­å›½é£æœ€ç¾å¥³å›¢ (76/1894) has 249 songs.
INFO:[DataPipeline]:PlayList: [2594324022] ä¸­å›½é£ï¼Œä½“ä¼šå¤éŸµå¦–å¨† (77/1894) has 24 songs.
INFO:[DataPipeline]:PlayList: [7701952288] å¤éŸµä¸­å›½é£â€–ä¸‰å†¬ä½ å¯æ„¿æ¥ (78/1894) has 46 songs.
INFO:[DataPipeline]:PlayList: [1783173810] é¥®ä¸€æ›²é†‰ç¾ä¸­å›½é£&#58;&#32;æŸ”æƒ…ä¼¼æ°´ï¼Œä½³æœŸå¦‚æ¢¦ (79/1894) has 44 songs.
INFO:[DataPipeline]:Sleep for: 48
INFO:[DataPipeline]:PlayList: [7233780688] ã€ä¸­å›½é£ã€‘å®…å®¶è¿½å¤è£…å‰§å¿…å¤‡ (80/1894) has 28 songs.
INFO:[DataPipeline]:PlayList: [3514109038] ä¸­å›½é£Â·ä¸€æ›²æ‚ æ‰¬æ¼«ç¯±å¢™ (81/1894) has 35 songs.
INFO:[DataPipeline]:PlayList: [2671455047] ã€Œåè¯­ã€è¯—æ„ä¸­å›½é£ (82/1894) has 106 songs.
INFO:[DataPipeline]:PlayList: [7827217689] å”¯ç¾ä¸­å›½é£ï¼šæ„Ÿå—å›½ç”»çš„å±±å·ä¹‹ç¾ (83/1894) has 16 songs.
INFO:[DataPipeline]:PlayList: [1162880422] ä¸­å›½é£ï¼šæ—§æ—¥æ—¶å…‰ï¼Œé™å€™ä¸€åœºä¹…åˆ«çš„é‡é€¢ã€‚ (84/1894) has 32 songs.
INFO:[DataPipeline]:PlayList: [7000774262] ä¸­å›½é£ç¿»å”±&#32;&#58;&#32;æ¸©æ¶¦å…¬å­éŸ³ (85/1894) has 20 songs.
INFO:[DataPipeline]:PlayList: [7587307096] ä¸­å›½é£çš„æ—¥æœ¬çº¯éŸ³ä¹ (86/1894) has 34 songs.
INFO:[DataPipeline]:PlayList: [1767939711] å¤é£pkä¸­å›½é£ï¼Œä½ æœ€çˆ±å“ªä¸€ç§ (87/1894) has 121 songs.
INFO:[DataPipeline]:PlayList: [7825130004] ä¸­å›½é£ï½œå¨˜å­çš„æ–°è¡£ï¼Œç”šæ˜¯ç¾ä¸½ (88/1894) has 20 songs.
INFO:[DataPipeline]:PlayList: [3263692011] èŠ±å¼€ä¸€åƒå¹´,ç‹¬çœ‹æ²§æµ·åŒ–æ¡‘ç”°ä¹‹ä¸­å›½é£ (89/1894) has 57 songs.
INFO:[DataPipeline]:Sleep for: 33
INFO:[DataPipeline]:PlayList: [2072789141] ä¸­å›½é£ç”µéŸ³ï¼šæ•¢é—®ä¸Šå¤©ï¼Œæ˜¯å¦æœ‰ä»™ï¼Ÿ (90/1894) has 41 songs.
INFO:[DataPipeline]:PlayList: [2911745961] å¤é£ä¹‹éŸµ&#32;å”¯ç¾ä¸­å›½é£ï¼ˆåˆå”±ï¼‰ (91/1894) has 18 songs.
INFO:[DataPipeline]:PlayList: [7782684499] ä¸€èµ·å å…¥Sandçš„ä¸­å›½é£ç”µéŸ³ä¸–ç•Œ (92/1894) has 108 songs.
INFO:[DataPipeline]:PlayList: [1727752973] å¯„å›ä¸€æ›²ï¼Œæ¬§ç¾ä¸­å›½é£ (93/1894) has 19 songs.
INFO:[DataPipeline]:PlayList: [7001045133] ä¸­å›½é£çº¯éŸ³ä¸¨å‘Šåˆ«å‚é’“æ—¶çš„ç„¦è™‘ç—‡ (94/1894) has 34 songs.
INFO:[DataPipeline]:PlayList: [7739922965] ä¸­å›½é£&#32;&#124;&#32;åŸæ¥è‹±é›„æ˜¯å­¤ç‹¬ (95/1894) has 28 songs.
INFO:[DataPipeline]:PlayList: [7127990282] æ„Ÿæ—¶æ€€å¤æƒ…&#32;Â·&#32;å°è¯´æ”¹ç¼–å½±è§†ä¸­å›½é£ (96/1894) has 24 songs.
INFO:[DataPipeline]:PlayList: [3234866278] æµ…å°æ‚ æ‰¬çš„ä¸­å›½è¨å…‹æ–¯é£ (97/1894) has 18 songs.
INFO:[DataPipeline]:PlayList: [7666747591] ã€Œä¸­å›½é£ã€ç”¨å¿ƒæ„Ÿå—å›½ä¹‹é£éŸµ (98/1894) has 33 songs.
INFO:[DataPipeline]:PlayList: [3512676916] ä¸­å›½é£&#32;&#32;&#32;ç™¾è½¬åƒå›æ¢¦ä¸æ–­ (99/1894) has 15 songs.
INFO:[DataPipeline]:Sleep for: 62
INFO:[DataPipeline]:PlayList: [802926776] æ­ªæœåŸå£°å¤§æ‹¿ç¬”ä¸‹çš„ä¸­å›½é£é…ä¹ (100/1894) has 20 songs.
INFO:[DataPipeline]:PlayList: [7192223383] æˆè…”ä¸­å›½é£ï¼šä¸‰åˆ†å”±å¿µä¸ƒåˆ†ä½œ (101/1894) has 42 songs.
INFO:[DataPipeline]:PlayList: [7660915882] Chinaï¼ä¸­å›½é£ç”µéŸ³ä¹‹å´›èµ·ä¹‹è·¯ (102/1894) has 76 songs.
INFO:[DataPipeline]:PlayList: [7790936884] ä¸­å›½é£æ—¥æ¼«ï¼šã€Šä¸æ€è®®æ¸¸æˆã€‹ (103/1894) has 94 songs.
INFO:[DataPipeline]:PlayList: [7796297075] ä¸­å›½é£çº¯éŸ³ï½œä¸€æ›²å€¾è¿°è¡·æƒ… (104/1894) has 28 songs.
INFO:[DataPipeline]:PlayList: [7709305834] æœ€ç¾ä¸­å›½é£ï½œæ›²è°ƒæ‚ æ‰¬é†‰äººå¿ƒ (105/1894) has 32 songs.
INFO:[DataPipeline]:PlayList: [7756619617] ã€Šæ±Ÿå—ç™¾æ™¯å›¾ã€‹âœ˜å”¯ç¾ä¸­å›½é£ (106/1894) has 22 songs.
INFO:[DataPipeline]:PlayList: [7816979002] ä¸­å›½é£ï¼šå›å­å¦‚å…°ï¼Œæ€ä¹‹å¯å½’ (107/1894) has 50 songs.
INFO:[DataPipeline]:PlayList: [7047529839] ä¾ å®¢ä¸­å›½é£&#32;Â·&#32;åŸåˆ°æ©ä»‡å¿ƒäº‹æ¶Œ (108/1894) has 36 songs.
INFO:[DataPipeline]:PlayList: [7710925048] å¤éŸµä¸­å›½é£â€–èŠ±å¼€æ»¡åŸä¸ºä¸€äºº (109/1894) has 39 songs.
INFO:[DataPipeline]:Sleep for: 157
INFO:[DataPipeline]:PlayList: [7734763934] ä¼¤æ„Ÿä¸­å›½é£ï½œä¸€å¯¸ç›¸æ€ï¼Œä¸€å¯¸ä¼¤æ‚² (110/1894) has 30 songs.
INFO:[DataPipeline]:PlayList: [7341056707] çº¢æ­Œç»å…¸ä¸­å›½é£&#32;è€é©å‘½æ­Œæ›² (111/1894) has 56 songs.
INFO:[DataPipeline]:PlayList: [7740100776] å¤éŸµä¸­å›½é£ï½œä¸€ç§ç›¸æ€ï¼Œä¸¤å¤„é—²æ„ (112/1894) has 25 songs.
INFO:[DataPipeline]:PlayList: [7266932006] ä¸­å›½é£çº¯éŸ³ï¼š&#32;ä¸€æ›²ç¬™æ­Œæ‹ç‰ç®« (113/1894) has 30 songs.
INFO:[DataPipeline]:PlayList: [7633550633] ä¸­å›½é£live&#32;&#124;&#32;ä¸€æ›²æ€èƒ½å°½äººæ„ (114/1894) has 37 songs.
INFO:[DataPipeline]:PlayList: [3219243115] è®ºä¸­å›½é£ï¼Œæˆ‘åªæœæ–¹æ–‡å±± (115/1894) has 44 songs.
INFO:[DataPipeline]:PlayList: [6946825664] ä¸­å›½é£&#32;Â·&#32;è½èŠ±ç‰‡ç‰‡éšæ°´æµ (116/1894) has 22 songs.
INFO:[DataPipeline]:PlayList: [7684050920] æµ“éƒçš„ä¸­å›½é£ï¼Œå”¯ç¾é›…è‡´çš„äº«å—ã€‚ (117/1894) has 30 songs.
INFO:[DataPipeline]:PlayList: [7539313627] æ—¶ä¸‹æµè¡Œï¼šå½“Rapé‚‚é€…ä¸­å›½é£ (118/1894) has 62 songs.
INFO:[DataPipeline]:PlayList: [7346984845] ä¸­å›½é£éŸµå¾‹ï¼šé™å“çµåŠ¨ä¹‹éŸ³ (119/1894) has 25 songs.
INFO:[DataPipeline]:Sleep for: 150
INFO:[DataPipeline]:PlayList: [7010964453] ã€ä¸­å›½é£ã€‘å¦™æ‰‹é’ä¸èŠ±å‰ç»£ (120/1894) has 22 songs.
INFO:[DataPipeline]:PlayList: [7505292442] å½±è§†ä¸»é¢˜æ›²&#32;&#58;&#32;ä¸­å›½é£é‡Œçª¥ç›¸æ€ (121/1894) has 26 songs.
INFO:[DataPipeline]:PlayList: [7816991366] ä¸­å›½é£ï¼šè°æ›¾è®°èµ·å½“å¹´ç‹¬æ–Ÿæœˆä¸‹ (122/1894) has 28 songs.
INFO:[DataPipeline]:PlayList: [7222822024] ç¿©ç¿©å…¬å­&#32;Â·&#32;éœå°Šçš„ä¸­å›½é£ä¸–ç•Œ (123/1894) has 25 songs.
INFO:[DataPipeline]:PlayList: [6937834398] ä¼¤æ„Ÿä¸­å›½é£&#32;Â·&#32;ä¸æ›¾å¿µæ›²ä¸­äºº (124/1894) has 23 songs.
INFO:[DataPipeline]:PlayList: [7709790861] ä¸­å›½é£&#32;&#124;&#32;è¡€æŸ“æ±Ÿå±±ç”»æ€æ•Œä½ çœ‰é—´ (125/1894) has 21 songs.
INFO:[DataPipeline]:PlayList: [7743572752] ä¸­å›½é£&#32;&#124;&#32;æ±Ÿå—é£å‘³ï¼Œè¯—æ„ç™¾æ™¯ (126/1894) has 50 songs.
INFO:[DataPipeline]:PlayList: [2924951304] ä¸­å›½é£ï¼Œæ–°æ—§æ–‡åŒ–çš„ç¢°æ’ (127/1894) has 20 songs.
INFO:[DataPipeline]:PlayList: [2067204346] ã€Œä¸­å›½é£ç²¤è¯­ã€æ‰¿è½½ä½ çš„æ­¦ä¾ æ¢¦ (128/1894) has 87 songs.
INFO:[DataPipeline]:PlayList: [1127583888] ç»ç¾ä¸­å›½é£Â·åè¯­è¯æ›²å”±ä½œç²¾é€‰ (129/1894) has 15 songs.
INFO:[DataPipeline]:Sleep for: 69
INFO:[DataPipeline]:PlayList: [7521321504] å½±è§†ä¸­å›½é£ä¸¨å¤è£…ç”µè§†å‰§çº¯éŸ³åˆé›† (130/1894) has 29 songs.
INFO:[DataPipeline]:PlayList: [841440790] æƒ…è¿·ä¸­å›½é£Â·ç”µè§†å‰§ (131/1894) has 18 songs.
INFO:[DataPipeline]:PlayList: [7568527076] ä¸­å›½é£ï¼šæˆ‘ç­‰ä½ å¯å¦ä»¥èº«ç›¸è®¸ï¼Ÿ (132/1894) has 35 songs.
INFO:[DataPipeline]:PlayList: [2372395302] ç¼±ç»»ä¸­å›½é£ï¼Œè¯—æ„åå¤é­‚ (133/1894) has 102 songs.
INFO:[DataPipeline]:PlayList: [1736812809] å”¯æœ‰ä¸­å›½é£ä¸ç„å¹»æœ€é… (134/1894) has 31 songs.
INFO:[DataPipeline]:PlayList: [1776725921] ä¸­å›½é£ï½œä¸€æ›²ä¸­å›½é£ï¼Œå¬é†‰å¤šå°‘äºº (135/1894) has 34 songs.
INFO:[DataPipeline]:PlayList: [7631153147] ä¸­å›½é£ä¸¨å­¤é¥®ä¸€ç“¢é…’ï¼Œç‹¬æœ›æ…°é£å°˜ (136/1894) has 40 songs.
INFO:[DataPipeline]:PlayList: [7071773405] æœ€ç¾ä¸è¿‡ä¸­å›½é£ï¼Œæœ€å¥½ä¸è¿‡çœ¼å‰äºº (137/1894) has 31 songs.
INFO:[DataPipeline]:PlayList: [1136459893] æœ€åŠ¨å¬çš„ä¸­å›½é£çº¯éŸ³ä¹ (138/1894) has 18 songs.
INFO:[DataPipeline]:PlayList: [3267181404] ä¸­å›½é£ç”µå­ï¼Œå©‰çº¦ä¸å¤§æ°”çš„å®Œç¾ç»“åˆ (139/1894) has 181 songs.
