Started by upstream project "[8mha:////4A+bQWpgGeLrf62Kvp9R0kchXAV8l6qMSbpRKFffssHgAAAAnR+LCAAAAAAAAP9b85aBtbiIQTGjNKU4P08vOT+vOD8nVc83PyU1x6OyILUoJzMv2y+/JJUBAhiZGBgqihhk0NSjKDWzXb3RdlLBUSYGJk8GtpzUvPSSDB8G5tKinBIGIZ+sxLJE/ZzEvHT94JKizLx0a6BxUmjGOUNodHsLgAzuEgZB/az8JP2UxJJE3aLSvLzUIn0A55yqqsYAAAA=[0mdata-runner" build number [8mha:////4HQCA4knhyIdqMfGjt9l01EEIKToJYW1TWcwKRzOPzs4AAAAnB+LCAAAAAAAAP9b85aBtbiIQTGjNKU4P08vOT+vOD8nVc83PyU1x6OyILUoJzMv2y+/JJUBAhiZGBgqihhk0NSjKDWzXb3RdlLBUSYGJk8GtpzUvPSSDB8G5tKinBIGIZ+sxLJE/ZzEvHT94JKizLx0a6BxUmjGOUNodHsLQAygGfpZ+Un6KYklibpFpXl5qUX6JgBWrzf5xwAAAA==[0m4
originally caused by:
 Started by user [8mha:////4AvbKtqCpWGC4/9vlaAOyQD+y56HOfLOpPpkD7K9YRsAAAAAlx+LCAAAAAAAAP9b85aBtbiIQTGjNKU4P08vOT+vOD8nVc83PyU1x6OyILUoJzMv2y+/JJUBAhiZGBgqihhk0NSjKDWzXb3RdlLBUSYGJk8GtpzUvPSSDB8G5tKinBIGIZ+sxLJE/ZzEvHT94JKizLx0a6BxUmjGOUNodHsLgAzWEgZu/dLi1CL9xJTczDwAj6GcLcAAAAA=[0madmin
Running as SYSTEM
Building in workspace /var/root/.jenkins/workspace/data-shuochang
using credential root
 > git rev-parse --is-inside-work-tree # timeout=10
Fetching changes from the remote Git repository
 > git config remote.origin.url git@github.com:kirinisland/datapipe.git # timeout=10
Fetching upstream changes from git@github.com:kirinisland/datapipe.git
 > git --version # timeout=10
using GIT_SSH to set credentials 
 > git fetch --tags --force --progress -- git@github.com:kirinisland/datapipe.git +refs/heads/*:refs/remotes/origin/* # timeout=10
 > git rev-parse refs/remotes/origin/master^{commit} # timeout=10
 > git rev-parse refs/remotes/origin/origin/master^{commit} # timeout=10
Checking out Revision 6c4ba6bc2c1aca3d28fa806ca0767e83ea586636 (refs/remotes/origin/master)
 > git config core.sparsecheckout # timeout=10
 > git checkout -f 6c4ba6bc2c1aca3d28fa806ca0767e83ea586636 # timeout=10
Commit message: "updated api"
 > git rev-list --no-walk 6c4ba6bc2c1aca3d28fa806ca0767e83ea586636 # timeout=10
[data-shuochang] $ /bin/sh -xe /var/folders/zz/zyxvpxvq6csfxvn_n0000000000000/T/jenkins6796042639253000810.sh
+ python3 runner_qq.py --method search --query $'\350\257\264\345\224\261' --output-suffix shuochang --dump-raw 1 --dump-seg 0
INFO:[DataPipeline]:Start crawling for query: è¯´å”±
INFO:[DataPipeline]:Processing playlist page: 0, found 50 playlists
INFO:[DataPipeline]:Processing playlist page: 1, found 49 playlists
INFO:[DataPipeline]:Processing playlist page: 2, found 50 playlists
INFO:[DataPipeline]:Processing playlist page: 3, found 50 playlists
INFO:[DataPipeline]:Processing playlist page: 4, found 50 playlists
INFO:[DataPipeline]:Processing playlist page: 5, found 50 playlists
INFO:[DataPipeline]:Processing playlist page: 6, found 50 playlists
INFO:[DataPipeline]:Processing playlist page: 7, found 50 playlists
INFO:[DataPipeline]:Processing playlist page: 8, found 50 playlists
INFO:[DataPipeline]:Processing playlist page: 9, found 50 playlists
INFO:[DataPipeline]:Processing playlist page: 10, found 48 playlists
INFO:[DataPipeline]:Processing playlist page: 11, found 43 playlists
INFO:[DataPipeline]:Processing playlist page: 12, found 47 playlists
INFO:[DataPipeline]:Processing playlist page: 13, found 50 playlists
INFO:[DataPipeline]:Processing playlist page: 14, found 50 playlists
INFO:[DataPipeline]:Processing playlist page: 15, found 49 playlists
INFO:[DataPipeline]:Processing playlist page: 16, found 50 playlists
INFO:[DataPipeline]:Processing playlist page: 17, found 48 playlists
INFO:[DataPipeline]:Processing playlist page: 18, found 48 playlists
INFO:[DataPipeline]:Processing playlist page: 19, found 48 playlists
INFO:[DataPipeline]:Processing playlist page: 20, found 46 playlists
INFO:[DataPipeline]:Processing playlist page: 21, found 50 playlists
INFO:[DataPipeline]:Processing playlist page: 22, found 48 playlists
INFO:[DataPipeline]:Processing playlist page: 23, found 46 playlists
INFO:[DataPipeline]:Processing playlist page: 24, found 0 playlists
INFO:[DataPipeline]:Total playlists found about topic: è¯´å”±: 1170
INFO:[DataPipeline]:PlayList: [7279190816] ä¸­å›½æ–°è¯´å”± (0/1170) has 70 songs.
INFO:[DataPipeline]:PlayList: [7269422312] ä¸­æ–‡è¯´å”±åˆ¶èº (1/1170) has 51 songs.
INFO:[DataPipeline]:PlayList: [2920356245] åè¯­è¯´å”±ï¼šç°å®æ— èŠï¼Œä¸å¦‚ä¸€èµ·å¬æ­Œ (2/1170) has 41 songs.
INFO:[DataPipeline]:PlayList: [6811565820] éŸ©å›½è¯´å”±é›†ç»“åœ° (3/1170) has 98 songs.
INFO:[DataPipeline]:PlayList: [7372561647] å–œåº†è¯´å”±ï¼šè¿‡å¹´è´ºå²æ¥ç‚¹æ–°èŠ±æ · (4/1170) has 15 songs.
INFO:[DataPipeline]:PlayList: [7419967962] åè¯­è¯´å”±&#32;Â·&#32;æ»‘æ¿å°‘å¹´è‡´èƒœç§˜ç± (5/1170) has 21 songs.
INFO:[DataPipeline]:PlayList: [7060356620] åè¯­è¯´å”±&#32;&#124;&#32;å˜»å“ˆæ€èµ·çš„æ–°æµªæ½® (6/1170) has 59 songs.
INFO:[DataPipeline]:PlayList: [7044661378] ã€Šä¸­å›½æ–°è¯´å”±ã€‹2019æ­Œæ›²åˆé›† (7/1170) has 141 songs.
INFO:[DataPipeline]:PlayList: [7025601600] è®©ä½ å°é¹¿ä¹±æ’çš„æƒ…æ­Œè¯´å”± (8/1170) has 65 songs.
INFO:[DataPipeline]:PlayList: [6987554211] å‘¨è‘£è¯´å”±ï¼šç‹¬å…·ä¸€æ ¼ã€åˆ«æœ‰é£å‘³ (9/1170) has 40 songs.
INFO:[DataPipeline]:Sleep for: 173
INFO:[DataPipeline]:PlayList: [7374648354] ä¸­æ–‡è¯´å”±&#32;Â·&#32;è¡—å¤´ç©å®¶è‡´èƒœæ³•åˆ™ (10/1170) has 22 songs.
INFO:[DataPipeline]:PlayList: [7222867700] ä¼¤æ„Ÿçš„è¯´å”±ï¼Œå´è¶Šå¬è¶Šå…¥è¿· (11/1170) has 45 songs.
INFO:[DataPipeline]:PlayList: [7185933510] ä¸­æ–‡è¯´å”±&#32;Â·&#32;æ“çºµFlowç–¯ç‹‚è¾“å‡º (12/1170) has 25 songs.
INFO:[DataPipeline]:PlayList: [5715718629] ä»¥æˆè¯­ä¸ºæ­Œåçš„åè¯­è¯´å”± (13/1170) has 49 songs.
INFO:[DataPipeline]:PlayList: [7060355736] MCè¯´å”±&#32;&#124;&#32;ç»ˆæ˜¯åº„å‘¨æ¢¦äº†è¶ (14/1170) has 46 songs.
INFO:[DataPipeline]:PlayList: [3751500151] Tripè·³ï¼šé£æ ¼å¦ç±»çš„è¯´å”±å˜»å“ˆ (15/1170) has 37 songs.
INFO:[DataPipeline]:PlayList: [6918403156] éœ“è™¹è¯´å”±å¤§èµ (16/1170) has 28 songs.
INFO:[DataPipeline]:PlayList: [7060356633] Remixä¸­æ–‡è¯´å”±&#32;&#124;&#32;ç²¾å½©æ¼”ç»ä¸å¯»å¸¸ (17/1170) has 43 songs.
INFO:[DataPipeline]:PlayList: [7060350187] ã€Šä¸­å›½æ–°è¯´å”±ã€‹Rapperä½œå“ç²¾é€‰åˆé›† (18/1170) has 57 songs.
INFO:[DataPipeline]:PlayList: [7060356372] é…·é…·çš„ç”·å­©å­éƒ½å–œæ¬¢è¿™äº›è¯´å”± (19/1170) has 46 songs.
INFO:[DataPipeline]:Sleep for: 89
INFO:[DataPipeline]:PlayList: [7060350128] MCè¯´å”±&#32;&#124;&#32;ä¸ºä½ ç—´è¿·ä¸ºä½ ç‹‚ (20/1170) has 50 songs.
INFO:[DataPipeline]:PlayList: [7060356367] å¬ä¸è…»ï¼å¸…æ°”è¯´å”±åŠ ä¸Šæ¸©æŸ”å—“éŸ³ (21/1170) has 45 songs.
INFO:[DataPipeline]:PlayList: [7171030977] æ–°è¯´å”±æ ¸å¼¹ï¼šè¿™ä¸ªLiveæœ‰ç‚¹ç‚¸ï¼ (22/1170) has 21 songs.
INFO:[DataPipeline]:PlayList: [7252362363] åè¯­Rap&#32;Â·&#32;å¬çƒ­è¡€èˆ¬æŠ¼éŸµè¯´å”±èŠ‚å¥ (23/1170) has 40 songs.
INFO:[DataPipeline]:PlayList: [6927234768] æ”¾è½»æ¾ï¼èµ¶èµ°æŠ‘éƒçš„éšæ€§è¯´å”± (24/1170) has 41 songs.
INFO:[DataPipeline]:PlayList: [7215590809] åè¯­è¯´å”±ï¼šæ’©å¾—ä½ æ— æ³•è‡ªæ‹” (25/1170) has 36 songs.
INFO:[DataPipeline]:PlayList: [7026731362] åè¯­è¯´å”±&#32;&#124;&#32;ä¸§ä¸€ç‚¹ä¸å¥½å— (26/1170) has 32 songs.
INFO:[DataPipeline]:PlayList: [7337235510] å‡çº§ä½“éªŒï¼åˆä½œè¯´å”±ç°åœºç²¾é€‰ (27/1170) has 43 songs.
INFO:[DataPipeline]:PlayList: [7277887376] æ¬§ç¾è¯´å”±&#124;&#32;æ°”åœºå…¨å¼€ (28/1170) has 43 songs.
INFO:[DataPipeline]:PlayList: [6986263276] è¯´å”±é£æš´ï¼šå¦™è¯­è¿ç çš„ä¸­æ–‡éŸµè„š (29/1170) has 44 songs.
INFO:[DataPipeline]:Sleep for: 176
INFO:[DataPipeline]:PlayList: [7344545629] å®…å®¶å¤ªæ— èŠï¼Ÿä¸å¦‚è·Ÿç€è¯´å”±èŠ‚å¥ç‡¥ (30/1170) has 24 songs.
INFO:[DataPipeline]:PlayList: [6967504715] åè¯­è¯´å”±&#32;Â·&#32;å µåœ¨è·¯ä¸Šä¹Ÿè¦é…· (31/1170) has 26 songs.
INFO:[DataPipeline]:PlayList: [7060359163] å˜»å“ˆè¯´å”±ï¼šéœ‡æ’¼å¿ƒçµï¼Œæ³¨å…¥çµé­‚&#126; (32/1170) has 50 songs.
INFO:[DataPipeline]:PlayList: [7456168049] ä¸­æ–‡è¯´å”±&#32;Â·&#32;è½¦å¢æ°›å›´è°ƒèŠ‚å‰‚ (33/1170) has 22 songs.
INFO:[DataPipeline]:PlayList: [7199061409] ä¸­å›½æ–°è¯´å”±&#32;&#124;&#32;è¿™äº›ç°åœºéƒ½å¾ˆç‚¸ï¼ (34/1170) has 54 songs.
INFO:[DataPipeline]:PlayList: [7307456649] åè¯­è¯´å”±&#32;Â·&#32;å¬Rapperè°ˆæƒ…è¯´çˆ± (35/1170) has 24 songs.
INFO:[DataPipeline]:PlayList: [7353867938] çˆµå£«è¯´å”±&#32;&#124;&#32;ä¹æŸ”å¦‚äº‘ï¼Œè½»æŠšæ€ç»ª (36/1170) has 20 songs.
INFO:[DataPipeline]:PlayList: [6999510998] è¯´å”±&#32;Â·&#32;èµ°è·¯å¸¦é£çš„ä¸­æ–‡Flow (37/1170) has 20 songs.
INFO:[DataPipeline]:PlayList: [3756838699] æŠ–éŸ³çƒ­é—¨çš„ä¸­æ–‡è¯´å”±æ­Œæ›² (38/1170) has 76 songs.
INFO:[DataPipeline]:PlayList: [7095962471] éŸ©å›½è¯´å”±&#32;Â·&#32;Rapä¸æŠ’æƒ…çš„å®Œç¾èåˆ (39/1170) has 21 songs.
INFO:[DataPipeline]:Sleep for: 76
INFO:[DataPipeline]:PlayList: [7130484486] â€œä¸§â€æ„Ÿè¯´å”±ä¸¨ç”Ÿæ´»éœ€è¦ä¸€ç‚¹è‹¦å¤´ (40/1170) has 37 songs.
INFO:[DataPipeline]:PlayList: [7336118179] æŸ”æ¿è¯´å”±ç³»&#32;&#124;&#32;å‰ä»–è¿˜èƒ½è¿™ä¹ˆç© (41/1170) has 19 songs.
INFO:[DataPipeline]:PlayList: [7060353252] ä¸­å›½æ–°è¯´å”±liveã€æ­Œæ‰‹ç²¾é€‰ (42/1170) has 58 songs.
INFO:[DataPipeline]:PlayList: [7060355771] æƒ…ç¼˜è¯´å”±&#32;&#124;&#32;æ¢¦é‡Œæ¢¦å¤–éƒ½æ˜¯ä½  (43/1170) has 51 songs.
INFO:[DataPipeline]:PlayList: [7041659485] éŸ©ç³»Flow&#32;Â·&#32;æ—¶å°šæ½®ç”·è¯´å”±æ—¶é—´ (44/1170) has 26 songs.
INFO:[DataPipeline]:PlayList: [7062571314] åè¯­è¯´å”±&#32;Â·&#32;è½»è¸©æ²¹é—¨æŒæ§æ–¹å‘ (45/1170) has 21 songs.
INFO:[DataPipeline]:PlayList: [7222866927] åè¯­è¯´å”±&#32;&#124;&#32;ä¸‹ä¸€ä¸ªé…·Boyå°±æ˜¯ä½ ï¼ (46/1170) has 42 songs.
INFO:[DataPipeline]:PlayList: [7073314723] ä¸­å›½é£è¯´å”±&#32;Â·&#32;èƒ¸ä¸­æ­£æ°”å¡å¤©åœ° (47/1170) has 33 songs.
INFO:[DataPipeline]:PlayList: [7024569333] è¯´å”±&#32;&#124;&#32;Rapperåå…¬äº¤è¯¥å¬ä»€ä¹ˆæ­Œ (48/1170) has 36 songs.
INFO:[DataPipeline]:PlayList: [7370522529] æ¥æ®µç”œèœœè¯´å”±ï¼Œæ¢å¤æ—©èµ·åŠ¨åŠ› (49/1170) has 30 songs.
INFO:[DataPipeline]:Sleep for: 66
INFO:[DataPipeline]:PlayList: [7060353917] æ²¡åœ¨æ€•çš„ï¼Œè¿™äº›è¯´å”±çœŸçš„å¼ºä½ å¥½å‡ å€ (50/1170) has 56 songs.
INFO:[DataPipeline]:PlayList: [7187376395] Remixä¸­æ–‡è¯´å”±&#32;&#124;&#32;ä½ å°±æ˜¯æˆ‘çš„è½¯è‚‹ (51/1170) has 42 songs.
INFO:[DataPipeline]:PlayList: [6802140934] â€œä¸§â€æ°”åè¶³çš„ç£æ€§è¯´å”± (52/1170) has 32 songs.
INFO:[DataPipeline]:PlayList: [7192923384] æ—‹å¾‹è¯´å”±&#32;&#124;&#32;é«˜ç”œæƒ…æ­Œæš´å‡» (53/1170) has 31 songs.
INFO:[DataPipeline]:PlayList: [7025374641] åè¯­æµè¡Œæ”¹ç¼–çš„è¯´å”±åŒ–å­¦ååº” (54/1170) has 43 songs.
INFO:[DataPipeline]:PlayList: [7223615292] éƒ½å¸‚å˜»å“ˆï¼šæ…¢èŠ‚å¥é£æ ¼çš„è¯´å”± (55/1170) has 45 songs.
INFO:[DataPipeline]:PlayList: [7228612508] å›½è¯­è¯´å”±ä¸¨åœ¨è¿™è’è°¬çš„ä¸–ç•ŒçŠ¯æ„ (56/1170) has 46 songs.
INFO:[DataPipeline]:PlayList: [6990024304] åœ¨æ—‹å¾‹é‡Œæ’’Nå¤šç³–çš„è¯´å”± (57/1170) has 50 songs.
INFO:[DataPipeline]:PlayList: [7136756817] ååœºé¢å›å½’&#32;&#124;&#32;æ–°è¯´å”±å®è—TIME (58/1170) has 36 songs.
INFO:[DataPipeline]:PlayList: [7337537641] è¯´å”±Liveï¼šç”¨æˆ‘çš„å£°çº¿å»æ‰“ç ´äº‰è¾© (59/1170) has 20 songs.
INFO:[DataPipeline]:Sleep for: 164
INFO:[DataPipeline]:PlayList: [7197837488] ç”·ç”Ÿå¿…å­¦ï¼è¡¨ç™½å¿…å¤‡çš„è¯´å”±ç”œå‘³å‰‚ (60/1170) has 27 songs.
INFO:[DataPipeline]:PlayList: [6987592152] å¤§å­¦å®¿èˆéŸ³å“å¤–æ”¾çš„ä¸­æ–‡è¯´å”±&#32; (61/1170) has 152 songs.
INFO:[DataPipeline]:PlayList: [6526325421] æ­Œåæ–°å¥‡çš„è¯´å”±è‡ªç„¶ä¸ä¼šå·®ï¼ (62/1170) has 32 songs.
INFO:[DataPipeline]:PlayList: [7313829020] å›½äº§è¯´å”±ï¼šè·Ÿæˆ‘å­¦ä¸€éï¼æ¥ï¼ (63/1170) has 21 songs.
INFO:[DataPipeline]:PlayList: [7060354857] éŸ©å¼è¯´å”±&#32;&#124;&#32;å­¦å¦¹éƒ½è¶…å–œæ¬¢è¿™äº›Rap (64/1170) has 55 songs.
INFO:[DataPipeline]:PlayList: [7364085035] æ— éœ€å¤šè¨€ï¼Œè®©è¯´å”±é™ªå­¤ç‹¬æµæµª (65/1170) has 25 songs.
INFO:[DataPipeline]:PlayList: [6859827148] å›½äº§è¯´å”±ä¸¨ç°å®æŠŠæˆ‘çœ¼ç›æ‰“æ¹¿ (66/1170) has 43 songs.
INFO:[DataPipeline]:PlayList: [7049132881] ã€æ¬§ç¾ã€‘ç£æ€§æ—‹å¾‹è¯´å”±ï¼Œè¿·å¹»çš„å‘³é“ (67/1170) has 37 songs.
INFO:[DataPipeline]:PlayList: [7060355946] åè¯­è¯´å”±&#32;&#124;&#32;æ ¹æœ¬åœä¸ä¸‹æ¥çš„èŠ‚å¥ (68/1170) has 52 songs.
INFO:[DataPipeline]:PlayList: [6955553472] å˜»å“ˆè¯´å”±&#32;Â·&#32;&#32;è§£é”å®¶åŠ¡æ–°æ–¹å¼ (69/1170) has 26 songs.
INFO:[DataPipeline]:Sleep for: 105
INFO:[DataPipeline]:PlayList: [7025358286] é…’å§&#38;å•†æ¼”&#32;&#124;&#32;æ¬§ç¾è¯´å”±æš–åœºçƒ­å• (70/1170) has 53 songs.
INFO:[DataPipeline]:PlayList: [7186995981] é…·åˆ°æ²¡æœ‹å‹ï¼&#32;è¶…ç‡ƒå›½äººè¯´å”± (71/1170) has 21 songs.
INFO:[DataPipeline]:PlayList: [7286147027] æ’©äººç³»è¯´å”±ï¼šè¿™äº›æƒ…è¯æˆ‘å”±ç»™ä½ å¬ (72/1170) has 39 songs.
INFO:[DataPipeline]:PlayList: [7060359153] å˜»å“ˆè¯´å”±ï¼šäººç‹ è¯ä¸å¤šï¼Œå¹²å°±å®Œäº‹ï¼ (73/1170) has 53 songs.
INFO:[DataPipeline]:PlayList: [7227856342] Deep&#45;Trapï¼šå¦ç±»èŠ‚å¥é£æ ¼çš„è¯´å”± (74/1170) has 54 songs.
INFO:[DataPipeline]:PlayList: [7026709090] æ•™ç»ƒï¼Œæˆ‘æ‰“ç¯®çƒéƒ½å¬è¿™äº›è¯´å”± (75/1170) has 57 songs.
INFO:[DataPipeline]:PlayList: [7347301210] åè¯­è¯´å”±&#32;&#124;&#32;Rapperçš„å¿ƒæ€ä¸ç”¨çŒœ (76/1170) has 15 songs.
INFO:[DataPipeline]:PlayList: [7112737162] Jazz&#32;Rapï¼Œçˆµå£«èå…¥è¯´å”±èŠ‚å¥ (77/1170) has 23 songs.
INFO:[DataPipeline]:PlayList: [7222867941] è¯´å”±æˆ‘æœ€å¼ºï¼šä¸æœbattleä¸€ä¸‹ï¼Ÿ (78/1170) has 45 songs.
INFO:[DataPipeline]:PlayList: [7222867359] åè¯­çƒ­è¡€å˜»å“ˆ&#32;&#124;&#32;ã€Šä¸­å›½æ–°è¯´å”±ã€‹ (79/1170) has 26 songs.
INFO:[DataPipeline]:Sleep for: 79
INFO:[DataPipeline]:PlayList: [7026537268] è¸©ç€æ»‘æ¿ï¼Œå¬ç€è€³æœºé‡Œçš„è¯´å”±ç”œæ›² (80/1170) has 74 songs.
INFO:[DataPipeline]:PlayList: [7075658922] è¯´å”±é­”åŠ›&#32;&#124;&#32;å€¾å¬å¥³å£°Featçš„å¤©ç± (81/1170) has 22 songs.
INFO:[DataPipeline]:PlayList: [7060356351] å›½è¯­è¯´å”±ï¼šRapæ˜¯ä¸€ç§ç”Ÿæ´»æ€åº¦ (82/1170) has 49 songs.
INFO:[DataPipeline]:PlayList: [2110430376] SWAGèŠ‚æ‹é£æ ¼çš„è¯´å”±å˜»å“ˆ (83/1170) has 77 songs.
INFO:[DataPipeline]:PlayList: [7275652672] èŠ‚å¥æ•…äº‹æ±‡ï¼šå¸…æ°”åˆæ¸©æŸ”çš„è¯´å”± (84/1170) has 39 songs.
INFO:[DataPipeline]:PlayList: [7290324759] å¬ä¸è…»ï¼æ¸©æŸ”å—“éŸ³çš„å¸…æ°”è¯´å”± (85/1170) has 39 songs.
INFO:[DataPipeline]:PlayList: [7226666496] å›½é£è¯´å”±ï¼Œçœ‹æˆ‘èˆæªå¼„æ£ç©å…µå™¨ (86/1170) has 26 songs.
INFO:[DataPipeline]:PlayList: [6758545747] ç£æ€§Rap&#32;&#58;&#32;æ½®æµæ°›å›´ä¸­çš„åŸå¸‚è¯´å”± (87/1170) has 39 songs.
INFO:[DataPipeline]:PlayList: [7275652196] è¯´å”±ï¼šé¸­èˆŒå¸½ä¸Šå°ï¼Œæ„Ÿå—åŠ²çˆ†æŠ–å—¨ (88/1170) has 31 songs.
INFO:[DataPipeline]:PlayList: [7120260800] è¯´å”±æ•™å­¦ï¼šå¬å®Œè¿™äº›æ­Œä½ å°±å…¥é—¨äº† (89/1170) has 24 songs.
INFO:[DataPipeline]:Sleep for: 60
INFO:[DataPipeline]:PlayList: [7072566278] å½“æˆ‘æŠŠæ‰‹æœºé“ƒå£°æ¢æˆè¿™äº›è¯´å”± (90/1170) has 22 songs.
INFO:[DataPipeline]:PlayList: [6984837681] çƒ­è¡€å¼€å”±ï¼šä¸­æ–‡åŠ±å¿—è¯´å”± (91/1170) has 19 songs.
INFO:[DataPipeline]:PlayList: [4276387932] å‚·æ„Ÿèªªå”±ä¸¨ä¸è¦å†ç‚ºä»–é¼»é…¸äº† (92/1170) has 175 songs.
INFO:[DataPipeline]:PlayList: [7060352480] DJè¯´å”±â”‚åè¯­å¬åŠ›è€ƒè¯• (93/1170) has 51 songs.
INFO:[DataPipeline]:PlayList: [7025802026] å›½è¯­è¯´å”±ä¹Ÿå¾ˆæŠ’æƒ…ï¼Œå‰¯æ­Œä¹Ÿç¾ (94/1170) has 89 songs.
INFO:[DataPipeline]:PlayList: [7120260582] è¯´å”±æŒ‡å—ï¼šRapperåœ°ä¸‹è½¬å‹ä¹‹è·¯ (95/1170) has 23 songs.
INFO:[DataPipeline]:PlayList: [7109864690] å›½äº§è¯´å”±&#32;&#58;&#32;è®©æœªæ¥æ— é™å¯æœŸ (96/1170) has 24 songs.
INFO:[DataPipeline]:PlayList: [7259524123] åŠ±å¿—è¯´å”±ï¼šä¹˜é£èµ·èˆª&#32;è¸æµªè€Œæ­Œ (97/1170) has 22 songs.
INFO:[DataPipeline]:PlayList: [7060355586] å”¤é†’æ²‰ç¡è€³æœµçš„å›½è¯­è¯´å”± (98/1170) has 52 songs.
INFO:[DataPipeline]:PlayList: [6987596501] è¯´å”±ä¼šé¦†&#32;Â·&#32;å‡†å¤‡æ¢æˆæ‰‹æœºé“ƒå£°&#126; (99/1170) has 54 songs.
INFO:[DataPipeline]:Sleep for: 90
INFO:[DataPipeline]:PlayList: [7294341779] ç™¾å˜Flowï¼šåè¯­è¯´å”±æœ‰æ€åº¦ (100/1170) has 25 songs.
INFO:[DataPipeline]:PlayList: [7125114883] è½»æ¾è¯´å”±ï¼šä¸è¦æ•´å¤©æš´æ‰£åˆ«äººçš„å¤´ (101/1170) has 27 songs.
INFO:[DataPipeline]:PlayList: [7077735096] åè¯­è¯´å”±&#32;&#124;&#32;æˆ‘ä»¬çš„æ„Ÿæƒ…æ¯”è°éƒ½ä¸°æ»¡ (102/1170) has 27 songs.
INFO:[DataPipeline]:PlayList: [3754567130] HipHop&#32;Bang&#32;&#124;&#32;æ¬§ç¾è¯´å”±è¯¦è§£ (103/1170) has 22 songs.
INFO:[DataPipeline]:PlayList: [7213909508] åè¯­è¯´å”±&#32;Â·&#32;è¡Œäº‘æµæ°´æŒç»­è¾“å‡º (104/1170) has 20 songs.
INFO:[DataPipeline]:PlayList: [7074136182] ä½ å¬è¿‡è¿™ä¹ˆæ½®çš„ç²¤è¯­è¯´å”±å—ï¼Ÿ (105/1170) has 25 songs.
INFO:[DataPipeline]:PlayList: [7228623906] åè¯­è¯´å”±ï¼šæŠŠæ€å¿µéƒ½æ‰è¿›è¿™é¦–æ­Œé‡Œ (106/1170) has 46 songs.
INFO:[DataPipeline]:PlayList: [6948802748] è·¨ç•Œè¯´å”±&#32;&#124;&#32;å¤šå…ƒæµæ´¾çš„ç‚¸è£‚ç¢°æ’ (107/1170) has 30 songs.
INFO:[DataPipeline]:PlayList: [7060355337] å“å‘³åäººè¯´å”±çš„éŸµå¾‹ç¼–æ’&#32;&#124;&#32;ç²¾é€‰ (108/1170) has 44 songs.
INFO:[DataPipeline]:PlayList: [7130062173] è¯´å”±å‚¬çœ è¯ï¼šè¿™äº›é¼“ç‚¹å¾ˆé€‚åˆ (109/1170) has 21 songs.
INFO:[DataPipeline]:Sleep for: 164
INFO:[DataPipeline]:PlayList: [7118307381] Urban&#45;Soulï¼šå–„äºä¼ªè£…çš„åŸå¸‚è¯´å”± (110/1170) has 33 songs.
INFO:[DataPipeline]:PlayList: [7252364621] å›½è¯­è¯´å”±ä¸¨é»‘æš—ç»ˆç©¶è¦ç ´æ™“ (111/1170) has 35 songs.
INFO:[DataPipeline]:PlayList: [7252362656] å›½è¯­è¯´å”±&#32;&#124;&#32;å”¤é†’æ²‰ç¡çš„è€³æœµ (112/1170) has 41 songs.
INFO:[DataPipeline]:PlayList: [7126723948] è¯´å”±æ­Œæ‰‹çš„æ·±æƒ…é¢‘é“ (113/1170) has 23 songs.
INFO:[DataPipeline]:PlayList: [7222867575] é’æ˜¥çƒ­è¡€é£ã€Šä¸­å›½æ–°è¯´å”±ã€‹ (114/1170) has 33 songs.
INFO:[DataPipeline]:PlayList: [7125082533] çŸ­è§†é¢‘ï¼šä¸€é¦–è¯´å”±å¸®ä½ æ¢ä¸Šä¸‡ç‚¹èµï¼ (115/1170) has 34 songs.
INFO:[DataPipeline]:PlayList: [6992550853] æ—¥ç³»çˆµå£«è¯´å”±&#32;&#124;&#32;é¼“ç‚¹é‡Œçš„æµªæ¼«æ°”æ¯ (116/1170) has 24 songs.
INFO:[DataPipeline]:PlayList: [7074089716] Remixä¸­æ–‡è¯´å”±&#32;&#124;&#32;æ´—å¹²å‡€ä»–ä»¬çš„è€³æœµ (117/1170) has 24 songs.
INFO:[DataPipeline]:PlayList: [4245689276] è—åœ¨åè¯­è¯´å”±é‡Œçš„æƒ…æ­Œ (118/1170) has 223 songs.
INFO:[DataPipeline]:PlayList: [7071356690] è¿™äº›è¯´å”±ä½œå“ä¹Ÿéå¸¸å€¼å¾—è¢«æŒ–æ˜ï¼ (119/1170) has 20 songs.
INFO:[DataPipeline]:Sleep for: 65
INFO:[DataPipeline]:PlayList: [7023226171] åè¯­è¯´å”±&#32;&#124;&#32;ä¸å¤šè¯´ï¼Œå“æŒ‡æ‰“èµ·æ¥ (120/1170) has 29 songs.
INFO:[DataPipeline]:PlayList: [7347299012] åè¯­è¯´å”±ä¸¨çº¢ç¯å˜æˆéšæ„é€šè¡Œ (121/1170) has 25 songs.
INFO:[DataPipeline]:PlayList: [6947719458] 2019å¹´4æœˆåè¯­è¯´å”±æ–°æ­Œ (122/1170) has 67 songs.
INFO:[DataPipeline]:PlayList: [7127690842] ç²¤è¯­è¯´å”±ä¸¨é¥®å•–èŒ¶ï¼Œå¬ä¸ªRap (123/1170) has 30 songs.
INFO:[DataPipeline]:PlayList: [6987558486] ã€ä¸­æ–‡è¯´å”±ã€‘æ²¡æœ‰é˜³å…‰ï¼Œå´å……æ»¡å¸Œæœ› (124/1170) has 51 songs.
INFO:[DataPipeline]:PlayList: [7071799408] æ›²æƒŠå››åº§&#32;Â·&#32;è¯´å”±ä¹Ÿèƒ½ä¸­å›½é£ (125/1170) has 24 songs.
INFO:[DataPipeline]:PlayList: [6991179735] è·Ÿæˆ‘è°ˆæ‹çˆ±å—ï¼Ÿç©è¯´å”±çš„é‚£ç§ (126/1170) has 41 songs.
INFO:[DataPipeline]:PlayList: [7124708513] å›½äººéª„å‚²ï¼ä¸­å›½é£è¯´å”±ç²¾é€‰ (127/1170) has 24 songs.
INFO:[DataPipeline]:PlayList: [7026729242] æ—¥æœ¬å¥³å£°è¯´å”±ï¼Œå¼€è¾Ÿæ—¥å¼æ–°é£æ½® (128/1170) has 27 songs.
INFO:[DataPipeline]:PlayList: [7071580596] åŠ±å¿—è¯´å”±&#32;&#124;&#32;ç‚¹ç‡ƒä½ å¿ƒä¸­çš„æ¢¦æƒ³ (129/1170) has 25 songs.
INFO:[DataPipeline]:Sleep for: 112
INFO:[DataPipeline]:PlayList: [7060355925] æµªæ¼«è¯´å”±&#32;&#124;&#32;æ²‰æººåœ¨ä½ çˆ±çš„å‘Šç™½ (130/1170) has 51 songs.
--- Logging error ---
Traceback (most recent call last):
  File "/Library/Python/3.7/site-packages/urllib3/connectionpool.py", line 376, in _make_request
    self._validate_conn(conn)
  File "/Library/Python/3.7/site-packages/urllib3/connectionpool.py", line 994, in _validate_conn
    conn.connect()
  File "/Library/Python/3.7/site-packages/urllib3/connection.py", line 360, in connect
    ssl_context=context,
  File "/Library/Python/3.7/site-packages/urllib3/util/ssl_.py", line 370, in ssl_wrap_socket
    return context.wrap_socket(sock, server_hostname=server_hostname)
  File "/Library/Developer/CommandLineTools/Library/Frameworks/Python3.framework/Versions/3.7/lib/python3.7/ssl.py", line 412, in wrap_socket
    session=session
  File "/Library/Developer/CommandLineTools/Library/Frameworks/Python3.framework/Versions/3.7/lib/python3.7/ssl.py", line 853, in _create
    self.do_handshake()
  File "/Library/Developer/CommandLineTools/Library/Frameworks/Python3.framework/Versions/3.7/lib/python3.7/ssl.py", line 1117, in do_handshake
    self._sslobj.do_handshake()
socket.timeout: _ssl.c:1039: The handshake operation timed out

During handling of the above exception, another exception occurred:

Traceback (most recent call last):
  File "/Library/Python/3.7/site-packages/requests/adapters.py", line 449, in send
    timeout=timeout
  File "/Library/Python/3.7/site-packages/urllib3/connectionpool.py", line 720, in urlopen
    method, url, error=e, _pool=self, _stacktrace=sys.exc_info()[2]
  File "/Library/Python/3.7/site-packages/urllib3/util/retry.py", line 400, in increment
    raise six.reraise(type(error), error, _stacktrace)
  File "/Library/Python/3.7/site-packages/urllib3/packages/six.py", line 735, in reraise
    raise value
  File "/Library/Python/3.7/site-packages/urllib3/connectionpool.py", line 672, in urlopen
    chunked=chunked,
  File "/Library/Python/3.7/site-packages/urllib3/connectionpool.py", line 379, in _make_request
    self._raise_timeout(err=e, url=url, timeout_value=conn.timeout)
  File "/Library/Python/3.7/site-packages/urllib3/connectionpool.py", line 331, in _raise_timeout
    self, url, "Read timed out. (read timeout=%s)" % timeout_value
urllib3.exceptions.ReadTimeoutError: HTTPSConnectionPool(host='c.y.qq.com', port=443): Read timed out. (read timeout=30)

During handling of the above exception, another exception occurred:

Traceback (most recent call last):
  File "runner_qq.py", line 60, in process_playlist
    lyric = api.get_song_lyric(song.id)
  File "/private/var/root/.jenkins/workspace/data-shuochang/dao/qq_api.py", line 43, in get_song_lyric
    raw_text = self.fetch_raw(url)
  File "/private/var/root/.jenkins/workspace/data-shuochang/dao/base_api.py", line 33, in fetch_raw
    verify=False)
  File "/Library/Python/3.7/site-packages/requests/api.py", line 75, in get
    return request('get', url, params=params, **kwargs)
  File "/Library/Python/3.7/site-packages/requests/api.py", line 60, in request
    return session.request(method=method, url=url, **kwargs)
  File "/Library/Python/3.7/site-packages/requests/sessions.py", line 533, in request
    resp = self.send(prep, **send_kwargs)
  File "/Library/Python/3.7/site-packages/requests/sessions.py", line 646, in send
    r = adapter.send(request, **kwargs)
  File "/Library/Python/3.7/site-packages/requests/adapters.py", line 529, in send
    raise ReadTimeout(e, request=request)
requests.exceptions.ReadTimeout: HTTPSConnectionPool(host='c.y.qq.com', port=443): Read timed out. (read timeout=30)

During handling of the above exception, another exception occurred:

Traceback (most recent call last):
  File "/Library/Developer/CommandLineTools/Library/Frameworks/Python3.framework/Versions/3.7/lib/python3.7/logging/__init__.py", line 1034, in emit
    msg = self.format(record)
  File "/Library/Developer/CommandLineTools/Library/Frameworks/Python3.framework/Versions/3.7/lib/python3.7/logging/__init__.py", line 880, in format
    return fmt.format(record)
  File "/Library/Developer/CommandLineTools/Library/Frameworks/Python3.framework/Versions/3.7/lib/python3.7/logging/__init__.py", line 619, in format
    record.message = record.getMessage()
  File "/Library/Developer/CommandLineTools/Library/Frameworks/Python3.framework/Versions/3.7/lib/python3.7/logging/__init__.py", line 380, in getMessage
    msg = msg % self.args
TypeError: not all arguments converted during string formatting
Call stack:
  File "runner_qq.py", line 158, in <module>
    main()
  File "runner_qq.py", line 145, in main
    args.proxy, logger, args.dump_raw, args.dump_seg)
  File "runner_qq.py", line 70, in process_playlist
    logger.error("Exception in processing songs: ", err)
Message: 'Exception in processing songs: '
Arguments: (ReadTimeout(ReadTimeoutError("HTTPSConnectionPool(host='c.y.qq.com', port=443): Read timed out. (read timeout=30)")),)
INFO:[DataPipeline]:PlayList: [7275652916] è¯´å”±live&#32;&#124;&#32;å› ä¸ºæœ€åˆçš„å¿«ä¹ (131/1170) has 49 songs.
INFO:[DataPipeline]:PlayList: [7268159821] æ°›å›´è¯´å”±&#32;Â·&#32;å­¤ç‹¬æˆ¿é—´çš„è‡ªæˆ‘æ•‘èµ (132/1170) has 20 songs.
INFO:[DataPipeline]:PlayList: [7073049311] æ…¢è°ƒè¯´å”±&#32;&#124;&#32;æ¥è‡ªrapperçš„å‘Šç™½ (133/1170) has 22 songs.
INFO:[DataPipeline]:PlayList: [7228609861] ã€Šä¸­å›½æ–°è¯´å”±ã€‹&#32;&#124;&#32;æˆ‘ä¸ºè‡ªå·±å¸¦ç› (134/1170) has 31 songs.
INFO:[DataPipeline]:PlayList: [6987585307] éŸ©è¯­è¯´å”±&#32;&#124;&#32;å¥³rapperçš„åˆ«æ ·é­…åŠ› (135/1170) has 27 songs.
INFO:[DataPipeline]:PlayList: [7169744173] è¥¿è—è¯´å”±&#32;&#124;&#32;æè‡´èŠ‚å¥æ„Ÿçš„é«˜åŸrap (136/1170) has 21 songs.
INFO:[DataPipeline]:PlayList: [7228623694] ä¸ºã€Šä¸­å›½æ–°è¯´å”±ã€‹å´›èµ·è€ŒRap (137/1170) has 32 songs.
INFO:[DataPipeline]:PlayList: [7228621680] ç²¾é€‰è¯´å”±ï¼šåäººçš„é…·ï¼Œäº†è§£ä¸€ä¸‹ï¼ (138/1170) has 31 songs.
INFO:[DataPipeline]:PlayList: [7222867301] ã€Šä¸­å›½æ–°è¯´å”±ã€‹LIVEç²¾é€‰é›† (139/1170) has 31 songs.
INFO:[DataPipeline]:Sleep for: 123
INFO:[DataPipeline]:PlayList: [7024259471] ç°è‰²è¯´å”±ï¼Œè¿°è¯´æ— å¤„å®‰æ”¾çš„å¿ƒäº‹ (140/1170) has 21 songs.
INFO:[DataPipeline]:PlayList: [7319435249] å®£æ³„Rap&#32;â”‚&#32;è¯´å”±æ˜¯ä¸€ç§æ€åº¦ (141/1170) has 30 songs.
INFO:[DataPipeline]:PlayList: [7026567373] å˜»å“ˆä¸­çš„ç»…å£«&#32;&#124;&#32;çˆµå£«è¯´å”± (142/1170) has 37 songs.
INFO:[DataPipeline]:PlayList: [7023403326] è¯´å”±é€Ÿæˆç­ï¼šä¼´å¥beatsç‰¹ä¾› (143/1170) has 25 songs.
INFO:[DataPipeline]:PlayList: [7072914329] Free&#32;out&#32;ï¼šæ‰›èµ·å—äº¬è¯´å”±çš„æ——å¸œ (144/1170) has 20 songs.
INFO:[DataPipeline]:PlayList: [7074152918] åè¯­è¯´å”±â”‚è®©rapperä¸ºä½ å”±é¦–æƒ…æ­Œ (145/1170) has 22 songs.
INFO:[DataPipeline]:PlayList: [7167364128] èœœç³–è¯´å”±&#32;&#124;&#32;Rapperè¶…ç”œçš„æƒ…æ­Œ (146/1170) has 31 songs.
INFO:[DataPipeline]:PlayList: [7290324387] è¯´å”±&#32;&#124;&#32;æœ‰å˜»å“ˆçš„æ—¥å­ç²¾å½©ä¸‰åˆ† (147/1170) has 39 songs.
INFO:[DataPipeline]:PlayList: [7124130160] ç¡¬æ ¸è¯´å”±&#32;&#58;&#32;è®©é’æ˜¥æ”¾è¡ä¸ç¾ (148/1170) has 22 songs.
INFO:[DataPipeline]:PlayList: [7290323679] å›½è¯­è¯´å”±ä¸¨åˆ«åœ¨è’è°¬çš„ä¸–ç•ŒçŠ¯æ„ (149/1170) has 37 songs.
INFO:[DataPipeline]:Sleep for: 74
INFO:[DataPipeline]:PlayList: [7120459338] è¯´å”±æŠ¼éŸµè¡¨ï¼šå¬å®Œåµæ¶éƒ½ä¸å¸¦çƒ­èº«çš„ (150/1170) has 29 songs.
INFO:[DataPipeline]:PlayList: [7060353003] åšä½ çš„è¯´å”±ç”·å‹ï¼Œä¸“æ”»å°‘å¥³å¿ƒ (151/1170) has 46 songs.
INFO:[DataPipeline]:PlayList: [7356733828] åè¯­è¯´å”±ä¸¨å’Œæˆ‘å¯¹è¯ï¼Œåˆ«è‚†æ„å–§å“— (152/1170) has 22 songs.
INFO:[DataPipeline]:PlayList: [7068694739] ç‹¬ç‰¹Flowï¼šè°ƒä¾ƒå‘³é“çš„è¯´å”±æ–¹å¼ (153/1170) has 50 songs.
INFO:[DataPipeline]:PlayList: [6961470761] äº”å­—è¯´å”±&#32;&#58;&#32;ä½ å¼€å§‹è¿·å¤± (154/1170) has 22 songs.
INFO:[DataPipeline]:PlayList: [7275652127] åè¯­è¯´å”±ä¸¨è„±ç¦»çœ¼å‰è‹Ÿä¸”çš„æ³¥æ½­ (155/1170) has 47 songs.
INFO:[DataPipeline]:PlayList: [7199061383] åè¯­è¯´å”±&#32;&#124;&#32;æ€èµ·å˜»å“ˆé£æµª (156/1170) has 24 songs.
INFO:[DataPipeline]:PlayList: [7004533300] ä¸­å›½é£é‡ä¸Šè¯´å”±&#32;Â·&#32;è·¨æ—¶ç©ºçš„é‚‚é€… (157/1170) has 33 songs.
INFO:[DataPipeline]:PlayList: [7033114801] Dwn&#45;Trapï¼šè½»æ‘‡æ»šæ··æ­é£æ ¼çš„è¯´å”± (158/1170) has 67 songs.
INFO:[DataPipeline]:PlayList: [7060354848] éŸ©å¼æ³¡èœå‘³ï¼šåŠ¨äººæ—‹å¾‹å¤¹æ‚éœ¸æ°”è¯´å”± (159/1170) has 53 songs.
INFO:[DataPipeline]:Sleep for: 107
INFO:[DataPipeline]:PlayList: [7121026521] éŸ©å›½å››å¤§å‚ç‰Œè¯´å”±è‰ºäººçƒ­é—¨å•æ›² (160/1170) has 29 songs.
INFO:[DataPipeline]:PlayList: [7024665380] éšè—åœ¨éŸ©å‰§OSTä¸­çš„è¯´å”± (161/1170) has 21 songs.
INFO:[DataPipeline]:PlayList: [7024575317] åŠ±å¿—å‘&#38;ç›´å‡»çµé­‚æ·±å¤„çš„éŸ©å¼è¯´å”± (162/1170) has 96 songs.
INFO:[DataPipeline]:PlayList: [4146725308] è¥¿æµ·å²¸å˜»å“ˆåˆ†æ”¯ï¼šåŒªå¸®è¯´å”± (163/1170) has 320 songs.
INFO:[DataPipeline]:PlayList: [3823873761] 2019å¹´ã€ŠXXLã€‹è¯„é€‰è¯´å”±æ–°äºº (164/1170) has 22 songs.
INFO:[DataPipeline]:PlayList: [7075300620] æš´èºè¯´å”±ä¸¨æ”¶è—å¹²å˜›ï¼Œæ„£ç€å•Šï¼ (165/1170) has 42 songs.
INFO:[DataPipeline]:PlayList: [7075579664] ã€ŒåŒªå¸®è¯´å”±ã€ä¸œè¥¿æµ·å²¸ä¹‹ç»å…¸ (166/1170) has 50 songs.
INFO:[DataPipeline]:PlayList: [3815989948] ç¡¬æ ¸è¯´å”±ï¼šå¼ºç¡¬èŠ‚å¥&#32;æ£æ„å®£æ³„ (167/1170) has 103 songs.
INFO:[DataPipeline]:PlayList: [7290324731] å¥½å¸…çš„è¯´å”±å•Šï¼Œç¬é—´ä¿˜è·ä½ çš„å¿ƒ (168/1170) has 37 songs.
INFO:[DataPipeline]:PlayList: [3789692663] ã€ŠXXLã€‹è¯„é€‰æœ€æ£’è¯´å”±Dissæ­Œæ›² (169/1170) has 37 songs.
INFO:[DataPipeline]:Sleep for: 131
INFO:[DataPipeline]:PlayList: [7174513906] ä¸§åˆ°å¤±çœ ä¹Ÿèƒ½é™ªä½ çš„ä¸­æ–‡è¯´å”± (170/1170) has 25 songs.
INFO:[DataPipeline]:PlayList: [4260105355] è€æ¿ï¼Œæ¥æ¯7åˆ†ç”œçš„è¯´å”±æƒ…è¯ (171/1170) has 41 songs.
INFO:[DataPipeline]:PlayList: [7023391071] ã€ŒåŠ±å¿—ä¸­æ–‡è¯´å”±ã€ç»™ç”Ÿæ´»æ¥ä¸€æ”¯å¼ºå¿ƒå‰‚ (172/1170) has 28 songs.
INFO:[DataPipeline]:PlayList: [7072539966] è¯´å”±å˜›&#126;è·Ÿç€æ™ƒå°±å®Œäº‹äº† (173/1170) has 45 songs.
INFO:[DataPipeline]:PlayList: [7122613364] å¥èº«BGM&#32;Â·&#32;å¼ºåŠ›è¯´å”±èŠ‚æ‹å¸®ä½ ç‡ƒè„‚ (174/1170) has 22 songs.
INFO:[DataPipeline]:PlayList: [7299189094] è¯´å”±&#32;&#124;&#32;å°½å…¨åŠ›å¥‹æ–—æ‹¼å‘½çš„èµ°ç€ (175/1170) has 32 songs.
INFO:[DataPipeline]:PlayList: [7286147196] ä¼¤æ„Ÿè¯´å”±&#32;â”‚&#32;å­¤ç‹¬åˆ†é‡å¤ªè¿‡äºæ²‰é‡ (176/1170) has 23 songs.
INFO:[DataPipeline]:PlayList: [7309305652] åè¯­è¯´å”±ä¸¨å¦‚å±¥è–„å†°è¡Œèµ°åœ¨åˆ€å°– (177/1170) has 26 songs.
INFO:[DataPipeline]:PlayList: [7286143659] åè¯­è¯´å”±ï¼šè¸©ç€èŠ‚å¥é€šå¾€ä½ çš„å¿ƒé‡Œ (178/1170) has 28 songs.
INFO:[DataPipeline]:PlayList: [7177825448] Trapè¯´å”±&#32;&#124;&#32;éš¾ä»¥æŠ—æ‹’çš„çœ©æ™•è¿·å¹» (179/1170) has 25 songs.
INFO:[DataPipeline]:Sleep for: 175
INFO:[DataPipeline]:PlayList: [6986127036] æˆ‘ç«Ÿç„¶å¬äº†20å¹´è¯´å”±ï¼Ÿï¼ (180/1170) has 25 songs.
INFO:[DataPipeline]:PlayList: [7025185700] å’Œé£è¯´å”±ï¼Œæµ“æµ“çš„éœ“è™¹æ°”æ¯&#32; (181/1170) has 20 songs.
INFO:[DataPipeline]:PlayList: [7071368641] ç¡¬æ ¸å˜»å“ˆâ”‚çˆ±å¬ä¸å¬ä¹‹æ¬§ç¾è¯´å”± (182/1170) has 24 songs.
INFO:[DataPipeline]:PlayList: [7199061794] ã€Šä¸­å›½æ–°è¯´å”±ã€‹ç²¾é€‰&#32;&#124;&#32;æ€èµ·æ–°æµªæ½® (183/1170) has 27 songs.
INFO:[DataPipeline]:PlayList: [7025504682] å°å¼è¯´å”±&#32;&#124;&#32;ä¸æ­¢äºMC&#32;HotDog (184/1170) has 25 songs.
INFO:[DataPipeline]:PlayList: [3844714697] åè¯­è¯´å”±ï½œRapperæŸ”æƒ…æ€»æ˜¯è¯— (185/1170) has 32 songs.
INFO:[DataPipeline]:PlayList: [7026472710] æ±Ÿæ¹–å˜»å“ˆ&#32;&#124;&#32;ä¸­å›½å‘³è¯´å”±è‰ºæœ¯ (186/1170) has 21 songs.
INFO:[DataPipeline]:PlayList: [7199052185] ã€Šä¸­å›½æ–°è¯´å”±ã€‹Rapperä½œå“ç²¾é€‰åˆé›† (187/1170) has 25 songs.
INFO:[DataPipeline]:PlayList: [7199052518] é‚£æ˜¯çƒ­è¡€çš„é’æ˜¥ï¼šã€Šä¸­å›½æ–°è¯´å”±ã€‹ (188/1170) has 25 songs.
INFO:[DataPipeline]:PlayList: [7199061430] ã€Šä¸­å›½æ–°è¯´å”±ã€‹&#124;&#32;å¯¹æœªæ¥ä¿æŒæœŸæœ› (189/1170) has 26 songs.
INFO:[DataPipeline]:Sleep for: 144
INFO:[DataPipeline]:PlayList: [7122934085] é«˜äº§ç‹ è´§ï¼è¯´å”±å¤§ä½¬ä»¬è”æ‰‹åˆ¶ä½œ (190/1170) has 50 songs.
INFO:[DataPipeline]:PlayList: [7228613181] åè¯­è¯´å”±ä¸¨æŠŠè´Ÿé¢ç©ºæ°”æ”¾è¿›æ¢¦é‡Œ (191/1170) has 51 songs.
INFO:[DataPipeline]:PlayList: [7130062523] è·¯è¿‡æ´›æ‰çŸ¶æ½®ç‰Œåº—ï¼Œæˆ‘è¦äº†è¿™ä»½è¯´å”±æ­Œå• (192/1170) has 23 songs.
INFO:[DataPipeline]:PlayList: [7025366053] åè¯­è¯´å”±é‡Œçš„ä¸­å›½å…ƒç´  (193/1170) has 22 songs.
INFO:[DataPipeline]:PlayList: [7061003842] è¥¿æµ·å²¸è¯´å”±ï¼šè€æ´¾å¾‹åŠ¨æµªæ½® (194/1170) has 24 songs.
INFO:[DataPipeline]:PlayList: [7120128567] åè¯­è¯´å”±&#32;&#124;&#32;æˆ‘å‘½ç”±æˆ‘ä¸ç”±å¤© (195/1170) has 25 songs.
INFO:[DataPipeline]:PlayList: [7060350570] å­¦ä¼šè¿™äº›è¯´å”±ï¼Œæ’©åˆ°å¦¹å­ä¸æ˜¯é—®é¢˜ (196/1170) has 49 songs.
INFO:[DataPipeline]:PlayList: [7120460301] ç”¨ä¸€é¦–ç¡¬æ ¸è¯´å”±å¾€ä½ å¤´ä¸Šæš´æ‰£ï¼ (197/1170) has 21 songs.
INFO:[DataPipeline]:PlayList: [7286145712] åè¯­è¯´å”±ï¼šæˆ‘ä¹Ÿè¦åšä¸ªé…·é…·çš„Boy (198/1170) has 39 songs.
INFO:[DataPipeline]:PlayList: [7387863106] è¯´å”±ä¸–ç•Œ&#32;&#124;&#32;ä¿ç•™å¿ƒä¸­ä»…å­˜çš„æ„Ÿæ€§ (199/1170) has 17 songs.
INFO:[DataPipeline]:Sleep for: 175
INFO:[DataPipeline]:PlayList: [2321772102] trap&#32;&#32;rap&#32;&#32;&#32;&#32;è¯´å”±æ–°æµªæ½® (200/1170) has 28 songs.
INFO:[DataPipeline]:PlayList: [7275652127] åè¯­è¯´å”±ä¸¨è„±ç¦»çœ¼å‰è‹Ÿä¸”çš„æ³¥æ½­ (201/1170) has 47 songs.
INFO:[DataPipeline]:PlayList: [7199061383] åè¯­è¯´å”±&#32;&#124;&#32;æ€èµ·å˜»å“ˆé£æµª (202/1170) has 24 songs.
INFO:[DataPipeline]:PlayList: [7004533300] ä¸­å›½é£é‡ä¸Šè¯´å”±&#32;Â·&#32;è·¨æ—¶ç©ºçš„é‚‚é€… (203/1170) has 33 songs.
INFO:[DataPipeline]:PlayList: [7033114801] Dwn&#45;Trapï¼šè½»æ‘‡æ»šæ··æ­é£æ ¼çš„è¯´å”± (204/1170) has 67 songs.
INFO:[DataPipeline]:PlayList: [7371169632] å›½è¯­å˜»å“ˆï¼šè¯´å”±ä¹Ÿå¯ä»¥æ¸©æŸ” (205/1170) has 15 songs.
INFO:[DataPipeline]:PlayList: [7060354848] éŸ©å¼æ³¡èœå‘³ï¼šåŠ¨äººæ—‹å¾‹å¤¹æ‚éœ¸æ°”è¯´å”± (206/1170) has 53 songs.
INFO:[DataPipeline]:PlayList: [7121026521] éŸ©å›½å››å¤§å‚ç‰Œè¯´å”±è‰ºäººçƒ­é—¨å•æ›² (207/1170) has 29 songs.
INFO:[DataPipeline]:PlayList: [7024665380] éšè—åœ¨éŸ©å‰§OSTä¸­çš„è¯´å”± (208/1170) has 21 songs.
INFO:[DataPipeline]:PlayList: [7024575317] åŠ±å¿—å‘&#38;ç›´å‡»çµé­‚æ·±å¤„çš„éŸ©å¼è¯´å”± (209/1170) has 96 songs.
INFO:[DataPipeline]:Sleep for: 115
INFO:[DataPipeline]:PlayList: [7380161826] åè¯­è¯´å”±ä¸¨åˆ«è¢«å­—å¥ç‰µç»Šåœ¨åŸåœ° (210/1170) has 28 songs.
INFO:[DataPipeline]:PlayList: [4146725308] è¥¿æµ·å²¸å˜»å“ˆåˆ†æ”¯ï¼šåŒªå¸®è¯´å”± (211/1170) has 320 songs.
INFO:[DataPipeline]:PlayList: [7347299072] å›½è¯­è¯´å”±ä¸¨åœ¨å–§åš£è¾¹ç¼˜åšè‡ªç”±é‡è‰ (212/1170) has 20 songs.
INFO:[DataPipeline]:PlayList: [3823873761] 2019å¹´ã€ŠXXLã€‹è¯„é€‰è¯´å”±æ–°äºº (213/1170) has 22 songs.
INFO:[DataPipeline]:PlayList: [7075300620] æš´èºè¯´å”±ä¸¨æ”¶è—å¹²å˜›ï¼Œæ„£ç€å•Šï¼ (214/1170) has 42 songs.
INFO:[DataPipeline]:PlayList: [7075579664] ã€ŒåŒªå¸®è¯´å”±ã€ä¸œè¥¿æµ·å²¸ä¹‹ç»å…¸ (215/1170) has 50 songs.
INFO:[DataPipeline]:PlayList: [7356736173] åè¯­è¯´å”±ï¼šåœ¨æš—æ·¡ç°å®é‡Œå¯»æ‰¾æœºä¼š (216/1170) has 15 songs.
INFO:[DataPipeline]:PlayList: [3815989948] ç¡¬æ ¸è¯´å”±ï¼šå¼ºç¡¬èŠ‚å¥&#32;æ£æ„å®£æ³„ (217/1170) has 103 songs.
INFO:[DataPipeline]:PlayList: [7290324731] å¥½å¸…çš„è¯´å”±å•Šï¼Œç¬é—´ä¿˜è·ä½ çš„å¿ƒ (218/1170) has 37 songs.
INFO:[DataPipeline]:PlayList: [7380161077] éŸ©è¯­è¯´å”±&#32;&#124;&#32;æ•²é†’æ²‰ç¡å·²ä¹…çš„çµé­‚ (219/1170) has 19 songs.
INFO:[DataPipeline]:Sleep for: 69
INFO:[DataPipeline]:PlayList: [3789692663] ã€ŠXXLã€‹è¯„é€‰æœ€æ£’è¯´å”±Dissæ­Œæ›² (220/1170) has 37 songs.
INFO:[DataPipeline]:PlayList: [7174513906] ä¸§åˆ°å¤±çœ ä¹Ÿèƒ½é™ªä½ çš„ä¸­æ–‡è¯´å”± (221/1170) has 25 songs.
INFO:[DataPipeline]:PlayList: [4260105355] è€æ¿ï¼Œæ¥æ¯7åˆ†ç”œçš„è¯´å”±æƒ…è¯ (222/1170) has 41 songs.
INFO:[DataPipeline]:PlayList: [7023391071] ã€ŒåŠ±å¿—ä¸­æ–‡è¯´å”±ã€ç»™ç”Ÿæ´»æ¥ä¸€æ”¯å¼ºå¿ƒå‰‚ (223/1170) has 28 songs.
INFO:[DataPipeline]:PlayList: [7289500086] åœ°ä¸‹å˜»å“ˆï¼šå­Ÿè²æ–¯è¯´å”± (224/1170) has 25 songs.
INFO:[DataPipeline]:PlayList: [7072539966] è¯´å”±å˜›&#126;è·Ÿç€æ™ƒå°±å®Œäº‹äº† (225/1170) has 45 songs.
INFO:[DataPipeline]:PlayList: [7380162249] åè¯­è¯´å”±ä¸¨çœ¼åº•çš„ç‚½çƒ­è¿‡äºå¼ºçƒˆ (226/1170) has 21 songs.
INFO:[DataPipeline]:PlayList: [7122613364] å¥èº«BGM&#32;Â·&#32;å¼ºåŠ›è¯´å”±èŠ‚æ‹å¸®ä½ ç‡ƒè„‚ (227/1170) has 22 songs.
INFO:[DataPipeline]:PlayList: [7299189094] è¯´å”±&#32;&#124;&#32;å°½å…¨åŠ›å¥‹æ–—æ‹¼å‘½çš„èµ°ç€ (228/1170) has 32 songs.
INFO:[DataPipeline]:PlayList: [7286147196] ä¼¤æ„Ÿè¯´å”±&#32;â”‚&#32;å­¤ç‹¬åˆ†é‡å¤ªè¿‡äºæ²‰é‡ (229/1170) has 23 songs.
INFO:[DataPipeline]:Sleep for: 129
INFO:[DataPipeline]:PlayList: [2364609233] ã€Œä¸­æ–‡è¯´å”±ã€è®©æˆ‘æ¥æ­é…ä½ çš„å®‰äºç°çŠ¶ (230/1170) has 19 songs.
INFO:[DataPipeline]:PlayList: [7289105572] DJè¯´å”±ç”·å­©launchpad (231/1170) has 30 songs.
INFO:[DataPipeline]:PlayList: [7309305652] åè¯­è¯´å”±ä¸¨å¦‚å±¥è–„å†°è¡Œèµ°åœ¨åˆ€å°– (232/1170) has 26 songs.
INFO:[DataPipeline]:PlayList: [7286143659] åè¯­è¯´å”±ï¼šè¸©ç€èŠ‚å¥é€šå¾€ä½ çš„å¿ƒé‡Œ (233/1170) has 28 songs.
INFO:[DataPipeline]:PlayList: [7177825448] Trapè¯´å”±&#32;&#124;&#32;éš¾ä»¥æŠ—æ‹’çš„çœ©æ™•è¿·å¹» (234/1170) has 25 songs.
INFO:[DataPipeline]:PlayList: [7356736714] è¯´å”±&#32;ï½œ&#32;&#32;éšæœºæ’­æ”¾ä¸€é¦–éƒ½è¶…è€å¬ (235/1170) has 15 songs.
INFO:[DataPipeline]:PlayList: [6986127036] æˆ‘ç«Ÿç„¶å¬äº†20å¹´è¯´å”±ï¼Ÿï¼ (236/1170) has 25 songs.
INFO:[DataPipeline]:PlayList: [7025185700] å’Œé£è¯´å”±ï¼Œæµ“æµ“çš„éœ“è™¹æ°”æ¯&#32; (237/1170) has 20 songs.
INFO:[DataPipeline]:PlayList: [7071368641] ç¡¬æ ¸å˜»å“ˆâ”‚çˆ±å¬ä¸å¬ä¹‹æ¬§ç¾è¯´å”± (238/1170) has 24 songs.
INFO:[DataPipeline]:PlayList: [7123300817] ä¸­æ–‡è¯´å”±è‰ºæœ¯&#32;&#124;&#32;å¿«å˜´åˆé›† (239/1170) has 28 songs.
INFO:[DataPipeline]:Sleep for: 150
INFO:[DataPipeline]:PlayList: [7337449863] ä¸­æ–‡è¯´å”±&#32;&#124;&#32;ç”¨å˜»å“ˆæ¥æ©ç›–æ—§ä¼¤å£ (240/1170) has 20 songs.
INFO:[DataPipeline]:PlayList: [7268135321] ä¸­å›½é£è¯´å”±ï½œRapé‡Œçš„é£äº‘å½• (241/1170) has 22 songs.
INFO:[DataPipeline]:PlayList: [7199061794] ã€Šä¸­å›½æ–°è¯´å”±ã€‹ç²¾é€‰&#32;&#124;&#32;æ€èµ·æ–°æµªæ½® (242/1170) has 27 songs.
INFO:[DataPipeline]:PlayList: [7025504682] å°å¼è¯´å”±&#32;&#124;&#32;ä¸æ­¢äºMC&#32;HotDog (243/1170) has 25 songs.
INFO:[DataPipeline]:PlayList: [3844714697] åè¯­è¯´å”±ï½œRapperæŸ”æƒ…æ€»æ˜¯è¯— (244/1170) has 32 songs.
INFO:[DataPipeline]:PlayList: [7026472710] æ±Ÿæ¹–å˜»å“ˆ&#32;&#124;&#32;ä¸­å›½å‘³è¯´å”±è‰ºæœ¯ (245/1170) has 21 songs.
INFO:[DataPipeline]:PlayList: [7199052185] ã€Šä¸­å›½æ–°è¯´å”±ã€‹Rapperä½œå“ç²¾é€‰åˆé›† (246/1170) has 25 songs.
INFO:[DataPipeline]:PlayList: [7199052518] é‚£æ˜¯çƒ­è¡€çš„é’æ˜¥ï¼šã€Šä¸­å›½æ–°è¯´å”±ã€‹ (247/1170) has 25 songs.
INFO:[DataPipeline]:PlayList: [7199061430] ã€Šä¸­å›½æ–°è¯´å”±ã€‹&#124;&#32;å¯¹æœªæ¥ä¿æŒæœŸæœ› (248/1170) has 26 songs.
INFO:[DataPipeline]:PlayList: [7122934085] é«˜äº§ç‹ è´§ï¼è¯´å”±å¤§ä½¬ä»¬è”æ‰‹åˆ¶ä½œ (249/1170) has 50 songs.
INFO:[DataPipeline]:Sleep for: 126
INFO:[DataPipeline]:PlayList: [7228613181] åè¯­è¯´å”±ä¸¨æŠŠè´Ÿé¢ç©ºæ°”æ”¾è¿›æ¢¦é‡Œ (250/1170) has 51 songs.
INFO:[DataPipeline]:PlayList: [7130062523] è·¯è¿‡æ´›æ‰çŸ¶æ½®ç‰Œåº—ï¼Œæˆ‘è¦äº†è¿™ä»½è¯´å”±æ­Œå• (251/1170) has 23 songs.
INFO:[DataPipeline]:PlayList: [7025366053] åè¯­è¯´å”±é‡Œçš„ä¸­å›½å…ƒç´  (252/1170) has 22 songs.
INFO:[DataPipeline]:PlayList: [7061003842] è¥¿æµ·å²¸è¯´å”±ï¼šè€æ´¾å¾‹åŠ¨æµªæ½® (253/1170) has 24 songs.
INFO:[DataPipeline]:PlayList: [7120128567] åè¯­è¯´å”±&#32;&#124;&#32;æˆ‘å‘½ç”±æˆ‘ä¸ç”±å¤© (254/1170) has 25 songs.
INFO:[DataPipeline]:PlayList: [7060350570] å­¦ä¼šè¿™äº›è¯´å”±ï¼Œæ’©åˆ°å¦¹å­ä¸æ˜¯é—®é¢˜ (255/1170) has 49 songs.
INFO:[DataPipeline]:PlayList: [7347299052] åè¯­è¯´å”±ä¸¨çº ç¼ åœ¨çˆ±ä¸æ¨ä¹‹é—´ (256/1170) has 20 songs.
INFO:[DataPipeline]:PlayList: [7120460301] ç”¨ä¸€é¦–ç¡¬æ ¸è¯´å”±å¾€ä½ å¤´ä¸Šæš´æ‰£ï¼ (257/1170) has 21 songs.
INFO:[DataPipeline]:PlayList: [7286145712] åè¯­è¯´å”±ï¼šæˆ‘ä¹Ÿè¦åšä¸ªé…·é…·çš„Boy (258/1170) has 39 songs.
INFO:[DataPipeline]:PlayList: [7187680521] å‰ªè¾‘å¸ˆ&#32;&#124;&#32;è¿‡ä¸‡æ”¶è—é‡å½“ç„¶è¦é…è¯´å”± (259/1170) has 21 songs.
INFO:[DataPipeline]:Sleep for: 142
INFO:[DataPipeline]:PlayList: [7299188272] é…·æ€åº¦ï¼è·Ÿä¸Šåè¯­è¯´å”±çš„è¿›é˜¶ä¹‹è·¯ (260/1170) has 31 songs.
INFO:[DataPipeline]:PlayList: [7347301476] ç²¾é€‰è¯´å”±ï¼šæ„Ÿå—Rapperä»¬çš„æ€åº¦ (261/1170) has 16 songs.
INFO:[DataPipeline]:PlayList: [7259259726] ç¡¬æ ¸è¯´å”±ï¼šå¼ºç¡¬èŠ‚å¥&#32;ç‚¹ç‡ƒæ¿€æƒ… (262/1170) has 22 songs.
INFO:[DataPipeline]:PlayList: [7124709602] è¯´å”±&#32;&#124;&#32;å¥³ç”Ÿé…·èµ·æ¥æ²¡ç”·ç”Ÿä»€ä¹ˆäº‹ (263/1170) has 22 songs.
INFO:[DataPipeline]:PlayList: [7286145776] ä¼¤æ„Ÿè¯´å”±ä¸¨å­¤ç‹¬åˆ†é‡å¤ªè¿‡äºæ²‰é‡ (264/1170) has 39 songs.
INFO:[DataPipeline]:PlayList: [7024170269] Hip&#45;HopéŸ©å›¢ï¼Œè®©è¯´å”±æ›´ç²¾å½© (265/1170) has 27 songs.
INFO:[DataPipeline]:PlayList: [7122935125] æ–°ç”Ÿä»£ï¼šæ¬§ç¾è¯´å”±å±Šçš„å¤§æ——æˆ‘ä»¬æ‰›äº† (266/1170) has 25 songs.
INFO:[DataPipeline]:PlayList: [7060352852] ç”œèœœè¯´å”±&#32;&#124;&#32;æƒ³æŠŠä½ å…³è¿›æˆ‘çš„çœ¼ç› (267/1170) has 36 songs.
INFO:[DataPipeline]:PlayList: [7075369973] åˆºæ¿€&#32;&#124;&#32;Live&#32;houseé¢„çƒ­è¯´å”±å•æ›² (268/1170) has 24 songs.
INFO:[DataPipeline]:PlayList: [7026432185] ä¸­æ–‡è¯´å”±&#32;&#124;&#32;æˆ‘çš„æ€åº¦ç”±æˆ‘è¯´æ˜ (269/1170) has 30 songs.
INFO:[DataPipeline]:Sleep for: 127
INFO:[DataPipeline]:PlayList: [7024269390] å½“è¯´å”±é‡ä¸Šç”µéŸ³å°±æ˜¯é™·é˜± (270/1170) has 20 songs.
INFO:[DataPipeline]:PlayList: [7337448047] æ¬§ç¾è¯´å”±ä¸¨å‘½è¿çš„è’å”éœ€è¦é…åˆ (271/1170) has 23 songs.
INFO:[DataPipeline]:PlayList: [7023294276] è¯´å”±&#32;&#124;&#32;Rapperæ´—æ¾¡è¯¥å¬ä»€ä¹ˆæ­Œ (272/1170) has 22 songs.
INFO:[DataPipeline]:PlayList: [7319431094] æ¬§ç¾è¯´å”±ä¸¨ä¼ é€’è‡ªç”±çš„ä¿¡ä»° (273/1170) has 20 songs.
INFO:[DataPipeline]:PlayList: [7181237138] CDCè¯´å”±ä¼šé¦†ï¼Œæœ€è¾£çš„å˜»å“ˆæ€åº¦ (274/1170) has 25 songs.
INFO:[DataPipeline]:PlayList: [794302947] å¥½å¬åˆ°çˆ†çš„åè¯­è¯´å”±ã€‚ (275/1170) has 19 songs.
INFO:[DataPipeline]:PlayList: [7051928450] éŸ©å¼è¯´å”±&#32;&#58;&#32;ä¸ä¸€æ ·çš„å¬è§‰ç››å®´ (276/1170) has 70 songs.
INFO:[DataPipeline]:PlayList: [7125011790] 36çº¿åœ°ä¸‹Rapperæ¨è&#32;Â·&#32;ä¸­æ–‡è¯´å”±&#32; (277/1170) has 42 songs.
INFO:[DataPipeline]:PlayList: [7048935668] åè¯­é™·é˜±è¯´å”±ï¼šå”±Â·è·³Â·trapÂ·ç¯®çƒ (278/1170) has 22 songs.
INFO:[DataPipeline]:PlayList: [7074283054] åè¯­è¯´å”±&#32;&#124;&#32;æœ€æµ“çƒˆçš„æ„Ÿæƒ…å«åšäº²æƒ… (279/1170) has 23 songs.
INFO:[DataPipeline]:Sleep for: 106
INFO:[DataPipeline]:PlayList: [6987581000] éŸ©è¯­è¯´å”±ï¼Œè€³é“é‡Œçš„ç’€ç’¨æ˜Ÿå…‰ (280/1170) has 28 songs.
INFO:[DataPipeline]:PlayList: [6987757982] ç¨€æœ‰ã€å“æŒ‡ã€‘å‰å¥åè¯­è¯´å”± (281/1170) has 20 songs.
INFO:[DataPipeline]:PlayList: [7347300172] åè¯­è¯´å”±ç²¾é€‰ï¼šä»Šå¤©å˜»å“ˆäº†å—ï¼Ÿ (282/1170) has 17 songs.
INFO:[DataPipeline]:PlayList: [7199069612] ä¸­å›½æ–°è¯´å”±&#32;&#124;&#32;ç”¨Rapè®²ä½ ä»¬çš„æ•…äº‹ (283/1170) has 25 songs.
INFO:[DataPipeline]:PlayList: [7125114895] æš–åœºå¿…å¤‡ä¸¨è·Ÿç€è¯´å”±æ—‹å¾‹çƒ­èµ·æ¥ (284/1170) has 29 songs.
INFO:[DataPipeline]:PlayList: [6900948783] åè¯­è¯´å”±ï½œå¿«é€ŸèŠ‚å¥ï¼Œå”‡æªèˆŒå¼¹ (285/1170) has 25 songs.
INFO:[DataPipeline]:PlayList: [7275652926] è¯´å”±&#32;&#124;&#32;ä½ å–„äºåšå®ˆè‡ªæˆ‘ä¸ç›²ä» (286/1170) has 36 songs.
INFO:[DataPipeline]:PlayList: [7060351666] è¯´å”±å¼ºå¿ƒå‰‚&#32;&#124;&#32;è¶Šå¬è¶Šæ¥åŠ² (287/1170) has 57 songs.
INFO:[DataPipeline]:PlayList: [3605037365] æ—¥å¼å˜»å“ˆï¼šèåˆæ–‡åŒ–çš„è¯´å”±ç¾å­¦ (288/1170) has 48 songs.
INFO:[DataPipeline]:PlayList: [7347301154] ç½‘è·¯è¯´å”±&#32;&#124;&#32;æ‹’ç»éšæ³¢é€æµçš„ç”Ÿæ´» (289/1170) has 19 songs.
INFO:[DataPipeline]:Sleep for: 135
INFO:[DataPipeline]:PlayList: [6991442495] è¿™å„¿æ˜¯çš‡åŸçš„è¯´å”±ã€ŒåŒ—äº¬å‘³å„¿ã€ (290/1170) has 20 songs.
INFO:[DataPipeline]:PlayList: [7199069605] å è½åœ¨å&#32;Â·&#32;ä¸ºä¸­å›½æ–°è¯´å”±å´›èµ· (291/1170) has 26 songs.
INFO:[DataPipeline]:PlayList: [7252365283] å¼€å´å²–çš„è·¯ï¼Œæ‰“èµ·ç²¾ç¥æ¥å¬è¯´å”± (292/1170) has 43 songs.
INFO:[DataPipeline]:PlayList: [7328299370] 2019å¹´12æœˆåè¯­è¯´å”±æ–°æ­Œ (293/1170) has 20 songs.
INFO:[DataPipeline]:PlayList: [7356735017] ã€æ¬§ç¾ç¯‡ã€‘è¯´å”±æ–‡åŒ–çˆ±å¥½è€…äº¤æµåœ° (294/1170) has 21 songs.
INFO:[DataPipeline]:PlayList: [7075378364] æ—¥ç³»rapè¯´å”±ï¼šä¸œç€›è¿·å¹»ï¼Œçˆ†è£‚æ”¾è¡ (295/1170) has 25 songs.
INFO:[DataPipeline]:PlayList: [7060655215] å·å‘³è¯´å”±ï¼šéº»è¾£å‘³åè¶³ (296/1170) has 20 songs.
INFO:[DataPipeline]:PlayList: [1970558843] è®©åè¯­è¯´å”±å®£æ³„ä½ çš„æ„¤æ‡‘ (297/1170) has 30 songs.
INFO:[DataPipeline]:PlayList: [7047664669] ç©è½¬Flow&#32;Â·&#32;å¥³æ€§è¯´å”±åŠ›é‡&#32; (298/1170) has 25 songs.
INFO:[DataPipeline]:PlayList: [7228624604] æŠŠçˆ±ä¼ é€’ï¼šã€Š&#32;ä¸­å›½æ–°è¯´å”±&#32;ã€‹ç²¾é€‰ (299/1170) has 21 songs.
INFO:[DataPipeline]:Sleep for: 104
INFO:[DataPipeline]:PlayList: [1137171977] åè¯­ï¼šéœ¸æ°”åŠ¨å¬çš„è¯´å”±ç²¾é€‰ (300/1170) has 25 songs.
INFO:[DataPipeline]:PlayList: [7286144749] å›½è¯­è¯´å”±ä¸¨ç”¨çœŸè¯šåˆ›é€ å¥‡è¿¹ (301/1170) has 39 songs.
INFO:[DataPipeline]:PlayList: [2037520790] å‘¨æ°ä¼¦çš„é¥¶èˆŒè¯´å”±ä¾æ—§èŒƒç‰¹è¥¿ (302/1170) has 30 songs.
INFO:[DataPipeline]:PlayList: [7344851251] 6IX9INEã€69è¶…å‡¶å„¿æ­Œè¯´å”±ã€ (303/1170) has 57 songs.
INFO:[DataPipeline]:PlayList: [7123142965] æ¬§ç¾EMO&#45;Rapä¸¨å¦ç±»ç‹¬ç«‹è¯´å”± (304/1170) has 31 songs.
INFO:[DataPipeline]:PlayList: [3810892476] &#32;/åè¯­æ–°è¯´å”±/&#32;&#32;å¸¦ä½ äº†è§£ä¸ä¸€æ ·çš„è¯´å”± (305/1170) has 606 songs.
--- Logging error ---
Traceback (most recent call last):
  File "/Library/Python/3.7/site-packages/urllib3/connectionpool.py", line 376, in _make_request
    self._validate_conn(conn)
  File "/Library/Python/3.7/site-packages/urllib3/connectionpool.py", line 994, in _validate_conn
    conn.connect()
  File "/Library/Python/3.7/site-packages/urllib3/connection.py", line 360, in connect
    ssl_context=context,
  File "/Library/Python/3.7/site-packages/urllib3/util/ssl_.py", line 370, in ssl_wrap_socket
    return context.wrap_socket(sock, server_hostname=server_hostname)
  File "/Library/Developer/CommandLineTools/Library/Frameworks/Python3.framework/Versions/3.7/lib/python3.7/ssl.py", line 412, in wrap_socket
    session=session
  File "/Library/Developer/CommandLineTools/Library/Frameworks/Python3.framework/Versions/3.7/lib/python3.7/ssl.py", line 853, in _create
    self.do_handshake()
  File "/Library/Developer/CommandLineTools/Library/Frameworks/Python3.framework/Versions/3.7/lib/python3.7/ssl.py", line 1117, in do_handshake
    self._sslobj.do_handshake()
socket.timeout: _ssl.c:1039: The handshake operation timed out

During handling of the above exception, another exception occurred:

Traceback (most recent call last):
  File "/Library/Python/3.7/site-packages/requests/adapters.py", line 449, in send
    timeout=timeout
  File "/Library/Python/3.7/site-packages/urllib3/connectionpool.py", line 720, in urlopen
    method, url, error=e, _pool=self, _stacktrace=sys.exc_info()[2]
  File "/Library/Python/3.7/site-packages/urllib3/util/retry.py", line 400, in increment
    raise six.reraise(type(error), error, _stacktrace)
  File "/Library/Python/3.7/site-packages/urllib3/packages/six.py", line 735, in reraise
    raise value
  File "/Library/Python/3.7/site-packages/urllib3/connectionpool.py", line 672, in urlopen
    chunked=chunked,
  File "/Library/Python/3.7/site-packages/urllib3/connectionpool.py", line 379, in _make_request
    self._raise_timeout(err=e, url=url, timeout_value=conn.timeout)
  File "/Library/Python/3.7/site-packages/urllib3/connectionpool.py", line 331, in _raise_timeout
    self, url, "Read timed out. (read timeout=%s)" % timeout_value
urllib3.exceptions.ReadTimeoutError: HTTPSConnectionPool(host='c.y.qq.com', port=443): Read timed out. (read timeout=30)

During handling of the above exception, another exception occurred:

Traceback (most recent call last):
  File "runner_qq.py", line 60, in process_playlist
    lyric = api.get_song_lyric(song.id)
  File "/private/var/root/.jenkins/workspace/data-shuochang/dao/qq_api.py", line 43, in get_song_lyric
    raw_text = self.fetch_raw(url)
  File "/private/var/root/.jenkins/workspace/data-shuochang/dao/base_api.py", line 33, in fetch_raw
    verify=False)
  File "/Library/Python/3.7/site-packages/requests/api.py", line 75, in get
    return request('get', url, params=params, **kwargs)
  File "/Library/Python/3.7/site-packages/requests/api.py", line 60, in request
    return session.request(method=method, url=url, **kwargs)
  File "/Library/Python/3.7/site-packages/requests/sessions.py", line 533, in request
    resp = self.send(prep, **send_kwargs)
  File "/Library/Python/3.7/site-packages/requests/sessions.py", line 646, in send
    r = adapter.send(request, **kwargs)
  File "/Library/Python/3.7/site-packages/requests/adapters.py", line 529, in send
    raise ReadTimeout(e, request=request)
requests.exceptions.ReadTimeout: HTTPSConnectionPool(host='c.y.qq.com', port=443): Read timed out. (read timeout=30)

During handling of the above exception, another exception occurred:

Traceback (most recent call last):
  File "/Library/Developer/CommandLineTools/Library/Frameworks/Python3.framework/Versions/3.7/lib/python3.7/logging/__init__.py", line 1034, in emit
    msg = self.format(record)
  File "/Library/Developer/CommandLineTools/Library/Frameworks/Python3.framework/Versions/3.7/lib/python3.7/logging/__init__.py", line 880, in format
    return fmt.format(record)
  File "/Library/Developer/CommandLineTools/Library/Frameworks/Python3.framework/Versions/3.7/lib/python3.7/logging/__init__.py", line 619, in format
    record.message = record.getMessage()
  File "/Library/Developer/CommandLineTools/Library/Frameworks/Python3.framework/Versions/3.7/lib/python3.7/logging/__init__.py", line 380, in getMessage
    msg = msg % self.args
TypeError: not all arguments converted during string formatting
Call stack:
  File "runner_qq.py", line 158, in <module>
    main()
  File "runner_qq.py", line 145, in main
    args.proxy, logger, args.dump_raw, args.dump_seg)
  File "runner_qq.py", line 70, in process_playlist
    logger.error("Exception in processing songs: ", err)
Message: 'Exception in processing songs: '
Arguments: (ReadTimeout(ReadTimeoutError("HTTPSConnectionPool(host='c.y.qq.com', port=443): Read timed out. (read timeout=30)")),)
INFO:[DataPipeline]:PlayList: [7120144509] æ—¥è¯­è¯´å”±&#32;&#124;&#32;æ–°é²œçš„èŠ‚å¥ï¼Œé…·é…·å“’ (306/1170) has 22 songs.
INFO:[DataPipeline]:PlayList: [7309306932] åè¯­è¯´å”±ï¼šæœ‰èŠ‚å¥çš„å†…å¿ƒç‹¬ç™½ (307/1170) has 29 songs.
INFO:[DataPipeline]:PlayList: [7027040520] ã€Hip&#45;Hop&#32;Is&#32;Deadã€‘è¯´å”±ä¸æ­¢ (308/1170) has 49 songs.
INFO:[DataPipeline]:PlayList: [7072147957] Trap&#32;&#124;&#32;ç‹‚æ”¾ä¸ç¾çš„é™·é˜±è¯´å”± (309/1170) has 101 songs.
INFO:[DataPipeline]:Sleep for: 86
INFO:[DataPipeline]:PlayList: [7356735086] ç½‘ç»œè¯´å”±&#32;&#124;&#32;çˆ±æƒ…éœ€è¦ä¸”è¡Œä¸”çæƒœ (310/1170) has 18 songs.
INFO:[DataPipeline]:PlayList: [7309307526] å•æ›²å¾ªç¯&#32;&#124;&#32;æ¸©æŸ”åˆå¸…æ°”çš„è¯´å”± (311/1170) has 19 songs.
INFO:[DataPipeline]:PlayList: [7347300835] åè¯­è¯´å”±&#32;&#124;&#32;è¿™æ˜¯çµé­‚æ•‘èµçš„æˆ˜åœº (312/1170) has 15 songs.
INFO:[DataPipeline]:PlayList: [7024501246] æ¥è‡ªçš‡åŸçš„æ€åº¦è¯´å”± (313/1170) has 35 songs.
INFO:[DataPipeline]:PlayList: [7026401174] ã€Œè¥¿å—è¯´å”±ã€made&#32;in&#32;china&#33; (314/1170) has 20 songs.
INFO:[DataPipeline]:PlayList: [7328839828] åè¯­è¯´å”±ï¼šèª“æ­»æå«ä¸æˆ‘èˆ¬é…çš„æ¢¦ (315/1170) has 19 songs.
INFO:[DataPipeline]:PlayList: [7179893737] ä¸­å›½è¯´å”±ï¼Œé¾™ä¹‹ä¼ äººçš„æ€åº¦è¯—å¥ (316/1170) has 26 songs.
INFO:[DataPipeline]:PlayList: [7025573262] é•¿æ²™è¯´å”±ï¼Œæœ€åœ°é“çš„æ¹˜æ–‡åŒ– (317/1170) has 26 songs.
INFO:[DataPipeline]:PlayList: [3708416190] æ—¥æœ¬è¯´å”±ï¼šç‹¬ç‰¹çš„å¼‚åŸŸé£æƒ… (318/1170) has 21 songs.
INFO:[DataPipeline]:PlayList: [7025472476] å›½é£è¯´å”±&#32;&#124;&#32;å°†ä¸­åæ–‡åŒ–è¿›è¡Œåˆ°åº• (319/1170) has 22 songs.
INFO:[DataPipeline]:Sleep for: 98
INFO:[DataPipeline]:PlayList: [7319433863] è¯´å”±æ¥äº†ï¼šæˆ‘è¦ç”¨Rapæ‰“å¹¿å‘Šï¼ (320/1170) has 25 songs.
INFO:[DataPipeline]:PlayList: [7319430956] åè¯­è¯´å”±ä¸¨æŒç»­é£™é«˜åœ¨å¿ƒä¸­çš„ç‡¥ (321/1170) has 44 songs.
INFO:[DataPipeline]:PlayList: [1159076425] èŠ‚å¥æ²¦é™·ï¼šç»™ä½ ä¸€å¼ æè‡´æ¬§ç¾è¯´å”±å• (322/1170) has 123 songs.
INFO:[DataPipeline]:PlayList: [7337449709] å˜»å“ˆé›†ç»“å·&#32;Â·&#32;éšæ€§éŸ©è¯­è¯´å”±èŠ‚å¥ (323/1170) has 27 songs.
INFO:[DataPipeline]:PlayList: [7130484410] æ¬§ç¾å¥³è¯´å”±ä¸¨æ²¡äººèƒ½ç»™è€å¨˜è®¾ä¸‹é™·é˜± (324/1170) has 25 songs.
INFO:[DataPipeline]:PlayList: [7319431038] åè¯­è¯´å”±ä¸¨åˆ«è´ªå›¾æ²¿é€”çš„é£æ™¯ (325/1170) has 28 songs.
INFO:[DataPipeline]:PlayList: [7127554192] å®åšåŠªåŠ›çš„èœé¸Ÿï¼Œä¹Ÿä¸åšè¯´å”±çš„è·Ÿé£ç‹— (326/1170) has 33 songs.
INFO:[DataPipeline]:PlayList: [2058999956] å˜»å“ˆç¼–å¹´å²ï¼š100ä½æ­Œæ‰‹çš„éœ‡æ’¼è¯´å”± (327/1170) has 181 songs.
INFO:[DataPipeline]:PlayList: [7023086021] èº«å¸¦ç™½æ²™ï¼Œé¡ºå¸¦åæˆåŠŸåŠ›çš„é•¿æ²™è¯´å”± (328/1170) has 22 songs.
INFO:[DataPipeline]:PlayList: [7124708845] &#32;Cool&#32;Boyï¼šè¯´å”±é…·ç”·å­©å…»æˆè®° (329/1170) has 21 songs.
INFO:[DataPipeline]:Sleep for: 139
INFO:[DataPipeline]:PlayList: [7174514595] ç²¤è¯­è¯´å”±&#32;&#124;&#32;è‡ªå¸¦éŸµå¾‹çš„å¿ƒé‡Œè¯ (330/1170) has 24 songs.
INFO:[DataPipeline]:PlayList: [3538478149] æ¬§ç¾ï¼šèŠ‚å¥æ„Ÿåè¶³çš„å˜»å“ˆè¯´å”± (331/1170) has 43 songs.
INFO:[DataPipeline]:PlayList: [7124711172] æ‹’ä¸§ï¼è¿™é‡Œæœ‰ä¸€ä»½æ²™é›•å–œå‰§è¯´å”± (332/1170) has 20 songs.
INFO:[DataPipeline]:PlayList: [7372948040] 2020å¹´è¯´å”±çƒ­æ­Œ&#32;&#124;&#32;æŒç»­æ›´æ–° (333/1170) has 33 songs.
INFO:[DataPipeline]:PlayList: [2314979389] 2019XXLè¯„é€‰è¯´å”±æ–°äººè·å¥–&#38;æå (334/1170) has 79 songs.
INFO:[DataPipeline]:PlayList: [2622146242] æ²¡æœ‰æ¯”è¿™æ›´è®©äººæ”¾æ¾çš„è¯´å”±ä¹äº†ï¼ (335/1170) has 48 songs.
INFO:[DataPipeline]:PlayList: [6987718697] ç²¤è¯­è¯´å”±ä¸€æ ·ç”˜ç‚¸ (336/1170) has 22 songs.
INFO:[DataPipeline]:PlayList: [7130484259] é‚£ä¸ªç©æ»‘æ¿çš„é…·ç›–ï¼Œè¿™äº›è¯´å”±é€ç»™ä½  (337/1170) has 24 songs.
INFO:[DataPipeline]:PlayList: [7356733640] åè¯­è¯´å”±ä¸¨æ²¡æœ‰é€€è·¯ä¸å¦‚äº«å—ç—›è‹¦ (338/1170) has 19 songs.
INFO:[DataPipeline]:PlayList: [7309305961] ç‹¬ç‰¹æ€åº¦&#32;&#124;&#32;ä¸“å±åè¯­è¯´å”±çš„é…·ï¼ (339/1170) has 22 songs.
INFO:[DataPipeline]:Sleep for: 104
INFO:[DataPipeline]:PlayList: [7256148012] éŸ©è¯­è¯´å”±ï¼šåˆ«å…·ä¸€æ ¼ï¼Œé…·åˆ°æ²¡æœ‹å‹ (340/1170) has 26 songs.
INFO:[DataPipeline]:PlayList: [1715477234] éŸ©å¼è¯´å”±ç›¸ä¿¡ä½ ä¹Ÿä¼šçˆ±ä¸Š (341/1170) has 66 songs.
INFO:[DataPipeline]:PlayList: [7222867933] ä¸­å›½æ–°è¯´å”±2019ï¼šrapperå¤§ä½œæˆ˜ (342/1170) has 27 songs.
INFO:[DataPipeline]:PlayList: [4213098213] ã€Šä¸­å›½æ–°è¯´å”±Â·ç¬¬ä¸€å­£ï¼ˆ2018ï¼‰ã€‹æ­Œæ›²åˆé›† (343/1170) has 140 songs.
INFO:[DataPipeline]:PlayList: [7309305586] åè¯­è¯´å”±ä¸¨æ‰¿æ‹…æˆ‘çš„æ¢¦å’Œå°å®‡å®™ (344/1170) has 21 songs.
INFO:[DataPipeline]:PlayList: [7060355495] åè¯­å˜»å“ˆï¼Œä½ çš„è¯´å”±ç”·å‹ (345/1170) has 43 songs.
INFO:[DataPipeline]:PlayList: [6966270557] 2019å¹´5æœˆåè¯­è¯´å”±æ–°æ­Œ (346/1170) has 49 songs.
INFO:[DataPipeline]:PlayList: [3802044487] è¯´å”±è‰ºæœ¯ï¼šä¼ æ‰¿è¡—å¤´æ–‡åŒ–çš„ç²¾é«“ (347/1170) has 57 songs.
INFO:[DataPipeline]:PlayList: [7299187086] ç½‘ç»œè¯´å”±&#32;&#124;&#32;ä¼¤æ„Ÿæ—‹å¾‹é“å‡ºæ€å¿µæƒ… (348/1170) has 23 songs.
INFO:[DataPipeline]:PlayList: [7026780239] å¹¿è¥¿è¯´å”±&#32;&#124;&#32;ä»¥åæˆ‘å¼€ç”µå•è½¦å…»ä½  (349/1170) has 26 songs.
INFO:[DataPipeline]:Sleep for: 113
INFO:[DataPipeline]:PlayList: [7130484635] å›½è¯­è¯´å”±ä¸¨æˆ‘çš„å®è—ç”·å­©ä¸è¯¥å†·é—¨ (350/1170) has 22 songs.
INFO:[DataPipeline]:PlayList: [7319431365] åè¯­è¯´å”±ä¸¨åœ¨æ— äººçš„æ·±æ¸Šå­¦ä¼šæŒ£è„± (351/1170) has 24 songs.
INFO:[DataPipeline]:PlayList: [7026391764] é‡‘å±è¯´å”±&#32;&#124;&#32;ç”¨å‘å–Šæ¥å‘Šè¯‰ä½ ï¼ (352/1170) has 38 songs.
INFO:[DataPipeline]:PlayList: [7199068857] ã€Šä¸­å›½æ–°è¯´å”±ã€‹2019æœ€çƒ­é€‰æ‰‹é›†ï¼ (353/1170) has 44 songs.
INFO:[DataPipeline]:PlayList: [7268158533] å›½è¯­è¯´å”±ï¼šé˜³å…‰è®©æˆ‘ç»™ä½ æ´’æ»¡ (354/1170) has 34 songs.
INFO:[DataPipeline]:PlayList: [7268158875] å›½è¯­è¯´å”±ä¸¨æ‰åæ¨ªæº¢ï¼Œæ‹’ç»ä½è°ƒ (355/1170) has 32 songs.
INFO:[DataPipeline]:PlayList: [7060352365] æ—…è¡Œè·¯ä¸Šï¼šå¸¦ç‚¹é›¶é£Ÿå’Œè¯´å”± (356/1170) has 49 songs.
INFO:[DataPipeline]:PlayList: [7253252811] è·Ÿéšæ½®ç‰Œæ–¹å‘ï¼Œè¿½é€è¯´å”±æµè¡Œ (357/1170) has 34 songs.
INFO:[DataPipeline]:PlayList: [1130183901] é»‘äººè¯´å”±&#32;ç§æ—å¤©èµ‹ (358/1170) has 30 songs.
INFO:[DataPipeline]:PlayList: [7023404250] æ—¥æœ¬è¯´å”±ï¼šæ¥ä¸€ä»½J&#45;HipHopå®šé£Ÿ (359/1170) has 33 songs.
INFO:[DataPipeline]:Sleep for: 136
INFO:[DataPipeline]:PlayList: [7290324889] è¯´å”±&#32;&#124;&#32;æµªè¿¹å¤©æ¶¯ä¸å¦‚æ—©ç‚¹å›å®¶ (360/1170) has 19 songs.
INFO:[DataPipeline]:PlayList: [6999521963] éŸ©è¯­&#32;&#124;&#32;ä¸€ç§’é™·å…¥çš„ç—æ°”è¯´å”± (361/1170) has 22 songs.
INFO:[DataPipeline]:PlayList: [5374745262] èŠ‚å¥è¯´å”±&#32;&#124;&#32;CHILLæ—¶çš„è‡ªå—¨æŒ‡å— (362/1170) has 30 songs.
INFO:[DataPipeline]:PlayList: [3995868416] åŠ±å¿—çš„å›½è¯­ç”·å£°è½»æ—‹å¾‹è¯´å”± (363/1170) has 40 songs.
INFO:[DataPipeline]:PlayList: [7019473936] 2019å¹´6æœˆåè¯­è¯´å”±æ–°æ­Œ (364/1170) has 34 songs.
INFO:[DataPipeline]:PlayList: [7299186495] æ¬§ç¾è¯´å”±ï¼šå¸¦é¢†ä½ å¿«é€Ÿå…¥é—¨å˜»å“ˆåœˆ (365/1170) has 21 songs.
INFO:[DataPipeline]:PlayList: [7309306041] ä¸­æ–‡è¯´å”±ï¼šç»ƒä¹ è¯´å”±åšä¸ªè¡—å¤´éœ¸ç‹ (366/1170) has 19 songs.
INFO:[DataPipeline]:PlayList: [7122201643] éŸ©&#32;â”‚&#32;æœ‰äº›æ‚²ä¼¤åªèƒ½é€šè¿‡è¯´å”±è¡¨è¾¾ (367/1170) has 36 songs.
INFO:[DataPipeline]:PlayList: [7287708206] 2019å¹´11æœˆåè¯­è¯´å”±æ–°æ­Œ (368/1170) has 36 songs.
INFO:[DataPipeline]:PlayList: [6989768676] åŒªå¸®è¯´å”±ï¼Œé»‘æš—ä¸æš´åŠ›ä¸­ä¸å •è½ (369/1170) has 26 songs.
INFO:[DataPipeline]:Sleep for: 151
INFO:[DataPipeline]:PlayList: [7120145309] åŠ±å¿—è¯´å”±ï¼šä¸§ä¸§çš„æ—¶å€™å°±å¬è¿™äº› (370/1170) has 24 songs.
INFO:[DataPipeline]:PlayList: [7023303078] æ–°ç–†è¯´å”±&#32;&#124;&#32;å¦ä¸€ç§å˜»å“ˆé£ (371/1170) has 22 songs.
INFO:[DataPipeline]:PlayList: [7319431125] éŸ©è¯­è¯´å”±ä¸¨æ²‰é—·é‡Œï¼Œæ— æƒ§æ— äº‰ (372/1170) has 20 songs.
INFO:[DataPipeline]:PlayList: [7120261075] æ–¹è¨€è¯´å”±ï¼šæˆ‘çš„åŸå¸‚æˆ‘æ¥Rap (373/1170) has 27 songs.
INFO:[DataPipeline]:PlayList: [7123121922] é…’å§è°ƒé…’å¸ˆæ¨èçš„ç‚«é…·æ¬§ç¾è¯´å”± (374/1170) has 27 songs.
INFO:[DataPipeline]:PlayList: [7299189785] æƒ…è¯è¯´å”±&#32;&#124;&#32;å½“ä½ æœ€å¥½çš„ç¤¼ç‰©&#32; (375/1170) has 24 songs.
INFO:[DataPipeline]:PlayList: [1967058532] æ¬§ç¾ï½œèŠ‚å¥çµé­‚ï¼Œè¯´å”±å—¨åˆ°æè‡´ (376/1170) has 31 songs.
INFO:[DataPipeline]:PlayList: [4144081013] Trap&#32;Rapä¸¨æ…µæ‡’æ¯’æ€§çš„è¿·å¹»è¯´å”± (377/1170) has 274 songs.
INFO:[DataPipeline]:PlayList: [7025177942] è¿™è¯´å”±é€Ÿåº¦ï¼Œç›´æ¥ç»™è·ªäº†ï¼ (378/1170) has 20 songs.
INFO:[DataPipeline]:PlayList: [7130484562] åè¯­è¯´å”±ç•Œæ–°é²œè¡€æ¶²ï¼šæœªæ¥å¯æœŸï¼ (379/1170) has 26 songs.
INFO:[DataPipeline]:Sleep for: 66
INFO:[DataPipeline]:PlayList: [7045394138] ã€Šä¸­å›½æ–°è¯´å”±ã€‹2019å…¨è¾‘ (380/1170) has 165 songs.
INFO:[DataPipeline]:PlayList: [7070723743] é¦™æ¸¯å˜»å“ˆï¼šç²¤éŸµè¯´å”±ï¼Œå•±æ™’æˆ‘å‘³ (381/1170) has 38 songs.
INFO:[DataPipeline]:PlayList: [2957036127] 40é¦–KTVé«˜ç«¯ç©æ³•&#32;&#58;&#32;é¥¶èˆŒè¯´å”±éœ‡æƒŠå…¨åœº (382/1170) has 42 songs.
INFO:[DataPipeline]:PlayList: [4067277243] ç¼–è¾‘æ¨èï¼šè¯´å”±çƒ­æ­Œ (383/1170) has 64 songs.
INFO:[DataPipeline]:PlayList: [7319429793] ã€ç™¾å˜å˜»å“ˆã€‘åè¯­è¯´å”±çš„æ€åº¦ (384/1170) has 31 songs.
INFO:[DataPipeline]:PlayList: [6990037990] è¯´å”±å¥³ç‹&#32;&#124;&#32;å¸…æ°”Rapä½ å¥ˆæˆ‘ä½• (385/1170) has 20 songs.
INFO:[DataPipeline]:PlayList: [7070944398] &#10;åˆå¤œç‹‚æ¬¢ï¼Œç‹‚èºé™·é˜±è¯´å”± (386/1170) has 69 songs.
INFO:[DataPipeline]:PlayList: [3524704140] ã€éŸ©è¯­ã€å¼ºåŠ›è¯´å”±ï¼Œæƒ…æ„ŸéšèŠ‚å¥è¿¸å‘ (387/1170) has 20 songs.
INFO:[DataPipeline]:PlayList: [3837867007] ã€äº‘é›¾è¯´å”±ã€‘è™šå¹»å£°ä¹&#32;è‡ªç”±æ¼‚æµ® (388/1170) has 24 songs.
INFO:[DataPipeline]:PlayList: [7309305339] åè¯­è¯´å”±ä¸¨é»‘æš—ç»ˆç©¶è¦ç ´æ™“ (389/1170) has 23 songs.
INFO:[DataPipeline]:Sleep for: 147
INFO:[DataPipeline]:PlayList: [1977235360] æ­Œè¯å……æ»¡æ­£èƒ½é‡çš„æ¬§ç¾è¯´å”± (390/1170) has 23 songs.
INFO:[DataPipeline]:PlayList: [7199068688] é‡ç‹¼å‡ºæ²¡ï¼ã€Šä¸­å›½æ–°è¯´å”±ã€‹2019æ”¶å½• (391/1170) has 33 songs.
INFO:[DataPipeline]:PlayList: [1121019733] ä¸­æ¯’èŠ‚å¥æ§çš„æ¬§ç¾è¯´å”± (392/1170) has 30 songs.
INFO:[DataPipeline]:PlayList: [3494413005] è¯´å”±æ˜¯æˆ‘è¡€è‚‰ï¼Œæˆ‘åªéœ€è¦ä¸ªèŠ‚å¥ã€‚ (393/1170) has 18 songs.
INFO:[DataPipeline]:PlayList: [7023086362] å°å¼è¯´å”±ï¼Œå˜»å“ˆåŸ¹å…»çš¿ (394/1170) has 20 songs.
INFO:[DataPipeline]:PlayList: [4388414063] åˆ«å…·ä¸€æ ¼çš„åè¯­å¥³å£°è¯´å”± (395/1170) has 72 songs.
INFO:[DataPipeline]:PlayList: [7025234749] åè¯­è¯´å”±é‡Œçš„Trapå…ƒç´ ä½ çŸ¥é“å—ï¼Ÿ (396/1170) has 20 songs.
INFO:[DataPipeline]:PlayList: [7265415189] å‰æ©åšå£«è¯´å”±è‹±è¯­ (397/1170) has 12 songs.
INFO:[DataPipeline]:PlayList: [7039450015] I&#32;LOVE&#32;é¾™äº•è¯´å”±ï¼ (398/1170) has 44 songs.
INFO:[DataPipeline]:PlayList: [7024551535] çˆµå£«èŠ‚å¥è¯´å”±ï¼Œçˆ±ä¸Šè¿™ç§ä¸ä¸€æ · (399/1170) has 34 songs.
INFO:[DataPipeline]:Sleep for: 136
INFO:[DataPipeline]:PlayList: [7127554561] å¿æœ¯ï¼šæ¨ªæ‰«çŒç¡è¯´å”±ï¼Œå¼€ï¼ (400/1170) has 27 songs.
INFO:[DataPipeline]:PlayList: [5004548701] å›½äº§è¯´å”±ä¸¨è¡Œäº‘æµæ°´çš„flow (401/1170) has 171 songs.
INFO:[DataPipeline]:PlayList: [1395702627] å…ƒç´ éŸ³ä¹&#43;è¯´å”±&#32;æŠ–è…¿ä¸åœï¼ (402/1170) has 24 songs.
INFO:[DataPipeline]:PlayList: [7026728784] é™¤äº†ç‡¥ï¼Œè¯´å”±ä¹Ÿæœ‰æŸ”æƒ…çš„ä¸€é¢ (403/1170) has 22 songs.
INFO:[DataPipeline]:PlayList: [7299189874] æœ‰æ³ªè¯´å”±ï¼šå‡è£…ä½ ä¸åœ¨æˆ‘ä¾ç„¶å¼€å¿ƒ (404/1170) has 17 songs.
INFO:[DataPipeline]:PlayList: [7199065234] Liveç²¾é€‰&#32;&#124;&#32;ä¸­å›½æ–°è¯´å”±2019 (405/1170) has 25 songs.
INFO:[DataPipeline]:PlayList: [1109632189] è®©éŸ©å¼è¯´å”±å«é†’ä½ åŒè€³ (406/1170) has 21 songs.
INFO:[DataPipeline]:PlayList: [2002188578] ã€é‡‘å±å¤šå˜ã€‘è¯´å”±é‡‘å± (407/1170) has 20 songs.
INFO:[DataPipeline]:PlayList: [3227915678] æ¬§ç¾è¯´å”±Â·é¥¶èˆŒæ˜¯ä¸€ç§æ€åº¦ (408/1170) has 20 songs.
INFO:[DataPipeline]:PlayList: [7074089473] Midwest&#32;Rap&#32;&#124;&#32;å¿«å˜´è½°ç‚¸ï¼Œè¯´å”±è‰ºæœ¯ (409/1170) has 44 songs.
INFO:[DataPipeline]:Sleep for: 61
INFO:[DataPipeline]:PlayList: [4173709272] æŠŠæ€å¿µæ‰è¿›æ¢¦é‡Œ&#32;â€¢&#32;ä¸­æ–‡è¯´å”± (410/1170) has 22 songs.
INFO:[DataPipeline]:PlayList: [7142178702] è¯´å”±&#32;&#58;&#32;æŸ”æƒ…èœœæ„&#32;å¦™è¯­ç”ŸèŠ± (411/1170) has 27 songs.
INFO:[DataPipeline]:PlayList: [7127690902] æ—¥è¯­è¯´å”±ä¸¨åœ¨ä¸œäº¬è¡—å¤´æ¡èµ·æˆ‘çš„swag (412/1170) has 30 songs.
INFO:[DataPipeline]:PlayList: [7123142949] æœ€å¼ºå˜´ç‚®ï¼è¶…é€Ÿè¯´å”±ï¼Œè¯·ç³»å¥½å®‰å…¨å¸¦ (413/1170) has 21 songs.
INFO:[DataPipeline]:PlayList: [1378227509] è§¦åŠ¨å¿ƒå¼¦çš„è¯´å”± (414/1170) has 19 songs.
INFO:[DataPipeline]:PlayList: [2966940841] ã€Œåè¯­è¯´å”±ã€Rapperï¼Œè¡—å¤´çš„è¯—äºº (415/1170) has 107 songs.
INFO:[DataPipeline]:PlayList: [7258684051] 2019å¹´10æœˆåè¯­è¯´å”±æ–°æ­Œ (416/1170) has 28 songs.
INFO:[DataPipeline]:PlayList: [7049162960] Old&#32;Schoolç²¾é€‰ï¼šç»å…¸è¯´å”±å›åˆ°è€å­¦æ ¡ (417/1170) has 23 songs.
INFO:[DataPipeline]:PlayList: [7169712853] å°å¼è¯´å”±&#32;&#124;&#32;å¶åƒå‰§æœ¬çš„è¡ç”Ÿæµªæ¼« (418/1170) has 22 songs.
INFO:[DataPipeline]:PlayList: [4161879293] ç¼“æ…¢èŠ‚å¥é£æ ¼çš„å¦ç±»ä¹¡æ‘è¯´å”± (419/1170) has 35 songs.
INFO:[DataPipeline]:Sleep for: 146
INFO:[DataPipeline]:PlayList: [7023191249] &#32;Old&#32;Schoolå’Œçˆµå£«çš„è¯´å”±ä¼´å¥ (420/1170) has 21 songs.
INFO:[DataPipeline]:PlayList: [729156601] è¯´å”±çš„èŠ‚å¥ï¼ä½ èƒ½æŒ¡ä½ä¹ˆï¼Ÿ (421/1170) has 18 songs.
INFO:[DataPipeline]:PlayList: [6989805214] è‡ª1979å¹´ä»¥æ¥ï¼Œæœ€ä½³è¯´å”±æ­Œæ‰‹ (422/1170) has 24 songs.
INFO:[DataPipeline]:PlayList: [3792529861] Vapor&#45;Trapï¼šæ–°å…ƒç´ å¦ç±»å®éªŒè¯´å”± (423/1170) has 33 songs.
INFO:[DataPipeline]:PlayList: [7060352843] è¯´å”±&#32;&#124;&#32;å°†çˆ±æ„è—åœ¨rapé‡Œï¼Œå†å”±ç»™ä½  (424/1170) has 43 songs.
INFO:[DataPipeline]:PlayList: [7026863233] æ½®å·è¯è¯´å”±&#32;&#124;&#32;ä¸â€œæ½®â€ä¸ç”¨èŠ±é’± (425/1170) has 31 songs.
INFO:[DataPipeline]:PlayList: [7023353672] ã€ŒéŸ©è¯­è¯´å”±ã€ç‡ƒçƒ§å§æˆ‘çš„rapå°å®‡å®™ï¼ (426/1170) has 43 songs.
INFO:[DataPipeline]:PlayList: [3751640297] ã€ŠXXLã€‹è¯„é€‰å¥³è¯´å”±æ–°äºº&#38;æå (427/1170) has 38 songs.
INFO:[DataPipeline]:PlayList: [2942134414] é‚£äº›é‡‡æ ·è‡ªåè¯­é‡‘æ›²çš„è¯´å”±æ­Œæ›² (428/1170) has 53 songs.
INFO:[DataPipeline]:PlayList: [7120749599] è¯´å”±å¼æ•£æ­¥ï¼Œæ‰‹èˆè¶³è¹ˆå“ä¸åˆ°ä½ ï¼ (429/1170) has 35 songs.
INFO:[DataPipeline]:Sleep for: 151
INFO:[DataPipeline]:PlayList: [2538509052] è®©ä½ è‡£æœçš„è¯´å”±ï¼ (430/1170) has 47 songs.
INFO:[DataPipeline]:PlayList: [1777041578] èˆŒå°–æŒ‘é€—ï¼šèŠ‚å¥æŠ“è€³çš„æ¬§ç¾è¯´å”± (431/1170) has 30 songs.
INFO:[DataPipeline]:PlayList: [7125015431] &#32;è¿ªå…ç”µå­æœ‰ç‚¹è…»ï¼Œæ¥ç‚¹Swagè¯´å”±ï¼&#32; (432/1170) has 27 songs.
INFO:[DataPipeline]:PlayList: [4253101697] åè¯­è¯´å”±ï¼šç­‰å¾…å‘æ˜çš„å†·é—¨å®è— (433/1170) has 33 songs.
INFO:[DataPipeline]:PlayList: [4001884634] å›½è¯­è¯´å”±ä¸­çš„ç”·å¥³ä¿çš®å¯¹å”± (434/1170) has 28 songs.
INFO:[DataPipeline]:PlayList: [7122320239] éŸ©è¯­è¯´å”±&#32;&#124;&#32;å°å“¥å“¥çš„å‰å¥ç—æ°”åè¶³ (435/1170) has 29 songs.
INFO:[DataPipeline]:PlayList: [7120144949] éŸ©è¯­è¯´å”±&#32;&#124;&#32;å­¦å¦¹ç©æ¿ä¸“ç”¨BGM (436/1170) has 21 songs.
INFO:[DataPipeline]:PlayList: [3267181556] ã€Œä¸­å¼è¯´å”±ã€åè¯­Rapä¹Ÿèƒ½å¦‚æ­¤å¸¦æ„Ÿ (437/1170) has 87 songs.
INFO:[DataPipeline]:PlayList: [3619802775] æ…¢é€Ÿè¯´å”±ï¼šäº«å—å‡æœŸæœ€åçš„è¡æ¼¾ (438/1170) has 42 songs.
INFO:[DataPipeline]:PlayList: [2967603138] å…¨æ°‘Freestyleï¼Ÿè¿™äº›åè¯­è¯´å”±æ•™ä½ çœŸæ­£å˜»å“ˆ (439/1170) has 47 songs.
INFO:[DataPipeline]:Sleep for: 162
INFO:[DataPipeline]:PlayList: [7120079978] æ¬§ç¾è¯´å”±ï¼šæˆ‘å°±æ˜¯æ•¢äºå®è¯å®è¯´ (440/1170) has 22 songs.
INFO:[DataPipeline]:PlayList: [2375358103] ä¸­å›½å˜»å“ˆVol&#46;6&#32;&#124;&#32;çˆµå£«è¯´å”±ï¼ŒæŠŠä¼˜é›…å”±ç»™ä½ å¬ (441/1170) has 39 songs.
INFO:[DataPipeline]:PlayList: [7222867093] ã€Šä¸­å›½æ–°è¯´å”±2019ã€‹LIVEç²¾é€‰ (442/1170) has 24 songs.
INFO:[DataPipeline]:PlayList: [1168817213] æ ¼è±ç¾å†å±Šæœ€ä½³è¯´å”±åˆé›† (443/1170) has 81 songs.
INFO:[DataPipeline]:PlayList: [7120460010] ç§è—ï¼é€‚åˆæ™šä¸Šå¬çš„æ—‹å¾‹è¯´å”± (444/1170) has 24 songs.
INFO:[DataPipeline]:PlayList: [3270646022] æ¯ä¸€ä¸ªåè¯­è¯´å”±å¥³å£°éƒ½æ˜¯ã€Œç‹ è§’è‰²ã€ (445/1170) has 23 songs.
INFO:[DataPipeline]:PlayList: [7121026470] æ¬§ç¾è€æ´¾è¯´å”±ä¸¨ä¼ ç»ŸèŠ‚å¥ä¸è¿‡æ—¶ (446/1170) has 24 songs.
INFO:[DataPipeline]:PlayList: [2370392809] å›½äº§å˜»å“ˆVol&#46;2&#32;&#124;&#32;&#32;è¯´å”±ä¹Ÿå¯ä»¥è¿™ä¹ˆæŸ”æƒ… (447/1170) has 49 songs.
INFO:[DataPipeline]:PlayList: [7191602811] 2019å¹´9æœˆåè¯­è¯´å”±æ–°æ­Œ (448/1170) has 21 songs.
INFO:[DataPipeline]:PlayList: [7199069387] é‡ç£…ï¼ã€Šä¸­å›½æ–°è¯´å”±2019ã€‹liveç‰ˆ (449/1170) has 24 songs.
INFO:[DataPipeline]:Sleep for: 160
INFO:[DataPipeline]:PlayList: [889435263] éŸµè„šä¸ºç‹ï¼å•åŒæŠ¼è¶…20&#43;çš„å›½äº§è¯´å”± (450/1170) has 37 songs.
INFO:[DataPipeline]:PlayList: [1141685939] åè¯­è¯´å”±&#32;æè‡´èŠ‚å¥ç¬é—´èµ·é£ (451/1170) has 51 songs.
INFO:[DataPipeline]:PlayList: [7070356137] é»„é‡‘æ—¶ä»£è¯´å”±ï¼šæ¨å¹¿å˜»å“ˆå››å¤§å…ƒç´  (452/1170) has 30 songs.
INFO:[DataPipeline]:PlayList: [3750281430] è€æ´¾è¯´å”±ï¼šFunkèŠ‚å¥é£æ ¼çš„å˜»å“ˆ (453/1170) has 24 songs.
INFO:[DataPipeline]:PlayList: [7127250932] å“ˆè¨å…‹è¯´å”±&#32;&#124;&#32;kazakh&#32;Rapçš„çµé­‚ (454/1170) has 20 songs.
INFO:[DataPipeline]:PlayList: [1769135228] ã€Œæ¬§ç¾è¯´å”±æœ€å¼ºéŸ³ã€å†²å‡»ä½ çš„è€³è†œ (455/1170) has 31 songs.
INFO:[DataPipeline]:PlayList: [7025433664] è¯´å”±&#32;&#124;&#32;çºªå¿µå›ä¸æ¥çš„é»„é‡‘å¹´ä»£ (456/1170) has 41 songs.
INFO:[DataPipeline]:PlayList: [2966940676] ã€Œè¯´å”±ã€å˜»å“ˆå”±å°†å¸¦ä½ å—¨ä¸Šå¤© (457/1170) has 146 songs.
INFO:[DataPipeline]:PlayList: [7120109352] æ¬§ç¾è¯´å”±ä¸ºä½ æ’‘è…°ï¼Œæ²¡åœ¨æ€•çš„ (458/1170) has 28 songs.
INFO:[DataPipeline]:PlayList: [7072694886] è‹±ä¼¦è¯´å”±&#32;&#124;&#32;æ›¼å½»æ–¯ç‰¹æœ‰å˜»å“ˆ (459/1170) has 27 songs.
INFO:[DataPipeline]:Sleep for: 157
INFO:[DataPipeline]:PlayList: [4203492269] æ‚²ä¼¤è¯´å”±ï¼Œå´è¶Šå¬è¶Šæ­£ (460/1170) has 27 songs.
INFO:[DataPipeline]:PlayList: [7174513288] ç»´å¾å°”æ—è¯´å”±&#32;&#124;&#32;å™å†™æ•…äº‹çš„æ°‘æ—ä¹ç«  (461/1170) has 22 songs.
INFO:[DataPipeline]:PlayList: [1460626514] å§†çˆ·&#32;&#124;&#32;ç¡¬æ ¸è¯´å”±&#32;ç‚¹ç‡ƒå¿ƒè„ (462/1170) has 45 songs.
INFO:[DataPipeline]:PlayList: [7023085101] ä¿„è¯­è¯´å”±&#32;&#124;&#32;è¯­è¨€ä¸é€šä¹Ÿè¦æ‹¼å‘½å–œæ¬¢ (463/1170) has 25 songs.
INFO:[DataPipeline]:PlayList: [7123436315] çƒ­å¸¦æµ©å®¤&#32;&#43;&#32;å¦ç±»è¯´å”±&#32;&#61;&#32;æ¸…æ–°æ‚¦è€³ (464/1170) has 31 songs.
INFO:[DataPipeline]:PlayList: [2957612567] 30é¦–å‰å¥å†²ç ´è€³è†œçš„ç»å…¸è¯´å”± (465/1170) has 30 songs.
INFO:[DataPipeline]:PlayList: [1471078476] ã€Œç²¤è¯­è¯´å”±ã€ä½ ç»å¯¹æƒ³ä¸åˆ°ä»–ä»¬ä¹Ÿä¼šrap (466/1170) has 44 songs.
INFO:[DataPipeline]:PlayList: [4275046268] åè¯­è¯´å”±ï½œé‚£äº›å›½äº§å˜»å“ˆæƒ…æ­Œ (467/1170) has 33 songs.
INFO:[DataPipeline]:PlayList: [4100386839] æ¯’æ€§è¯´å”±çªç ´ä½“èƒ½æé™&#124;è¶…çº§çŒ©çŒ©å¥èº« (468/1170) has 24 songs.
INFO:[DataPipeline]:PlayList: [7071083852] è®½åˆºè¯´å”±&#32;&#58;&#32;è°£è¨€åœ¨é»‘è‰²é‡Œæ¸¸èµ° (469/1170) has 20 songs.
INFO:[DataPipeline]:Sleep for: 129
INFO:[DataPipeline]:PlayList: [7176047598] æ½®æ±•è¯´å”±&#32;&#124;&#32;æ‹’ç»éº»æœ¨ï¼Œæ‰¾å¯»ç”Ÿæ´»çµæ„Ÿ (470/1170) has 19 songs.
INFO:[DataPipeline]:PlayList: [7154668075] æ–°è¯´å”±å¤æ´»èµ›ï¼šæ”¹å†™å‰§æœ¬ï¼Œç»åœ°æ±‚ç”Ÿ (471/1170) has 31 songs.
INFO:[DataPipeline]:PlayList: [7073922450] è¶Šå—è¯´å”±ï¼šå¤–æ”¾æ‘‡å¤´ä¸€æ¡é¾™ (472/1170) has 21 songs.
INFO:[DataPipeline]:PlayList: [3287007811] ä¸Šç˜¾è¯´å”±ï¼šéº»ç—¹ç¥ç»çš„æ°›å›´éŸ³ä¹ (473/1170) has 55 songs.
INFO:[DataPipeline]:PlayList: [7199069351] 2019ã€Šä¸­å›½æ–°è¯´å”±ã€‹ç²¾é€‰ç‰ˆ (474/1170) has 28 songs.
INFO:[DataPipeline]:PlayList: [3652345120] å˜»å“ˆè¯´å”±Â·é‡ç«çƒ§ä¸æ­»ä¼šé¥¶èˆŒçš„è¶…äºº (475/1170) has 443 songs.
INFO:[DataPipeline]:PlayList: [7010058258] è‰¾çƒ­ï¼šç¡¬æ ¸æŸ”æƒ…ï¼Œç”¨å¿ƒè¯´å”± (476/1170) has 3 songs.
INFO:[DataPipeline]:PlayList: [3855732616] åº•ç‰¹å¾‹å˜»å“ˆï¼šå…ˆé©±è€…å…´èµ·æé€Ÿè¯´å”± (477/1170) has 55 songs.
INFO:[DataPipeline]:PlayList: [872839737] &#32;ã€Œç›˜ç‚¹ã€ç¾å›½è¯´å”±å²æœ€ä¼Ÿå¤§æ­Œæ‰‹ (478/1170) has 89 songs.
INFO:[DataPipeline]:PlayList: [7069431191] ç²¤è¯­è¯´å”±&#32;âˆ™&#32;ä¹å£°å…­è°ƒçš„æ—‹å¾‹ (479/1170) has 25 songs.
INFO:[DataPipeline]:Sleep for: 132
INFO:[DataPipeline]:PlayList: [7120390427] è¯´å”±&#32;&#124;&#32;é—½å—è¯­ä¹Ÿå¯ä»¥å¾ˆæ½®æµ (480/1170) has 21 songs.
INFO:[DataPipeline]:PlayList: [1767939641] ã€Œæœ€å…¨æ–¹è¨€è¯´å”±ã€è·Ÿç€èŠ‚å¥ä¸€èµ·å“Ÿå“Ÿå“Ÿ (481/1170) has 92 songs.
INFO:[DataPipeline]:PlayList: [1476396637] æƒ…æ„Ÿè¯´å”±å¤§å¸ˆ&#32;&#32;&#32; (482/1170) has 560 songs.
INFO:[DataPipeline]:PlayList: [3851947927] ã€ŠXXLã€‹å†å¹´è¯„é€‰è¯´å”±æ–°äºº (483/1170) has 113 songs.
INFO:[DataPipeline]:PlayList: [3862438004] èˆ’è§£åŠ ç­ç–²å€¦çš„åè¯­æŠ’æƒ…è¯´å”± (484/1170) has 21 songs.
INFO:[DataPipeline]:PlayList: [1771426114] å˜»å“ˆTime&#32;&#58;&#32;å°é’é¾™&#38;è¾‰å­æ¼”ç»æ¸©æŸ”è¯´å”± (485/1170) has 57 songs.
INFO:[DataPipeline]:PlayList: [7079448002] 2019å¹´7æœˆåè¯­è¯´å”±æ–°æ­Œ (486/1170) has 37 songs.
INFO:[DataPipeline]:PlayList: [2371751308] è¯´å”±é£æ ¼ç§‘æ™®ï¼Œä»£è¡¨æ›²ç›®éƒ½åœ¨è¿™é‡Œ (487/1170) has 34 songs.
INFO:[DataPipeline]:PlayList: [3267181458] ã€Œé™·é˜±è¯´å”±ã€éŸ©å¼Trap&#32;Rapæ­Œæ›²ç²¾é€‰ (488/1170) has 103 songs.
INFO:[DataPipeline]:PlayList: [5483192983] ä¸­å›½æ–°è¯´å”±&#32;ç—å­ç¦å…‹æ–¯fox (489/1170) has 27 songs.
INFO:[DataPipeline]:Sleep for: 107
INFO:[DataPipeline]:PlayList: [1469897936] åŒªå¸®è¯´å”±ï¼Œè‡´æ•¬è¥¿æµ·å²¸ (490/1170) has 170 songs.
INFO:[DataPipeline]:PlayList: [2041222439] æ¬§ç¾é¡¶å°–ç¥çº§å˜»å“ˆè¯´å”± (491/1170) has 52 songs.
INFO:[DataPipeline]:PlayList: [2670809605] ã€Œåè¯­è¯´å”±ã€è¿™é¦–æŠ’æƒ…è¯—ï¼Œä¸“ä¸ºä½ è€Œä½œ (492/1170) has 32 songs.
INFO:[DataPipeline]:PlayList: [7121990356] éŸ©è¯­&#32;â”‚æ¥è‡ªç”Ÿæ´»çš„è¯´å”±å€¼å¾—æˆ‘ä»¬å°Šé‡ (493/1170) has 27 songs.
INFO:[DataPipeline]:PlayList: [1168817217] ã€Œæ¬§ç¾ã€è¯´å”±ç»å…¸å¸¦ä½ å…¥é—¨ (494/1170) has 28 songs.
INFO:[DataPipeline]:PlayList: [7127690885] æ—¥å¼çˆµå£«è¯´å”±ä¸¨å·´æ‹¿é©¬å¸½ä¸‹çš„å˜»å“ˆ (495/1170) has 24 songs.
INFO:[DataPipeline]:PlayList: [2066560474] ã€Œåè¯­è¯´å”±ã€ä»ä»–çš„æ­Œå£°äº†è§£ä»– (496/1170) has 49 songs.
INFO:[DataPipeline]:PlayList: [2067205584] ä¸­æ–‡è¯´å”±ï¼Œè°èƒ½æ¯”æˆ‘æœ‰èŒƒå„¿ (497/1170) has 282 songs.
--- Logging error ---
Traceback (most recent call last):
  File "/Library/Python/3.7/site-packages/urllib3/connectionpool.py", line 376, in _make_request
    self._validate_conn(conn)
  File "/Library/Python/3.7/site-packages/urllib3/connectionpool.py", line 994, in _validate_conn
    conn.connect()
  File "/Library/Python/3.7/site-packages/urllib3/connection.py", line 360, in connect
    ssl_context=context,
  File "/Library/Python/3.7/site-packages/urllib3/util/ssl_.py", line 370, in ssl_wrap_socket
    return context.wrap_socket(sock, server_hostname=server_hostname)
  File "/Library/Developer/CommandLineTools/Library/Frameworks/Python3.framework/Versions/3.7/lib/python3.7/ssl.py", line 412, in wrap_socket
    session=session
  File "/Library/Developer/CommandLineTools/Library/Frameworks/Python3.framework/Versions/3.7/lib/python3.7/ssl.py", line 853, in _create
    self.do_handshake()
  File "/Library/Developer/CommandLineTools/Library/Frameworks/Python3.framework/Versions/3.7/lib/python3.7/ssl.py", line 1117, in do_handshake
    self._sslobj.do_handshake()
socket.timeout: _ssl.c:1039: The handshake operation timed out

During handling of the above exception, another exception occurred:

Traceback (most recent call last):
  File "/Library/Python/3.7/site-packages/requests/adapters.py", line 449, in send
    timeout=timeout
  File "/Library/Python/3.7/site-packages/urllib3/connectionpool.py", line 720, in urlopen
    method, url, error=e, _pool=self, _stacktrace=sys.exc_info()[2]
  File "/Library/Python/3.7/site-packages/urllib3/util/retry.py", line 400, in increment
    raise six.reraise(type(error), error, _stacktrace)
  File "/Library/Python/3.7/site-packages/urllib3/packages/six.py", line 735, in reraise
    raise value
  File "/Library/Python/3.7/site-packages/urllib3/connectionpool.py", line 672, in urlopen
    chunked=chunked,
  File "/Library/Python/3.7/site-packages/urllib3/connectionpool.py", line 379, in _make_request
    self._raise_timeout(err=e, url=url, timeout_value=conn.timeout)
  File "/Library/Python/3.7/site-packages/urllib3/connectionpool.py", line 331, in _raise_timeout
    self, url, "Read timed out. (read timeout=%s)" % timeout_value
urllib3.exceptions.ReadTimeoutError: HTTPSConnectionPool(host='c.y.qq.com', port=443): Read timed out. (read timeout=30)

During handling of the above exception, another exception occurred:

Traceback (most recent call last):
  File "runner_qq.py", line 60, in process_playlist
    lyric = api.get_song_lyric(song.id)
  File "/private/var/root/.jenkins/workspace/data-shuochang/dao/qq_api.py", line 43, in get_song_lyric
    raw_text = self.fetch_raw(url)
  File "/private/var/root/.jenkins/workspace/data-shuochang/dao/base_api.py", line 33, in fetch_raw
    verify=False)
  File "/Library/Python/3.7/site-packages/requests/api.py", line 75, in get
    return request('get', url, params=params, **kwargs)
  File "/Library/Python/3.7/site-packages/requests/api.py", line 60, in request
    return session.request(method=method, url=url, **kwargs)
  File "/Library/Python/3.7/site-packages/requests/sessions.py", line 533, in request
    resp = self.send(prep, **send_kwargs)
  File "/Library/Python/3.7/site-packages/requests/sessions.py", line 646, in send
    r = adapter.send(request, **kwargs)
  File "/Library/Python/3.7/site-packages/requests/adapters.py", line 529, in send
    raise ReadTimeout(e, request=request)
requests.exceptions.ReadTimeout: HTTPSConnectionPool(host='c.y.qq.com', port=443): Read timed out. (read timeout=30)

During handling of the above exception, another exception occurred:

Traceback (most recent call last):
  File "/Library/Developer/CommandLineTools/Library/Frameworks/Python3.framework/Versions/3.7/lib/python3.7/logging/__init__.py", line 1034, in emit
    msg = self.format(record)
  File "/Library/Developer/CommandLineTools/Library/Frameworks/Python3.framework/Versions/3.7/lib/python3.7/logging/__init__.py", line 880, in format
    return fmt.format(record)
  File "/Library/Developer/CommandLineTools/Library/Frameworks/Python3.framework/Versions/3.7/lib/python3.7/logging/__init__.py", line 619, in format
    record.message = record.getMessage()
  File "/Library/Developer/CommandLineTools/Library/Frameworks/Python3.framework/Versions/3.7/lib/python3.7/logging/__init__.py", line 380, in getMessage
    msg = msg % self.args
TypeError: not all arguments converted during string formatting
Call stack:
  File "runner_qq.py", line 158, in <module>
    main()
  File "runner_qq.py", line 145, in main
    args.proxy, logger, args.dump_raw, args.dump_seg)
  File "runner_qq.py", line 70, in process_playlist
    logger.error("Exception in processing songs: ", err)
Message: 'Exception in processing songs: '
Arguments: (ReadTimeout(ReadTimeoutError("HTTPSConnectionPool(host='c.y.qq.com', port=443): Read timed out. (read timeout=30)")),)
INFO:[DataPipeline]:PlayList: [2968132627] ã€Œæ¬§ç¾HIPAã€æ–°äººRapperï¼Œè¯´å”±ç•Œæœªæ¥ä¹‹æ˜Ÿ (498/1170) has 55 songs.
INFO:[DataPipeline]:PlayList: [7174514342] äº¬åŸè¯´å”±&#32;&#124;&#32;å­¤ç‹¬ä¿¡å¿µçš„ç´«è‰²çµé­‚ (499/1170) has 23 songs.
INFO:[DataPipeline]:Sleep for: 165
INFO:[DataPipeline]:PlayList: [2110430377] ç‹¬å…·é£å‘³Â·ç™¾å¬ä¸åŒçš„è¶Šå—è¯´å”± (500/1170) has 23 songs.
INFO:[DataPipeline]:PlayList: [1770432370] ä¸å¾—ä¸æ‰¿è®¤ï¼Œè¿™äº›è¯´å”±çœŸè®©äººäº”ä½“æŠ•åœ° (501/1170) has 24 songs.
INFO:[DataPipeline]:PlayList: [2968132747] ã€Œè¯´å”±ã€è‹±æ–‡Beatä¸ä¸­æ–‡å¡«è¯çš„é‚‚é€… (502/1170) has 53 songs.
INFO:[DataPipeline]:PlayList: [7145978208] 2019å¹´8æœˆåè¯­è¯´å”±æ–°æ­Œ (503/1170) has 29 songs.
INFO:[DataPipeline]:PlayList: [1769135329] ã€Œè¯´å”±ã€äº†è§£é»„é‡‘æ—¶ä»£çš„å˜»å“ˆç²¾ç¥ (504/1170) has 200 songs.
INFO:[DataPipeline]:PlayList: [3268368601] ã€Œ90â€²sã€è¯´å”±ä¸–ç•Œçš„é»„é‡‘æ—¶æœŸ (505/1170) has 343 songs.
INFO:[DataPipeline]:PlayList: [7025472777] Old&#32;Skool&#32;&#124;&#32;é»„é‡‘å¹´ä»£çš„è€æ´¾è¯´å”± (506/1170) has 20 songs.
INFO:[DataPipeline]:PlayList: [3233507861] è¥¿å²¸è¯´å”±ï¼Œå‡¶ç‹ çš„æ°ä½œ (507/1170) has 21 songs.
INFO:[DataPipeline]:PlayList: [2374745222] æ—‹å¾‹è¯´å”±â€–å°±æ€•rapperå”±æƒ…æ­Œ (508/1170) has 348 songs.
INFO:[DataPipeline]:PlayList: [7060350282] å¤é£è¯´å”±&#32;&#124;&#32;ä½›ä¸æ¸¡ä½ æˆ‘æ¸¡ä½  (509/1170) has 38 songs.
INFO:[DataPipeline]:Sleep for: 176
INFO:[DataPipeline]:PlayList: [2671455299] è¿™äº›è¶…èµè¯´å”±å†™ç€made&#32;in&#32;China (510/1170) has 272 songs.
INFO:[DataPipeline]:PlayList: [5757114965] åè¯­Trap&#32;&#124;&#32;é™·å…¥è¯´å”±é™·é˜± (511/1170) has 41 songs.
INFO:[DataPipeline]:PlayList: [2371751390] ã€Œå˜»å“ˆå…¥é—¨ã€è¯´å”±å²çš„ç¬¬ä¸€ç³»åˆ— (512/1170) has 18 songs.
INFO:[DataPipeline]:PlayList: [7167439378] ä¹¡æ‘è¯´å”±&#32;&#124;&#32;åœ¨è‰é£ä¸­æ‘‡æ›³çš„éŸ³ç¬¦ (513/1170) has 19 songs.
INFO:[DataPipeline]:PlayList: [7181236837] äº‘å—è¯´å”±&#32;&#124;&#32;å¼€å±±æ€ªçš„å˜»å“ˆå­å¼¹ (514/1170) has 23 songs.
INFO:[DataPipeline]:PlayList: [3225036700] è¯´å”±Â·è´¨æ„ŸèŠ‚å¥Â·éœ¸æ°”æ¥è¢­ (515/1170) has 20 songs.
INFO:[DataPipeline]:PlayList: [2671456833] ã€ŒTrapè¯´å”±ã€è·³å…¥éŸ³ä¹é™·é˜± (516/1170) has 191 songs.
INFO:[DataPipeline]:PlayList: [3972984654] éŸ©å¼R&#38;Bä¸­çš„ç‡æ€§è¯´å”± (517/1170) has 20 songs.
INFO:[DataPipeline]:PlayList: [7106748666] Real&#45;HipHopï¼šè¯´å”±è‰ºæœ¯ç²¾ç¥å†ç° (518/1170) has 40 songs.
INFO:[DataPipeline]:PlayList: [7072640452] å®¹æ˜“å‡ºæˆçš„æ³°è¯­è¯´å”± (519/1170) has 27 songs.
INFO:[DataPipeline]:Sleep for: 97
INFO:[DataPipeline]:PlayList: [3177441581] åè¯­è¯´å”±Â·ç»™èŠ‚å¥æ§çš„ä½  (520/1170) has 20 songs.
INFO:[DataPipeline]:PlayList: [2067922290] åè¯­è¯´å”±ç•Œçš„å†°é•‡ç‰›å¥¶ï¼Œå¤§ç¬‘æ˜¯ä¸æ˜¯ä½ ï¼Ÿ (521/1170) has 168 songs.
INFO:[DataPipeline]:PlayList: [3837675196] ã€è¯´å”±æµ©å®¤ã€‘ç‹¬æ ‘ä¸€å¸œ&#32;å¦ç±»å˜»å“ˆ (522/1170) has 77 songs.
INFO:[DataPipeline]:PlayList: [7025629600] æ—¥æœ¬è¯´å”±ï¼šåœ¨å›°å¢ƒä¸­å‘å‰è¡Œ (523/1170) has 23 songs.
INFO:[DataPipeline]:PlayList: [4278096600] æ¥è‡ªä¸­å›½éŸµå‘³çš„æ–¹è¨€è¯´å”± (524/1170) has 61 songs.
INFO:[DataPipeline]:PlayList: [3239208460] æ•™ä½ åšäººï¼åè¯­æµè¡Œæ­Œæ‰‹è¯´å”±é›†&#32; (525/1170) has 25 songs.
INFO:[DataPipeline]:PlayList: [7024536659] è¯´å”±ä¸åªèºå’Œç‚¸ï¼Œè¿˜æœ‰æ·¡ç„¶è¿‡å°æ—¥å­ (526/1170) has 23 songs.
INFO:[DataPipeline]:PlayList: [6801599543] 2019æ–°è¯´å”±é™ˆä¼Ÿéœ†å®çŸ³Gemã€é‡ç‹¼discoã€‘ (527/1170) has 131 songs.
INFO:[DataPipeline]:PlayList: [7090875127] OG&#32;or&#32;YOUNGï¼Ÿçœ‹è¯´å”±00åçš„å´›èµ· (528/1170) has 33 songs.
INFO:[DataPipeline]:PlayList: [7023472156] éœ“è™¹è¯´å”±&#32;&#124;&#32;ä¸ä¸€æ ·çš„ä¸œç€›é£æƒ… (529/1170) has 40 songs.
INFO:[DataPipeline]:Sleep for: 179
INFO:[DataPipeline]:PlayList: [1372683898] è®©éŸ©å¼è¯´å”±å«é†’ä½ çš„è€³æœµ (530/1170) has 38 songs.
INFO:[DataPipeline]:PlayList: [7025579611] &#32;ä¸€æ¯åå«æ—¥ç³»è¯´å”±çš„æ¸…é…’ (531/1170) has 20 songs.
INFO:[DataPipeline]:PlayList: [7024537663] è¥¿ç­ç‰™è¯´å”±è¿˜æ˜¯ç¬¬ä¸€æ¬¡å¬ (532/1170) has 34 songs.
INFO:[DataPipeline]:PlayList: [2817507026] Eminem&#45;æœ€ä¼Ÿå¤§çš„è¯´å”±æ­Œæ‰‹ä¹‹ä¸€ (533/1170) has 13 songs.
INFO:[DataPipeline]:PlayList: [7024551380] éŸ©è¯­è¯´å”±&#32;&#124;&#32;Instrumentalä½¿äººä¸­æ¯’ (534/1170) has 24 songs.
INFO:[DataPipeline]:PlayList: [882732930] ã€G&#45;Funkã€‘æ¢¦æƒ³åšä¸ªæ”¾å…‹ç²¾ç¥çš„è¯´å”±å¤§ä½¬ (535/1170) has 25 songs.
INFO:[DataPipeline]:PlayList: [2314930579] è¥¿æµ·å²¸è¯´å”±ï¼šå…ˆé©±è€…å…´èµ·åŒªå¸®Rap (536/1170) has 20 songs.
INFO:[DataPipeline]:PlayList: [1718322213] å˜»å“ˆå¸å›½ï¼šåä½è‘—åè¯´å”±æ­Œæ‰‹ä½œå“ç²¾é€‰ (537/1170) has 20 songs.
INFO:[DataPipeline]:PlayList: [4216030199] ä¸­æ–‡è¯´å”±é¡¶å°–flowåˆé›† (538/1170) has 38 songs.
INFO:[DataPipeline]:PlayList: [3506317912] åè¯­è¯´å”±&#32;&#32;é©å‘½è¡—å¤´ (539/1170) has 19 songs.
INFO:[DataPipeline]:Sleep for: 160
INFO:[DataPipeline]:PlayList: [4069244065] ç¼–è¾‘æ¨èï¼šç»å…¸è¯´å”± (540/1170) has 70 songs.
INFO:[DataPipeline]:PlayList: [2330530007] åé¦–æ¯”åšå°”ç‰¹è¿˜å¿«çš„æé€Ÿè¯´å”± (541/1170) has 9 songs.
INFO:[DataPipeline]:PlayList: [723120205] åœä¸ä¸‹æ¥çš„æŠ±æ€¨ä¸ç‚«è€€â€”â€”è¯´å”± (542/1170) has 10 songs.
INFO:[DataPipeline]:PlayList: [7127690818] è‹±å¼è¯´å”±ä¸¨ç”µå­å’Œå˜»å“ˆçš„ç¢°æ’ (543/1170) has 22 songs.
INFO:[DataPipeline]:PlayList: [7024355703] çˆµå£«è¯´å”±&#32;&#124;&#32;æ…µæ‡’æ·±é‚ƒçš„éœ“è™¹ä¹ (544/1170) has 30 songs.
INFO:[DataPipeline]:PlayList: [3520492519] åè¯­è¯´å”±&#32;ä¸åŒçš„å‘³é“ (545/1170) has 16 songs.
INFO:[DataPipeline]:PlayList: [2864355364] æ–°æ½®è¯´å”±&#32;æ¿€æƒ…RnB (546/1170) has 20 songs.
INFO:[DataPipeline]:PlayList: [4171011468] 90åéŸ©å›½è¯´å”±æ–°ç”Ÿä»£ (547/1170) has 32 songs.
INFO:[DataPipeline]:PlayList: [1145850012] æ¬§ç¾è¯´å”±ComeOnè·Ÿç€èŠ‚å¥HAPPY (548/1170) has 23 songs.
INFO:[DataPipeline]:PlayList: [7026732494] Latin&#32;Rap&#32;&#124;&#32;é¢†ç•¥ä¸ä¸€æ ·çš„è¯´å”±é£æƒ… (549/1170) has 27 songs.
INFO:[DataPipeline]:Sleep for: 65
INFO:[DataPipeline]:PlayList: [7056223474] 00årapperæˆæ–°è¯´å”±é»‘é©¬ (550/1170) has 12 songs.
INFO:[DataPipeline]:PlayList: [1161169235] ã€Œä¸­æ–‡å´›èµ·ã€èŠ‚å¥å†²åˆ·ç€è¯´å”±ç¾ä¸½çš„è„¸åº (551/1170) has 18 songs.
INFO:[DataPipeline]:PlayList: [4173360661] è¡—å¤´ç‚«æŠ€å¿…å¤‡çš„æ±Ÿæ¹–è¯´å”± (552/1170) has 30 songs.
INFO:[DataPipeline]:PlayList: [2029538878] æ¬§ç¾ä¸¨ç‡æ€§è€Œè¯­çš„è¯´å”± (553/1170) has 20 songs.
INFO:[DataPipeline]:PlayList: [1431331144] éŸ©è¯­è¯´å”±Â·è—åœ¨è¯æ›²ä¸­çš„æ­£èƒ½é‡ (554/1170) has 19 songs.
INFO:[DataPipeline]:PlayList: [3790171465] åŠ æ‹¿å¤§å˜»å“ˆï¼šä»åœ°ä¸‹è¯´å”±èµ°å‘ä¸»æµ (555/1170) has 74 songs.
INFO:[DataPipeline]:PlayList: [7039386740] ã€Šä¸­å›½æ–°è¯´å”±ã€‹2019ä¹‹å…¥å‘å‰æŒ‡å— (556/1170) has 20 songs.
INFO:[DataPipeline]:PlayList: [874675046] ã€ŒéŸ©è¯­ã€è¯´å”±ä¸­çš„æŠ’æƒ…å¥³å£° (557/1170) has 179 songs.
INFO:[DataPipeline]:PlayList: [1767657746] ã€Œæ¯’æ€§è¯´å”±ã€å…³ä¸Šçª—&#32;å°±è®©è¿™çƒŸé›¾å¼¥æ¼«æ‰©æ•£ (558/1170) has 128 songs.
INFO:[DataPipeline]:PlayList: [1716674854] è¯´å”±å¬å¤šäº†ä¼šä¸­æ¯’ï¼ (559/1170) has 29 songs.
INFO:[DataPipeline]:Sleep for: 160
INFO:[DataPipeline]:PlayList: [2653152180] ç‚¹ç‡ƒæ¿€æƒ…çš„éŸ©å¼è¯´å”± (560/1170) has 48 songs.
INFO:[DataPipeline]:PlayList: [3168733552] å·…å³°è¯´å”±ï¼Œå¾æœä½ çš„è€³æœµ (561/1170) has 20 songs.
INFO:[DataPipeline]:PlayList: [2621107106] å¬å‰å¥å°±æ²¦é™·çš„éŸ©å¼è¯´å”± (562/1170) has 21 songs.
INFO:[DataPipeline]:PlayList: [3853928242] â™¡æˆ‘è¶…çˆ±çš„è¯´å”±â™¡ (563/1170) has 101 songs.
INFO:[DataPipeline]:PlayList: [2882685195] é¥¶èˆŒä¸æ­»ï¼Œåè¯­è¯´å”±ä¸‰åé¦– (564/1170) has 30 songs.
INFO:[DataPipeline]:PlayList: [1713431254] å½“ä¸­å›½é£é‡ä¸Šè¯´å”±rap&#46; (565/1170) has 20 songs.
INFO:[DataPipeline]:PlayList: [2882334883] èŠ‚å¥å½“é“&#32;é­…åŠ›è¯´å”± (566/1170) has 20 songs.
INFO:[DataPipeline]:PlayList: [2599967855] éŸ©æµè¯´å”±æ–°ä¹ç«  (567/1170) has 18 songs.
INFO:[DataPipeline]:PlayList: [1143159483] å¬ä¸­æ–‡è¯´å”±ä¸ä¼šé£™è½¦å—ï¼Ÿ (568/1170) has 18 songs.
INFO:[DataPipeline]:PlayList: [1700324986] å¸…æ°”è¯´å”±ä½¿æˆ‘æƒ³å«ç»™å¸…æ°”çš„rap&#32;god (569/1170) has 17 songs.
INFO:[DataPipeline]:Sleep for: 126
INFO:[DataPipeline]:PlayList: [1050842498] è®©éŸ©å›½è¯´å”±ï¼Œæ‘©ç™»å­˜åœ¨ (570/1170) has 16 songs.
INFO:[DataPipeline]:PlayList: [1177204434] å›½é£è¯´å”±ï¼šæœ‰æ±Ÿæ¹–çš„åœ°æ–¹ï¼Œå°±æœ‰ä¾ å®¢å°‘å¹´ (571/1170) has 19 songs.
INFO:[DataPipeline]:PlayList: [2343059065] è¯´å”±å¤©ç‹âˆ¶å§†çˆ·å’Œå“ªäº›æ­Œæ‰‹æœ‰è¿‡åˆä½œ (572/1170) has 50 songs.
INFO:[DataPipeline]:PlayList: [1675881734] åè¯­è¯´å”±ï¼Œå¸å¼•ä½ çš„ä¸æ­¢èŠ‚å¥ (573/1170) has 29 songs.
INFO:[DataPipeline]:PlayList: [1169205831] æ—¥ç³»è¯´å”±ï¼šè¿™å°±æ˜¯ä½ è¦çš„freestyle (574/1170) has 38 songs.
INFO:[DataPipeline]:PlayList: [3549135584] RAPï¼šæ¬§ç¾è¯´å”±ç™½é‡‘çè—ç‰ˆåˆè¾‘ (575/1170) has 25 songs.
INFO:[DataPipeline]:PlayList: [1075461314] æ¬§ç¾è¯´å”±&#32;èŠ‚å¥å¸¦åŠ¨æƒ…ç»ª (576/1170) has 48 songs.
INFO:[DataPipeline]:PlayList: [1676560305] æµ“é‡ä¸ªäººè‰²å½©çš„éŸ©è¯­è¯´å”± (577/1170) has 25 songs.
INFO:[DataPipeline]:PlayList: [1481033818] è°¢å¸ï¼šä»Šå¤©ç»™ä½ æˆéƒ½è¯´å”±ï¼Œæ˜å¤©è€å­å°±ä¸ä¸Šç­ (578/1170) has 31 songs.
INFO:[DataPipeline]:PlayList: [5103966806] æ‘©ç™»å¤©ç©ºè¯´å”±ä¹ç²¾é€‰é›† (579/1170) has 13 songs.
INFO:[DataPipeline]:Sleep for: 180
INFO:[DataPipeline]:PlayList: [3749850593] èŠ‚å¥æ»¡åˆ†ï¼ä¸€æ‰«æƒ…ç»ªé˜´éœ¾çš„ç”µå­è¯´å”± (580/1170) has 20 songs.
INFO:[DataPipeline]:PlayList: [5100595677] å›½äº§è¯´å”±&#32;Â·&#32;å¥¹åªæ˜¯ä½ çš„å‰å¥³å‹ (581/1170) has 21 songs.
INFO:[DataPipeline]:PlayList: [3186736824] è¯´å”±ç››å®´ï¼Œæ‰¾åˆ°ä½ çš„èŠ‚å¥ (582/1170) has 19 songs.
INFO:[DataPipeline]:PlayList: [1970548103] è®©æ¬§ç¾è¯´å”±éœ‡æ’¼ä½ çš„çµé­‚ (583/1170) has 24 songs.
INFO:[DataPipeline]:PlayList: [1698401818] è¯´å”±ç”Ÿæ´»&#32;&#32;è¯´å”±äººç”Ÿ (584/1170) has 19 songs.
INFO:[DataPipeline]:PlayList: [2584027959] è¯´å”±çš„æ­Œä½ å¬è¿‡å¤šå°‘ (585/1170) has 16 songs.
INFO:[DataPipeline]:PlayList: [1169461116] åŒè°ƒä¸åŒå‘³ï¼Œçœ‹ä»–ä»¬å¦‚ä½•ç©è½¬ä¸­å¼è¯´å”± (586/1170) has 73 songs.
INFO:[DataPipeline]:PlayList: [3525169548] è¯´å”±ä¸é‡‘å±çš„å®Œç¾ç»“åˆ (587/1170) has 20 songs.
INFO:[DataPipeline]:PlayList: [2264216647] ä¸€å¬å°±çˆ±ä¸Šçš„è¯´å”±æ­Œæ›²ã€‚ (588/1170) has 20 songs.
INFO:[DataPipeline]:PlayList: [2895537074] æ—¥ç³»è¯´å”±ï¼ŒèŠ‚å¥RAPäºŒåé¦– (589/1170) has 20 songs.
INFO:[DataPipeline]:Sleep for: 88
INFO:[DataPipeline]:PlayList: [1757880162] å‰å®³äº†ï¼Œæˆ‘çš„ä¸­å›½è¯´å”± (590/1170) has 27 songs.
INFO:[DataPipeline]:PlayList: [1168817228] ã€Œåè¯­è¯´å”±ã€å¬ä¸æ‡‚çš„ä¸­æ–‡ç³»åˆ— (591/1170) has 73 songs.
INFO:[DataPipeline]:PlayList: [3738583911] ä¹å™¨èŠ‚æ‹é£æ ¼çš„è¯´å”±å˜»å“ˆ (592/1170) has 32 songs.
INFO:[DataPipeline]:PlayList: [2599936103] æœ€èµ°å¿ƒçš„&#46;åè¯­&#46;è¯´å”± (593/1170) has 20 songs.
INFO:[DataPipeline]:PlayList: [3269006799] ã€ŒRapã€æœ€å¼ºè¯´å”±ï¼Œä¸€è¨€ä¸åˆå°±DISS (594/1170) has 115 songs.
INFO:[DataPipeline]:PlayList: [1086097395] ä¸èˆå¤©çœŸçš„æˆ‘å–œæ¬¢è¯´å”± (595/1170) has 19 songs.
INFO:[DataPipeline]:PlayList: [3156497107] ä¸ºä½ ç‚¹æ’­çš„è¯´å”±Rï¼†B (596/1170) has 20 songs.
INFO:[DataPipeline]:PlayList: [1724827427] ç‰¹è‰²ç²¾é€‰ï¼šå…¨å›½æ–¹è¨€è¯´å”±åˆé›† (597/1170) has 28 songs.
INFO:[DataPipeline]:PlayList: [2667529998] å¦ç±»è¯´å”±ï¼ŒMCå–Šéº¦ä¸ä¸€æ ·çš„å‘¼å–Š (598/1170) has 20 songs.
INFO:[DataPipeline]:PlayList: [3824011023] å¤šå…ƒç´ Trapé£æ ¼çš„è¯´å”±å˜»å“ˆ (599/1170) has 130 songs.
INFO:[DataPipeline]:Sleep for: 81
INFO:[DataPipeline]:PlayList: [3477977006] è¯´å”±èŠ‚å¥ï¼Œæ‹æ‰‹å«å¥½çš„é¡é¡ä¹‹éŸ³ (600/1170) has 20 songs.
INFO:[DataPipeline]:PlayList: [1972485792] å‘¨ä¸€æç¥å—¨èµ·æ¥&#32;ï¼šä¸­å¤–è¯´å”±BIG&#32;BATTLE (601/1170) has 18 songs.
INFO:[DataPipeline]:PlayList: [1974478871] éŸ©è¯­è¯´å”±åªä¸ºä½ ç¿çƒ‚çš„å“å‘³ (602/1170) has 30 songs.
INFO:[DataPipeline]:PlayList: [1491437410] [Real&#32;Flow]&#32;ç›˜ç‚¹é‚£äº›è¯´å”±åœˆé‡ŒåŠ²çˆ†çš„flow (603/1170) has 270 songs.
INFO:[DataPipeline]:PlayList: [851235306] åè¯­è¯´å”±ç²¾é€‰ (604/1170) has 20 songs.
INFO:[DataPipeline]:PlayList: [4105393514] æ ¼è±ç¾å†å±Šæœ€ä½³è¯´å”±æ­Œæ›²å…¨é›† (605/1170) has 30 songs.
INFO:[DataPipeline]:PlayList: [3472367734] ç”¨å¿ƒæ„Ÿå—è¯´å”±çš„åä¸½èŠ‚æ‹ (606/1170) has 19 songs.
INFO:[DataPipeline]:PlayList: [2968771037] ã€ŒéŸ©è¯­è¯´å”±ã€ä¸­æ¯’æ´—è„‘&#32;swagçˆ†æ£š (607/1170) has 149 songs.
INFO:[DataPipeline]:PlayList: [5100602861] ä¸€æ›²é€é¥ç»ˆ&#32;&#124;&#32;æ­¦ä¾ å‘³çš„å›½äº§è¯´å”± (608/1170) has 18 songs.
INFO:[DataPipeline]:PlayList: [7449955131] æ¬§ç¾è¯´å”±æ€åº¦&#32;Â·&#32;å’Œå‘½è¿å¯¹æŠ—åˆ°åº• (609/1170) has 19 songs.
INFO:[DataPipeline]:Sleep for: 159
INFO:[DataPipeline]:PlayList: [2619678745] è°è¯´ä¸­å›½æ²¡è¯´å”± (610/1170) has 19 songs.
INFO:[DataPipeline]:PlayList: [2373362509] ä¸­å›½å˜»å“ˆVol&#46;4&#32;&#124;&#32;é™·é˜±å…¥ä¾µï¼Œè¯´å”±æ²¦é™· (611/1170) has 42 songs.
INFO:[DataPipeline]:PlayList: [3163802207] æ·±é™·ç¾å‰§è¯´å”±çš„é…·ç‚«èŠ‚æ‹ (612/1170) has 16 songs.
INFO:[DataPipeline]:PlayList: [2607305182] æ—¥ç³»è¯´å”±ï¼Œçµé­‚çš„èŠ‚å¥å¿ƒè„çš„èŠ‚æ‹ (613/1170) has 21 songs.
INFO:[DataPipeline]:PlayList: [2380593389] ã€Œä¸­æ–‡è¯´å”±ã€æ²‰å¯‚ä¸­ç››æ”¾ï¼Œäº¦å¦‚é»æ˜ä¸­èŠ±æœµ (614/1170) has 16 songs.
INFO:[DataPipeline]:PlayList: [1769770072] è¯„è®ºé‡è¶…é«˜çš„çƒ­é—¨è¯´å”± (615/1170) has 109 songs.
INFO:[DataPipeline]:PlayList: [2657559606] é‚£äº›èƒ½è®©äººæ¢å¤ç²¾åŠ›çš„æ¬§ç¾è¯´å”± (616/1170) has 32 songs.
INFO:[DataPipeline]:PlayList: [6441502917] å–œåº†è¯´å”±ï¼Ÿè¿‡å¹´è´ºå²æ¥ç‚¹æ–°èŠ±æ ·ï¼&#32; (617/1170) has 16 songs.
INFO:[DataPipeline]:PlayList: [2978022555] ä¸­å›½è¯´å”±æœ‰çš„æ˜¯æ±Ÿæ¹–æ°”ï¼ (618/1170) has 18 songs.
INFO:[DataPipeline]:PlayList: [5342750331] å¯“æƒ…äºâ€œæ•°â€ï½œä»¥æ•°å­—ä¸ºæ­Œåçš„è¯´å”± (619/1170) has 59 songs.
INFO:[DataPipeline]:Sleep for: 93
INFO:[DataPipeline]:PlayList: [2671456669] ã€Œå˜»å“ˆæ¯ä¸€å¤©ã€è°æ˜¯æœ€å¼ºè¯´å”±åŠ›é‡ (620/1170) has 485 songs.
INFO:[DataPipeline]:PlayList: [879563346] ã€Œä¿„è¯­Rapã€æˆ˜æ–—æ°‘æ—çš„è¯´å”±ä¹Ÿå¾ˆç‡ƒï¼ (621/1170) has 40 songs.
INFO:[DataPipeline]:PlayList: [894670824] æˆ‘ä»¬ä¸ä¸€æ ·ï¼å¾€æ¬§ç¾è¯´å”±åŠ ç‚¹ä¸­å›½å…ƒç´  (622/1170) has 20 songs.
INFO:[DataPipeline]:PlayList: [2067203696] ã€Œå˜»å“ˆä¹‹åŸã€æ²¦é™·äºHiphop&#32;Trapé£è¯´å”± (623/1170) has 204 songs.
INFO:[DataPipeline]:PlayList: [2671455222] ã€Œä¸­æ–‡è¯´å”±ã€åœ°ä¸‹é¥¶èˆŒ (624/1170) has 323 songs.
INFO:[DataPipeline]:PlayList: [975535371] è¡·è¯´å”±&#32;ç•…å¿ƒå£°è§¦å¿ƒå¢ƒ (625/1170) has 20 songs.
INFO:[DataPipeline]:PlayList: [4208625045] Bounce&#45;Hiphopï½œå¼¹è·³èŠ‚æ‹çš„è¯´å”±é£æ ¼ (626/1170) has 40 songs.
INFO:[DataPipeline]:PlayList: [5378964310] å‡ç¼“èŠ‚æ‹é£æ ¼çš„è¯´å”±å˜»å“ˆ (627/1170) has 80 songs.
INFO:[DataPipeline]:PlayList: [2901570722] æ‚å¿—è¯„é€‰çš„90å¹´ä»£æœ€ä½³è¯´å”±æ­Œæ›² (628/1170) has 169 songs.
INFO:[DataPipeline]:PlayList: [3601960236] æ ¼è±ç¾å†å±Šæœ€ä½³è¯´å”±ä¸“è¾‘ (629/1170) has 46 songs.
INFO:[DataPipeline]:Sleep for: 177
INFO:[DataPipeline]:PlayList: [3119550562] æœ‰èŒƒå„¿æœ‰flowçš„éŸ©è¯­è¯´å”± (630/1170) has 12 songs.
INFO:[DataPipeline]:PlayList: [2236791478] ä¸ºæ‰€æ¬²ä¸º&#32;æ´»å‡ºä¼˜é›…å§¿æ€&#32;é‚£äº›è¯´å”± (631/1170) has 27 songs.
INFO:[DataPipeline]:PlayList: [3188596759] æ¬§ç¾è¯´å”±&#32;èŠ‚å¥å¸¦åŠ¨æƒ…ç»ª (632/1170) has 19 songs.
INFO:[DataPipeline]:PlayList: [2901145964] è½»è¯´å”±ï¼Œæ˜“æ¥å— (633/1170) has 17 songs.
INFO:[DataPipeline]:PlayList: [2945515314] ã€å˜»å“ˆè¯´å”±ã€‘è‡ªç”±çš„çµé­‚æœ‰é¢—å‹‡æ•¢çš„å¿ƒ (634/1170) has 20 songs.
INFO:[DataPipeline]:PlayList: [889619154] æ›´funkyçš„å¼ºç¡¬å—“éŸ³ï¼è¥¿å²¸è¯´å”±æ­Œæ‰‹æ”¶å½• (635/1170) has 166 songs.
INFO:[DataPipeline]:PlayList: [2000237731] ã€è¯´å”±ã€‘æ¬§ç¾å¤§å’–ç¾¤é›†ç‰ˆ (636/1170) has 17 songs.
INFO:[DataPipeline]:PlayList: [2898829732] è¯´å”±å‚ç‰ŒRoc&#32;Nationç²¾é€‰é›† (637/1170) has 24 songs.
INFO:[DataPipeline]:PlayList: [3862650366] ã€Drill&#45;HipHopã€‘è™šæ— ä¸»ä¹‰çš„è¯´å”±é£æ ¼ (638/1170) has 20 songs.
INFO:[DataPipeline]:PlayList: [2055245125] é¦™æ¸¯ä¹å›æ–°äººï¼Œç”¨é“å£°è¯´å”±æ•…äº‹ (639/1170) has 20 songs.
INFO:[DataPipeline]:Sleep for: 114
INFO:[DataPipeline]:PlayList: [2050512778] è·Ÿä¸ŠèŠ‚å¥ï¼Œç½‘ç»œæ­Œæ›²çš„è¯´å”± (640/1170) has 18 songs.
INFO:[DataPipeline]:PlayList: [39477892] å˜»å“ˆè¯´å”±&#32;ç‚«é…·æ½®æµ&#32; (641/1170) has 10 songs.
INFO:[DataPipeline]:PlayList: [1612428379] å†²å‡»è€³è†œï¼æ¬§ç¾è¯´å”±æœ€å¼ºéŸ³ (642/1170) has 25 songs.
INFO:[DataPipeline]:PlayList: [2902163073] è¯´å”±ä¸è¿‡æ˜¯åœä¸ä¸‹æ¥çš„æŠ±æ€¨ (643/1170) has 89 songs.
INFO:[DataPipeline]:PlayList: [3167272130] è‹±æ–‡è¯´å”±å‹¾é­‚çš„èŠ‚å¥ (644/1170) has 18 songs.
INFO:[DataPipeline]:PlayList: [1131653833] åè¯­è¯´å”±ï¼ŒèŠ‚å¥åŠ¿ä¸å¯æŒ¡ (645/1170) has 20 songs.
INFO:[DataPipeline]:PlayList: [2678303886] ä¸­æ–‡çˆµå£«è¯´å”±&#32;&#124;&#32;Rapperéƒ½è¿™ä¹ˆä¼šæ’©å¦¹å˜›ï¼Ÿ (646/1170) has 17 songs.
INFO:[DataPipeline]:PlayList: [2957665931] ã€æ¬§ç¾ã€‘å˜»å“ˆè¯´å”±&#32;&#32;&#32;è®©çƒˆç«å……æ»¡æ•´ä¸ªèº«ä½“ (647/1170) has 68 songs.
INFO:[DataPipeline]:PlayList: [2869196068] éŸ©å›½è¯´å”±ä¹&#32;äºšæ´²é¡¶å°–æ½®æµå˜»å“ˆ (648/1170) has 25 songs.
INFO:[DataPipeline]:PlayList: [3202622476] å¤œåº—é™¤äº†ç”µéŸ³ï¼Œè¿˜æœ‰ä»–ä»¬çš„è¯´å”± (649/1170) has 19 songs.
INFO:[DataPipeline]:Sleep for: 68
INFO:[DataPipeline]:PlayList: [2968769662] ã€ŒéŸ©å›½è¯´å”±ã€å˜´ç‚®å¼€å¯ï¼Œå‡†å¤‡å¥½æ¥æ‹›å§ (650/1170) has 697 songs.
INFO:[DataPipeline]:PlayList: [793872174] å®‡å®™æ˜¯ç°è‰²çš„å¬æœ‰æ•…äº‹çš„è¯´å”± (651/1170) has 22 songs.
INFO:[DataPipeline]:PlayList: [3837859818] Freestyle&#45;RAPï¼šåŸå¸‚å‰æ²¿æµè¡Œè¯´å”± (652/1170) has 518 songs.
INFO:[DataPipeline]:PlayList: [1288157392] é›¶èµ·æ­¥äº†è§£è¯´å”±ä¹ (653/1170) has 19 songs.
INFO:[DataPipeline]:PlayList: [858640593] ä¸å®¹é”™è¿‡çš„éŸ©å¼å˜»å“ˆè¯´å”± (654/1170) has 18 songs.
INFO:[DataPipeline]:PlayList: [2075233372] æ”¾å…‹è¯´å”±ï¼šèµ„æ·±è¯´å”±çˆ±å¥½è€…çš„ç¡å‰æ­Œå• (655/1170) has 20 songs.
INFO:[DataPipeline]:PlayList: [4254150920] æ¬§ç¾&#32;Â·&#32;è¶…å¸¦æ„Ÿçš„å˜»å“ˆè¯´å”± (656/1170) has 16 songs.
INFO:[DataPipeline]:PlayList: [1769768299] å˜»å“ˆçš„é£æ ¼,è¯´å”±çš„å½¢å¼ (657/1170) has 430 songs.
INFO:[DataPipeline]:PlayList: [1700082711] è¯´å”±ä¸è¿‡æ˜¯åœä¸ä¸‹æ¥çš„æŠ±æ€¨ä¸ç‚«è€€ (658/1170) has 45 songs.
INFO:[DataPipeline]:PlayList: [2974386140] æµªæ¼«æ­Œè¯&#32;æ„Ÿè§‰è¯´å”±&#32;ä¸€ç§’ä¸Šè„‘ (659/1170) has 19 songs.
INFO:[DataPipeline]:Sleep for: 140
INFO:[DataPipeline]:PlayList: [2372382970] ä¸­å›½æœ‰å˜»å“ˆ&#32;&#124;&#32;é‚£äº›ä¸ä¸ºäººçŸ¥çš„åœ°ä¸‹è¯´å”±ç²¾è‹± (660/1170) has 49 songs.
INFO:[DataPipeline]:PlayList: [1469762317] ã€Œæ¬§ç¾è¯´å”±ã€é¥¶èˆŒæ˜¯ç§æ€åº¦&#32;å˜´ç‚®æ˜¯é—¨æŠ€æœ¯ (661/1170) has 105 songs.
INFO:[DataPipeline]:PlayList: [2596892882] çˆµå£«è¯´å”±ï¼Œç²‰ç¢ä½ çš„çµé­‚ (662/1170) has 22 songs.
INFO:[DataPipeline]:PlayList: [842247220] æœ€é€‚åˆå¹´è½»äººçš„å˜»å“ˆè¯´å”±ï¼Œ&#32;Gangsta&#32;Rap (663/1170) has 38 songs.
INFO:[DataPipeline]:PlayList: [1991238858] åˆå¤œåŠè°ƒæ‘‡æ‘†è¯´å”± (664/1170) has 36 songs.
INFO:[DataPipeline]:PlayList: [1320547344] è‹±å¼è¯´å”±ï¼šæˆè°‘çš„ç»…å£« (665/1170) has 21 songs.
INFO:[DataPipeline]:PlayList: [3750711618] Rich&#32;Brianï¼šä¸€çº§æˆç²¾è¯´å”±è¡¨æ¼”è‰ºæœ¯å®¶ (666/1170) has 26 songs.
INFO:[DataPipeline]:PlayList: [874682172] ã€Œå˜»å“ˆå¸å›½ã€è¯´å”±ä¼´å¥ï¼Œå¸¦æ„Ÿé¥¶èˆŒ (667/1170) has 174 songs.
INFO:[DataPipeline]:PlayList: [1169459577] ã€Œæ¬§ç¾å¥³Rapperã€è¯´å”±ç•Œçš„å¨˜å­å†› (668/1170) has 99 songs.
INFO:[DataPipeline]:PlayList: [1151505213] éŸ©å›½è¯´å”±ï¼Œä¸€ç§’å¸¦ä½ å…¥å‘Trap&#32;Rap (669/1170) has 89 songs.
INFO:[DataPipeline]:Sleep for: 159
INFO:[DataPipeline]:PlayList: [1165968612] ã€Œç›˜ç‚¹ã€æ¬§ç¾è¯´å”±ï¼Œé‡‡æ ·å’ŒåŸæ›²å®åŠ›å¤§æ¯”æ‹¼ (670/1170) has 110 songs.
INFO:[DataPipeline]:PlayList: [2679502270] è®²çœŸï¼Œä¸¥è°¨çš„å¾·å›½äººç©è¯´å”±çœŸçš„å¾ˆrealï¼ (671/1170) has 33 songs.
INFO:[DataPipeline]:PlayList: [3858716629] ç¾å›½äº”å¤§åœ°åŸŸåŒªå¸®è¯´å”±åœ°å›¾å¿— (672/1170) has 40 songs.
INFO:[DataPipeline]:PlayList: [4068153571] ç¼–è¾‘æ¨èï¼šè¯´å”±æ–°ç”Ÿä»£ (673/1170) has 53 songs.
INFO:[DataPipeline]:PlayList: [2968771164] ã€ŒéŸ©å¼å˜»å“ˆã€è¯´å”±ä¸­çš„æƒŠè‰³å¥³Vocal (674/1170) has 238 songs.
INFO:[DataPipeline]:PlayList: [2967860608] æ–¹è¨€è¯´å”±ï¼šæˆ‘çš„Flowå°±æ˜¯å–·ç«æªï¼ (675/1170) has 34 songs.
INFO:[DataPipeline]:PlayList: [3647408522] å“‡å˜å“©å…±ï¼å°æ¹¾å¿µè°£è¯´å”±ç²¾é€‰ (676/1170) has 20 songs.
INFO:[DataPipeline]:PlayList: [1465190111] ä¸­æ–‡è¯´å”±ä¹ï¼Œå¬åå¿ä¸ä½æ‰¬èµ·å˜´è§’ (677/1170) has 18 songs.
INFO:[DataPipeline]:PlayList: [3639684870] ã€å–œå‰§å˜»å“ˆã€‘é£è¶£å¹½é»˜çš„è¯´å”±é£æ ¼ (678/1170) has 30 songs.
INFO:[DataPipeline]:PlayList: [2968769632] &#32;ã€Œé™·é˜±è¯´å”±å‘ã€æè‡´é…·ç‚«ï¼Œå°±è¦è¿™ä¸ªèŒƒå„¿ (679/1170) has 310 songs.
--- Logging error ---
Traceback (most recent call last):
  File "/Library/Python/3.7/site-packages/urllib3/connection.py", line 157, in _new_conn
    (self._dns_host, self.port), self.timeout, **extra_kw
  File "/Library/Python/3.7/site-packages/urllib3/util/connection.py", line 84, in create_connection
    raise err
  File "/Library/Python/3.7/site-packages/urllib3/util/connection.py", line 74, in create_connection
    sock.connect(sa)
TimeoutError: [Errno 60] Operation timed out

During handling of the above exception, another exception occurred:

Traceback (most recent call last):
  File "/Library/Python/3.7/site-packages/urllib3/connectionpool.py", line 672, in urlopen
    chunked=chunked,
  File "/Library/Python/3.7/site-packages/urllib3/connectionpool.py", line 376, in _make_request
    self._validate_conn(conn)
  File "/Library/Python/3.7/site-packages/urllib3/connectionpool.py", line 994, in _validate_conn
    conn.connect()
  File "/Library/Python/3.7/site-packages/urllib3/connection.py", line 300, in connect
    conn = self._new_conn()
  File "/Library/Python/3.7/site-packages/urllib3/connection.py", line 169, in _new_conn
    self, "Failed to establish a new connection: %s" % e
urllib3.exceptions.NewConnectionError: <urllib3.connection.VerifiedHTTPSConnection object at 0x10a6c5b00>: Failed to establish a new connection: [Errno 60] Operation timed out

During handling of the above exception, another exception occurred:

Traceback (most recent call last):
  File "/Library/Python/3.7/site-packages/requests/adapters.py", line 449, in send
    timeout=timeout
  File "/Library/Python/3.7/site-packages/urllib3/connectionpool.py", line 720, in urlopen
    method, url, error=e, _pool=self, _stacktrace=sys.exc_info()[2]
  File "/Library/Python/3.7/site-packages/urllib3/util/retry.py", line 436, in increment
    raise MaxRetryError(_pool, url, error or ResponseError(cause))
urllib3.exceptions.MaxRetryError: HTTPSConnectionPool(host='c.y.qq.com', port=443): Max retries exceeded with url: /lyric/fcgi-bin/fcg_query_lyric.fcg?g_tk=5381&format=json&inCharset=utf-8&outCharset=utf-8&platform=h5&needNewCode=1&nobase64=1&musicid=5010958&_=1513437581324 (Caused by NewConnectionError('<urllib3.connection.VerifiedHTTPSConnection object at 0x10a6c5b00>: Failed to establish a new connection: [Errno 60] Operation timed out'))

During handling of the above exception, another exception occurred:

Traceback (most recent call last):
  File "runner_qq.py", line 60, in process_playlist
    lyric = api.get_song_lyric(song.id)
  File "/private/var/root/.jenkins/workspace/data-shuochang/dao/qq_api.py", line 43, in get_song_lyric
    raw_text = self.fetch_raw(url)
  File "/private/var/root/.jenkins/workspace/data-shuochang/dao/base_api.py", line 33, in fetch_raw
    verify=False)
  File "/Library/Python/3.7/site-packages/requests/api.py", line 75, in get
    return request('get', url, params=params, **kwargs)
  File "/Library/Python/3.7/site-packages/requests/api.py", line 60, in request
    return session.request(method=method, url=url, **kwargs)
  File "/Library/Python/3.7/site-packages/requests/sessions.py", line 533, in request
    resp = self.send(prep, **send_kwargs)
  File "/Library/Python/3.7/site-packages/requests/sessions.py", line 646, in send
    r = adapter.send(request, **kwargs)
  File "/Library/Python/3.7/site-packages/requests/adapters.py", line 516, in send
    raise ConnectionError(e, request=request)
requests.exceptions.ConnectionError: HTTPSConnectionPool(host='c.y.qq.com', port=443): Max retries exceeded with url: /lyric/fcgi-bin/fcg_query_lyric.fcg?g_tk=5381&format=json&inCharset=utf-8&outCharset=utf-8&platform=h5&needNewCode=1&nobase64=1&musicid=5010958&_=1513437581324 (Caused by NewConnectionError('<urllib3.connection.VerifiedHTTPSConnection object at 0x10a6c5b00>: Failed to establish a new connection: [Errno 60] Operation timed out'))

During handling of the above exception, another exception occurred:

Traceback (most recent call last):
  File "/Library/Developer/CommandLineTools/Library/Frameworks/Python3.framework/Versions/3.7/lib/python3.7/logging/__init__.py", line 1034, in emit
    msg = self.format(record)
  File "/Library/Developer/CommandLineTools/Library/Frameworks/Python3.framework/Versions/3.7/lib/python3.7/logging/__init__.py", line 880, in format
    return fmt.format(record)
  File "/Library/Developer/CommandLineTools/Library/Frameworks/Python3.framework/Versions/3.7/lib/python3.7/logging/__init__.py", line 619, in format
    record.message = record.getMessage()
  File "/Library/Developer/CommandLineTools/Library/Frameworks/Python3.framework/Versions/3.7/lib/python3.7/logging/__init__.py", line 380, in getMessage
    msg = msg % self.args
TypeError: not all arguments converted during string formatting
Call stack:
  File "runner_qq.py", line 158, in <module>
    main()
  File "runner_qq.py", line 145, in main
    args.proxy, logger, args.dump_raw, args.dump_seg)
  File "runner_qq.py", line 70, in process_playlist
    logger.error("Exception in processing songs: ", err)
Message: 'Exception in processing songs: '
Arguments: (ConnectionError(MaxRetryError("HTTPSConnectionPool(host='c.y.qq.com', port=443): Max retries exceeded with url: /lyric/fcgi-bin/fcg_query_lyric.fcg?g_tk=5381&format=json&inCharset=utf-8&outCharset=utf-8&platform=h5&needNewCode=1&nobase64=1&musicid=5010958&_=1513437581324 (Caused by NewConnectionError('<urllib3.connection.VerifiedHTTPSConnection object at 0x10a6c5b00>: Failed to establish a new connection: [Errno 60] Operation timed out'))")),)
INFO:[DataPipeline]:Sleep for: 170
INFO:[DataPipeline]:PlayList: [4064334789] Pop&#32;Rap&#32;&#58;&#32;æœ€çº¯ç²¹çš„è¯´å”±é£æ ¼ (680/1170) has 30 songs.
INFO:[DataPipeline]:PlayList: [27219378] çµé­‚é¥¶èˆŒ&#32;å¿§ä¼¤è¯´å”±&#32;å¼‚åŸŸè¾‘ (681/1170) has 8 songs.
INFO:[DataPipeline]:PlayList: [2897745492] é­”æ€§é¥¶èˆŒï¼Œå²è¯—çº§è¯´å”± (682/1170) has 22 songs.
INFO:[DataPipeline]:PlayList: [20305559] ä¸­æ–‡è¯´å”±&#32;&#32;èŠ‚å¥çµé­‚&#32;&#32;ç”¨å¿ƒè†å¬ (683/1170) has 6 songs.
INFO:[DataPipeline]:PlayList: [1741781787] 00å¹´ä»£å†²å‡»è€³è†œçš„å¼ºåŠ¿è¯´å”± (684/1170) has 18 songs.
INFO:[DataPipeline]:PlayList: [3233507866] è¯´å”±ç•Œçš„é›†å¤§æˆè€…ï¼Œè¥¿å²¸è¯´å”± (685/1170) has 20 songs.
INFO:[DataPipeline]:PlayList: [20306559] èŠ‚å¥çµé­‚&#32;&#32;è¯´å”±é£æ ¼ (686/1170) has 6 songs.
INFO:[DataPipeline]:PlayList: [3537484348] Highä¸ªå°½å…´ï¼Œä¸­å›½åœ°ä¸‹è¯´å”±ä½³ä½œ (687/1170) has 18 songs.
INFO:[DataPipeline]:PlayList: [2034408544] å½“ä¸­å›½é£é‡ä¸Šè¯´å”± (688/1170) has 18 songs.
INFO:[DataPipeline]:PlayList: [1176183961] éŸ©å¼è¯´å”±ï¼ŒæŠŠçˆ±çš„è¯è¯­è—åœ¨Rapé‡Œ (689/1170) has 18 songs.
INFO:[DataPipeline]:Sleep for: 150
INFO:[DataPipeline]:PlayList: [3571067418] ã€Œæ¬§ç¾ã€å¸¦æ„Ÿè¯´å”±ï¼Œä¸€èµ·å˜»å“ˆ (690/1170) has 297 songs.
INFO:[DataPipeline]:PlayList: [2972451439] ã€ŒåŠ±å¿—è¯´å”±ã€çŒ®ç»™ä»¥æ¢¦ä¸ºé©¬çš„ç”Ÿæ´» (691/1170) has 18 songs.
INFO:[DataPipeline]:PlayList: [25566378] ä¸­å›½è¯´å”±&#32;ä¾æ—§è¾‰ç…Œ (692/1170) has 8 songs.
INFO:[DataPipeline]:PlayList: [20296559] ç”Ÿå‘½èŠ‚å¥&#32;è‡ªç”±è¯´å”± (693/1170) has 6 songs.
INFO:[DataPipeline]:PlayList: [2376917853] ã€Œåè¯­æŠ’æƒ…è¯´å”±ã€è¯´ç€æ”¾ä¸ä¸‹çš„å¿ƒäº‹ (694/1170) has 19 songs.
INFO:[DataPipeline]:PlayList: [19801586] è½»æŸ”éŸ³ç¬¦&#32;ç½‘ç»œè¯´å”±è¾‘ (695/1170) has 7 songs.
INFO:[DataPipeline]:PlayList: [2953278998] â€³éä¸»æµè¯´å”±&#32;ä½ è§‰å¾—æˆ‘å¾ˆå®¹æ˜“å˜› (696/1170) has 20 songs.
INFO:[DataPipeline]:PlayList: [25658378] ä¸­å›½è¯´å”±&#32;æµ´è¡€å‡¤å‡°&#32;ç‹è€…å½’æ¥ (697/1170) has 8 songs.
INFO:[DataPipeline]:PlayList: [2376223624] è¯´å”±å‚ç‰Œè‰ºäººæ­Œæ›²ç²¾é€‰ç³»åˆ—â€”YoungMoney (698/1170) has 30 songs.
INFO:[DataPipeline]:PlayList: [1338906871] è¯´å”±&#32;hiphop&#32;ç”µéŸ³å¤§çˆ†ç‚¸ (699/1170) has 26 songs.
INFO:[DataPipeline]:Sleep for: 156
INFO:[DataPipeline]:PlayList: [4173704644] å¼€å£è„†ä¸€å¬å€¾å¿ƒï¼šæ— å‰å¥è¯´å”± (700/1170) has 38 songs.
INFO:[DataPipeline]:PlayList: [3234528531] Hiphopæ–‡åŒ–ä¹‹å¦ç±»è¯´å”± (701/1170) has 18 songs.
INFO:[DataPipeline]:PlayList: [868015793] ã€Œåè¯­è¯´å”±ã€é‚£äº›æ–‡è‰ºå…¥éª¨çš„å”¯ç¾rap (702/1170) has 20 songs.
INFO:[DataPipeline]:PlayList: [2057124442] å›½å†…trapè¯´å”±ï¼Œåœ°é“ç‹ å‘³ (703/1170) has 18 songs.
INFO:[DataPipeline]:PlayList: [26264378] å¿§ä¼¤è¯´å”±&#32;ç´«æª€æœªç­&#32;æˆ‘äº¦æœªå» (704/1170) has 8 songs.
INFO:[DataPipeline]:PlayList: [2380830189] å›½äº§ç¡¬æ ¸è¯´å”±ï¼šå“¥å°±æ˜¯é‡ï¼Œå’‹åœ°ï¼Ÿ (705/1170) has 15 songs.
INFO:[DataPipeline]:PlayList: [24997378] è¯ é‡Šä¸­å›½è¯´å”±&#32;å¯»æ‰¾æ–°çš„æ–¹å‘ (706/1170) has 10 songs.
INFO:[DataPipeline]:PlayList: [4171355656] è¯´å”±æ­Œæ‰‹è¯æ±‡é‡æ’å&#32;Top&#32;100 (707/1170) has 54 songs.
INFO:[DataPipeline]:PlayList: [3556724501] ä¸­æ–‡è¯´å”±ï¼šæƒ…çœŸæ„åˆ‡çš„è¯´å”±çˆ±æƒ…æ•…äº‹ (708/1170) has 20 songs.
INFO:[DataPipeline]:PlayList: [26869378] æ®‹ç¼ºéŸµå¾‹&#32;å¿§ä¼¤è¯´å”± (709/1170) has 6 songs.
INFO:[DataPipeline]:Sleep for: 170
INFO:[DataPipeline]:PlayList: [2362843075] å˜»å“ˆè¯´å”±ä¸é­…åŠ›å¥³å£°çš„æ¿€æƒ…ç¢°æ’ (710/1170) has 30 songs.
INFO:[DataPipeline]:PlayList: [26669378] é»‘è‰²èŠ‚å¥&#32;å¼¥æ¼«äºåœ°ä¸‹è¯´å”±&#32; (711/1170) has 10 songs.
INFO:[DataPipeline]:PlayList: [2979223747] èŠ‚å¥æ§ï¼Œè¶…å¥½å¬çš„æ¬§ç¾è¯´å”± (712/1170) has 30 songs.
INFO:[DataPipeline]:PlayList: [2932930523] å¬ä¸æ‡‚ä¹Ÿè¦å¬çš„éŸ©å¼è¯´å”± (713/1170) has 60 songs.
INFO:[DataPipeline]:PlayList: [3742705162] å®‰åˆ©å‘&#32;&#58;&#32;å°ä¼—ä¸å¤±ç‹‚çš„æ—¥ç³»è¯´å”± (714/1170) has 59 songs.
INFO:[DataPipeline]:PlayList: [3830309524] ã€è¥¿å²¸è¯´å”±ã€‘æ­ç§˜æœªè§£ä¹‹è°œçš„å˜»å“ˆ (715/1170) has 40 songs.
INFO:[DataPipeline]:PlayList: [1743796253] ä¸å¯å¤šå¾—çš„ç²¤è¯­è¯´å”±&#32;çŒ´çŠ€åˆ©ï¼ (716/1170) has 20 songs.
INFO:[DataPipeline]:PlayList: [40400612] å˜»å“ˆè¯´å”±highç¿»å¤© (717/1170) has 18 songs.
INFO:[DataPipeline]:PlayList: [2075629273] ç¡¬æ ¸è¯´å”±ï¼šè¿™äº›Rapperè®©ä½ ç‹ ç‹ åœ°ç‡¥ (718/1170) has 74 songs.
INFO:[DataPipeline]:PlayList: [1133922484] â€œä¸œå²¸è¯´å”±â€è¯´å”±çˆ±å¥½è€…å¿…å­¦æ­Œå• (719/1170) has 18 songs.
INFO:[DataPipeline]:Sleep for: 61
INFO:[DataPipeline]:PlayList: [961830118] æœ€ç‰›Dçš„å›½è¯­è¯´å”± (720/1170) has 18 songs.
INFO:[DataPipeline]:PlayList: [25777378] å¿§ä¼¤è¯´å”±&#32;ä½•å¤„ç¹åç¬™æ­Œè½ (721/1170) has 10 songs.
INFO:[DataPipeline]:PlayList: [27079378] ç›˜ç‚¹å¿«å˜´è¯´å”±&#32;åƒé€Ÿåº¦é¢†è¢–è‡´æ•¬ (722/1170) has 6 songs.
INFO:[DataPipeline]:PlayList: [3827865560] éœ“è™¹å›½è¯´å”±å²ä½ äº†è§£å¤šå°‘ (723/1170) has 18 songs.
INFO:[DataPipeline]:PlayList: [3112826156] æç¬‘ä¸­æ–‡è¯´å”±&#32;å¼€æ•´ï¼ (724/1170) has 17 songs.
INFO:[DataPipeline]:PlayList: [3838245186] ç½‘ä¼ ã€Šæ–°è¯´å”±ã€‹çš„é‡é‡çº§é€‰æ‰‹éƒ½æœ‰è°ï¼Ÿ (725/1170) has 49 songs.
INFO:[DataPipeline]:PlayList: [26100378] è¯´å”±ä¹‹å£°&#32;æ­Œé¢‚æ¯çˆ±çš„éŸ³ç¬¦ (726/1170) has 6 songs.
INFO:[DataPipeline]:PlayList: [4172694519] 00ååè¯­è¯´å”±æ–°ç”Ÿä»£ä½œå“ (727/1170) has 21 songs.
INFO:[DataPipeline]:PlayList: [2967577506] è¯·å‡†å¤‡ï¼šä¸­å›½è¯´å”±å¬åŠ›è€ƒè¯•ç°åœ¨å¼€å§‹ï¼ (728/1170) has 30 songs.
INFO:[DataPipeline]:PlayList: [24216378] å·¦æ‰‹å€’å½±&#32;å³æ‰‹å¹´å&#32;ç½‘ç»œè¯´å”±è¾‘ (729/1170) has 6 songs.
INFO:[DataPipeline]:Sleep for: 84
INFO:[DataPipeline]:PlayList: [2055968858] èåˆå¾‹åŠ¨çš„éœ¸æ°”è¯´å”±ï¼Œæ— æ³•è‡ªæ‹” (730/1170) has 18 songs.
INFO:[DataPipeline]:PlayList: [24579378] æ·±å…¥ä¸­å›½è¯´å”±&#32;å¯»æ‰¾æ–°çš„å¸Œæœ› (731/1170) has 9 songs.
INFO:[DataPipeline]:PlayList: [34145965] æƒ…æ„Ÿè¯´å”±&#32;æ—¶å…‰ç©¿é€å†—é•¿çš„è®°å¿†&#32; (732/1170) has 6 songs.
INFO:[DataPipeline]:PlayList: [2194164317] ä¼¤æ„Ÿä¸­æ–‡è¯´å”±ï¼Œå¿§ä¼¤æ—‹å¾‹ (733/1170) has 17 songs.
INFO:[DataPipeline]:PlayList: [18522184] å®Œç¾çš„æ—‹å¾‹&#32;å¹½æ²‰å¾—è¯´å”±&#32;è½»å¿«çš„æ¼”ç» (734/1170) has 6 songs.
INFO:[DataPipeline]:PlayList: [18097409] å‡„å‡‰è¯´å”±&#32;æ¬§ç¾ç»å…¸ (735/1170) has 7 songs.
INFO:[DataPipeline]:PlayList: [3724775382] æ‹’ç»ä¼ ç»Ÿè¯´å”±é£æ ¼çš„å¦ç±»å˜»å“ˆ (736/1170) has 82 songs.
INFO:[DataPipeline]:PlayList: [4216183114] æˆè¯´äººç”Ÿï¼šå¹½é»˜æ€ªè¯çš„å›½è¯­å–œå‰§è¯´å”± (737/1170) has 19 songs.
INFO:[DataPipeline]:PlayList: [1475667564] ã€Œäºšæ´²è¯´å”±åœ°å›¾&#32;ã€é»„ç§äººçš„å˜»å“ˆè¡€æ¶² (738/1170) has 20 songs.
INFO:[DataPipeline]:PlayList: [18751032] é’¢ç´è¯´å”±&#32;æ¢¦é‡Œæ¢¦åˆ°é†’ä¸æ¥çš„æ¢¦ (739/1170) has 7 songs.
INFO:[DataPipeline]:Sleep for: 117
INFO:[DataPipeline]:PlayList: [1721037415] è€ƒè¯•å‘¨ï¼Œæ¥ç‚¹è¯´å”±é™é™å‹ (740/1170) has 28 songs.
INFO:[DataPipeline]:PlayList: [858640612] æŒ¡ä¸ä½çš„é­”åŠ›&#124;å˜»å“ˆè¯´å”± (741/1170) has 18 songs.
INFO:[DataPipeline]:PlayList: [2936026810] 11å¹´ä¸ä¼šè¯´è°çš„è¯´å”±ï¼Œä¸ä¿¡ä½ å¬ (742/1170) has 18 songs.
INFO:[DataPipeline]:PlayList: [3561956772] è¯´å”±ä¸æ­¢å“Ÿå“Ÿåˆ‡å…‹é—¹ï¼Œè¿˜æœ‰å¹²è„†è·Ÿç›´æ¥ (743/1170) has 18 songs.
INFO:[DataPipeline]:PlayList: [19018032] é’¢ç´è¯´å”±ã€‚ç¬¬ãˆ è¾‘&#32;åä¸ƒå²å¼€å§‹è‹è€ (744/1170) has 7 songs.
INFO:[DataPipeline]:PlayList: [1756776392] å˜»å“ˆè¯´å”±ï¼Œç‚¹ç‡ƒå¿ƒä¸­ç‡ƒçƒ§çš„ç«è‹— (745/1170) has 18 songs.
INFO:[DataPipeline]:PlayList: [32208976] æ¸©é¢œè¯´å”±&#32;æ‚ ç„¶äºè€³çš„æš– (746/1170) has 7 songs.
INFO:[DataPipeline]:PlayList: [3761040212] å®éªŒè¯´å”±ï¼šæ€ªå¼‚ç¡¬å¼å˜»å“ˆ (747/1170) has 28 songs.
INFO:[DataPipeline]:PlayList: [3683888316] å¥½å¬djï¼Œæ­Œæ›²ï¼Œmcè¯´å”±ã€‚ (748/1170) has 296 songs.
INFO:[DataPipeline]:PlayList: [2047730133] éŸ©ç³»å˜»å“ˆè¯´å”±&#32;èˆåŠ¨ä½ çš„åŒæ‰‹ (749/1170) has 20 songs.
INFO:[DataPipeline]:Sleep for: 135
INFO:[DataPipeline]:PlayList: [4144470450] ç¡¬æ ¸è¯´å”±ï½œç‚¹ç‡ƒçµé­‚çš„ç‹‚çƒ­èŠ‚æ‹ (750/1170) has 24 songs.
INFO:[DataPipeline]:PlayList: [2378033158] swagï¼å„è·¯è¯´å”±è‰ºäººdisså¤§æˆ˜ç¥çº§ä½œå“åˆé›† (751/1170) has 40 songs.
INFO:[DataPipeline]:PlayList: [3236801572] Letâ€˜s&#32;rapï¼Œè¥¿å²¸è¯´å”±åäººè‘—ä½œé›† (752/1170) has 45 songs.
INFO:[DataPipeline]:PlayList: [3860453582] ä¸œæµ·å²¸å˜»å“ˆï½œå¤šå…ƒç´ é£æ ¼çš„è¯´å”± (753/1170) has 70 songs.
INFO:[DataPipeline]:PlayList: [3538198236] æ—¥ç³»ï½œç”·å£°è¯´å”±ï¼ŒèŠ‚å¥ä¸­è•´å«çš„æƒ…æ„Ÿ (754/1170) has 30 songs.
INFO:[DataPipeline]:PlayList: [808295061] è½»æ˜“çˆ±ä¸Šè¿™è¯´å”±çš„èŠ‚å¥ (755/1170) has 19 songs.
INFO:[DataPipeline]:PlayList: [3252082812] æ­¢ä¸ä½æŠ–è…¿çš„è¶…é…·é¼“ç‚¹Â·é™·é˜±è¯´å”± (756/1170) has 25 songs.
INFO:[DataPipeline]:PlayList: [2633955012] æ…¢æ…¢å“å‘³è¯´å”±çš„å¿«èŠ‚å¥ (757/1170) has 18 songs.
INFO:[DataPipeline]:PlayList: [4100590574] NJSå˜»å“ˆï½œæ–°&#46;æ°å…‹æ‘‡æ‘†é£æ ¼çš„è¯´å”± (758/1170) has 68 songs.
INFO:[DataPipeline]:PlayList: [4181016798] ã€Šä¸­å›½æ–°è¯´å”±ã€‹å…¥å›´é€‰æ‰‹ä½œå“åˆé›† (759/1170) has 37 songs.
INFO:[DataPipeline]:Sleep for: 140
INFO:[DataPipeline]:PlayList: [2910777279] ä¸­æ–‡è¯´å”±ï¼Œéª¨å­é‡Œçš„çœŸæ€§æƒ…ã€‚ (760/1170) has 17 songs.
INFO:[DataPipeline]:PlayList: [1761522967] ä¸œæµ·å²¸è¯´å”±ç¯‡ï¼šç¾å›½æ›¼å“ˆé¡¿åœ°åŒºçš„ç²¾ç¥ç‹¬ç™½ (761/1170) has 28 songs.
INFO:[DataPipeline]:PlayList: [3155303221] Eminemï¼šçµé­‚çº§è¯´å”±ï¼Œä½ å¬è¿‡å—ï¼Ÿ (762/1170) has 21 songs.
INFO:[DataPipeline]:PlayList: [1775775932] ç¡¬æ ¸è¯´å”±&#32;&#32;éº»æœ¨ç”Ÿæ´»çš„å¼ºå¿ƒå‰‚ (763/1170) has 21 songs.
INFO:[DataPipeline]:PlayList: [4172464983] HAè¯„é€‰æœ€ä½³è¯´å”±ä¸“è¾‘Top&#32;100 (764/1170) has 92 songs.
INFO:[DataPipeline]:PlayList: [11421996] æ·¡æ·¡çš„æ‚²ç³»åˆ—ï¼šå‡„å‡‰è¯´å”± (765/1170) has 11 songs.
INFO:[DataPipeline]:PlayList: [3763396028] 2018ã€ŠXXLã€‹è¯„é€‰è¯´å”±æ–°äººè·å¥–&#38;æååå• (766/1170) has 115 songs.
INFO:[DataPipeline]:PlayList: [10756460] å‡„å‡‰è¯´å”±ï¼Œæ¬§ç¾ç»å…¸3 (767/1170) has 9 songs.
INFO:[DataPipeline]:PlayList: [14662569] è¯´å”±ï¼Œè¯´çš„æ˜¯å¯‚å¯å”±çš„æ˜¯æ‚²ä¼¤ (768/1170) has 8 songs.
INFO:[DataPipeline]:PlayList: [3106687085] ä¸è¯¥è¢«é—å¿˜çš„ä¸­æ–‡è¯´å”± (769/1170) has 15 songs.
INFO:[DataPipeline]:Sleep for: 149
INFO:[DataPipeline]:PlayList: [2488816109] å¥½å¬çš„è¯´å”±ä¸€æ¬¡å¬ä¸ªå¤Ÿ (770/1170) has 16 songs.
INFO:[DataPipeline]:PlayList: [10945250] éä¸»æµ&#32;ä¼¤æ„Ÿè¯´å”±éŸ³ä¹&#32; (771/1170) has 11 songs.
INFO:[DataPipeline]:PlayList: [1444287419] å¬ä¸€å¬é‚£äº›åˆ«æ ·é­…åŠ›çš„éŸ©è¯­è¯´å”±&#32; (772/1170) has 20 songs.
INFO:[DataPipeline]:PlayList: [858640605] è·Ÿç€è¯´å”±ä¸€èµ·å˜»å“ˆèµ·æ¥ (773/1170) has 18 songs.
INFO:[DataPipeline]:PlayList: [40352612] è•´å«æ•…äº‹çš„é»‘å¸®è¯´å”± (774/1170) has 10 songs.
INFO:[DataPipeline]:PlayList: [2058861776] è®©æ­£ç‚¹è¯´å”±ä¹æ´—æ¶¤ä¸–äººçš„çµé­‚ (775/1170) has 18 songs.
INFO:[DataPipeline]:PlayList: [2634583501] åè¯­è¯´å”±ï½œæ—¢æ½®æµåˆæœ‰äº›æœ—æœ—ä¸Šå£ (776/1170) has 30 songs.
INFO:[DataPipeline]:PlayList: [3955613597] ä¿„è¯­å˜»å“ˆï½œè¥¿é‡Œå°”è¯­çš„è¯´å”±é£æ ¼ (777/1170) has 31 songs.
INFO:[DataPipeline]:PlayList: [4135109747] é¼“ç‚¹ç¯ç»•&#32;&#124;&#32;ç”µéŸ³ç¡¬æ ¸è¯´å”± (778/1170) has 32 songs.
INFO:[DataPipeline]:PlayList: [1016991431] Pitbull&#38;æ¬§ç¾è¯´å”±å¤©ç‹ (779/1170) has 23 songs.
INFO:[DataPipeline]:Sleep for: 137
INFO:[DataPipeline]:PlayList: [11597447] &#32;æ‚²ä¼¤Rapï¼ˆè¯´å”±ï¼‰&#32;&#32;å¦–å¦–ç¬¬ä¸€å¼ ä¸“è¾‘ (780/1170) has 13 songs.
INFO:[DataPipeline]:PlayList: [1783528274] è—æ—è¯´å”±ï¼Œé«˜åŸçš„flowä½ å¬è¿‡å— (781/1170) has 18 songs.
INFO:[DataPipeline]:PlayList: [10218460] è¯´å”±ï¼Œå‡„ç¾çš„ç‹¬èˆï¼ˆä¸­æ–‡è½æ³ªç‰ˆï¼‰ (782/1170) has 4 songs.
INFO:[DataPipeline]:PlayList: [1739634175] Hip&#32;Hopé»‘å¸®è¯´å”±èˆæ›²ï¼Œè¡—èˆå¾¡ç”¨ (783/1170) has 29 songs.
INFO:[DataPipeline]:PlayList: [4311545242] åè¯­è¯´å”±ä¸¨èˆŒå°–ä¸Šçš„ç¾é£Ÿ (784/1170) has 24 songs.
INFO:[DataPipeline]:PlayList: [4174854066] è¯´å”±ç•Œé‚£äº›ç‚™æ‰‹å¯çƒ­çš„å¹´è½»rapper (785/1170) has 20 songs.
INFO:[DataPipeline]:PlayList: [3547440625] æ¬§ç¾ï¼šèŠ‚å¥æ„Ÿåè¶³çš„å˜»å“ˆè¯´å”± (786/1170) has 43 songs.
INFO:[DataPipeline]:PlayList: [3861330741] æ–¹è¨€è¯´å”±&#32;&#124;&#32;æ­¦æ±‰æ»´ç­å­å¸¦å‘é‡Œ&#32; (787/1170) has 18 songs.
INFO:[DataPipeline]:PlayList: [41121732] ä¸æƒ‘é˜¿å§†ï¼šEminemåå¤§è¯´å”±ç¥ä½œ (788/1170) has 8 songs.
INFO:[DataPipeline]:PlayList: [831526059] ç¾å›½åŒªå¸®è¯´å”±ä¼ å¥‡ (789/1170) has 86 songs.
INFO:[DataPipeline]:Sleep for: 172
INFO:[DataPipeline]:PlayList: [808279968] éœ‡æ’¼è¯´å”±ï¼Œå‘Šåˆ«æ…µæ‡’æ²¡ç²¾ç¥ (790/1170) has 37 songs.
INFO:[DataPipeline]:PlayList: [41657653] é»‘å¸®è¯´å”±æ­Œæ‰‹ä¸Šæ¼”å…¨èˆè¡Œ&#32;æš´åŠ›æƒ…äººèŠ‚ (791/1170) has 9 songs.
INFO:[DataPipeline]:PlayList: [1735520304] è¯´å”±ï¼Œè®©è‹±è¯­æ›´é¥¶èˆŒä¸€ç‚¹ (792/1170) has 18 songs.
INFO:[DataPipeline]:PlayList: [1755667244] è¯´å”±éŸ³ä¹&#32;ç»™ä½ å……ç‚¹ç”µ (793/1170) has 18 songs.
INFO:[DataPipeline]:PlayList: [16853954] ä¹è€³æ™´ç©º&#32;è¯´å”±æ¥è¢­&#32;æ—¥éŸ© (794/1170) has 6 songs.
INFO:[DataPipeline]:PlayList: [1569212514] ç»å…¸è¯´å”±çƒ­è¡€é’æ˜¥&#32; (795/1170) has 14 songs.
INFO:[DataPipeline]:PlayList: [2372376387] æ¥è‡ªè´«æ°‘çªŸçš„æŒ£æ‰å‘å–Š&#32;åŒªå¸®è¯´å”±çš„çœŸè°› (796/1170) has 24 songs.
INFO:[DataPipeline]:PlayList: [13464285] è¯´å”±&#32;ç››å¤çš„æš§æ˜§&#32;çº¯å¥³ç”Ÿ (797/1170) has 4 songs.
INFO:[DataPipeline]:PlayList: [1257800190] åå¤§ç§°éœ¸è¯´å”±ç•Œçš„å·¨å¤´ (798/1170) has 18 songs.
INFO:[DataPipeline]:PlayList: [3839800111] æ¯æ—¥æ–°æ­Œï¼šå°¹ç¾è±è¯´å”±SWAGçˆ†æ£š (799/1170) has 50 songs.
INFO:[DataPipeline]:Sleep for: 138
INFO:[DataPipeline]:PlayList: [2366807306] çœŸå®çš„è¯´å”±ï¼Œæ‹¯æ•‘ä½ çš„å†·æ·¡ (800/1170) has 18 songs.
INFO:[DataPipeline]:PlayList: [2372394076] ã€Œæ¬§ç¾è¯´å”±ã€æ²¡äº‹å„¿å°±æ¥ç‚¹G&#45;Funk (801/1170) has 110 songs.
INFO:[DataPipeline]:PlayList: [40190628] åè¯­è¯´å”±ã€‚å†åšä¸€æ¬¡é¥¶èˆŒæ¢¦ (802/1170) has 17 songs.
INFO:[DataPipeline]:PlayList: [2378965288] å·æ¸æ–¹è¨€è¯´å”±ï¼Œéº»è¾£å‘³æ‰å¸¦åŠ²å„¿ (803/1170) has 19 songs.
INFO:[DataPipeline]:PlayList: [3753821028] è¯´å”±å…¨æ˜æ˜Ÿé˜µå®¹&#32;&#124;&#32;Rolling&#32;Loud&#32;2018 (804/1170) has 103 songs.
INFO:[DataPipeline]:PlayList: [3456405107] å¼ºåŠ›è¯´å”±ï¼ŒèŠ‚å¥ä¹‹ç‹ (805/1170) has 12 songs.
INFO:[DataPipeline]:PlayList: [3554566424] éŸ©å¼å˜»å“ˆåŠ ç‚¹è¯´å”±æ›´æœ‰å‘³é“ (806/1170) has 18 songs.
INFO:[DataPipeline]:PlayList: [40868671] è¯´å”±å…¥é—¨æ›²&#32;åœ¨è¿™é‡Œï¼&#32; (807/1170) has 8 songs.
INFO:[DataPipeline]:PlayList: [38820948] è¶…æç¬‘æ–¹è¨€è¯´å”±ï¼Œä½ å¬å¾—æ‡‚ä¹ˆï¼Ÿ (808/1170) has 11 songs.
INFO:[DataPipeline]:PlayList: [1115328556] å…¥é—¨æ—¶å¬çš„ç»å…¸å˜»å“ˆè¯´å”±ä¸“è¾‘ (809/1170) has 37 songs.
INFO:[DataPipeline]:Sleep for: 82
INFO:[DataPipeline]:PlayList: [40388612] æ¸©æŸ”è¯´å”± (810/1170) has 10 songs.
INFO:[DataPipeline]:PlayList: [2638714941] 80såŒªå¸®è¯´å”±å…ˆé©±çš„ç»å…¸æ›²ç›® (811/1170) has 19 songs.
INFO:[DataPipeline]:PlayList: [2376483977] ã€ŒçŠ€åˆ©è¯´å”±dissã€å‘›å¾—ä½ æ¯«æ— åé©³ä¹‹åŠ› (812/1170) has 18 songs.
INFO:[DataPipeline]:PlayList: [2372395608] ã€ŒéŸ©è¯­æå“è¯´å”±ã€å¥½rapperä¸æ­¢çˆ±è±† (813/1170) has 101 songs.
INFO:[DataPipeline]:PlayList: [3796223271] [æ¬§ç¾]è¯´å”±remixåˆé›† (814/1170) has 20 songs.
INFO:[DataPipeline]:PlayList: [39272865] é™¶å­æ¨èçš„è¯´å”±éŸ³ä¹ (815/1170) has 9 songs.
INFO:[DataPipeline]:PlayList: [41223828] è¯´å”±éŸ³ä¹&#45;è®©éŸ³ä¹æœ‰æ€åº¦ (816/1170) has 10 songs.
INFO:[DataPipeline]:PlayList: [40339612] è¯´å”±åœˆåˆ®èµ·çš„äºšæ´²é£ (817/1170) has 10 songs.
INFO:[DataPipeline]:PlayList: [1546572553] å˜»å“ˆå¤§ç¥&#32;è¯´å”±ç²¾è‹± (818/1170) has 14 songs.
INFO:[DataPipeline]:PlayList: [2179374916] é¥¶èˆŒè¯´å”±&#32;éŸ³ä½ ç¼­ç»• (819/1170) has 10 songs.
INFO:[DataPipeline]:Sleep for: 68
INFO:[DataPipeline]:PlayList: [1766072873] ã€Œæˆéƒ½è¯´å”±ã€ä½ ä¸èƒ½é”™è¿‡çš„å›½äº§å®åŠ›rap (820/1170) has 22 songs.
INFO:[DataPipeline]:PlayList: [2829637360] æŠ—æ‹’ä¸äº†çš„ä¸­æ–‡è¯´å”±ğŸ’ (821/1170) has 50 songs.
INFO:[DataPipeline]:PlayList: [1439564232] å¤©åºœä¹‹å›½æˆéƒ½&#32;æ–¹è¨€å˜»å“ˆè¯´å”± (822/1170) has 18 songs.
INFO:[DataPipeline]:PlayList: [3728984095] æ¯æ—¥æ–°æ­Œï¼šé“å”è¯´å”±ç”µéŸ³æ¸¸ä¹åœº (823/1170) has 50 songs.
INFO:[DataPipeline]:PlayList: [4173686497] è¯´å”±å²ä¸Šçš„ä¸‰å¤§æ—¶æœŸç»å…¸ä½œå“ (824/1170) has 42 songs.
INFO:[DataPipeline]:PlayList: [4143699728] ç¾å›½ä¸œæµ·å²¸è¯´å”±ä»£è¡¨æ€§æ­Œæ‰‹ (825/1170) has 32 songs.
INFO:[DataPipeline]:PlayList: [3234528526] å€¼å¾—æ¨èçš„æœ¬åœŸå¦ç±»è¯´å”± (826/1170) has 18 songs.
INFO:[DataPipeline]:PlayList: [3523535614] éœ¸æ°”å¤–æ¼çš„åè¯­è¯´å”±åˆé›† (827/1170) has 34 songs.
INFO:[DataPipeline]:PlayList: [2037644975] ä¸­æ–‡è¯´å”±ï¼Œè®²è¿°ä½ æˆ‘çš„æ•…äº‹ï¼ŒæŒç»­æ›´æ–° (828/1170) has 21 songs.
INFO:[DataPipeline]:PlayList: [3763780237] æ±ªå³°æŒ‘æˆ˜è¯´å”±ï¼Œã€Šæ­Œæ‰‹ã€‹ç¬¬8æœŸåŸå”±æŠ¢å…ˆå¬ï¼ (829/1170) has 70 songs.
INFO:[DataPipeline]:Sleep for: 95
INFO:[DataPipeline]:PlayList: [1159029565] è¯´å”±è¿·ç»ä¸èƒ½é”™è¿‡çš„å˜»å“ˆå¤§åŠ¿ (830/1170) has 20 songs.
INFO:[DataPipeline]:PlayList: [40377612] é€‚åˆå¼€è¶´çš„è¯´å”± (831/1170) has 10 songs.
INFO:[DataPipeline]:PlayList: [1231719714] ä¸­æ–‡è¯´å”±ç»™åŠ›è¿æ–°æ˜¥ (832/1170) has 10 songs.
INFO:[DataPipeline]:PlayList: [1150885054] è¯´å”±&#124;è†å¬éŸ³ä¹ä¸­å€”å¼ºçš„çµé­‚ (833/1170) has 24 songs.
INFO:[DataPipeline]:PlayList: [40332612] å½“è¯´å”±ç¢°ä¸Šçº¯ç¾å¥³å£° (834/1170) has 8 songs.
INFO:[DataPipeline]:PlayList: [2935336028] æ—¶ä¸‹æœ€å–åº§ï¼Œæµè¡Œè¯´å”±ä½³ä½œ (835/1170) has 20 songs.
INFO:[DataPipeline]:PlayList: [30975085] éŸ©è¯­è¯´å”±&#32;å˜»å“ˆç™»åœº (836/1170) has 10 songs.
INFO:[DataPipeline]:PlayList: [2063255912] è¯´å”±é…é‡‘å±ï¼Œæ›´é…·æ›´ç‚¸è£‚ (837/1170) has 20 songs.
INFO:[DataPipeline]:PlayList: [3537484350] æ‰äººè¾ˆå‡ºï¼Œæœ¬åœŸåœ°ä¸‹è¯´å”±çš„çƒ­æ½® (838/1170) has 21 songs.
INFO:[DataPipeline]:PlayList: [2332628835] è½¦è½½å¿…å¤‡è¥¿å²¸è¯´å”±ï¼Œå”¤é†’ä½ çš„è€³æœµ (839/1170) has 20 songs.
INFO:[DataPipeline]:Sleep for: 169
INFO:[DataPipeline]:PlayList: [2189907893] è®©ä½ ç¬é—´æ²¸è…¾å¾—è¯´å”± (840/1170) has 14 songs.
INFO:[DataPipeline]:PlayList: [1441047461] ç»å…¸è¯´å”±é›†ï¼Œå¸¦ä½ ä¸€è§ˆå˜»å“ˆèµ·æº (841/1170) has 18 songs.
INFO:[DataPipeline]:PlayList: [2385672528] æœ¬å‘¨æ–°æ­Œ&#32;&#124;&#32;è¯´å”±æ±Ÿæ¹–ï¼Œä¸€å¾€æ— å‰ (842/1170) has 22 songs.
INFO:[DataPipeline]:PlayList: [4226148529] åœ°ä¸‹åˆ°æµè¡Œï¼šå˜é©æ—¶æœŸçš„è¿‡æ¸¡è¯´å”± (843/1170) has 22 songs.
INFO:[DataPipeline]:PlayList: [4173672197] ä¸­å›½åŸå¸‚å˜»å“ˆè¯´å”±ç»„åˆ (844/1170) has 33 songs.
INFO:[DataPipeline]:PlayList: [3537484346] åœ°ä¸‹è¯´å”±ï¼Œè‡ªæˆä¸€æ´¾çš„æœ¬åœŸæ–‡åŒ– (845/1170) has 20 songs.
INFO:[DataPipeline]:PlayList: [40367612] è¥¿æµ·å²¸è¯´å”±ç‹‚æ½®æ¥è¢­ (846/1170) has 18 songs.
INFO:[DataPipeline]:PlayList: [3537484351] åœ°ä¸‹è¯´å”±ä½³ä½œï¼Œåªç­‰ä½ æ”¶è— (847/1170) has 20 songs.
INFO:[DataPipeline]:PlayList: [2332575327] å°±çˆ±è¯´å”±ï¼šè¿™å°±æ˜¯ç‰¹ç«‹ç‹¬è¡Œçš„è¥¿å²¸è¯´å”± (848/1170) has 25 songs.
INFO:[DataPipeline]:PlayList: [3541289773] HIP&#45;HOPæ–‡åŒ–çš„ç²¾é«“ï¼Œå˜»å“ˆè¯´å”± (849/1170) has 20 songs.
INFO:[DataPipeline]:Sleep for: 177
INFO:[DataPipeline]:PlayList: [40349612] ç«åŠ›å…¨å¼€çš„è¯´å”±èŠ‚å¥ (850/1170) has 10 songs.
INFO:[DataPipeline]:PlayList: [1765923021] æ¬§ç¾å˜»å“ˆè¯´å”±ï¼Œå‡†å¤‡å¥½äº†å—&#63; (851/1170) has 20 songs.
INFO:[DataPipeline]:PlayList: [2067204365] ã€Œå˜»å“ˆç»å…¸ã€å€¼å¾—çè—çš„88å¼ è¯´å”±å”±ç‰‡ (852/1170) has 88 songs.
INFO:[DataPipeline]:PlayList: [3753100179] åœ£èµå˜»å“ˆï½œç¦éŸ³ä¹‹å£°çš„ä¿¡ä»°è¯´å”± (853/1170) has 28 songs.
INFO:[DataPipeline]:PlayList: [2845518610] æ‘„äººå¿ƒé­„çš„çµé­‚è¯´å”± (854/1170) has 24 songs.
INFO:[DataPipeline]:PlayList: [1466280559] ç²¤è¯­è¯´å”±ç²¾é€‰ï¼Œä¸€ç›…ä¸¤ä»¶rapä¸€rap (855/1170) has 20 songs.
INFO:[DataPipeline]:PlayList: [1136537268] 90sæœ€å…·ä»£è¡¨æ€§çš„West&#32;Coastè¯´å”±åˆé›† (856/1170) has 18 songs.
INFO:[DataPipeline]:PlayList: [2374431746] ä¸­å›½å˜»å“ˆVol&#46;5&#32;&#124;&#32;ç¡¬æ ¸è¯´å”±ï¼Œéœ¸æ°”å¤–éœ² (857/1170) has 29 songs.
INFO:[DataPipeline]:PlayList: [1137448485] è¶…èµå˜»å“ˆ&#32;â¤&#32;ç‹¬ç‰¹çš„éŸ³ä¹å“å‘³è®©è¯´å”±æ›´å®Œç¾ (858/1170) has 45 songs.
INFO:[DataPipeline]:PlayList: [4172765848] è¯´å”±ä¸­çš„Flowåˆ°åº•æ˜¯ä¸ªå˜›ï¼Ÿ (859/1170) has 16 songs.
INFO:[DataPipeline]:Sleep for: 99
INFO:[DataPipeline]:PlayList: [1736173469] Lil&#32;Wayneï¼Œæ— æ„§çš„å—éƒ¨è¯´å”±ä¹‹ç‹ (860/1170) has 19 songs.
INFO:[DataPipeline]:PlayList: [3257945891] æˆ‘ä»¬ä¸æ˜¯ç²¾å“è¯´å”±çš„ç”Ÿäº§è€…ï¼Œæˆ‘ä»¬åªæ˜¯æ¬è¿å·¥ (861/1170) has 31 songs.
INFO:[DataPipeline]:PlayList: [2961471154] æ¯’æ€§è¯´å”±æ°›å›´ï¼Œæ’©æ‹¨ç€ä¸€é¢—åŠ¨è¡çš„å¿ƒ (862/1170) has 18 songs.
INFO:[DataPipeline]:PlayList: [875371729] æ¬§é˜³é–ç²¤è¯­è¯´å”±ç²¾é€‰ (863/1170) has 20 songs.
INFO:[DataPipeline]:PlayList: [819531911] è¯´å”±ï¼Œç›´é¢å†…å¿ƒçš„å£°éŸ³ã€‚ (864/1170) has 46 songs.
INFO:[DataPipeline]:PlayList: [3233507863] å˜»å“ˆç•Œçš„å·¨æ˜Ÿï¼Œè¥¿å²¸è¯´å”±çš„æ°å‡ºä½œå“ (865/1170) has 21 songs.
INFO:[DataPipeline]:PlayList: [3821419224] ã€å˜»å“ˆæ–°é£æ ¼ã€‘å”±ç›˜ä¸»ä¹‰çš„è¯´å”± (866/1170) has 36 songs.
INFO:[DataPipeline]:PlayList: [931222362] è¾£å‡ºæ³ªçš„æ€§æ„Ÿè¯´å”± (867/1170) has 9 songs.
INFO:[DataPipeline]:PlayList: [2638649292] 90sè¯´å”±å¤§å’–ä»¬çš„å¾—æ„ä¹‹ä½œ (868/1170) has 18 songs.
INFO:[DataPipeline]:PlayList: [4226140107] è—è¯­è¯´å”±ï¼šå‘å¾€è‡ªç”±ï¼Œä¸å±ˆè‹Ÿä¸” (869/1170) has 20 songs.
INFO:[DataPipeline]:Sleep for: 67
INFO:[DataPipeline]:PlayList: [2377505969] åè¯­å¬åŠ›ç­‰çº§æµ‹è¯•ä¹‹è¯´å”±ç¯‡ (870/1170) has 18 songs.
INFO:[DataPipeline]:PlayList: [40323612] å…ƒè€ä¸æ–°ç§€çš„è¯´å”±å¯¹å†³ (871/1170) has 12 songs.
INFO:[DataPipeline]:PlayList: [1165762668] é­…åŠ›è¯´å”±ï¼Œåœä¸ä¸‹æ¥çš„å¥½éŸ³ä¹ (872/1170) has 31 songs.
INFO:[DataPipeline]:PlayList: [2067204281] ã€ŠXXLã€‹æ‚å¿—è¯„é€‰90å¹´ä»£æœ€ä½³è¯´å”±æ­Œæ›² (873/1170) has 207 songs.
INFO:[DataPipeline]:PlayList: [1360363148] Rap&#32;God&#32;Freestyle&#32;è¯´å”±çš„æ•…äº‹ (874/1170) has 123 songs.
INFO:[DataPipeline]:PlayList: [1653614828] å½“è¯´å”±é‡ä¸Šé¼“ç‚¹ (875/1170) has 15 songs.
INFO:[DataPipeline]:PlayList: [1148375135] 90sè¥¿æµ·å²¸è¯´å”± (876/1170) has 21 songs.
INFO:[DataPipeline]:PlayList: [1737568939] HIP&#45;HOPä¸­æœ€æœ‰å†…æ¶µçš„ä¸œæµ·å²¸è¯´å”± (877/1170) has 35 songs.
INFO:[DataPipeline]:PlayList: [3836297936] å®…ç”·å˜»å“ˆï½œæ¶æçš„å¾®æ ¸è¯´å”±é£æ ¼ (878/1170) has 20 songs.
INFO:[DataPipeline]:PlayList: [1745523256] è¯´å”±ä¼´å¥ï¼Œå˜»å“ˆä¸æ­¢ (879/1170) has 18 songs.
INFO:[DataPipeline]:Sleep for: 176
INFO:[DataPipeline]:PlayList: [1692059538] è¯´å”±å‘çƒ§å‹çš„å…¥é—¨æ­Œå• (880/1170) has 14 songs.
INFO:[DataPipeline]:PlayList: [821939993] è¿™ä¹ˆæ£’çš„è¯´å”±ï¼Œæ€èƒ½ä¸è·Ÿç€å—¨ (881/1170) has 41 songs.
INFO:[DataPipeline]:PlayList: [2352175428] é˜¿æ‹‰ä¼¯è¯­å˜»å“ˆï¼šå¼‚åŸŸæƒ…è°ƒçš„è¯´å”± (882/1170) has 40 songs.
INFO:[DataPipeline]:PlayList: [2345710758] è‹±å›½grimeå°˜å¢è¯´å”±è½°ç‚¸ä½ è€³è†œ (883/1170) has 40 songs.
INFO:[DataPipeline]:PlayList: [2935336032] å“ˆéŸ©äººå£«ç¦åˆ©ï¼ŒéŸ©é£æµè¡Œè¯´å”± (884/1170) has 19 songs.
INFO:[DataPipeline]:PlayList: [1766849772] ã€Œç¡¬æ ¸è¯´å”±ã€æå…·ç ´ååŠ›Rapï¼Œç‚¹ç‡ƒå¿ƒè„ (885/1170) has 22 songs.
INFO:[DataPipeline]:PlayList: [1769777194] ä¹åå¹´ä»£è¯´å”±å”±ç‰‡å…¨æ”¶å½• (886/1170) has 373 songs.
INFO:[DataPipeline]:PlayList: [28952006] åé¦–æ­Œè®¤è¯†â€œè¯´å”±ä¹‹ç¥â€Eminem (887/1170) has 10 songs.
INFO:[DataPipeline]:PlayList: [3246505315] ã€Œè‘¡è¯­è¯´å”±ã€æœ‰æ„Ÿæƒ…çš„å˜»å“ˆéŸ³ä¹ (888/1170) has 19 songs.
INFO:[DataPipeline]:PlayList: [2664048593] ä¸‡å¦®è¾¾&#58;éœ¸æ°”æ€§æ„Ÿçš„è¯´å”±å¥³ç‹ (889/1170) has 50 songs.
INFO:[DataPipeline]:Sleep for: 137
INFO:[DataPipeline]:PlayList: [2655081536] å˜»å“ˆè¯´å”±&#124;æ½®äººçš„ä¸äºŒé€‰æ‹© (890/1170) has 18 songs.
INFO:[DataPipeline]:PlayList: [2332629226] è¥¿å²¸è¯´å”±ï¼Œç»™èŠ‚å¥æ§çš„ä½ ï¼ (891/1170) has 20 songs.
INFO:[DataPipeline]:PlayList: [4178998266] ä¸å®¹å°è§‘ï¼šè‹±å›½é¡¶å°–è¯´å”±æ­Œæ‰‹ç›˜ç‚¹ (892/1170) has 40 songs.
INFO:[DataPipeline]:PlayList: [2365944327] å˜»å“ˆçš„ç‹¬ç‰¹é£é‡‡ï¼Œè®©è¯´å”±æ¥æ›¿ä½ ä¼´å¥ (893/1170) has 18 songs.
INFO:[DataPipeline]:PlayList: [2372402979] æƒ³äº†è§£è¯´å”±ä¸‰å¤§æ—¶æœŸå˜è¿å²ï¼Œä¸€å•å°±å¤Ÿäº† (894/1170) has 119 songs.
INFO:[DataPipeline]:PlayList: [2067205884] ã€Œçº½çº¦è¯´å”±æ­Œæ‰‹ç²¾é€‰ã€è‡ªç”±çš„çµé­‚ä»¬ (895/1170) has 154 songs.
INFO:[DataPipeline]:PlayList: [2638714727] å˜»å“ˆä¹æœ€ç¾å¥½çš„80å¹´ä»£&#45;åŒªå¸®è¯´å”± (896/1170) has 18 songs.
INFO:[DataPipeline]:PlayList: [1558314227] è¶…å¼ºè¯´å”±&#32;æ‘‡å‡ºä½ çš„å˜»å“ˆèŒƒå„¿ (897/1170) has 10 songs.
INFO:[DataPipeline]:PlayList: [2047214670] ã€ŒéŸ©è¯­è¯´å”±ã€éšç€èŠ‚å¥èµ·èˆ (898/1170) has 18 songs.
INFO:[DataPipeline]:PlayList: [4277285623] æ¯æ—¥æ–°æ­Œï¼šGAIå¼è¯´å”±éœ¸æ°”å½’æ¥ (899/1170) has 51 songs.
INFO:[DataPipeline]:Sleep for: 146
INFO:[DataPipeline]:PlayList: [693614728] è¯´å”±æ–°å¤©å&#45;Nicki&#32;Minaj (900/1170) has 15 songs.
INFO:[DataPipeline]:PlayList: [3234528528] è‹±è¯­&#32;&#124;&#32;å¦ç±»è¯´å”±å¸¦æ¥çš„å¥‡å¦™æ„Ÿå— (901/1170) has 18 songs.
INFO:[DataPipeline]:PlayList: [3515701260] èŠ‚å¥æ§&#32;è¶…å¥½å¬çš„è‹±æ–‡è¯´å”±ğŸƒ (902/1170) has 27 songs.
INFO:[DataPipeline]:PlayList: [1992474145] å‘¨æ°ä¼¦&#32;è¯´å”± (903/1170) has 46 songs.
INFO:[DataPipeline]:PlayList: [2653863302] æ¥ä¸€æ›²æœ‰æ€åº¦çš„è¥¿å²¸è¯´å”± (904/1170) has 18 songs.
INFO:[DataPipeline]:PlayList: [3459554880] é˜¿ç±³è‰äºšÂ·å‡¯åˆ©ï¼šéœ¸æ°”ä¾§æ¼çš„è¯´å”±å¥³ç‹ (905/1170) has 16 songs.
INFO:[DataPipeline]:PlayList: [3228942936] ã€åŒªå¸®è¯´å”±ã€‘æ»¡å±éƒ½æ˜¯Swag (906/1170) has 15 songs.
INFO:[DataPipeline]:PlayList: [4633043522] è‰¾çƒ­å’Œä¸­å›½æ–°è¯´å”± (907/1170) has 23 songs.
INFO:[DataPipeline]:PlayList: [1618852969] ä¸€é’ˆè§è¡€çš„ä¸­å›½è¯´å”± (908/1170) has 9 songs.
INFO:[DataPipeline]:PlayList: [3541289774] æ¬§ç¾è¯´å”±ï¼Œé»„é‡‘æ—¶ä»£çš„ä»£è¡¨ä½œ (909/1170) has 19 songs.
INFO:[DataPipeline]:Sleep for: 162
INFO:[DataPipeline]:PlayList: [3234528533] ä¸å¯é”™è¿‡B&#46;O&#46;Bçš„å¦ç±»è¯´å”± (910/1170) has 18 songs.
INFO:[DataPipeline]:PlayList: [2372395674] ã€Œå¦ç±»è¯´å”±ã€æˆ‘çš„é£æ ¼åˆ«äººæ— æ³•å¤åˆ¶ (911/1170) has 81 songs.
INFO:[DataPipeline]:PlayList: [2665148099] ã€Œè¯´å”±ã€è¿‘å¹´çƒ­é—¨æ­Œæ‰‹ç»å…¸é¦–å¼ ä¸“è¾‘ (912/1170) has 69 songs.
INFO:[DataPipeline]:PlayList: [3853619258] å—æ–¹å˜»å“ˆï½œå¥‡æ€ªéŸ³å¾‹çš„èŠ‚æ‹é£æ ¼è¯´å”± (913/1170) has 96 songs.
INFO:[DataPipeline]:PlayList: [1558313851] ä¸ä¸€æ ·çš„æ—‹å¾‹&#32;æŠ’æƒ…è¯´å”±é†‰ä½ å¿ƒ (914/1170) has 10 songs.
INFO:[DataPipeline]:PlayList: [39656717] æ‰§å¿µéŸ³ç¬¦&#32;&#32;èœœç³–ç ’éœœ&#32;&#32;åè¯­è¯´å”± (915/1170) has 9 songs.
INFO:[DataPipeline]:PlayList: [5497657296] é‡åˆ°å…¬é¸­ä¹‹å‰ï¼Œæˆ‘ä¸å¬è¯´å”± (916/1170) has 5 songs.
INFO:[DataPipeline]:PlayList: [2332347032] é‚£äº›è¥¿å²¸è¯´å”±ä¸­æŠ’æƒ…ä¸èŠ‚å¥çš„ç¢°æ’ (917/1170) has 20 songs.
INFO:[DataPipeline]:PlayList: [1741794974] æ¬§ç¾å˜»å“ˆï¼Œæ¥è‡ªè¯´å”±å·¨åŒ çš„æ°ä½œ (918/1170) has 20 songs.
INFO:[DataPipeline]:PlayList: [2372395530] hiphopä¸æ­¢è¯´å”±ï¼Œåˆ«å¿˜äº†è¿˜æœ‰è¡—èˆ (919/1170) has 247 songs.
INFO:[DataPipeline]:Sleep for: 67
INFO:[DataPipeline]:PlayList: [19316538] å¥‡å¹»æ¼‚ç¬¦ä¸–ç•Œ&#32;R&#38;Bäº¤ç»‡è¯´å”±åŒ–æˆç»µ (920/1170) has 10 songs.
INFO:[DataPipeline]:PlayList: [1134027589] è·Ÿç€ä¸œå²¸è¯´å”±çš„èŠ‚å¥ (921/1170) has 18 songs.
INFO:[DataPipeline]:PlayList: [2653863289] å˜»å“ˆè¯´å”±ï¼Œä¼šè·³èˆçš„éŸ³ä¹ (922/1170) has 18 songs.
INFO:[DataPipeline]:PlayList: [2034414946] 90å¹´ä»£ç»å…¸è¯´å”±å•æ›²åˆé›† (923/1170) has 19 songs.
INFO:[DataPipeline]:PlayList: [2957412772] ã€Œè¯´å”±æ—¶é—´ã€å˜»å“ˆç²¾ç¥ï¼ŒçœŸå®ä¸”æœ‰åŠ› (924/1170) has 18 songs.
INFO:[DataPipeline]:PlayList: [2935336876] å¬å¤šä¹…éƒ½ä¸ä¼šè…»çš„è€æ´¾è¯´å”± (925/1170) has 20 songs.
INFO:[DataPipeline]:PlayList: [1165716932] ã€Œè¯´å”±æ‘‡æ»šã€åŒå€ç‡ƒæƒ…èŠ‚å¥ï¼Œè®©ä½ å—¨èµ·æ¥ (926/1170) has 26 songs.
INFO:[DataPipeline]:PlayList: [2914739078] é¦™æ¸¯è¯´å”±çš„é­…åŠ›ã€‚ (927/1170) has 49 songs.
INFO:[DataPipeline]:PlayList: [1718851080] æ¬§ç¾ï½œä¸æ ¼è±ç¾å¤±ä¹‹äº¤è‡‚çš„ç»å…¸è¯´å”± (928/1170) has 32 songs.
INFO:[DataPipeline]:PlayList: [4185891230] å–”åˆ‡è‰²ç‰¹ä¾¬äº†ï¼ä¸Šæµ·è¯è¯´å”±ç²¾é€‰ (929/1170) has 31 songs.
INFO:[DataPipeline]:Sleep for: 163
INFO:[DataPipeline]:PlayList: [2935336873] ä¹å¤©çš„è€æ´¾è¯´å”±ï¼Œæœ€å…·å¨±ä¹æ€§çš„RAP (930/1170) has 20 songs.
INFO:[DataPipeline]:PlayList: [2608177950] è¯´å”±æ°”åŠ¿åè¶³ï¼Œå‹ä½å…¨åœº (931/1170) has 57 songs.
INFO:[DataPipeline]:PlayList: [1703992787] é˜¿å§†ç»å…¸è¯´å”±ä½œå“é›† (932/1170) has 23 songs.
INFO:[DataPipeline]:PlayList: [2844826949] æ— é™å››è¯­ç§è¯´å”±éŸ³ä¹ (933/1170) has 22 songs.
INFO:[DataPipeline]:PlayList: [2935336030] æµè¡Œè¯´å”±ï¼Œä¸ä¸€æ ·çš„å¹²å‡€æ›²é£ (934/1170) has 20 songs.
INFO:[DataPipeline]:PlayList: [840816858] ä¸‡åƒå® çˆ±äºä¸€èº«ï¼ŒåŒªå¸®è¯´å”±çš„ä¼ å¥‡ (935/1170) has 19 songs.
INFO:[DataPipeline]:PlayList: [2631539478] ä¸­å¤–å¦ç±»è¯´å”±ä¹ (936/1170) has 18 songs.
INFO:[DataPipeline]:PlayList: [1784481800] ã€Œè’™å¤è¯´å”±ã€â€œäºšæ´²é»‘äººâ€çš„è‰åŸå‘³Hip&#45;Hop (937/1170) has 18 songs.
INFO:[DataPipeline]:PlayList: [3255855602] ã€æµè¡Œè¯´å”±ã€ä¸€ç§é€‚åˆç”µå°å¹¿æ’­çš„è¯´å”± (938/1170) has 18 songs.
INFO:[DataPipeline]:PlayList: [2203911576] æœ€å–œæ¬¢çš„åé¦–è¯´å”±ã€‚ (939/1170) has 10 songs.
INFO:[DataPipeline]:Sleep for: 150
INFO:[DataPipeline]:PlayList: [1319994531] ä¸–ç•Œçº§çš„è¯´å”±å¤©ç‹ï¼šåŸƒç±³çº³å§† (940/1170) has 52 songs.
INFO:[DataPipeline]:PlayList: [3228847423] ã€åŒªå¸®è¯´å”±ã€‘é«˜é€¼æ ¼çš„rap (941/1170) has 15 songs.
INFO:[DataPipeline]:PlayList: [3562760300] Gangsta&#32;Rapï¼šç²¾ç¥ä¸–ç•Œçš„å¼ºæ‚åŒªå¸®è¯´å”± (942/1170) has 25 songs.
INFO:[DataPipeline]:PlayList: [3480702313] è¿™äº›è¯´å”±æœ‰ç‚¹æ£’ï¼ (943/1170) has 11 songs.
INFO:[DataPipeline]:PlayList: [4182193175] 20ä½æ³•å›½è¯´å”±æ­Œæ‰‹ä»£è¡¨ä½œæ¨è (944/1170) has 40 songs.
INFO:[DataPipeline]:PlayList: [2667625171] ã€Œè‹±ä¼¦è¯´å”±ã€é‚£äº›ä¸€å¬å°±çˆ±ä¸Šçš„Rapper (945/1170) has 26 songs.
INFO:[DataPipeline]:PlayList: [1135718503] Japanese&#32;rap&#32;èªªå”±ã®å’Œé¢¨å®šé£Ÿ (946/1170) has 18 songs.
INFO:[DataPipeline]:PlayList: [1736173472] çº¯æ­£ç¾å›½å—éƒ¨è¯´å”±ï¼Œä¸€æ¬¡å¬çˆ½ (947/1170) has 21 songs.
INFO:[DataPipeline]:PlayList: [40399612] å†²å‡»è€³è†œçš„ç¡¬æ ¸è¯´å”± (948/1170) has 10 songs.
INFO:[DataPipeline]:PlayList: [1736173470] å˜»å“ˆçš„åèµ·ä¹‹ç§€ï¼Œå—éƒ¨è¯´å”± (949/1170) has 21 songs.
INFO:[DataPipeline]:Sleep for: 73
INFO:[DataPipeline]:PlayList: [1773649570] ç—å‘³åè¶³ï¼šå½“ä¸ç¾è¯´å”±å°‘å¹´é‡è§ä¹¡æ‘ä¹ï¼ (950/1170) has 41 songs.
INFO:[DataPipeline]:PlayList: [2332457856] è¥¿å²¸è¯´å”±åˆ›ä½œäººDr&#46;&#32;Dre (951/1170) has 30 songs.
INFO:[DataPipeline]:PlayList: [1159621937] æ²¦é™·äºå†²å‡»è€³è†œçš„å¼ºåŠ¿è¯´å”± (952/1170) has 18 songs.
INFO:[DataPipeline]:PlayList: [2207969831] è¯´å”±ä¹Ÿæ˜¯ç§é£æ ¼ (953/1170) has 12 songs.
INFO:[DataPipeline]:PlayList: [2638714131] 80s&#124;æ¸è¡Œæ¸è¿œçš„Old&#32;Schooldè¯´å”±ä¹ (954/1170) has 19 songs.
INFO:[DataPipeline]:PlayList: [2935336872] å˜»å“ˆçš„å¥ åŸºï¼Œä¸­è§„ä¸­çŸ©çš„è€æ´¾è¯´å”± (955/1170) has 20 songs.
INFO:[DataPipeline]:PlayList: [2677157883] å°åŒ—å¤œå¸‚æ¸¸ï¼Œæ¥ä¸€é¦–åœ°é“çš„å°æ¹¾è¯´å”± (956/1170) has 18 songs.
INFO:[DataPipeline]:PlayList: [2781911224] è¯´å”±è¾‘æˆ‘çš„éŸ³ä¹æˆ‘å¿«ä¹ (957/1170) has 12 songs.
INFO:[DataPipeline]:PlayList: [1589942551] è¯´å”±ä¹‹ç‹ç¼”é€ å†å²çºªå½• (958/1170) has 10 songs.
INFO:[DataPipeline]:PlayList: [3276530500] æ—¥ç³»è¯´å”±&#32;&#124;&#32;èåœ¨é¡¶çº§æ—¥æ–™é‡Œã®éŸ³ä¹å“å‘³ (959/1170) has 202 songs.
INFO:[DataPipeline]:Sleep for: 144
INFO:[DataPipeline]:PlayList: [1558313363] éŸ©å›½ä¸»æµä¹&#32;é‚£äº›é†‰äººå¿ƒå¼¦çš„å¿§ä¼¤è¯´å”± (960/1170) has 12 songs.
INFO:[DataPipeline]:PlayList: [2332373644] è¥¿å²¸è¯´å”±æ­Œæ‰‹ç²¾é€‰ (961/1170) has 29 songs.
INFO:[DataPipeline]:PlayList: [2631771679] å¥³å£°å¦ç±»è¯´å”±ç²¾é€‰ (962/1170) has 18 songs.
INFO:[DataPipeline]:PlayList: [1134029513] ä¸œå²¸è¯´å”±ï¼Œè®©ä½ çš„å˜´å”‡è·³èµ·èˆ (963/1170) has 18 songs.
INFO:[DataPipeline]:PlayList: [3233507868] æœ€ç‹¬ç‰¹çš„è¯´å”±ä½“ç³»ï¼Œæ¥è‡ªç¾å›½è¥¿å²¸ (964/1170) has 21 songs.
INFO:[DataPipeline]:PlayList: [30575193] ä¼˜ç¾æ—‹å¾‹æ—¥å¼è¯´å”±æ›² (965/1170) has 10 songs.
INFO:[DataPipeline]:PlayList: [3812396631] ã€æŠ½è±¡è¯´å”±ã€‘ç¥ç§˜è¯¡å¼‚&#32;å¦ç±»å˜»å“ˆ (966/1170) has 25 songs.
INFO:[DataPipeline]:PlayList: [2660360976] ç”¨è¯´å”±ä¹è¯‰è¯´å†…å¿ƒçš„æƒ…æ„Ÿ (967/1170) has 18 songs.
INFO:[DataPipeline]:PlayList: [2070184979] ã€ŒChopã€å¿«é€Ÿè¯´å”±&#32;å˜´ç‚®æ¨¡å¼å¼€å¯ (968/1170) has 18 songs.
INFO:[DataPipeline]:PlayList: [2632211393] è¿™äº›å˜»å“ˆå¾ˆå¦ç±»ï¼ˆå¦ç±»è¯´å”±ï¼‰ (969/1170) has 18 songs.
INFO:[DataPipeline]:Sleep for: 162
INFO:[DataPipeline]:PlayList: [810364474] è¯´å”±Â·ä¸­å›½åˆ¶é€ &#32;ä¸æ­¢äºç‡¥ (970/1170) has 137 songs.
INFO:[DataPipeline]:PlayList: [3394891777] å›½è¯­è¯´å”±&#32;è®©é’æ˜¥æ”¾è¡ä¸ç¾ (971/1170) has 15 songs.
INFO:[DataPipeline]:PlayList: [1769945397] freestyle&#32;beat&#32;è¯´å”±battleä¼´å¥ (972/1170) has 374 songs.
INFO:[DataPipeline]:PlayList: [3537478726] å—¯ï¼è¿™ä¸ªè¯´å”±é‡‘å±æ„Ÿè§‰æœ‰ç‚¹æ„¤æ€’ (973/1170) has 18 songs.
INFO:[DataPipeline]:PlayList: [1741794976] æ–°æ´¾è¯´å”±ä¼˜ç§€ä½œå“ï¼Œç»å¯¹å€¼å¾—ä¸€å¬ (974/1170) has 19 songs.
INFO:[DataPipeline]:PlayList: [2915837078] å¥³å£°è¯´å”±ï¼Œè‡ªæœ‰ä¸€ç§è…”è°ƒ (975/1170) has 22 songs.
INFO:[DataPipeline]:PlayList: [3233507869] è¥¿å²¸è¯´å”±&#32;/&#32;æœ€è‡ªæˆ‘çš„å˜»å“ˆåŸºå›  (976/1170) has 20 songs.
INFO:[DataPipeline]:PlayList: [4174851471] è¿™ä¸ªå¤å¤œæ¥ç‚¹ä¹¡æ‘è¯´å”±ï¼Ÿ (977/1170) has 21 songs.
INFO:[DataPipeline]:PlayList: [3537484345] æ¥è‡ªç¾å›½çš„åœ°ä¸‹è¯´å”±ç‹è€… (978/1170) has 20 songs.
INFO:[DataPipeline]:PlayList: [2965859514] ä¸œæµ·å²¸å˜»å“ˆï¼Œè†å¬è¯´å”±è‰ºæœ¯ (979/1170) has 18 songs.
INFO:[DataPipeline]:Sleep for: 115
INFO:[DataPipeline]:PlayList: [840816857] åŒªå¸®è¯´å”±ï¼Œæœ€æœ‰å•†ä¸šä»·å€¼çš„å˜»å“ˆé£æ ¼ (980/1170) has 19 songs.
INFO:[DataPipeline]:PlayList: [2633114552] å¦ç±»è¯´å”±ï¼šæ‹’ç»é™„å’Œä¼ ç»Ÿè€å¥—çš„æ–°å¼è¯´å”± (981/1170) has 18 songs.
INFO:[DataPipeline]:PlayList: [1289432294] æ— è°“æ°”åŠ¿&#32;è¯´å”±ç»å…¸ (982/1170) has 10 songs.
INFO:[DataPipeline]:PlayList: [4093392068] ã€Urban&#45;Pacifikaã€‘å£°å­¦ä¹å™¨çš„è¯´å”±é£æ ¼ (983/1170) has 20 songs.
INFO:[DataPipeline]:PlayList: [30592371] ä¸­æ–‡è¯´å”±&#32;é‡æ„ŸæŠ’æƒ…&#32;ä¹è¯­å¿ƒå£° (984/1170) has 10 songs.
INFO:[DataPipeline]:PlayList: [40216793] éŸ©å›½ä¸»æµä¹&#32;é‚£äº›é†‰äººå¿ƒå¼¦çš„å¿§ä¼¤è¯´å”± (985/1170) has 12 songs.
INFO:[DataPipeline]:PlayList: [2631663565] è‹±æ–‡å¦ç±»è¯´å”±éŸ³ä¹ (986/1170) has 18 songs.
INFO:[DataPipeline]:PlayList: [1736173471] å¤§çº¢å¤§ç´«çš„å—éƒ¨è¯´å”± (987/1170) has 21 songs.
INFO:[DataPipeline]:PlayList: [2668916498] æ¬§ç¾è¯´å”±é‡Œçš„ä¸­å›½é£ï¼Œåˆ›æ„åè¶³ (988/1170) has 18 songs.
INFO:[DataPipeline]:PlayList: [1104031230] ä½ æ²¡å¬è¿‡çš„æ¬§ç¾è¯´å”±ã€‚ (989/1170) has 15 songs.
INFO:[DataPipeline]:Sleep for: 94
INFO:[DataPipeline]:PlayList: [2058003342] äº‘é›¾è¯´å”±ï¼Œå¦‚åœ¨ç¼¥ç¼ˆäº‘ç«¯ (990/1170) has 18 songs.
INFO:[DataPipeline]:PlayList: [2935336870] å˜»å“ˆçš„å…´èµ·ï¼Œè€æ´¾è¯´å”±çš„å¯è’™ (991/1170) has 20 songs.
INFO:[DataPipeline]:PlayList: [3571848987] hiphop&#32;&#32;&#32;å˜»å“ˆ&#32;&#32;&#32;è¯´å”± (992/1170) has 230 songs.
INFO:[DataPipeline]:PlayList: [1133924685] ä¸œå²¸è¯´å”±&#124;ä»Šå¤©æˆ‘ä»¬å°±è¦å˜»å“ˆ (993/1170) has 18 songs.
INFO:[DataPipeline]:PlayList: [40371612] å”±å‡ºæ€åº¦çš„ä¸­è¥¿éƒ¨è¯´å”± (994/1170) has 10 songs.
INFO:[DataPipeline]:PlayList: [1711274618] æŠ±æ€¨çš„è‰ºæœ¯ä¸¨è¯´å”± (995/1170) has 40 songs.
INFO:[DataPipeline]:PlayList: [4226124645] ã€ä¸­è¥¿éƒ¨è¯´å”±ã€‘è¶…å¿«æ—‹å¾‹çˆ†ç‚¸Flow (996/1170) has 20 songs.
INFO:[DataPipeline]:PlayList: [20374559] ä¸­å›½é£æ ¼&#32;&#32;ä¸­å›½èŠ‚å¥&#32;&#32;ä¸­å›½è¯´å”± (997/1170) has 7 songs.
INFO:[DataPipeline]:PlayList: [1133926106] ä¸œå²¸è¯´å”±äºŒäººç»„ (998/1170) has 18 songs.
INFO:[DataPipeline]:PlayList: [2912716280] æ„Ÿå—è¯´å”±æ— ä¸ä¼¦æ¯”çš„é­…åŠ› (999/1170) has 40 songs.
INFO:[DataPipeline]:Sleep for: 140
INFO:[DataPipeline]:PlayList: [839399210] ç¾å›½è¯´å”±é‡‘å±å…ˆé©±Â·Stuck&#32;Mojo (1000/1170) has 18 songs.
INFO:[DataPipeline]:PlayList: [3537478794] æè‡´åˆ°ç–¯ç‹‚çš„è¯´å”±é‡‘å± (1001/1170) has 18 songs.
INFO:[DataPipeline]:PlayList: [1466551786] æµ·å°”å…„å¼Ÿå’Œè¯´å”±ä¼šé¦† (1002/1170) has 141 songs.
INFO:[DataPipeline]:PlayList: [1162027784] å¤æ—¥æ¶ˆæš‘ï¼Œäº«å—ä¸€ç¾¤äººçš„è¯´å”±æ—¶åˆ» (1003/1170) has 18 songs.
INFO:[DataPipeline]:PlayList: [39225978] é¦™æ¸¯ä¹å›è¯´å”±ç²¾é€‰ (1004/1170) has 16 songs.
INFO:[DataPipeline]:PlayList: [1135217223] é‚£äº›èƒ½è®©å¿ƒçµå¾—ä»¥é‡Šæ”¾çš„å¾·è¯­è¯´å”±æ­Œæ›² (1005/1170) has 18 songs.
INFO:[DataPipeline]:PlayList: [3255846147] ã€è¯´å”±ä¹ã€‘æ„Ÿå—2016å¹´çš„å˜»å“ˆèŠ‚å¥ (1006/1170) has 18 songs.
INFO:[DataPipeline]:PlayList: [2633955624] ä¸å¾—ä¸å¬çš„å¦ç±»è¯´å”± (1007/1170) has 19 songs.
INFO:[DataPipeline]:PlayList: [40311793] ä¸ä¸€æ ·çš„æ—‹å¾‹&#32;æŠ’æƒ…è¯´å”±é†‰ä½ å¿ƒ (1008/1170) has 10 songs.
INFO:[DataPipeline]:PlayList: [4180860129] æš´å¾’ç”Ÿæ¶¯ï¼Œå¢¨è¥¿å“¥åŒªå¸®è¯´å”± (1009/1170) has 17 songs.
INFO:[DataPipeline]:Sleep for: 116
INFO:[DataPipeline]:PlayList: [3530925750] åŒªå¸®æ”¾å…‹&#32;&#32;å±äº90å¹´ä»£çš„è¥¿æµ·å²¸è¯´å”± (1010/1170) has 33 songs.
INFO:[DataPipeline]:PlayList: [29093488] è¯´å”±ä¹‹éŸ³&#32;&#32;å·…å³°è‡³æ (1011/1170) has 8 songs.
INFO:[DataPipeline]:PlayList: [3537478759] é—¹é†’ä½ è€³æœµçš„è¯´å”±é‡‘å± (1012/1170) has 18 songs.
INFO:[DataPipeline]:PlayList: [2339135643] 2016å¹´æ–°è¯ç”Ÿçš„éŸ©è¯­è¯´å”±æ­Œæ›² (1013/1170) has 20 songs.
INFO:[DataPipeline]:PlayList: [1986047281] å˜»å“ˆï¼Œé¥¶èˆŒï¼Œä¸­å›½æ–°è¯´å”±skr&#32;&#126;skr&#32;&#126; (1014/1170) has 893 songs.
INFO:[DataPipeline]:PlayList: [840816855] å›æœ›å¼€æ‹“è€…ï¼ŒåŒªå¸®è¯´å”±åˆ›å§‹äºº (1015/1170) has 20 songs.
INFO:[DataPipeline]:PlayList: [2668913582] ã€Œå—éƒ¨è¯´å”±ã€è‡ªåœ¨æ´’è„±çš„çœŸæˆ‘ä¸ªæ€§ (1016/1170) has 20 songs.
INFO:[DataPipeline]:PlayList: [31425227] è½¦è½½æœ€ç«è¯´å”± (1017/1170) has 10 songs.
INFO:[DataPipeline]:PlayList: [3523573023] 90å¹´ä»£è¥¿æµ·å²¸è¯´å”±åˆè¾‘ (1018/1170) has 18 songs.
INFO:[DataPipeline]:PlayList: [20465585] ç¨€æœ‰éŸ©ç³»è¯´å”± (1019/1170) has 8 songs.
INFO:[DataPipeline]:Sleep for: 89
INFO:[DataPipeline]:PlayList: [3545223549] æ³•è¯­è¯´å”±ï¼Œæ¯ä¸€é¦–éƒ½æœ‰æ€åº¦ (1020/1170) has 18 songs.
INFO:[DataPipeline]:PlayList: [40317612] æœ€çƒ­è¡€çš„è¥¿æµ·å²¸è¯´å”± (1021/1170) has 10 songs.
INFO:[DataPipeline]:PlayList: [1596671628] åè¯­è¯´å”±é‡‘æ›² (1022/1170) has 40 songs.
INFO:[DataPipeline]:PlayList: [5100345505] åè¯­è¯´å”±ï½œéœ¸æ°”çƒ­è¡€æ˜¯ä»–ï¼Œæ·±æƒ…æ¸©æŸ”ä¹Ÿæ˜¯ä»– (1023/1170) has 20 songs.
INFO:[DataPipeline]:PlayList: [4187518720] è¿·å¹»æ°›å›´çš„å¾‹åŠ¨æ‹‰ä¸è¯´å”± (1024/1170) has 20 songs.
INFO:[DataPipeline]:PlayList: [2652387372] éŸ©å›½è¯´å”±ï¼šikonä¹Ÿå¯ä»¥æ¸©æŸ” (1025/1170) has 24 songs.
INFO:[DataPipeline]:PlayList: [2355025630] Gangsterâ€²s&#32;RAP&#32;é»‘å¸®è¯´å”± (1026/1170) has 42 songs.
INFO:[DataPipeline]:PlayList: [3538102917] 2016å¹´é‚£äº›å”±èµ·æ¥å¾ˆé…·çš„æ³•è¯­è¯´å”± (1027/1170) has 18 songs.
INFO:[DataPipeline]:PlayList: [1203400090] å‘¨æ°ä¼¦è¯´å”± (1028/1170) has 60 songs.
INFO:[DataPipeline]:PlayList: [1781636005] ä¸ä¸ºäººçŸ¥çš„åœ°ä¸‹è¯´å”± (1029/1170) has 68 songs.
INFO:[DataPipeline]:Sleep for: 126
INFO:[DataPipeline]:PlayList: [3538049266] 2011æ¬§ç¾å˜»å“ˆè¯´å”±ç²¾é€‰ (1030/1170) has 18 songs.
INFO:[DataPipeline]:PlayList: [2320607088] è‡ªç”±çš„è¯´å”±ï¼Œç”Ÿå‘½çš„èŠ‚å¥ (1031/1170) has 36 songs.
INFO:[DataPipeline]:PlayList: [6208450110] æƒ…æ­ŒæŠ’æƒ…è¯´å”±ä¼´å¥rap&#32;beats (1032/1170) has 146 songs.
INFO:[DataPipeline]:PlayList: [1664885438] ç”¨å¿ƒæ„Ÿå—çš„çµé­‚è¯´å”± (1033/1170) has 14 songs.
INFO:[DataPipeline]:PlayList: [1324835283] è¿˜æ˜¯ä½ ä»¬ç†Ÿæ‚‰çš„è¯´å”± (1034/1170) has 15 songs.
INFO:[DataPipeline]:PlayList: [2067205652] ã€Œæ–°ç–†ç»´è¯­è¯´å”±ã€å¦ä¸€ç§å˜»å“ˆé£ (1035/1170) has 68 songs.
INFO:[DataPipeline]:PlayList: [3234772422] å°è¨€å¾·è¯­&#32;è¯´å”±æœ‰æ¯’ (1036/1170) has 18 songs.
INFO:[DataPipeline]:PlayList: [2935323455] æ„Ÿå—è¯´å”±é‡‘å±çš„æè‡´é­…åŠ› (1037/1170) has 18 songs.
INFO:[DataPipeline]:PlayList: [3280652742] ã€Œä¸­å›½æ–°è¯´å”±ã€å¸¦ä½ é£šé«˜é€Ÿæ ¹æœ¬åˆ¹ä¸ä½ (1038/1170) has 81 songs.
INFO:[DataPipeline]:PlayList: [21264930] èŠ‚å¥è‡³ä¸Š&#32;&#32;å˜»å“ˆè¯´å”± (1039/1170) has 6 songs.
INFO:[DataPipeline]:Sleep for: 96
INFO:[DataPipeline]:PlayList: [2341439130] æ¬§ç¾æµè¡Œ&#38;ç”µéŸ³&#38;è¯´å”± (1040/1170) has 131 songs.
INFO:[DataPipeline]:PlayList: [1296830812] é†‰çˆ±è¯´å”± (1041/1170) has 17 songs.
INFO:[DataPipeline]:PlayList: [2968769205] ã€ŒUG&#32;Rapã€çºµè§‚ç»´å¾å°”è¯­è¯´å”±é£æ½® (1042/1170) has 126 songs.
INFO:[DataPipeline]:PlayList: [1142589866] ç‰›ä»”ä¹Ÿæ˜¯å¥½rapperï¼ä¹¡æ‘è¯´å”±éŸ³ä¹ç²¾é€‰ (1043/1170) has 33 songs.
INFO:[DataPipeline]:PlayList: [2881662191] BPM180çš„è¶…é€Ÿè¯´å”± (1044/1170) has 16 songs.
INFO:[DataPipeline]:PlayList: [40335612] æ¿€å‘æˆ˜æ–—åŠ›çš„è¯´å”±æ­Œæ›² (1045/1170) has 8 songs.
INFO:[DataPipeline]:PlayList: [4052276748] å·¥ä¸šèŠ‚å¥é£æ ¼çš„è¯´å”±å˜»å“ˆ (1046/1170) has 30 songs.
INFO:[DataPipeline]:PlayList: [4120405652] åŸåŠ›è®¡åˆ’&#32;&#124;&#32;æ–°å£°ä¸æ¯çš„å›½äº§è¯´å”± (1047/1170) has 26 songs.
INFO:[DataPipeline]:PlayList: [1084412768] æ½®æµæ¬§ç¾è¯´å”±ï¼Œå—¨èµ·æ¥ï¼ (1048/1170) has 39 songs.
INFO:[DataPipeline]:PlayList: [4093671577] ä¸­å›½æ–°è¯´å”±ï½œæ–°å‡ºç‚‰å…¥å›´é€‰æ‰‹åå• (1049/1170) has 58 songs.
INFO:[DataPipeline]:Sleep for: 125
INFO:[DataPipeline]:PlayList: [3178836442] é‚£äº›ä¸å¯é”™è¿‡çš„æ¬§ç¾ç»å…¸è¯´å”± (1050/1170) has 34 songs.
INFO:[DataPipeline]:PlayList: [3234772424] å¾·å›½è¯´å”±ç•Œæœ€ç‚™æ‰‹å¯çƒ­çš„æ–°äºº&#32;Cro (1051/1170) has 18 songs.
INFO:[DataPipeline]:PlayList: [1159029576] å½“èŠ¬å…°è¯­ä¸è¯´å”±ä¹åœ¨è½¬è§’ç›¸é‡ (1052/1170) has 18 songs.
INFO:[DataPipeline]:PlayList: [41603653] æ•…äº‹ä¿æŒä¸å˜&#32;&#32;ä¾ç„¶åšæŒæ´»ç€&#32;é¥¶èˆŒè¯´å”± (1053/1170) has 9 songs.
INFO:[DataPipeline]:PlayList: [4620813035] å§†çˆ·ç²¾é€‰è¯´å”± (1054/1170) has 118 songs.
INFO:[DataPipeline]:PlayList: [749292020] å¾®èƒ–å¥³ç¥&#126;&#32;&#32;&#32;&#32;&#32;90åç©å‘³è¯´å”±ç»„åˆ&#126; (1055/1170) has 17 songs.
INFO:[DataPipeline]:PlayList: [1920384877] æ¬§ç¾è¯´å”±åˆé›† (1056/1170) has 807 songs.
INFO:[DataPipeline]:PlayList: [2979284458] 2018æŠ–éŸ³è¯´å”±æµè¡Œ (1057/1170) has 134 songs.
INFO:[DataPipeline]:PlayList: [1629931036] è¯´å”±&#46;ç”µéŸ³&#32;vo&#46;1 (1058/1170) has 16 songs.
INFO:[DataPipeline]:PlayList: [3487316697] å½“ä¸­å›½é£é‡ä¸Šè¯´å”± (1059/1170) has 35 songs.
INFO:[DataPipeline]:Sleep for: 86
INFO:[DataPipeline]:PlayList: [3710208740] è¯´å”±ä¼´å¥Instrumentalï¼ˆRap&#32;beatï¼‰ (1060/1170) has 357 songs.
INFO:[DataPipeline]:PlayList: [38966774] ä¸­å›½è¯´å”±&#32;RAP (1061/1170) has 31 songs.
INFO:[DataPipeline]:PlayList: [2073362364] æœ€çˆ±çš„è¯´å”± (1062/1170) has 634 songs.
INFO:[DataPipeline]:PlayList: [2332629009] è¥¿å²¸è¯´å”±&#32;&#124;&#32;æ…¢è·‘å¿…å¤‡èŠ‚å¥è¯´å”± (1063/1170) has 20 songs.
INFO:[DataPipeline]:PlayList: [1699068708] ç”¨å¿ƒè†å¬&#32;å¤–æ–‡è¯´å”± (1064/1170) has 26 songs.
INFO:[DataPipeline]:PlayList: [3565997069] å¸¦æ„Ÿçš„æ¬§ç¾é»‘äººè¯´å”± (1065/1170) has 79 songs.
INFO:[DataPipeline]:PlayList: [4192257585] &#32;&#32;è¯´å”±&#32;æµè¡Œ&#32;æ°‘è°£&#32;ç”µéŸ³ (1066/1170) has 287 songs.
INFO:[DataPipeline]:PlayList: [4225670457] åŸºç£æ•™è¯´å”±ï½œè¢«ä¸Šå¸ä¿ä½‘çš„å˜»å“ˆå­æ°‘ (1067/1170) has 10 songs.
INFO:[DataPipeline]:PlayList: [2333075771] éŸ©å›½ç”·å›¢ç»å…¸è¯´å”±åˆè¾‘ (1068/1170) has 27 songs.
INFO:[DataPipeline]:PlayList: [3261939771] éœ‡æ’¼å¿ƒçµçš„å˜»å“ˆéŸ³ä¹/è¯´å”±hiphopæ­Œå• (1069/1170) has 109 songs.
INFO:[DataPipeline]:Sleep for: 169
INFO:[DataPipeline]:PlayList: [2372393589] ã€Œå¸¦æ„Ÿå¼‚åŸŸé£ã€ä¸ä¸€æ ·çš„ç»´è¯­è¯´å”± (1070/1170) has 69 songs.
INFO:[DataPipeline]:PlayList: [20098860] äº‘ç«¯å¤©ç±&#32;èŠ‚å¥æ—¥éŸ©&#32;è½»å¿«è¯´å”± (1071/1170) has 11 songs.
INFO:[DataPipeline]:PlayList: [1584999153] 1992&#46;å°‘å„¿è¯´å”±ç»„åˆå¤ºå†  (1072/1170) has 10 songs.
INFO:[DataPipeline]:PlayList: [3231295430] ã€è€æ´¾è¯´å”±ã€‘å°±æ˜¯è¿™ä¹ˆå¸¦æ„Ÿï¼ (1073/1170) has 18 songs.
INFO:[DataPipeline]:PlayList: [29131412] é»‘å¸®è¯´å”±ä¸Šæ¼”å…¨èˆè¡Œ&#32;æš´åŠ›æƒ…äººèŠ‚ (1074/1170) has 8 songs.
INFO:[DataPipeline]:PlayList: [2945413620] å…¨æ˜¯999&#43;&#43;çš„è¯´å”±æ­Œæ›²ï¼šä½ æœ‰ä»€ä¹ˆç†ç”±ä¸ç‚¹å¼€ (1075/1170) has 29 songs.
INFO:[DataPipeline]:PlayList: [1470848979] æ–°è¯´å”±åˆæ¥äº†&#46;ä»Šå¹´çš„punchlineä½ getåˆ°äº†å— (1076/1170) has 402 songs.
INFO:[DataPipeline]:PlayList: [3205031536] è¯´å”±ç»å…¸æ€»èƒ½è®©ä½ è·Ÿç€high (1077/1170) has 43 songs.
INFO:[DataPipeline]:PlayList: [3528889608] é¾™äº•è¯´å”±çš„æƒ…è°Š (1078/1170) has 49 songs.
INFO:[DataPipeline]:PlayList: [2935943000] è¯´å”±2011Â·è‡ªç”±çš„çµé­‚æœ‰é¢—å‹‡æ•¢çš„å¿ƒ (1079/1170) has 18 songs.
INFO:[DataPipeline]:Sleep for: 153
INFO:[DataPipeline]:PlayList: [2619882817] 2018å¹´æµè¡ŒéŸ³ä¹ï¼ŒDJï¼Œè¯´å”± (1080/1170) has 589 songs.
INFO:[DataPipeline]:PlayList: [1770622386] ä¸­æ–‡è¯´å”±ä¹Ÿèƒ½å¦‚æ­¤åŠ¨å¬ (1081/1170) has 96 songs.
INFO:[DataPipeline]:PlayList: [29910088] ä¸ªæ€§é£æ ¼è¯´å”± (1082/1170) has 10 songs.
INFO:[DataPipeline]:PlayList: [2752724486] é‚£äº›å¹´çš„è¯´å”± (1083/1170) has 211 songs.
INFO:[DataPipeline]:PlayList: [3144620065] è®©æˆ‘è‡£æœæ— æ³•è‡ªæ‹”çš„è¯´å”± (1084/1170) has 27 songs.
INFO:[DataPipeline]:PlayList: [2052431101] è¯´å”±è¿›åŒ–å²å…¨çƒå„åœ°å˜»å“ˆå¤©ç‹ä½œå“é›† (1085/1170) has 364 songs.
INFO:[DataPipeline]:PlayList: [41606653] å½ªæ‚éšé€€&#32;å®Œç¾è°¢å¹•&#32;å˜»å“ˆè¯´å”± (1086/1170) has 9 songs.
INFO:[DataPipeline]:PlayList: [4222161272] ã€Šä¸­å›½æ–°è¯´å”±ã€‹å…¨è¾‘&#32;è®©ä½ å¬ä¸ªå¤Ÿ (1087/1170) has 143 songs.
INFO:[DataPipeline]:PlayList: [2629404638] é‚£äº›æŠ¨å‡»ä½ å†…å¿ƒçš„è¯´å”±ã€‚ (1088/1170) has 251 songs.
INFO:[DataPipeline]:PlayList: [28955888] å®Œç¾ä¼˜è´¨éŸ©æ–‡è¯´å”± (1089/1170) has 19 songs.
INFO:[DataPipeline]:Sleep for: 135
INFO:[DataPipeline]:PlayList: [1469465718] å‘¨æ°ä¼¦è¯´å”±ç‹‚æ‹½é…·ç‚« (1090/1170) has 28 songs.
INFO:[DataPipeline]:PlayList: [40406793] è¶…å¼ºè¯´å”±&#32;æ‘‡å‡ºä½ çš„å˜»å“ˆèŒƒå„¿ (1091/1170) has 10 songs.
INFO:[DataPipeline]:PlayList: [3544079997] HIPHOPğŸ¤˜ (1092/1170) has 546 songs.
INFO:[DataPipeline]:PlayList: [2672976550] è¿™äº›è¯´å”±Made&#32;in&#32;China (1093/1170) has 384 songs.
INFO:[DataPipeline]:PlayList: [2333060225] ä¸å¯é”™è¿‡çš„ç»ç¾ç”·å¥³æ··æ­è¯´å”± (1094/1170) has 23 songs.
INFO:[DataPipeline]:PlayList: [867077500] ã€Œå˜»å“ˆã€ä¸­å›½æ–°è¯´å”±ï¼Œä¸­å›½çš„å˜»å“ˆ (1095/1170) has 174 songs.
INFO:[DataPipeline]:PlayList: [3232619153] è‹±è¯­è¯´å”±ä¹Ÿå¾ˆæŠ’æƒ…ï¼Œå‰¯æ­Œä¹Ÿç¾ (1096/1170) has 199 songs.
INFO:[DataPipeline]:PlayList: [2961817656] éŸ©è¯­&#32;&#124;&#32;æ··åˆrapä¼¤æ„Ÿæ›²å­ã€ç”·å¥³è¯´å”±åˆé›† (1097/1170) has 455 songs.
INFO:[DataPipeline]:PlayList: [3266689955] ä¸­å›½å¿ƒè¯´å”± (1098/1170) has 16 songs.
INFO:[DataPipeline]:PlayList: [3228836723] ã€è€æ´¾è¯´å”±ã€‘è¯´å”±ç•Œçš„ç»å…¸ä½œå“ (1099/1170) has 18 songs.
INFO:[DataPipeline]:Sleep for: 76
INFO:[DataPipeline]:PlayList: [3486603075] å¤§åŠè¯´å”±ï¼Œå°åŠæœ‹å…‹ï¼Œå†å°åŠæµè¡Œ (1100/1170) has 29 songs.
INFO:[DataPipeline]:PlayList: [40319612] æœ€è®©äººæ”¾æ¾çš„åˆ«æ ·è¯´å”± (1101/1170) has 10 songs.
INFO:[DataPipeline]:PlayList: [1165588845] æŠ–è…¿åœä¸ä¸‹æ¥çš„ä¸­æ–‡è¯´å”± (1102/1170) has 28 songs.
INFO:[DataPipeline]:PlayList: [40108702] è¯ é‡ŠéŸ©æ–‡è¯´å”±&#32;&#32;ç»§ç»­è·Ÿç´§æ½®æµæ­¥ä¼ (1103/1170) has 10 songs.
INFO:[DataPipeline]:PlayList: [3188028727] MCä¼¤æ„Ÿè¯´å”± (1104/1170) has 357 songs.
INFO:[DataPipeline]:PlayList: [2631413779] è¯´å”±ä¸­èµ›è·‘ (1105/1170) has 18 songs.
INFO:[DataPipeline]:PlayList: [3228828655] ã€è€æ´¾è¯´å”±ã€‘ç»å…¸é¥¶èˆŒéŸ³ä¹ (1106/1170) has 18 songs.
INFO:[DataPipeline]:PlayList: [3270214207] super&#32;è¯´å”± (1107/1170) has 104 songs.
INFO:[DataPipeline]:PlayList: [2351254630] ä½è°ƒç»„åˆå˜»å“ˆè¯´å”± (1108/1170) has 24 songs.
INFO:[DataPipeline]:PlayList: [2927603908] è‹±è¯­é»‘å¸®ç¡¬æ ¸è¯´å”±ç²¾é€‰ (1109/1170) has 113 songs.
INFO:[DataPipeline]:Sleep for: 73
INFO:[DataPipeline]:PlayList: [3574406063] è¯´å”±Hip&#45;hop&#124;ä¸­ç¾éŸ©å„å›½ç²¾å“è¯´å”±éŸ³ä¹ (1110/1170) has 631 songs.
INFO:[DataPipeline]:PlayList: [1732445121] ã€Œæœ€å¼ºæ¬§ç¾è¯´å”±ã€è®©è€³è†œä¸åœ¨å¯‚å¯ (1111/1170) has 146 songs.
INFO:[DataPipeline]:PlayList: [2677626502] hiphopå³å…´è¯´å”±ä¼´å¥ (1112/1170) has 63 songs.
INFO:[DataPipeline]:PlayList: [2332589427] æ‹çˆ±çš„äººçš„é‚£ç‚¹å°å¿ƒæ€ï¼Œè¯´å”±çŸ¥é“ (1113/1170) has 23 songs.
INFO:[DataPipeline]:PlayList: [2892177653] æ²¡å®Œæ²¡äº†çš„æŠ±æ€¨â€”â€”è¯´å”±é›† (1114/1170) has 23 songs.
INFO:[DataPipeline]:PlayList: [872029319] ã€è¯´å”±ã€‘&#32;&#32;&#32;&#32;&#32;&#32;å¯ä»¥ç”¨å¿ƒå¬ä¸€é¦–è¯´å”±å˜› (1115/1170) has 319 songs.
INFO:[DataPipeline]:PlayList: [2632434210] æˆ‘çš„è¯´å”±å¾ˆå¦ç±»ï¼ˆå¦ç±»è¯´å”±ï¼‰ (1116/1170) has 18 songs.
INFO:[DataPipeline]:PlayList: [1231887540] ç½‘ç»œä¼¤æ„Ÿè¯´å”± (1117/1170) has 100 songs.
INFO:[DataPipeline]:PlayList: [1875830155] éŸ³æ¨‚&#45;è¯´å”±ã€Šç»¼åˆç³»åˆ—ã€‹ (1118/1170) has 23 songs.
INFO:[DataPipeline]:PlayList: [30077459] å®Œç¾è¯´å”±&#32;&#32;ç«–ç«‹è€³ç•”&#32;&#32;åªä¸ºä¸€äººçŒ® (1119/1170) has 11 songs.
INFO:[DataPipeline]:Sleep for: 107
INFO:[DataPipeline]:PlayList: [1463998551] ä¸­æ–‡R&#38;B&#32;å˜»å“ˆ&#32;æ”¯æŒå›½è¯­è¯´å”±&#32; (1120/1170) has 54 songs.
INFO:[DataPipeline]:PlayList: [28436371] æ¢¦å¹»è¯´å”±&#32;çº¯ç¾è‡³ä¸Š&#32;å¤–æ–‡è¾‘ (1121/1170) has 6 songs.
INFO:[DataPipeline]:PlayList: [2880093037] ä¼˜è´¨è‹±æ–‡è¯´å”± (1122/1170) has 145 songs.
INFO:[DataPipeline]:PlayList: [26352371] å‘¢å–ƒéŸ³ç¬¦&#32;æŒ‡å°–åˆ’è½&#32;å¿§ä¼¤è¯´å”± (1123/1170) has 6 songs.
INFO:[DataPipeline]:PlayList: [3263015093] [Swag]çˆ†ç‚¸trapè¯´å”±&#32;&#36;&#36;&#36; (1124/1170) has 177 songs.
INFO:[DataPipeline]:PlayList: [973536538] åä¸€é¦–æ­Œè®©ä½ è®¤è¯†è¯´å”±ä¹‹ç¥ï¼šEminem (1125/1170) has 10 songs.
INFO:[DataPipeline]:PlayList: [1721665937] æ— æ•Œå¥½å¬çš„è¯´å”± (1126/1170) has 280 songs.
INFO:[DataPipeline]:PlayList: [2332490012] æ—©ï¼Œç»™èˆŒå¤´çƒ­ä¸ªèº«ï¼è¯´å”±èµ°èµ·ï¼ (1127/1170) has 21 songs.
INFO:[DataPipeline]:PlayList: [3006069160] ã€”éä¸»æµã€•å¿§éƒè¯´å”±ç³»åˆ— (1128/1170) has 165 songs.
INFO:[DataPipeline]:PlayList: [700335604] ç¥çº§è¯´å”±ï¼ŒçœŸæ­£å®åŠ›æ´¾ (1129/1170) has 11 songs.
INFO:[DataPipeline]:Sleep for: 78
INFO:[DataPipeline]:PlayList: [984465831] ç‚«é…·æ½®æµ&#32;&#32;è¯´å”±ç²¾å“ (1130/1170) has 10 songs.
INFO:[DataPipeline]:PlayList: [2801616078] è¯´å”±çš„ç‹‚æƒ³ (1131/1170) has 23 songs.
INFO:[DataPipeline]:PlayList: [2033476314] å–Šéº¦å¦ç±»è¯´å”± (1132/1170) has 84 songs.
INFO:[DataPipeline]:PlayList: [13210740] ä¸­å›½è¯´å”±&#32; (1133/1170) has 8 songs.
INFO:[DataPipeline]:PlayList: [3108095608] æ´»åŠ›è¯´å”± (1134/1170) has 9 songs.
INFO:[DataPipeline]:PlayList: [2665619716] ã€Œä¸­æ–‡è¯´å”±ã€æ­Œè¯èµ°å¿ƒçš„åœ°ä¸‹Rap (1135/1170) has 297 songs.
INFO:[DataPipeline]:PlayList: [2790672908] é‚£äº›è®©äººå—¨åˆ°åè¡€çš„è‹±æ–‡è¯´å”± (1136/1170) has 24 songs.
INFO:[DataPipeline]:PlayList: [40342612] å¦ç±»è¯´å”±å¼€åˆ›æ–°é£èŒƒ (1137/1170) has 11 songs.
INFO:[DataPipeline]:PlayList: [17539607] è¯´å”±&#32;ä¹Ÿæ˜¯ä¸€ç§å¾ˆç¾çš„éŸ³ä¹ (1138/1170) has 9 songs.
INFO:[DataPipeline]:PlayList: [17571235] æµ“æƒ…èŠ‚å¥&#32;å…±äº«å¼‚åŸŸè¯´å”± (1139/1170) has 10 songs.
INFO:[DataPipeline]:Sleep for: 118
INFO:[DataPipeline]:PlayList: [2648994911] ä¸­æ–‡è¯´å”±å€¼å¾—éª„å‚²&#40;æŒç»­æ›´æ–°&#41; (1140/1170) has 456 songs.
INFO:[DataPipeline]:PlayList: [30014905] Rap&#32;Rapper&#32;è¯´å”±ä¸è°å…±é¸£ (1141/1170) has 8 songs.
INFO:[DataPipeline]:PlayList: [28024740] R&#38;Bç”·å¥³è¯´å”±&#32;&#32;ä¸è¡°é€€çš„è¯é¢˜ (1142/1170) has 8 songs.
INFO:[DataPipeline]:PlayList: [18280369] ç®€å•çš„è¯´å”±&#32;My&#32;love (1143/1170) has 8 songs.
INFO:[DataPipeline]:PlayList: [11612208] éä¸»æµ&#32;ä¼¤æ„Ÿè¯´å”±éŸ³ä¹Â° (1144/1170) has 16 songs.
INFO:[DataPipeline]:PlayList: [1633585148] ä¸­å›½è¯´å”±&#32;æ­¢æ­¥çˆ±æƒ… (1145/1170) has 6 songs.
INFO:[DataPipeline]:PlayList: [3519059486] ä¸­æ–‡è¯´å”±åˆ¶ç‡¥&#46; (1146/1170) has 259 songs.
INFO:[DataPipeline]:PlayList: [26523371] æŠ’æƒ…è¯´å”±&#32;è¿·ç¦»éŸ³ç¬¦&#32;çµé­‚å°è®° (1147/1170) has 6 songs.
INFO:[DataPipeline]:PlayList: [17770062] ç½‘å’¯è¯´å”±&#32;æµ…æµ…ä¾µå…¥å¿ƒå°– (1148/1170) has 7 songs.
INFO:[DataPipeline]:PlayList: [18927236] è†å¬&#32;æŸ”&#32;ç¾&#32;å‡€&#32;æ‚²&#32;é˜é‡Šé’¢ç´è¯´å”±&#32; (1149/1170) has 5 songs.
INFO:[DataPipeline]:Sleep for: 166
INFO:[DataPipeline]:PlayList: [31782459] åæ­£è¯´å”±&#32;&#32;&#32;&#32;&#32;&#32;&#32;&#32;&#32;&#32;&#32;&#32;éšä¾¿åè¯­é¥¶èˆŒ (1150/1170) has 6 songs.
INFO:[DataPipeline]:PlayList: [18242369] ç®€å•çš„è¯´å”±&#32;ç®€å•çš„éŸ³ä¹ (1151/1170) has 7 songs.
INFO:[DataPipeline]:PlayList: [23091486] è¯´å”±RAP&#32;&#32;èŠ‚å¥åˆ¶é€ ä¸åŒçš„æ‘‡æ‘†é£èŒƒ (1152/1170) has 11 songs.
INFO:[DataPipeline]:PlayList: [2502407642] å¸¦æ„Ÿåˆå¸¦èŠ‚å¥çš„æ¬§ç¾è¯´å”± (1153/1170) has 11 songs.
INFO:[DataPipeline]:PlayList: [41589653] å‘Šè¯‰æˆ‘ä½ æƒ³è¦çš„&#32;é¥¶èˆŒè¯´å”±è¾‘ (1154/1170) has 9 songs.
INFO:[DataPipeline]:PlayList: [27898950] é‡Šæ”¾å‡ºç–¯å…‹çš„ç¿»é—¹åŠ›é‡&#32;è¯´å”±é‡‘å±è¾‘ (1155/1170) has 8 songs.
INFO:[DataPipeline]:PlayList: [19899521] è¯´å”±å¼•é¢†&#32;æ¸©æŸ”ç”·å£° (1156/1170) has 2 songs.
INFO:[DataPipeline]:PlayList: [2510674262] æˆ‘ä»¬éƒ½æ˜¯è¯´å”±çš„ç¥ç»å¤§æ¡ (1157/1170) has 8 songs.
INFO:[DataPipeline]:PlayList: [41567659] è¯´å”±æ¼”ç»å¿§ä¼¤&#32;è†å¬åŠ¨æ„Ÿâ…  (1158/1170) has 7 songs.
INFO:[DataPipeline]:PlayList: [18699934] è½»å¿«æ—‹å¾‹&#32;è¯´å”±é­…åŠ› (1159/1170) has 8 songs.
INFO:[DataPipeline]:Sleep for: 101
INFO:[DataPipeline]:PlayList: [17001124] å–Šå«å‡ºæƒ…ç»ªçš„æ²¸è…¾ä¹‹è¯´å”±é‡‘å±ä¹ (1160/1170) has 8 songs.
INFO:[DataPipeline]:PlayList: [22783930] å¿§ä¼¤æ—‹å¾‹&#32;&#32;éŸ©å¼è¯´å”± (1161/1170) has 5 songs.
INFO:[DataPipeline]:PlayList: [41416653] ä¼—ç¥ä¹‹èˆ&#32;é‡å£å‘³èˆæ›²è¯´å”± (1162/1170) has 9 songs.
INFO:[DataPipeline]:PlayList: [41540653] èˆæ›²èˆè¿å‘&#32;è¯´å”±é¢†è¢–å®£è¨€ (1163/1170) has 9 songs.
INFO:[DataPipeline]:PlayList: [39672717] å¿§ä¼¤è¯´å”±&#32;&#32;&#32;å­¤ç‹¬æ‚£è€…çš„å‘“è¯­ (1164/1170) has 7 songs.
INFO:[DataPipeline]:PlayList: [19964235] æ¬§éŸ©è¯´å”±&#32;æŠ˜å°„åœ¨é˜³å…‰çš„è®°å¿†ä¸­ (1165/1170) has 10 songs.
INFO:[DataPipeline]:PlayList: [18729202] æ¬§ç¾å˜»å“ˆè¯´å”±ç²¾é€‰ (1166/1170) has 7 songs.
INFO:[DataPipeline]:PlayList: [19167848] é™å¬å¿§ä¼¤è¯´å”±&#32;æ¸—å…¥éª¨é«“&#32;ç›´è¾¾å¿ƒè„ (1167/1170) has 2 songs.
INFO:[DataPipeline]:PlayList: [18978032] é’¢ç´è¯´å”±&#32;æ—§æ—¶å…‰ä½ æ˜¯ä¸ªç¾äººå„¿ (1168/1170) has 7 songs.
INFO:[DataPipeline]:PlayList: [16490086] åè¯­è¯´å”±çš„æ—‹å¾‹&#32; (1169/1170) has 7 songs.
INFO:[DataPipeline]:Sleep for: 115
Triggering a new build of [8mha:////4MSYvHexdGzKeCFjxmTntmAkYPoEAx0a5rHf8zi72f0+AAAAnB+LCAAAAAAAAP9b85aBtbiIQTGjNKU4P08vOT+vOD8nVc83PyU1x6OyILUoJzMv2y+/JJUBAhiZGBgqihhk0NSjKDWzXb3RdlLBUSYGJk8GtpzUvPSSDB8G5tKinBIGIZ+sxLJE/ZzEvHT94JKizLx0a6BxUmjGOUNodHsLgAyuEgYB/az8JP2UxJJE3dz8stQifQBBPgocxQAAAA==[0mdata-mover
Finished: SUCCESS
