Started by user [8mha:////4AvbKtqCpWGC4/9vlaAOyQD+y56HOfLOpPpkD7K9YRsAAAAAlx+LCAAAAAAAAP9b85aBtbiIQTGjNKU4P08vOT+vOD8nVc83PyU1x6OyILUoJzMv2y+/JJUBAhiZGBgqihhk0NSjKDWzXb3RdlLBUSYGJk8GtpzUvPSSDB8G5tKinBIGIZ+sxLJE/ZzEvHT94JKizLx0a6BxUmjGOUNodHsLgAzWEgZu/dLi1CL9xJTczDwAj6GcLcAAAAA=[0madmin
Running as SYSTEM
Building in workspace /var/root/.jenkins/workspace/data_by_tag
using credential root
Cloning the remote Git repository
Cloning repository git@github.com:kirinisland/datapipe.git
 > git init /var/root/.jenkins/workspace/data_by_tag # timeout=10
Fetching upstream changes from git@github.com:kirinisland/datapipe.git
 > git --version # timeout=10
using GIT_SSH to set credentials 
 > git fetch --tags --force --progress -- git@github.com:kirinisland/datapipe.git +refs/heads/*:refs/remotes/origin/* # timeout=10
 > git config remote.origin.url git@github.com:kirinisland/datapipe.git # timeout=10
 > git config --add remote.origin.fetch +refs/heads/*:refs/remotes/origin/* # timeout=10
 > git config remote.origin.url git@github.com:kirinisland/datapipe.git # timeout=10
Fetching upstream changes from git@github.com:kirinisland/datapipe.git
using GIT_SSH to set credentials 
 > git fetch --tags --force --progress -- git@github.com:kirinisland/datapipe.git +refs/heads/*:refs/remotes/origin/* # timeout=10
 > git rev-parse refs/remotes/origin/master^{commit} # timeout=10
 > git rev-parse refs/remotes/origin/origin/master^{commit} # timeout=10
Checking out Revision 8862dc0b93faeb24f71cee4ff5c950ac2bc56c56 (refs/remotes/origin/master)
 > git config core.sparsecheckout # timeout=10
 > git checkout -f 8862dc0b93faeb24f71cee4ff5c950ac2bc56c56 # timeout=10
Commit message: "update log"
 > git rev-list --no-walk 8862dc0b93faeb24f71cee4ff5c950ac2bc56c56 # timeout=10
[data_by_tag] $ /bin/sh -xe /var/folders/zz/zyxvpxvq6csfxvn_n0000000000000/T/jenkins2345884530331520572.sh
++ date +%Y%m%d
+ date_str=20200727
+ python3 runner_qq.py --method by_tag --tag 6 --output-suffix tag_english --dump-raw 1 --dump-seg 0 --proxy
INFO:[DataPipeline]:Processing tag : QQMusicTag.english
INFO:[DataPipeline]:Total playlists found about tag: [<QQMusicTag.english: (' è‹±è¯­', 167)>]: 51
INFO:[DataPipeline]:PlayList: [7092582133] ç”µå­æ¢¦å¢ƒï¼Œè®©Dropç‚¹ç‡ƒçµé­‚ (0/51) has 83 songs.
INFO:[DataPipeline]:PlayList: [7087298637] å‡æ—¥æ´¾å¯¹ï½œæ¬§ç¾æ¸…å‡‰å°è°ƒ (1/51) has 33 songs.
INFO:[DataPipeline]:PlayList: [7085583499] æš®è‰²ä¼¼æ°´ï¼Œæ€å¿µæˆæµ· (2/51) has 28 songs.
INFO:[DataPipeline]:PlayList: [7086008336] æ¬é™è‹±æ–‡ï½œæ…µæ‡’çš„åˆå æ¸©æŸ”ä¼¼æµ·é£ (3/51) has 33 songs.
INFO:[DataPipeline]:PlayList: [7084030804] æ²»æ„ˆæ‘‡æ»š | æ²¡æœ‰æš´èºï¼Œåªæœ‰æ¸©æŸ” (4/51) has 38 songs.
INFO:[DataPipeline]:PlayList: [7086014743] çˆµå£«æŸ”æƒ…ï¼šä½ æˆ‘æ°¤æ°²æ¼«èˆ (5/51) has 26 songs.
INFO:[DataPipeline]:PlayList: [6675994191] ç¦æ­¢æƒ³è±¡ Â· è€³æœºé‡Œçš„ä¸‡ç§é£æƒ… (6/51) has 32 songs.
INFO:[DataPipeline]:PlayList: [5109267378] ä¸‹ç­æœ€æ¥åŠ² (7/51) has 36 songs.
INFO:[DataPipeline]:PlayList: [6914150646] ä½ å¥½æŠ«å¤´å£« (8/51) has 30 songs.
INFO:[DataPipeline]:PlayList: [7060897744] ç”µéŸ³å®£æ³„ãƒ»å¯»å›å†…å¿ƒç¼ºå¤±çš„å®‰å® (9/51) has 35 songs.
INFO:[DataPipeline]:Sleep for: 132
INFO:[DataPipeline]:PlayList: [7061099463] å¿—æ„¿å¡«æŠ¥ingï¼šæ€€æ£å¸Œæœ›å¾å¾å‰è¡Œ (10/51) has 26 songs.
INFO:[DataPipeline]:PlayList: [7107159327] ç¡å‰æ²»æ„ˆï¼šå°çŒªä½©å¥‡ä¸ºä½ å”±æ™šå®‰æ›² (11/51) has 59 songs.
INFO:[DataPipeline]:PlayList: [7058795239] æ´—æ‰çƒ¦æ¼ï¼ æ²æµ´æ“æ¾¡æ›´å¸¦æ„Ÿ (12/51) has 29 songs.
INFO:[DataPipeline]:PlayList: [7050345693] Gabberï¼šä»é£é¡åˆ°æ¶ˆé€ (13/51) has 25 songs.
INFO:[DataPipeline]:PlayList: [7052818442] æ¸…æ™¨å…ƒæ°”å¼¹ Â· çŒªçŒªå¥³å­©èµ·åºŠé“ƒ (14/51) has 22 songs.
INFO:[DataPipeline]:PlayList: [7096606332] å·´å¡”æœ¨ï¼šå„¿æ­Œ+åŠ¨ç”»ï¼Œè‹±è¯­è½»æ¾å­¦ (15/51) has 56 songs.
--- Logging error ---
Traceback (most recent call last):
  File "/Library/Python/3.7/site-packages/urllib3/connectionpool.py", line 662, in urlopen
    self._prepare_proxy(conn)
  File "/Library/Python/3.7/site-packages/urllib3/connectionpool.py", line 948, in _prepare_proxy
    conn.connect()
  File "/Library/Python/3.7/site-packages/urllib3/connection.py", line 360, in connect
    ssl_context=context,
  File "/Library/Python/3.7/site-packages/urllib3/util/ssl_.py", line 370, in ssl_wrap_socket
    return context.wrap_socket(sock, server_hostname=server_hostname)
  File "/Applications/Xcode.app/Contents/Developer/Library/Frameworks/Python3.framework/Versions/3.7/lib/python3.7/ssl.py", line 412, in wrap_socket
    session=session
  File "/Applications/Xcode.app/Contents/Developer/Library/Frameworks/Python3.framework/Versions/3.7/lib/python3.7/ssl.py", line 853, in _create
    self.do_handshake()
  File "/Applications/Xcode.app/Contents/Developer/Library/Frameworks/Python3.framework/Versions/3.7/lib/python3.7/ssl.py", line 1117, in do_handshake
    self._sslobj.do_handshake()
socket.timeout: _ssl.c:1039: The handshake operation timed out

During handling of the above exception, another exception occurred:

Traceback (most recent call last):
  File "/Library/Python/3.7/site-packages/requests/adapters.py", line 449, in send
    timeout=timeout
  File "/Library/Python/3.7/site-packages/urllib3/connectionpool.py", line 720, in urlopen
    method, url, error=e, _pool=self, _stacktrace=sys.exc_info()[2]
  File "/Library/Python/3.7/site-packages/urllib3/util/retry.py", line 436, in increment
    raise MaxRetryError(_pool, url, error or ResponseError(cause))
urllib3.exceptions.MaxRetryError: HTTPSConnectionPool(host='c.y.qq.com', port=443): Max retries exceeded with url: /lyric/fcgi-bin/fcg_query_lyric.fcg?g_tk=5381&format=json&inCharset=utf-8&outCharset=utf-8&platform=h5&needNewCode=1&nobase64=1&musicid=201942955&_=1513437581324 (Caused by ProxyError('Cannot connect to proxy.', timeout('_ssl.c:1039: The handshake operation timed out')))

During handling of the above exception, another exception occurred:

Traceback (most recent call last):
  File "runner_qq.py", line 58, in process_playlist
    lyric = api.get_song_lyric(song.id)
  File "/private/var/root/.jenkins/workspace/data_by_tag/dao/qq_api.py", line 43, in get_song_lyric
    raw_text = self.fetch_raw(url)
  File "/private/var/root/.jenkins/workspace/data_by_tag/dao/base_api.py", line 34, in fetch_raw
    verify=False)
  File "/Library/Python/3.7/site-packages/requests/api.py", line 75, in get
    return request('get', url, params=params, **kwargs)
  File "/Library/Python/3.7/site-packages/requests/api.py", line 60, in request
    return session.request(method=method, url=url, **kwargs)
  File "/Library/Python/3.7/site-packages/requests/sessions.py", line 533, in request
    resp = self.send(prep, **send_kwargs)
  File "/Library/Python/3.7/site-packages/requests/sessions.py", line 646, in send
    r = adapter.send(request, **kwargs)
  File "/Library/Python/3.7/site-packages/requests/adapters.py", line 510, in send
    raise ProxyError(e, request=request)
requests.exceptions.ProxyError: HTTPSConnectionPool(host='c.y.qq.com', port=443): Max retries exceeded with url: /lyric/fcgi-bin/fcg_query_lyric.fcg?g_tk=5381&format=json&inCharset=utf-8&outCharset=utf-8&platform=h5&needNewCode=1&nobase64=1&musicid=201942955&_=1513437581324 (Caused by ProxyError('Cannot connect to proxy.', timeout('_ssl.c:1039: The handshake operation timed out')))

During handling of the above exception, another exception occurred:

Traceback (most recent call last):
  File "/Applications/Xcode.app/Contents/Developer/Library/Frameworks/Python3.framework/Versions/3.7/lib/python3.7/logging/__init__.py", line 1034, in emit
    msg = self.format(record)
  File "/Applications/Xcode.app/Contents/Developer/Library/Frameworks/Python3.framework/Versions/3.7/lib/python3.7/logging/__init__.py", line 880, in format
    return fmt.format(record)
  File "/Applications/Xcode.app/Contents/Developer/Library/Frameworks/Python3.framework/Versions/3.7/lib/python3.7/logging/__init__.py", line 619, in format
    record.message = record.getMessage()
  File "/Applications/Xcode.app/Contents/Developer/Library/Frameworks/Python3.framework/Versions/3.7/lib/python3.7/logging/__init__.py", line 380, in getMessage
    msg = msg % self.args
TypeError: not all arguments converted during string formatting
Call stack:
  File "runner_qq.py", line 158, in <module>
    main()
  File "runner_qq.py", line 154, in main
    args.proxy, logger, args.dump_raw, args.dump_seg)
  File "runner_qq.py", line 68, in process_playlist
    logger.error("Exception in processing songs: ", err)
Message: 'Exception in processing songs: '
Arguments: (ProxyError(MaxRetryError("HTTPSConnectionPool(host='c.y.qq.com', port=443): Max retries exceeded with url: /lyric/fcgi-bin/fcg_query_lyric.fcg?g_tk=5381&format=json&inCharset=utf-8&outCharset=utf-8&platform=h5&needNewCode=1&nobase64=1&musicid=201942955&_=1513437581324 (Caused by ProxyError('Cannot connect to proxy.', timeout('_ssl.c:1039: The handshake operation timed out')))")),)
--- Logging error ---
Traceback (most recent call last):
  File "/Library/Python/3.7/site-packages/urllib3/connectionpool.py", line 662, in urlopen
    self._prepare_proxy(conn)
  File "/Library/Python/3.7/site-packages/urllib3/connectionpool.py", line 948, in _prepare_proxy
    conn.connect()
  File "/Library/Python/3.7/site-packages/urllib3/connection.py", line 360, in connect
    ssl_context=context,
  File "/Library/Python/3.7/site-packages/urllib3/util/ssl_.py", line 370, in ssl_wrap_socket
    return context.wrap_socket(sock, server_hostname=server_hostname)
  File "/Applications/Xcode.app/Contents/Developer/Library/Frameworks/Python3.framework/Versions/3.7/lib/python3.7/ssl.py", line 412, in wrap_socket
    session=session
  File "/Applications/Xcode.app/Contents/Developer/Library/Frameworks/Python3.framework/Versions/3.7/lib/python3.7/ssl.py", line 853, in _create
    self.do_handshake()
  File "/Applications/Xcode.app/Contents/Developer/Library/Frameworks/Python3.framework/Versions/3.7/lib/python3.7/ssl.py", line 1117, in do_handshake
    self._sslobj.do_handshake()
socket.timeout: _ssl.c:1039: The handshake operation timed out

During handling of the above exception, another exception occurred:

Traceback (most recent call last):
  File "/Library/Python/3.7/site-packages/requests/adapters.py", line 449, in send
    timeout=timeout
  File "/Library/Python/3.7/site-packages/urllib3/connectionpool.py", line 720, in urlopen
    method, url, error=e, _pool=self, _stacktrace=sys.exc_info()[2]
  File "/Library/Python/3.7/site-packages/urllib3/util/retry.py", line 436, in increment
    raise MaxRetryError(_pool, url, error or ResponseError(cause))
urllib3.exceptions.MaxRetryError: HTTPSConnectionPool(host='c.y.qq.com', port=443): Max retries exceeded with url: /lyric/fcgi-bin/fcg_query_lyric.fcg?g_tk=5381&format=json&inCharset=utf-8&outCharset=utf-8&platform=h5&needNewCode=1&nobase64=1&musicid=201942941&_=1513437581324 (Caused by ProxyError('Cannot connect to proxy.', timeout('_ssl.c:1039: The handshake operation timed out')))

During handling of the above exception, another exception occurred:

Traceback (most recent call last):
  File "runner_qq.py", line 58, in process_playlist
    lyric = api.get_song_lyric(song.id)
  File "/private/var/root/.jenkins/workspace/data_by_tag/dao/qq_api.py", line 43, in get_song_lyric
    raw_text = self.fetch_raw(url)
  File "/private/var/root/.jenkins/workspace/data_by_tag/dao/base_api.py", line 34, in fetch_raw
    verify=False)
  File "/Library/Python/3.7/site-packages/requests/api.py", line 75, in get
    return request('get', url, params=params, **kwargs)
  File "/Library/Python/3.7/site-packages/requests/api.py", line 60, in request
    return session.request(method=method, url=url, **kwargs)
  File "/Library/Python/3.7/site-packages/requests/sessions.py", line 533, in request
    resp = self.send(prep, **send_kwargs)
  File "/Library/Python/3.7/site-packages/requests/sessions.py", line 646, in send
    r = adapter.send(request, **kwargs)
  File "/Library/Python/3.7/site-packages/requests/adapters.py", line 510, in send
    raise ProxyError(e, request=request)
requests.exceptions.ProxyError: HTTPSConnectionPool(host='c.y.qq.com', port=443): Max retries exceeded with url: /lyric/fcgi-bin/fcg_query_lyric.fcg?g_tk=5381&format=json&inCharset=utf-8&outCharset=utf-8&platform=h5&needNewCode=1&nobase64=1&musicid=201942941&_=1513437581324 (Caused by ProxyError('Cannot connect to proxy.', timeout('_ssl.c:1039: The handshake operation timed out')))

During handling of the above exception, another exception occurred:

Traceback (most recent call last):
  File "/Applications/Xcode.app/Contents/Developer/Library/Frameworks/Python3.framework/Versions/3.7/lib/python3.7/logging/__init__.py", line 1034, in emit
    msg = self.format(record)
  File "/Applications/Xcode.app/Contents/Developer/Library/Frameworks/Python3.framework/Versions/3.7/lib/python3.7/logging/__init__.py", line 880, in format
    return fmt.format(record)
  File "/Applications/Xcode.app/Contents/Developer/Library/Frameworks/Python3.framework/Versions/3.7/lib/python3.7/logging/__init__.py", line 619, in format
    record.message = record.getMessage()
  File "/Applications/Xcode.app/Contents/Developer/Library/Frameworks/Python3.framework/Versions/3.7/lib/python3.7/logging/__init__.py", line 380, in getMessage
    msg = msg % self.args
TypeError: not all arguments converted during string formatting
Call stack:
  File "runner_qq.py", line 158, in <module>
    main()
  File "runner_qq.py", line 154, in main
    args.proxy, logger, args.dump_raw, args.dump_seg)
  File "runner_qq.py", line 68, in process_playlist
    logger.error("Exception in processing songs: ", err)
Message: 'Exception in processing songs: '
Arguments: (ProxyError(MaxRetryError("HTTPSConnectionPool(host='c.y.qq.com', port=443): Max retries exceeded with url: /lyric/fcgi-bin/fcg_query_lyric.fcg?g_tk=5381&format=json&inCharset=utf-8&outCharset=utf-8&platform=h5&needNewCode=1&nobase64=1&musicid=201942941&_=1513437581324 (Caused by ProxyError('Cannot connect to proxy.', timeout('_ssl.c:1039: The handshake operation timed out')))")),)
INFO:[DataPipeline]:PlayList: [7052301413] Glitch Hopï¼šæ•…éšœç¾å­¦ (16/51) has 55 songs.
INFO:[DataPipeline]:PlayList: [7051781002] è½æ—¥ä½™æ™– Â· æ‚¦äº«èˆ’é€‚æ°‘è°£ (17/51) has 26 songs.
INFO:[DataPipeline]:PlayList: [7039483266] å°ä¼—ä½†ä»¤äººæ„‰æ‚¦çš„å›½äººè‹±æ–‡æ­Œ (18/51) has 34 songs.
INFO:[DataPipeline]:PlayList: [3948869431] ç¼–è¾‘æ¨èï¼šç»å…¸æ°‘è°£ (19/51) has 82 songs.
INFO:[DataPipeline]:Sleep for: 95
INFO:[DataPipeline]:PlayList: [7046927214] Hardcore: é»‘æš—æ²‰æµ¸çš„æè‡´å¿«æ„Ÿ (20/51) has 52 songs.
INFO:[DataPipeline]:PlayList: [7048898404] å†ä¸å»å¥èº«ï¼Œå¥èº«å¡è¦è¿‡æœŸå•¦ (21/51) has 25 songs.
INFO:[DataPipeline]:PlayList: [7024329293] æ¬§ç¾Remixï¼šç»™æ›²åº“åŠ ç‚¹æ–™ (22/51) has 142 songs.
INFO:[DataPipeline]:PlayList: [7048708076] ç»å¦™å¥³å£°ï¼š ä¸‡ç‰©çš†ç”œ (23/51) has 146 songs.
INFO:[DataPipeline]:PlayList: [7046669110] ä¼˜è´¨æ¬§ç¾ç”·å£°ï¼Œè½»æ¾ä¿˜è·ä½ å¿ƒ (24/51) has 28 songs.
INFO:[DataPipeline]:PlayList: [7051256059] æ¬§ç¾æ‘‡æ»š | é€ä½ ä¸€å°è·³èˆæœº (25/51) has 23 songs.
INFO:[DataPipeline]:PlayList: [7059920058] Uplifting Trance Â· å¼‚åº¦å†¥æƒ³ (26/51) has 32 songs.
INFO:[DataPipeline]:PlayList: [5109263873] çƒ­æµªç”µéŸ³ (27/51) has 35 songs.
INFO:[DataPipeline]:PlayList: [7047402274] ã€WWEç²¾é€‰ã€‘çƒ­è¡€å¾ç¨‹å†åº¦æ‰¬å¸† (28/51) has 50 songs.
INFO:[DataPipeline]:PlayList: [7041169329] Country music Â· å‡æ—¥äºŒäººä¸–ç•Œ (29/51) has 22 songs.
INFO:[DataPipeline]:Sleep for: 171
INFO:[DataPipeline]:PlayList: [7050017336] èŠ¬å…°é‡‘å±ä¹ï¼šç‹‚é‡è€Œå…¸é›… (30/51) has 33 songs.
INFO:[DataPipeline]:PlayList: [7085217895] ç¾å‰§ã€Šå±æœºè¾¹ç¼˜ã€‹åŸå£°æ’æ›²åˆé›† (31/51) has 34 songs.
INFO:[DataPipeline]:PlayList: [7055881964] Future Bass Â· æœªæ¥ä¹‹éŸ³ (32/51) has 70 songs.
--- Logging error ---
Traceback (most recent call last):
  File "/Library/Python/3.7/site-packages/urllib3/connectionpool.py", line 662, in urlopen
    self._prepare_proxy(conn)
  File "/Library/Python/3.7/site-packages/urllib3/connectionpool.py", line 948, in _prepare_proxy
    conn.connect()
  File "/Library/Python/3.7/site-packages/urllib3/connection.py", line 360, in connect
    ssl_context=context,
  File "/Library/Python/3.7/site-packages/urllib3/util/ssl_.py", line 370, in ssl_wrap_socket
    return context.wrap_socket(sock, server_hostname=server_hostname)
  File "/Applications/Xcode.app/Contents/Developer/Library/Frameworks/Python3.framework/Versions/3.7/lib/python3.7/ssl.py", line 412, in wrap_socket
    session=session
  File "/Applications/Xcode.app/Contents/Developer/Library/Frameworks/Python3.framework/Versions/3.7/lib/python3.7/ssl.py", line 853, in _create
    self.do_handshake()
  File "/Applications/Xcode.app/Contents/Developer/Library/Frameworks/Python3.framework/Versions/3.7/lib/python3.7/ssl.py", line 1117, in do_handshake
    self._sslobj.do_handshake()
ssl.SSLEOFError: EOF occurred in violation of protocol (_ssl.c:1056)

During handling of the above exception, another exception occurred:

Traceback (most recent call last):
  File "/Library/Python/3.7/site-packages/requests/adapters.py", line 449, in send
    timeout=timeout
  File "/Library/Python/3.7/site-packages/urllib3/connectionpool.py", line 720, in urlopen
    method, url, error=e, _pool=self, _stacktrace=sys.exc_info()[2]
  File "/Library/Python/3.7/site-packages/urllib3/util/retry.py", line 436, in increment
    raise MaxRetryError(_pool, url, error or ResponseError(cause))
urllib3.exceptions.MaxRetryError: HTTPSConnectionPool(host='c.y.qq.com', port=443): Max retries exceeded with url: /lyric/fcgi-bin/fcg_query_lyric.fcg?g_tk=5381&format=json&inCharset=utf-8&outCharset=utf-8&platform=h5&needNewCode=1&nobase64=1&musicid=109191266&_=1513437581324 (Caused by SSLError(SSLEOFError(8, 'EOF occurred in violation of protocol (_ssl.c:1056)')))

During handling of the above exception, another exception occurred:

Traceback (most recent call last):
  File "runner_qq.py", line 58, in process_playlist
    lyric = api.get_song_lyric(song.id)
  File "/private/var/root/.jenkins/workspace/data_by_tag/dao/qq_api.py", line 43, in get_song_lyric
    raw_text = self.fetch_raw(url)
  File "/private/var/root/.jenkins/workspace/data_by_tag/dao/base_api.py", line 34, in fetch_raw
    verify=False)
  File "/Library/Python/3.7/site-packages/requests/api.py", line 75, in get
    return request('get', url, params=params, **kwargs)
  File "/Library/Python/3.7/site-packages/requests/api.py", line 60, in request
    return session.request(method=method, url=url, **kwargs)
  File "/Library/Python/3.7/site-packages/requests/sessions.py", line 533, in request
    resp = self.send(prep, **send_kwargs)
  File "/Library/Python/3.7/site-packages/requests/sessions.py", line 646, in send
    r = adapter.send(request, **kwargs)
  File "/Library/Python/3.7/site-packages/requests/adapters.py", line 514, in send
    raise SSLError(e, request=request)
requests.exceptions.SSLError: HTTPSConnectionPool(host='c.y.qq.com', port=443): Max retries exceeded with url: /lyric/fcgi-bin/fcg_query_lyric.fcg?g_tk=5381&format=json&inCharset=utf-8&outCharset=utf-8&platform=h5&needNewCode=1&nobase64=1&musicid=109191266&_=1513437581324 (Caused by SSLError(SSLEOFError(8, 'EOF occurred in violation of protocol (_ssl.c:1056)')))

During handling of the above exception, another exception occurred:

Traceback (most recent call last):
  File "/Applications/Xcode.app/Contents/Developer/Library/Frameworks/Python3.framework/Versions/3.7/lib/python3.7/logging/__init__.py", line 1034, in emit
    msg = self.format(record)
  File "/Applications/Xcode.app/Contents/Developer/Library/Frameworks/Python3.framework/Versions/3.7/lib/python3.7/logging/__init__.py", line 880, in format
    return fmt.format(record)
  File "/Applications/Xcode.app/Contents/Developer/Library/Frameworks/Python3.framework/Versions/3.7/lib/python3.7/logging/__init__.py", line 619, in format
    record.message = record.getMessage()
  File "/Applications/Xcode.app/Contents/Developer/Library/Frameworks/Python3.framework/Versions/3.7/lib/python3.7/logging/__init__.py", line 380, in getMessage
    msg = msg % self.args
TypeError: not all arguments converted during string formatting
Call stack:
  File "runner_qq.py", line 158, in <module>
    main()
  File "runner_qq.py", line 154, in main
    args.proxy, logger, args.dump_raw, args.dump_seg)
  File "runner_qq.py", line 68, in process_playlist
    logger.error("Exception in processing songs: ", err)
Message: 'Exception in processing songs: '
Arguments: (SSLError(MaxRetryError("HTTPSConnectionPool(host='c.y.qq.com', port=443): Max retries exceeded with url: /lyric/fcgi-bin/fcg_query_lyric.fcg?g_tk=5381&format=json&inCharset=utf-8&outCharset=utf-8&platform=h5&needNewCode=1&nobase64=1&musicid=109191266&_=1513437581324 (Caused by SSLError(SSLEOFError(8, 'EOF occurred in violation of protocol (_ssl.c:1056)')))")),)
INFO:[DataPipeline]:PlayList: [7027679656] è‹±ä¼¦å…ƒæ°”ä¹‹å£°ï¼šWe Got The Power ! (33/51) has 20 songs.
INFO:[DataPipeline]:PlayList: [7082807272] å°ä¼—æ¬§ç¾ | æ¸…æ™¨çš„ç¬¬ä¸€ç¼•ç¾å¥½ (34/51) has 72 songs.
INFO:[DataPipeline]:PlayList: [6951904993] è‡´ç˜¾ç”µå­ï¼šéœ‡æ’¼å¿ƒçµçš„æƒŠè‰³å—“éŸ³ (35/51) has 126 songs.
INFO:[DataPipeline]:PlayList: [7048891820] å¥³å£°æ‘‡æ»šï¼šå¦ç±»ç‹‚é‡èºåŠ¨ä½ å¿ƒ (36/51) has 28 songs.
INFO:[DataPipeline]:PlayList: [7050093670] Synthwaveï¼šæœªæ¥å¤å¤éŸ³ä¹ç¾å­¦ (37/51) has 45 songs.
INFO:[DataPipeline]:PlayList: [7038078776] æˆ‘æ´—å¤´çš„æ—¶å€™ä¼šç‚¹å¼€è¿™ä¸ªæ­Œå• (38/51) has 37 songs.
INFO:[DataPipeline]:PlayList: [7027581103] æ¬§ç¾R&Bï¼šæ¸©è½¯æ—‹å¾‹ç¼­ç»•è€³è¾¹ (39/51) has 31 songs.
INFO:[DataPipeline]:Sleep for: 67
INFO:[DataPipeline]:PlayList: [7031063906] å‹ç®±å®è—ï¼ æ¬§ç¾ç©ºçµå¥³å£° (40/51) has 28 songs.
INFO:[DataPipeline]:PlayList: [7039837201] Hip Hop:è¡—å¤´æ¶‚é¸¦æ¼”ç»å˜»å“ˆè‰ºæœ¯ (41/51) has 88 songs.
INFO:[DataPipeline]:PlayList: [7014817266] æ¯’æ€§ç”µéŸ³ Â· è‡´å¹»å¥³å—“ (42/51) has 125 songs.
INFO:[DataPipeline]:PlayList: [6929499876] Elysian Records: æ‹æ‰‹å‚ä½œå“åˆé›† (43/51) has 106 songs.
INFO:[DataPipeline]:PlayList: [7055960914] Deep House Â· é™·è½ä½é¢‘å¤©å ‚ (44/51) has 28 songs.
INFO:[DataPipeline]:PlayList: [7061512987] æ¸…çˆ½remix ï¼šå¤æ—¥é€å¿ƒå‡‰ (45/51) has 55 songs.
INFO:[DataPipeline]:PlayList: [7085681191] æ·±å¤œéŸ³â€œè¯â€ï¼š æ¿€æ´»ä½ çš„å­¦ä¹ è„‘ç»†èƒ (46/51) has 72 songs.
INFO:[DataPipeline]:PlayList: [7055774196] Sadcore | å¿§éƒçš„é¡é¡ä¹‹éŸ³ (47/51) has 24 songs.
INFO:[DataPipeline]:PlayList: [7026475859] ç’€ç’¨å¤œç©º Â· å¼•è½æ˜Ÿç…œçš„æ¢¦å¹»ç”µå­ (48/51) has 53 songs.
INFO:[DataPipeline]:PlayList: [7088434129] å·¥ä½œåŠ›Maxï¼šä»»åŠ¡æœªå®Œæˆ‘ä¸èƒ½å€’ï¼ (49/51) has 23 songs.
INFO:[DataPipeline]:Sleep for: 115
INFO:[DataPipeline]:PlayList: [7050203809] é‡‘å±æ‘‡æ»š | ç‹‚é‡å‘å–Šä¸‹çš„ä¸ç¾çµé­‚ (50/51) has 25 songs.
Finished: SUCCESS
